# gunzip -c exp/tri3b_mmi/decode2/depth_stats_tmp.*.gz | steps/diagnostic/analyze_lattice_depth_stats.py exp/tri3b/graph 
# Started at Tue May  7 18:17:51 KST 2019
#
The total amount of data analyzed assuming 100 frames per second is 9.0 hours
Overall, lattice depth (10,50,90-percentile)=(1,1,2) and mean=1.3
Nonsilence phones as a group account for 62.6% of frames, with lattice depth (10,50,90-percentile)=(1,1,1) and mean=1.3
Phone SIL accounts for 37.4% of frames, with lattice depth (10,50,90-percentile)=(1,1,2) and mean=1.4
Phone a_I accounts for 3.5% of frames, with lattice depth (10,50,90-percentile)=(1,1,1) and mean=1.2
Phone NN_E accounts for 2.4% of frames, with lattice depth (10,50,90-percentile)=(1,1,2) and mean=1.4
Phone i_I accounts for 2.3% of frames, with lattice depth (10,50,90-percentile)=(1,1,1) and mean=1.2
Phone a_E accounts for 2.2% of frames, with lattice depth (10,50,90-percentile)=(1,1,2) and mean=1.3
Phone ww_I accounts for 1.8% of frames, with lattice depth (10,50,90-percentile)=(1,1,1) and mean=1.3
Phone v_I accounts for 1.8% of frames, with lattice depth (10,50,90-percentile)=(1,1,1) and mean=1.2
Phone i_E accounts for 1.8% of frames, with lattice depth (10,50,90-percentile)=(1,1,2) and mean=1.4
Phone OO_I accounts for 1.7% of frames, with lattice depth (10,50,90-percentile)=(1,1,1) and mean=1.2
Phone o_I accounts for 1.6% of frames, with lattice depth (10,50,90-percentile)=(1,1,1) and mean=1.2
Phone s_I accounts for 1.6% of frames, with lattice depth (10,50,90-percentile)=(1,1,1) and mean=1.2
Phone g_I accounts for 1.5% of frames, with lattice depth (10,50,90-percentile)=(1,1,1) and mean=1.2
Phone o_E accounts for 1.4% of frames, with lattice depth (10,50,90-percentile)=(1,1,1) and mean=1.2
Phone u_I accounts for 1.3% of frames, with lattice depth (10,50,90-percentile)=(1,1,1) and mean=1.2
Phone NN_I accounts for 1.3% of frames, with lattice depth (10,50,90-percentile)=(1,1,1) and mean=1.1
Phone g_B accounts for 1.2% of frames, with lattice depth (10,50,90-percentile)=(1,1,2) and mean=1.4
Phone n_I accounts for 1.2% of frames, with lattice depth (10,50,90-percentile)=(1,1,1) and mean=1.3
Phone s_B accounts for 1.1% of frames, with lattice depth (10,50,90-percentile)=(1,1,1) and mean=1.3
Phone e_E accounts for 1.1% of frames, with lattice depth (10,50,90-percentile)=(1,1,2) and mean=1.5
Phone r_I accounts for 1.0% of frames, with lattice depth (10,50,90-percentile)=(1,1,1) and mean=1.3
Phone LL_E accounts for 1.0% of frames, with lattice depth (10,50,90-percentile)=(1,1,2) and mean=1.5
Phone j_I accounts for 1.0% of frames, with lattice depth (10,50,90-percentile)=(1,1,1) and mean=1.2
Phone j_B accounts for 0.9% of frames, with lattice depth (10,50,90-percentile)=(1,1,2) and mean=1.3
Phone d_I accounts for 0.9% of frames, with lattice depth (10,50,90-percentile)=(1,1,1) and mean=1.2
Phone yv_I accounts for 0.9% of frames, with lattice depth (10,50,90-percentile)=(1,1,1) and mean=1.2
Phone EE_I accounts for 0.9% of frames, with lattice depth (10,50,90-percentile)=(1,1,1) and mean=1.3
Phone wi_E accounts for 0.8% of frames, with lattice depth (10,50,90-percentile)=(1,1,2) and mean=1.8
Phone LL_I accounts for 0.8% of frames, with lattice depth (10,50,90-percentile)=(1,1,1) and mean=1.2
Phone v_E accounts for 0.8% of frames, with lattice depth (10,50,90-percentile)=(1,1,2) and mean=1.3
Phone TT_I accounts for 0.8% of frames, with lattice depth (10,50,90-percentile)=(1,1,1) and mean=1.2
Phone d1_I accounts for 0.7% of frames, with lattice depth (10,50,90-percentile)=(1,1,2) and mean=1.3
Phone m_I accounts for 0.7% of frames, with lattice depth (10,50,90-percentile)=(1,1,1) and mean=1.3
Phone OO_E accounts for 0.7% of frames, with lattice depth (10,50,90-percentile)=(1,1,1) and mean=1.2
Phone c_I accounts for 0.7% of frames, with lattice depth (10,50,90-percentile)=(1,1,1) and mean=1.1
Phone e_I accounts for 0.7% of frames, with lattice depth (10,50,90-percentile)=(1,1,1) and mean=1.2
Phone t_I accounts for 0.6% of frames, with lattice depth (10,50,90-percentile)=(1,1,1) and mean=1.3
Phone i_B accounts for 0.6% of frames, with lattice depth (10,50,90-percentile)=(1,1,2) and mean=1.5
Phone p_I accounts for 0.6% of frames, with lattice depth (10,50,90-percentile)=(1,1,1) and mean=1.1
Phone g1_I accounts for 0.6% of frames, with lattice depth (10,50,90-percentile)=(1,1,1) and mean=1.3
Phone h_B accounts for 0.5% of frames, with lattice depth (10,50,90-percentile)=(1,1,2) and mean=1.3
Phone k_I accounts for 0.5% of frames, with lattice depth (10,50,90-percentile)=(1,1,1) and mean=1.1
Phone s1_I accounts for 0.5% of frames, with lattice depth (10,50,90-percentile)=(1,1,2) and mean=1.2
Phone MM_I accounts for 0.5% of frames, with lattice depth (10,50,90-percentile)=(1,1,1) and mean=1.2
Phone KK_I accounts for 0.5% of frames, with lattice depth (10,50,90-percentile)=(1,1,1) and mean=1.1
Phone d_B accounts for 0.5% of frames, with lattice depth (10,50,90-percentile)=(1,1,2) and mean=1.5
Phone b_B accounts for 0.5% of frames, with lattice depth (10,50,90-percentile)=(1,1,1) and mean=1.3
# Accounting: time=0 threads=1
# Ended (code 0) at Tue May  7 18:17:51 KST 2019, elapsed time 0 seconds
