# lattice-determinize-pruned --acoustic-scale=0.083333 --beam=4.0 "ark:gunzip -c exp/tri3b_mmi/decode/lat.tmp.6.gz|" ark:- | lattice-to-post --acoustic-scale=0.083333 ark:- ark:- | weight-silence-post 0.01 1:2:3:4:5 exp/tri3b/final.mdl ark:- ark:- | gmm-est-fmllr --fmllr-update-type=full --spk2utt=ark:data/test/split8/6/spk2utt exp/tri3b/final.mdl "ark,s,cs:apply-cmvn  --utt2spk=ark:data/test/split8/6/utt2spk scp:data/test/split8/6/cmvn.scp scp:data/test/split8/6/feats.scp ark:- | splice-feats  ark:- ark:- | transform-feats exp/tri3b_mmi/final.mat ark:- ark:- | transform-feats --utt2spk=ark:data/test/split8/6/utt2spk ark:exp/tri3b_mmi/decode/pre_trans.6 ark:- ark:- |" ark,s,cs:- ark:exp/tri3b_mmi/decode/trans_tmp.6 && compose-transforms --b-is-affine=true ark:exp/tri3b_mmi/decode/trans_tmp.6 ark:exp/tri3b_mmi/decode/pre_trans.6 ark:exp/tri3b_mmi/decode/trans.6 
# Started at Tue May  7 18:08:51 KST 2019
#
gmm-est-fmllr --fmllr-update-type=full --spk2utt=ark:data/test/split8/6/spk2utt exp/tri3b/final.mdl 'ark,s,cs:apply-cmvn  --utt2spk=ark:data/test/split8/6/utt2spk scp:data/test/split8/6/cmvn.scp scp:data/test/split8/6/feats.scp ark:- | splice-feats  ark:- ark:- | transform-feats exp/tri3b_mmi/final.mat ark:- ark:- | transform-feats --utt2spk=ark:data/test/split8/6/utt2spk ark:exp/tri3b_mmi/decode/pre_trans.6 ark:- ark:- |' ark,s,cs:- ark:exp/tri3b_mmi/decode/trans_tmp.6 
lattice-to-post --acoustic-scale=0.083333 ark:- ark:- 
weight-silence-post 0.01 1:2:3:4:5 exp/tri3b/final.mdl ark:- ark:- 
lattice-determinize-pruned --acoustic-scale=0.083333 --beam=4.0 'ark:gunzip -c exp/tri3b_mmi/decode/lat.tmp.6.gz|' ark:- 
apply-cmvn --utt2spk=ark:data/test/split8/6/utt2spk scp:data/test/split8/6/cmvn.scp scp:data/test/split8/6/feats.scp ark:- 
splice-feats ark:- ark:- 
transform-feats exp/tri3b_mmi/final.mat ark:- ark:- 
transform-feats --utt2spk=ark:data/test/split8/6/utt2spk ark:exp/tri3b_mmi/decode/pre_trans.6 ark:- ark:- 
LOG (gmm-est-fmllr[5.5.52-6d919]:ComputeFmllrMatrixDiagGmmFull():fmllr-diag-gmm.cc:262) fMLLR objf improvement is 0.0751877 per frame over 89924.9 frames.
LOG (gmm-est-fmllr[5.5.52-6d919]:main():gmm-est-fmllr.cc:143) For speaker s03f1ccshr01, auxf-impr from fMLLR is 0.0751877, over 89924.9 frames.
LOG (gmm-est-fmllr[5.5.52-6d919]:ComputeFmllrMatrixDiagGmmFull():fmllr-diag-gmm.cc:262) fMLLR objf improvement is 0.193065 per frame over 78029.5 frames.
LOG (gmm-est-fmllr[5.5.52-6d919]:main():gmm-est-fmllr.cc:143) For speaker s03f1jrcjs01, auxf-impr from fMLLR is 0.193065, over 78029.5 frames.
LOG (lattice-determinize-pruned[5.5.52-6d919]:main():lattice-determinize-pruned.cc:159) Average input-lattice depth (measured at at state level) is 7.36875, output depth is 1.21289, over 425724 frames  (average num-frames = 173.059).
LOG (lattice-determinize-pruned[5.5.52-6d919]:main():lattice-determinize-pruned.cc:164) Done 2460 lattices, determinization finished earlier than specified by the beam (or output was empty) on 0 of these.
LOG (lattice-to-post[5.5.52-6d919]:main():lattice-to-post.cc:106) Overall average log-like/frame is -3.73112 over 425724 frames.  Average acoustic like/frame is -3.61753
LOG (lattice-to-post[5.5.52-6d919]:main():lattice-to-post.cc:110) Done 2460 lattices.
LOG (weight-silence-post[5.5.52-6d919]:main():weight-silence-post.cc:95) Done 2460 posteriors.
LOG (apply-cmvn[5.5.52-6d919]:main():apply-cmvn.cc:162) Applied cepstral mean normalization to 2460 utterances, errors on 0
LOG (transform-feats[5.5.52-6d919]:main():transform-feats.cc:158) Overall average [pseudo-]logdet is -92.5347 over 425724 frames.
LOG (transform-feats[5.5.52-6d919]:main():transform-feats.cc:161) Applied transform to 2460 utterances; 0 had errors.
LOG (transform-feats[5.5.52-6d919]:main():transform-feats.cc:158) Overall average logdet is 2.32866 over 425724 frames.
LOG (transform-feats[5.5.52-6d919]:main():transform-feats.cc:161) Applied transform to 2460 utterances; 0 had errors.
LOG (gmm-est-fmllr[5.5.52-6d919]:ComputeFmllrMatrixDiagGmmFull():fmllr-diag-gmm.cc:262) fMLLR objf improvement is 0.037841 per frame over 77719.8 frames.
LOG (gmm-est-fmllr[5.5.52-6d919]:main():gmm-est-fmllr.cc:143) For speaker s03f2ccgsr02, auxf-impr from fMLLR is 0.037841, over 77719.8 frames.
LOG (gmm-est-fmllr[5.5.52-6d919]:main():gmm-est-fmllr.cc:188) Done 2460 files, 0 with no posts, 0 with other errors.
LOG (gmm-est-fmllr[5.5.52-6d919]:main():gmm-est-fmllr.cc:190) Overall fMLLR auxf impr per frame is 0.100812 over 245674 frames.
compose-transforms --b-is-affine=true ark:exp/tri3b_mmi/decode/trans_tmp.6 ark:exp/tri3b_mmi/decode/pre_trans.6 ark:exp/tri3b_mmi/decode/trans.6 
# Accounting: time=19 threads=1
# Ended (code 0) at Tue May  7 18:09:10 KST 2019, elapsed time 19 seconds
