# lattice-determinize-pruned --acoustic-scale=0.083333 --beam=4.0 "ark:gunzip -c exp/tri3b_mmi/decode/lat.tmp.3.gz|" ark:- | lattice-to-post --acoustic-scale=0.083333 ark:- ark:- | weight-silence-post 0.01 1:2:3:4:5 exp/tri3b/final.mdl ark:- ark:- | gmm-est-fmllr --fmllr-update-type=full --spk2utt=ark:data/test/split8/3/spk2utt exp/tri3b/final.mdl "ark,s,cs:apply-cmvn  --utt2spk=ark:data/test/split8/3/utt2spk scp:data/test/split8/3/cmvn.scp scp:data/test/split8/3/feats.scp ark:- | splice-feats  ark:- ark:- | transform-feats exp/tri3b_mmi/final.mat ark:- ark:- | transform-feats --utt2spk=ark:data/test/split8/3/utt2spk ark:exp/tri3b_mmi/decode/pre_trans.3 ark:- ark:- |" ark,s,cs:- ark:exp/tri3b_mmi/decode/trans_tmp.3 && compose-transforms --b-is-affine=true ark:exp/tri3b_mmi/decode/trans_tmp.3 ark:exp/tri3b_mmi/decode/pre_trans.3 ark:exp/tri3b_mmi/decode/trans.3 
# Started at Tue May  7 18:08:51 KST 2019
#
lattice-to-post --acoustic-scale=0.083333 ark:- ark:- 
gmm-est-fmllr --fmllr-update-type=full --spk2utt=ark:data/test/split8/3/spk2utt exp/tri3b/final.mdl 'ark,s,cs:apply-cmvn  --utt2spk=ark:data/test/split8/3/utt2spk scp:data/test/split8/3/cmvn.scp scp:data/test/split8/3/feats.scp ark:- | splice-feats  ark:- ark:- | transform-feats exp/tri3b_mmi/final.mat ark:- ark:- | transform-feats --utt2spk=ark:data/test/split8/3/utt2spk ark:exp/tri3b_mmi/decode/pre_trans.3 ark:- ark:- |' ark,s,cs:- ark:exp/tri3b_mmi/decode/trans_tmp.3 
weight-silence-post 0.01 1:2:3:4:5 exp/tri3b/final.mdl ark:- ark:- 
lattice-determinize-pruned --acoustic-scale=0.083333 --beam=4.0 'ark:gunzip -c exp/tri3b_mmi/decode/lat.tmp.3.gz|' ark:- 
transform-feats --utt2spk=ark:data/test/split8/3/utt2spk ark:exp/tri3b_mmi/decode/pre_trans.3 ark:- ark:- 
transform-feats exp/tri3b_mmi/final.mat ark:- ark:- 
splice-feats ark:- ark:- 
apply-cmvn --utt2spk=ark:data/test/split8/3/utt2spk scp:data/test/split8/3/cmvn.scp scp:data/test/split8/3/feats.scp ark:- 
LOG (gmm-est-fmllr[5.5.52-6d919]:ComputeFmllrMatrixDiagGmmFull():fmllr-diag-gmm.cc:262) fMLLR objf improvement is 0.0581932 per frame over 61903.2 frames.
LOG (gmm-est-fmllr[5.5.52-6d919]:main():gmm-est-fmllr.cc:143) For speaker s01f3kwjsh04, auxf-impr from fMLLR is 0.0581932, over 61903.2 frames.
LOG (gmm-est-fmllr[5.5.52-6d919]:ComputeFmllrMatrixDiagGmmFull():fmllr-diag-gmm.cc:262) fMLLR objf improvement is 0.0593285 per frame over 69164.7 frames.
LOG (gmm-est-fmllr[5.5.52-6d919]:main():gmm-est-fmllr.cc:143) For speaker s01f3sschs01, auxf-impr from fMLLR is 0.0593285, over 69164.7 frames.
LOG (lattice-determinize-pruned[5.5.52-6d919]:main():lattice-determinize-pruned.cc:159) Average input-lattice depth (measured at at state level) is 7.43617, output depth is 1.22045, over 306542 frames  (average num-frames = 168.06).
LOG (lattice-determinize-pruned[5.5.52-6d919]:main():lattice-determinize-pruned.cc:164) Done 1824 lattices, determinization finished earlier than specified by the beam (or output was empty) on 0 of these.
LOG (lattice-to-post[5.5.52-6d919]:main():lattice-to-post.cc:106) Overall average log-like/frame is -3.87584 over 306542 frames.  Average acoustic like/frame is -3.75079
LOG (lattice-to-post[5.5.52-6d919]:main():lattice-to-post.cc:110) Done 1824 lattices.
LOG (weight-silence-post[5.5.52-6d919]:main():weight-silence-post.cc:95) Done 1824 posteriors.
LOG (apply-cmvn[5.5.52-6d919]:main():apply-cmvn.cc:162) Applied cepstral mean normalization to 1824 utterances, errors on 0
LOG (transform-feats[5.5.52-6d919]:main():transform-feats.cc:158) Overall average [pseudo-]logdet is -92.5347 over 306542 frames.
LOG (transform-feats[5.5.52-6d919]:main():transform-feats.cc:161) Applied transform to 1824 utterances; 0 had errors.
LOG (transform-feats[5.5.52-6d919]:main():transform-feats.cc:158) Overall average logdet is 0.95482 over 306542 frames.
LOG (transform-feats[5.5.52-6d919]:main():transform-feats.cc:161) Applied transform to 1824 utterances; 0 had errors.
LOG (gmm-est-fmllr[5.5.52-6d919]:ComputeFmllrMatrixDiagGmmFull():fmllr-diag-gmm.cc:262) fMLLR objf improvement is 0.0396667 per frame over 50138.9 frames.
LOG (gmm-est-fmllr[5.5.52-6d919]:main():gmm-est-fmllr.cc:143) For speaker s01fc3cjy00, auxf-impr from fMLLR is 0.0396667, over 50138.9 frames.
LOG (gmm-est-fmllr[5.5.52-6d919]:main():gmm-est-fmllr.cc:188) Done 1824 files, 0 with no posts, 0 with other errors.
LOG (gmm-est-fmllr[5.5.52-6d919]:main():gmm-est-fmllr.cc:190) Overall fMLLR auxf impr per frame is 0.0535003 over 181207 frames.
compose-transforms --b-is-affine=true ark:exp/tri3b_mmi/decode/trans_tmp.3 ark:exp/tri3b_mmi/decode/pre_trans.3 ark:exp/tri3b_mmi/decode/trans.3 
# Accounting: time=15 threads=1
# Ended (code 0) at Tue May  7 18:09:06 KST 2019, elapsed time 15 seconds
