# gunzip -c exp/tri3b_mmi/decode.si/lat.2.gz | lattice-to-post --acoustic-scale=0.083333 ark:- ark:- | weight-silence-post 0.01 1:2:3:4:5 exp/tri3b/final.alimdl ark:- ark:- | gmm-post-to-gpost exp/tri3b/final.alimdl "ark,s,cs:apply-cmvn  --utt2spk=ark:data/test/split8/2/utt2spk scp:data/test/split8/2/cmvn.scp scp:data/test/split8/2/feats.scp ark:- | splice-feats  ark:- ark:- | transform-feats exp/tri3b_mmi/final.mat ark:- ark:- |" ark:- ark:- | gmm-est-fmllr-gpost --fmllr-update-type=full --spk2utt=ark:data/test/split8/2/spk2utt exp/tri3b/final.mdl "ark,s,cs:apply-cmvn  --utt2spk=ark:data/test/split8/2/utt2spk scp:data/test/split8/2/cmvn.scp scp:data/test/split8/2/feats.scp ark:- | splice-feats  ark:- ark:- | transform-feats exp/tri3b_mmi/final.mat ark:- ark:- |" ark,s,cs:- ark:exp/tri3b_mmi/decode/pre_trans.2 
# Started at Tue May  7 18:01:02 KST 2019
#
gmm-post-to-gpost exp/tri3b/final.alimdl 'ark,s,cs:apply-cmvn  --utt2spk=ark:data/test/split8/2/utt2spk scp:data/test/split8/2/cmvn.scp scp:data/test/split8/2/feats.scp ark:- | splice-feats  ark:- ark:- | transform-feats exp/tri3b_mmi/final.mat ark:- ark:- |' ark:- ark:- 
gmm-est-fmllr-gpost --fmllr-update-type=full --spk2utt=ark:data/test/split8/2/spk2utt exp/tri3b/final.mdl 'ark,s,cs:apply-cmvn  --utt2spk=ark:data/test/split8/2/utt2spk scp:data/test/split8/2/cmvn.scp scp:data/test/split8/2/feats.scp ark:- | splice-feats  ark:- ark:- | transform-feats exp/tri3b_mmi/final.mat ark:- ark:- |' ark,s,cs:- ark:exp/tri3b_mmi/decode/pre_trans.2 
lattice-to-post --acoustic-scale=0.083333 ark:- ark:- 
weight-silence-post 0.01 1:2:3:4:5 exp/tri3b/final.alimdl ark:- ark:- 
splice-feats ark:- ark:- 
transform-feats exp/tri3b_mmi/final.mat ark:- ark:- 
transform-feats exp/tri3b_mmi/final.mat ark:- ark:- 
apply-cmvn --utt2spk=ark:data/test/split8/2/utt2spk scp:data/test/split8/2/cmvn.scp scp:data/test/split8/2/feats.scp ark:- 
splice-feats ark:- ark:- 
apply-cmvn --utt2spk=ark:data/test/split8/2/utt2spk scp:data/test/split8/2/cmvn.scp scp:data/test/split8/2/feats.scp ark:- 
LOG (gmm-est-fmllr-gpost[5.5.52-6d919]:ComputeFmllrMatrixDiagGmmFull():fmllr-diag-gmm.cc:262) fMLLR objf improvement is 5.2863 per frame over 74243.3 frames.
LOG (gmm-est-fmllr-gpost[5.5.52-6d919]:main():gmm-est-fmllr-gpost.cc:141) For speaker s01f1sscuj02, auxf-impr from fMLLR is 5.2863, over 74243.2 frames.
LOG (lattice-to-post[5.5.52-6d919]:main():lattice-to-post.cc:106) Overall average log-like/frame is -3.78725 over 273080 frames.  Average acoustic like/frame is -3.67112
LOG (lattice-to-post[5.5.52-6d919]:main():lattice-to-post.cc:110) Done 1634 lattices.
LOG (weight-silence-post[5.5.52-6d919]:main():weight-silence-post.cc:95) Done 1634 posteriors.
LOG (apply-cmvn[5.5.52-6d919]:main():apply-cmvn.cc:162) Applied cepstral mean normalization to 1634 utterances, errors on 0
LOG (apply-cmvn[5.5.52-6d919]:main():apply-cmvn.cc:162) Applied cepstral mean normalization to 1634 utterances, errors on 0
LOG (transform-feats[5.5.52-6d919]:main():transform-feats.cc:158) Overall average [pseudo-]logdet is -92.5347 over 273080 frames.
LOG (transform-feats[5.5.52-6d919]:main():transform-feats.cc:161) Applied transform to 1634 utterances; 0 had errors.
LOG (gmm-post-to-gpost[5.5.52-6d919]:main():gmm-post-to-gpost.cc:124) Done 1634 files, 0 with no posteriors, 0 with other errors.
LOG (gmm-post-to-gpost[5.5.52-6d919]:main():gmm-post-to-gpost.cc:128) Overall avg like per frame (Gaussian only) = -47.6134 over 143071 frames.
LOG (gmm-post-to-gpost[5.5.52-6d919]:main():gmm-post-to-gpost.cc:131) Done converting post to gpost
LOG (transform-feats[5.5.52-6d919]:main():transform-feats.cc:158) Overall average [pseudo-]logdet is -92.5347 over 273080 frames.
LOG (transform-feats[5.5.52-6d919]:main():transform-feats.cc:161) Applied transform to 1634 utterances; 0 had errors.
LOG (gmm-est-fmllr-gpost[5.5.52-6d919]:ComputeFmllrMatrixDiagGmmFull():fmllr-diag-gmm.cc:262) fMLLR objf improvement is 7.27224 per frame over 68827.4 frames.
LOG (gmm-est-fmllr-gpost[5.5.52-6d919]:main():gmm-est-fmllr-gpost.cc:141) For speaker s01f2ssgmg01, auxf-impr from fMLLR is 7.27224, over 68827.4 frames.
LOG (gmm-est-fmllr-gpost[5.5.52-6d919]:main():gmm-est-fmllr-gpost.cc:186) Done 1634 files, 0 with no gposts, 0 with other errors.
LOG (gmm-est-fmllr-gpost[5.5.52-6d919]:main():gmm-est-fmllr-gpost.cc:188) Overall fMLLR auxf impr per frame is 6.24168 over 143071 frames.
# Accounting: time=11 threads=1
# Ended (code 0) at Tue May  7 18:01:13 KST 2019, elapsed time 11 seconds
