# lattice-determinize-pruned --acoustic-scale=0.083333 --beam=4.0 "ark:gunzip -c exp/tri3b_mmi/decode/lat.tmp.5.gz|" ark:- | lattice-to-post --acoustic-scale=0.083333 ark:- ark:- | weight-silence-post 0.01 1:2:3:4:5 exp/tri3b/final.mdl ark:- ark:- | gmm-est-fmllr --fmllr-update-type=full --spk2utt=ark:data/test/split8/5/spk2utt exp/tri3b/final.mdl "ark,s,cs:apply-cmvn  --utt2spk=ark:data/test/split8/5/utt2spk scp:data/test/split8/5/cmvn.scp scp:data/test/split8/5/feats.scp ark:- | splice-feats  ark:- ark:- | transform-feats exp/tri3b_mmi/final.mat ark:- ark:- | transform-feats --utt2spk=ark:data/test/split8/5/utt2spk ark:exp/tri3b_mmi/decode/pre_trans.5 ark:- ark:- |" ark,s,cs:- ark:exp/tri3b_mmi/decode/trans_tmp.5 && compose-transforms --b-is-affine=true ark:exp/tri3b_mmi/decode/trans_tmp.5 ark:exp/tri3b_mmi/decode/pre_trans.5 ark:exp/tri3b_mmi/decode/trans.5 
# Started at Tue May  7 18:08:51 KST 2019
#
weight-silence-post 0.01 1:2:3:4:5 exp/tri3b/final.mdl ark:- ark:- 
gmm-est-fmllr --fmllr-update-type=full --spk2utt=ark:data/test/split8/5/spk2utt exp/tri3b/final.mdl 'ark,s,cs:apply-cmvn  --utt2spk=ark:data/test/split8/5/utt2spk scp:data/test/split8/5/cmvn.scp scp:data/test/split8/5/feats.scp ark:- | splice-feats  ark:- ark:- | transform-feats exp/tri3b_mmi/final.mat ark:- ark:- | transform-feats --utt2spk=ark:data/test/split8/5/utt2spk ark:exp/tri3b_mmi/decode/pre_trans.5 ark:- ark:- |' ark,s,cs:- ark:exp/tri3b_mmi/decode/trans_tmp.5 
lattice-determinize-pruned --acoustic-scale=0.083333 --beam=4.0 'ark:gunzip -c exp/tri3b_mmi/decode/lat.tmp.5.gz|' ark:- 
lattice-to-post --acoustic-scale=0.083333 ark:- ark:- 
transform-feats --utt2spk=ark:data/test/split8/5/utt2spk ark:exp/tri3b_mmi/decode/pre_trans.5 ark:- ark:- 
splice-feats ark:- ark:- 
transform-feats exp/tri3b_mmi/final.mat ark:- ark:- 
apply-cmvn --utt2spk=ark:data/test/split8/5/utt2spk scp:data/test/split8/5/cmvn.scp scp:data/test/split8/5/feats.scp ark:- 
LOG (gmm-est-fmllr[5.5.52-6d919]:ComputeFmllrMatrixDiagGmmFull():fmllr-diag-gmm.cc:262) fMLLR objf improvement is 0.0345452 per frame over 62939.2 frames.
LOG (gmm-est-fmllr[5.5.52-6d919]:main():gmm-est-fmllr.cc:143) For speaker s01m2ssjsh01, auxf-impr from fMLLR is 0.0345452, over 62939.2 frames.
LOG (gmm-est-fmllr[5.5.52-6d919]:ComputeFmllrMatrixDiagGmmFull():fmllr-diag-gmm.cc:262) fMLLR objf improvement is 0.0739563 per frame over 66249 frames.
LOG (gmm-est-fmllr[5.5.52-6d919]:main():gmm-est-fmllr.cc:143) For speaker s01m3ksmcn01, auxf-impr from fMLLR is 0.0739563, over 66249 frames.
LOG (gmm-est-fmllr[5.5.52-6d919]:ComputeFmllrMatrixDiagGmmFull():fmllr-diag-gmm.cc:262) fMLLR objf improvement is 0.0513007 per frame over 61478.1 frames.
LOG (gmm-est-fmllr[5.5.52-6d919]:main():gmm-est-fmllr.cc:143) For speaker s037m2nhc00, auxf-impr from fMLLR is 0.0513007, over 61478.1 frames.
LOG (lattice-determinize-pruned[5.5.52-6d919]:main():lattice-determinize-pruned.cc:159) Average input-lattice depth (measured at at state level) is 7.08463, output depth is 1.48051, over 425344 frames  (average num-frames = 207.485).
LOG (lattice-determinize-pruned[5.5.52-6d919]:main():lattice-determinize-pruned.cc:164) Done 2050 lattices, determinization finished earlier than specified by the beam (or output was empty) on 0 of these.
LOG (lattice-to-post[5.5.52-6d919]:main():lattice-to-post.cc:106) Overall average log-like/frame is -3.77184 over 425344 frames.  Average acoustic like/frame is -3.64331
LOG (lattice-to-post[5.5.52-6d919]:main():lattice-to-post.cc:110) Done 2050 lattices.
LOG (weight-silence-post[5.5.52-6d919]:main():weight-silence-post.cc:95) Done 2050 posteriors.
LOG (apply-cmvn[5.5.52-6d919]:main():apply-cmvn.cc:162) Applied cepstral mean normalization to 2050 utterances, errors on 0
LOG (transform-feats[5.5.52-6d919]:main():transform-feats.cc:158) Overall average [pseudo-]logdet is -92.5347 over 425344 frames.
LOG (transform-feats[5.5.52-6d919]:main():transform-feats.cc:161) Applied transform to 2050 utterances; 0 had errors.
LOG (transform-feats[5.5.52-6d919]:main():transform-feats.cc:158) Overall average logdet is 2.01155 over 425344 frames.
LOG (transform-feats[5.5.52-6d919]:main():transform-feats.cc:161) Applied transform to 2050 utterances; 0 had errors.
LOG (gmm-est-fmllr[5.5.52-6d919]:ComputeFmllrMatrixDiagGmmFull():fmllr-diag-gmm.cc:262) fMLLR objf improvement is 0.0158715 per frame over 85861.5 frames.
LOG (gmm-est-fmllr[5.5.52-6d919]:main():gmm-est-fmllr.cc:143) For speaker s038m2kts00, auxf-impr from fMLLR is 0.0158715, over 85861.5 frames.
LOG (gmm-est-fmllr[5.5.52-6d919]:main():gmm-est-fmllr.cc:188) Done 2050 files, 0 with no posts, 0 with other errors.
LOG (gmm-est-fmllr[5.5.52-6d919]:main():gmm-est-fmllr.cc:190) Overall fMLLR auxf impr per frame is 0.0419141 over 276528 frames.
compose-transforms --b-is-affine=true ark:exp/tri3b_mmi/decode/trans_tmp.5 ark:exp/tri3b_mmi/decode/pre_trans.5 ark:exp/tri3b_mmi/decode/trans.5 
# Accounting: time=19 threads=1
# Ended (code 0) at Tue May  7 18:09:10 KST 2019, elapsed time 19 seconds
