# gunzip -c exp/tri3b_mmi/decode.si/lat.1.gz | lattice-to-post --acoustic-scale=0.083333 ark:- ark:- | weight-silence-post 0.01 1:2:3:4:5 exp/tri3b/final.alimdl ark:- ark:- | gmm-post-to-gpost exp/tri3b/final.alimdl "ark,s,cs:apply-cmvn  --utt2spk=ark:data/test/split8/1/utt2spk scp:data/test/split8/1/cmvn.scp scp:data/test/split8/1/feats.scp ark:- | splice-feats  ark:- ark:- | transform-feats exp/tri3b_mmi/final.mat ark:- ark:- |" ark:- ark:- | gmm-est-fmllr-gpost --fmllr-update-type=full --spk2utt=ark:data/test/split8/1/spk2utt exp/tri3b/final.mdl "ark,s,cs:apply-cmvn  --utt2spk=ark:data/test/split8/1/utt2spk scp:data/test/split8/1/cmvn.scp scp:data/test/split8/1/feats.scp ark:- | splice-feats  ark:- ark:- | transform-feats exp/tri3b_mmi/final.mat ark:- ark:- |" ark,s,cs:- ark:exp/tri3b_mmi/decode/pre_trans.1 
# Started at Tue May  7 18:01:02 KST 2019
#
gmm-post-to-gpost exp/tri3b/final.alimdl 'ark,s,cs:apply-cmvn  --utt2spk=ark:data/test/split8/1/utt2spk scp:data/test/split8/1/cmvn.scp scp:data/test/split8/1/feats.scp ark:- | splice-feats  ark:- ark:- | transform-feats exp/tri3b_mmi/final.mat ark:- ark:- |' ark:- ark:- 
gmm-est-fmllr-gpost --fmllr-update-type=full --spk2utt=ark:data/test/split8/1/spk2utt exp/tri3b/final.mdl 'ark,s,cs:apply-cmvn  --utt2spk=ark:data/test/split8/1/utt2spk scp:data/test/split8/1/cmvn.scp scp:data/test/split8/1/feats.scp ark:- | splice-feats  ark:- ark:- | transform-feats exp/tri3b_mmi/final.mat ark:- ark:- |' ark,s,cs:- ark:exp/tri3b_mmi/decode/pre_trans.1 
lattice-to-post --acoustic-scale=0.083333 ark:- ark:- 
weight-silence-post 0.01 1:2:3:4:5 exp/tri3b/final.alimdl ark:- ark:- 
transform-feats exp/tri3b_mmi/final.mat ark:- ark:- 
splice-feats ark:- ark:- 
transform-feats exp/tri3b_mmi/final.mat ark:- ark:- 
apply-cmvn --utt2spk=ark:data/test/split8/1/utt2spk scp:data/test/split8/1/cmvn.scp scp:data/test/split8/1/feats.scp ark:- 
splice-feats ark:- ark:- 
apply-cmvn --utt2spk=ark:data/test/split8/1/utt2spk scp:data/test/split8/1/cmvn.scp scp:data/test/split8/1/feats.scp ark:- 
LOG (gmm-est-fmllr-gpost[5.5.52-6d919]:ComputeFmllrMatrixDiagGmmFull():fmllr-diag-gmm.cc:262) fMLLR objf improvement is 6.31041 per frame over 80329.9 frames.
LOG (gmm-est-fmllr-gpost[5.5.52-6d919]:main():gmm-est-fmllr-gpost.cc:141) For speaker s001m2syc00_r, auxf-impr from fMLLR is 6.31041, over 80329.9 frames.
LOG (gmm-est-fmllr-gpost[5.5.52-6d919]:ComputeFmllrMatrixDiagGmmFull():fmllr-diag-gmm.cc:262) fMLLR objf improvement is 8.46035 per frame over 84878.2 frames.
LOG (gmm-est-fmllr-gpost[5.5.52-6d919]:main():gmm-est-fmllr-gpost.cc:141) For speaker s005mcc4kjk00, auxf-impr from fMLLR is 8.46035, over 84878.2 frames.
LOG (gmm-est-fmllr-gpost[5.5.52-6d919]:ComputeFmllrMatrixDiagGmmFull():fmllr-diag-gmm.cc:262) fMLLR objf improvement is 6.31145 per frame over 88350.1 frames.
LOG (gmm-est-fmllr-gpost[5.5.52-6d919]:main():gmm-est-fmllr-gpost.cc:141) For speaker s006m2ybh00, auxf-impr from fMLLR is 6.31145, over 88350.1 frames.
LOG (gmm-est-fmllr-gpost[5.5.52-6d919]:ComputeFmllrMatrixDiagGmmFull():fmllr-diag-gmm.cc:262) fMLLR objf improvement is 5.9208 per frame over 64550 frames.
LOG (gmm-est-fmllr-gpost[5.5.52-6d919]:main():gmm-est-fmllr-gpost.cc:141) For speaker s009m2ybs00_r, auxf-impr from fMLLR is 5.9208, over 64550 frames.
LOG (gmm-est-fmllr-gpost[5.5.52-6d919]:ComputeFmllrMatrixDiagGmmFull():fmllr-diag-gmm.cc:262) fMLLR objf improvement is 4.51963 per frame over 93894.7 frames.
LOG (gmm-est-fmllr-gpost[5.5.52-6d919]:main():gmm-est-fmllr-gpost.cc:141) For speaker s010fss3pks01, auxf-impr from fMLLR is 4.51963, over 93894.7 frames.
LOG (gmm-est-fmllr-gpost[5.5.52-6d919]:ComputeFmllrMatrixDiagGmmFull():fmllr-diag-gmm.cc:262) fMLLR objf improvement is 6.39666 per frame over 94355.3 frames.
LOG (gmm-est-fmllr-gpost[5.5.52-6d919]:main():gmm-est-fmllr-gpost.cc:141) For speaker s012m2knk00_r, auxf-impr from fMLLR is 6.39666, over 94355.3 frames.
LOG (lattice-to-post[5.5.52-6d919]:main():lattice-to-post.cc:106) Overall average log-like/frame is -3.97392 over 806182 frames.  Average acoustic like/frame is -3.85361
LOG (lattice-to-post[5.5.52-6d919]:main():lattice-to-post.cc:110) Done 1472 lattices.
LOG (weight-silence-post[5.5.52-6d919]:main():weight-silence-post.cc:95) Done 1472 posteriors.
LOG (apply-cmvn[5.5.52-6d919]:main():apply-cmvn.cc:162) Applied cepstral mean normalization to 1472 utterances, errors on 0
LOG (apply-cmvn[5.5.52-6d919]:main():apply-cmvn.cc:162) Applied cepstral mean normalization to 1472 utterances, errors on 0
LOG (transform-feats[5.5.52-6d919]:main():transform-feats.cc:158) Overall average [pseudo-]logdet is -92.5347 over 806182 frames.
LOG (transform-feats[5.5.52-6d919]:main():transform-feats.cc:161) Applied transform to 1472 utterances; 0 had errors.
LOG (gmm-post-to-gpost[5.5.52-6d919]:main():gmm-post-to-gpost.cc:124) Done 1472 files, 0 with no posteriors, 0 with other errors.
LOG (gmm-post-to-gpost[5.5.52-6d919]:main():gmm-post-to-gpost.cc:128) Overall avg like per frame (Gaussian only) = -49.1347 over 583496 frames.
LOG (gmm-post-to-gpost[5.5.52-6d919]:main():gmm-post-to-gpost.cc:131) Done converting post to gpost
LOG (transform-feats[5.5.52-6d919]:main():transform-feats.cc:158) Overall average [pseudo-]logdet is -92.5347 over 806182 frames.
LOG (transform-feats[5.5.52-6d919]:main():transform-feats.cc:161) Applied transform to 1472 utterances; 0 had errors.
LOG (gmm-est-fmllr-gpost[5.5.52-6d919]:ComputeFmllrMatrixDiagGmmFull():fmllr-diag-gmm.cc:262) fMLLR objf improvement is 7.00604 per frame over 77136.6 frames.
LOG (gmm-est-fmllr-gpost[5.5.52-6d919]:main():gmm-est-fmllr-gpost.cc:141) For speaker s018m2ksk00_r, auxf-impr from fMLLR is 7.00604, over 77136.6 frames.
LOG (gmm-est-fmllr-gpost[5.5.52-6d919]:main():gmm-est-fmllr-gpost.cc:186) Done 1472 files, 0 with no gposts, 0 with other errors.
LOG (gmm-est-fmllr-gpost[5.5.52-6d919]:main():gmm-est-fmllr-gpost.cc:188) Overall fMLLR auxf impr per frame is 6.39795 over 583495 frames.
# Accounting: time=26 threads=1
# Ended (code 0) at Tue May  7 18:01:28 KST 2019, elapsed time 26 seconds
