# gunzip -c exp/tri3b/decode.si/depth_stats_tmp.*.gz | steps/diagnostic/analyze_lattice_depth_stats.py exp/tri3b/graph 
# Started at Tue May  7 16:32:56 KST 2019
#
The total amount of data analyzed assuming 100 frames per second is 9.0 hours
Overall, lattice depth (10,50,90-percentile)=(1,1,3) and mean=2.0
Nonsilence phones as a group account for 62.7% of frames, with lattice depth (10,50,90-percentile)=(1,1,2) and mean=1.9
Phone SIL accounts for 37.3% of frames, with lattice depth (10,50,90-percentile)=(1,1,4) and mean=2.2
Phone a_I accounts for 3.5% of frames, with lattice depth (10,50,90-percentile)=(1,1,2) and mean=1.5
Phone NN_E accounts for 2.9% of frames, with lattice depth (10,50,90-percentile)=(1,1,3) and mean=2.1
Phone i_I accounts for 2.2% of frames, with lattice depth (10,50,90-percentile)=(1,1,2) and mean=1.6
Phone a_E accounts for 2.1% of frames, with lattice depth (10,50,90-percentile)=(1,1,3) and mean=1.8
Phone ww_I accounts for 1.9% of frames, with lattice depth (10,50,90-percentile)=(1,1,3) and mean=2.3
Phone v_I accounts for 1.8% of frames, with lattice depth (10,50,90-percentile)=(1,1,2) and mean=1.8
Phone i_E accounts for 1.8% of frames, with lattice depth (10,50,90-percentile)=(1,1,3) and mean=2.0
Phone OO_I accounts for 1.7% of frames, with lattice depth (10,50,90-percentile)=(1,1,1) and mean=1.5
Phone o_I accounts for 1.6% of frames, with lattice depth (10,50,90-percentile)=(1,1,1) and mean=1.5
Phone s_I accounts for 1.6% of frames, with lattice depth (10,50,90-percentile)=(1,1,2) and mean=1.5
Phone g_I accounts for 1.5% of frames, with lattice depth (10,50,90-percentile)=(1,1,2) and mean=1.6
Phone o_E accounts for 1.4% of frames, with lattice depth (10,50,90-percentile)=(1,1,2) and mean=1.7
Phone g_B accounts for 1.3% of frames, with lattice depth (10,50,90-percentile)=(1,1,3) and mean=2.0
Phone NN_I accounts for 1.3% of frames, with lattice depth (10,50,90-percentile)=(1,1,2) and mean=1.7
Phone u_I accounts for 1.3% of frames, with lattice depth (10,50,90-percentile)=(1,1,2) and mean=1.7
Phone n_I accounts for 1.2% of frames, with lattice depth (10,50,90-percentile)=(1,1,3) and mean=2.2
Phone s_B accounts for 1.2% of frames, with lattice depth (10,50,90-percentile)=(1,1,2) and mean=2.0
Phone e_E accounts for 1.1% of frames, with lattice depth (10,50,90-percentile)=(1,1,5) and mean=2.6
Phone LL_E accounts for 1.1% of frames, with lattice depth (10,50,90-percentile)=(1,1,5) and mean=2.9
Phone r_I accounts for 1.0% of frames, with lattice depth (10,50,90-percentile)=(1,1,2) and mean=1.7
Phone j_I accounts for 1.0% of frames, with lattice depth (10,50,90-percentile)=(1,1,2) and mean=1.7
Phone j_B accounts for 1.0% of frames, with lattice depth (10,50,90-percentile)=(1,1,3) and mean=2.2
Phone d_I accounts for 0.9% of frames, with lattice depth (10,50,90-percentile)=(1,1,2) and mean=1.5
Phone yv_I accounts for 0.9% of frames, with lattice depth (10,50,90-percentile)=(1,1,2) and mean=1.5
Phone EE_I accounts for 0.9% of frames, with lattice depth (10,50,90-percentile)=(1,1,3) and mean=2.0
Phone wi_E accounts for 0.8% of frames, with lattice depth (10,50,90-percentile)=(1,1,5) and mean=2.7
Phone v_E accounts for 0.8% of frames, with lattice depth (10,50,90-percentile)=(1,1,4) and mean=2.0
Phone LL_I accounts for 0.8% of frames, with lattice depth (10,50,90-percentile)=(1,1,1) and mean=1.6
Phone e_I accounts for 0.7% of frames, with lattice depth (10,50,90-percentile)=(1,1,3) and mean=2.0
Phone d1_I accounts for 0.7% of frames, with lattice depth (10,50,90-percentile)=(1,1,3) and mean=1.9
Phone c_I accounts for 0.7% of frames, with lattice depth (10,50,90-percentile)=(1,1,2) and mean=1.6
Phone m_I accounts for 0.7% of frames, with lattice depth (10,50,90-percentile)=(1,1,2) and mean=1.7
Phone OO_E accounts for 0.7% of frames, with lattice depth (10,50,90-percentile)=(1,1,2) and mean=1.5
Phone i_B accounts for 0.7% of frames, with lattice depth (10,50,90-percentile)=(1,1,5) and mean=2.7
Phone t_I accounts for 0.6% of frames, with lattice depth (10,50,90-percentile)=(1,1,2) and mean=1.4
Phone p_I accounts for 0.6% of frames, with lattice depth (10,50,90-percentile)=(1,1,1) and mean=1.3
Phone g1_I accounts for 0.6% of frames, with lattice depth (10,50,90-percentile)=(1,1,3) and mean=2.0
Phone d_B accounts for 0.6% of frames, with lattice depth (10,50,90-percentile)=(1,1,4) and mean=2.4
Phone h_B accounts for 0.5% of frames, with lattice depth (10,50,90-percentile)=(1,1,3) and mean=1.8
Phone s1_I accounts for 0.5% of frames, with lattice depth (10,50,90-percentile)=(1,1,3) and mean=2.3
Phone MM_I accounts for 0.5% of frames, with lattice depth (10,50,90-percentile)=(1,1,1) and mean=1.4
Phone k_I accounts for 0.5% of frames, with lattice depth (10,50,90-percentile)=(1,1,2) and mean=1.4
Phone KK_I accounts for 0.5% of frames, with lattice depth (10,50,90-percentile)=(1,1,1) and mean=1.5
Phone b_B accounts for 0.5% of frames, with lattice depth (10,50,90-percentile)=(1,1,3) and mean=2.0
# Accounting: time=0 threads=1
# Ended (code 0) at Tue May  7 16:32:56 KST 2019, elapsed time 0 seconds
