# gmm-acc-stats-ali exp/tri3b/5.mdl "ark,s,cs:apply-cmvn  --utt2spk=ark:data/train/split8/7/utt2spk scp:data/train/split8/7/cmvn.scp scp:data/train/split8/7/feats.scp ark:- | splice-feats  ark:- ark:- | transform-feats exp/tri2b_ali/final.mat ark:- ark:- | transform-feats --utt2spk=ark:data/train/split8/7/utt2spk ark:exp/tri3b/trans.7 ark:- ark:- |" "ark,s,cs:gunzip -c exp/tri3b/ali.7.gz|" exp/tri3b/5.7.acc 
# Started at Tue May  7 16:05:28 KST 2019
#
gmm-acc-stats-ali exp/tri3b/5.mdl 'ark,s,cs:apply-cmvn  --utt2spk=ark:data/train/split8/7/utt2spk scp:data/train/split8/7/cmvn.scp scp:data/train/split8/7/feats.scp ark:- | splice-feats  ark:- ark:- | transform-feats exp/tri2b_ali/final.mat ark:- ark:- | transform-feats --utt2spk=ark:data/train/split8/7/utt2spk ark:exp/tri3b/trans.7 ark:- ark:- |' 'ark,s,cs:gunzip -c exp/tri3b/ali.7.gz|' exp/tri3b/5.7.acc 
transform-feats exp/tri2b_ali/final.mat ark:- ark:- 
splice-feats ark:- ark:- 
apply-cmvn --utt2spk=ark:data/train/split8/7/utt2spk scp:data/train/split8/7/cmvn.scp scp:data/train/split8/7/feats.scp ark:- 
transform-feats --utt2spk=ark:data/train/split8/7/utt2spk ark:exp/tri3b/trans.7 ark:- ark:- 
LOG (gmm-acc-stats-ali[5.5.52-6d919]:main():gmm-acc-stats-ali.cc:105) Processed 50 utterances; for utterance s03f3ssjjh01-20150804-Korean-cps03051 avg. like is -53.6821 over 164 frames.
LOG (gmm-acc-stats-ali[5.5.52-6d919]:main():gmm-acc-stats-ali.cc:105) Processed 100 utterances; for utterance s03f3ssjjh01-20150804-Korean-cps03101 avg. like is -59.345 over 187 frames.
LOG (gmm-acc-stats-ali[5.5.52-6d919]:main():gmm-acc-stats-ali.cc:105) Processed 150 utterances; for utterance s03f3ssjjh01-20150804-Korean-cps03151 avg. like is -53.4283 over 147 frames.
LOG (gmm-acc-stats-ali[5.5.52-6d919]:main():gmm-acc-stats-ali.cc:105) Processed 200 utterances; for utterance s03f3ssjjh01-20150804-Korean-cps03202 avg. like is -52.5787 over 144 frames.
LOG (gmm-acc-stats-ali[5.5.52-6d919]:main():gmm-acc-stats-ali.cc:105) Processed 250 utterances; for utterance s03f3ssjjh01-20150804-Korean-cps03252 avg. like is -56.3644 over 144 frames.
LOG (gmm-acc-stats-ali[5.5.52-6d919]:main():gmm-acc-stats-ali.cc:105) Processed 300 utterances; for utterance s03f3ssjjh01-20150804-Korean-cps03303 avg. like is -54.1929 over 169 frames.
LOG (gmm-acc-stats-ali[5.5.52-6d919]:main():gmm-acc-stats-ali.cc:105) Processed 350 utterances; for utterance s03f3ssjjh01-20150804-Korean-cps03353 avg. like is -49.5253 over 135 frames.
LOG (gmm-acc-stats-ali[5.5.52-6d919]:main():gmm-acc-stats-ali.cc:105) Processed 400 utterances; for utterance s03f3ssjjh01-20150804-Korean-cps03404 avg. like is -52.1216 over 166 frames.
LOG (gmm-acc-stats-ali[5.5.52-6d919]:main():gmm-acc-stats-ali.cc:105) Processed 450 utterances; for utterance s03f3ssjjh01-20150804-KoreanhfchannelSNR10-cps03037 avg. like is -40.6887 over 160 frames.
LOG (gmm-acc-stats-ali[5.5.52-6d919]:main():gmm-acc-stats-ali.cc:105) Processed 500 utterances; for utterance s03f3ssjjh01-20150804-KoreanhfchannelSNR10-cps03087 avg. like is -46.5212 over 152 frames.
LOG (gmm-acc-stats-ali[5.5.52-6d919]:main():gmm-acc-stats-ali.cc:105) Processed 550 utterances; for utterance s03f3ssjjh01-20150804-KoreanhfchannelSNR10-cps03137 avg. like is -46.6572 over 163 frames.
LOG (gmm-acc-stats-ali[5.5.52-6d919]:main():gmm-acc-stats-ali.cc:105) Processed 600 utterances; for utterance s03f3ssjjh01-20150804-KoreanhfchannelSNR10-cps03187 avg. like is -42.7832 over 147 frames.
LOG (gmm-acc-stats-ali[5.5.52-6d919]:main():gmm-acc-stats-ali.cc:105) Processed 650 utterances; for utterance s03f3ssjjh01-20150804-KoreanhfchannelSNR10-cps03238 avg. like is -43.6493 over 128 frames.
LOG (gmm-acc-stats-ali[5.5.52-6d919]:main():gmm-acc-stats-ali.cc:105) Processed 700 utterances; for utterance s03f3ssjjh01-20150804-KoreanhfchannelSNR10-cps03288 avg. like is -43.7772 over 128 frames.
LOG (gmm-acc-stats-ali[5.5.52-6d919]:main():gmm-acc-stats-ali.cc:105) Processed 750 utterances; for utterance s03f3ssjjh01-20150804-KoreanhfchannelSNR10-cps03339 avg. like is -42.8294 over 129 frames.
LOG (gmm-acc-stats-ali[5.5.52-6d919]:main():gmm-acc-stats-ali.cc:105) Processed 800 utterances; for utterance s03f3ssjjh01-20150804-KoreanhfchannelSNR10-cps03389 avg. like is -43.8173 over 94 frames.
LOG (gmm-acc-stats-ali[5.5.52-6d919]:main():gmm-acc-stats-ali.cc:105) Processed 850 utterances; for utterance s03f3ssrhg01-20150804-Korean-cps03022 avg. like is -49.3794 over 229 frames.
LOG (gmm-acc-stats-ali[5.5.52-6d919]:main():gmm-acc-stats-ali.cc:105) Processed 900 utterances; for utterance s03f3ssrhg01-20150804-Korean-cps03072 avg. like is -50.3014 over 216 frames.
LOG (gmm-acc-stats-ali[5.5.52-6d919]:main():gmm-acc-stats-ali.cc:105) Processed 950 utterances; for utterance s03f3ssrhg01-20150804-Korean-cps03122 avg. like is -51.9008 over 183 frames.
LOG (gmm-acc-stats-ali[5.5.52-6d919]:main():gmm-acc-stats-ali.cc:105) Processed 1000 utterances; for utterance s03f3ssrhg01-20150804-Korean-cps03173 avg. like is -53.0351 over 185 frames.
LOG (gmm-acc-stats-ali[5.5.52-6d919]:main():gmm-acc-stats-ali.cc:105) Processed 1050 utterances; for utterance s03f3ssrhg01-20150804-Korean-cps03223 avg. like is -51.1267 over 200 frames.
LOG (gmm-acc-stats-ali[5.5.52-6d919]:main():gmm-acc-stats-ali.cc:105) Processed 1100 utterances; for utterance s03f3ssrhg01-20150804-Korean-cps03273 avg. like is -45.5333 over 214 frames.
LOG (gmm-acc-stats-ali[5.5.52-6d919]:main():gmm-acc-stats-ali.cc:105) Processed 1150 utterances; for utterance s03f3ssrhg01-20150804-Korean-cps03323 avg. like is -48.2509 over 225 frames.
LOG (gmm-acc-stats-ali[5.5.52-6d919]:main():gmm-acc-stats-ali.cc:105) Processed 1200 utterances; for utterance s03f3ssrhg01-20150804-Korean-cps03373 avg. like is -52.4445 over 249 frames.
LOG (gmm-acc-stats-ali[5.5.52-6d919]:main():gmm-acc-stats-ali.cc:105) Processed 1250 utterances; for utterance s03f3ssrhg01-20150804-Koreanbabble2SNR10-cps03007 avg. like is -44.7563 over 189 frames.
LOG (gmm-acc-stats-ali[5.5.52-6d919]:main():gmm-acc-stats-ali.cc:105) Processed 1300 utterances; for utterance s03f3ssrhg01-20150804-Koreanbabble2SNR10-cps03057 avg. like is -43.5133 over 154 frames.
LOG (gmm-acc-stats-ali[5.5.52-6d919]:main():gmm-acc-stats-ali.cc:105) Processed 1350 utterances; for utterance s03f3ssrhg01-20150804-Koreanbabble2SNR10-cps03107 avg. like is -46.8228 over 200 frames.
LOG (gmm-acc-stats-ali[5.5.52-6d919]:main():gmm-acc-stats-ali.cc:105) Processed 1400 utterances; for utterance s03f3ssrhg01-20150804-Koreanbabble2SNR10-cps03158 avg. like is -48.4877 over 205 frames.
LOG (gmm-acc-stats-ali[5.5.52-6d919]:main():gmm-acc-stats-ali.cc:105) Processed 1450 utterances; for utterance s03f3ssrhg01-20150804-Koreanbabble2SNR10-cps03208 avg. like is -48.1659 over 227 frames.
LOG (gmm-acc-stats-ali[5.5.52-6d919]:main():gmm-acc-stats-ali.cc:105) Processed 1500 utterances; for utterance s03f3ssrhg01-20150804-Koreanbabble2SNR10-cps03258 avg. like is -49.7509 over 212 frames.
LOG (gmm-acc-stats-ali[5.5.52-6d919]:main():gmm-acc-stats-ali.cc:105) Processed 1550 utterances; for utterance s03f3ssrhg01-20150804-Koreanbabble2SNR10-cps03308 avg. like is -46.1776 over 183 frames.
LOG (gmm-acc-stats-ali[5.5.52-6d919]:main():gmm-acc-stats-ali.cc:105) Processed 1600 utterances; for utterance s03f3ssrhg01-20150804-Koreanbabble2SNR10-cps03358 avg. like is -47.8621 over 183 frames.
LOG (gmm-acc-stats-ali[5.5.52-6d919]:main():gmm-acc-stats-ali.cc:105) Processed 1650 utterances; for utterance s03f3ssrhg01-20150804-Koreanbabble2SNR10-cps03410 avg. like is -46.8619 over 194 frames.
LOG (gmm-acc-stats-ali[5.5.52-6d919]:main():gmm-acc-stats-ali.cc:105) Processed 1700 utterances; for utterance s03f4ssggc01-20150804-Korean-cps03044 avg. like is -57.9565 over 153 frames.
LOG (gmm-acc-stats-ali[5.5.52-6d919]:main():gmm-acc-stats-ali.cc:105) Processed 1750 utterances; for utterance s03f4ssggc01-20150804-Korean-cps03094 avg. like is -54.4474 over 152 frames.
LOG (gmm-acc-stats-ali[5.5.52-6d919]:main():gmm-acc-stats-ali.cc:105) Processed 1800 utterances; for utterance s03f4ssggc01-20150804-Korean-cps03144 avg. like is -48.7585 over 163 frames.
LOG (gmm-acc-stats-ali[5.5.52-6d919]:main():gmm-acc-stats-ali.cc:105) Processed 1850 utterances; for utterance s03f4ssggc01-20150804-Korean-cps03194 avg. like is -53.1156 over 112 frames.
LOG (gmm-acc-stats-ali[5.5.52-6d919]:main():gmm-acc-stats-ali.cc:105) Processed 1900 utterances; for utterance s03f4ssggc01-20150804-Korean-cps03244 avg. like is -56.0848 over 147 frames.
LOG (gmm-acc-stats-ali[5.5.52-6d919]:main():gmm-acc-stats-ali.cc:105) Processed 1950 utterances; for utterance s03f4ssggc01-20150804-Korean-cps03296 avg. like is -52.5749 over 138 frames.
LOG (gmm-acc-stats-ali[5.5.52-6d919]:main():gmm-acc-stats-ali.cc:105) Processed 2000 utterances; for utterance s03f4ssggc01-20150804-Korean-cps03347 avg. like is -52.7309 over 156 frames.
LOG (gmm-acc-stats-ali[5.5.52-6d919]:main():gmm-acc-stats-ali.cc:105) Processed 2050 utterances; for utterance s03f4ssggc01-20150804-Korean-cps03397 avg. like is -55.7811 over 155 frames.
LOG (gmm-acc-stats-ali[5.5.52-6d919]:main():gmm-acc-stats-ali.cc:105) Processed 2100 utterances; for utterance s03f4ssggc01-20150804-Koreanfactory1SNR10-cps03032 avg. like is -43.7359 over 178 frames.
LOG (gmm-acc-stats-ali[5.5.52-6d919]:main():gmm-acc-stats-ali.cc:105) Processed 2150 utterances; for utterance s03f4ssggc01-20150804-Koreanfactory1SNR10-cps03082 avg. like is -38.9194 over 155 frames.
LOG (gmm-acc-stats-ali[5.5.52-6d919]:main():gmm-acc-stats-ali.cc:105) Processed 2200 utterances; for utterance s03f4ssggc01-20150804-Koreanfactory1SNR10-cps03132 avg. like is -39.0957 over 171 frames.
LOG (gmm-acc-stats-ali[5.5.52-6d919]:main():gmm-acc-stats-ali.cc:105) Processed 2250 utterances; for utterance s03f4ssggc01-20150804-Koreanfactory1SNR10-cps03182 avg. like is -43.3945 over 165 frames.
LOG (gmm-acc-stats-ali[5.5.52-6d919]:main():gmm-acc-stats-ali.cc:105) Processed 2300 utterances; for utterance s03f4ssggc01-20150804-Koreanfactory1SNR10-cps03232 avg. like is -39.3682 over 134 frames.
LOG (gmm-acc-stats-ali[5.5.52-6d919]:main():gmm-acc-stats-ali.cc:105) Processed 2350 utterances; for utterance s03f4ssggc01-20150804-Koreanfactory1SNR10-cps03283 avg. like is -42.6302 over 127 frames.
LOG (gmm-acc-stats-ali[5.5.52-6d919]:main():gmm-acc-stats-ali.cc:105) Processed 2400 utterances; for utterance s03f4ssggc01-20150804-Koreanfactory1SNR10-cps03335 avg. like is -44.7582 over 155 frames.
LOG (gmm-acc-stats-ali[5.5.52-6d919]:main():gmm-acc-stats-ali.cc:105) Processed 2450 utterances; for utterance s03f4ssggc01-20150804-Koreanfactory1SNR10-cps03385 avg. like is -40.5307 over 131 frames.
LOG (gmm-acc-stats-ali[5.5.52-6d919]:main():gmm-acc-stats-ali.cc:105) Processed 2500 utterances; for utterance s03fc3cys01-20150803-Korean-s03a018 avg. like is -55.3541 over 307 frames.
LOG (gmm-acc-stats-ali[5.5.52-6d919]:main():gmm-acc-stats-ali.cc:105) Processed 2550 utterances; for utterance s03fc3cys01-20150803-Korean-s03a068 avg. like is -53.3717 over 245 frames.
LOG (gmm-acc-stats-ali[5.5.52-6d919]:main():gmm-acc-stats-ali.cc:105) Processed 2600 utterances; for utterance s03fc3cys01-20150803-Korean-s03a120 avg. like is -52.6074 over 255 frames.
LOG (gmm-acc-stats-ali[5.5.52-6d919]:main():gmm-acc-stats-ali.cc:105) Processed 2650 utterances; for utterance s03fc3cys01-20150803-Koreanfactory1SNR10-s03a029 avg. like is -46.3814 over 351 frames.
LOG (gmm-acc-stats-ali[5.5.52-6d919]:main():gmm-acc-stats-ali.cc:105) Processed 2700 utterances; for utterance s03fc3cys01-20150803-Koreanfactory1SNR10-s03a079 avg. like is -41.6505 over 233 frames.
LOG (gmm-acc-stats-ali[5.5.52-6d919]:main():gmm-acc-stats-ali.cc:105) Processed 2750 utterances; for utterance s03fc3cys01-20150803-Koreanfactory1SNR10-s03a131 avg. like is -45.0831 over 281 frames.
LOG (gmm-acc-stats-ali[5.5.52-6d919]:main():gmm-acc-stats-ali.cc:105) Processed 2800 utterances; for utterance s03fg2cjk00-20150803-Korean-s03a040 avg. like is -54.5715 over 228 frames.
LOG (gmm-acc-stats-ali[5.5.52-6d919]:main():gmm-acc-stats-ali.cc:105) Processed 2850 utterances; for utterance s03fg2cjk00-20150803-Korean-s03a090 avg. like is -58.0192 over 341 frames.
LOG (gmm-acc-stats-ali[5.5.52-6d919]:main():gmm-acc-stats-ali.cc:105) Processed 2900 utterances; for utterance s03fg2cjk00-20150803-Korean-s03a140 avg. like is -60.8843 over 224 frames.
LOG (gmm-acc-stats-ali[5.5.52-6d919]:main():gmm-acc-stats-ali.cc:105) Processed 2950 utterances; for utterance s03fg2cjk00-20150803-KoreanhfchannelSNR10-s03a049 avg. like is -45.0848 over 256 frames.
LOG (gmm-acc-stats-ali[5.5.52-6d919]:main():gmm-acc-stats-ali.cc:105) Processed 3000 utterances; for utterance s03fg2cjk00-20150803-KoreanhfchannelSNR10-s03a099 avg. like is -44.1783 over 281 frames.
LOG (gmm-acc-stats-ali[5.5.52-6d919]:main():gmm-acc-stats-ali.cc:105) Processed 3050 utterances; for utterance s03fg4jun00-20150803-Korean-s03a008 avg. like is -49.3829 over 202 frames.
LOG (gmm-acc-stats-ali[5.5.52-6d919]:main():gmm-acc-stats-ali.cc:105) Processed 3100 utterances; for utterance s03fg4jun00-20150803-Korean-s03a058 avg. like is -54.5325 over 239 frames.
LOG (gmm-acc-stats-ali[5.5.52-6d919]:main():gmm-acc-stats-ali.cc:105) Processed 3150 utterances; for utterance s03fg4jun00-20150803-Korean-s03a110 avg. like is -55.7209 over 261 frames.
LOG (gmm-acc-stats-ali[5.5.52-6d919]:main():gmm-acc-stats-ali.cc:105) Processed 3200 utterances; for utterance s03fg4jun00-20150803-KoreanhfchannelSNR10-s03a019 avg. like is -42.3808 over 212 frames.
LOG (gmm-acc-stats-ali[5.5.52-6d919]:main():gmm-acc-stats-ali.cc:105) Processed 3250 utterances; for utterance s03fg4jun00-20150803-KoreanhfchannelSNR10-s03a069 avg. like is -44.857 over 249 frames.
LOG (gmm-acc-stats-ali[5.5.52-6d919]:main():gmm-acc-stats-ali.cc:105) Processed 3300 utterances; for utterance s03fg4jun00-20150803-KoreanhfchannelSNR10-s03a121 avg. like is -43.2143 over 197 frames.
LOG (gmm-acc-stats-ali[5.5.52-6d919]:main():gmm-acc-stats-ali.cc:105) Processed 3350 utterances; for utterance s03fj4hej00-20150803-Korean-s03a030 avg. like is -57.1206 over 300 frames.
LOG (gmm-acc-stats-ali[5.5.52-6d919]:main():gmm-acc-stats-ali.cc:105) Processed 3400 utterances; for utterance s03fj4hej00-20150803-Korean-s03a080 avg. like is -54.6077 over 233 frames.
LOG (gmm-acc-stats-ali[5.5.52-6d919]:main():gmm-acc-stats-ali.cc:105) Processed 3450 utterances; for utterance s03fj4hej00-20150803-Korean-s03a130 avg. like is -61.1016 over 351 frames.
LOG (gmm-acc-stats-ali[5.5.52-6d919]:main():gmm-acc-stats-ali.cc:105) Processed 3500 utterances; for utterance s03fj4hej00-20150803-KoreanwhiteSNR10-s03a039 avg. like is -42.958 over 204 frames.
LOG (gmm-acc-stats-ali[5.5.52-6d919]:main():gmm-acc-stats-ali.cc:105) Processed 3550 utterances; for utterance s03fj4hej00-20150803-KoreanwhiteSNR10-s03a089 avg. like is -45.6039 over 242 frames.
LOG (gmm-acc-stats-ali[5.5.52-6d919]:main():gmm-acc-stats-ali.cc:105) Processed 3600 utterances; for utterance s03fj4hej00-20150803-KoreanwhiteSNR10-s03a139 avg. like is -43.4247 over 168 frames.
LOG (gmm-acc-stats-ali[5.5.52-6d919]:main():gmm-acc-stats-ali.cc:105) Processed 3650 utterances; for utterance s03fs2oeh00-20150803-Korean-s03a048 avg. like is -52.8173 over 206 frames.
LOG (gmm-acc-stats-ali[5.5.52-6d919]:main():gmm-acc-stats-ali.cc:105) Processed 3700 utterances; for utterance s03fs2oeh00-20150803-Korean-s03a098 avg. like is -54.7621 over 249 frames.
LOG (gmm-acc-stats-ali[5.5.52-6d919]:main():gmm-acc-stats-ali.cc:105) Processed 3750 utterances; for utterance s03fs2oeh00-20150803-KoreanwhiteSNR10-s03a008 avg. like is -40.2063 over 194 frames.
LOG (gmm-acc-stats-ali[5.5.52-6d919]:main():gmm-acc-stats-ali.cc:105) Processed 3800 utterances; for utterance s03fs2oeh00-20150803-KoreanwhiteSNR10-s03a058 avg. like is -41.5263 over 248 frames.
LOG (gmm-acc-stats-ali[5.5.52-6d919]:main():gmm-acc-stats-ali.cc:105) Processed 3850 utterances; for utterance s03fs2oeh00-20150803-KoreanwhiteSNR10-s03a108 avg. like is -42.7795 over 322 frames.
LOG (gmm-acc-stats-ali[5.5.52-6d919]:main():gmm-acc-stats-ali.cc:105) Processed 3900 utterances; for utterance s03fs3ljh01-20150803-Korean-s03a018 avg. like is -55.5081 over 317 frames.
LOG (gmm-acc-stats-ali[5.5.52-6d919]:main():gmm-acc-stats-ali.cc:105) Processed 3950 utterances; for utterance s03fs3ljh01-20150803-Korean-s03a068 avg. like is -52.2868 over 240 frames.
LOG (gmm-acc-stats-ali[5.5.52-6d919]:main():gmm-acc-stats-ali.cc:105) Processed 4000 utterances; for utterance s03fs3ljh01-20150803-Korean-s03a119 avg. like is -55.4151 over 242 frames.
LOG (gmm-acc-stats-ali[5.5.52-6d919]:main():gmm-acc-stats-ali.cc:105) Processed 4050 utterances; for utterance s03fs3ljh01-20150803-KoreandestroyeropsSNR10-s03a028 avg. like is -45.2176 over 293 frames.
LOG (gmm-acc-stats-ali[5.5.52-6d919]:main():gmm-acc-stats-ali.cc:105) Processed 4100 utterances; for utterance s03fs3ljh01-20150803-KoreandestroyeropsSNR10-s03a079 avg. like is -43.9976 over 213 frames.
LOG (gmm-acc-stats-ali[5.5.52-6d919]:main():gmm-acc-stats-ali.cc:105) Processed 4150 utterances; for utterance s03fs3ljh01-20150803-KoreandestroyeropsSNR10-s03a129 avg. like is -46.0451 over 233 frames.
LOG (gmm-acc-stats-ali[5.5.52-6d919]:main():gmm-acc-stats-ali.cc:105) Processed 4200 utterances; for utterance s03fs4shs01-20150803-Korean-s03a038 avg. like is -52.7744 over 193 frames.
LOG (gmm-acc-stats-ali[5.5.52-6d919]:main():gmm-acc-stats-ali.cc:105) Processed 4250 utterances; for utterance s03fs4shs01-20150803-Korean-s03a088 avg. like is -52.0581 over 250 frames.
LOG (gmm-acc-stats-ali[5.5.52-6d919]:main():gmm-acc-stats-ali.cc:105) Processed 4300 utterances; for utterance s03fs4shs01-20150803-Korean-s03a139 avg. like is -49.065 over 151 frames.
LOG (gmm-acc-stats-ali[5.5.52-6d919]:main():gmm-acc-stats-ali.cc:105) Processed 4350 utterances; for utterance s03fs4shs01-20150803-KoreanpinkSNR10-s03a048 avg. like is -40.5652 over 198 frames.
LOG (gmm-acc-stats-ali[5.5.52-6d919]:main():gmm-acc-stats-ali.cc:105) Processed 4400 utterances; for utterance s03fs4shs01-20150803-KoreanpinkSNR10-s03a099 avg. like is -44.133 over 316 frames.
LOG (gmm-acc-stats-ali[5.5.52-6d919]:main():gmm-acc-stats-ali.cc:105) Processed 4450 utterances; for utterance s03m1ccscm01-20150804-Korean-cps03008 avg. like is -50.0641 over 142 frames.
LOG (gmm-acc-stats-ali[5.5.52-6d919]:main():gmm-acc-stats-ali.cc:105) Processed 4500 utterances; for utterance s03m1ccscm01-20150804-Korean-cps03058 avg. like is -46.454 over 187 frames.
LOG (gmm-acc-stats-ali[5.5.52-6d919]:main():gmm-acc-stats-ali.cc:105) Processed 4550 utterances; for utterance s03m1ccscm01-20150804-Korean-cps03108 avg. like is -46.3142 over 133 frames.
LOG (gmm-acc-stats-ali[5.5.52-6d919]:main():gmm-acc-stats-ali.cc:105) Processed 4600 utterances; for utterance s03m1ccscm01-20150804-Korean-cps03158 avg. like is -52.6689 over 151 frames.
LOG (gmm-acc-stats-ali[5.5.52-6d919]:main():gmm-acc-stats-ali.cc:105) Processed 4650 utterances; for utterance s03m1ccscm01-20150804-Korean-cps03208 avg. like is -52.2422 over 194 frames.
LOG (gmm-acc-stats-ali[5.5.52-6d919]:main():gmm-acc-stats-ali.cc:105) Processed 4700 utterances; for utterance s03m1ccscm01-20150804-Korean-cps03258 avg. like is -52.379 over 206 frames.
LOG (gmm-acc-stats-ali[5.5.52-6d919]:main():gmm-acc-stats-ali.cc:105) Processed 4750 utterances; for utterance s03m1ccscm01-20150804-Korean-cps03308 avg. like is -48.212 over 145 frames.
LOG (gmm-acc-stats-ali[5.5.52-6d919]:main():gmm-acc-stats-ali.cc:105) Processed 4800 utterances; for utterance s03m1ccscm01-20150804-Korean-cps03358 avg. like is -48.2671 over 152 frames.
LOG (gmm-acc-stats-ali[5.5.52-6d919]:main():gmm-acc-stats-ali.cc:105) Processed 4850 utterances; for utterance s03m1ccscm01-20150804-Korean-cps03408 avg. like is -47.5354 over 171 frames.
LOG (gmm-acc-stats-ali[5.5.52-6d919]:main():gmm-acc-stats-ali.cc:105) Processed 4900 utterances; for utterance s03m1ccscm01-20150804-KoreanleopardSNR10-cps03040 avg. like is -48.5207 over 201 frames.
LOG (gmm-acc-stats-ali[5.5.52-6d919]:main():gmm-acc-stats-ali.cc:105) Processed 4950 utterances; for utterance s03m1ccscm01-20150804-KoreanleopardSNR10-cps03090 avg. like is -48.4507 over 159 frames.
LOG (gmm-acc-stats-ali[5.5.52-6d919]:main():gmm-acc-stats-ali.cc:105) Processed 5000 utterances; for utterance s03m1ccscm01-20150804-KoreanleopardSNR10-cps03140 avg. like is -44.3449 over 193 frames.
LOG (gmm-acc-stats-ali[5.5.52-6d919]:main():gmm-acc-stats-ali.cc:105) Processed 5050 utterances; for utterance s03m1ccscm01-20150804-KoreanleopardSNR10-cps03190 avg. like is -48.6419 over 173 frames.
LOG (gmm-acc-stats-ali[5.5.52-6d919]:main():gmm-acc-stats-ali.cc:105) Processed 5100 utterances; for utterance s03m1ccscm01-20150804-KoreanleopardSNR10-cps03240 avg. like is -47.0719 over 165 frames.
LOG (gmm-acc-stats-ali[5.5.52-6d919]:main():gmm-acc-stats-ali.cc:105) Processed 5150 utterances; for utterance s03m1ccscm01-20150804-KoreanleopardSNR10-cps03290 avg. like is -50.17 over 171 frames.
LOG (gmm-acc-stats-ali[5.5.52-6d919]:main():gmm-acc-stats-ali.cc:105) Processed 5200 utterances; for utterance s03m1ccscm01-20150804-KoreanleopardSNR10-cps03340 avg. like is -43.0203 over 142 frames.
LOG (gmm-acc-stats-ali[5.5.52-6d919]:main():gmm-acc-stats-ali.cc:105) Processed 5250 utterances; for utterance s03m1ccscm01-20150804-KoreanleopardSNR10-cps03390 avg. like is -48.3443 over 141 frames.
LOG (gmm-acc-stats-ali[5.5.52-6d919]:main():gmm-acc-stats-ali.cc:105) Processed 5300 utterances; for utterance s03m1jrssj01-20150804-Korean-cps03022 avg. like is -51.0947 over 163 frames.
LOG (gmm-acc-stats-ali[5.5.52-6d919]:main():gmm-acc-stats-ali.cc:105) Processed 5350 utterances; for utterance s03m1jrssj01-20150804-Korean-cps03072 avg. like is -50.9553 over 157 frames.
LOG (gmm-acc-stats-ali[5.5.52-6d919]:main():gmm-acc-stats-ali.cc:105) Processed 5400 utterances; for utterance s03m1jrssj01-20150804-Korean-cps03122 avg. like is -44.7278 over 169 frames.
LOG (gmm-acc-stats-ali[5.5.52-6d919]:main():gmm-acc-stats-ali.cc:105) Processed 5450 utterances; for utterance s03m1jrssj01-20150804-Korean-cps03172 avg. like is -52.3448 over 170 frames.
LOG (gmm-acc-stats-ali[5.5.52-6d919]:main():gmm-acc-stats-ali.cc:105) Processed 5500 utterances; for utterance s03m1jrssj01-20150804-Korean-cps03223 avg. like is -51.0717 over 167 frames.
LOG (gmm-acc-stats-ali[5.5.52-6d919]:main():gmm-acc-stats-ali.cc:105) Processed 5550 utterances; for utterance s03m1jrssj01-20150804-Korean-cps03274 avg. like is -52.2137 over 172 frames.
LOG (gmm-acc-stats-ali[5.5.52-6d919]:main():gmm-acc-stats-ali.cc:105) Processed 5600 utterances; for utterance s03m1jrssj01-20150804-Korean-cps03326 avg. like is -45.1245 over 152 frames.
LOG (gmm-acc-stats-ali[5.5.52-6d919]:main():gmm-acc-stats-ali.cc:105) Processed 5650 utterances; for utterance s03m1jrssj01-20150804-Korean-cps03376 avg. like is -46.5306 over 153 frames.
LOG (gmm-acc-stats-ali[5.5.52-6d919]:main():gmm-acc-stats-ali.cc:105) Processed 5700 utterances; for utterance s03m1jrssj01-20150804-Koreanfactory1SNR10-cps03009 avg. like is -46.2873 over 157 frames.
LOG (gmm-acc-stats-ali[5.5.52-6d919]:main():gmm-acc-stats-ali.cc:105) Processed 5750 utterances; for utterance s03m1jrssj01-20150804-Koreanfactory1SNR10-cps03059 avg. like is -44.7302 over 178 frames.
LOG (gmm-acc-stats-ali[5.5.52-6d919]:main():gmm-acc-stats-ali.cc:105) Processed 5800 utterances; for utterance s03m1jrssj01-20150804-Koreanfactory1SNR10-cps03109 avg. like is -46.8794 over 182 frames.
LOG (gmm-acc-stats-ali[5.5.52-6d919]:main():gmm-acc-stats-ali.cc:105) Processed 5850 utterances; for utterance s03m1jrssj01-20150804-Koreanfactory1SNR10-cps03159 avg. like is -45.5444 over 168 frames.
LOG (gmm-acc-stats-ali[5.5.52-6d919]:main():gmm-acc-stats-ali.cc:105) Processed 5900 utterances; for utterance s03m1jrssj01-20150804-Koreanfactory1SNR10-cps03209 avg. like is -43.4538 over 156 frames.
LOG (gmm-acc-stats-ali[5.5.52-6d919]:main():gmm-acc-stats-ali.cc:105) Processed 5950 utterances; for utterance s03m1jrssj01-20150804-Koreanfactory1SNR10-cps03261 avg. like is -45.7284 over 180 frames.
LOG (gmm-acc-stats-ali[5.5.52-6d919]:main():gmm-acc-stats-ali.cc:105) Processed 6000 utterances; for utterance s03m1jrssj01-20150804-Koreanfactory1SNR10-cps03313 avg. like is -45.3642 over 154 frames.
LOG (gmm-acc-stats-ali[5.5.52-6d919]:main():gmm-acc-stats-ali.cc:105) Processed 6050 utterances; for utterance s03m1jrssj01-20150804-Koreanfactory1SNR10-cps03363 avg. like is -45.0689 over 148 frames.
LOG (gmm-acc-stats-ali[5.5.52-6d919]:main():gmm-acc-stats-ali.cc:105) Processed 6100 utterances; for utterance s03m1jrssj01-20150804-Koreanfactory1SNR10-cps03414 avg. like is -48.2241 over 170 frames.
LOG (gmm-acc-stats-ali[5.5.52-6d919]:main():gmm-acc-stats-ali.cc:105) Processed 6150 utterances; for utterance s03m1ksihg01-20150804-Korean-cps03046 avg. like is -44.5772 over 123 frames.
LOG (gmm-acc-stats-ali[5.5.52-6d919]:main():gmm-acc-stats-ali.cc:105) Processed 6200 utterances; for utterance s03m1ksihg01-20150804-Korean-cps03096 avg. like is -47.7095 over 172 frames.
LOG (gmm-acc-stats-ali[5.5.52-6d919]:main():gmm-acc-stats-ali.cc:105) Processed 6250 utterances; for utterance s03m1ksihg01-20150804-Korean-cps03146 avg. like is -51.3788 over 133 frames.
LOG (gmm-acc-stats-ali[5.5.52-6d919]:main():gmm-acc-stats-ali.cc:105) Processed 6300 utterances; for utterance s03m1ksihg01-20150804-Korean-cps03196 avg. like is -44.2385 over 145 frames.
LOG (gmm-acc-stats-ali[5.5.52-6d919]:main():gmm-acc-stats-ali.cc:105) Processed 6350 utterances; for utterance s03m1ksihg01-20150804-Korean-cps03246 avg. like is -48.2787 over 154 frames.
LOG (gmm-acc-stats-ali[5.5.52-6d919]:main():gmm-acc-stats-ali.cc:105) Processed 6400 utterances; for utterance s03m1ksihg01-20150804-Korean-cps03297 avg. like is -49.4702 over 170 frames.
LOG (gmm-acc-stats-ali[5.5.52-6d919]:main():gmm-acc-stats-ali.cc:105) Processed 6450 utterances; for utterance s03m1ksihg01-20150804-Korean-cps03347 avg. like is -45.1338 over 169 frames.
LOG (gmm-acc-stats-ali[5.5.52-6d919]:main():gmm-acc-stats-ali.cc:105) Processed 6500 utterances; for utterance s03m1ksihg01-20150804-Korean-cps03397 avg. like is -55.5644 over 171 frames.
LOG (gmm-acc-stats-ali[5.5.52-6d919]:main():gmm-acc-stats-ali.cc:105) Processed 6550 utterances; for utterance s03m1ksihg01-20150804-Koreancar1SNR10-cps03030 avg. like is -48.4499 over 181 frames.
LOG (gmm-acc-stats-ali[5.5.52-6d919]:main():gmm-acc-stats-ali.cc:105) Processed 6600 utterances; for utterance s03m1ksihg01-20150804-Koreancar1SNR10-cps03080 avg. like is -45.3574 over 156 frames.
LOG (gmm-acc-stats-ali[5.5.52-6d919]:main():gmm-acc-stats-ali.cc:105) Processed 6650 utterances; for utterance s03m1ksihg01-20150804-Koreancar1SNR10-cps03130 avg. like is -43.4227 over 125 frames.
LOG (gmm-acc-stats-ali[5.5.52-6d919]:main():gmm-acc-stats-ali.cc:105) Processed 6700 utterances; for utterance s03m1ksihg01-20150804-Koreancar1SNR10-cps03180 avg. like is -45.4428 over 166 frames.
LOG (gmm-acc-stats-ali[5.5.52-6d919]:main():gmm-acc-stats-ali.cc:105) Processed 6750 utterances; for utterance s03m1ksihg01-20150804-Koreancar1SNR10-cps03230 avg. like is -45.9139 over 148 frames.
LOG (gmm-acc-stats-ali[5.5.52-6d919]:main():gmm-acc-stats-ali.cc:105) Processed 6800 utterances; for utterance s03m1ksihg01-20150804-Koreancar1SNR10-cps03281 avg. like is -46.2844 over 165 frames.
LOG (gmm-acc-stats-ali[5.5.52-6d919]:main():gmm-acc-stats-ali.cc:105) Processed 6850 utterances; for utterance s03m1ksihg01-20150804-Koreancar1SNR10-cps03331 avg. like is -46.1733 over 161 frames.
LOG (gmm-acc-stats-ali[5.5.52-6d919]:main():gmm-acc-stats-ali.cc:105) Processed 6900 utterances; for utterance s03m1ksihg01-20150804-Koreancar1SNR10-cps03381 avg. like is -47.8948 over 161 frames.
LOG (gmm-acc-stats-ali[5.5.52-6d919]:main():gmm-acc-stats-ali.cc:105) Processed 6950 utterances; for utterance s03m1ssggz02-20150804-Korean-cps03014 avg. like is -51.9518 over 146 frames.
LOG (gmm-acc-stats-ali[5.5.52-6d919]:main():gmm-acc-stats-ali.cc:105) Processed 7000 utterances; for utterance s03m1ssggz02-20150804-Korean-cps03064 avg. like is -45.611 over 179 frames.
LOG (gmm-acc-stats-ali[5.5.52-6d919]:main():gmm-acc-stats-ali.cc:105) Processed 7050 utterances; for utterance s03m1ssggz02-20150804-Korean-cps03114 avg. like is -56.5698 over 163 frames.
LOG (gmm-acc-stats-ali[5.5.52-6d919]:main():gmm-acc-stats-ali.cc:105) Processed 7100 utterances; for utterance s03m1ssggz02-20150804-Korean-cps03164 avg. like is -43.4295 over 171 frames.
LOG (gmm-acc-stats-ali[5.5.52-6d919]:main():gmm-acc-stats-ali.cc:105) Processed 7150 utterances; for utterance s03m1ssggz02-20150804-Korean-cps03214 avg. like is -52.5433 over 150 frames.
LOG (gmm-acc-stats-ali[5.5.52-6d919]:main():gmm-acc-stats-ali.cc:105) Processed 7200 utterances; for utterance s03m1ssggz02-20150804-Korean-cps03264 avg. like is -45.4099 over 177 frames.
LOG (gmm-acc-stats-ali[5.5.52-6d919]:main():gmm-acc-stats-ali.cc:105) Processed 7250 utterances; for utterance s03m1ssggz02-20150804-Korean-cps03315 avg. like is -52.3212 over 161 frames.
LOG (gmm-acc-stats-ali[5.5.52-6d919]:main():gmm-acc-stats-ali.cc:105) Processed 7300 utterances; for utterance s03m1ssggz02-20150804-Korean-cps03365 avg. like is -50.2961 over 161 frames.
LOG (gmm-acc-stats-ali[5.5.52-6d919]:main():gmm-acc-stats-ali.cc:105) Processed 7350 utterances; for utterance s03m1ssggz02-20150804-Korean-cps03415 avg. like is -54.8064 over 207 frames.
LOG (gmm-acc-stats-ali[5.5.52-6d919]:main():gmm-acc-stats-ali.cc:105) Processed 7400 utterances; for utterance s03m1ssggz02-20150804-KoreanbabbleSNR10-cps03047 avg. like is -49.1453 over 159 frames.
LOG (gmm-acc-stats-ali[5.5.52-6d919]:main():gmm-acc-stats-ali.cc:105) Processed 7450 utterances; for utterance s03m1ssggz02-20150804-KoreanbabbleSNR10-cps03097 avg. like is -49.9407 over 161 frames.
LOG (gmm-acc-stats-ali[5.5.52-6d919]:main():gmm-acc-stats-ali.cc:105) Processed 7500 utterances; for utterance s03m1ssggz02-20150804-KoreanbabbleSNR10-cps03147 avg. like is -50.5639 over 165 frames.
LOG (gmm-acc-stats-ali[5.5.52-6d919]:main():gmm-acc-stats-ali.cc:105) Processed 7550 utterances; for utterance s03m1ssggz02-20150804-KoreanbabbleSNR10-cps03197 avg. like is -49.7486 over 194 frames.
LOG (gmm-acc-stats-ali[5.5.52-6d919]:main():gmm-acc-stats-ali.cc:105) Processed 7600 utterances; for utterance s03m1ssggz02-20150804-KoreanbabbleSNR10-cps03247 avg. like is -49.2531 over 144 frames.
LOG (gmm-acc-stats-ali[5.5.52-6d919]:main():gmm-acc-stats-ali.cc:105) Processed 7650 utterances; for utterance s03m1ssggz02-20150804-KoreanbabbleSNR10-cps03297 avg. like is -49.7739 over 156 frames.
LOG (gmm-acc-stats-ali[5.5.52-6d919]:main():gmm-acc-stats-ali.cc:105) Processed 7700 utterances; for utterance s03m1ssggz02-20150804-KoreanbabbleSNR10-cps03348 avg. like is -51.9694 over 156 frames.
LOG (gmm-acc-stats-ali[5.5.52-6d919]:main():gmm-acc-stats-ali.cc:105) Processed 7750 utterances; for utterance s03m1ssggz02-20150804-KoreanbabbleSNR10-cps03398 avg. like is -49.185 over 177 frames.
LOG (gmm-acc-stats-ali[5.5.52-6d919]:main():gmm-acc-stats-ali.cc:105) Processed 7800 utterances; for utterance s03m1ssgmg02-20150804-Korean-cps03030 avg. like is -57.6385 over 157 frames.
LOG (gmm-acc-stats-ali[5.5.52-6d919]:main():gmm-acc-stats-ali.cc:105) Processed 7850 utterances; for utterance s03m1ssgmg02-20150804-Korean-cps03080 avg. like is -53.5978 over 147 frames.
LOG (gmm-acc-stats-ali[5.5.52-6d919]:main():gmm-acc-stats-ali.cc:105) Processed 7900 utterances; for utterance s03m1ssgmg02-20150804-Korean-cps03132 avg. like is -55.152 over 152 frames.
LOG (gmm-acc-stats-ali[5.5.52-6d919]:main():gmm-acc-stats-ali.cc:105) Processed 7950 utterances; for utterance s03m1ssgmg02-20150804-Korean-cps03183 avg. like is -57.2223 over 160 frames.
LOG (gmm-acc-stats-ali[5.5.52-6d919]:main():gmm-acc-stats-ali.cc:105) Processed 8000 utterances; for utterance s03m1ssgmg02-20150804-Korean-cps03235 avg. like is -55.8969 over 158 frames.
LOG (gmm-acc-stats-ali[5.5.52-6d919]:main():gmm-acc-stats-ali.cc:105) Processed 8050 utterances; for utterance s03m1ssgmg02-20150804-Korean-cps03285 avg. like is -53.2502 over 173 frames.
LOG (gmm-acc-stats-ali[5.5.52-6d919]:main():gmm-acc-stats-ali.cc:105) Processed 8100 utterances; for utterance s03m1ssgmg02-20150804-Korean-cps03335 avg. like is -56.3988 over 147 frames.
LOG (gmm-acc-stats-ali[5.5.52-6d919]:main():gmm-acc-stats-ali.cc:105) Processed 8150 utterances; for utterance s03m1ssgmg02-20150804-Korean-cps03385 avg. like is -50.6679 over 143 frames.
LOG (gmm-acc-stats-ali[5.5.52-6d919]:main():gmm-acc-stats-ali.cc:105) Processed 8200 utterances; for utterance s03m1ssgmg02-20150804-KoreanhfchannelSNR10-cps03018 avg. like is -44.3441 over 140 frames.
LOG (gmm-acc-stats-ali[5.5.52-6d919]:main():gmm-acc-stats-ali.cc:105) Processed 8250 utterances; for utterance s03m1ssgmg02-20150804-KoreanhfchannelSNR10-cps03068 avg. like is -44.8972 over 139 frames.
LOG (gmm-acc-stats-ali[5.5.52-6d919]:main():gmm-acc-stats-ali.cc:105) Processed 8300 utterances; for utterance s03m1ssgmg02-20150804-KoreanhfchannelSNR10-cps03119 avg. like is -44.653 over 125 frames.
LOG (gmm-acc-stats-ali[5.5.52-6d919]:main():gmm-acc-stats-ali.cc:105) Processed 8350 utterances; for utterance s03m1ssgmg02-20150804-KoreanhfchannelSNR10-cps03171 avg. like is -44.0341 over 187 frames.
LOG (gmm-acc-stats-ali[5.5.52-6d919]:main():gmm-acc-stats-ali.cc:105) Processed 8400 utterances; for utterance s03m1ssgmg02-20150804-KoreanhfchannelSNR10-cps03223 avg. like is -47.4347 over 147 frames.
LOG (gmm-acc-stats-ali[5.5.52-6d919]:main():gmm-acc-stats-ali.cc:105) Processed 8450 utterances; for utterance s03m1ssgmg02-20150804-KoreanhfchannelSNR10-cps03273 avg. like is -41.0974 over 155 frames.
LOG (gmm-acc-stats-ali[5.5.52-6d919]:main():gmm-acc-stats-ali.cc:105) Processed 8500 utterances; for utterance s03m1ssgmg02-20150804-KoreanhfchannelSNR10-cps03323 avg. like is -45.2418 over 163 frames.
LOG (gmm-acc-stats-ali[5.5.52-6d919]:main():gmm-acc-stats-ali.cc:105) Processed 8550 utterances; for utterance s03m1ssgmg02-20150804-KoreanhfchannelSNR10-cps03373 avg. like is -46.3461 over 187 frames.
LOG (gmm-acc-stats-ali[5.5.52-6d919]:main():gmm-acc-stats-ali.cc:105) Processed 8600 utterances; for utterance s03m1ssgpy01-20150804-Korean-cps03006 avg. like is -59.6602 over 152 frames.
LOG (gmm-acc-stats-ali[5.5.52-6d919]:main():gmm-acc-stats-ali.cc:105) Processed 8650 utterances; for utterance s03m1ssgpy01-20150804-Korean-cps03056 avg. like is -51.7738 over 162 frames.
LOG (gmm-acc-stats-ali[5.5.52-6d919]:main():gmm-acc-stats-ali.cc:105) Processed 8700 utterances; for utterance s03m1ssgpy01-20150804-Korean-cps03106 avg. like is -51.571 over 133 frames.
LOG (gmm-acc-stats-ali[5.5.52-6d919]:main():gmm-acc-stats-ali.cc:105) Processed 8750 utterances; for utterance s03m1ssgpy01-20150804-Korean-cps03156 avg. like is -57.997 over 156 frames.
LOG (gmm-acc-stats-ali[5.5.52-6d919]:main():gmm-acc-stats-ali.cc:105) Processed 8800 utterances; for utterance s03m1ssgpy01-20150804-Korean-cps03206 avg. like is -53.5042 over 175 frames.
LOG (gmm-acc-stats-ali[5.5.52-6d919]:main():gmm-acc-stats-ali.cc:105) Processed 8850 utterances; for utterance s03m1ssgpy01-20150804-Korean-cps03256 avg. like is -56.26 over 162 frames.
LOG (gmm-acc-stats-ali[5.5.52-6d919]:main():gmm-acc-stats-ali.cc:105) Processed 8900 utterances; for utterance s03m1ssgpy01-20150804-Korean-cps03308 avg. like is -49.8529 over 150 frames.
LOG (gmm-acc-stats-ali[5.5.52-6d919]:main():gmm-acc-stats-ali.cc:105) Processed 8950 utterances; for utterance s03m1ssgpy01-20150804-Korean-cps03358 avg. like is -51.5673 over 149 frames.
LOG (gmm-acc-stats-ali[5.5.52-6d919]:main():gmm-acc-stats-ali.cc:105) Processed 9000 utterances; for utterance s03m1ssgpy01-20150804-Korean-cps03409 avg. like is -50.4998 over 174 frames.
LOG (gmm-acc-stats-ali[5.5.52-6d919]:main():gmm-acc-stats-ali.cc:105) Processed 9050 utterances; for utterance s03m1ssgpy01-20150804-KoreanpinkSNR10-cps03041 avg. like is -45.3849 over 163 frames.
LOG (gmm-acc-stats-ali[5.5.52-6d919]:main():gmm-acc-stats-ali.cc:105) Processed 9100 utterances; for utterance s03m1ssgpy01-20150804-KoreanpinkSNR10-cps03091 avg. like is -45.0916 over 155 frames.
LOG (gmm-acc-stats-ali[5.5.52-6d919]:main():gmm-acc-stats-ali.cc:105) Processed 9150 utterances; for utterance s03m1ssgpy01-20150804-KoreanpinkSNR10-cps03141 avg. like is -44.8104 over 136 frames.
LOG (gmm-acc-stats-ali[5.5.52-6d919]:main():gmm-acc-stats-ali.cc:105) Processed 9200 utterances; for utterance s03m1ssgpy01-20150804-KoreanpinkSNR10-cps03191 avg. like is -45.133 over 163 frames.
LOG (gmm-acc-stats-ali[5.5.52-6d919]:main():gmm-acc-stats-ali.cc:105) Processed 9250 utterances; for utterance s03m1ssgpy01-20150804-KoreanpinkSNR10-cps03241 avg. like is -44.0462 over 137 frames.
LOG (gmm-acc-stats-ali[5.5.52-6d919]:main():gmm-acc-stats-ali.cc:105) Processed 9300 utterances; for utterance s03m1ssgpy01-20150804-KoreanpinkSNR10-cps03293 avg. like is -44.0828 over 167 frames.
LOG (gmm-acc-stats-ali[5.5.52-6d919]:main():gmm-acc-stats-ali.cc:105) Processed 9350 utterances; for utterance s03m1ssgpy01-20150804-KoreanpinkSNR10-cps03343 avg. like is -46.077 over 147 frames.
LOG (gmm-acc-stats-ali[5.5.52-6d919]:main():gmm-acc-stats-ali.cc:105) Processed 9400 utterances; for utterance s03m1ssgpy01-20150804-KoreanpinkSNR10-cps03393 avg. like is -42.7237 over 155 frames.
LOG (gmm-acc-stats-ali[5.5.52-6d919]:main():gmm-acc-stats-ali.cc:105) Processed 9450 utterances; for utterance s03m1ssgyc01-20150804-Korean-cps03026 avg. like is -61.4042 over 144 frames.
LOG (gmm-acc-stats-ali[5.5.52-6d919]:main():gmm-acc-stats-ali.cc:105) Processed 9500 utterances; for utterance s03m1ssgyc01-20150804-Korean-cps03076 avg. like is -56.9694 over 213 frames.
LOG (gmm-acc-stats-ali[5.5.52-6d919]:main():gmm-acc-stats-ali.cc:105) Processed 9550 utterances; for utterance s03m1ssgyc01-20150804-Korean-cps03127 avg. like is -57.6436 over 180 frames.
LOG (gmm-acc-stats-ali[5.5.52-6d919]:main():gmm-acc-stats-ali.cc:105) Processed 9600 utterances; for utterance s03m1ssgyc01-20150804-Korean-cps03178 avg. like is -49.8629 over 171 frames.
LOG (gmm-acc-stats-ali[5.5.52-6d919]:main():gmm-acc-stats-ali.cc:105) Processed 9650 utterances; for utterance s03m1ssgyc01-20150804-Korean-cps03228 avg. like is -54.653 over 186 frames.
LOG (gmm-acc-stats-ali[5.5.52-6d919]:main():gmm-acc-stats-ali.cc:105) Processed 9700 utterances; for utterance s03m1ssgyc01-20150804-Korean-cps03279 avg. like is -58.0065 over 183 frames.
LOG (gmm-acc-stats-ali[5.5.52-6d919]:main():gmm-acc-stats-ali.cc:105) Processed 9750 utterances; for utterance s03m1ssgyc01-20150804-Korean-cps03329 avg. like is -59.3721 over 191 frames.
LOG (gmm-acc-stats-ali[5.5.52-6d919]:main():gmm-acc-stats-ali.cc:105) Processed 9800 utterances; for utterance s03m1ssgyc01-20150804-Korean-cps03379 avg. like is -49.3591 over 199 frames.
LOG (gmm-acc-stats-ali[5.5.52-6d919]:main():gmm-acc-stats-ali.cc:105) Processed 9850 utterances; for utterance s03m1ssgyc01-20150804-KoreanpinkSNR10-cps03012 avg. like is -44.3329 over 172 frames.
LOG (gmm-acc-stats-ali[5.5.52-6d919]:main():gmm-acc-stats-ali.cc:105) Processed 9900 utterances; for utterance s03m1ssgyc01-20150804-KoreanpinkSNR10-cps03062 avg. like is -41.6692 over 207 frames.
LOG (gmm-acc-stats-ali[5.5.52-6d919]:main():gmm-acc-stats-ali.cc:105) Processed 9950 utterances; for utterance s03m1ssgyc01-20150804-KoreanpinkSNR10-cps03112 avg. like is -40.9803 over 196 frames.
LOG (gmm-acc-stats-ali[5.5.52-6d919]:main():gmm-acc-stats-ali.cc:105) Processed 10000 utterances; for utterance s03m1ssgyc01-20150804-KoreanpinkSNR10-cps03163 avg. like is -40.8072 over 120 frames.
LOG (gmm-acc-stats-ali[5.5.52-6d919]:main():gmm-acc-stats-ali.cc:105) Processed 10050 utterances; for utterance s03m1ssgyc01-20150804-KoreanpinkSNR10-cps03214 avg. like is -41.6334 over 186 frames.
LOG (gmm-acc-stats-ali[5.5.52-6d919]:main():gmm-acc-stats-ali.cc:105) Processed 10100 utterances; for utterance s03m1ssgyc01-20150804-KoreanpinkSNR10-cps03264 avg. like is -40.9213 over 192 frames.
LOG (gmm-acc-stats-ali[5.5.52-6d919]:main():gmm-acc-stats-ali.cc:105) Processed 10150 utterances; for utterance s03m1ssgyc01-20150804-KoreanpinkSNR10-cps03315 avg. like is -42.9261 over 167 frames.
LOG (gmm-acc-stats-ali[5.5.52-6d919]:main():gmm-acc-stats-ali.cc:105) Processed 10200 utterances; for utterance s03m1ssgyc01-20150804-KoreanpinkSNR10-cps03365 avg. like is -43.3602 over 158 frames.
LOG (gmm-acc-stats-ali[5.5.52-6d919]:main():gmm-acc-stats-ali.cc:105) Processed 10250 utterances; for utterance s03m1ssgyc01-20150804-KoreanpinkSNR10-cps03416 avg. like is -43.0157 over 185 frames.
LOG (gmm-acc-stats-ali[5.5.52-6d919]:main():gmm-acc-stats-ali.cc:105) Processed 10300 utterances; for utterance s03m2ccjjp01-20150804-Korean-cps03049 avg. like is -56.1554 over 123 frames.
LOG (gmm-acc-stats-ali[5.5.52-6d919]:main():gmm-acc-stats-ali.cc:105) Processed 10350 utterances; for utterance s03m2ccjjp01-20150804-Korean-cps03099 avg. like is -53.1368 over 162 frames.
LOG (gmm-acc-stats-ali[5.5.52-6d919]:main():gmm-acc-stats-ali.cc:105) Processed 10400 utterances; for utterance s03m2ccjjp01-20150804-Korean-cps03149 avg. like is -54.3449 over 126 frames.
LOG (gmm-acc-stats-ali[5.5.52-6d919]:main():gmm-acc-stats-ali.cc:105) Processed 10450 utterances; for utterance s03m2ccjjp01-20150804-Korean-cps03199 avg. like is -55.873 over 145 frames.
LOG (gmm-acc-stats-ali[5.5.52-6d919]:main():gmm-acc-stats-ali.cc:105) Processed 10500 utterances; for utterance s03m2ccjjp01-20150804-Korean-cps03249 avg. like is -49.0012 over 131 frames.
LOG (gmm-acc-stats-ali[5.5.52-6d919]:main():gmm-acc-stats-ali.cc:105) Processed 10550 utterances; for utterance s03m2ccjjp01-20150804-Korean-cps03300 avg. like is -54.9997 over 140 frames.
LOG (gmm-acc-stats-ali[5.5.52-6d919]:main():gmm-acc-stats-ali.cc:105) Processed 10600 utterances; for utterance s03m2ccjjp01-20150804-Korean-cps03350 avg. like is -48.7266 over 139 frames.
LOG (gmm-acc-stats-ali[5.5.52-6d919]:main():gmm-acc-stats-ali.cc:105) Processed 10650 utterances; for utterance s03m2ccjjp01-20150804-Korean-cps03400 avg. like is -50.5807 over 120 frames.
LOG (gmm-acc-stats-ali[5.5.52-6d919]:main():gmm-acc-stats-ali.cc:105) Processed 10700 utterances; for utterance s03m2ccjjp01-20150804-KoreandestroyeropsSNR10-cps03033 avg. like is -49.304 over 129 frames.
LOG (gmm-acc-stats-ali[5.5.52-6d919]:main():gmm-acc-stats-ali.cc:105) Processed 10750 utterances; for utterance s03m2ccjjp01-20150804-KoreandestroyeropsSNR10-cps03083 avg. like is -47.2594 over 137 frames.
LOG (gmm-acc-stats-ali[5.5.52-6d919]:main():gmm-acc-stats-ali.cc:105) Processed 10800 utterances; for utterance s03m2ccjjp01-20150804-KoreandestroyeropsSNR10-cps03133 avg. like is -45.0825 over 113 frames.
LOG (gmm-acc-stats-ali[5.5.52-6d919]:main():gmm-acc-stats-ali.cc:105) Processed 10850 utterances; for utterance s03m2ccjjp01-20150804-KoreandestroyeropsSNR10-cps03183 avg. like is -47.7702 over 142 frames.
LOG (gmm-acc-stats-ali[5.5.52-6d919]:main():gmm-acc-stats-ali.cc:105) Processed 10900 utterances; for utterance s03m2ccjjp01-20150804-KoreandestroyeropsSNR10-cps03233 avg. like is -49.3128 over 142 frames.
LOG (gmm-acc-stats-ali[5.5.52-6d919]:main():gmm-acc-stats-ali.cc:105) Processed 10950 utterances; for utterance s03m2ccjjp01-20150804-KoreandestroyeropsSNR10-cps03284 avg. like is -46.0226 over 120 frames.
LOG (gmm-acc-stats-ali[5.5.52-6d919]:main():gmm-acc-stats-ali.cc:105) Processed 11000 utterances; for utterance s03m2ccjjp01-20150804-KoreandestroyeropsSNR10-cps03334 avg. like is -49.9603 over 140 frames.
LOG (gmm-acc-stats-ali[5.5.52-6d919]:main():gmm-acc-stats-ali.cc:105) Processed 11050 utterances; for utterance s03m2ccjjp01-20150804-KoreandestroyeropsSNR10-cps03384 avg. like is -47.5564 over 202 frames.
LOG (gmm-acc-stats-ali[5.5.52-6d919]:main():gmm-acc-stats-ali.cc:105) Processed 11100 utterances; for utterance s03m2ksbsu02-20150804-Korean-cps03016 avg. like is -51.3985 over 149 frames.
LOG (gmm-acc-stats-ali[5.5.52-6d919]:main():gmm-acc-stats-ali.cc:105) Processed 11150 utterances; for utterance s03m2ksbsu02-20150804-Korean-cps03066 avg. like is -47.8207 over 154 frames.
LOG (gmm-acc-stats-ali[5.5.52-6d919]:main():gmm-acc-stats-ali.cc:105) Processed 11200 utterances; for utterance s03m2ksbsu02-20150804-Korean-cps03116 avg. like is -43.9448 over 127 frames.
LOG (gmm-acc-stats-ali[5.5.52-6d919]:main():gmm-acc-stats-ali.cc:105) Processed 11250 utterances; for utterance s03m2ksbsu02-20150804-Korean-cps03166 avg. like is -49.4675 over 165 frames.
LOG (gmm-acc-stats-ali[5.5.52-6d919]:main():gmm-acc-stats-ali.cc:105) Processed 11300 utterances; for utterance s03m2ksbsu02-20150804-Korean-cps03217 avg. like is -47.4007 over 200 frames.
LOG (gmm-acc-stats-ali[5.5.52-6d919]:main():gmm-acc-stats-ali.cc:105) Processed 11350 utterances; for utterance s03m2ksbsu02-20150804-Korean-cps03267 avg. like is -48.1506 over 157 frames.
LOG (gmm-acc-stats-ali[5.5.52-6d919]:main():gmm-acc-stats-ali.cc:105) Processed 11400 utterances; for utterance s03m2ksbsu02-20150804-Korean-cps03317 avg. like is -48.0514 over 163 frames.
LOG (gmm-acc-stats-ali[5.5.52-6d919]:main():gmm-acc-stats-ali.cc:105) Processed 11450 utterances; for utterance s03m2ksbsu02-20150804-Korean-cps03368 avg. like is -44.19 over 146 frames.
LOG (gmm-acc-stats-ali[5.5.52-6d919]:main():gmm-acc-stats-ali.cc:105) Processed 11500 utterances; for utterance s03m2ksbsu02-20150804-Koreanleopard2SNR10-cps03002 avg. like is -47.8214 over 142 frames.
LOG (gmm-acc-stats-ali[5.5.52-6d919]:main():gmm-acc-stats-ali.cc:105) Processed 11550 utterances; for utterance s03m2ksbsu02-20150804-Koreanleopard2SNR10-cps03052 avg. like is -45.6711 over 148 frames.
LOG (gmm-acc-stats-ali[5.5.52-6d919]:main():gmm-acc-stats-ali.cc:105) Processed 11600 utterances; for utterance s03m2ksbsu02-20150804-Koreanleopard2SNR10-cps03102 avg. like is -47.667 over 141 frames.
LOG (gmm-acc-stats-ali[5.5.52-6d919]:main():gmm-acc-stats-ali.cc:105) Processed 11650 utterances; for utterance s03m2ksbsu02-20150804-Koreanleopard2SNR10-cps03152 avg. like is -48.1899 over 171 frames.
LOG (gmm-acc-stats-ali[5.5.52-6d919]:main():gmm-acc-stats-ali.cc:105) Processed 11700 utterances; for utterance s03m2ksbsu02-20150804-Koreanleopard2SNR10-cps03203 avg. like is -45.1502 over 127 frames.
LOG (gmm-acc-stats-ali[5.5.52-6d919]:main():gmm-acc-stats-ali.cc:105) Processed 11750 utterances; for utterance s03m2ksbsu02-20150804-Koreanleopard2SNR10-cps03253 avg. like is -47.8888 over 136 frames.
LOG (gmm-acc-stats-ali[5.5.52-6d919]:main():gmm-acc-stats-ali.cc:105) Processed 11800 utterances; for utterance s03m2ksbsu02-20150804-Koreanleopard2SNR10-cps03303 avg. like is -49.9837 over 167 frames.
LOG (gmm-acc-stats-ali[5.5.52-6d919]:main():gmm-acc-stats-ali.cc:105) Processed 11850 utterances; for utterance s03m2ksbsu02-20150804-Koreanleopard2SNR10-cps03354 avg. like is -48.0211 over 127 frames.
LOG (gmm-acc-stats-ali[5.5.52-6d919]:main():gmm-acc-stats-ali.cc:105) Processed 11900 utterances; for utterance s03m2ksbsu02-20150804-Koreanleopard2SNR10-cps03406 avg. like is -46.6858 over 136 frames.
LOG (gmm-acc-stats-ali[5.5.52-6d919]:main():gmm-acc-stats-ali.cc:105) Processed 11950 utterances; for utterance s03m2ksgjp01-20150804-Korean-cps03039 avg. like is -50.4384 over 158 frames.
LOG (gmm-acc-stats-ali[5.5.52-6d919]:main():gmm-acc-stats-ali.cc:105) Processed 12000 utterances; for utterance s03m2ksgjp01-20150804-Korean-cps03090 avg. like is -55.8043 over 136 frames.
LOG (gmm-acc-stats-ali[5.5.52-6d919]:main():gmm-acc-stats-ali.cc:105) Processed 12050 utterances; for utterance s03m2ksgjp01-20150804-Korean-cps03140 avg. like is -50.9806 over 175 frames.
LOG (gmm-acc-stats-ali[5.5.52-6d919]:main():gmm-acc-stats-ali.cc:105) Processed 12100 utterances; for utterance s03m2ksgjp01-20150804-Korean-cps03190 avg. like is -54.9728 over 151 frames.
LOG (gmm-acc-stats-ali[5.5.52-6d919]:main():gmm-acc-stats-ali.cc:105) Processed 12150 utterances; for utterance s03m2ksgjp01-20150804-Korean-cps03242 avg. like is -51.1334 over 169 frames.
LOG (gmm-acc-stats-ali[5.5.52-6d919]:main():gmm-acc-stats-ali.cc:105) Processed 12200 utterances; for utterance s03m2ksgjp01-20150804-Korean-cps03293 avg. like is -52.8346 over 163 frames.
LOG (gmm-acc-stats-ali[5.5.52-6d919]:main():gmm-acc-stats-ali.cc:105) Processed 12250 utterances; for utterance s03m2ksgjp01-20150804-Korean-cps03343 avg. like is -51.0304 over 187 frames.
LOG (gmm-acc-stats-ali[5.5.52-6d919]:main():gmm-acc-stats-ali.cc:105) Processed 12300 utterances; for utterance s03m2ksgjp01-20150804-Korean-cps03393 avg. like is -48.6321 over 198 frames.
LOG (gmm-acc-stats-ali[5.5.52-6d919]:main():gmm-acc-stats-ali.cc:105) Processed 12350 utterances; for utterance s03m2ksgjp01-20150804-KoreanpinkSNR10-cps03027 avg. like is -43.3185 over 194 frames.
LOG (gmm-acc-stats-ali[5.5.52-6d919]:main():gmm-acc-stats-ali.cc:105) Processed 12400 utterances; for utterance s03m2ksgjp01-20150804-KoreanpinkSNR10-cps03077 avg. like is -44.047 over 135 frames.
LOG (gmm-acc-stats-ali[5.5.52-6d919]:main():gmm-acc-stats-ali.cc:105) Processed 12450 utterances; for utterance s03m2ksgjp01-20150804-KoreanpinkSNR10-cps03128 avg. like is -46.4417 over 176 frames.
LOG (gmm-acc-stats-ali[5.5.52-6d919]:main():gmm-acc-stats-ali.cc:105) Processed 12500 utterances; for utterance s03m2ksgjp01-20150804-KoreanpinkSNR10-cps03178 avg. like is -44.3843 over 148 frames.
LOG (gmm-acc-stats-ali[5.5.52-6d919]:main():gmm-acc-stats-ali.cc:105) Processed 12550 utterances; for utterance s03m2ksgjp01-20150804-KoreanpinkSNR10-cps03230 avg. like is -43.6547 over 135 frames.
LOG (gmm-acc-stats-ali[5.5.52-6d919]:main():gmm-acc-stats-ali.cc:105) Processed 12600 utterances; for utterance s03m2ksgjp01-20150804-KoreanpinkSNR10-cps03280 avg. like is -42.0124 over 135 frames.
LOG (gmm-acc-stats-ali[5.5.52-6d919]:main():gmm-acc-stats-ali.cc:105) Processed 12650 utterances; for utterance s03m2ksgjp01-20150804-KoreanpinkSNR10-cps03331 avg. like is -44.0585 over 174 frames.
LOG (gmm-acc-stats-ali[5.5.52-6d919]:main():gmm-acc-stats-ali.cc:105) Processed 12700 utterances; for utterance s03m2ksgjp01-20150804-KoreanpinkSNR10-cps03381 avg. like is -42.9116 over 214 frames.
LOG (gmm-acc-stats-ali[5.5.52-6d919]:main():gmm-acc-stats-ali.cc:105) Processed 12750 utterances; for utterance s03m2ksjms02-20150804-Korean-cps03014 avg. like is -50.6705 over 105 frames.
LOG (gmm-acc-stats-ali[5.5.52-6d919]:main():gmm-acc-stats-ali.cc:105) Processed 12800 utterances; for utterance s03m2ksjms02-20150804-Korean-cps03065 avg. like is -52.6209 over 163 frames.
LOG (gmm-acc-stats-ali[5.5.52-6d919]:main():gmm-acc-stats-ali.cc:105) Processed 12850 utterances; for utterance s03m2ksjms02-20150804-Korean-cps03117 avg. like is -48.8871 over 162 frames.
LOG (gmm-acc-stats-ali[5.5.52-6d919]:main():gmm-acc-stats-ali.cc:105) Processed 12900 utterances; for utterance s03m2ksjms02-20150804-Korean-cps03168 avg. like is -54.9108 over 197 frames.
LOG (gmm-acc-stats-ali[5.5.52-6d919]:main():gmm-acc-stats-ali.cc:105) Processed 12950 utterances; for utterance s03m2ksjms02-20150804-Korean-cps03218 avg. like is -49.7892 over 122 frames.
LOG (gmm-acc-stats-ali[5.5.52-6d919]:main():gmm-acc-stats-ali.cc:105) Processed 13000 utterances; for utterance s03m2ksjms02-20150804-Korean-cps03268 avg. like is -46.6368 over 151 frames.
LOG (gmm-acc-stats-ali[5.5.52-6d919]:main():gmm-acc-stats-ali.cc:105) Processed 13050 utterances; for utterance s03m2ksjms02-20150804-Korean-cps03318 avg. like is -52.34 over 139 frames.
LOG (gmm-acc-stats-ali[5.5.52-6d919]:main():gmm-acc-stats-ali.cc:105) Processed 13100 utterances; for utterance s03m2ksjms02-20150804-Korean-cps03369 avg. like is -45.6569 over 139 frames.
LOG (gmm-acc-stats-ali[5.5.52-6d919]:main():gmm-acc-stats-ali.cc:105) Processed 13150 utterances; for utterance s03m2ksjms02-20150804-Koreancar1SNR10-cps03003 avg. like is -46.5495 over 128 frames.
LOG (gmm-acc-stats-ali[5.5.52-6d919]:main():gmm-acc-stats-ali.cc:105) Processed 13200 utterances; for utterance s03m2ksjms02-20150804-Koreancar1SNR10-cps03054 avg. like is -43.7798 over 133 frames.
LOG (gmm-acc-stats-ali[5.5.52-6d919]:main():gmm-acc-stats-ali.cc:105) Processed 13250 utterances; for utterance s03m2ksjms02-20150804-Koreancar1SNR10-cps03106 avg. like is -47.9206 over 116 frames.
LOG (gmm-acc-stats-ali[5.5.52-6d919]:main():gmm-acc-stats-ali.cc:105) Processed 13300 utterances; for utterance s03m2ksjms02-20150804-Koreancar1SNR10-cps03157 avg. like is -48.2423 over 125 frames.
LOG (gmm-acc-stats-ali[5.5.52-6d919]:main():gmm-acc-stats-ali.cc:105) Processed 13350 utterances; for utterance s03m2ksjms02-20150804-Koreancar1SNR10-cps03207 avg. like is -45.3178 over 174 frames.
LOG (gmm-acc-stats-ali[5.5.52-6d919]:main():gmm-acc-stats-ali.cc:105) Processed 13400 utterances; for utterance s03m2ksjms02-20150804-Koreancar1SNR10-cps03257 avg. like is -45.1596 over 157 frames.
LOG (gmm-acc-stats-ali[5.5.52-6d919]:main():gmm-acc-stats-ali.cc:105) Processed 13450 utterances; for utterance s03m2ksjms02-20150804-Koreancar1SNR10-cps03307 avg. like is -44.6614 over 143 frames.
LOG (gmm-acc-stats-ali[5.5.52-6d919]:main():gmm-acc-stats-ali.cc:105) Processed 13500 utterances; for utterance s03m2ksjms02-20150804-Koreancar1SNR10-cps03358 avg. like is -45.3686 over 162 frames.
LOG (gmm-acc-stats-ali[5.5.52-6d919]:main():gmm-acc-stats-ali.cc:105) Processed 13550 utterances; for utterance s03m2ksjms02-20150804-Koreancar1SNR10-cps03410 avg. like is -44.1313 over 157 frames.
LOG (gmm-acc-stats-ali[5.5.52-6d919]:main():gmm-acc-stats-ali.cc:105) Processed 13600 utterances; for utterance s03m2sshmg01-20150804-Korean-cps03042 avg. like is -52.982 over 165 frames.
LOG (gmm-acc-stats-ali[5.5.52-6d919]:main():gmm-acc-stats-ali.cc:105) Processed 13650 utterances; for utterance s03m2sshmg01-20150804-Korean-cps03092 avg. like is -53.2532 over 145 frames.
LOG (gmm-acc-stats-ali[5.5.52-6d919]:main():gmm-acc-stats-ali.cc:105) Processed 13700 utterances; for utterance s03m2sshmg01-20150804-Korean-cps03144 avg. like is -52.846 over 159 frames.
LOG (gmm-acc-stats-ali[5.5.52-6d919]:main():gmm-acc-stats-ali.cc:105) Processed 13750 utterances; for utterance s03m2sshmg01-20150804-Korean-cps03195 avg. like is -58.7351 over 153 frames.
LOG (gmm-acc-stats-ali[5.5.52-6d919]:main():gmm-acc-stats-ali.cc:105) Processed 13800 utterances; for utterance s03m2sshmg01-20150804-Korean-cps03245 avg. like is -55.2299 over 154 frames.
LOG (gmm-acc-stats-ali[5.5.52-6d919]:main():gmm-acc-stats-ali.cc:105) Processed 13850 utterances; for utterance s03m2sshmg01-20150804-Korean-cps03297 avg. like is -54.9501 over 138 frames.
LOG (gmm-acc-stats-ali[5.5.52-6d919]:main():gmm-acc-stats-ali.cc:105) Processed 13900 utterances; for utterance s03m2sshmg01-20150804-Korean-cps03347 avg. like is -55.3275 over 140 frames.
LOG (gmm-acc-stats-ali[5.5.52-6d919]:main():gmm-acc-stats-ali.cc:105) Processed 13950 utterances; for utterance s03m2sshmg01-20150804-Korean-cps03397 avg. like is -60.0549 over 161 frames.
LOG (gmm-acc-stats-ali[5.5.52-6d919]:main():gmm-acc-stats-ali.cc:105) Processed 14000 utterances; for utterance s03m2sshmg01-20150804-KoreanpinkSNR10-cps03030 avg. like is -47.567 over 164 frames.
LOG (gmm-acc-stats-ali[5.5.52-6d919]:main():gmm-acc-stats-ali.cc:105) Processed 14050 utterances; for utterance s03m2sshmg01-20150804-KoreanpinkSNR10-cps03080 avg. like is -44.8357 over 141 frames.
LOG (gmm-acc-stats-ali[5.5.52-6d919]:main():gmm-acc-stats-ali.cc:105) Processed 14100 utterances; for utterance s03m2sshmg01-20150804-KoreanpinkSNR10-cps03131 avg. like is -44.7238 over 159 frames.
LOG (gmm-acc-stats-ali[5.5.52-6d919]:main():gmm-acc-stats-ali.cc:105) Processed 14150 utterances; for utterance s03m2sshmg01-20150804-KoreanpinkSNR10-cps03183 avg. like is -44.6686 over 168 frames.
LOG (gmm-acc-stats-ali[5.5.52-6d919]:main():gmm-acc-stats-ali.cc:105) Processed 14200 utterances; for utterance s03m2sshmg01-20150804-KoreanpinkSNR10-cps03233 avg. like is -45.8578 over 143 frames.
LOG (gmm-acc-stats-ali[5.5.52-6d919]:main():gmm-acc-stats-ali.cc:105) Processed 14250 utterances; for utterance s03m2sshmg01-20150804-KoreanpinkSNR10-cps03283 avg. like is -44.0311 over 116 frames.
LOG (gmm-acc-stats-ali[5.5.52-6d919]:main():gmm-acc-stats-ali.cc:105) Processed 14300 utterances; for utterance s03m2sshmg01-20150804-KoreanpinkSNR10-cps03335 avg. like is -45.3011 over 145 frames.
LOG (gmm-acc-stats-ali[5.5.52-6d919]:main():gmm-acc-stats-ali.cc:105) Processed 14350 utterances; for utterance s03m2sshmg01-20150804-KoreanpinkSNR10-cps03385 avg. like is -40.7346 over 125 frames.
LOG (apply-cmvn[5.5.52-6d919]:main():apply-cmvn.cc:162) Applied cepstral mean normalization to 14382 utterances, errors on 0
LOG (transform-feats[5.5.52-6d919]:main():transform-feats.cc:158) Overall average [pseudo-]logdet is -92.5347 over 2.48506e+06 frames.
LOG (transform-feats[5.5.52-6d919]:main():transform-feats.cc:161) Applied transform to 14382 utterances; 0 had errors.
LOG (transform-feats[5.5.52-6d919]:main():transform-feats.cc:158) Overall average logdet is 3.47281 over 2.48506e+06 frames.
LOG (transform-feats[5.5.52-6d919]:main():transform-feats.cc:161) Applied transform to 14382 utterances; 0 had errors.
LOG (gmm-acc-stats-ali[5.5.52-6d919]:main():gmm-acc-stats-ali.cc:112) Done 14382 files, 0 with errors.
LOG (gmm-acc-stats-ali[5.5.52-6d919]:main():gmm-acc-stats-ali.cc:115) Overall avg like per frame (Gaussian only) = -48.7674 over 2485060 frames.
LOG (gmm-acc-stats-ali[5.5.52-6d919]:main():gmm-acc-stats-ali.cc:123) Written accs.
# Accounting: time=12 threads=1
# Ended (code 0) at Tue May  7 16:05:40 KST 2019, elapsed time 12 seconds
