# gmm-acc-stats-ali exp/tri3b/17.mdl "ark,s,cs:apply-cmvn  --utt2spk=ark:data/train/split8/1/utt2spk scp:data/train/split8/1/cmvn.scp scp:data/train/split8/1/feats.scp ark:- | splice-feats  ark:- ark:- | transform-feats exp/tri2b_ali/final.mat ark:- ark:- | transform-feats --utt2spk=ark:data/train/split8/1/utt2spk ark:exp/tri3b/trans.1 ark:- ark:- |" "ark,s,cs:gunzip -c exp/tri3b/ali.1.gz|" exp/tri3b/17.1.acc 
# Started at Tue May  7 16:15:51 KST 2019
#
gmm-acc-stats-ali exp/tri3b/17.mdl 'ark,s,cs:apply-cmvn  --utt2spk=ark:data/train/split8/1/utt2spk scp:data/train/split8/1/cmvn.scp scp:data/train/split8/1/feats.scp ark:- | splice-feats  ark:- ark:- | transform-feats exp/tri2b_ali/final.mat ark:- ark:- | transform-feats --utt2spk=ark:data/train/split8/1/utt2spk ark:exp/tri3b/trans.1 ark:- ark:- |' 'ark,s,cs:gunzip -c exp/tri3b/ali.1.gz|' exp/tri3b/17.1.acc 
transform-feats exp/tri2b_ali/final.mat ark:- ark:- 
splice-feats ark:- ark:- 
transform-feats --utt2spk=ark:data/train/split8/1/utt2spk ark:exp/tri3b/trans.1 ark:- ark:- 
apply-cmvn --utt2spk=ark:data/train/split8/1/utt2spk scp:data/train/split8/1/cmvn.scp scp:data/train/split8/1/feats.scp ark:- 
LOG (gmm-acc-stats-ali[5.5.52-6d919]:main():gmm-acc-stats-ali.cc:105) Processed 50 utterances; for utterance s001fcc3pjh02-20150804-Korean-set001050 avg. like is -47.6426 over 858 frames.
LOG (gmm-acc-stats-ali[5.5.52-6d919]:main():gmm-acc-stats-ali.cc:105) Processed 100 utterances; for utterance s001fcc3pjh02-20150804-Korean-set001100 avg. like is -45.0438 over 538 frames.
LOG (gmm-acc-stats-ali[5.5.52-6d919]:main():gmm-acc-stats-ali.cc:105) Processed 150 utterances; for utterance s001fcc3pjh02-20150804-Koreanleopard1SNR10-set001045 avg. like is -42.664 over 598 frames.
LOG (gmm-acc-stats-ali[5.5.52-6d919]:main():gmm-acc-stats-ali.cc:105) Processed 200 utterances; for utterance s001fcc3pjh02-20150804-Koreanleopard1SNR10-set001095 avg. like is -42.7026 over 988 frames.
LOG (gmm-acc-stats-ali[5.5.52-6d919]:main():gmm-acc-stats-ali.cc:105) Processed 250 utterances; for utterance s001m2syc00-20150804-Korean-set001040 avg. like is -51.6225 over 392 frames.
LOG (gmm-acc-stats-ali[5.5.52-6d919]:main():gmm-acc-stats-ali.cc:105) Processed 300 utterances; for utterance s001m2syc00-20150804-Korean-set001090 avg. like is -50.6589 over 517 frames.
LOG (gmm-acc-stats-ali[5.5.52-6d919]:main():gmm-acc-stats-ali.cc:105) Processed 350 utterances; for utterance s001m2syc00-20150804-Koreanfactory2SNR10-set001035 avg. like is -42.5201 over 554 frames.
LOG (gmm-acc-stats-ali[5.5.52-6d919]:main():gmm-acc-stats-ali.cc:105) Processed 400 utterances; for utterance s001m2syc00-20150804-Koreanfactory2SNR10-set001085 avg. like is -40.7651 over 333 frames.
LOG (gmm-acc-stats-ali[5.5.52-6d919]:main():gmm-acc-stats-ali.cc:105) Processed 450 utterances; for utterance s001mcc2gpl00-20150804-Korean-set001030 avg. like is -50.4402 over 758 frames.
LOG (gmm-acc-stats-ali[5.5.52-6d919]:main():gmm-acc-stats-ali.cc:105) Processed 500 utterances; for utterance s001mcc2gpl00-20150804-Korean-set001080 avg. like is -49.1814 over 658 frames.
LOG (gmm-acc-stats-ali[5.5.52-6d919]:main():gmm-acc-stats-ali.cc:105) Processed 550 utterances; for utterance s001mcc2gpl00-20150804-KoreancarSNR10-set001025 avg. like is -43.0381 over 678 frames.
LOG (gmm-acc-stats-ali[5.5.52-6d919]:main():gmm-acc-stats-ali.cc:105) Processed 600 utterances; for utterance s001mcc2gpl00-20150804-KoreancarSNR10-set001075 avg. like is -42.7875 over 758 frames.
LOG (gmm-acc-stats-ali[5.5.52-6d919]:main():gmm-acc-stats-ali.cc:105) Processed 650 utterances; for utterance s002fcc2pho00-20150804-Korean-set002020 avg. like is -46.7911 over 758 frames.
LOG (gmm-acc-stats-ali[5.5.52-6d919]:main():gmm-acc-stats-ali.cc:105) Processed 700 utterances; for utterance s002fcc2pho00-20150804-Korean-set002070 avg. like is -44.215 over 878 frames.
LOG (gmm-acc-stats-ali[5.5.52-6d919]:main():gmm-acc-stats-ali.cc:105) Processed 750 utterances; for utterance s002fcc2pho00-20150804-KoreanvolvoSNR10-set002015 avg. like is -41.8637 over 698 frames.
LOG (gmm-acc-stats-ali[5.5.52-6d919]:main():gmm-acc-stats-ali.cc:105) Processed 800 utterances; for utterance s002fcc2pho00-20150804-KoreanvolvoSNR10-set002065 avg. like is -41.6258 over 678 frames.
LOG (gmm-acc-stats-ali[5.5.52-6d919]:main():gmm-acc-stats-ali.cc:105) Processed 850 utterances; for utterance s002m2ljk00-20150804-Korean-set002010 avg. like is -50.2366 over 567 frames.
LOG (gmm-acc-stats-ali[5.5.52-6d919]:main():gmm-acc-stats-ali.cc:105) Processed 900 utterances; for utterance s002m2ljk00-20150804-Korean-set002060 avg. like is -47.9075 over 594 frames.
LOG (gmm-acc-stats-ali[5.5.52-6d919]:main():gmm-acc-stats-ali.cc:105) Processed 950 utterances; for utterance s002m2ljk00_r-20150804-Korean-set002005 avg. like is -55.6164 over 821 frames.
LOG (gmm-acc-stats-ali[5.5.52-6d919]:main():gmm-acc-stats-ali.cc:105) Processed 1000 utterances; for utterance s002m2ljk00_r-20150804-Korean-set002055 avg. like is -51.9921 over 407 frames.
LOG (gmm-acc-stats-ali[5.5.52-6d919]:main():gmm-acc-stats-ali.cc:105) Processed 1050 utterances; for utterance s002m2ljk00_r-20150804-Korean-set002105 avg. like is -52.5238 over 454 frames.
LOG (gmm-acc-stats-ali[5.5.52-6d919]:main():gmm-acc-stats-ali.cc:105) Processed 1100 utterances; for utterance s002m2ljk00_r-20150804-KoreanpinkSNR10-set002050 avg. like is -41.4587 over 542 frames.
LOG (gmm-acc-stats-ali[5.5.52-6d919]:main():gmm-acc-stats-ali.cc:105) Processed 1150 utterances; for utterance s002m2ljk00_r-20150804-KoreanpinkSNR10-set002100 avg. like is -42.3248 over 322 frames.
LOG (gmm-acc-stats-ali[5.5.52-6d919]:main():gmm-acc-stats-ali.cc:105) Processed 1200 utterances; for utterance s002mss3wjs00-20150804-Korean-set002045 avg. like is -48.4106 over 958 frames.
LOG (gmm-acc-stats-ali[5.5.52-6d919]:main():gmm-acc-stats-ali.cc:105) Processed 1250 utterances; for utterance s002mss3wjs00-20150804-Korean-set002095 avg. like is -45.9178 over 838 frames.
LOG (gmm-acc-stats-ali[5.5.52-6d919]:main():gmm-acc-stats-ali.cc:105) Processed 1300 utterances; for utterance s002mss3wjs00-20150804-KoreancarSNR10-set002040 avg. like is -43.4328 over 858 frames.
LOG (gmm-acc-stats-ali[5.5.52-6d919]:main():gmm-acc-stats-ali.cc:105) Processed 1350 utterances; for utterance s002mss3wjs00-20150804-KoreancarSNR10-set002090 avg. like is -41.0485 over 758 frames.
LOG (gmm-acc-stats-ali[5.5.52-6d919]:main():gmm-acc-stats-ali.cc:105) Processed 1400 utterances; for utterance s003fcc2khj02-20150804-Korean-set003035 avg. like is -45.7177 over 618 frames.
LOG (gmm-acc-stats-ali[5.5.52-6d919]:main():gmm-acc-stats-ali.cc:105) Processed 1450 utterances; for utterance s003fcc2khj02-20150804-Korean-set003085 avg. like is -49.6659 over 628 frames.
LOG (gmm-acc-stats-ali[5.5.52-6d919]:main():gmm-acc-stats-ali.cc:105) Processed 1500 utterances; for utterance s003fcc2khj02-20150804-Koreanfactory2SNR10-set003030 avg. like is -41.4191 over 738 frames.
LOG (gmm-acc-stats-ali[5.5.52-6d919]:main():gmm-acc-stats-ali.cc:105) Processed 1550 utterances; for utterance s003fcc2khj02-20150804-Koreanfactory2SNR10-set003080 avg. like is -40.8776 over 628 frames.
LOG (gmm-acc-stats-ali[5.5.52-6d919]:main():gmm-acc-stats-ali.cc:105) Processed 1600 utterances; for utterance s003m2siy00-20150804-Korean-set003025 avg. like is -47.3502 over 442 frames.
LOG (gmm-acc-stats-ali[5.5.52-6d919]:main():gmm-acc-stats-ali.cc:105) Processed 1650 utterances; for utterance s003m2siy00-20150804-Korean-set003075 avg. like is -49.4445 over 521 frames.
LOG (gmm-acc-stats-ali[5.5.52-6d919]:main():gmm-acc-stats-ali.cc:105) Processed 1700 utterances; for utterance s003m2siy00-20150804-Koreancar1SNR10-set003020 avg. like is -43.3745 over 429 frames.
LOG (gmm-acc-stats-ali[5.5.52-6d919]:main():gmm-acc-stats-ali.cc:105) Processed 1750 utterances; for utterance s003m2siy00-20150804-Koreancar1SNR10-set003070 avg. like is -46.0828 over 361 frames.
LOG (gmm-acc-stats-ali[5.5.52-6d919]:main():gmm-acc-stats-ali.cc:105) Processed 1800 utterances; for utterance s003m2siy00_r-20150804-Korean-set003015 avg. like is -47.213 over 443 frames.
LOG (gmm-acc-stats-ali[5.5.52-6d919]:main():gmm-acc-stats-ali.cc:105) Processed 1850 utterances; for utterance s003m2siy00_r-20150804-Korean-set003065 avg. like is -47.0566 over 407 frames.
LOG (gmm-acc-stats-ali[5.5.52-6d919]:main():gmm-acc-stats-ali.cc:105) Processed 1900 utterances; for utterance s003m2siy00_r-20150804-Koreanleopard2SNR10-set003010 avg. like is -47.2907 over 617 frames.
LOG (gmm-acc-stats-ali[5.5.52-6d919]:main():gmm-acc-stats-ali.cc:105) Processed 1950 utterances; for utterance s003m2siy00_r-20150804-Koreanleopard2SNR10-set003060 avg. like is -45.4182 over 518 frames.
LOG (gmm-acc-stats-ali[5.5.52-6d919]:main():gmm-acc-stats-ali.cc:105) Processed 2000 utterances; for utterance s003mkw2hds00-20150804-Korean-set003005 avg. like is -47.306 over 1088 frames.
LOG (gmm-acc-stats-ali[5.5.52-6d919]:main():gmm-acc-stats-ali.cc:105) Processed 2050 utterances; for utterance s003mkw2hds00-20150804-Korean-set003055 avg. like is -47.0627 over 758 frames.
LOG (gmm-acc-stats-ali[5.5.52-6d919]:main():gmm-acc-stats-ali.cc:105) Processed 2100 utterances; for utterance s003mkw2hds00-20150804-Korean-set003105 avg. like is -48.8285 over 958 frames.
LOG (gmm-acc-stats-ali[5.5.52-6d919]:main():gmm-acc-stats-ali.cc:105) Processed 2150 utterances; for utterance s003mkw2hds00-20150804-KoreanbabbleSNR10-set003050 avg. like is -48.8036 over 768 frames.
LOG (gmm-acc-stats-ali[5.5.52-6d919]:main():gmm-acc-stats-ali.cc:105) Processed 2200 utterances; for utterance s003mkw2hds00-20150804-KoreanbabbleSNR10-set003100 avg. like is -47.6297 over 748 frames.
LOG (gmm-acc-stats-ali[5.5.52-6d919]:main():gmm-acc-stats-ali.cc:105) Processed 2250 utterances; for utterance s004fks3kmj00-20150804-Korean-set004045 avg. like is -45.4722 over 598 frames.
LOG (gmm-acc-stats-ali[5.5.52-6d919]:main():gmm-acc-stats-ali.cc:105) Processed 2300 utterances; for utterance s004fks3kmj00-20150804-Korean-set004095 avg. like is -46.7282 over 588 frames.
LOG (gmm-acc-stats-ali[5.5.52-6d919]:main():gmm-acc-stats-ali.cc:105) Processed 2350 utterances; for utterance s004fks3kmj00-20150804-Koreanleopard2SNR10-set004040 avg. like is -40.8741 over 518 frames.
LOG (gmm-acc-stats-ali[5.5.52-6d919]:main():gmm-acc-stats-ali.cc:105) Processed 2400 utterances; for utterance s004fks3kmj00-20150804-Koreanleopard2SNR10-set004090 avg. like is -43.8767 over 678 frames.
LOG (gmm-acc-stats-ali[5.5.52-6d919]:main():gmm-acc-stats-ali.cc:105) Processed 2450 utterances; for utterance s004m2mjh00-20150804-Korean-set004035 avg. like is -51.8881 over 252 frames.
LOG (gmm-acc-stats-ali[5.5.52-6d919]:main():gmm-acc-stats-ali.cc:105) Processed 2500 utterances; for utterance s004m2mjh00-20150804-Korean-set004085 avg. like is -53.8205 over 313 frames.
LOG (gmm-acc-stats-ali[5.5.52-6d919]:main():gmm-acc-stats-ali.cc:105) Processed 2550 utterances; for utterance s004m2mjh00-20150804-KoreanpinkSNR10-set004029 avg. like is -40.5933 over 331 frames.
LOG (gmm-acc-stats-ali[5.5.52-6d919]:main():gmm-acc-stats-ali.cc:105) Processed 2600 utterances; for utterance s004m2mjh00-20150804-KoreanpinkSNR10-set004079 avg. like is -40.5883 over 309 frames.
LOG (gmm-acc-stats-ali[5.5.52-6d919]:main():gmm-acc-stats-ali.cc:105) Processed 2650 utterances; for utterance s004m2mjh00_r-20150804-Korean-set004023 avg. like is -49.9018 over 319 frames.
LOG (gmm-acc-stats-ali[5.5.52-6d919]:main():gmm-acc-stats-ali.cc:105) Processed 2700 utterances; for utterance s004m2mjh00_r-20150804-Korean-set004073 avg. like is -49.8782 over 287 frames.
LOG (gmm-acc-stats-ali[5.5.52-6d919]:main():gmm-acc-stats-ali.cc:105) Processed 2750 utterances; for utterance s004m2mjh00_r-20150804-Koreanbabble2SNR10-set004017 avg. like is -48.7079 over 291 frames.
LOG (gmm-acc-stats-ali[5.5.52-6d919]:main():gmm-acc-stats-ali.cc:105) Processed 2800 utterances; for utterance s004m2mjh00_r-20150804-Koreanbabble2SNR10-set004067 avg. like is -47.298 over 453 frames.
LOG (gmm-acc-stats-ali[5.5.52-6d919]:main():gmm-acc-stats-ali.cc:105) Processed 2850 utterances; for utterance s004mcc5cbb00-20150804-Korean-set004011 avg. like is -52.2032 over 908 frames.
LOG (gmm-acc-stats-ali[5.5.52-6d919]:main():gmm-acc-stats-ali.cc:105) Processed 2900 utterances; for utterance s004mcc5cbb00-20150804-Korean-set004061 avg. like is -50.9234 over 638 frames.
LOG (gmm-acc-stats-ali[5.5.52-6d919]:main():gmm-acc-stats-ali.cc:105) Processed 2950 utterances; for utterance s004mcc5cbb00-20150804-Koreanfactory1SNR10-set004006 avg. like is -42.1113 over 1078 frames.
LOG (gmm-acc-stats-ali[5.5.52-6d919]:main():gmm-acc-stats-ali.cc:105) Processed 3000 utterances; for utterance s004mcc5cbb00-20150804-Koreanfactory1SNR10-set004056 avg. like is -41.5314 over 768 frames.
LOG (gmm-acc-stats-ali[5.5.52-6d919]:main():gmm-acc-stats-ali.cc:105) Processed 3050 utterances; for utterance s005fcc3ljs00-20150804-Korean-set005001 avg. like is -58.1376 over 586 frames.
LOG (gmm-acc-stats-ali[5.5.52-6d919]:main():gmm-acc-stats-ali.cc:105) Processed 3100 utterances; for utterance s005fcc3ljs00-20150804-Korean-set005051 avg. like is -50.9506 over 778 frames.
LOG (gmm-acc-stats-ali[5.5.52-6d919]:main():gmm-acc-stats-ali.cc:105) Processed 3150 utterances; for utterance s005fcc3ljs00-20150804-Korean-set005101 avg. like is -49.1489 over 438 frames.
LOG (gmm-acc-stats-ali[5.5.52-6d919]:main():gmm-acc-stats-ali.cc:105) Processed 3200 utterances; for utterance s005fcc3ljs00-20150804-KoreanhfchannelSNR10-set005046 avg. like is -40.746 over 788 frames.
LOG (gmm-acc-stats-ali[5.5.52-6d919]:main():gmm-acc-stats-ali.cc:105) Processed 3250 utterances; for utterance s005fcc3ljs00-20150804-KoreanhfchannelSNR10-set005096 avg. like is -39.5972 over 438 frames.
LOG (gmm-acc-stats-ali[5.5.52-6d919]:main():gmm-acc-stats-ali.cc:105) Processed 3300 utterances; for utterance s005m2jjp00-20150804-Korean-set005041 avg. like is -50.699 over 366 frames.
LOG (gmm-acc-stats-ali[5.5.52-6d919]:main():gmm-acc-stats-ali.cc:105) Processed 3350 utterances; for utterance s005m2jjp00-20150804-Korean-set005091 avg. like is -52.0093 over 479 frames.
LOG (gmm-acc-stats-ali[5.5.52-6d919]:main():gmm-acc-stats-ali.cc:105) Processed 3400 utterances; for utterance s005m2jjp00-20150804-KoreanvolvoSNR10-set005035 avg. like is -47.8658 over 551 frames.
LOG (gmm-acc-stats-ali[5.5.52-6d919]:main():gmm-acc-stats-ali.cc:105) Processed 3450 utterances; for utterance s005m2jjp00-20150804-KoreanvolvoSNR10-set005085 avg. like is -49.9327 over 205 frames.
LOG (gmm-acc-stats-ali[5.5.52-6d919]:main():gmm-acc-stats-ali.cc:105) Processed 3500 utterances; for utterance s005m2jjp00_r-20150804-Korean-set005029 avg. like is -53.6729 over 693 frames.
LOG (gmm-acc-stats-ali[5.5.52-6d919]:main():gmm-acc-stats-ali.cc:105) Processed 3550 utterances; for utterance s005m2jjp00_r-20150804-Korean-set005079 avg. like is -53.0952 over 287 frames.
LOG (gmm-acc-stats-ali[5.5.52-6d919]:main():gmm-acc-stats-ali.cc:105) Processed 3600 utterances; for utterance s005m2jjp00_r-20150804-Koreanfactory2SNR10-set005023 avg. like is -43.9786 over 304 frames.
LOG (gmm-acc-stats-ali[5.5.52-6d919]:main():gmm-acc-stats-ali.cc:105) Processed 3650 utterances; for utterance s005m2jjp00_r-20150804-Koreanfactory2SNR10-set005073 avg. like is -42.776 over 333 frames.
LOG (gmm-acc-stats-ali[5.5.52-6d919]:main():gmm-acc-stats-ali.cc:105) Processed 3700 utterances; for utterance s006fss3kds01-20150804-Korean-set006017 avg. like is -47.8965 over 678 frames.
LOG (gmm-acc-stats-ali[5.5.52-6d919]:main():gmm-acc-stats-ali.cc:105) Processed 3750 utterances; for utterance s006fss3kds01-20150804-Korean-set006067 avg. like is -50.2787 over 1078 frames.
LOG (gmm-acc-stats-ali[5.5.52-6d919]:main():gmm-acc-stats-ali.cc:105) Processed 3800 utterances; for utterance s006fss3kds01-20150804-Koreanfactory1SNR10-set006012 avg. like is -42.3885 over 1358 frames.
LOG (gmm-acc-stats-ali[5.5.52-6d919]:main():gmm-acc-stats-ali.cc:105) Processed 3850 utterances; for utterance s006fss3kds01-20150804-Koreanfactory1SNR10-set006062 avg. like is -41.8568 over 668 frames.
LOG (gmm-acc-stats-ali[5.5.52-6d919]:main():gmm-acc-stats-ali.cc:105) Processed 3900 utterances; for utterance s006m2ybh00_r-20150804-Korean-set006007 avg. like is -54.3044 over 636 frames.
LOG (gmm-acc-stats-ali[5.5.52-6d919]:main():gmm-acc-stats-ali.cc:105) Processed 3950 utterances; for utterance s006m2ybh00_r-20150804-Korean-set006057 avg. like is -51.4767 over 347 frames.
LOG (gmm-acc-stats-ali[5.5.52-6d919]:main():gmm-acc-stats-ali.cc:105) Processed 4000 utterances; for utterance s006m2ybh00_r-20150804-KoreanwhiteSNR10-set006002 avg. like is -41.8812 over 482 frames.
LOG (gmm-acc-stats-ali[5.5.52-6d919]:main():gmm-acc-stats-ali.cc:105) Processed 4050 utterances; for utterance s006m2ybh00_r-20150804-KoreanwhiteSNR10-set006052 avg. like is -39.459 over 364 frames.
LOG (gmm-acc-stats-ali[5.5.52-6d919]:main():gmm-acc-stats-ali.cc:105) Processed 4100 utterances; for utterance s006m2ybh00_r-20150804-KoreanwhiteSNR10-set006102 avg. like is -41.9576 over 464 frames.
LOG (gmm-acc-stats-ali[5.5.52-6d919]:main():gmm-acc-stats-ali.cc:105) Processed 4150 utterances; for utterance s006mjr2kmh00-20150804-Korean-set006047 avg. like is -46.973 over 538 frames.
LOG (gmm-acc-stats-ali[5.5.52-6d919]:main():gmm-acc-stats-ali.cc:105) Processed 4200 utterances; for utterance s006mjr2kmh00-20150804-Korean-set006097 avg. like is -45.9885 over 668 frames.
LOG (gmm-acc-stats-ali[5.5.52-6d919]:main():gmm-acc-stats-ali.cc:105) Processed 4250 utterances; for utterance s006mjr2kmh00-20150804-Koreancar1SNR10-set006042 avg. like is -44.0369 over 768 frames.
LOG (gmm-acc-stats-ali[5.5.52-6d919]:main():gmm-acc-stats-ali.cc:105) Processed 4300 utterances; for utterance s006mjr2kmh00-20150804-Koreancar1SNR10-set006092 avg. like is -42.5651 over 658 frames.
LOG (gmm-acc-stats-ali[5.5.52-6d919]:main():gmm-acc-stats-ali.cc:105) Processed 4350 utterances; for utterance s007fss4yjh04-20150804-Korean-set007037 avg. like is -50.4693 over 838 frames.
LOG (gmm-acc-stats-ali[5.5.52-6d919]:main():gmm-acc-stats-ali.cc:105) Processed 4400 utterances; for utterance s007fss4yjh04-20150804-Korean-set007087 avg. like is -47.0492 over 608 frames.
LOG (gmm-acc-stats-ali[5.5.52-6d919]:main():gmm-acc-stats-ali.cc:105) Processed 4450 utterances; for utterance s007fss4yjh04-20150804-Koreanleopard2SNR10-set007032 avg. like is -43.7302 over 1048 frames.
LOG (gmm-acc-stats-ali[5.5.52-6d919]:main():gmm-acc-stats-ali.cc:105) Processed 4500 utterances; for utterance s007fss4yjh04-20150804-Koreanleopard2SNR10-set007082 avg. like is -43.0815 over 658 frames.
LOG (gmm-acc-stats-ali[5.5.52-6d919]:main():gmm-acc-stats-ali.cc:105) Processed 4550 utterances; for utterance s007m2yyp00-20150804-Korean-set007027 avg. like is -50.151 over 524 frames.
LOG (gmm-acc-stats-ali[5.5.52-6d919]:main():gmm-acc-stats-ali.cc:105) Processed 4600 utterances; for utterance s007m2yyp00-20150804-Korean-set007077 avg. like is -51.8676 over 744 frames.
LOG (gmm-acc-stats-ali[5.5.52-6d919]:main():gmm-acc-stats-ali.cc:105) Processed 4650 utterances; for utterance s007m2yyp00-20150804-Koreanbabble1SNR10-set007022 avg. like is -46.1281 over 344 frames.
LOG (gmm-acc-stats-ali[5.5.52-6d919]:main():gmm-acc-stats-ali.cc:105) Processed 4700 utterances; for utterance s007m2yyp00-20150804-Koreanbabble1SNR10-set007072 avg. like is -45.8657 over 525 frames.
LOG (gmm-acc-stats-ali[5.5.52-6d919]:main():gmm-acc-stats-ali.cc:105) Processed 4750 utterances; for utterance s007m2yyp00_r-20150804-Korean-set007017 avg. like is -50.0328 over 422 frames.
LOG (gmm-acc-stats-ali[5.5.52-6d919]:main():gmm-acc-stats-ali.cc:105) Processed 4800 utterances; for utterance s007m2yyp00_r-20150804-Korean-set007067 avg. like is -53.0196 over 1316 frames.
LOG (gmm-acc-stats-ali[5.5.52-6d919]:main():gmm-acc-stats-ali.cc:105) Processed 4850 utterances; for utterance s007m2yyp00_r-20150804-Koreanfactory2SNR10-set007012 avg. like is -45.024 over 883 frames.
LOG (gmm-acc-stats-ali[5.5.52-6d919]:main():gmm-acc-stats-ali.cc:105) Processed 4900 utterances; for utterance s007m2yyp00_r-20150804-Koreanfactory2SNR10-set007062 avg. like is -45.2183 over 405 frames.
LOG (gmm-acc-stats-ali[5.5.52-6d919]:main():gmm-acc-stats-ali.cc:105) Processed 4950 utterances; for utterance s007mkw2jmg00-20150804-Korean-set007007 avg. like is -47.8937 over 1068 frames.
LOG (gmm-acc-stats-ali[5.5.52-6d919]:main():gmm-acc-stats-ali.cc:105) Processed 5000 utterances; for utterance s007mkw2jmg00-20150804-Korean-set007057 avg. like is -46.5767 over 868 frames.
LOG (gmm-acc-stats-ali[5.5.52-6d919]:main():gmm-acc-stats-ali.cc:105) Processed 5050 utterances; for utterance s007mkw2jmg00-20150804-KoreanleopardSNR10-set007002 avg. like is -42.5295 over 878 frames.
LOG (gmm-acc-stats-ali[5.5.52-6d919]:main():gmm-acc-stats-ali.cc:105) Processed 5100 utterances; for utterance s007mkw2jmg00-20150804-KoreanleopardSNR10-set007052 avg. like is -43.1802 over 758 frames.
LOG (gmm-acc-stats-ali[5.5.52-6d919]:main():gmm-acc-stats-ali.cc:105) Processed 5150 utterances; for utterance s007mkw2jmg00-20150804-KoreanleopardSNR10-set007102 avg. like is -43.7713 over 1168 frames.
LOG (gmm-acc-stats-ali[5.5.52-6d919]:main():gmm-acc-stats-ali.cc:105) Processed 5200 utterances; for utterance s008fcc3jmo00-20150804-Korean-set008047 avg. like is -45.2896 over 568 frames.
LOG (gmm-acc-stats-ali[5.5.52-6d919]:main():gmm-acc-stats-ali.cc:105) Processed 5250 utterances; for utterance s008fcc3jmo00-20150804-Korean-set008097 avg. like is -51.371 over 568 frames.
LOG (gmm-acc-stats-ali[5.5.52-6d919]:main():gmm-acc-stats-ali.cc:105) Processed 5300 utterances; for utterance s008fcc3jmo00-20150804-KoreanwhiteSNR10-set008042 avg. like is -37.8322 over 578 frames.
LOG (gmm-acc-stats-ali[5.5.52-6d919]:main():gmm-acc-stats-ali.cc:105) Processed 5350 utterances; for utterance s008fcc3jmo00-20150804-KoreanwhiteSNR10-set008092 avg. like is -38.9722 over 678 frames.
LOG (gmm-acc-stats-ali[5.5.52-6d919]:main():gmm-acc-stats-ali.cc:105) Processed 5400 utterances; for utterance s008m2lhs00-20150804-Korean-set008037 avg. like is -49.2719 over 314 frames.
LOG (gmm-acc-stats-ali[5.5.52-6d919]:main():gmm-acc-stats-ali.cc:105) Processed 5450 utterances; for utterance s008m2lhs00-20150804-Korean-set008087 avg. like is -52.529 over 296 frames.
LOG (gmm-acc-stats-ali[5.5.52-6d919]:main():gmm-acc-stats-ali.cc:105) Processed 5500 utterances; for utterance s008m2lhs00-20150804-KoreanleopardSNR10-set008032 avg. like is -46.5979 over 386 frames.
LOG (gmm-acc-stats-ali[5.5.52-6d919]:main():gmm-acc-stats-ali.cc:105) Processed 5550 utterances; for utterance s008m2lhs00-20150804-KoreanleopardSNR10-set008082 avg. like is -48.067 over 305 frames.
LOG (gmm-acc-stats-ali[5.5.52-6d919]:main():gmm-acc-stats-ali.cc:105) Processed 5600 utterances; for utterance s008m2lhs00_r-20150804-Korean-set008027 avg. like is -49.5562 over 375 frames.
LOG (gmm-acc-stats-ali[5.5.52-6d919]:main():gmm-acc-stats-ali.cc:105) Processed 5650 utterances; for utterance s008m2lhs00_r-20150804-Korean-set008077 avg. like is -50.564 over 408 frames.
LOG (gmm-acc-stats-ali[5.5.52-6d919]:main():gmm-acc-stats-ali.cc:105) Processed 5700 utterances; for utterance s008m2lhs00_r-20150804-Koreanleopard2SNR10-set008022 avg. like is -48.5916 over 251 frames.
LOG (gmm-acc-stats-ali[5.5.52-6d919]:main():gmm-acc-stats-ali.cc:105) Processed 5750 utterances; for utterance s008m2lhs00_r-20150804-Koreanleopard2SNR10-set008072 avg. like is -49.0827 over 772 frames.
LOG (gmm-acc-stats-ali[5.5.52-6d919]:main():gmm-acc-stats-ali.cc:105) Processed 5800 utterances; for utterance s008mks4kbj00-20150804-Korean-set008017 avg. like is -46.5429 over 668 frames.
LOG (gmm-acc-stats-ali[5.5.52-6d919]:main():gmm-acc-stats-ali.cc:105) Processed 5850 utterances; for utterance s008mks4kbj00-20150804-Korean-set008067 avg. like is -45.8229 over 858 frames.
LOG (gmm-acc-stats-ali[5.5.52-6d919]:main():gmm-acc-stats-ali.cc:105) Processed 5900 utterances; for utterance s008mks4kbj00-20150804-KoreanbabbleSNR10-set008012 avg. like is -48.5188 over 1268 frames.
LOG (gmm-acc-stats-ali[5.5.52-6d919]:main():gmm-acc-stats-ali.cc:105) Processed 5950 utterances; for utterance s008mks4kbj00-20150804-KoreanbabbleSNR10-set008062 avg. like is -46.9107 over 818 frames.
LOG (gmm-acc-stats-ali[5.5.52-6d919]:main():gmm-acc-stats-ali.cc:105) Processed 6000 utterances; for utterance s009fkw4sys00-20150804-Korean-set009007 avg. like is -51.4693 over 998 frames.
LOG (gmm-acc-stats-ali[5.5.52-6d919]:main():gmm-acc-stats-ali.cc:105) Processed 6050 utterances; for utterance s009fkw4sys00-20150804-Korean-set009057 avg. like is -46.0902 over 548 frames.
LOG (gmm-acc-stats-ali[5.5.52-6d919]:main():gmm-acc-stats-ali.cc:105) Processed 6100 utterances; for utterance s009fkw4sys00-20150804-KoreanhfchannelSNR10-set009002 avg. like is -41.0179 over 738 frames.
LOG (gmm-acc-stats-ali[5.5.52-6d919]:main():gmm-acc-stats-ali.cc:105) Processed 6150 utterances; for utterance s009fkw4sys00-20150804-KoreanhfchannelSNR10-set009052 avg. like is -39.861 over 618 frames.
LOG (gmm-acc-stats-ali[5.5.52-6d919]:main():gmm-acc-stats-ali.cc:105) Processed 6200 utterances; for utterance s009fkw4sys00-20150804-KoreanhfchannelSNR10-set009102 avg. like is -41.0278 over 638 frames.
LOG (gmm-acc-stats-ali[5.5.52-6d919]:main():gmm-acc-stats-ali.cc:105) Processed 6250 utterances; for utterance s009m2ybs00-20150804-Korean-set009047 avg. like is -52.4014 over 279 frames.
LOG (gmm-acc-stats-ali[5.5.52-6d919]:main():gmm-acc-stats-ali.cc:105) Processed 6300 utterances; for utterance s009m2ybs00-20150804-Korean-set009097 avg. like is -51.6702 over 320 frames.
LOG (gmm-acc-stats-ali[5.5.52-6d919]:main():gmm-acc-stats-ali.cc:105) Processed 6350 utterances; for utterance s009m2ybs00-20150804-KoreandestroyeropsSNR10-set009041 avg. like is -44.5382 over 385 frames.
LOG (gmm-acc-stats-ali[5.5.52-6d919]:main():gmm-acc-stats-ali.cc:105) Processed 6400 utterances; for utterance s009m2ybs00-20150804-KoreandestroyeropsSNR10-set009091 avg. like is -45.4058 over 594 frames.
LOG (gmm-acc-stats-ali[5.5.52-6d919]:main():gmm-acc-stats-ali.cc:105) Processed 6450 utterances; for utterance s009mss2hsk00-20150804-Korean-set009035 avg. like is -43.855 over 878 frames.
LOG (gmm-acc-stats-ali[5.5.52-6d919]:main():gmm-acc-stats-ali.cc:105) Processed 6500 utterances; for utterance s009mss2hsk00-20150804-Korean-set009085 avg. like is -45.1075 over 758 frames.
LOG (gmm-acc-stats-ali[5.5.52-6d919]:main():gmm-acc-stats-ali.cc:105) Processed 6550 utterances; for utterance s009mss2hsk00-20150804-Koreancar1SNR10-set009030 avg. like is -44.2407 over 658 frames.
LOG (gmm-acc-stats-ali[5.5.52-6d919]:main():gmm-acc-stats-ali.cc:105) Processed 6600 utterances; for utterance s009mss2hsk00-20150804-Koreancar1SNR10-set009080 avg. like is -42.5797 over 848 frames.
LOG (gmm-acc-stats-ali[5.5.52-6d919]:main():gmm-acc-stats-ali.cc:105) Processed 6650 utterances; for utterance s010m2kjy00-20150804-Korean-set010025 avg. like is -47.76 over 265 frames.
LOG (gmm-acc-stats-ali[5.5.52-6d919]:main():gmm-acc-stats-ali.cc:105) Processed 6700 utterances; for utterance s010m2kjy00-20150804-Korean-set010075 avg. like is -49.2342 over 533 frames.
LOG (gmm-acc-stats-ali[5.5.52-6d919]:main():gmm-acc-stats-ali.cc:105) Processed 6750 utterances; for utterance s010m2kjy00-20150804-KoreancarSNR10-set010019 avg. like is -43.1555 over 303 frames.
LOG (gmm-acc-stats-ali[5.5.52-6d919]:main():gmm-acc-stats-ali.cc:105) Processed 6800 utterances; for utterance s010m2kjy00-20150804-KoreancarSNR10-set010069 avg. like is -44.7235 over 363 frames.
LOG (gmm-acc-stats-ali[5.5.52-6d919]:main():gmm-acc-stats-ali.cc:105) Processed 6850 utterances; for utterance s010m2kjy00_r-20150804-Korean-set010013 avg. like is -50.6314 over 621 frames.
LOG (gmm-acc-stats-ali[5.5.52-6d919]:main():gmm-acc-stats-ali.cc:105) Processed 6900 utterances; for utterance s010m2kjy00_r-20150804-Korean-set010063 avg. like is -50.4571 over 453 frames.
LOG (gmm-acc-stats-ali[5.5.52-6d919]:main():gmm-acc-stats-ali.cc:105) Processed 6950 utterances; for utterance s010m2kjy00_r-20150804-KoreanbabbleSNR10-set010007 avg. like is -48.0459 over 714 frames.
LOG (gmm-acc-stats-ali[5.5.52-6d919]:main():gmm-acc-stats-ali.cc:105) Processed 7000 utterances; for utterance s010m2kjy00_r-20150804-KoreanbabbleSNR10-set010057 avg. like is -48.98 over 309 frames.
LOG (gmm-acc-stats-ali[5.5.52-6d919]:main():gmm-acc-stats-ali.cc:105) Processed 7050 utterances; for utterance s010mks5ssy00-20150804-Korean-set010001 avg. like is -47.756 over 1168 frames.
LOG (gmm-acc-stats-ali[5.5.52-6d919]:main():gmm-acc-stats-ali.cc:105) Processed 7100 utterances; for utterance s010mks5ssy00-20150804-Korean-set010051 avg. like is -45.9817 over 578 frames.
LOG (gmm-acc-stats-ali[5.5.52-6d919]:main():gmm-acc-stats-ali.cc:105) Processed 7150 utterances; for utterance s010mks5ssy00-20150804-Korean-set010101 avg. like is -45.8427 over 778 frames.
LOG (gmm-acc-stats-ali[5.5.52-6d919]:main():gmm-acc-stats-ali.cc:105) Processed 7200 utterances; for utterance s010mks5ssy00-20150804-KoreancarSNR10-set010046 avg. like is -40.6193 over 688 frames.
LOG (gmm-acc-stats-ali[5.5.52-6d919]:main():gmm-acc-stats-ali.cc:105) Processed 7250 utterances; for utterance s010mks5ssy00-20150804-KoreancarSNR10-set010096 avg. like is -40.6672 over 568 frames.
LOG (gmm-acc-stats-ali[5.5.52-6d919]:main():gmm-acc-stats-ali.cc:105) Processed 7300 utterances; for utterance s011fss2khj03-20150804-Korean-set011041 avg. like is -49.2242 over 938 frames.
LOG (gmm-acc-stats-ali[5.5.52-6d919]:main():gmm-acc-stats-ali.cc:105) Processed 7350 utterances; for utterance s011fss2khj03-20150804-Korean-set011091 avg. like is -48.8315 over 718 frames.
LOG (gmm-acc-stats-ali[5.5.52-6d919]:main():gmm-acc-stats-ali.cc:105) Processed 7400 utterances; for utterance s011fss2khj03-20150804-KoreanleopardSNR10-set011036 avg. like is -45.0974 over 808 frames.
LOG (gmm-acc-stats-ali[5.5.52-6d919]:main():gmm-acc-stats-ali.cc:105) Processed 7450 utterances; for utterance s011fss2khj03-20150804-KoreanleopardSNR10-set011086 avg. like is -42.0003 over 578 frames.
LOG (gmm-acc-stats-ali[5.5.52-6d919]:main():gmm-acc-stats-ali.cc:105) Processed 7500 utterances; for utterance s011m2cjy00-20150804-Korean-set011031 avg. like is -51.9702 over 502 frames.
LOG (gmm-acc-stats-ali[5.5.52-6d919]:main():gmm-acc-stats-ali.cc:105) Processed 7550 utterances; for utterance s011m2cjy00-20150804-Korean-set011081 avg. like is -54.3859 over 489 frames.
LOG (gmm-acc-stats-ali[5.5.52-6d919]:main():gmm-acc-stats-ali.cc:105) Processed 7600 utterances; for utterance s011m2cjy00-20150804-Koreanbabble2SNR10-set011026 avg. like is -47.945 over 512 frames.
LOG (gmm-acc-stats-ali[5.5.52-6d919]:main():gmm-acc-stats-ali.cc:105) Processed 7650 utterances; for utterance s011m2cjy00-20150804-Koreanbabble2SNR10-set011076 avg. like is -45.7906 over 310 frames.
LOG (gmm-acc-stats-ali[5.5.52-6d919]:main():gmm-acc-stats-ali.cc:105) Processed 7700 utterances; for utterance s011m2cjy00_r-20150804-Korean-set011021 avg. like is -53.1378 over 472 frames.
LOG (gmm-acc-stats-ali[5.5.52-6d919]:main():gmm-acc-stats-ali.cc:105) Processed 7750 utterances; for utterance s011m2cjy00_r-20150804-Korean-set011071 avg. like is -50.4645 over 324 frames.
LOG (gmm-acc-stats-ali[5.5.52-6d919]:main():gmm-acc-stats-ali.cc:105) Processed 7800 utterances; for utterance s011m2cjy00_r-20150804-KoreanwhiteSNR10-set011016 avg. like is -41.0904 over 466 frames.
LOG (gmm-acc-stats-ali[5.5.52-6d919]:main():gmm-acc-stats-ali.cc:105) Processed 7850 utterances; for utterance s011m2cjy00_r-20150804-KoreanwhiteSNR10-set011066 avg. like is -42.3179 over 381 frames.
LOG (gmm-acc-stats-ali[5.5.52-6d919]:main():gmm-acc-stats-ali.cc:105) Processed 7900 utterances; for utterance s011mjr5pjs00-20150804-Korean-set011011 avg. like is -51.5247 over 1158 frames.
LOG (gmm-acc-stats-ali[5.5.52-6d919]:main():gmm-acc-stats-ali.cc:105) Processed 7950 utterances; for utterance s011mjr5pjs00-20150804-Korean-set011061 avg. like is -50.5283 over 958 frames.
LOG (gmm-acc-stats-ali[5.5.52-6d919]:main():gmm-acc-stats-ali.cc:105) Processed 8000 utterances; for utterance s011mjr5pjs00-20150804-KoreanwhiteSNR10-set011006 avg. like is -39.966 over 1668 frames.
LOG (gmm-acc-stats-ali[5.5.52-6d919]:main():gmm-acc-stats-ali.cc:105) Processed 8050 utterances; for utterance s011mjr5pjs00-20150804-KoreanwhiteSNR10-set011056 avg. like is -37.0753 over 738 frames.
LOG (gmm-acc-stats-ali[5.5.52-6d919]:main():gmm-acc-stats-ali.cc:105) Processed 8100 utterances; for utterance s012fjr1lhj00-20150804-Korean-set012001 avg. like is -50.1182 over 488 frames.
LOG (gmm-acc-stats-ali[5.5.52-6d919]:main():gmm-acc-stats-ali.cc:105) Processed 8150 utterances; for utterance s012fjr1lhj00-20150804-Korean-set012051 avg. like is -49.2966 over 748 frames.
LOG (gmm-acc-stats-ali[5.5.52-6d919]:main():gmm-acc-stats-ali.cc:105) Processed 8200 utterances; for utterance s012fjr1lhj00-20150804-Korean-set012101 avg. like is -48.4716 over 658 frames.
LOG (gmm-acc-stats-ali[5.5.52-6d919]:main():gmm-acc-stats-ali.cc:105) Processed 8250 utterances; for utterance s012fjr1lhj00-20150804-KoreandestroyeropsSNR10-set012046 avg. like is -44.2606 over 858 frames.
LOG (gmm-acc-stats-ali[5.5.52-6d919]:main():gmm-acc-stats-ali.cc:105) Processed 8300 utterances; for utterance s012fjr1lhj00-20150804-KoreandestroyeropsSNR10-set012096 avg. like is -43.5728 over 878 frames.
LOG (gmm-acc-stats-ali[5.5.52-6d919]:main():gmm-acc-stats-ali.cc:105) Processed 8350 utterances; for utterance s012m2knk00-20150804-Korean-set012041 avg. like is -49.9305 over 558 frames.
LOG (gmm-acc-stats-ali[5.5.52-6d919]:main():gmm-acc-stats-ali.cc:105) Processed 8400 utterances; for utterance s012m2knk00-20150804-Korean-set012091 avg. like is -50.4246 over 664 frames.
LOG (gmm-acc-stats-ali[5.5.52-6d919]:main():gmm-acc-stats-ali.cc:105) Processed 8450 utterances; for utterance s012m2knk00-20150804-Koreanleopard2SNR10-set012036 avg. like is -44.7623 over 518 frames.
LOG (gmm-acc-stats-ali[5.5.52-6d919]:main():gmm-acc-stats-ali.cc:105) Processed 8500 utterances; for utterance s012m2knk00-20150804-Koreanleopard2SNR10-set012086 avg. like is -47.7258 over 722 frames.
LOG (gmm-acc-stats-ali[5.5.52-6d919]:main():gmm-acc-stats-ali.cc:105) Processed 8550 utterances; for utterance s012mkw3pjh00-20150804-Korean-set012031 avg. like is -46.934 over 1068 frames.
LOG (gmm-acc-stats-ali[5.5.52-6d919]:main():gmm-acc-stats-ali.cc:105) Processed 8600 utterances; for utterance s012mkw3pjh00-20150804-Korean-set012081 avg. like is -49.0813 over 1158 frames.
LOG (gmm-acc-stats-ali[5.5.52-6d919]:main():gmm-acc-stats-ali.cc:105) Processed 8650 utterances; for utterance s012mkw3pjh00-20150804-KoreanbabbleSNR10-set012026 avg. like is -49.1674 over 1068 frames.
LOG (gmm-acc-stats-ali[5.5.52-6d919]:main():gmm-acc-stats-ali.cc:105) Processed 8700 utterances; for utterance s012mkw3pjh00-20150804-KoreanbabbleSNR10-set012076 avg. like is -49.2263 over 1068 frames.
LOG (gmm-acc-stats-ali[5.5.52-6d919]:main():gmm-acc-stats-ali.cc:105) Processed 8750 utterances; for utterance s013fss3lhk01-20150804-Korean-set013021 avg. like is -48.3675 over 598 frames.
LOG (gmm-acc-stats-ali[5.5.52-6d919]:main():gmm-acc-stats-ali.cc:105) Processed 8800 utterances; for utterance s013fss3lhk01-20150804-Korean-set013071 avg. like is -47.9008 over 558 frames.
LOG (gmm-acc-stats-ali[5.5.52-6d919]:main():gmm-acc-stats-ali.cc:105) Processed 8850 utterances; for utterance s013fss3lhk01-20150804-Koreanbabble1SNR10-set013016 avg. like is -47.4044 over 618 frames.
LOG (gmm-acc-stats-ali[5.5.52-6d919]:main():gmm-acc-stats-ali.cc:105) Processed 8900 utterances; for utterance s013fss3lhk01-20150804-Koreanbabble1SNR10-set013066 avg. like is -48.7954 over 628 frames.
LOG (gmm-acc-stats-ali[5.5.52-6d919]:main():gmm-acc-stats-ali.cc:105) Processed 8950 utterances; for utterance s013m2ljh00-20150804-Korean-set013011 avg. like is -51.2999 over 575 frames.
LOG (gmm-acc-stats-ali[5.5.52-6d919]:main():gmm-acc-stats-ali.cc:105) Processed 9000 utterances; for utterance s013m2ljh00-20150804-Korean-set013061 avg. like is -53.1405 over 457 frames.
WARNING (gmm-acc-stats-ali[5.5.52-6d919]:main():gmm-acc-stats-ali.cc:79) No alignment for utterance s013m2ljh00-20150804-Korean-set013077
LOG (gmm-acc-stats-ali[5.5.52-6d919]:main():gmm-acc-stats-ali.cc:105) Processed 9050 utterances; for utterance s013m2ljh00-20150804-KoreancarSNR10-set013007 avg. like is -44.6726 over 1060 frames.
LOG (gmm-acc-stats-ali[5.5.52-6d919]:main():gmm-acc-stats-ali.cc:105) Processed 9100 utterances; for utterance s013m2ljh00-20150804-KoreancarSNR10-set013057 avg. like is -47.0412 over 313 frames.
LOG (gmm-acc-stats-ali[5.5.52-6d919]:main():gmm-acc-stats-ali.cc:105) Processed 9150 utterances; for utterance s013m2ljh00_r-20150804-Korean-set013002 avg. like is -55.5718 over 565 frames.
LOG (gmm-acc-stats-ali[5.5.52-6d919]:main():gmm-acc-stats-ali.cc:105) Processed 9200 utterances; for utterance s013m2ljh00_r-20150804-Korean-set013052 avg. like is -48.7741 over 313 frames.
WARNING (gmm-acc-stats-ali[5.5.52-6d919]:main():gmm-acc-stats-ali.cc:79) No alignment for utterance s013m2ljh00_r-20150804-Korean-set013077
LOG (gmm-acc-stats-ali[5.5.52-6d919]:main():gmm-acc-stats-ali.cc:105) Processed 9250 utterances; for utterance s013m2ljh00_r-20150804-Korean-set013103 avg. like is -49.535 over 459 frames.
LOG (gmm-acc-stats-ali[5.5.52-6d919]:main():gmm-acc-stats-ali.cc:105) Processed 9300 utterances; for utterance s013m2ljh00_r-20150804-KoreandestroyeropsSNR10-set013048 avg. like is -45.7441 over 467 frames.
LOG (gmm-acc-stats-ali[5.5.52-6d919]:main():gmm-acc-stats-ali.cc:105) Processed 9350 utterances; for utterance s013m2ljh00_r-20150804-KoreandestroyeropsSNR10-set013098 avg. like is -44.9935 over 341 frames.
LOG (gmm-acc-stats-ali[5.5.52-6d919]:main():gmm-acc-stats-ali.cc:105) Processed 9400 utterances; for utterance s013mjr4lys00-20150804-Korean-set013043 avg. like is -47.0155 over 638 frames.
LOG (gmm-acc-stats-ali[5.5.52-6d919]:main():gmm-acc-stats-ali.cc:105) Processed 9450 utterances; for utterance s013mjr4lys00-20150804-Korean-set013093 avg. like is -49.9121 over 1308 frames.
LOG (gmm-acc-stats-ali[5.5.52-6d919]:main():gmm-acc-stats-ali.cc:105) Processed 9500 utterances; for utterance s013mjr4lys00-20150804-KoreancarSNR10-set013038 avg. like is -41.5078 over 1178 frames.
LOG (gmm-acc-stats-ali[5.5.52-6d919]:main():gmm-acc-stats-ali.cc:105) Processed 9550 utterances; for utterance s013mjr4lys00-20150804-KoreancarSNR10-set013088 avg. like is -39.662 over 878 frames.
LOG (gmm-acc-stats-ali[5.5.52-6d919]:main():gmm-acc-stats-ali.cc:105) Processed 9600 utterances; for utterance s014fss3kmj01-20150804-Korean-set014033 avg. like is -45.2289 over 678 frames.
LOG (gmm-acc-stats-ali[5.5.52-6d919]:main():gmm-acc-stats-ali.cc:105) Processed 9650 utterances; for utterance s014fss3kmj01-20150804-Korean-set014083 avg. like is -44.7508 over 758 frames.
LOG (gmm-acc-stats-ali[5.5.52-6d919]:main():gmm-acc-stats-ali.cc:105) Processed 9700 utterances; for utterance s014fss3kmj01-20150804-KoreancarSNR10-set014028 avg. like is -40.7403 over 758 frames.
LOG (gmm-acc-stats-ali[5.5.52-6d919]:main():gmm-acc-stats-ali.cc:105) Processed 9750 utterances; for utterance s014fss3kmj01-20150804-KoreancarSNR10-set014078 avg. like is -38.7901 over 568 frames.
LOG (gmm-acc-stats-ali[5.5.52-6d919]:main():gmm-acc-stats-ali.cc:105) Processed 9800 utterances; for utterance s014m2jsw00-20150804-Korean-set014023 avg. like is -51.5244 over 323 frames.
LOG (gmm-acc-stats-ali[5.5.52-6d919]:main():gmm-acc-stats-ali.cc:105) Processed 9850 utterances; for utterance s014m2jsw00-20150804-Korean-set014073 avg. like is -48.5307 over 372 frames.
LOG (gmm-acc-stats-ali[5.5.52-6d919]:main():gmm-acc-stats-ali.cc:105) Processed 9900 utterances; for utterance s014m2jsw00-20150804-Koreancar1SNR10-set014017 avg. like is -42.6271 over 293 frames.
LOG (gmm-acc-stats-ali[5.5.52-6d919]:main():gmm-acc-stats-ali.cc:105) Processed 9950 utterances; for utterance s014m2jsw00-20150804-Koreancar1SNR10-set014067 avg. like is -44.8055 over 319 frames.
LOG (gmm-acc-stats-ali[5.5.52-6d919]:main():gmm-acc-stats-ali.cc:105) Processed 10000 utterances; for utterance s014m2jsw00_r-20150804-Korean-set014011 avg. like is -50.3324 over 595 frames.
LOG (gmm-acc-stats-ali[5.5.52-6d919]:main():gmm-acc-stats-ali.cc:105) Processed 10050 utterances; for utterance s014m2jsw00_r-20150804-Korean-set014061 avg. like is -49.5626 over 625 frames.
LOG (gmm-acc-stats-ali[5.5.52-6d919]:main():gmm-acc-stats-ali.cc:105) Processed 10100 utterances; for utterance s014m2jsw00_r-20150804-KoreanvolvoSNR10-set014005 avg. like is -48.8074 over 899 frames.
LOG (gmm-acc-stats-ali[5.5.52-6d919]:main():gmm-acc-stats-ali.cc:105) Processed 10150 utterances; for utterance s014m2jsw00_r-20150804-KoreanvolvoSNR10-set014055 avg. like is -48.1645 over 275 frames.
LOG (gmm-acc-stats-ali[5.5.52-6d919]:main():gmm-acc-stats-ali.cc:105) Processed 10200 utterances; for utterance s014m2jsw00_r-20150804-KoreanvolvoSNR10-set014105 avg. like is -47.1202 over 302 frames.
LOG (gmm-acc-stats-ali[5.5.52-6d919]:main():gmm-acc-stats-ali.cc:105) Processed 10250 utterances; for utterance s014mcc1yks00-20150804-Korean-set014049 avg. like is -47.9922 over 558 frames.
LOG (gmm-acc-stats-ali[5.5.52-6d919]:main():gmm-acc-stats-ali.cc:105) Processed 10300 utterances; for utterance s014mcc1yks00-20150804-Korean-set014099 avg. like is -49.0078 over 548 frames.
LOG (gmm-acc-stats-ali[5.5.52-6d919]:main():gmm-acc-stats-ali.cc:105) Processed 10350 utterances; for utterance s014mcc1yks00-20150804-KoreanleopardSNR10-set014044 avg. like is -43.6634 over 658 frames.
LOG (gmm-acc-stats-ali[5.5.52-6d919]:main():gmm-acc-stats-ali.cc:105) Processed 10400 utterances; for utterance s014mcc1yks00-20150804-KoreanleopardSNR10-set014094 avg. like is -43.115 over 658 frames.
LOG (gmm-acc-stats-ali[5.5.52-6d919]:main():gmm-acc-stats-ali.cc:105) Processed 10450 utterances; for utterance s015fjr3khy00-20150804-Korean-set015039 avg. like is -51.8342 over 768 frames.
LOG (gmm-acc-stats-ali[5.5.52-6d919]:main():gmm-acc-stats-ali.cc:105) Processed 10500 utterances; for utterance s015fjr3khy00-20150804-Korean-set015089 avg. like is -52.7206 over 1068 frames.
LOG (gmm-acc-stats-ali[5.5.52-6d919]:main():gmm-acc-stats-ali.cc:105) Processed 10550 utterances; for utterance s015fjr3khy00-20150804-KoreanhfchannelSNR10-set015033 avg. like is -39.9017 over 748 frames.
LOG (gmm-acc-stats-ali[5.5.52-6d919]:main():gmm-acc-stats-ali.cc:105) Processed 10600 utterances; for utterance s015fjr3khy00-20150804-KoreanhfchannelSNR10-set015083 avg. like is -40.8259 over 868 frames.
LOG (gmm-acc-stats-ali[5.5.52-6d919]:main():gmm-acc-stats-ali.cc:105) Processed 10650 utterances; for utterance s015m2chd00-20150804-Korean-set015027 avg. like is -52.1385 over 433 frames.
LOG (gmm-acc-stats-ali[5.5.52-6d919]:main():gmm-acc-stats-ali.cc:105) Processed 10700 utterances; for utterance s015m2chd00-20150804-Korean-set015077 avg. like is -49.334 over 666 frames.
LOG (gmm-acc-stats-ali[5.5.52-6d919]:main():gmm-acc-stats-ali.cc:105) Processed 10750 utterances; for utterance s015m2chd00-20150804-KoreandestroyeropsSNR10-set015021 avg. like is -45.2168 over 440 frames.
LOG (gmm-acc-stats-ali[5.5.52-6d919]:main():gmm-acc-stats-ali.cc:105) Processed 10800 utterances; for utterance s015m2chd00-20150804-KoreandestroyeropsSNR10-set015071 avg. like is -44.0904 over 478 frames.
LOG (gmm-acc-stats-ali[5.5.52-6d919]:main():gmm-acc-stats-ali.cc:105) Processed 10850 utterances; for utterance s015m2chd00_r-20150804-Korean-set015015 avg. like is -53.4909 over 777 frames.
LOG (gmm-acc-stats-ali[5.5.52-6d919]:main():gmm-acc-stats-ali.cc:105) Processed 10900 utterances; for utterance s015m2chd00_r-20150804-Korean-set015065 avg. like is -53.1763 over 410 frames.
LOG (gmm-acc-stats-ali[5.5.52-6d919]:main():gmm-acc-stats-ali.cc:105) Processed 10950 utterances; for utterance s015m2chd00_r-20150804-Koreanfactory2SNR10-set015009 avg. like is -45.4404 over 463 frames.
LOG (gmm-acc-stats-ali[5.5.52-6d919]:main():gmm-acc-stats-ali.cc:105) Processed 11000 utterances; for utterance s015m2chd00_r-20150804-Koreanfactory2SNR10-set015059 avg. like is -46.483 over 317 frames.
LOG (gmm-acc-stats-ali[5.5.52-6d919]:main():gmm-acc-stats-ali.cc:105) Processed 11050 utterances; for utterance s015mss2kjs00-20150804-Korean-set015003 avg. like is -52.711 over 688 frames.
LOG (gmm-acc-stats-ali[5.5.52-6d919]:main():gmm-acc-stats-ali.cc:105) Processed 11100 utterances; for utterance s015mss2kjs00-20150804-Korean-set015053 avg. like is -47.5412 over 628 frames.
LOG (gmm-acc-stats-ali[5.5.52-6d919]:main():gmm-acc-stats-ali.cc:105) Processed 11150 utterances; for utterance s015mss2kjs00-20150804-Korean-set015103 avg. like is -47.9906 over 858 frames.
LOG (gmm-acc-stats-ali[5.5.52-6d919]:main():gmm-acc-stats-ali.cc:105) Processed 11200 utterances; for utterance s015mss2kjs00-20150804-KoreanwhiteSNR10-set015047 avg. like is -39.03 over 668 frames.
LOG (gmm-acc-stats-ali[5.5.52-6d919]:main():gmm-acc-stats-ali.cc:105) Processed 11250 utterances; for utterance s015mss2kjs00-20150804-KoreanwhiteSNR10-set015097 avg. like is -39.7948 over 748 frames.
LOG (gmm-acc-stats-ali[5.5.52-6d919]:main():gmm-acc-stats-ali.cc:105) Processed 11300 utterances; for utterance s016fkw4lyh02-20150804-Korean-set016041 avg. like is -53.529 over 1178 frames.
LOG (gmm-acc-stats-ali[5.5.52-6d919]:main():gmm-acc-stats-ali.cc:105) Processed 11350 utterances; for utterance s016fkw4lyh02-20150804-Korean-set016091 avg. like is -49.8706 over 568 frames.
LOG (gmm-acc-stats-ali[5.5.52-6d919]:main():gmm-acc-stats-ali.cc:105) Processed 11400 utterances; for utterance s016fkw4lyh02-20150804-KoreanpinkSNR10-set016036 avg. like is -38.8749 over 628 frames.
LOG (gmm-acc-stats-ali[5.5.52-6d919]:main():gmm-acc-stats-ali.cc:105) Processed 11450 utterances; for utterance s016fkw4lyh02-20150804-KoreanpinkSNR10-set016086 avg. like is -37.7151 over 778 frames.
LOG (gmm-acc-stats-ali[5.5.52-6d919]:main():gmm-acc-stats-ali.cc:105) Processed 11500 utterances; for utterance s016m2ljy00-20150804-Korean-set016031 avg. like is -50.022 over 402 frames.
LOG (gmm-acc-stats-ali[5.5.52-6d919]:main():gmm-acc-stats-ali.cc:105) Processed 11550 utterances; for utterance s016m2ljy00-20150804-Korean-set016081 avg. like is -51.0075 over 373 frames.
LOG (gmm-acc-stats-ali[5.5.52-6d919]:main():gmm-acc-stats-ali.cc:105) Processed 11600 utterances; for utterance s016m2ljy00-20150804-KoreanleopardSNR10-set016026 avg. like is -46.3153 over 1102 frames.
LOG (gmm-acc-stats-ali[5.5.52-6d919]:main():gmm-acc-stats-ali.cc:105) Processed 11650 utterances; for utterance s016m2ljy00-20150804-KoreanleopardSNR10-set016076 avg. like is -45.6776 over 523 frames.
LOG (apply-cmvn[5.5.52-6d919]:main():apply-cmvn.cc:162) Applied cepstral mean normalization to 11681 utterances, errors on 0
LOG (transform-feats[5.5.52-6d919]:main():transform-feats.cc:158) Overall average [pseudo-]logdet is -92.5347 over 7.53143e+06 frames.
LOG (transform-feats[5.5.52-6d919]:main():transform-feats.cc:161) Applied transform to 11681 utterances; 0 had errors.
LOG (transform-feats[5.5.52-6d919]:main():transform-feats.cc:158) Overall average logdet is 3.59655 over 7.53143e+06 frames.
LOG (transform-feats[5.5.52-6d919]:main():transform-feats.cc:161) Applied transform to 11681 utterances; 0 had errors.
LOG (gmm-acc-stats-ali[5.5.52-6d919]:main():gmm-acc-stats-ali.cc:112) Done 11679 files, 2 with errors.
LOG (gmm-acc-stats-ali[5.5.52-6d919]:main():gmm-acc-stats-ali.cc:115) Overall avg like per frame (Gaussian only) = -46.6671 over 7530980 frames.
LOG (gmm-acc-stats-ali[5.5.52-6d919]:main():gmm-acc-stats-ali.cc:123) Written accs.
# Accounting: time=22 threads=1
# Ended (code 0) at Tue May  7 16:16:13 KST 2019, elapsed time 22 seconds
