# gmm-acc-stats-ali exp/tri3b/33.mdl "ark,s,cs:apply-cmvn  --utt2spk=ark:data/train/split8/8/utt2spk scp:data/train/split8/8/cmvn.scp scp:data/train/split8/8/feats.scp ark:- | splice-feats  ark:- ark:- | transform-feats exp/tri2b_ali/final.mat ark:- ark:- | transform-feats --utt2spk=ark:data/train/split8/8/utt2spk ark:exp/tri3b/trans.8 ark:- ark:- |" "ark,s,cs:gunzip -c exp/tri3b/ali.8.gz|" exp/tri3b/33.8.acc 
# Started at Tue May  7 16:25:57 KST 2019
#
gmm-acc-stats-ali exp/tri3b/33.mdl 'ark,s,cs:apply-cmvn  --utt2spk=ark:data/train/split8/8/utt2spk scp:data/train/split8/8/cmvn.scp scp:data/train/split8/8/feats.scp ark:- | splice-feats  ark:- ark:- | transform-feats exp/tri2b_ali/final.mat ark:- ark:- | transform-feats --utt2spk=ark:data/train/split8/8/utt2spk ark:exp/tri3b/trans.8 ark:- ark:- |' 'ark,s,cs:gunzip -c exp/tri3b/ali.8.gz|' exp/tri3b/33.8.acc 
transform-feats --utt2spk=ark:data/train/split8/8/utt2spk ark:exp/tri3b/trans.8 ark:- ark:- 
apply-cmvn --utt2spk=ark:data/train/split8/8/utt2spk scp:data/train/split8/8/cmvn.scp scp:data/train/split8/8/feats.scp ark:- 
transform-feats exp/tri2b_ali/final.mat ark:- ark:- 
splice-feats ark:- ark:- 
LOG (gmm-acc-stats-ali[5.5.52-6d919]:main():gmm-acc-stats-ali.cc:105) Processed 50 utterances; for utterance s03m2ssjes02-20150804-Korean-cps03051 avg. like is -45.7731 over 178 frames.
LOG (gmm-acc-stats-ali[5.5.52-6d919]:main():gmm-acc-stats-ali.cc:105) Processed 100 utterances; for utterance s03m2ssjes02-20150804-Korean-cps03102 avg. like is -47.9726 over 155 frames.
LOG (gmm-acc-stats-ali[5.5.52-6d919]:main():gmm-acc-stats-ali.cc:105) Processed 150 utterances; for utterance s03m2ssjes02-20150804-Korean-cps03153 avg. like is -57.1864 over 149 frames.
LOG (gmm-acc-stats-ali[5.5.52-6d919]:main():gmm-acc-stats-ali.cc:105) Processed 200 utterances; for utterance s03m2ssjes02-20150804-Korean-cps03203 avg. like is -48.6579 over 136 frames.
LOG (gmm-acc-stats-ali[5.5.52-6d919]:main():gmm-acc-stats-ali.cc:105) Processed 250 utterances; for utterance s03m2ssjes02-20150804-Korean-cps03253 avg. like is -47.068 over 156 frames.
LOG (gmm-acc-stats-ali[5.5.52-6d919]:main():gmm-acc-stats-ali.cc:105) Processed 300 utterances; for utterance s03m2ssjes02-20150804-Korean-cps03304 avg. like is -43.5292 over 148 frames.
LOG (gmm-acc-stats-ali[5.5.52-6d919]:main():gmm-acc-stats-ali.cc:105) Processed 350 utterances; for utterance s03m2ssjes02-20150804-Korean-cps03354 avg. like is -44.2787 over 161 frames.
LOG (gmm-acc-stats-ali[5.5.52-6d919]:main():gmm-acc-stats-ali.cc:105) Processed 400 utterances; for utterance s03m2ssjes02-20150804-Korean-cps03405 avg. like is -46.7466 over 170 frames.
LOG (gmm-acc-stats-ali[5.5.52-6d919]:main():gmm-acc-stats-ali.cc:105) Processed 450 utterances; for utterance s03m2ssjes02-20150804-KoreandestroyeropsSNR10-cps03038 avg. like is -46.2422 over 152 frames.
LOG (gmm-acc-stats-ali[5.5.52-6d919]:main():gmm-acc-stats-ali.cc:105) Processed 500 utterances; for utterance s03m2ssjes02-20150804-KoreandestroyeropsSNR10-cps03089 avg. like is -44.4171 over 145 frames.
LOG (gmm-acc-stats-ali[5.5.52-6d919]:main():gmm-acc-stats-ali.cc:105) Processed 550 utterances; for utterance s03m2ssjes02-20150804-KoreandestroyeropsSNR10-cps03140 avg. like is -42.7884 over 181 frames.
LOG (gmm-acc-stats-ali[5.5.52-6d919]:main():gmm-acc-stats-ali.cc:105) Processed 600 utterances; for utterance s03m2ssjes02-20150804-KoreandestroyeropsSNR10-cps03190 avg. like is -45.1109 over 165 frames.
LOG (gmm-acc-stats-ali[5.5.52-6d919]:main():gmm-acc-stats-ali.cc:105) Processed 650 utterances; for utterance s03m2ssjes02-20150804-KoreandestroyeropsSNR10-cps03240 avg. like is -44.7982 over 146 frames.
LOG (gmm-acc-stats-ali[5.5.52-6d919]:main():gmm-acc-stats-ali.cc:105) Processed 700 utterances; for utterance s03m2ssjes02-20150804-KoreandestroyeropsSNR10-cps03290 avg. like is -44.3373 over 164 frames.
LOG (gmm-acc-stats-ali[5.5.52-6d919]:main():gmm-acc-stats-ali.cc:105) Processed 750 utterances; for utterance s03m2ssjes02-20150804-KoreandestroyeropsSNR10-cps03341 avg. like is -44.3639 over 159 frames.
LOG (gmm-acc-stats-ali[5.5.52-6d919]:main():gmm-acc-stats-ali.cc:105) Processed 800 utterances; for utterance s03m2ssjes02-20150804-KoreandestroyeropsSNR10-cps03391 avg. like is -44.8078 over 142 frames.
LOG (gmm-acc-stats-ali[5.5.52-6d919]:main():gmm-acc-stats-ali.cc:105) Processed 850 utterances; for utterance s03m2ssjhs02-20150804-Korean-cps03027 avg. like is -48.1433 over 143 frames.
LOG (gmm-acc-stats-ali[5.5.52-6d919]:main():gmm-acc-stats-ali.cc:105) Processed 900 utterances; for utterance s03m2ssjhs02-20150804-Korean-cps03081 avg. like is -47.8033 over 134 frames.
LOG (gmm-acc-stats-ali[5.5.52-6d919]:main():gmm-acc-stats-ali.cc:105) Processed 950 utterances; for utterance s03m2ssjhs02-20150804-Korean-cps03136 avg. like is -51.6973 over 149 frames.
LOG (gmm-acc-stats-ali[5.5.52-6d919]:main():gmm-acc-stats-ali.cc:105) Processed 1000 utterances; for utterance s03m2ssjhs02-20150804-Korean-cps03188 avg. like is -46.5012 over 138 frames.
LOG (gmm-acc-stats-ali[5.5.52-6d919]:main():gmm-acc-stats-ali.cc:105) Processed 1050 utterances; for utterance s03m2ssjhs02-20150804-Korean-cps03240 avg. like is -42.88 over 133 frames.
LOG (gmm-acc-stats-ali[5.5.52-6d919]:main():gmm-acc-stats-ali.cc:105) Processed 1100 utterances; for utterance s03m2ssjhs02-20150804-Korean-cps03291 avg. like is -47.7244 over 146 frames.
LOG (gmm-acc-stats-ali[5.5.52-6d919]:main():gmm-acc-stats-ali.cc:105) Processed 1150 utterances; for utterance s03m2ssjhs02-20150804-Korean-cps03343 avg. like is -46.0837 over 122 frames.
LOG (gmm-acc-stats-ali[5.5.52-6d919]:main():gmm-acc-stats-ali.cc:105) Processed 1200 utterances; for utterance s03m2ssjhs02-20150804-Korean-cps03397 avg. like is -50.187 over 146 frames.
LOG (gmm-acc-stats-ali[5.5.52-6d919]:main():gmm-acc-stats-ali.cc:105) Processed 1250 utterances; for utterance s03m2ssjhs02-20150804-KoreanleopardSNR10-cps03033 avg. like is -44.0623 over 137 frames.
LOG (gmm-acc-stats-ali[5.5.52-6d919]:main():gmm-acc-stats-ali.cc:105) Processed 1300 utterances; for utterance s03m2ssjhs02-20150804-KoreanleopardSNR10-cps03087 avg. like is -44.4781 over 140 frames.
LOG (gmm-acc-stats-ali[5.5.52-6d919]:main():gmm-acc-stats-ali.cc:105) Processed 1350 utterances; for utterance s03m2ssjhs02-20150804-KoreanleopardSNR10-cps03142 avg. like is -44.1591 over 152 frames.
LOG (gmm-acc-stats-ali[5.5.52-6d919]:main():gmm-acc-stats-ali.cc:105) Processed 1400 utterances; for utterance s03m2ssjhs02-20150804-KoreanleopardSNR10-cps03194 avg. like is -45.0701 over 106 frames.
LOG (gmm-acc-stats-ali[5.5.52-6d919]:main():gmm-acc-stats-ali.cc:105) Processed 1450 utterances; for utterance s03m2ssjhs02-20150804-KoreanleopardSNR10-cps03246 avg. like is -42.3323 over 127 frames.
LOG (gmm-acc-stats-ali[5.5.52-6d919]:main():gmm-acc-stats-ali.cc:105) Processed 1500 utterances; for utterance s03m2ssjhs02-20150804-KoreanleopardSNR10-cps03297 avg. like is -41.9087 over 134 frames.
LOG (gmm-acc-stats-ali[5.5.52-6d919]:main():gmm-acc-stats-ali.cc:105) Processed 1550 utterances; for utterance s03m2ssjhs02-20150804-KoreanleopardSNR10-cps03350 avg. like is -43.7508 over 152 frames.
LOG (gmm-acc-stats-ali[5.5.52-6d919]:main():gmm-acc-stats-ali.cc:105) Processed 1600 utterances; for utterance s03m2ssjhs02-20150804-KoreanleopardSNR10-cps03404 avg. like is -44.2301 over 153 frames.
LOG (gmm-acc-stats-ali[5.5.52-6d919]:main():gmm-acc-stats-ali.cc:105) Processed 1650 utterances; for utterance s03m2sssth01-20150804-Korean-cps03037 avg. like is -40.2321 over 132 frames.
LOG (gmm-acc-stats-ali[5.5.52-6d919]:main():gmm-acc-stats-ali.cc:105) Processed 1700 utterances; for utterance s03m2sssth01-20150804-Korean-cps03089 avg. like is -51.1064 over 124 frames.
LOG (gmm-acc-stats-ali[5.5.52-6d919]:main():gmm-acc-stats-ali.cc:105) Processed 1750 utterances; for utterance s03m2sssth01-20150804-Korean-cps03139 avg. like is -47.5602 over 127 frames.
LOG (gmm-acc-stats-ali[5.5.52-6d919]:main():gmm-acc-stats-ali.cc:105) Processed 1800 utterances; for utterance s03m2sssth01-20150804-Korean-cps03190 avg. like is -51.6618 over 119 frames.
LOG (gmm-acc-stats-ali[5.5.52-6d919]:main():gmm-acc-stats-ali.cc:105) Processed 1850 utterances; for utterance s03m2sssth01-20150804-Korean-cps03244 avg. like is -49.996 over 133 frames.
LOG (gmm-acc-stats-ali[5.5.52-6d919]:main():gmm-acc-stats-ali.cc:105) Processed 1900 utterances; for utterance s03m2sssth01-20150804-Korean-cps03295 avg. like is -52.7193 over 126 frames.
LOG (gmm-acc-stats-ali[5.5.52-6d919]:main():gmm-acc-stats-ali.cc:105) Processed 1950 utterances; for utterance s03m2sssth01-20150804-Korean-cps03345 avg. like is -45.4514 over 166 frames.
LOG (gmm-acc-stats-ali[5.5.52-6d919]:main():gmm-acc-stats-ali.cc:105) Processed 2000 utterances; for utterance s03m2sssth01-20150804-Korean-cps03397 avg. like is -47.5569 over 160 frames.
LOG (gmm-acc-stats-ali[5.5.52-6d919]:main():gmm-acc-stats-ali.cc:105) Processed 2050 utterances; for utterance s03m2sssth01-20150804-KoreanleopardSNR10-cps03030 avg. like is -43.3685 over 146 frames.
LOG (gmm-acc-stats-ali[5.5.52-6d919]:main():gmm-acc-stats-ali.cc:105) Processed 2100 utterances; for utterance s03m2sssth01-20150804-KoreanleopardSNR10-cps03082 avg. like is -40.3623 over 138 frames.
LOG (gmm-acc-stats-ali[5.5.52-6d919]:main():gmm-acc-stats-ali.cc:105) Processed 2150 utterances; for utterance s03m2sssth01-20150804-KoreanleopardSNR10-cps03132 avg. like is -39.5866 over 147 frames.
LOG (gmm-acc-stats-ali[5.5.52-6d919]:main():gmm-acc-stats-ali.cc:105) Processed 2200 utterances; for utterance s03m2sssth01-20150804-KoreanleopardSNR10-cps03183 avg. like is -45.9531 over 147 frames.
LOG (gmm-acc-stats-ali[5.5.52-6d919]:main():gmm-acc-stats-ali.cc:105) Processed 2250 utterances; for utterance s03m2sssth01-20150804-KoreanleopardSNR10-cps03237 avg. like is -41.6082 over 133 frames.
LOG (gmm-acc-stats-ali[5.5.52-6d919]:main():gmm-acc-stats-ali.cc:105) Processed 2300 utterances; for utterance s03m2sssth01-20150804-KoreanleopardSNR10-cps03288 avg. like is -44.9951 over 127 frames.
LOG (gmm-acc-stats-ali[5.5.52-6d919]:main():gmm-acc-stats-ali.cc:105) Processed 2350 utterances; for utterance s03m2sssth01-20150804-KoreanleopardSNR10-cps03338 avg. like is -43.8784 over 121 frames.
LOG (gmm-acc-stats-ali[5.5.52-6d919]:main():gmm-acc-stats-ali.cc:105) Processed 2400 utterances; for utterance s03m2sssth01-20150804-KoreanleopardSNR10-cps03389 avg. like is -41.727 over 95 frames.
LOG (gmm-acc-stats-ali[5.5.52-6d919]:main():gmm-acc-stats-ali.cc:105) Processed 2450 utterances; for utterance s03m2sstsg01-20150804-Korean-cps03022 avg. like is -44.0496 over 181 frames.
LOG (gmm-acc-stats-ali[5.5.52-6d919]:main():gmm-acc-stats-ali.cc:105) Processed 2500 utterances; for utterance s03m2sstsg01-20150804-Korean-cps03074 avg. like is -45.9907 over 161 frames.
LOG (gmm-acc-stats-ali[5.5.52-6d919]:main():gmm-acc-stats-ali.cc:105) Processed 2550 utterances; for utterance s03m2sstsg01-20150804-Korean-cps03124 avg. like is -44.2526 over 154 frames.
LOG (gmm-acc-stats-ali[5.5.52-6d919]:main():gmm-acc-stats-ali.cc:105) Processed 2600 utterances; for utterance s03m2sstsg01-20150804-Korean-cps03174 avg. like is -50.6754 over 176 frames.
LOG (gmm-acc-stats-ali[5.5.52-6d919]:main():gmm-acc-stats-ali.cc:105) Processed 2650 utterances; for utterance s03m2sstsg01-20150804-Korean-cps03225 avg. like is -43.0584 over 216 frames.
LOG (gmm-acc-stats-ali[5.5.52-6d919]:main():gmm-acc-stats-ali.cc:105) Processed 2700 utterances; for utterance s03m2sstsg01-20150804-Korean-cps03275 avg. like is -38.5497 over 131 frames.
LOG (gmm-acc-stats-ali[5.5.52-6d919]:main():gmm-acc-stats-ali.cc:105) Processed 2750 utterances; for utterance s03m2sstsg01-20150804-Korean-cps03327 avg. like is -44.4735 over 239 frames.
LOG (gmm-acc-stats-ali[5.5.52-6d919]:main():gmm-acc-stats-ali.cc:105) Processed 2800 utterances; for utterance s03m2sstsg01-20150804-Korean-cps03377 avg. like is -42.49 over 159 frames.
LOG (gmm-acc-stats-ali[5.5.52-6d919]:main():gmm-acc-stats-ali.cc:105) Processed 2850 utterances; for utterance s03m2sstsg01-20150804-KoreancarSNR10-cps03010 avg. like is -39.1206 over 242 frames.
LOG (gmm-acc-stats-ali[5.5.52-6d919]:main():gmm-acc-stats-ali.cc:105) Processed 2900 utterances; for utterance s03m2sstsg01-20150804-KoreancarSNR10-cps03062 avg. like is -37.6546 over 180 frames.
LOG (gmm-acc-stats-ali[5.5.52-6d919]:main():gmm-acc-stats-ali.cc:105) Processed 2950 utterances; for utterance s03m2sstsg01-20150804-KoreancarSNR10-cps03112 avg. like is -36.1295 over 171 frames.
LOG (gmm-acc-stats-ali[5.5.52-6d919]:main():gmm-acc-stats-ali.cc:105) Processed 3000 utterances; for utterance s03m2sstsg01-20150804-KoreancarSNR10-cps03162 avg. like is -38.937 over 164 frames.
LOG (gmm-acc-stats-ali[5.5.52-6d919]:main():gmm-acc-stats-ali.cc:105) Processed 3050 utterances; for utterance s03m2sstsg01-20150804-KoreancarSNR10-cps03212 avg. like is -38.3082 over 187 frames.
LOG (gmm-acc-stats-ali[5.5.52-6d919]:main():gmm-acc-stats-ali.cc:105) Processed 3100 utterances; for utterance s03m2sstsg01-20150804-KoreancarSNR10-cps03263 avg. like is -34.8483 over 167 frames.
LOG (gmm-acc-stats-ali[5.5.52-6d919]:main():gmm-acc-stats-ali.cc:105) Processed 3150 utterances; for utterance s03m2sstsg01-20150804-KoreancarSNR10-cps03315 avg. like is -36.6567 over 159 frames.
LOG (gmm-acc-stats-ali[5.5.52-6d919]:main():gmm-acc-stats-ali.cc:105) Processed 3200 utterances; for utterance s03m2sstsg01-20150804-KoreancarSNR10-cps03365 avg. like is -36.835 over 183 frames.
LOG (gmm-acc-stats-ali[5.5.52-6d919]:main():gmm-acc-stats-ali.cc:105) Processed 3250 utterances; for utterance s03m2sstsg01-20150804-KoreancarSNR10-cps03416 avg. like is -39.2754 over 176 frames.
LOG (gmm-acc-stats-ali[5.5.52-6d919]:main():gmm-acc-stats-ali.cc:105) Processed 3300 utterances; for utterance s03m3ccgwb01-20150804-Korean-cps03048 avg. like is -55.9033 over 147 frames.
LOG (gmm-acc-stats-ali[5.5.52-6d919]:main():gmm-acc-stats-ali.cc:105) Processed 3350 utterances; for utterance s03m3ccgwb01-20150804-Korean-cps03098 avg. like is -52.1189 over 136 frames.
LOG (gmm-acc-stats-ali[5.5.52-6d919]:main():gmm-acc-stats-ali.cc:105) Processed 3400 utterances; for utterance s03m3ccgwb01-20150804-Korean-cps03151 avg. like is -49.7047 over 120 frames.
LOG (gmm-acc-stats-ali[5.5.52-6d919]:main():gmm-acc-stats-ali.cc:105) Processed 3450 utterances; for utterance s03m3ccgwb01-20150804-Korean-cps03202 avg. like is -47.1238 over 123 frames.
LOG (gmm-acc-stats-ali[5.5.52-6d919]:main():gmm-acc-stats-ali.cc:105) Processed 3500 utterances; for utterance s03m3ccgwb01-20150804-Korean-cps03254 avg. like is -50.5718 over 114 frames.
LOG (gmm-acc-stats-ali[5.5.52-6d919]:main():gmm-acc-stats-ali.cc:105) Processed 3550 utterances; for utterance s03m3ccgwb01-20150804-Korean-cps03306 avg. like is -50.1195 over 120 frames.
LOG (gmm-acc-stats-ali[5.5.52-6d919]:main():gmm-acc-stats-ali.cc:105) Processed 3600 utterances; for utterance s03m3ccgwb01-20150804-Korean-cps03358 avg. like is -50.3414 over 134 frames.
LOG (gmm-acc-stats-ali[5.5.52-6d919]:main():gmm-acc-stats-ali.cc:105) Processed 3650 utterances; for utterance s03m3ccgwb01-20150804-Korean-cps03410 avg. like is -45.6008 over 128 frames.
LOG (gmm-acc-stats-ali[5.5.52-6d919]:main():gmm-acc-stats-ali.cc:105) Processed 3700 utterances; for utterance s03m3ccgwb01-20150804-Koreanbabble2SNR10-cps03042 avg. like is -41.5236 over 145 frames.
LOG (gmm-acc-stats-ali[5.5.52-6d919]:main():gmm-acc-stats-ali.cc:105) Processed 3750 utterances; for utterance s03m3ccgwb01-20150804-Koreanbabble2SNR10-cps03092 avg. like is -42.104 over 135 frames.
LOG (gmm-acc-stats-ali[5.5.52-6d919]:main():gmm-acc-stats-ali.cc:105) Processed 3800 utterances; for utterance s03m3ccgwb01-20150804-Koreanbabble2SNR10-cps03145 avg. like is -45.2905 over 131 frames.
LOG (gmm-acc-stats-ali[5.5.52-6d919]:main():gmm-acc-stats-ali.cc:105) Processed 3850 utterances; for utterance s03m3ccgwb01-20150804-Koreanbabble2SNR10-cps03196 avg. like is -45.8308 over 117 frames.
LOG (gmm-acc-stats-ali[5.5.52-6d919]:main():gmm-acc-stats-ali.cc:105) Processed 3900 utterances; for utterance s03m3ccgwb01-20150804-Koreanbabble2SNR10-cps03248 avg. like is -40.706 over 140 frames.
LOG (gmm-acc-stats-ali[5.5.52-6d919]:main():gmm-acc-stats-ali.cc:105) Processed 3950 utterances; for utterance s03m3ccgwb01-20150804-Koreanbabble2SNR10-cps03300 avg. like is -42.9072 over 151 frames.
LOG (gmm-acc-stats-ali[5.5.52-6d919]:main():gmm-acc-stats-ali.cc:105) Processed 4000 utterances; for utterance s03m3ccgwb01-20150804-Koreanbabble2SNR10-cps03352 avg. like is -44.1896 over 122 frames.
LOG (gmm-acc-stats-ali[5.5.52-6d919]:main():gmm-acc-stats-ali.cc:105) Processed 4050 utterances; for utterance s03m3ccgwb01-20150804-Koreanbabble2SNR10-cps03403 avg. like is -42.9811 over 141 frames.
LOG (gmm-acc-stats-ali[5.5.52-6d919]:main():gmm-acc-stats-ali.cc:105) Processed 4100 utterances; for utterance s03m3jrhsj02-20150804-Korean-cps03036 avg. like is -44.8108 over 131 frames.
LOG (gmm-acc-stats-ali[5.5.52-6d919]:main():gmm-acc-stats-ali.cc:105) Processed 4150 utterances; for utterance s03m3jrhsj02-20150804-Korean-cps03086 avg. like is -48.1974 over 175 frames.
LOG (gmm-acc-stats-ali[5.5.52-6d919]:main():gmm-acc-stats-ali.cc:105) Processed 4200 utterances; for utterance s03m3jrhsj02-20150804-Korean-cps03137 avg. like is -46.1181 over 152 frames.
LOG (gmm-acc-stats-ali[5.5.52-6d919]:main():gmm-acc-stats-ali.cc:105) Processed 4250 utterances; for utterance s03m3jrhsj02-20150804-Korean-cps03188 avg. like is -48.7322 over 158 frames.
LOG (gmm-acc-stats-ali[5.5.52-6d919]:main():gmm-acc-stats-ali.cc:105) Processed 4300 utterances; for utterance s03m3jrhsj02-20150804-Korean-cps03238 avg. like is -47.805 over 131 frames.
LOG (gmm-acc-stats-ali[5.5.52-6d919]:main():gmm-acc-stats-ali.cc:105) Processed 4350 utterances; for utterance s03m3jrhsj02-20150804-Korean-cps03288 avg. like is -47.1857 over 145 frames.
LOG (gmm-acc-stats-ali[5.5.52-6d919]:main():gmm-acc-stats-ali.cc:105) Processed 4400 utterances; for utterance s03m3jrhsj02-20150804-Korean-cps03339 avg. like is -49.7211 over 141 frames.
LOG (gmm-acc-stats-ali[5.5.52-6d919]:main():gmm-acc-stats-ali.cc:105) Processed 4450 utterances; for utterance s03m3jrhsj02-20150804-Korean-cps03389 avg. like is -44.6933 over 110 frames.
LOG (gmm-acc-stats-ali[5.5.52-6d919]:main():gmm-acc-stats-ali.cc:105) Processed 4500 utterances; for utterance s03m3jrhsj02-20150804-KoreanvolvoSNR10-cps03022 avg. like is -45.5096 over 152 frames.
LOG (gmm-acc-stats-ali[5.5.52-6d919]:main():gmm-acc-stats-ali.cc:105) Processed 4550 utterances; for utterance s03m3jrhsj02-20150804-KoreanvolvoSNR10-cps03072 avg. like is -46.3898 over 156 frames.
LOG (gmm-acc-stats-ali[5.5.52-6d919]:main():gmm-acc-stats-ali.cc:105) Processed 4600 utterances; for utterance s03m3jrhsj02-20150804-KoreanvolvoSNR10-cps03122 avg. like is -43.2101 over 141 frames.
LOG (gmm-acc-stats-ali[5.5.52-6d919]:main():gmm-acc-stats-ali.cc:105) Processed 4650 utterances; for utterance s03m3jrhsj02-20150804-KoreanvolvoSNR10-cps03174 avg. like is -46.0754 over 166 frames.
LOG (gmm-acc-stats-ali[5.5.52-6d919]:main():gmm-acc-stats-ali.cc:105) Processed 4700 utterances; for utterance s03m3jrhsj02-20150804-KoreanvolvoSNR10-cps03224 avg. like is -41.7004 over 155 frames.
LOG (gmm-acc-stats-ali[5.5.52-6d919]:main():gmm-acc-stats-ali.cc:105) Processed 4750 utterances; for utterance s03m3jrhsj02-20150804-KoreanvolvoSNR10-cps03274 avg. like is -47.857 over 171 frames.
LOG (gmm-acc-stats-ali[5.5.52-6d919]:main():gmm-acc-stats-ali.cc:105) Processed 4800 utterances; for utterance s03m3jrhsj02-20150804-KoreanvolvoSNR10-cps03325 avg. like is -44.8779 over 103 frames.
LOG (gmm-acc-stats-ali[5.5.52-6d919]:main():gmm-acc-stats-ali.cc:105) Processed 4850 utterances; for utterance s03m3jrhsj02-20150804-KoreanvolvoSNR10-cps03375 avg. like is -44.2536 over 135 frames.
LOG (gmm-acc-stats-ali[5.5.52-6d919]:main():gmm-acc-stats-ali.cc:105) Processed 4900 utterances; for utterance s03m3jrsbc01-20150804-Korean-cps03008 avg. like is -49.9255 over 123 frames.
LOG (gmm-acc-stats-ali[5.5.52-6d919]:main():gmm-acc-stats-ali.cc:105) Processed 4950 utterances; for utterance s03m3jrsbc01-20150804-Korean-cps03059 avg. like is -46.0125 over 134 frames.
LOG (gmm-acc-stats-ali[5.5.52-6d919]:main():gmm-acc-stats-ali.cc:105) Processed 5000 utterances; for utterance s03m3jrsbc01-20150804-Korean-cps03109 avg. like is -51.8632 over 148 frames.
LOG (gmm-acc-stats-ali[5.5.52-6d919]:main():gmm-acc-stats-ali.cc:105) Processed 5050 utterances; for utterance s03m3jrsbc01-20150804-Korean-cps03161 avg. like is -50.1666 over 144 frames.
LOG (gmm-acc-stats-ali[5.5.52-6d919]:main():gmm-acc-stats-ali.cc:105) Processed 5100 utterances; for utterance s03m3jrsbc01-20150804-Korean-cps03212 avg. like is -47.404 over 159 frames.
LOG (gmm-acc-stats-ali[5.5.52-6d919]:main():gmm-acc-stats-ali.cc:105) Processed 5150 utterances; for utterance s03m3jrsbc01-20150804-Korean-cps03262 avg. like is -42.0752 over 131 frames.
LOG (gmm-acc-stats-ali[5.5.52-6d919]:main():gmm-acc-stats-ali.cc:105) Processed 5200 utterances; for utterance s03m3jrsbc01-20150804-Korean-cps03313 avg. like is -46.1193 over 139 frames.
LOG (gmm-acc-stats-ali[5.5.52-6d919]:main():gmm-acc-stats-ali.cc:105) Processed 5250 utterances; for utterance s03m3jrsbc01-20150804-Korean-cps03363 avg. like is -45.5186 over 133 frames.
LOG (gmm-acc-stats-ali[5.5.52-6d919]:main():gmm-acc-stats-ali.cc:105) Processed 5300 utterances; for utterance s03m3jrsbc01-20150804-Korean-cps03414 avg. like is -48.6014 over 149 frames.
LOG (gmm-acc-stats-ali[5.5.52-6d919]:main():gmm-acc-stats-ali.cc:105) Processed 5350 utterances; for utterance s03m3jrsbc01-20150804-Koreanbabble2SNR10-cps03047 avg. like is -48.1013 over 142 frames.
LOG (gmm-acc-stats-ali[5.5.52-6d919]:main():gmm-acc-stats-ali.cc:105) Processed 5400 utterances; for utterance s03m3jrsbc01-20150804-Koreanbabble2SNR10-cps03097 avg. like is -45.5336 over 128 frames.
LOG (gmm-acc-stats-ali[5.5.52-6d919]:main():gmm-acc-stats-ali.cc:105) Processed 5450 utterances; for utterance s03m3jrsbc01-20150804-Koreanbabble2SNR10-cps03149 avg. like is -45.4641 over 138 frames.
LOG (gmm-acc-stats-ali[5.5.52-6d919]:main():gmm-acc-stats-ali.cc:105) Processed 5500 utterances; for utterance s03m3jrsbc01-20150804-Koreanbabble2SNR10-cps03200 avg. like is -46.6349 over 151 frames.
LOG (gmm-acc-stats-ali[5.5.52-6d919]:main():gmm-acc-stats-ali.cc:105) Processed 5550 utterances; for utterance s03m3jrsbc01-20150804-Koreanbabble2SNR10-cps03250 avg. like is -46.4016 over 139 frames.
LOG (gmm-acc-stats-ali[5.5.52-6d919]:main():gmm-acc-stats-ali.cc:105) Processed 5600 utterances; for utterance s03m3jrsbc01-20150804-Koreanbabble2SNR10-cps03301 avg. like is -45.511 over 175 frames.
LOG (gmm-acc-stats-ali[5.5.52-6d919]:main():gmm-acc-stats-ali.cc:105) Processed 5650 utterances; for utterance s03m3jrsbc01-20150804-Koreanbabble2SNR10-cps03351 avg. like is -46.4718 over 144 frames.
LOG (gmm-acc-stats-ali[5.5.52-6d919]:main():gmm-acc-stats-ali.cc:105) Processed 5700 utterances; for utterance s03m3jrsbc01-20150804-Koreanbabble2SNR10-cps03401 avg. like is -42.3251 over 132 frames.
LOG (gmm-acc-stats-ali[5.5.52-6d919]:main():gmm-acc-stats-ali.cc:105) Processed 5750 utterances; for utterance s03m3ksgbc01-20150804-Korean-cps03034 avg. like is -45.649 over 160 frames.
LOG (gmm-acc-stats-ali[5.5.52-6d919]:main():gmm-acc-stats-ali.cc:105) Processed 5800 utterances; for utterance s03m3ksgbc01-20150804-Korean-cps03084 avg. like is -42.8329 over 154 frames.
LOG (gmm-acc-stats-ali[5.5.52-6d919]:main():gmm-acc-stats-ali.cc:105) Processed 5850 utterances; for utterance s03m3ksgbc01-20150804-Korean-cps03134 avg. like is -43.1393 over 127 frames.
LOG (gmm-acc-stats-ali[5.5.52-6d919]:main():gmm-acc-stats-ali.cc:105) Processed 5900 utterances; for utterance s03m3ksgbc01-20150804-Korean-cps03184 avg. like is -51.1698 over 162 frames.
LOG (gmm-acc-stats-ali[5.5.52-6d919]:main():gmm-acc-stats-ali.cc:105) Processed 5950 utterances; for utterance s03m3ksgbc01-20150804-Korean-cps03234 avg. like is -44.8034 over 152 frames.
LOG (gmm-acc-stats-ali[5.5.52-6d919]:main():gmm-acc-stats-ali.cc:105) Processed 6000 utterances; for utterance s03m3ksgbc01-20150804-Korean-cps03284 avg. like is -46.8326 over 139 frames.
LOG (gmm-acc-stats-ali[5.5.52-6d919]:main():gmm-acc-stats-ali.cc:105) Processed 6050 utterances; for utterance s03m3ksgbc01-20150804-Korean-cps03335 avg. like is -49.1805 over 148 frames.
LOG (gmm-acc-stats-ali[5.5.52-6d919]:main():gmm-acc-stats-ali.cc:105) Processed 6100 utterances; for utterance s03m3ksgbc01-20150804-Korean-cps03385 avg. like is -46.7811 over 129 frames.
LOG (gmm-acc-stats-ali[5.5.52-6d919]:main():gmm-acc-stats-ali.cc:105) Processed 6150 utterances; for utterance s03m3ksgbc01-20150804-KoreandestroyeropsSNR10-cps03018 avg. like is -46.326 over 150 frames.
LOG (gmm-acc-stats-ali[5.5.52-6d919]:main():gmm-acc-stats-ali.cc:105) Processed 6200 utterances; for utterance s03m3ksgbc01-20150804-KoreandestroyeropsSNR10-cps03068 avg. like is -43.1226 over 144 frames.
LOG (gmm-acc-stats-ali[5.5.52-6d919]:main():gmm-acc-stats-ali.cc:105) Processed 6250 utterances; for utterance s03m3ksgbc01-20150804-KoreandestroyeropsSNR10-cps03118 avg. like is -44.3067 over 100 frames.
LOG (gmm-acc-stats-ali[5.5.52-6d919]:main():gmm-acc-stats-ali.cc:105) Processed 6300 utterances; for utterance s03m3ksgbc01-20150804-KoreandestroyeropsSNR10-cps03168 avg. like is -45.7954 over 175 frames.
LOG (gmm-acc-stats-ali[5.5.52-6d919]:main():gmm-acc-stats-ali.cc:105) Processed 6350 utterances; for utterance s03m3ksgbc01-20150804-KoreandestroyeropsSNR10-cps03218 avg. like is -40.9522 over 129 frames.
LOG (gmm-acc-stats-ali[5.5.52-6d919]:main():gmm-acc-stats-ali.cc:105) Processed 6400 utterances; for utterance s03m3ksgbc01-20150804-KoreandestroyeropsSNR10-cps03268 avg. like is -42.6102 over 144 frames.
LOG (gmm-acc-stats-ali[5.5.52-6d919]:main():gmm-acc-stats-ali.cc:105) Processed 6450 utterances; for utterance s03m3ksgbc01-20150804-KoreandestroyeropsSNR10-cps03319 avg. like is -42.7446 over 158 frames.
LOG (gmm-acc-stats-ali[5.5.52-6d919]:main():gmm-acc-stats-ali.cc:105) Processed 6500 utterances; for utterance s03m3ksgbc01-20150804-KoreandestroyeropsSNR10-cps03369 avg. like is -41.3289 over 133 frames.
LOG (gmm-acc-stats-ali[5.5.52-6d919]:main():gmm-acc-stats-ali.cc:105) Processed 6550 utterances; for utterance s03m3ksiwd01-20150804-Korean-cps03002 avg. like is -46.8704 over 154 frames.
LOG (gmm-acc-stats-ali[5.5.52-6d919]:main():gmm-acc-stats-ali.cc:105) Processed 6600 utterances; for utterance s03m3ksiwd01-20150804-Korean-cps03052 avg. like is -43.1024 over 170 frames.
LOG (gmm-acc-stats-ali[5.5.52-6d919]:main():gmm-acc-stats-ali.cc:105) Processed 6650 utterances; for utterance s03m3ksiwd01-20150804-Korean-cps03102 avg. like is -42.7252 over 151 frames.
LOG (gmm-acc-stats-ali[5.5.52-6d919]:main():gmm-acc-stats-ali.cc:105) Processed 6700 utterances; for utterance s03m3ksiwd01-20150804-Korean-cps03154 avg. like is -41.3424 over 160 frames.
LOG (gmm-acc-stats-ali[5.5.52-6d919]:main():gmm-acc-stats-ali.cc:105) Processed 6750 utterances; for utterance s03m3ksiwd01-20150804-Korean-cps03208 avg. like is -45.3471 over 189 frames.
LOG (gmm-acc-stats-ali[5.5.52-6d919]:main():gmm-acc-stats-ali.cc:105) Processed 6800 utterances; for utterance s03m3ksiwd01-20150804-Korean-cps03262 avg. like is -44.1829 over 143 frames.
LOG (gmm-acc-stats-ali[5.5.52-6d919]:main():gmm-acc-stats-ali.cc:105) Processed 6850 utterances; for utterance s03m3ksiwd01-20150804-Korean-cps03313 avg. like is -44.0859 over 158 frames.
LOG (gmm-acc-stats-ali[5.5.52-6d919]:main():gmm-acc-stats-ali.cc:105) Processed 6900 utterances; for utterance s03m3ksiwd01-20150804-Korean-cps03365 avg. like is -48.7436 over 160 frames.
LOG (gmm-acc-stats-ali[5.5.52-6d919]:main():gmm-acc-stats-ali.cc:105) Processed 6950 utterances; for utterance s03m3ksiwd01-20150804-Korean-cps03417 avg. like is -47.9963 over 146 frames.
LOG (gmm-acc-stats-ali[5.5.52-6d919]:main():gmm-acc-stats-ali.cc:105) Processed 7000 utterances; for utterance s03m3ksiwd01-20150804-KoreanleopardSNR10-cps03049 avg. like is -45.3391 over 137 frames.
LOG (gmm-acc-stats-ali[5.5.52-6d919]:main():gmm-acc-stats-ali.cc:105) Processed 7050 utterances; for utterance s03m3ksiwd01-20150804-KoreanleopardSNR10-cps03099 avg. like is -43.1021 over 171 frames.
LOG (gmm-acc-stats-ali[5.5.52-6d919]:main():gmm-acc-stats-ali.cc:105) Processed 7100 utterances; for utterance s03m3ksiwd01-20150804-KoreanleopardSNR10-cps03151 avg. like is -41.4164 over 155 frames.
LOG (gmm-acc-stats-ali[5.5.52-6d919]:main():gmm-acc-stats-ali.cc:105) Processed 7150 utterances; for utterance s03m3ksiwd01-20150804-KoreanleopardSNR10-cps03205 avg. like is -41.4108 over 153 frames.
LOG (gmm-acc-stats-ali[5.5.52-6d919]:main():gmm-acc-stats-ali.cc:105) Processed 7200 utterances; for utterance s03m3ksiwd01-20150804-KoreanleopardSNR10-cps03258 avg. like is -46.7664 over 171 frames.
LOG (gmm-acc-stats-ali[5.5.52-6d919]:main():gmm-acc-stats-ali.cc:105) Processed 7250 utterances; for utterance s03m3ksiwd01-20150804-KoreanleopardSNR10-cps03310 avg. like is -45.0599 over 145 frames.
LOG (gmm-acc-stats-ali[5.5.52-6d919]:main():gmm-acc-stats-ali.cc:105) Processed 7300 utterances; for utterance s03m3ksiwd01-20150804-KoreanleopardSNR10-cps03362 avg. like is -42.3633 over 153 frames.
LOG (gmm-acc-stats-ali[5.5.52-6d919]:main():gmm-acc-stats-ali.cc:105) Processed 7350 utterances; for utterance s03m3ksiwd01-20150804-KoreanleopardSNR10-cps03414 avg. like is -44.044 over 181 frames.
LOG (gmm-acc-stats-ali[5.5.52-6d919]:main():gmm-acc-stats-ali.cc:105) Processed 7400 utterances; for utterance s03m3ksjmh02-20150804-Korean-cps03047 avg. like is -48.4198 over 174 frames.
LOG (gmm-acc-stats-ali[5.5.52-6d919]:main():gmm-acc-stats-ali.cc:105) Processed 7450 utterances; for utterance s03m3ksjmh02-20150804-Korean-cps03097 avg. like is -45.6616 over 152 frames.
LOG (gmm-acc-stats-ali[5.5.52-6d919]:main():gmm-acc-stats-ali.cc:105) Processed 7500 utterances; for utterance s03m3ksjmh02-20150804-Korean-cps03147 avg. like is -46.5497 over 122 frames.
LOG (gmm-acc-stats-ali[5.5.52-6d919]:main():gmm-acc-stats-ali.cc:105) Processed 7550 utterances; for utterance s03m3ksjmh02-20150804-Korean-cps03197 avg. like is -42.7314 over 179 frames.
LOG (gmm-acc-stats-ali[5.5.52-6d919]:main():gmm-acc-stats-ali.cc:105) Processed 7600 utterances; for utterance s03m3ksjmh02-20150804-Korean-cps03247 avg. like is -43.5044 over 145 frames.
LOG (gmm-acc-stats-ali[5.5.52-6d919]:main():gmm-acc-stats-ali.cc:105) Processed 7650 utterances; for utterance s03m3ksjmh02-20150804-Korean-cps03299 avg. like is -41.1143 over 147 frames.
LOG (gmm-acc-stats-ali[5.5.52-6d919]:main():gmm-acc-stats-ali.cc:105) Processed 7700 utterances; for utterance s03m3ksjmh02-20150804-Korean-cps03350 avg. like is -47.7397 over 174 frames.
LOG (gmm-acc-stats-ali[5.5.52-6d919]:main():gmm-acc-stats-ali.cc:105) Processed 7750 utterances; for utterance s03m3ksjmh02-20150804-Korean-cps03400 avg. like is -44.1272 over 137 frames.
LOG (gmm-acc-stats-ali[5.5.52-6d919]:main():gmm-acc-stats-ali.cc:105) Processed 7800 utterances; for utterance s03m3ksjmh02-20150804-Koreanbabble1SNR10-cps03034 avg. like is -42.2276 over 155 frames.
LOG (gmm-acc-stats-ali[5.5.52-6d919]:main():gmm-acc-stats-ali.cc:105) Processed 7850 utterances; for utterance s03m3ksjmh02-20150804-Koreanbabble1SNR10-cps03084 avg. like is -42.766 over 162 frames.
LOG (gmm-acc-stats-ali[5.5.52-6d919]:main():gmm-acc-stats-ali.cc:105) Processed 7900 utterances; for utterance s03m3ksjmh02-20150804-Koreanbabble1SNR10-cps03134 avg. like is -45.1886 over 127 frames.
LOG (gmm-acc-stats-ali[5.5.52-6d919]:main():gmm-acc-stats-ali.cc:105) Processed 7950 utterances; for utterance s03m3ksjmh02-20150804-Koreanbabble1SNR10-cps03184 avg. like is -43.9472 over 152 frames.
LOG (gmm-acc-stats-ali[5.5.52-6d919]:main():gmm-acc-stats-ali.cc:105) Processed 8000 utterances; for utterance s03m3ksjmh02-20150804-Koreanbabble1SNR10-cps03234 avg. like is -44.9485 over 147 frames.
LOG (gmm-acc-stats-ali[5.5.52-6d919]:main():gmm-acc-stats-ali.cc:105) Processed 8050 utterances; for utterance s03m3ksjmh02-20150804-Koreanbabble1SNR10-cps03286 avg. like is -49.5458 over 137 frames.
LOG (gmm-acc-stats-ali[5.5.52-6d919]:main():gmm-acc-stats-ali.cc:105) Processed 8100 utterances; for utterance s03m3ksjmh02-20150804-Koreanbabble1SNR10-cps03337 avg. like is -44.7061 over 152 frames.
LOG (gmm-acc-stats-ali[5.5.52-6d919]:main():gmm-acc-stats-ali.cc:105) Processed 8150 utterances; for utterance s03m3ksjmh02-20150804-Koreanbabble1SNR10-cps03387 avg. like is -46.0217 over 150 frames.
LOG (gmm-acc-stats-ali[5.5.52-6d919]:main():gmm-acc-stats-ali.cc:105) Processed 8200 utterances; for utterance s03m3ssbcu02-20150804-Korean-cps03020 avg. like is -47.209 over 129 frames.
LOG (gmm-acc-stats-ali[5.5.52-6d919]:main():gmm-acc-stats-ali.cc:105) Processed 8250 utterances; for utterance s03m3ssbcu02-20150804-Korean-cps03070 avg. like is -47.6257 over 128 frames.
LOG (gmm-acc-stats-ali[5.5.52-6d919]:main():gmm-acc-stats-ali.cc:105) Processed 8300 utterances; for utterance s03m3ssbcu02-20150804-Korean-cps03120 avg. like is -51.0071 over 121 frames.
LOG (gmm-acc-stats-ali[5.5.52-6d919]:main():gmm-acc-stats-ali.cc:105) Processed 8350 utterances; for utterance s03m3ssbcu02-20150804-Korean-cps03171 avg. like is -45.0033 over 165 frames.
LOG (gmm-acc-stats-ali[5.5.52-6d919]:main():gmm-acc-stats-ali.cc:105) Processed 8400 utterances; for utterance s03m3ssbcu02-20150804-Korean-cps03223 avg. like is -52.6457 over 136 frames.
LOG (gmm-acc-stats-ali[5.5.52-6d919]:main():gmm-acc-stats-ali.cc:105) Processed 8450 utterances; for utterance s03m3ssbcu02-20150804-Korean-cps03273 avg. like is -43.57 over 136 frames.
LOG (gmm-acc-stats-ali[5.5.52-6d919]:main():gmm-acc-stats-ali.cc:105) Processed 8500 utterances; for utterance s03m3ssbcu02-20150804-Korean-cps03323 avg. like is -47.0545 over 137 frames.
LOG (gmm-acc-stats-ali[5.5.52-6d919]:main():gmm-acc-stats-ali.cc:105) Processed 8550 utterances; for utterance s03m3ssbcu02-20150804-Korean-cps03373 avg. like is -51.195 over 170 frames.
LOG (gmm-acc-stats-ali[5.5.52-6d919]:main():gmm-acc-stats-ali.cc:105) Processed 8600 utterances; for utterance s03m3ssbcu02-20150804-KoreanwhiteSNR10-cps03006 avg. like is -39.9239 over 165 frames.
LOG (gmm-acc-stats-ali[5.5.52-6d919]:main():gmm-acc-stats-ali.cc:105) Processed 8650 utterances; for utterance s03m3ssbcu02-20150804-KoreanwhiteSNR10-cps03056 avg. like is -37.3348 over 139 frames.
LOG (gmm-acc-stats-ali[5.5.52-6d919]:main():gmm-acc-stats-ali.cc:105) Processed 8700 utterances; for utterance s03m3ssbcu02-20150804-KoreanwhiteSNR10-cps03106 avg. like is -37.5342 over 121 frames.
LOG (gmm-acc-stats-ali[5.5.52-6d919]:main():gmm-acc-stats-ali.cc:105) Processed 8750 utterances; for utterance s03m3ssbcu02-20150804-KoreanwhiteSNR10-cps03156 avg. like is -36.8959 over 153 frames.
LOG (gmm-acc-stats-ali[5.5.52-6d919]:main():gmm-acc-stats-ali.cc:105) Processed 8800 utterances; for utterance s03m3ssbcu02-20150804-KoreanwhiteSNR10-cps03207 avg. like is -36.0571 over 153 frames.
LOG (gmm-acc-stats-ali[5.5.52-6d919]:main():gmm-acc-stats-ali.cc:105) Processed 8850 utterances; for utterance s03m3ssbcu02-20150804-KoreanwhiteSNR10-cps03259 avg. like is -35.5619 over 146 frames.
LOG (gmm-acc-stats-ali[5.5.52-6d919]:main():gmm-acc-stats-ali.cc:105) Processed 8900 utterances; for utterance s03m3ssbcu02-20150804-KoreanwhiteSNR10-cps03309 avg. like is -37.6897 over 154 frames.
LOG (gmm-acc-stats-ali[5.5.52-6d919]:main():gmm-acc-stats-ali.cc:105) Processed 8950 utterances; for utterance s03m3ssbcu02-20150804-KoreanwhiteSNR10-cps03359 avg. like is -37.3663 over 157 frames.
LOG (gmm-acc-stats-ali[5.5.52-6d919]:main():gmm-acc-stats-ali.cc:105) Processed 9000 utterances; for utterance s03m3ssbcu02-20150804-KoreanwhiteSNR10-cps03410 avg. like is -34.8812 over 137 frames.
LOG (gmm-acc-stats-ali[5.5.52-6d919]:main():gmm-acc-stats-ali.cc:105) Processed 9050 utterances; for utterance s03m3ssgsz01-20150804-Korean-cps03044 avg. like is -47.4928 over 149 frames.
LOG (gmm-acc-stats-ali[5.5.52-6d919]:main():gmm-acc-stats-ali.cc:105) Processed 9100 utterances; for utterance s03m3ssgsz01-20150804-Korean-cps03094 avg. like is -45.1307 over 149 frames.
LOG (gmm-acc-stats-ali[5.5.52-6d919]:main():gmm-acc-stats-ali.cc:105) Processed 9150 utterances; for utterance s03m3ssgsz01-20150804-Korean-cps03144 avg. like is -43.5179 over 175 frames.
LOG (gmm-acc-stats-ali[5.5.52-6d919]:main():gmm-acc-stats-ali.cc:105) Processed 9200 utterances; for utterance s03m3ssgsz01-20150804-Korean-cps03195 avg. like is -52.2938 over 161 frames.
LOG (gmm-acc-stats-ali[5.5.52-6d919]:main():gmm-acc-stats-ali.cc:105) Processed 9250 utterances; for utterance s03m3ssgsz01-20150804-Korean-cps03245 avg. like is -49.4109 over 149 frames.
LOG (gmm-acc-stats-ali[5.5.52-6d919]:main():gmm-acc-stats-ali.cc:105) Processed 9300 utterances; for utterance s03m3ssgsz01-20150804-Korean-cps03296 avg. like is -46.2549 over 155 frames.
LOG (gmm-acc-stats-ali[5.5.52-6d919]:main():gmm-acc-stats-ali.cc:105) Processed 9350 utterances; for utterance s03m3ssgsz01-20150804-Korean-cps03346 avg. like is -46.643 over 129 frames.
LOG (gmm-acc-stats-ali[5.5.52-6d919]:main():gmm-acc-stats-ali.cc:105) Processed 9400 utterances; for utterance s03m3ssgsz01-20150804-Korean-cps03396 avg. like is -49.7457 over 129 frames.
LOG (gmm-acc-stats-ali[5.5.52-6d919]:main():gmm-acc-stats-ali.cc:105) Processed 9450 utterances; for utterance s03m3ssngw01-20150804-Korean-cps03033 avg. like is -52.2155 over 149 frames.
LOG (gmm-acc-stats-ali[5.5.52-6d919]:main():gmm-acc-stats-ali.cc:105) Processed 9500 utterances; for utterance s03m3ssngw01-20150804-Korean-cps03084 avg. like is -42.2444 over 151 frames.
LOG (gmm-acc-stats-ali[5.5.52-6d919]:main():gmm-acc-stats-ali.cc:105) Processed 9550 utterances; for utterance s03m3ssngw01-20150804-Korean-cps03143 avg. like is -45.367 over 157 frames.
LOG (gmm-acc-stats-ali[5.5.52-6d919]:main():gmm-acc-stats-ali.cc:105) Processed 9600 utterances; for utterance s03m3ssngw01-20150804-Korean-cps03197 avg. like is -44.2226 over 159 frames.
LOG (gmm-acc-stats-ali[5.5.52-6d919]:main():gmm-acc-stats-ali.cc:105) Processed 9650 utterances; for utterance s03m3ssngw01-20150804-Korean-cps03250 avg. like is -44.1924 over 144 frames.
LOG (gmm-acc-stats-ali[5.5.52-6d919]:main():gmm-acc-stats-ali.cc:105) Processed 9700 utterances; for utterance s03m3ssngw01-20150804-Korean-cps03306 avg. like is -47.7055 over 126 frames.
LOG (gmm-acc-stats-ali[5.5.52-6d919]:main():gmm-acc-stats-ali.cc:105) Processed 9750 utterances; for utterance s03m3ssngw01-20150804-Korean-cps03358 avg. like is -47.5541 over 133 frames.
LOG (gmm-acc-stats-ali[5.5.52-6d919]:main():gmm-acc-stats-ali.cc:105) Processed 9800 utterances; for utterance s03m3ssngw01-20150804-Korean-cps03413 avg. like is -45.0961 over 144 frames.
LOG (gmm-acc-stats-ali[5.5.52-6d919]:main():gmm-acc-stats-ali.cc:105) Processed 9850 utterances; for utterance s03m3ssngw01-20150804-Koreanleopard1SNR10-cps03049 avg. like is -44.5434 over 135 frames.
LOG (gmm-acc-stats-ali[5.5.52-6d919]:main():gmm-acc-stats-ali.cc:105) Processed 9900 utterances; for utterance s03m3ssngw01-20150804-Koreanleopard1SNR10-cps03105 avg. like is -39.9556 over 150 frames.
LOG (gmm-acc-stats-ali[5.5.52-6d919]:main():gmm-acc-stats-ali.cc:105) Processed 9950 utterances; for utterance s03m3ssngw01-20150804-Koreanleopard1SNR10-cps03160 avg. like is -44.4203 over 151 frames.
LOG (gmm-acc-stats-ali[5.5.52-6d919]:main():gmm-acc-stats-ali.cc:105) Processed 10000 utterances; for utterance s03m3ssngw01-20150804-Koreanleopard1SNR10-cps03213 avg. like is -43.6498 over 166 frames.
LOG (gmm-acc-stats-ali[5.5.52-6d919]:main():gmm-acc-stats-ali.cc:105) Processed 10050 utterances; for utterance s03m3ssngw01-20150804-Koreanleopard1SNR10-cps03267 avg. like is -44.7628 over 150 frames.
LOG (gmm-acc-stats-ali[5.5.52-6d919]:main():gmm-acc-stats-ali.cc:105) Processed 10100 utterances; for utterance s03m3ssngw01-20150804-Koreanleopard1SNR10-cps03322 avg. like is -40.5893 over 153 frames.
LOG (gmm-acc-stats-ali[5.5.52-6d919]:main():gmm-acc-stats-ali.cc:105) Processed 10150 utterances; for utterance s03m3ssngw01-20150804-Koreanleopard1SNR10-cps03376 avg. like is -40.4721 over 154 frames.
LOG (gmm-acc-stats-ali[5.5.52-6d919]:main():gmm-acc-stats-ali.cc:105) Processed 10200 utterances; for utterance s03m4ksoyj01-20150804-Korean-cps03011 avg. like is -51.492 over 221 frames.
LOG (gmm-acc-stats-ali[5.5.52-6d919]:main():gmm-acc-stats-ali.cc:105) Processed 10250 utterances; for utterance s03m4ksoyj01-20150804-Korean-cps03061 avg. like is -52.408 over 217 frames.
LOG (gmm-acc-stats-ali[5.5.52-6d919]:main():gmm-acc-stats-ali.cc:105) Processed 10300 utterances; for utterance s03m4ksoyj01-20150804-Korean-cps03113 avg. like is -53.1061 over 150 frames.
LOG (gmm-acc-stats-ali[5.5.52-6d919]:main():gmm-acc-stats-ali.cc:105) Processed 10350 utterances; for utterance s03m4ksoyj01-20150804-Korean-cps03165 avg. like is -55.2903 over 124 frames.
LOG (gmm-acc-stats-ali[5.5.52-6d919]:main():gmm-acc-stats-ali.cc:105) Processed 10400 utterances; for utterance s03m4ksoyj01-20150804-Korean-cps03216 avg. like is -54.2477 over 188 frames.
LOG (gmm-acc-stats-ali[5.5.52-6d919]:main():gmm-acc-stats-ali.cc:105) Processed 10450 utterances; for utterance s03m4ksoyj01-20150804-Korean-cps03267 avg. like is -55.2999 over 181 frames.
LOG (gmm-acc-stats-ali[5.5.52-6d919]:main():gmm-acc-stats-ali.cc:105) Processed 10500 utterances; for utterance s03m4ksoyj01-20150804-Korean-cps03317 avg. like is -54.957 over 180 frames.
LOG (gmm-acc-stats-ali[5.5.52-6d919]:main():gmm-acc-stats-ali.cc:105) Processed 10550 utterances; for utterance s03m4ksoyj01-20150804-Korean-cps03368 avg. like is -51.7673 over 170 frames.
LOG (gmm-acc-stats-ali[5.5.52-6d919]:main():gmm-acc-stats-ali.cc:105) Processed 10600 utterances; for utterance s03m4ksoyj01-20150804-KoreancarSNR10-cps03001 avg. like is -41.1925 over 210 frames.
LOG (gmm-acc-stats-ali[5.5.52-6d919]:main():gmm-acc-stats-ali.cc:105) Processed 10650 utterances; for utterance s03m4ksoyj01-20150804-KoreancarSNR10-cps03051 avg. like is -39.3686 over 193 frames.
LOG (gmm-acc-stats-ali[5.5.52-6d919]:main():gmm-acc-stats-ali.cc:105) Processed 10700 utterances; for utterance s03m4ksoyj01-20150804-KoreancarSNR10-cps03102 avg. like is -37.7908 over 165 frames.
LOG (gmm-acc-stats-ali[5.5.52-6d919]:main():gmm-acc-stats-ali.cc:105) Processed 10750 utterances; for utterance s03m4ksoyj01-20150804-KoreancarSNR10-cps03155 avg. like is -36.9965 over 171 frames.
LOG (gmm-acc-stats-ali[5.5.52-6d919]:main():gmm-acc-stats-ali.cc:105) Processed 10800 utterances; for utterance s03m4ksoyj01-20150804-KoreancarSNR10-cps03205 avg. like is -38.5476 over 181 frames.
LOG (gmm-acc-stats-ali[5.5.52-6d919]:main():gmm-acc-stats-ali.cc:105) Processed 10850 utterances; for utterance s03m4ksoyj01-20150804-KoreancarSNR10-cps03257 avg. like is -38.8409 over 176 frames.
LOG (gmm-acc-stats-ali[5.5.52-6d919]:main():gmm-acc-stats-ali.cc:105) Processed 10900 utterances; for utterance s03m4ksoyj01-20150804-KoreancarSNR10-cps03307 avg. like is -39.3757 over 185 frames.
LOG (gmm-acc-stats-ali[5.5.52-6d919]:main():gmm-acc-stats-ali.cc:105) Processed 10950 utterances; for utterance s03m4ksoyj01-20150804-KoreancarSNR10-cps03358 avg. like is -42.0673 over 166 frames.
LOG (gmm-acc-stats-ali[5.5.52-6d919]:main():gmm-acc-stats-ali.cc:105) Processed 11000 utterances; for utterance s03m4ksoyj01-20150804-KoreancarSNR10-cps03409 avg. like is -39.0062 over 178 frames.
LOG (gmm-acc-stats-ali[5.5.52-6d919]:main():gmm-acc-stats-ali.cc:105) Processed 11050 utterances; for utterance s03m4ssmsj01-20150804-Korean-cps03041 avg. like is -48.5143 over 149 frames.
LOG (gmm-acc-stats-ali[5.5.52-6d919]:main():gmm-acc-stats-ali.cc:105) Processed 11100 utterances; for utterance s03m4ssmsj01-20150804-Korean-cps03091 avg. like is -45.0545 over 153 frames.
LOG (gmm-acc-stats-ali[5.5.52-6d919]:main():gmm-acc-stats-ali.cc:105) Processed 11150 utterances; for utterance s03m4ssmsj01-20150804-Korean-cps03141 avg. like is -47.4956 over 132 frames.
LOG (gmm-acc-stats-ali[5.5.52-6d919]:main():gmm-acc-stats-ali.cc:105) Processed 11200 utterances; for utterance s03m4ssmsj01-20150804-Korean-cps03194 avg. like is -44.5382 over 120 frames.
LOG (gmm-acc-stats-ali[5.5.52-6d919]:main():gmm-acc-stats-ali.cc:105) Processed 11250 utterances; for utterance s03m4ssmsj01-20150804-Korean-cps03246 avg. like is -43.2309 over 133 frames.
LOG (gmm-acc-stats-ali[5.5.52-6d919]:main():gmm-acc-stats-ali.cc:105) Processed 11300 utterances; for utterance s03m4ssmsj01-20150804-Korean-cps03297 avg. like is -46.1474 over 139 frames.
LOG (gmm-acc-stats-ali[5.5.52-6d919]:main():gmm-acc-stats-ali.cc:105) Processed 11350 utterances; for utterance s03m4ssmsj01-20150804-Korean-cps03351 avg. like is -47.666 over 162 frames.
LOG (gmm-acc-stats-ali[5.5.52-6d919]:main():gmm-acc-stats-ali.cc:105) Processed 11400 utterances; for utterance s03m4ssmsj01-20150804-Korean-cps03401 avg. like is -45.6661 over 146 frames.
LOG (gmm-acc-stats-ali[5.5.52-6d919]:main():gmm-acc-stats-ali.cc:105) Processed 11450 utterances; for utterance s03m4ssmsj01-20150804-KoreanbabbleSNR10-cps03033 avg. like is -48.1506 over 158 frames.
LOG (gmm-acc-stats-ali[5.5.52-6d919]:main():gmm-acc-stats-ali.cc:105) Processed 11500 utterances; for utterance s03m4ssmsj01-20150804-KoreanbabbleSNR10-cps03083 avg. like is -48.2308 over 159 frames.
LOG (gmm-acc-stats-ali[5.5.52-6d919]:main():gmm-acc-stats-ali.cc:105) Processed 11550 utterances; for utterance s03m4ssmsj01-20150804-KoreanbabbleSNR10-cps03133 avg. like is -45.3883 over 130 frames.
LOG (gmm-acc-stats-ali[5.5.52-6d919]:main():gmm-acc-stats-ali.cc:105) Processed 11600 utterances; for utterance s03m4ssmsj01-20150804-KoreanbabbleSNR10-cps03186 avg. like is -48.7829 over 140 frames.
LOG (gmm-acc-stats-ali[5.5.52-6d919]:main():gmm-acc-stats-ali.cc:105) Processed 11650 utterances; for utterance s03m4ssmsj01-20150804-KoreanbabbleSNR10-cps03237 avg. like is -46.3303 over 147 frames.
LOG (gmm-acc-stats-ali[5.5.52-6d919]:main():gmm-acc-stats-ali.cc:105) Processed 11700 utterances; for utterance s03m4ssmsj01-20150804-KoreanbabbleSNR10-cps03289 avg. like is -48.0625 over 159 frames.
LOG (gmm-acc-stats-ali[5.5.52-6d919]:main():gmm-acc-stats-ali.cc:105) Processed 11750 utterances; for utterance s03m4ssmsj01-20150804-KoreanbabbleSNR10-cps03342 avg. like is -47.3971 over 138 frames.
LOG (gmm-acc-stats-ali[5.5.52-6d919]:main():gmm-acc-stats-ali.cc:105) Processed 11800 utterances; for utterance s03m4ssmsj01-20150804-KoreanbabbleSNR10-cps03393 avg. like is -46.7334 over 152 frames.
LOG (gmm-acc-stats-ali[5.5.52-6d919]:main():gmm-acc-stats-ali.cc:105) Processed 11850 utterances; for utterance s03mg3ybh00-20150803-Korean-s03a025 avg. like is -50.8005 over 260 frames.
LOG (gmm-acc-stats-ali[5.5.52-6d919]:main():gmm-acc-stats-ali.cc:105) Processed 11900 utterances; for utterance s03mg3ybh00-20150803-Korean-s03a076 avg. like is -45.7073 over 225 frames.
LOG (gmm-acc-stats-ali[5.5.52-6d919]:main():gmm-acc-stats-ali.cc:105) Processed 11950 utterances; for utterance s03mg3ybh00-20150803-Korean-s03a127 avg. like is -48.9394 over 211 frames.
LOG (gmm-acc-stats-ali[5.5.52-6d919]:main():gmm-acc-stats-ali.cc:105) Processed 12000 utterances; for utterance s03mg3ybh00-20150803-KoreanhfchannelSNR10-s03a036 avg. like is -39.9953 over 355 frames.
LOG (gmm-acc-stats-ali[5.5.52-6d919]:main():gmm-acc-stats-ali.cc:105) Processed 12050 utterances; for utterance s03mg3ybh00-20150803-KoreanhfchannelSNR10-s03a087 avg. like is -40.3323 over 185 frames.
LOG (gmm-acc-stats-ali[5.5.52-6d919]:main():gmm-acc-stats-ali.cc:105) Processed 12100 utterances; for utterance s03mg3ybh00-20150803-KoreanhfchannelSNR10-s03a138 avg. like is -40.8617 over 314 frames.
LOG (gmm-acc-stats-ali[5.5.52-6d919]:main():gmm-acc-stats-ali.cc:105) Processed 12150 utterances; for utterance s03mj3hsh00-20150803-Korean-s03a047 avg. like is -55.2372 over 306 frames.
LOG (gmm-acc-stats-ali[5.5.52-6d919]:main():gmm-acc-stats-ali.cc:105) Processed 12200 utterances; for utterance s03mj3hsh00-20150803-Korean-s03a097 avg. like is -47.9443 over 197 frames.
LOG (gmm-acc-stats-ali[5.5.52-6d919]:main():gmm-acc-stats-ali.cc:105) Processed 12250 utterances; for utterance s03mj3hsh00-20150803-KoreandestroyeropsSNR10-s03a006 avg. like is -42.8376 over 248 frames.
LOG (gmm-acc-stats-ali[5.5.52-6d919]:main():gmm-acc-stats-ali.cc:105) Processed 12300 utterances; for utterance s03mj3hsh00-20150803-KoreandestroyeropsSNR10-s03a056 avg. like is -43.8246 over 303 frames.
LOG (gmm-acc-stats-ali[5.5.52-6d919]:main():gmm-acc-stats-ali.cc:105) Processed 12350 utterances; for utterance s03mj3hsh00-20150803-KoreandestroyeropsSNR10-s03a106 avg. like is -44.0946 over 250 frames.
LOG (gmm-acc-stats-ali[5.5.52-6d919]:main():gmm-acc-stats-ali.cc:105) Processed 12400 utterances; for utterance s03mj4kyc01-20150803-Korean-s03a015 avg. like is -52.4766 over 251 frames.
LOG (gmm-acc-stats-ali[5.5.52-6d919]:main():gmm-acc-stats-ali.cc:105) Processed 12450 utterances; for utterance s03mj4kyc01-20150803-Korean-s03a067 avg. like is -51.7891 over 332 frames.
LOG (gmm-acc-stats-ali[5.5.52-6d919]:main():gmm-acc-stats-ali.cc:105) Processed 12500 utterances; for utterance s03mj4kyc01-20150803-Korean-s03a118 avg. like is -48.5333 over 225 frames.
LOG (gmm-acc-stats-ali[5.5.52-6d919]:main():gmm-acc-stats-ali.cc:105) Processed 12550 utterances; for utterance s03mj4kyc01-20150803-KoreanhfchannelSNR10-s03a029 avg. like is -43.5842 over 340 frames.
LOG (gmm-acc-stats-ali[5.5.52-6d919]:main():gmm-acc-stats-ali.cc:105) Processed 12600 utterances; for utterance s03mj4kyc01-20150803-KoreanhfchannelSNR10-s03a080 avg. like is -40.2771 over 229 frames.
LOG (gmm-acc-stats-ali[5.5.52-6d919]:main():gmm-acc-stats-ali.cc:105) Processed 12650 utterances; for utterance s03mj4kyc01-20150803-KoreanhfchannelSNR10-s03a132 avg. like is -43.8389 over 347 frames.
LOG (gmm-acc-stats-ali[5.5.52-6d919]:main():gmm-acc-stats-ali.cc:105) Processed 12700 utterances; for utterance s03ms2mkk00-20150803-Korean-s03a041 avg. like is -47.3522 over 223 frames.
LOG (gmm-acc-stats-ali[5.5.52-6d919]:main():gmm-acc-stats-ali.cc:105) Processed 12750 utterances; for utterance s03ms2mkk00-20150803-Korean-s03a091 avg. like is -45.8669 over 225 frames.
LOG (gmm-acc-stats-ali[5.5.52-6d919]:main():gmm-acc-stats-ali.cc:105) Processed 12800 utterances; for utterance s03ms2mkk00-20150803-Korean-s03a141 avg. like is -45.4357 over 141 frames.
LOG (gmm-acc-stats-ali[5.5.52-6d919]:main():gmm-acc-stats-ali.cc:105) Processed 12850 utterances; for utterance s03ms2mkk00-20150803-KoreanvolvoSNR10-s03a050 avg. like is -43.9775 over 189 frames.
LOG (gmm-acc-stats-ali[5.5.52-6d919]:main():gmm-acc-stats-ali.cc:105) Processed 12900 utterances; for utterance s03ms2mkk00-20150803-KoreanvolvoSNR10-s03a100 avg. like is -43.76 over 153 frames.
LOG (gmm-acc-stats-ali[5.5.52-6d919]:main():gmm-acc-stats-ali.cc:105) Processed 12950 utterances; for utterance s03ms3psm00-20150803-Korean-s03a009 avg. like is -43.9815 over 202 frames.
LOG (gmm-acc-stats-ali[5.5.52-6d919]:main():gmm-acc-stats-ali.cc:105) Processed 13000 utterances; for utterance s03ms3psm00-20150803-Korean-s03a059 avg. like is -46.6184 over 205 frames.
LOG (gmm-acc-stats-ali[5.5.52-6d919]:main():gmm-acc-stats-ali.cc:105) Processed 13050 utterances; for utterance s03ms3psm00-20150803-Korean-s03a109 avg. like is -44.1812 over 193 frames.
LOG (gmm-acc-stats-ali[5.5.52-6d919]:main():gmm-acc-stats-ali.cc:105) Processed 13100 utterances; for utterance s03ms3psm00-20150803-Koreanbabble2SNR10-s03a018 avg. like is -48.9399 over 262 frames.
LOG (gmm-acc-stats-ali[5.5.52-6d919]:main():gmm-acc-stats-ali.cc:105) Processed 13150 utterances; for utterance s03ms3psm00-20150803-Koreanbabble2SNR10-s03a068 avg. like is -47.6259 over 207 frames.
LOG (gmm-acc-stats-ali[5.5.52-6d919]:main():gmm-acc-stats-ali.cc:105) Processed 13200 utterances; for utterance s03ms3psm00-20150803-Koreanbabble2SNR10-s03a118 avg. like is -45.4557 over 198 frames.
LOG (gmm-acc-stats-ali[5.5.52-6d919]:main():gmm-acc-stats-ali.cc:105) Processed 13250 utterances; for utterance s03ms4ksj01-20150803-Korean-s03a027 avg. like is -51.9324 over 269 frames.
LOG (gmm-acc-stats-ali[5.5.52-6d919]:main():gmm-acc-stats-ali.cc:105) Processed 13300 utterances; for utterance s03ms4ksj01-20150803-Korean-s03a078 avg. like is -45.3506 over 189 frames.
LOG (gmm-acc-stats-ali[5.5.52-6d919]:main():gmm-acc-stats-ali.cc:105) Processed 13350 utterances; for utterance s03ms4ksj01-20150803-Korean-s03a128 avg. like is -42.9707 over 266 frames.
LOG (gmm-acc-stats-ali[5.5.52-6d919]:main():gmm-acc-stats-ali.cc:105) Processed 13400 utterances; for utterance s03ms4ksj01-20150803-Koreanbabble1SNR10-s03a037 avg. like is -45.1461 over 189 frames.
LOG (gmm-acc-stats-ali[5.5.52-6d919]:main():gmm-acc-stats-ali.cc:105) Processed 13450 utterances; for utterance s03ms4ksj01-20150803-Koreanbabble1SNR10-s03a088 avg. like is -46.7669 over 228 frames.
LOG (gmm-acc-stats-ali[5.5.52-6d919]:main():gmm-acc-stats-ali.cc:105) Processed 13500 utterances; for utterance s03ms4ksj01-20150803-Koreanbabble1SNR10-s03a138 avg. like is -47.3607 over 286 frames.
LOG (gmm-acc-stats-ali[5.5.52-6d919]:main():gmm-acc-stats-ali.cc:105) Processed 13550 utterances; for utterance s03ms4yso00-20150803-Korean-s03a048 avg. like is -48.0064 over 189 frames.
LOG (gmm-acc-stats-ali[5.5.52-6d919]:main():gmm-acc-stats-ali.cc:105) Processed 13600 utterances; for utterance s03ms4yso00-20150803-Korean-s03a100 avg. like is -51.099 over 159 frames.
LOG (gmm-acc-stats-ali[5.5.52-6d919]:main():gmm-acc-stats-ali.cc:105) Processed 13650 utterances; for utterance s03ms4yso00-20150803-Koreanfactory1SNR10-s03a009 avg. like is -40.9949 over 241 frames.
LOG (gmm-acc-stats-ali[5.5.52-6d919]:main():gmm-acc-stats-ali.cc:105) Processed 13700 utterances; for utterance s03ms4yso00-20150803-Koreanfactory1SNR10-s03a060 avg. like is -40.6637 over 180 frames.
LOG (gmm-acc-stats-ali[5.5.52-6d919]:main():gmm-acc-stats-ali.cc:105) Processed 13750 utterances; for utterance s03ms4yso00-20150803-Koreanfactory1SNR10-s03a112 avg. like is -41.8927 over 176 frames.
LOG (gmm-acc-stats-ali[5.5.52-6d919]:main():gmm-acc-stats-ali.cc:105) Processed 13800 utterances; for utterance s200mjr3smh00-20150804-Korean-set200021 avg. like is -45.0725 over 808 frames.
LOG (gmm-acc-stats-ali[5.5.52-6d919]:main():gmm-acc-stats-ali.cc:105) Processed 13850 utterances; for utterance s200mjr3smh00-20150804-Korean-set200071 avg. like is -44.4345 over 638 frames.
LOG (gmm-acc-stats-ali[5.5.52-6d919]:main():gmm-acc-stats-ali.cc:105) Processed 13900 utterances; for utterance s200mjr3smh00-20150804-KoreanvolvoSNR10-set200014 avg. like is -42.8493 over 1058 frames.
LOG (gmm-acc-stats-ali[5.5.52-6d919]:main():gmm-acc-stats-ali.cc:105) Processed 13950 utterances; for utterance s200mjr3smh00-20150804-KoreanvolvoSNR10-set200064 avg. like is -43.7829 over 768 frames.
LOG (apply-cmvn[5.5.52-6d919]:main():apply-cmvn.cc:162) Applied cepstral mean normalization to 13993 utterances, errors on 0
LOG (transform-feats[5.5.52-6d919]:main():transform-feats.cc:158) Overall average [pseudo-]logdet is -92.5347 over 2.42851e+06 frames.
LOG (transform-feats[5.5.52-6d919]:main():transform-feats.cc:161) Applied transform to 13993 utterances; 0 had errors.
LOG (transform-feats[5.5.52-6d919]:main():transform-feats.cc:158) Overall average logdet is 3.24994 over 2.42851e+06 frames.
LOG (transform-feats[5.5.52-6d919]:main():transform-feats.cc:161) Applied transform to 13993 utterances; 0 had errors.
LOG (gmm-acc-stats-ali[5.5.52-6d919]:main():gmm-acc-stats-ali.cc:112) Done 13993 files, 0 with errors.
LOG (gmm-acc-stats-ali[5.5.52-6d919]:main():gmm-acc-stats-ali.cc:115) Overall avg like per frame (Gaussian only) = -45.631 over 2428506 frames.
LOG (gmm-acc-stats-ali[5.5.52-6d919]:main():gmm-acc-stats-ali.cc:123) Written accs.
# Accounting: time=15 threads=1
# Ended (code 0) at Tue May  7 16:26:12 KST 2019, elapsed time 15 seconds
