# gmm-acc-stats-ali exp/tri3b/13.mdl "ark,s,cs:apply-cmvn  --utt2spk=ark:data/train/split8/6/utt2spk scp:data/train/split8/6/cmvn.scp scp:data/train/split8/6/feats.scp ark:- | splice-feats  ark:- ark:- | transform-feats exp/tri2b_ali/final.mat ark:- ark:- | transform-feats --utt2spk=ark:data/train/split8/6/utt2spk ark:exp/tri3b/trans.6 ark:- ark:- |" "ark,s,cs:gunzip -c exp/tri3b/ali.6.gz|" exp/tri3b/13.6.acc 
# Started at Tue May  7 16:14:27 KST 2019
#
gmm-acc-stats-ali exp/tri3b/13.mdl 'ark,s,cs:apply-cmvn  --utt2spk=ark:data/train/split8/6/utt2spk scp:data/train/split8/6/cmvn.scp scp:data/train/split8/6/feats.scp ark:- | splice-feats  ark:- ark:- | transform-feats exp/tri2b_ali/final.mat ark:- ark:- | transform-feats --utt2spk=ark:data/train/split8/6/utt2spk ark:exp/tri3b/trans.6 ark:- ark:- |' 'ark,s,cs:gunzip -c exp/tri3b/ali.6.gz|' exp/tri3b/13.6.acc 
transform-feats exp/tri2b_ali/final.mat ark:- ark:- 
transform-feats --utt2spk=ark:data/train/split8/6/utt2spk ark:exp/tri3b/trans.6 ark:- ark:- 
splice-feats ark:- ark:- 
apply-cmvn --utt2spk=ark:data/train/split8/6/utt2spk scp:data/train/split8/6/cmvn.scp scp:data/train/split8/6/feats.scp ark:- 
LOG (gmm-acc-stats-ali[5.5.52-6d919]:main():gmm-acc-stats-ali.cc:105) Processed 50 utterances; for utterance s03f1jrbmg01-20150804-Korean-cps03050 avg. like is -52.375 over 194 frames.
LOG (gmm-acc-stats-ali[5.5.52-6d919]:main():gmm-acc-stats-ali.cc:105) Processed 100 utterances; for utterance s03f1jrbmg01-20150804-Korean-cps03101 avg. like is -46.4096 over 220 frames.
LOG (gmm-acc-stats-ali[5.5.52-6d919]:main():gmm-acc-stats-ali.cc:105) Processed 150 utterances; for utterance s03f1jrbmg01-20150804-Korean-cps03152 avg. like is -45.8278 over 237 frames.
LOG (gmm-acc-stats-ali[5.5.52-6d919]:main():gmm-acc-stats-ali.cc:105) Processed 200 utterances; for utterance s03f1jrbmg01-20150804-Korean-cps03202 avg. like is -42.5629 over 196 frames.
LOG (gmm-acc-stats-ali[5.5.52-6d919]:main():gmm-acc-stats-ali.cc:105) Processed 250 utterances; for utterance s03f1jrbmg01-20150804-Korean-cps03252 avg. like is -45.6989 over 191 frames.
LOG (gmm-acc-stats-ali[5.5.52-6d919]:main():gmm-acc-stats-ali.cc:105) Processed 300 utterances; for utterance s03f1jrbmg01-20150804-Korean-cps03303 avg. like is -45.9585 over 221 frames.
LOG (gmm-acc-stats-ali[5.5.52-6d919]:main():gmm-acc-stats-ali.cc:105) Processed 350 utterances; for utterance s03f1jrbmg01-20150804-Korean-cps03353 avg. like is -41.4765 over 180 frames.
LOG (gmm-acc-stats-ali[5.5.52-6d919]:main():gmm-acc-stats-ali.cc:105) Processed 400 utterances; for utterance s03f1jrbmg01-20150804-Korean-cps03404 avg. like is -46.7045 over 199 frames.
LOG (gmm-acc-stats-ali[5.5.52-6d919]:main():gmm-acc-stats-ali.cc:105) Processed 450 utterances; for utterance s03f1jrbmg01-20150804-KoreanbabbleSNR10-cps03036 avg. like is -50.9607 over 221 frames.
LOG (gmm-acc-stats-ali[5.5.52-6d919]:main():gmm-acc-stats-ali.cc:105) Processed 500 utterances; for utterance s03f1jrbmg01-20150804-KoreanbabbleSNR10-cps03087 avg. like is -49.0901 over 199 frames.
LOG (gmm-acc-stats-ali[5.5.52-6d919]:main():gmm-acc-stats-ali.cc:105) Processed 550 utterances; for utterance s03f1jrbmg01-20150804-KoreanbabbleSNR10-cps03138 avg. like is -46.9941 over 215 frames.
LOG (gmm-acc-stats-ali[5.5.52-6d919]:main():gmm-acc-stats-ali.cc:105) Processed 600 utterances; for utterance s03f1jrbmg01-20150804-KoreanbabbleSNR10-cps03188 avg. like is -47.6341 over 196 frames.
LOG (gmm-acc-stats-ali[5.5.52-6d919]:main():gmm-acc-stats-ali.cc:105) Processed 650 utterances; for utterance s03f1jrbmg01-20150804-KoreanbabbleSNR10-cps03238 avg. like is -48.3795 over 153 frames.
LOG (gmm-acc-stats-ali[5.5.52-6d919]:main():gmm-acc-stats-ali.cc:105) Processed 700 utterances; for utterance s03f1jrbmg01-20150804-KoreanbabbleSNR10-cps03289 avg. like is -47.2731 over 197 frames.
LOG (gmm-acc-stats-ali[5.5.52-6d919]:main():gmm-acc-stats-ali.cc:105) Processed 750 utterances; for utterance s03f1jrbmg01-20150804-KoreanbabbleSNR10-cps03339 avg. like is -48.9592 over 177 frames.
LOG (gmm-acc-stats-ali[5.5.52-6d919]:main():gmm-acc-stats-ali.cc:105) Processed 800 utterances; for utterance s03f1jrbmg01-20150804-KoreanbabbleSNR10-cps03389 avg. like is -47.2675 over 140 frames.
LOG (gmm-acc-stats-ali[5.5.52-6d919]:main():gmm-acc-stats-ali.cc:105) Processed 850 utterances; for utterance s03f1kwgnn01-20150804-Korean-cps03022 avg. like is -48.4507 over 180 frames.
LOG (gmm-acc-stats-ali[5.5.52-6d919]:main():gmm-acc-stats-ali.cc:105) Processed 900 utterances; for utterance s03f1kwgnn01-20150804-Korean-cps03074 avg. like is -50.8789 over 165 frames.
LOG (gmm-acc-stats-ali[5.5.52-6d919]:main():gmm-acc-stats-ali.cc:105) Processed 950 utterances; for utterance s03f1kwgnn01-20150804-Korean-cps03125 avg. like is -44.4505 over 177 frames.
LOG (gmm-acc-stats-ali[5.5.52-6d919]:main():gmm-acc-stats-ali.cc:105) Processed 1000 utterances; for utterance s03f1kwgnn01-20150804-Korean-cps03178 avg. like is -44.1021 over 171 frames.
LOG (gmm-acc-stats-ali[5.5.52-6d919]:main():gmm-acc-stats-ali.cc:105) Processed 1050 utterances; for utterance s03f1kwgnn01-20150804-Korean-cps03228 avg. like is -44.226 over 168 frames.
LOG (gmm-acc-stats-ali[5.5.52-6d919]:main():gmm-acc-stats-ali.cc:105) Processed 1100 utterances; for utterance s03f1kwgnn01-20150804-Korean-cps03279 avg. like is -53.9723 over 172 frames.
LOG (gmm-acc-stats-ali[5.5.52-6d919]:main():gmm-acc-stats-ali.cc:105) Processed 1150 utterances; for utterance s03f1kwgnn01-20150804-Korean-cps03330 avg. like is -47.486 over 162 frames.
LOG (gmm-acc-stats-ali[5.5.52-6d919]:main():gmm-acc-stats-ali.cc:105) Processed 1200 utterances; for utterance s03f1kwgnn01-20150804-Korean-cps03382 avg. like is -46.36 over 184 frames.
LOG (gmm-acc-stats-ali[5.5.52-6d919]:main():gmm-acc-stats-ali.cc:105) Processed 1250 utterances; for utterance s03f1kwgnn01-20150804-KoreanhfchannelSNR10-cps03016 avg. like is -40.6707 over 162 frames.
LOG (gmm-acc-stats-ali[5.5.52-6d919]:main():gmm-acc-stats-ali.cc:105) Processed 1300 utterances; for utterance s03f1kwgnn01-20150804-KoreanhfchannelSNR10-cps03068 avg. like is -40.3733 over 157 frames.
LOG (gmm-acc-stats-ali[5.5.52-6d919]:main():gmm-acc-stats-ali.cc:105) Processed 1350 utterances; for utterance s03f1kwgnn01-20150804-KoreanhfchannelSNR10-cps03118 avg. like is -41.456 over 120 frames.
LOG (gmm-acc-stats-ali[5.5.52-6d919]:main():gmm-acc-stats-ali.cc:105) Processed 1400 utterances; for utterance s03f1kwgnn01-20150804-KoreanhfchannelSNR10-cps03172 avg. like is -43.9757 over 180 frames.
LOG (gmm-acc-stats-ali[5.5.52-6d919]:main():gmm-acc-stats-ali.cc:105) Processed 1450 utterances; for utterance s03f1kwgnn01-20150804-KoreanhfchannelSNR10-cps03222 avg. like is -42.6183 over 175 frames.
LOG (gmm-acc-stats-ali[5.5.52-6d919]:main():gmm-acc-stats-ali.cc:105) Processed 1500 utterances; for utterance s03f1kwgnn01-20150804-KoreanhfchannelSNR10-cps03273 avg. like is -40.7504 over 163 frames.
LOG (gmm-acc-stats-ali[5.5.52-6d919]:main():gmm-acc-stats-ali.cc:105) Processed 1550 utterances; for utterance s03f1kwgnn01-20150804-KoreanhfchannelSNR10-cps03324 avg. like is -39.7303 over 186 frames.
LOG (gmm-acc-stats-ali[5.5.52-6d919]:main():gmm-acc-stats-ali.cc:105) Processed 1600 utterances; for utterance s03f1kwgnn01-20150804-KoreanhfchannelSNR10-cps03375 avg. like is -45.5379 over 150 frames.
LOG (gmm-acc-stats-ali[5.5.52-6d919]:main():gmm-acc-stats-ali.cc:105) Processed 1650 utterances; for utterance s03f2ksame01-20150804-Korean-cps03010 avg. like is -48.3106 over 167 frames.
LOG (gmm-acc-stats-ali[5.5.52-6d919]:main():gmm-acc-stats-ali.cc:105) Processed 1700 utterances; for utterance s03f2ksame01-20150804-Korean-cps03061 avg. like is -50.8348 over 162 frames.
LOG (gmm-acc-stats-ali[5.5.52-6d919]:main():gmm-acc-stats-ali.cc:105) Processed 1750 utterances; for utterance s03f2ksame01-20150804-Korean-cps03112 avg. like is -48.2641 over 151 frames.
LOG (gmm-acc-stats-ali[5.5.52-6d919]:main():gmm-acc-stats-ali.cc:105) Processed 1800 utterances; for utterance s03f2ksame01-20150804-Korean-cps03163 avg. like is -46.6067 over 97 frames.
LOG (gmm-acc-stats-ali[5.5.52-6d919]:main():gmm-acc-stats-ali.cc:105) Processed 1850 utterances; for utterance s03f2ksame01-20150804-Korean-cps03215 avg. like is -49.0407 over 156 frames.
LOG (gmm-acc-stats-ali[5.5.52-6d919]:main():gmm-acc-stats-ali.cc:105) Processed 1900 utterances; for utterance s03f2ksame01-20150804-Korean-cps03266 avg. like is -51.5114 over 136 frames.
LOG (gmm-acc-stats-ali[5.5.52-6d919]:main():gmm-acc-stats-ali.cc:105) Processed 1950 utterances; for utterance s03f2ksame01-20150804-Korean-cps03318 avg. like is -44.037 over 143 frames.
LOG (gmm-acc-stats-ali[5.5.52-6d919]:main():gmm-acc-stats-ali.cc:105) Processed 2000 utterances; for utterance s03f2ksame01-20150804-Korean-cps03369 avg. like is -42.2785 over 140 frames.
LOG (gmm-acc-stats-ali[5.5.52-6d919]:main():gmm-acc-stats-ali.cc:105) Processed 2050 utterances; for utterance s03f2ksame01-20150804-KoreanhfchannelSNR10-cps03002 avg. like is -40.042 over 146 frames.
LOG (gmm-acc-stats-ali[5.5.52-6d919]:main():gmm-acc-stats-ali.cc:105) Processed 2100 utterances; for utterance s03f2ksame01-20150804-KoreanhfchannelSNR10-cps03053 avg. like is -37.4862 over 151 frames.
LOG (gmm-acc-stats-ali[5.5.52-6d919]:main():gmm-acc-stats-ali.cc:105) Processed 2150 utterances; for utterance s03f2ksame01-20150804-KoreanhfchannelSNR10-cps03104 avg. like is -35.7703 over 136 frames.
LOG (gmm-acc-stats-ali[5.5.52-6d919]:main():gmm-acc-stats-ali.cc:105) Processed 2200 utterances; for utterance s03f2ksame01-20150804-KoreanhfchannelSNR10-cps03155 avg. like is -39.1238 over 152 frames.
LOG (gmm-acc-stats-ali[5.5.52-6d919]:main():gmm-acc-stats-ali.cc:105) Processed 2250 utterances; for utterance s03f2ksame01-20150804-KoreanhfchannelSNR10-cps03207 avg. like is -38.6788 over 163 frames.
LOG (gmm-acc-stats-ali[5.5.52-6d919]:main():gmm-acc-stats-ali.cc:105) Processed 2300 utterances; for utterance s03f2ksame01-20150804-KoreanhfchannelSNR10-cps03258 avg. like is -40.1098 over 161 frames.
LOG (gmm-acc-stats-ali[5.5.52-6d919]:main():gmm-acc-stats-ali.cc:105) Processed 2350 utterances; for utterance s03f2ksame01-20150804-KoreanhfchannelSNR10-cps03309 avg. like is -39.0689 over 159 frames.
LOG (gmm-acc-stats-ali[5.5.52-6d919]:main():gmm-acc-stats-ali.cc:105) Processed 2400 utterances; for utterance s03f2ksame01-20150804-KoreanhfchannelSNR10-cps03361 avg. like is -40.2374 over 165 frames.
LOG (gmm-acc-stats-ali[5.5.52-6d919]:main():gmm-acc-stats-ali.cc:105) Processed 2450 utterances; for utterance s03f2ksame01-20150804-KoreanhfchannelSNR10-cps03412 avg. like is -32.7078 over 121 frames.
LOG (gmm-acc-stats-ali[5.5.52-6d919]:main():gmm-acc-stats-ali.cc:105) Processed 2500 utterances; for utterance s03f2ksbmg02-20150804-Korean-cps03044 avg. like is -54.5999 over 168 frames.
LOG (gmm-acc-stats-ali[5.5.52-6d919]:main():gmm-acc-stats-ali.cc:105) Processed 2550 utterances; for utterance s03f2ksbmg02-20150804-Korean-cps03094 avg. like is -55.9381 over 148 frames.
LOG (gmm-acc-stats-ali[5.5.52-6d919]:main():gmm-acc-stats-ali.cc:105) Processed 2600 utterances; for utterance s03f2ksbmg02-20150804-Korean-cps03145 avg. like is -51.3296 over 144 frames.
LOG (gmm-acc-stats-ali[5.5.52-6d919]:main():gmm-acc-stats-ali.cc:105) Processed 2650 utterances; for utterance s03f2ksbmg02-20150804-Korean-cps03196 avg. like is -48.8101 over 144 frames.
LOG (gmm-acc-stats-ali[5.5.52-6d919]:main():gmm-acc-stats-ali.cc:105) Processed 2700 utterances; for utterance s03f2ksbmg02-20150804-Korean-cps03247 avg. like is -47.8964 over 139 frames.
LOG (gmm-acc-stats-ali[5.5.52-6d919]:main():gmm-acc-stats-ali.cc:105) Processed 2750 utterances; for utterance s03f2ksbmg02-20150804-Korean-cps03297 avg. like is -47.4845 over 154 frames.
LOG (gmm-acc-stats-ali[5.5.52-6d919]:main():gmm-acc-stats-ali.cc:105) Processed 2800 utterances; for utterance s03f2ksbmg02-20150804-Korean-cps03347 avg. like is -45.0849 over 162 frames.
LOG (gmm-acc-stats-ali[5.5.52-6d919]:main():gmm-acc-stats-ali.cc:105) Processed 2850 utterances; for utterance s03f2ksbmg02-20150804-Korean-cps03397 avg. like is -51.4824 over 179 frames.
LOG (gmm-acc-stats-ali[5.5.52-6d919]:main():gmm-acc-stats-ali.cc:105) Processed 2900 utterances; for utterance s03f2ksbmg02-20150804-KoreancarSNR10-cps03030 avg. like is -39.5052 over 174 frames.
LOG (gmm-acc-stats-ali[5.5.52-6d919]:main():gmm-acc-stats-ali.cc:105) Processed 2950 utterances; for utterance s03f2ksbmg02-20150804-KoreancarSNR10-cps03080 avg. like is -38.0658 over 165 frames.
LOG (gmm-acc-stats-ali[5.5.52-6d919]:main():gmm-acc-stats-ali.cc:105) Processed 3000 utterances; for utterance s03f2ksbmg02-20150804-KoreancarSNR10-cps03131 avg. like is -39.2685 over 167 frames.
LOG (gmm-acc-stats-ali[5.5.52-6d919]:main():gmm-acc-stats-ali.cc:105) Processed 3050 utterances; for utterance s03f2ksbmg02-20150804-KoreancarSNR10-cps03182 avg. like is -38.629 over 165 frames.
LOG (gmm-acc-stats-ali[5.5.52-6d919]:main():gmm-acc-stats-ali.cc:105) Processed 3100 utterances; for utterance s03f2ksbmg02-20150804-KoreancarSNR10-cps03233 avg. like is -37.2838 over 148 frames.
LOG (gmm-acc-stats-ali[5.5.52-6d919]:main():gmm-acc-stats-ali.cc:105) Processed 3150 utterances; for utterance s03f2ksbmg02-20150804-KoreancarSNR10-cps03283 avg. like is -36.3814 over 189 frames.
LOG (gmm-acc-stats-ali[5.5.52-6d919]:main():gmm-acc-stats-ali.cc:105) Processed 3200 utterances; for utterance s03f2ksbmg02-20150804-KoreancarSNR10-cps03333 avg. like is -40.5788 over 171 frames.
LOG (gmm-acc-stats-ali[5.5.52-6d919]:main():gmm-acc-stats-ali.cc:105) Processed 3250 utterances; for utterance s03f2ksbmg02-20150804-KoreancarSNR10-cps03383 avg. like is -37.4477 over 136 frames.
LOG (gmm-acc-stats-ali[5.5.52-6d919]:main():gmm-acc-stats-ali.cc:105) Processed 3300 utterances; for utterance s03f2kssmh01-20150804-Korean-cps03016 avg. like is -44.118 over 164 frames.
LOG (gmm-acc-stats-ali[5.5.52-6d919]:main():gmm-acc-stats-ali.cc:105) Processed 3350 utterances; for utterance s03f2kssmh01-20150804-Korean-cps03066 avg. like is -48.5207 over 172 frames.
LOG (gmm-acc-stats-ali[5.5.52-6d919]:main():gmm-acc-stats-ali.cc:105) Processed 3400 utterances; for utterance s03f2kssmh01-20150804-Korean-cps03116 avg. like is -43.4902 over 123 frames.
LOG (gmm-acc-stats-ali[5.5.52-6d919]:main():gmm-acc-stats-ali.cc:105) Processed 3450 utterances; for utterance s03f2kssmh01-20150804-Korean-cps03166 avg. like is -42.6385 over 185 frames.
LOG (gmm-acc-stats-ali[5.5.52-6d919]:main():gmm-acc-stats-ali.cc:105) Processed 3500 utterances; for utterance s03f2kssmh01-20150804-Korean-cps03216 avg. like is -40.0177 over 156 frames.
LOG (gmm-acc-stats-ali[5.5.52-6d919]:main():gmm-acc-stats-ali.cc:105) Processed 3550 utterances; for utterance s03f2kssmh01-20150804-Korean-cps03267 avg. like is -42.4685 over 201 frames.
LOG (gmm-acc-stats-ali[5.5.52-6d919]:main():gmm-acc-stats-ali.cc:105) Processed 3600 utterances; for utterance s03f2kssmh01-20150804-Korean-cps03317 avg. like is -43.1845 over 178 frames.
LOG (gmm-acc-stats-ali[5.5.52-6d919]:main():gmm-acc-stats-ali.cc:105) Processed 3650 utterances; for utterance s03f2kssmh01-20150804-Korean-cps03367 avg. like is -36.8719 over 171 frames.
LOG (gmm-acc-stats-ali[5.5.52-6d919]:main():gmm-acc-stats-ali.cc:105) Processed 3700 utterances; for utterance s03f2kssmh01-20150804-Korean-cps03418 avg. like is -41.6732 over 168 frames.
LOG (gmm-acc-stats-ali[5.5.52-6d919]:main():gmm-acc-stats-ali.cc:105) Processed 3750 utterances; for utterance s03f2kssmh01-20150804-Koreanbabble1SNR10-cps03050 avg. like is -51.1508 over 163 frames.
LOG (gmm-acc-stats-ali[5.5.52-6d919]:main():gmm-acc-stats-ali.cc:105) Processed 3800 utterances; for utterance s03f2kssmh01-20150804-Koreanbabble1SNR10-cps03100 avg. like is -43.0805 over 149 frames.
LOG (gmm-acc-stats-ali[5.5.52-6d919]:main():gmm-acc-stats-ali.cc:105) Processed 3850 utterances; for utterance s03f2kssmh01-20150804-Koreanbabble1SNR10-cps03150 avg. like is -43.2021 over 358 frames.
LOG (gmm-acc-stats-ali[5.5.52-6d919]:main():gmm-acc-stats-ali.cc:105) Processed 3900 utterances; for utterance s03f2kssmh01-20150804-Koreanbabble1SNR10-cps03200 avg. like is -44.5754 over 223 frames.
LOG (gmm-acc-stats-ali[5.5.52-6d919]:main():gmm-acc-stats-ali.cc:105) Processed 3950 utterances; for utterance s03f2kssmh01-20150804-Koreanbabble1SNR10-cps03251 avg. like is -42.9214 over 184 frames.
LOG (gmm-acc-stats-ali[5.5.52-6d919]:main():gmm-acc-stats-ali.cc:105) Processed 4000 utterances; for utterance s03f2kssmh01-20150804-Koreanbabble1SNR10-cps03301 avg. like is -44.5066 over 237 frames.
LOG (gmm-acc-stats-ali[5.5.52-6d919]:main():gmm-acc-stats-ali.cc:105) Processed 4050 utterances; for utterance s03f2kssmh01-20150804-Koreanbabble1SNR10-cps03351 avg. like is -43.3391 over 195 frames.
LOG (gmm-acc-stats-ali[5.5.52-6d919]:main():gmm-acc-stats-ali.cc:105) Processed 4100 utterances; for utterance s03f2kssmh01-20150804-Koreanbabble1SNR10-cps03402 avg. like is -44.2756 over 192 frames.
LOG (gmm-acc-stats-ali[5.5.52-6d919]:main():gmm-acc-stats-ali.cc:105) Processed 4150 utterances; for utterance s03f2kwshs03-20150804-Korean-cps03034 avg. like is -38.5712 over 150 frames.
LOG (gmm-acc-stats-ali[5.5.52-6d919]:main():gmm-acc-stats-ali.cc:105) Processed 4200 utterances; for utterance s03f2kwshs03-20150804-Korean-cps03084 avg. like is -42.5855 over 158 frames.
LOG (gmm-acc-stats-ali[5.5.52-6d919]:main():gmm-acc-stats-ali.cc:105) Processed 4250 utterances; for utterance s03f2kwshs03-20150804-Korean-cps03134 avg. like is -41.048 over 121 frames.
LOG (gmm-acc-stats-ali[5.5.52-6d919]:main():gmm-acc-stats-ali.cc:105) Processed 4300 utterances; for utterance s03f2kwshs03-20150804-Korean-cps03184 avg. like is -47.2254 over 154 frames.
LOG (gmm-acc-stats-ali[5.5.52-6d919]:main():gmm-acc-stats-ali.cc:105) Processed 4350 utterances; for utterance s03f2kwshs03-20150804-Korean-cps03234 avg. like is -45.9054 over 166 frames.
LOG (gmm-acc-stats-ali[5.5.52-6d919]:main():gmm-acc-stats-ali.cc:105) Processed 4400 utterances; for utterance s03f2kwshs03-20150804-Korean-cps03284 avg. like is -41.8028 over 131 frames.
LOG (gmm-acc-stats-ali[5.5.52-6d919]:main():gmm-acc-stats-ali.cc:105) Processed 4450 utterances; for utterance s03f2kwshs03-20150804-Korean-cps03334 avg. like is -45.3241 over 181 frames.
LOG (gmm-acc-stats-ali[5.5.52-6d919]:main():gmm-acc-stats-ali.cc:105) Processed 4500 utterances; for utterance s03f2kwshs03-20150804-Korean-cps03384 avg. like is -42.4754 over 113 frames.
LOG (gmm-acc-stats-ali[5.5.52-6d919]:main():gmm-acc-stats-ali.cc:105) Processed 4550 utterances; for utterance s03f2kwshs03-20150804-KoreanvolvoSNR10-cps03017 avg. like is -47.9766 over 203 frames.
LOG (gmm-acc-stats-ali[5.5.52-6d919]:main():gmm-acc-stats-ali.cc:105) Processed 4600 utterances; for utterance s03f2kwshs03-20150804-KoreanvolvoSNR10-cps03067 avg. like is -43.0376 over 161 frames.
LOG (gmm-acc-stats-ali[5.5.52-6d919]:main():gmm-acc-stats-ali.cc:105) Processed 4650 utterances; for utterance s03f2kwshs03-20150804-KoreanvolvoSNR10-cps03117 avg. like is -44.5571 over 154 frames.
LOG (gmm-acc-stats-ali[5.5.52-6d919]:main():gmm-acc-stats-ali.cc:105) Processed 4700 utterances; for utterance s03f2kwshs03-20150804-KoreanvolvoSNR10-cps03167 avg. like is -43.2066 over 148 frames.
LOG (gmm-acc-stats-ali[5.5.52-6d919]:main():gmm-acc-stats-ali.cc:105) Processed 4750 utterances; for utterance s03f2kwshs03-20150804-KoreanvolvoSNR10-cps03217 avg. like is -50.766 over 183 frames.
LOG (gmm-acc-stats-ali[5.5.52-6d919]:main():gmm-acc-stats-ali.cc:105) Processed 4800 utterances; for utterance s03f2kwshs03-20150804-KoreanvolvoSNR10-cps03267 avg. like is -42.8651 over 170 frames.
LOG (gmm-acc-stats-ali[5.5.52-6d919]:main():gmm-acc-stats-ali.cc:105) Processed 4850 utterances; for utterance s03f2kwshs03-20150804-KoreanvolvoSNR10-cps03317 avg. like is -42.249 over 204 frames.
LOG (gmm-acc-stats-ali[5.5.52-6d919]:main():gmm-acc-stats-ali.cc:105) Processed 4900 utterances; for utterance s03f2kwshs03-20150804-KoreanvolvoSNR10-cps03367 avg. like is -42.5972 over 164 frames.
LOG (gmm-acc-stats-ali[5.5.52-6d919]:main():gmm-acc-stats-ali.cc:105) Processed 4950 utterances; for utterance s03f2kwshs03-20150804-KoreanvolvoSNR10-cps03418 avg. like is -42.5032 over 137 frames.
LOG (gmm-acc-stats-ali[5.5.52-6d919]:main():gmm-acc-stats-ali.cc:105) Processed 5000 utterances; for utterance s03f2ssgeh01-20150804-Korean-cps03051 avg. like is -49.237 over 168 frames.
LOG (gmm-acc-stats-ali[5.5.52-6d919]:main():gmm-acc-stats-ali.cc:105) Processed 5050 utterances; for utterance s03f2ssgeh01-20150804-Korean-cps03102 avg. like is -42.5477 over 147 frames.
LOG (gmm-acc-stats-ali[5.5.52-6d919]:main():gmm-acc-stats-ali.cc:105) Processed 5100 utterances; for utterance s03f2ssgeh01-20150804-Korean-cps03153 avg. like is -47.0392 over 132 frames.
LOG (gmm-acc-stats-ali[5.5.52-6d919]:main():gmm-acc-stats-ali.cc:105) Processed 5150 utterances; for utterance s03f2ssgeh01-20150804-Korean-cps03205 avg. like is -45.044 over 167 frames.
LOG (gmm-acc-stats-ali[5.5.52-6d919]:main():gmm-acc-stats-ali.cc:105) Processed 5200 utterances; for utterance s03f2ssgeh01-20150804-Korean-cps03257 avg. like is -47.5188 over 165 frames.
LOG (gmm-acc-stats-ali[5.5.52-6d919]:main():gmm-acc-stats-ali.cc:105) Processed 5250 utterances; for utterance s03f2ssgeh01-20150804-Korean-cps03308 avg. like is -45.8052 over 143 frames.
LOG (gmm-acc-stats-ali[5.5.52-6d919]:main():gmm-acc-stats-ali.cc:105) Processed 5300 utterances; for utterance s03f2ssgeh01-20150804-Korean-cps03358 avg. like is -42.8645 over 146 frames.
LOG (gmm-acc-stats-ali[5.5.52-6d919]:main():gmm-acc-stats-ali.cc:105) Processed 5350 utterances; for utterance s03f2ssgeh01-20150804-Korean-cps03408 avg. like is -46.4489 over 168 frames.
LOG (gmm-acc-stats-ali[5.5.52-6d919]:main():gmm-acc-stats-ali.cc:105) Processed 5400 utterances; for utterance s03f2ssghn01-20150804-Korean-cps03040 avg. like is -47.7229 over 192 frames.
LOG (gmm-acc-stats-ali[5.5.52-6d919]:main():gmm-acc-stats-ali.cc:105) Processed 5450 utterances; for utterance s03f2ssghn01-20150804-Korean-cps03090 avg. like is -41.9836 over 185 frames.
LOG (gmm-acc-stats-ali[5.5.52-6d919]:main():gmm-acc-stats-ali.cc:105) Processed 5500 utterances; for utterance s03f2ssghn01-20150804-Korean-cps03141 avg. like is -41.6092 over 169 frames.
LOG (gmm-acc-stats-ali[5.5.52-6d919]:main():gmm-acc-stats-ali.cc:105) Processed 5550 utterances; for utterance s03f2ssghn01-20150804-Korean-cps03191 avg. like is -39.1659 over 197 frames.
LOG (gmm-acc-stats-ali[5.5.52-6d919]:main():gmm-acc-stats-ali.cc:105) Processed 5600 utterances; for utterance s03f2ssghn01-20150804-Korean-cps03241 avg. like is -43.944 over 126 frames.
LOG (gmm-acc-stats-ali[5.5.52-6d919]:main():gmm-acc-stats-ali.cc:105) Processed 5650 utterances; for utterance s03f2ssghn01-20150804-Korean-cps03291 avg. like is -44.5312 over 198 frames.
LOG (gmm-acc-stats-ali[5.5.52-6d919]:main():gmm-acc-stats-ali.cc:105) Processed 5700 utterances; for utterance s03f2ssghn01-20150804-Korean-cps03341 avg. like is -48.135 over 173 frames.
LOG (gmm-acc-stats-ali[5.5.52-6d919]:main():gmm-acc-stats-ali.cc:105) Processed 5750 utterances; for utterance s03f2ssghn01-20150804-Korean-cps03391 avg. like is -43.1568 over 182 frames.
LOG (gmm-acc-stats-ali[5.5.52-6d919]:main():gmm-acc-stats-ali.cc:105) Processed 5800 utterances; for utterance s03f2ssghn01-20150804-Koreancar1SNR10-cps03023 avg. like is -38.7326 over 152 frames.
LOG (gmm-acc-stats-ali[5.5.52-6d919]:main():gmm-acc-stats-ali.cc:105) Processed 5850 utterances; for utterance s03f2ssghn01-20150804-Koreancar1SNR10-cps03073 avg. like is -43.1279 over 202 frames.
LOG (gmm-acc-stats-ali[5.5.52-6d919]:main():gmm-acc-stats-ali.cc:105) Processed 5900 utterances; for utterance s03f2ssghn01-20150804-Koreancar1SNR10-cps03123 avg. like is -43.5765 over 214 frames.
LOG (gmm-acc-stats-ali[5.5.52-6d919]:main():gmm-acc-stats-ali.cc:105) Processed 5950 utterances; for utterance s03f2ssghn01-20150804-Koreancar1SNR10-cps03174 avg. like is -42.306 over 202 frames.
LOG (gmm-acc-stats-ali[5.5.52-6d919]:main():gmm-acc-stats-ali.cc:105) Processed 6000 utterances; for utterance s03f2ssghn01-20150804-Koreancar1SNR10-cps03224 avg. like is -39.8314 over 162 frames.
LOG (gmm-acc-stats-ali[5.5.52-6d919]:main():gmm-acc-stats-ali.cc:105) Processed 6050 utterances; for utterance s03f2ssghn01-20150804-Koreancar1SNR10-cps03274 avg. like is -46.2696 over 200 frames.
LOG (gmm-acc-stats-ali[5.5.52-6d919]:main():gmm-acc-stats-ali.cc:105) Processed 6100 utterances; for utterance s03f2ssghn01-20150804-Koreancar1SNR10-cps03324 avg. like is -41.3734 over 193 frames.
LOG (gmm-acc-stats-ali[5.5.52-6d919]:main():gmm-acc-stats-ali.cc:105) Processed 6150 utterances; for utterance s03f2ssghn01-20150804-Koreancar1SNR10-cps03374 avg. like is -43.1116 over 184 frames.
LOG (gmm-acc-stats-ali[5.5.52-6d919]:main():gmm-acc-stats-ali.cc:105) Processed 6200 utterances; for utterance s03f2ssguj01-20150804-Korean-cps03006 avg. like is -55.8393 over 180 frames.
LOG (gmm-acc-stats-ali[5.5.52-6d919]:main():gmm-acc-stats-ali.cc:105) Processed 6250 utterances; for utterance s03f2ssguj01-20150804-Korean-cps03056 avg. like is -48.212 over 167 frames.
LOG (gmm-acc-stats-ali[5.5.52-6d919]:main():gmm-acc-stats-ali.cc:105) Processed 6300 utterances; for utterance s03f2ssguj01-20150804-Korean-cps03106 avg. like is -47.2004 over 127 frames.
LOG (gmm-acc-stats-ali[5.5.52-6d919]:main():gmm-acc-stats-ali.cc:105) Processed 6350 utterances; for utterance s03f2ssguj01-20150804-Korean-cps03156 avg. like is -54.5753 over 162 frames.
LOG (gmm-acc-stats-ali[5.5.52-6d919]:main():gmm-acc-stats-ali.cc:105) Processed 6400 utterances; for utterance s03f2ssguj01-20150804-Korean-cps03206 avg. like is -48.7625 over 175 frames.
LOG (gmm-acc-stats-ali[5.5.52-6d919]:main():gmm-acc-stats-ali.cc:105) Processed 6450 utterances; for utterance s03f2ssguj01-20150804-Korean-cps03256 avg. like is -48.3625 over 164 frames.
LOG (gmm-acc-stats-ali[5.5.52-6d919]:main():gmm-acc-stats-ali.cc:105) Processed 6500 utterances; for utterance s03f2ssguj01-20150804-Korean-cps03306 avg. like is -46.6111 over 136 frames.
LOG (gmm-acc-stats-ali[5.5.52-6d919]:main():gmm-acc-stats-ali.cc:105) Processed 6550 utterances; for utterance s03f2ssguj01-20150804-Korean-cps03356 avg. like is -43.8883 over 157 frames.
LOG (gmm-acc-stats-ali[5.5.52-6d919]:main():gmm-acc-stats-ali.cc:105) Processed 6600 utterances; for utterance s03f2ssguj01-20150804-Korean-cps03406 avg. like is -53.1816 over 128 frames.
LOG (gmm-acc-stats-ali[5.5.52-6d919]:main():gmm-acc-stats-ali.cc:105) Processed 6650 utterances; for utterance s03f2ssguj01-20150804-KoreanpinkSNR10-cps03038 avg. like is -40.789 over 157 frames.
LOG (gmm-acc-stats-ali[5.5.52-6d919]:main():gmm-acc-stats-ali.cc:105) Processed 6700 utterances; for utterance s03f2ssguj01-20150804-KoreanpinkSNR10-cps03088 avg. like is -41.6655 over 157 frames.
LOG (gmm-acc-stats-ali[5.5.52-6d919]:main():gmm-acc-stats-ali.cc:105) Processed 6750 utterances; for utterance s03f2ssguj01-20150804-KoreanpinkSNR10-cps03138 avg. like is -38.7716 over 169 frames.
LOG (gmm-acc-stats-ali[5.5.52-6d919]:main():gmm-acc-stats-ali.cc:105) Processed 6800 utterances; for utterance s03f2ssguj01-20150804-KoreanpinkSNR10-cps03188 avg. like is -41.0035 over 159 frames.
LOG (gmm-acc-stats-ali[5.5.52-6d919]:main():gmm-acc-stats-ali.cc:105) Processed 6850 utterances; for utterance s03f2ssguj01-20150804-KoreanpinkSNR10-cps03238 avg. like is -39.5012 over 141 frames.
LOG (gmm-acc-stats-ali[5.5.52-6d919]:main():gmm-acc-stats-ali.cc:105) Processed 6900 utterances; for utterance s03f2ssguj01-20150804-KoreanpinkSNR10-cps03288 avg. like is -43.1281 over 133 frames.
LOG (gmm-acc-stats-ali[5.5.52-6d919]:main():gmm-acc-stats-ali.cc:105) Processed 6950 utterances; for utterance s03f2ssguj01-20150804-KoreanpinkSNR10-cps03338 avg. like is -41.2969 over 131 frames.
LOG (gmm-acc-stats-ali[5.5.52-6d919]:main():gmm-acc-stats-ali.cc:105) Processed 7000 utterances; for utterance s03f2ssguj01-20150804-KoreanpinkSNR10-cps03388 avg. like is -42.2806 over 162 frames.
LOG (gmm-acc-stats-ali[5.5.52-6d919]:main():gmm-acc-stats-ali.cc:105) Processed 7050 utterances; for utterance s03f2ssijy02-20150804-Korean-cps03020 avg. like is -47.1001 over 166 frames.
LOG (gmm-acc-stats-ali[5.5.52-6d919]:main():gmm-acc-stats-ali.cc:105) Processed 7100 utterances; for utterance s03f2ssijy02-20150804-Korean-cps03072 avg. like is -49.3983 over 161 frames.
LOG (gmm-acc-stats-ali[5.5.52-6d919]:main():gmm-acc-stats-ali.cc:105) Processed 7150 utterances; for utterance s03f2ssijy02-20150804-Korean-cps03123 avg. like is -52.5718 over 186 frames.
LOG (gmm-acc-stats-ali[5.5.52-6d919]:main():gmm-acc-stats-ali.cc:105) Processed 7200 utterances; for utterance s03f2ssijy02-20150804-Korean-cps03173 avg. like is -43.9736 over 159 frames.
LOG (gmm-acc-stats-ali[5.5.52-6d919]:main():gmm-acc-stats-ali.cc:105) Processed 7250 utterances; for utterance s03f2ssijy02-20150804-Korean-cps03225 avg. like is -46.3475 over 193 frames.
LOG (gmm-acc-stats-ali[5.5.52-6d919]:main():gmm-acc-stats-ali.cc:105) Processed 7300 utterances; for utterance s03f2ssijy02-20150804-Korean-cps03275 avg. like is -48.476 over 132 frames.
LOG (gmm-acc-stats-ali[5.5.52-6d919]:main():gmm-acc-stats-ali.cc:105) Processed 7350 utterances; for utterance s03f2ssijy02-20150804-Korean-cps03325 avg. like is -45.0294 over 109 frames.
LOG (gmm-acc-stats-ali[5.5.52-6d919]:main():gmm-acc-stats-ali.cc:105) Processed 7400 utterances; for utterance s03f2ssijy02-20150804-Korean-cps03376 avg. like is -39.195 over 167 frames.
LOG (gmm-acc-stats-ali[5.5.52-6d919]:main():gmm-acc-stats-ali.cc:105) Processed 7450 utterances; for utterance s03f2ssijy02-20150804-Koreanbabble2SNR10-cps03011 avg. like is -47.5548 over 206 frames.
LOG (gmm-acc-stats-ali[5.5.52-6d919]:main():gmm-acc-stats-ali.cc:105) Processed 7500 utterances; for utterance s03f2ssijy02-20150804-Koreanbabble2SNR10-cps03062 avg. like is -44.912 over 190 frames.
LOG (gmm-acc-stats-ali[5.5.52-6d919]:main():gmm-acc-stats-ali.cc:105) Processed 7550 utterances; for utterance s03f2ssijy02-20150804-Koreanbabble2SNR10-cps03114 avg. like is -46.7118 over 183 frames.
LOG (gmm-acc-stats-ali[5.5.52-6d919]:main():gmm-acc-stats-ali.cc:105) Processed 7600 utterances; for utterance s03f2ssijy02-20150804-Koreanbabble2SNR10-cps03164 avg. like is -42.7248 over 170 frames.
LOG (gmm-acc-stats-ali[5.5.52-6d919]:main():gmm-acc-stats-ali.cc:105) Processed 7650 utterances; for utterance s03f2ssijy02-20150804-Koreanbabble2SNR10-cps03216 avg. like is -41.6183 over 166 frames.
LOG (gmm-acc-stats-ali[5.5.52-6d919]:main():gmm-acc-stats-ali.cc:105) Processed 7700 utterances; for utterance s03f2ssijy02-20150804-Koreanbabble2SNR10-cps03266 avg. like is -44.6235 over 144 frames.
LOG (gmm-acc-stats-ali[5.5.52-6d919]:main():gmm-acc-stats-ali.cc:105) Processed 7750 utterances; for utterance s03f2ssijy02-20150804-Koreanbabble2SNR10-cps03316 avg. like is -42.6066 over 158 frames.
LOG (gmm-acc-stats-ali[5.5.52-6d919]:main():gmm-acc-stats-ali.cc:105) Processed 7800 utterances; for utterance s03f2ssijy02-20150804-Koreanbabble2SNR10-cps03367 avg. like is -43.1911 over 167 frames.
LOG (gmm-acc-stats-ali[5.5.52-6d919]:main():gmm-acc-stats-ali.cc:105) Processed 7850 utterances; for utterance s03f2ssjuj02-20150804-Korean-cps03002 avg. like is -48.5119 over 163 frames.
LOG (gmm-acc-stats-ali[5.5.52-6d919]:main():gmm-acc-stats-ali.cc:105) Processed 7900 utterances; for utterance s03f2ssjuj02-20150804-Korean-cps03052 avg. like is -42.7477 over 180 frames.
LOG (gmm-acc-stats-ali[5.5.52-6d919]:main():gmm-acc-stats-ali.cc:105) Processed 7950 utterances; for utterance s03f2ssjuj02-20150804-Korean-cps03102 avg. like is -42.8994 over 157 frames.
LOG (gmm-acc-stats-ali[5.5.52-6d919]:main():gmm-acc-stats-ali.cc:105) Processed 8000 utterances; for utterance s03f2ssjuj02-20150804-Korean-cps03152 avg. like is -46.6248 over 193 frames.
LOG (gmm-acc-stats-ali[5.5.52-6d919]:main():gmm-acc-stats-ali.cc:105) Processed 8050 utterances; for utterance s03f2ssjuj02-20150804-Korean-cps03203 avg. like is -46.494 over 112 frames.
LOG (gmm-acc-stats-ali[5.5.52-6d919]:main():gmm-acc-stats-ali.cc:105) Processed 8100 utterances; for utterance s03f2ssjuj02-20150804-Korean-cps03253 avg. like is -41.194 over 144 frames.
LOG (gmm-acc-stats-ali[5.5.52-6d919]:main():gmm-acc-stats-ali.cc:105) Processed 8150 utterances; for utterance s03f2ssjuj02-20150804-Korean-cps03303 avg. like is -47.7107 over 172 frames.
LOG (gmm-acc-stats-ali[5.5.52-6d919]:main():gmm-acc-stats-ali.cc:105) Processed 8200 utterances; for utterance s03f2ssjuj02-20150804-Korean-cps03354 avg. like is -40.1892 over 162 frames.
LOG (gmm-acc-stats-ali[5.5.52-6d919]:main():gmm-acc-stats-ali.cc:105) Processed 8250 utterances; for utterance s03f2ssjuj02-20150804-Korean-cps03405 avg. like is -46.4629 over 175 frames.
LOG (gmm-acc-stats-ali[5.5.52-6d919]:main():gmm-acc-stats-ali.cc:105) Processed 8300 utterances; for utterance s03f2ssjuj02-20150804-KoreanvolvoSNR10-cps03039 avg. like is -42.5379 over 157 frames.
LOG (gmm-acc-stats-ali[5.5.52-6d919]:main():gmm-acc-stats-ali.cc:105) Processed 8350 utterances; for utterance s03f2ssjuj02-20150804-KoreanvolvoSNR10-cps03089 avg. like is -40.8334 over 150 frames.
LOG (gmm-acc-stats-ali[5.5.52-6d919]:main():gmm-acc-stats-ali.cc:105) Processed 8400 utterances; for utterance s03f2ssjuj02-20150804-KoreanvolvoSNR10-cps03139 avg. like is -43.1323 over 151 frames.
LOG (gmm-acc-stats-ali[5.5.52-6d919]:main():gmm-acc-stats-ali.cc:105) Processed 8450 utterances; for utterance s03f2ssjuj02-20150804-KoreanvolvoSNR10-cps03190 avg. like is -47.2114 over 151 frames.
LOG (gmm-acc-stats-ali[5.5.52-6d919]:main():gmm-acc-stats-ali.cc:105) Processed 8500 utterances; for utterance s03f2ssjuj02-20150804-KoreanvolvoSNR10-cps03240 avg. like is -40.8002 over 159 frames.
LOG (gmm-acc-stats-ali[5.5.52-6d919]:main():gmm-acc-stats-ali.cc:105) Processed 8550 utterances; for utterance s03f2ssjuj02-20150804-KoreanvolvoSNR10-cps03290 avg. like is -41.7992 over 171 frames.
LOG (gmm-acc-stats-ali[5.5.52-6d919]:main():gmm-acc-stats-ali.cc:105) Processed 8600 utterances; for utterance s03f2ssjuj02-20150804-KoreanvolvoSNR10-cps03340 avg. like is -41.688 over 153 frames.
LOG (gmm-acc-stats-ali[5.5.52-6d919]:main():gmm-acc-stats-ali.cc:105) Processed 8650 utterances; for utterance s03f2ssjuj02-20150804-KoreanvolvoSNR10-cps03391 avg. like is -43.4374 over 147 frames.
LOG (gmm-acc-stats-ali[5.5.52-6d919]:main():gmm-acc-stats-ali.cc:105) Processed 8700 utterances; for utterance s03f2sssjh01-20150804-Korean-cps03027 avg. like is -48.403 over 190 frames.
LOG (gmm-acc-stats-ali[5.5.52-6d919]:main():gmm-acc-stats-ali.cc:105) Processed 8750 utterances; for utterance s03f2sssjh01-20150804-Korean-cps03077 avg. like is -40.707 over 149 frames.
LOG (gmm-acc-stats-ali[5.5.52-6d919]:main():gmm-acc-stats-ali.cc:105) Processed 8800 utterances; for utterance s03f2sssjh01-20150804-Korean-cps03127 avg. like is -48.5955 over 160 frames.
LOG (gmm-acc-stats-ali[5.5.52-6d919]:main():gmm-acc-stats-ali.cc:105) Processed 8850 utterances; for utterance s03f2sssjh01-20150804-Korean-cps03181 avg. like is -47.6913 over 169 frames.
LOG (gmm-acc-stats-ali[5.5.52-6d919]:main():gmm-acc-stats-ali.cc:105) Processed 8900 utterances; for utterance s03f2sssjh01-20150804-Korean-cps03231 avg. like is -47.4397 over 150 frames.
LOG (gmm-acc-stats-ali[5.5.52-6d919]:main():gmm-acc-stats-ali.cc:105) Processed 8950 utterances; for utterance s03f2sssjh01-20150804-Korean-cps03282 avg. like is -48.8827 over 119 frames.
LOG (gmm-acc-stats-ali[5.5.52-6d919]:main():gmm-acc-stats-ali.cc:105) Processed 9000 utterances; for utterance s03f2sssjh01-20150804-Korean-cps03332 avg. like is -48.8659 over 155 frames.
LOG (gmm-acc-stats-ali[5.5.52-6d919]:main():gmm-acc-stats-ali.cc:105) Processed 9050 utterances; for utterance s03f2sssjh01-20150804-Korean-cps03382 avg. like is -47.9668 over 170 frames.
LOG (gmm-acc-stats-ali[5.5.52-6d919]:main():gmm-acc-stats-ali.cc:105) Processed 9100 utterances; for utterance s03f2sssjh01-20150804-KoreancarSNR10-cps03014 avg. like is -41.2533 over 138 frames.
LOG (gmm-acc-stats-ali[5.5.52-6d919]:main():gmm-acc-stats-ali.cc:105) Processed 9150 utterances; for utterance s03f2sssjh01-20150804-KoreancarSNR10-cps03065 avg. like is -42.9153 over 202 frames.
LOG (gmm-acc-stats-ali[5.5.52-6d919]:main():gmm-acc-stats-ali.cc:105) Processed 9200 utterances; for utterance s03f2sssjh01-20150804-KoreancarSNR10-cps03115 avg. like is -38.5938 over 139 frames.
LOG (gmm-acc-stats-ali[5.5.52-6d919]:main():gmm-acc-stats-ali.cc:105) Processed 9250 utterances; for utterance s03f2sssjh01-20150804-KoreancarSNR10-cps03168 avg. like is -45.2744 over 182 frames.
LOG (gmm-acc-stats-ali[5.5.52-6d919]:main():gmm-acc-stats-ali.cc:105) Processed 9300 utterances; for utterance s03f2sssjh01-20150804-KoreancarSNR10-cps03219 avg. like is -38.5063 over 147 frames.
LOG (gmm-acc-stats-ali[5.5.52-6d919]:main():gmm-acc-stats-ali.cc:105) Processed 9350 utterances; for utterance s03f2sssjh01-20150804-KoreancarSNR10-cps03270 avg. like is -41.57 over 167 frames.
LOG (gmm-acc-stats-ali[5.5.52-6d919]:main():gmm-acc-stats-ali.cc:105) Processed 9400 utterances; for utterance s03f2sssjh01-20150804-KoreancarSNR10-cps03320 avg. like is -43.4128 over 157 frames.
LOG (gmm-acc-stats-ali[5.5.52-6d919]:main():gmm-acc-stats-ali.cc:105) Processed 9450 utterances; for utterance s03f2sssjh01-20150804-KoreancarSNR10-cps03370 avg. like is -41.1655 over 143 frames.
LOG (gmm-acc-stats-ali[5.5.52-6d919]:main():gmm-acc-stats-ali.cc:105) Processed 9500 utterances; for utterance s03f3ccbws01-20150804-Korean-cps03002 avg. like is -52.1297 over 155 frames.
LOG (gmm-acc-stats-ali[5.5.52-6d919]:main():gmm-acc-stats-ali.cc:105) Processed 9550 utterances; for utterance s03f3ccbws01-20150804-Korean-cps03053 avg. like is -43.3653 over 154 frames.
LOG (gmm-acc-stats-ali[5.5.52-6d919]:main():gmm-acc-stats-ali.cc:105) Processed 9600 utterances; for utterance s03f3ccbws01-20150804-Korean-cps03103 avg. like is -48.5626 over 164 frames.
LOG (gmm-acc-stats-ali[5.5.52-6d919]:main():gmm-acc-stats-ali.cc:105) Processed 9650 utterances; for utterance s03f3ccbws01-20150804-Korean-cps03153 avg. like is -49.8394 over 141 frames.
LOG (gmm-acc-stats-ali[5.5.52-6d919]:main():gmm-acc-stats-ali.cc:105) Processed 9700 utterances; for utterance s03f3ccbws01-20150804-Korean-cps03203 avg. like is -44.3411 over 107 frames.
LOG (gmm-acc-stats-ali[5.5.52-6d919]:main():gmm-acc-stats-ali.cc:105) Processed 9750 utterances; for utterance s03f3ccbws01-20150804-Korean-cps03253 avg. like is -44.9272 over 125 frames.
LOG (gmm-acc-stats-ali[5.5.52-6d919]:main():gmm-acc-stats-ali.cc:105) Processed 9800 utterances; for utterance s03f3ccbws01-20150804-Korean-cps03303 avg. like is -47.889 over 175 frames.
LOG (gmm-acc-stats-ali[5.5.52-6d919]:main():gmm-acc-stats-ali.cc:105) Processed 9850 utterances; for utterance s03f3ccbws01-20150804-Korean-cps03353 avg. like is -43.6622 over 127 frames.
LOG (gmm-acc-stats-ali[5.5.52-6d919]:main():gmm-acc-stats-ali.cc:105) Processed 9900 utterances; for utterance s03f3ccbws01-20150804-Korean-cps03403 avg. like is -47.3068 over 145 frames.
LOG (gmm-acc-stats-ali[5.5.52-6d919]:main():gmm-acc-stats-ali.cc:105) Processed 9950 utterances; for utterance s03f3ccbws01-20150804-KoreanvolvoSNR10-cps03036 avg. like is -43.3997 over 134 frames.
LOG (gmm-acc-stats-ali[5.5.52-6d919]:main():gmm-acc-stats-ali.cc:105) Processed 10000 utterances; for utterance s03f3ccbws01-20150804-KoreanvolvoSNR10-cps03086 avg. like is -45.8443 over 169 frames.
LOG (gmm-acc-stats-ali[5.5.52-6d919]:main():gmm-acc-stats-ali.cc:105) Processed 10050 utterances; for utterance s03f3ccbws01-20150804-KoreanvolvoSNR10-cps03136 avg. like is -46.1936 over 166 frames.
LOG (gmm-acc-stats-ali[5.5.52-6d919]:main():gmm-acc-stats-ali.cc:105) Processed 10100 utterances; for utterance s03f3ccbws01-20150804-KoreanvolvoSNR10-cps03186 avg. like is -44.3286 over 149 frames.
LOG (gmm-acc-stats-ali[5.5.52-6d919]:main():gmm-acc-stats-ali.cc:105) Processed 10150 utterances; for utterance s03f3ccbws01-20150804-KoreanvolvoSNR10-cps03236 avg. like is -47.6946 over 160 frames.
LOG (gmm-acc-stats-ali[5.5.52-6d919]:main():gmm-acc-stats-ali.cc:105) Processed 10200 utterances; for utterance s03f3ccbws01-20150804-KoreanvolvoSNR10-cps03286 avg. like is -42.3084 over 157 frames.
LOG (gmm-acc-stats-ali[5.5.52-6d919]:main():gmm-acc-stats-ali.cc:105) Processed 10250 utterances; for utterance s03f3ccbws01-20150804-KoreanvolvoSNR10-cps03336 avg. like is -40.8605 over 155 frames.
LOG (gmm-acc-stats-ali[5.5.52-6d919]:main():gmm-acc-stats-ali.cc:105) Processed 10300 utterances; for utterance s03f3ccbws01-20150804-KoreanvolvoSNR10-cps03386 avg. like is -43.7772 over 156 frames.
LOG (gmm-acc-stats-ali[5.5.52-6d919]:main():gmm-acc-stats-ali.cc:105) Processed 10350 utterances; for utterance s03f3ccsjm01-20150804-Korean-cps03019 avg. like is -41.5274 over 159 frames.
LOG (gmm-acc-stats-ali[5.5.52-6d919]:main():gmm-acc-stats-ali.cc:105) Processed 10400 utterances; for utterance s03f3ccsjm01-20150804-Korean-cps03069 avg. like is -44.4884 over 191 frames.
LOG (gmm-acc-stats-ali[5.5.52-6d919]:main():gmm-acc-stats-ali.cc:105) Processed 10450 utterances; for utterance s03f3ccsjm01-20150804-Korean-cps03119 avg. like is -44.8458 over 144 frames.
LOG (gmm-acc-stats-ali[5.5.52-6d919]:main():gmm-acc-stats-ali.cc:105) Processed 10500 utterances; for utterance s03f3ccsjm01-20150804-Korean-cps03169 avg. like is -42.7712 over 168 frames.
LOG (gmm-acc-stats-ali[5.5.52-6d919]:main():gmm-acc-stats-ali.cc:105) Processed 10550 utterances; for utterance s03f3ccsjm01-20150804-Korean-cps03219 avg. like is -39.9533 over 163 frames.
LOG (gmm-acc-stats-ali[5.5.52-6d919]:main():gmm-acc-stats-ali.cc:105) Processed 10600 utterances; for utterance s03f3ccsjm01-20150804-Korean-cps03270 avg. like is -41.133 over 178 frames.
LOG (gmm-acc-stats-ali[5.5.52-6d919]:main():gmm-acc-stats-ali.cc:105) Processed 10650 utterances; for utterance s03f3ccsjm01-20150804-Korean-cps03320 avg. like is -42.8548 over 164 frames.
LOG (gmm-acc-stats-ali[5.5.52-6d919]:main():gmm-acc-stats-ali.cc:105) Processed 10700 utterances; for utterance s03f3ccsjm01-20150804-Korean-cps03370 avg. like is -43.6815 over 161 frames.
LOG (gmm-acc-stats-ali[5.5.52-6d919]:main():gmm-acc-stats-ali.cc:105) Processed 10750 utterances; for utterance s03f3ccsjm01-20150804-Koreanbabble2SNR10-cps03002 avg. like is -45.8143 over 168 frames.
LOG (gmm-acc-stats-ali[5.5.52-6d919]:main():gmm-acc-stats-ali.cc:105) Processed 10800 utterances; for utterance s03f3ccsjm01-20150804-Koreanbabble2SNR10-cps03053 avg. like is -45.7339 over 168 frames.
LOG (gmm-acc-stats-ali[5.5.52-6d919]:main():gmm-acc-stats-ali.cc:105) Processed 10850 utterances; for utterance s03f3ccsjm01-20150804-Koreanbabble2SNR10-cps03103 avg. like is -46.7335 over 160 frames.
LOG (gmm-acc-stats-ali[5.5.52-6d919]:main():gmm-acc-stats-ali.cc:105) Processed 10900 utterances; for utterance s03f3ccsjm01-20150804-Koreanbabble2SNR10-cps03153 avg. like is -45.9137 over 151 frames.
LOG (gmm-acc-stats-ali[5.5.52-6d919]:main():gmm-acc-stats-ali.cc:105) Processed 10950 utterances; for utterance s03f3ccsjm01-20150804-Koreanbabble2SNR10-cps03203 avg. like is -46.2006 over 119 frames.
LOG (gmm-acc-stats-ali[5.5.52-6d919]:main():gmm-acc-stats-ali.cc:105) Processed 11000 utterances; for utterance s03f3ccsjm01-20150804-Koreanbabble2SNR10-cps03254 avg. like is -43.5763 over 161 frames.
LOG (gmm-acc-stats-ali[5.5.52-6d919]:main():gmm-acc-stats-ali.cc:105) Processed 11050 utterances; for utterance s03f3ccsjm01-20150804-Koreanbabble2SNR10-cps03304 avg. like is -45.3009 over 145 frames.
LOG (gmm-acc-stats-ali[5.5.52-6d919]:main():gmm-acc-stats-ali.cc:105) Processed 11100 utterances; for utterance s03f3ccsjm01-20150804-Koreanbabble2SNR10-cps03354 avg. like is -42.6392 over 151 frames.
LOG (gmm-acc-stats-ali[5.5.52-6d919]:main():gmm-acc-stats-ali.cc:105) Processed 11150 utterances; for utterance s03f3ccsjm01-20150804-Koreanbabble2SNR10-cps03404 avg. like is -49.4328 over 182 frames.
LOG (gmm-acc-stats-ali[5.5.52-6d919]:main():gmm-acc-stats-ali.cc:105) Processed 11200 utterances; for utterance s03f3ccuyj02-20150804-Korean-cps03036 avg. like is -50.8474 over 161 frames.
LOG (gmm-acc-stats-ali[5.5.52-6d919]:main():gmm-acc-stats-ali.cc:105) Processed 11250 utterances; for utterance s03f3ccuyj02-20150804-Korean-cps03087 avg. like is -50.0854 over 171 frames.
LOG (gmm-acc-stats-ali[5.5.52-6d919]:main():gmm-acc-stats-ali.cc:105) Processed 11300 utterances; for utterance s03f3ccuyj02-20150804-Korean-cps03137 avg. like is -50.9134 over 162 frames.
LOG (gmm-acc-stats-ali[5.5.52-6d919]:main():gmm-acc-stats-ali.cc:105) Processed 11350 utterances; for utterance s03f3ccuyj02-20150804-Korean-cps03187 avg. like is -46.4591 over 148 frames.
LOG (gmm-acc-stats-ali[5.5.52-6d919]:main():gmm-acc-stats-ali.cc:105) Processed 11400 utterances; for utterance s03f3ccuyj02-20150804-Korean-cps03237 avg. like is -44.1202 over 158 frames.
LOG (gmm-acc-stats-ali[5.5.52-6d919]:main():gmm-acc-stats-ali.cc:105) Processed 11450 utterances; for utterance s03f3ccuyj02-20150804-Korean-cps03288 avg. like is -47.2891 over 132 frames.
LOG (gmm-acc-stats-ali[5.5.52-6d919]:main():gmm-acc-stats-ali.cc:105) Processed 11500 utterances; for utterance s03f3ccuyj02-20150804-Korean-cps03338 avg. like is -51.8142 over 145 frames.
LOG (gmm-acc-stats-ali[5.5.52-6d919]:main():gmm-acc-stats-ali.cc:105) Processed 11550 utterances; for utterance s03f3ccuyj02-20150804-Korean-cps03388 avg. like is -50.3192 over 162 frames.
LOG (gmm-acc-stats-ali[5.5.52-6d919]:main():gmm-acc-stats-ali.cc:105) Processed 11600 utterances; for utterance s03f3ccuyj02-20150804-KoreancarSNR10-cps03021 avg. like is -38.433 over 163 frames.
LOG (gmm-acc-stats-ali[5.5.52-6d919]:main():gmm-acc-stats-ali.cc:105) Processed 11650 utterances; for utterance s03f3ccuyj02-20150804-KoreancarSNR10-cps03072 avg. like is -40.9368 over 159 frames.
LOG (gmm-acc-stats-ali[5.5.52-6d919]:main():gmm-acc-stats-ali.cc:105) Processed 11700 utterances; for utterance s03f3ccuyj02-20150804-KoreancarSNR10-cps03122 avg. like is -37.5447 over 148 frames.
LOG (gmm-acc-stats-ali[5.5.52-6d919]:main():gmm-acc-stats-ali.cc:105) Processed 11750 utterances; for utterance s03f3ccuyj02-20150804-KoreancarSNR10-cps03172 avg. like is -40.7873 over 159 frames.
LOG (gmm-acc-stats-ali[5.5.52-6d919]:main():gmm-acc-stats-ali.cc:105) Processed 11800 utterances; for utterance s03f3ccuyj02-20150804-KoreancarSNR10-cps03222 avg. like is -39.9585 over 163 frames.
LOG (gmm-acc-stats-ali[5.5.52-6d919]:main():gmm-acc-stats-ali.cc:105) Processed 11850 utterances; for utterance s03f3ccuyj02-20150804-KoreancarSNR10-cps03273 avg. like is -36.2158 over 148 frames.
LOG (gmm-acc-stats-ali[5.5.52-6d919]:main():gmm-acc-stats-ali.cc:105) Processed 11900 utterances; for utterance s03f3ccuyj02-20150804-KoreancarSNR10-cps03323 avg. like is -38.7364 over 171 frames.
LOG (gmm-acc-stats-ali[5.5.52-6d919]:main():gmm-acc-stats-ali.cc:105) Processed 11950 utterances; for utterance s03f3ccuyj02-20150804-KoreancarSNR10-cps03373 avg. like is -42.3871 over 201 frames.
LOG (gmm-acc-stats-ali[5.5.52-6d919]:main():gmm-acc-stats-ali.cc:105) Processed 12000 utterances; for utterance s03f3jrgum01-20150804-Korean-cps03006 avg. like is -51.1938 over 155 frames.
LOG (gmm-acc-stats-ali[5.5.52-6d919]:main():gmm-acc-stats-ali.cc:105) Processed 12050 utterances; for utterance s03f3jrgum01-20150804-Korean-cps03056 avg. like is -47.0243 over 144 frames.
LOG (gmm-acc-stats-ali[5.5.52-6d919]:main():gmm-acc-stats-ali.cc:105) Processed 12100 utterances; for utterance s03f3jrgum01-20150804-Korean-cps03106 avg. like is -46.7663 over 124 frames.
LOG (gmm-acc-stats-ali[5.5.52-6d919]:main():gmm-acc-stats-ali.cc:105) Processed 12150 utterances; for utterance s03f3jrgum01-20150804-Korean-cps03156 avg. like is -50.318 over 144 frames.
LOG (gmm-acc-stats-ali[5.5.52-6d919]:main():gmm-acc-stats-ali.cc:105) Processed 12200 utterances; for utterance s03f3jrgum01-20150804-Korean-cps03206 avg. like is -47.9455 over 156 frames.
LOG (gmm-acc-stats-ali[5.5.52-6d919]:main():gmm-acc-stats-ali.cc:105) Processed 12250 utterances; for utterance s03f3jrgum01-20150804-Korean-cps03256 avg. like is -45.4703 over 139 frames.
LOG (gmm-acc-stats-ali[5.5.52-6d919]:main():gmm-acc-stats-ali.cc:105) Processed 12300 utterances; for utterance s03f3jrgum01-20150804-Korean-cps03306 avg. like is -46.9783 over 128 frames.
LOG (gmm-acc-stats-ali[5.5.52-6d919]:main():gmm-acc-stats-ali.cc:105) Processed 12350 utterances; for utterance s03f3jrgum01-20150804-Korean-cps03356 avg. like is -47.0936 over 147 frames.
LOG (gmm-acc-stats-ali[5.5.52-6d919]:main():gmm-acc-stats-ali.cc:105) Processed 12400 utterances; for utterance s03f3jrgum01-20150804-Korean-cps03407 avg. like is -51.0576 over 127 frames.
LOG (gmm-acc-stats-ali[5.5.52-6d919]:main():gmm-acc-stats-ali.cc:105) Processed 12450 utterances; for utterance s03f3jrgum01-20150804-KoreancarSNR10-cps03039 avg. like is -40.0536 over 141 frames.
LOG (gmm-acc-stats-ali[5.5.52-6d919]:main():gmm-acc-stats-ali.cc:105) Processed 12500 utterances; for utterance s03f3jrgum01-20150804-KoreancarSNR10-cps03089 avg. like is -40.7141 over 127 frames.
LOG (gmm-acc-stats-ali[5.5.52-6d919]:main():gmm-acc-stats-ali.cc:105) Processed 12550 utterances; for utterance s03f3jrgum01-20150804-KoreancarSNR10-cps03139 avg. like is -39.0861 over 131 frames.
LOG (gmm-acc-stats-ali[5.5.52-6d919]:main():gmm-acc-stats-ali.cc:105) Processed 12600 utterances; for utterance s03f3jrgum01-20150804-KoreancarSNR10-cps03189 avg. like is -42.6146 over 152 frames.
LOG (gmm-acc-stats-ali[5.5.52-6d919]:main():gmm-acc-stats-ali.cc:105) Processed 12650 utterances; for utterance s03f3jrgum01-20150804-KoreancarSNR10-cps03239 avg. like is -41.0535 over 146 frames.
LOG (gmm-acc-stats-ali[5.5.52-6d919]:main():gmm-acc-stats-ali.cc:105) Processed 12700 utterances; for utterance s03f3jrgum01-20150804-KoreancarSNR10-cps03289 avg. like is -41.1655 over 149 frames.
LOG (gmm-acc-stats-ali[5.5.52-6d919]:main():gmm-acc-stats-ali.cc:105) Processed 12750 utterances; for utterance s03f3jrgum01-20150804-KoreancarSNR10-cps03339 avg. like is -42.647 over 121 frames.
LOG (gmm-acc-stats-ali[5.5.52-6d919]:main():gmm-acc-stats-ali.cc:105) Processed 12800 utterances; for utterance s03f3jrgum01-20150804-KoreancarSNR10-cps03389 avg. like is -39.0669 over 105 frames.
LOG (gmm-acc-stats-ali[5.5.52-6d919]:main():gmm-acc-stats-ali.cc:105) Processed 12850 utterances; for utterance s03f3jrgyh04-20150804-Korean-cps03022 avg. like is -49.2564 over 141 frames.
LOG (gmm-acc-stats-ali[5.5.52-6d919]:main():gmm-acc-stats-ali.cc:105) Processed 12900 utterances; for utterance s03f3jrgyh04-20150804-Korean-cps03072 avg. like is -48.5074 over 132 frames.
LOG (gmm-acc-stats-ali[5.5.52-6d919]:main():gmm-acc-stats-ali.cc:105) Processed 12950 utterances; for utterance s03f3jrgyh04-20150804-Korean-cps03122 avg. like is -48.275 over 138 frames.
LOG (gmm-acc-stats-ali[5.5.52-6d919]:main():gmm-acc-stats-ali.cc:105) Processed 13000 utterances; for utterance s03f3jrgyh04-20150804-Korean-cps03172 avg. like is -48.7894 over 158 frames.
LOG (gmm-acc-stats-ali[5.5.52-6d919]:main():gmm-acc-stats-ali.cc:105) Processed 13050 utterances; for utterance s03f3jrgyh04-20150804-Korean-cps03222 avg. like is -47.5387 over 140 frames.
LOG (gmm-acc-stats-ali[5.5.52-6d919]:main():gmm-acc-stats-ali.cc:105) Processed 13100 utterances; for utterance s03f3jrgyh04-20150804-Korean-cps03272 avg. like is -48.6267 over 147 frames.
LOG (gmm-acc-stats-ali[5.5.52-6d919]:main():gmm-acc-stats-ali.cc:105) Processed 13150 utterances; for utterance s03f3jrgyh04-20150804-Korean-cps03322 avg. like is -45.0222 over 148 frames.
LOG (gmm-acc-stats-ali[5.5.52-6d919]:main():gmm-acc-stats-ali.cc:105) Processed 13200 utterances; for utterance s03f3jrgyh04-20150804-Korean-cps03372 avg. like is -48.9488 over 183 frames.
LOG (gmm-acc-stats-ali[5.5.52-6d919]:main():gmm-acc-stats-ali.cc:105) Processed 13250 utterances; for utterance s03f3jrgyh04-20150804-Koreanleopard2SNR10-cps03004 avg. like is -38.2738 over 102 frames.
LOG (gmm-acc-stats-ali[5.5.52-6d919]:main():gmm-acc-stats-ali.cc:105) Processed 13300 utterances; for utterance s03f3jrgyh04-20150804-Koreanleopard2SNR10-cps03054 avg. like is -44.7753 over 150 frames.
LOG (gmm-acc-stats-ali[5.5.52-6d919]:main():gmm-acc-stats-ali.cc:105) Processed 13350 utterances; for utterance s03f3jrgyh04-20150804-Koreanleopard2SNR10-cps03104 avg. like is -42.0779 over 132 frames.
LOG (gmm-acc-stats-ali[5.5.52-6d919]:main():gmm-acc-stats-ali.cc:105) Processed 13400 utterances; for utterance s03f3jrgyh04-20150804-Koreanleopard2SNR10-cps03154 avg. like is -42.8212 over 149 frames.
LOG (gmm-acc-stats-ali[5.5.52-6d919]:main():gmm-acc-stats-ali.cc:105) Processed 13450 utterances; for utterance s03f3jrgyh04-20150804-Koreanleopard2SNR10-cps03204 avg. like is -44.5851 over 141 frames.
LOG (gmm-acc-stats-ali[5.5.52-6d919]:main():gmm-acc-stats-ali.cc:105) Processed 13500 utterances; for utterance s03f3jrgyh04-20150804-Koreanleopard2SNR10-cps03254 avg. like is -41.4775 over 122 frames.
LOG (gmm-acc-stats-ali[5.5.52-6d919]:main():gmm-acc-stats-ali.cc:105) Processed 13550 utterances; for utterance s03f3jrgyh04-20150804-Koreanleopard2SNR10-cps03304 avg. like is -41.0108 over 129 frames.
LOG (gmm-acc-stats-ali[5.5.52-6d919]:main():gmm-acc-stats-ali.cc:105) Processed 13600 utterances; for utterance s03f3jrgyh04-20150804-Koreanleopard2SNR10-cps03354 avg. like is -41.1067 over 136 frames.
LOG (gmm-acc-stats-ali[5.5.52-6d919]:main():gmm-acc-stats-ali.cc:105) Processed 13650 utterances; for utterance s03f3jrgyh04-20150804-Koreanleopard2SNR10-cps03404 avg. like is -43.7657 over 154 frames.
LOG (apply-cmvn[5.5.52-6d919]:main():apply-cmvn.cc:162) Applied cepstral mean normalization to 13664 utterances, errors on 0
LOG (transform-feats[5.5.52-6d919]:main():transform-feats.cc:158) Overall average [pseudo-]logdet is -92.5347 over 2.21597e+06 frames.
LOG (transform-feats[5.5.52-6d919]:main():transform-feats.cc:161) Applied transform to 13664 utterances; 0 had errors.
LOG (transform-feats[5.5.52-6d919]:main():transform-feats.cc:158) Overall average logdet is 1.28252 over 2.21597e+06 frames.
LOG (transform-feats[5.5.52-6d919]:main():transform-feats.cc:161) Applied transform to 13664 utterances; 0 had errors.
LOG (gmm-acc-stats-ali[5.5.52-6d919]:main():gmm-acc-stats-ali.cc:112) Done 13664 files, 0 with errors.
LOG (gmm-acc-stats-ali[5.5.52-6d919]:main():gmm-acc-stats-ali.cc:115) Overall avg like per frame (Gaussian only) = -44.6249 over 2215968 frames.
LOG (gmm-acc-stats-ali[5.5.52-6d919]:main():gmm-acc-stats-ali.cc:123) Written accs.
# Accounting: time=12 threads=1
# Ended (code 0) at Tue May  7 16:14:39 KST 2019, elapsed time 12 seconds
