# gmm-acc-stats-ali exp/tri3b/29.mdl "ark,s,cs:apply-cmvn  --utt2spk=ark:data/train/split8/6/utt2spk scp:data/train/split8/6/cmvn.scp scp:data/train/split8/6/feats.scp ark:- | splice-feats  ark:- ark:- | transform-feats exp/tri2b_ali/final.mat ark:- ark:- | transform-feats --utt2spk=ark:data/train/split8/6/utt2spk ark:exp/tri3b/trans.6 ark:- ark:- |" "ark,s,cs:gunzip -c exp/tri3b/ali.6.gz|" exp/tri3b/29.6.acc 
# Started at Tue May  7 16:22:19 KST 2019
#
gmm-acc-stats-ali exp/tri3b/29.mdl 'ark,s,cs:apply-cmvn  --utt2spk=ark:data/train/split8/6/utt2spk scp:data/train/split8/6/cmvn.scp scp:data/train/split8/6/feats.scp ark:- | splice-feats  ark:- ark:- | transform-feats exp/tri2b_ali/final.mat ark:- ark:- | transform-feats --utt2spk=ark:data/train/split8/6/utt2spk ark:exp/tri3b/trans.6 ark:- ark:- |' 'ark,s,cs:gunzip -c exp/tri3b/ali.6.gz|' exp/tri3b/29.6.acc 
transform-feats exp/tri2b_ali/final.mat ark:- ark:- 
apply-cmvn --utt2spk=ark:data/train/split8/6/utt2spk scp:data/train/split8/6/cmvn.scp scp:data/train/split8/6/feats.scp ark:- 
transform-feats --utt2spk=ark:data/train/split8/6/utt2spk ark:exp/tri3b/trans.6 ark:- ark:- 
splice-feats ark:- ark:- 
LOG (gmm-acc-stats-ali[5.5.52-6d919]:main():gmm-acc-stats-ali.cc:105) Processed 50 utterances; for utterance s03f1jrbmg01-20150804-Korean-cps03050 avg. like is -51.4268 over 194 frames.
LOG (gmm-acc-stats-ali[5.5.52-6d919]:main():gmm-acc-stats-ali.cc:105) Processed 100 utterances; for utterance s03f1jrbmg01-20150804-Korean-cps03101 avg. like is -45.4923 over 220 frames.
LOG (gmm-acc-stats-ali[5.5.52-6d919]:main():gmm-acc-stats-ali.cc:105) Processed 150 utterances; for utterance s03f1jrbmg01-20150804-Korean-cps03152 avg. like is -44.4954 over 237 frames.
LOG (gmm-acc-stats-ali[5.5.52-6d919]:main():gmm-acc-stats-ali.cc:105) Processed 200 utterances; for utterance s03f1jrbmg01-20150804-Korean-cps03202 avg. like is -41.5349 over 196 frames.
LOG (gmm-acc-stats-ali[5.5.52-6d919]:main():gmm-acc-stats-ali.cc:105) Processed 250 utterances; for utterance s03f1jrbmg01-20150804-Korean-cps03252 avg. like is -44.8304 over 191 frames.
LOG (gmm-acc-stats-ali[5.5.52-6d919]:main():gmm-acc-stats-ali.cc:105) Processed 300 utterances; for utterance s03f1jrbmg01-20150804-Korean-cps03303 avg. like is -44.6512 over 221 frames.
LOG (gmm-acc-stats-ali[5.5.52-6d919]:main():gmm-acc-stats-ali.cc:105) Processed 350 utterances; for utterance s03f1jrbmg01-20150804-Korean-cps03353 avg. like is -40.4538 over 180 frames.
LOG (gmm-acc-stats-ali[5.5.52-6d919]:main():gmm-acc-stats-ali.cc:105) Processed 400 utterances; for utterance s03f1jrbmg01-20150804-Korean-cps03404 avg. like is -45.7279 over 199 frames.
LOG (gmm-acc-stats-ali[5.5.52-6d919]:main():gmm-acc-stats-ali.cc:105) Processed 450 utterances; for utterance s03f1jrbmg01-20150804-KoreanbabbleSNR10-cps03036 avg. like is -50.5882 over 221 frames.
LOG (gmm-acc-stats-ali[5.5.52-6d919]:main():gmm-acc-stats-ali.cc:105) Processed 500 utterances; for utterance s03f1jrbmg01-20150804-KoreanbabbleSNR10-cps03087 avg. like is -47.9325 over 199 frames.
LOG (gmm-acc-stats-ali[5.5.52-6d919]:main():gmm-acc-stats-ali.cc:105) Processed 550 utterances; for utterance s03f1jrbmg01-20150804-KoreanbabbleSNR10-cps03138 avg. like is -45.8701 over 215 frames.
LOG (gmm-acc-stats-ali[5.5.52-6d919]:main():gmm-acc-stats-ali.cc:105) Processed 600 utterances; for utterance s03f1jrbmg01-20150804-KoreanbabbleSNR10-cps03188 avg. like is -47.042 over 196 frames.
LOG (gmm-acc-stats-ali[5.5.52-6d919]:main():gmm-acc-stats-ali.cc:105) Processed 650 utterances; for utterance s03f1jrbmg01-20150804-KoreanbabbleSNR10-cps03238 avg. like is -47.5801 over 153 frames.
LOG (gmm-acc-stats-ali[5.5.52-6d919]:main():gmm-acc-stats-ali.cc:105) Processed 700 utterances; for utterance s03f1jrbmg01-20150804-KoreanbabbleSNR10-cps03289 avg. like is -46.235 over 197 frames.
LOG (gmm-acc-stats-ali[5.5.52-6d919]:main():gmm-acc-stats-ali.cc:105) Processed 750 utterances; for utterance s03f1jrbmg01-20150804-KoreanbabbleSNR10-cps03339 avg. like is -48.1242 over 177 frames.
LOG (gmm-acc-stats-ali[5.5.52-6d919]:main():gmm-acc-stats-ali.cc:105) Processed 800 utterances; for utterance s03f1jrbmg01-20150804-KoreanbabbleSNR10-cps03389 avg. like is -46.5465 over 140 frames.
LOG (gmm-acc-stats-ali[5.5.52-6d919]:main():gmm-acc-stats-ali.cc:105) Processed 850 utterances; for utterance s03f1kwgnn01-20150804-Korean-cps03022 avg. like is -47.3283 over 180 frames.
LOG (gmm-acc-stats-ali[5.5.52-6d919]:main():gmm-acc-stats-ali.cc:105) Processed 900 utterances; for utterance s03f1kwgnn01-20150804-Korean-cps03074 avg. like is -50.2854 over 165 frames.
LOG (gmm-acc-stats-ali[5.5.52-6d919]:main():gmm-acc-stats-ali.cc:105) Processed 950 utterances; for utterance s03f1kwgnn01-20150804-Korean-cps03125 avg. like is -44.3145 over 177 frames.
LOG (gmm-acc-stats-ali[5.5.52-6d919]:main():gmm-acc-stats-ali.cc:105) Processed 1000 utterances; for utterance s03f1kwgnn01-20150804-Korean-cps03178 avg. like is -43.2003 over 171 frames.
LOG (gmm-acc-stats-ali[5.5.52-6d919]:main():gmm-acc-stats-ali.cc:105) Processed 1050 utterances; for utterance s03f1kwgnn01-20150804-Korean-cps03228 avg. like is -43.6366 over 168 frames.
LOG (gmm-acc-stats-ali[5.5.52-6d919]:main():gmm-acc-stats-ali.cc:105) Processed 1100 utterances; for utterance s03f1kwgnn01-20150804-Korean-cps03279 avg. like is -53.2479 over 172 frames.
LOG (gmm-acc-stats-ali[5.5.52-6d919]:main():gmm-acc-stats-ali.cc:105) Processed 1150 utterances; for utterance s03f1kwgnn01-20150804-Korean-cps03330 avg. like is -46.2456 over 162 frames.
LOG (gmm-acc-stats-ali[5.5.52-6d919]:main():gmm-acc-stats-ali.cc:105) Processed 1200 utterances; for utterance s03f1kwgnn01-20150804-Korean-cps03382 avg. like is -45.6389 over 184 frames.
LOG (gmm-acc-stats-ali[5.5.52-6d919]:main():gmm-acc-stats-ali.cc:105) Processed 1250 utterances; for utterance s03f1kwgnn01-20150804-KoreanhfchannelSNR10-cps03016 avg. like is -39.2668 over 162 frames.
LOG (gmm-acc-stats-ali[5.5.52-6d919]:main():gmm-acc-stats-ali.cc:105) Processed 1300 utterances; for utterance s03f1kwgnn01-20150804-KoreanhfchannelSNR10-cps03068 avg. like is -38.8418 over 157 frames.
LOG (gmm-acc-stats-ali[5.5.52-6d919]:main():gmm-acc-stats-ali.cc:105) Processed 1350 utterances; for utterance s03f1kwgnn01-20150804-KoreanhfchannelSNR10-cps03118 avg. like is -39.8354 over 120 frames.
LOG (gmm-acc-stats-ali[5.5.52-6d919]:main():gmm-acc-stats-ali.cc:105) Processed 1400 utterances; for utterance s03f1kwgnn01-20150804-KoreanhfchannelSNR10-cps03172 avg. like is -42.6213 over 180 frames.
LOG (gmm-acc-stats-ali[5.5.52-6d919]:main():gmm-acc-stats-ali.cc:105) Processed 1450 utterances; for utterance s03f1kwgnn01-20150804-KoreanhfchannelSNR10-cps03222 avg. like is -41.1446 over 175 frames.
LOG (gmm-acc-stats-ali[5.5.52-6d919]:main():gmm-acc-stats-ali.cc:105) Processed 1500 utterances; for utterance s03f1kwgnn01-20150804-KoreanhfchannelSNR10-cps03273 avg. like is -39.1272 over 163 frames.
LOG (gmm-acc-stats-ali[5.5.52-6d919]:main():gmm-acc-stats-ali.cc:105) Processed 1550 utterances; for utterance s03f1kwgnn01-20150804-KoreanhfchannelSNR10-cps03324 avg. like is -38.0264 over 186 frames.
LOG (gmm-acc-stats-ali[5.5.52-6d919]:main():gmm-acc-stats-ali.cc:105) Processed 1600 utterances; for utterance s03f1kwgnn01-20150804-KoreanhfchannelSNR10-cps03375 avg. like is -43.8597 over 150 frames.
LOG (gmm-acc-stats-ali[5.5.52-6d919]:main():gmm-acc-stats-ali.cc:105) Processed 1650 utterances; for utterance s03f2ksame01-20150804-Korean-cps03010 avg. like is -47.6442 over 167 frames.
LOG (gmm-acc-stats-ali[5.5.52-6d919]:main():gmm-acc-stats-ali.cc:105) Processed 1700 utterances; for utterance s03f2ksame01-20150804-Korean-cps03061 avg. like is -49.5682 over 162 frames.
LOG (gmm-acc-stats-ali[5.5.52-6d919]:main():gmm-acc-stats-ali.cc:105) Processed 1750 utterances; for utterance s03f2ksame01-20150804-Korean-cps03112 avg. like is -47.7819 over 151 frames.
LOG (gmm-acc-stats-ali[5.5.52-6d919]:main():gmm-acc-stats-ali.cc:105) Processed 1800 utterances; for utterance s03f2ksame01-20150804-Korean-cps03163 avg. like is -45.7414 over 97 frames.
LOG (gmm-acc-stats-ali[5.5.52-6d919]:main():gmm-acc-stats-ali.cc:105) Processed 1850 utterances; for utterance s03f2ksame01-20150804-Korean-cps03215 avg. like is -48.0358 over 156 frames.
LOG (gmm-acc-stats-ali[5.5.52-6d919]:main():gmm-acc-stats-ali.cc:105) Processed 1900 utterances; for utterance s03f2ksame01-20150804-Korean-cps03266 avg. like is -50.3923 over 136 frames.
LOG (gmm-acc-stats-ali[5.5.52-6d919]:main():gmm-acc-stats-ali.cc:105) Processed 1950 utterances; for utterance s03f2ksame01-20150804-Korean-cps03318 avg. like is -43.2051 over 143 frames.
LOG (gmm-acc-stats-ali[5.5.52-6d919]:main():gmm-acc-stats-ali.cc:105) Processed 2000 utterances; for utterance s03f2ksame01-20150804-Korean-cps03369 avg. like is -41.5327 over 140 frames.
LOG (gmm-acc-stats-ali[5.5.52-6d919]:main():gmm-acc-stats-ali.cc:105) Processed 2050 utterances; for utterance s03f2ksame01-20150804-KoreanhfchannelSNR10-cps03002 avg. like is -38.7118 over 146 frames.
LOG (gmm-acc-stats-ali[5.5.52-6d919]:main():gmm-acc-stats-ali.cc:105) Processed 2100 utterances; for utterance s03f2ksame01-20150804-KoreanhfchannelSNR10-cps03053 avg. like is -36.3466 over 151 frames.
LOG (gmm-acc-stats-ali[5.5.52-6d919]:main():gmm-acc-stats-ali.cc:105) Processed 2150 utterances; for utterance s03f2ksame01-20150804-KoreanhfchannelSNR10-cps03104 avg. like is -34.219 over 136 frames.
LOG (gmm-acc-stats-ali[5.5.52-6d919]:main():gmm-acc-stats-ali.cc:105) Processed 2200 utterances; for utterance s03f2ksame01-20150804-KoreanhfchannelSNR10-cps03155 avg. like is -37.9643 over 152 frames.
LOG (gmm-acc-stats-ali[5.5.52-6d919]:main():gmm-acc-stats-ali.cc:105) Processed 2250 utterances; for utterance s03f2ksame01-20150804-KoreanhfchannelSNR10-cps03207 avg. like is -37.7905 over 163 frames.
LOG (gmm-acc-stats-ali[5.5.52-6d919]:main():gmm-acc-stats-ali.cc:105) Processed 2300 utterances; for utterance s03f2ksame01-20150804-KoreanhfchannelSNR10-cps03258 avg. like is -38.5356 over 161 frames.
LOG (gmm-acc-stats-ali[5.5.52-6d919]:main():gmm-acc-stats-ali.cc:105) Processed 2350 utterances; for utterance s03f2ksame01-20150804-KoreanhfchannelSNR10-cps03309 avg. like is -37.8479 over 159 frames.
LOG (gmm-acc-stats-ali[5.5.52-6d919]:main():gmm-acc-stats-ali.cc:105) Processed 2400 utterances; for utterance s03f2ksame01-20150804-KoreanhfchannelSNR10-cps03361 avg. like is -38.8124 over 165 frames.
LOG (gmm-acc-stats-ali[5.5.52-6d919]:main():gmm-acc-stats-ali.cc:105) Processed 2450 utterances; for utterance s03f2ksame01-20150804-KoreanhfchannelSNR10-cps03412 avg. like is -31.5513 over 121 frames.
LOG (gmm-acc-stats-ali[5.5.52-6d919]:main():gmm-acc-stats-ali.cc:105) Processed 2500 utterances; for utterance s03f2ksbmg02-20150804-Korean-cps03044 avg. like is -53.3993 over 168 frames.
LOG (gmm-acc-stats-ali[5.5.52-6d919]:main():gmm-acc-stats-ali.cc:105) Processed 2550 utterances; for utterance s03f2ksbmg02-20150804-Korean-cps03094 avg. like is -55.2051 over 148 frames.
LOG (gmm-acc-stats-ali[5.5.52-6d919]:main():gmm-acc-stats-ali.cc:105) Processed 2600 utterances; for utterance s03f2ksbmg02-20150804-Korean-cps03145 avg. like is -50.8263 over 144 frames.
LOG (gmm-acc-stats-ali[5.5.52-6d919]:main():gmm-acc-stats-ali.cc:105) Processed 2650 utterances; for utterance s03f2ksbmg02-20150804-Korean-cps03196 avg. like is -47.4848 over 144 frames.
LOG (gmm-acc-stats-ali[5.5.52-6d919]:main():gmm-acc-stats-ali.cc:105) Processed 2700 utterances; for utterance s03f2ksbmg02-20150804-Korean-cps03247 avg. like is -47.2761 over 139 frames.
LOG (gmm-acc-stats-ali[5.5.52-6d919]:main():gmm-acc-stats-ali.cc:105) Processed 2750 utterances; for utterance s03f2ksbmg02-20150804-Korean-cps03297 avg. like is -47.2158 over 154 frames.
LOG (gmm-acc-stats-ali[5.5.52-6d919]:main():gmm-acc-stats-ali.cc:105) Processed 2800 utterances; for utterance s03f2ksbmg02-20150804-Korean-cps03347 avg. like is -44.394 over 162 frames.
LOG (gmm-acc-stats-ali[5.5.52-6d919]:main():gmm-acc-stats-ali.cc:105) Processed 2850 utterances; for utterance s03f2ksbmg02-20150804-Korean-cps03397 avg. like is -50.5322 over 179 frames.
LOG (gmm-acc-stats-ali[5.5.52-6d919]:main():gmm-acc-stats-ali.cc:105) Processed 2900 utterances; for utterance s03f2ksbmg02-20150804-KoreancarSNR10-cps03030 avg. like is -38.4131 over 174 frames.
LOG (gmm-acc-stats-ali[5.5.52-6d919]:main():gmm-acc-stats-ali.cc:105) Processed 2950 utterances; for utterance s03f2ksbmg02-20150804-KoreancarSNR10-cps03080 avg. like is -37.248 over 165 frames.
LOG (gmm-acc-stats-ali[5.5.52-6d919]:main():gmm-acc-stats-ali.cc:105) Processed 3000 utterances; for utterance s03f2ksbmg02-20150804-KoreancarSNR10-cps03131 avg. like is -38.2711 over 167 frames.
LOG (gmm-acc-stats-ali[5.5.52-6d919]:main():gmm-acc-stats-ali.cc:105) Processed 3050 utterances; for utterance s03f2ksbmg02-20150804-KoreancarSNR10-cps03182 avg. like is -37.6105 over 165 frames.
LOG (gmm-acc-stats-ali[5.5.52-6d919]:main():gmm-acc-stats-ali.cc:105) Processed 3100 utterances; for utterance s03f2ksbmg02-20150804-KoreancarSNR10-cps03233 avg. like is -36.0517 over 148 frames.
LOG (gmm-acc-stats-ali[5.5.52-6d919]:main():gmm-acc-stats-ali.cc:105) Processed 3150 utterances; for utterance s03f2ksbmg02-20150804-KoreancarSNR10-cps03283 avg. like is -35.4216 over 189 frames.
LOG (gmm-acc-stats-ali[5.5.52-6d919]:main():gmm-acc-stats-ali.cc:105) Processed 3200 utterances; for utterance s03f2ksbmg02-20150804-KoreancarSNR10-cps03333 avg. like is -39.1613 over 171 frames.
LOG (gmm-acc-stats-ali[5.5.52-6d919]:main():gmm-acc-stats-ali.cc:105) Processed 3250 utterances; for utterance s03f2ksbmg02-20150804-KoreancarSNR10-cps03383 avg. like is -36.3736 over 136 frames.
LOG (gmm-acc-stats-ali[5.5.52-6d919]:main():gmm-acc-stats-ali.cc:105) Processed 3300 utterances; for utterance s03f2kssmh01-20150804-Korean-cps03016 avg. like is -43.2398 over 164 frames.
LOG (gmm-acc-stats-ali[5.5.52-6d919]:main():gmm-acc-stats-ali.cc:105) Processed 3350 utterances; for utterance s03f2kssmh01-20150804-Korean-cps03066 avg. like is -47.7232 over 172 frames.
LOG (gmm-acc-stats-ali[5.5.52-6d919]:main():gmm-acc-stats-ali.cc:105) Processed 3400 utterances; for utterance s03f2kssmh01-20150804-Korean-cps03116 avg. like is -42.3974 over 123 frames.
LOG (gmm-acc-stats-ali[5.5.52-6d919]:main():gmm-acc-stats-ali.cc:105) Processed 3450 utterances; for utterance s03f2kssmh01-20150804-Korean-cps03166 avg. like is -41.5649 over 185 frames.
LOG (gmm-acc-stats-ali[5.5.52-6d919]:main():gmm-acc-stats-ali.cc:105) Processed 3500 utterances; for utterance s03f2kssmh01-20150804-Korean-cps03216 avg. like is -38.7051 over 156 frames.
LOG (gmm-acc-stats-ali[5.5.52-6d919]:main():gmm-acc-stats-ali.cc:105) Processed 3550 utterances; for utterance s03f2kssmh01-20150804-Korean-cps03267 avg. like is -41.2556 over 201 frames.
LOG (gmm-acc-stats-ali[5.5.52-6d919]:main():gmm-acc-stats-ali.cc:105) Processed 3600 utterances; for utterance s03f2kssmh01-20150804-Korean-cps03317 avg. like is -42.015 over 178 frames.
LOG (gmm-acc-stats-ali[5.5.52-6d919]:main():gmm-acc-stats-ali.cc:105) Processed 3650 utterances; for utterance s03f2kssmh01-20150804-Korean-cps03367 avg. like is -35.8712 over 171 frames.
LOG (gmm-acc-stats-ali[5.5.52-6d919]:main():gmm-acc-stats-ali.cc:105) Processed 3700 utterances; for utterance s03f2kssmh01-20150804-Korean-cps03418 avg. like is -40.377 over 168 frames.
LOG (gmm-acc-stats-ali[5.5.52-6d919]:main():gmm-acc-stats-ali.cc:105) Processed 3750 utterances; for utterance s03f2kssmh01-20150804-Koreanbabble1SNR10-cps03050 avg. like is -50.6111 over 163 frames.
LOG (gmm-acc-stats-ali[5.5.52-6d919]:main():gmm-acc-stats-ali.cc:105) Processed 3800 utterances; for utterance s03f2kssmh01-20150804-Koreanbabble1SNR10-cps03100 avg. like is -42.6003 over 149 frames.
LOG (gmm-acc-stats-ali[5.5.52-6d919]:main():gmm-acc-stats-ali.cc:105) Processed 3850 utterances; for utterance s03f2kssmh01-20150804-Koreanbabble1SNR10-cps03150 avg. like is -43.069 over 358 frames.
LOG (gmm-acc-stats-ali[5.5.52-6d919]:main():gmm-acc-stats-ali.cc:105) Processed 3900 utterances; for utterance s03f2kssmh01-20150804-Koreanbabble1SNR10-cps03200 avg. like is -44.0384 over 223 frames.
LOG (gmm-acc-stats-ali[5.5.52-6d919]:main():gmm-acc-stats-ali.cc:105) Processed 3950 utterances; for utterance s03f2kssmh01-20150804-Koreanbabble1SNR10-cps03251 avg. like is -42.6579 over 184 frames.
LOG (gmm-acc-stats-ali[5.5.52-6d919]:main():gmm-acc-stats-ali.cc:105) Processed 4000 utterances; for utterance s03f2kssmh01-20150804-Koreanbabble1SNR10-cps03301 avg. like is -43.842 over 237 frames.
LOG (gmm-acc-stats-ali[5.5.52-6d919]:main():gmm-acc-stats-ali.cc:105) Processed 4050 utterances; for utterance s03f2kssmh01-20150804-Koreanbabble1SNR10-cps03351 avg. like is -43.0899 over 195 frames.
LOG (gmm-acc-stats-ali[5.5.52-6d919]:main():gmm-acc-stats-ali.cc:105) Processed 4100 utterances; for utterance s03f2kssmh01-20150804-Koreanbabble1SNR10-cps03402 avg. like is -44.1327 over 192 frames.
LOG (gmm-acc-stats-ali[5.5.52-6d919]:main():gmm-acc-stats-ali.cc:105) Processed 4150 utterances; for utterance s03f2kwshs03-20150804-Korean-cps03034 avg. like is -37.7531 over 150 frames.
LOG (gmm-acc-stats-ali[5.5.52-6d919]:main():gmm-acc-stats-ali.cc:105) Processed 4200 utterances; for utterance s03f2kwshs03-20150804-Korean-cps03084 avg. like is -41.5984 over 158 frames.
LOG (gmm-acc-stats-ali[5.5.52-6d919]:main():gmm-acc-stats-ali.cc:105) Processed 4250 utterances; for utterance s03f2kwshs03-20150804-Korean-cps03134 avg. like is -40.0684 over 121 frames.
LOG (gmm-acc-stats-ali[5.5.52-6d919]:main():gmm-acc-stats-ali.cc:105) Processed 4300 utterances; for utterance s03f2kwshs03-20150804-Korean-cps03184 avg. like is -45.764 over 154 frames.
LOG (gmm-acc-stats-ali[5.5.52-6d919]:main():gmm-acc-stats-ali.cc:105) Processed 4350 utterances; for utterance s03f2kwshs03-20150804-Korean-cps03234 avg. like is -44.8491 over 166 frames.
LOG (gmm-acc-stats-ali[5.5.52-6d919]:main():gmm-acc-stats-ali.cc:105) Processed 4400 utterances; for utterance s03f2kwshs03-20150804-Korean-cps03284 avg. like is -40.7079 over 131 frames.
LOG (gmm-acc-stats-ali[5.5.52-6d919]:main():gmm-acc-stats-ali.cc:105) Processed 4450 utterances; for utterance s03f2kwshs03-20150804-Korean-cps03334 avg. like is -43.9058 over 181 frames.
LOG (gmm-acc-stats-ali[5.5.52-6d919]:main():gmm-acc-stats-ali.cc:105) Processed 4500 utterances; for utterance s03f2kwshs03-20150804-Korean-cps03384 avg. like is -41.3066 over 113 frames.
LOG (gmm-acc-stats-ali[5.5.52-6d919]:main():gmm-acc-stats-ali.cc:105) Processed 4550 utterances; for utterance s03f2kwshs03-20150804-KoreanvolvoSNR10-cps03017 avg. like is -47.4884 over 203 frames.
LOG (gmm-acc-stats-ali[5.5.52-6d919]:main():gmm-acc-stats-ali.cc:105) Processed 4600 utterances; for utterance s03f2kwshs03-20150804-KoreanvolvoSNR10-cps03067 avg. like is -42.3465 over 161 frames.
LOG (gmm-acc-stats-ali[5.5.52-6d919]:main():gmm-acc-stats-ali.cc:105) Processed 4650 utterances; for utterance s03f2kwshs03-20150804-KoreanvolvoSNR10-cps03117 avg. like is -44.2404 over 154 frames.
LOG (gmm-acc-stats-ali[5.5.52-6d919]:main():gmm-acc-stats-ali.cc:105) Processed 4700 utterances; for utterance s03f2kwshs03-20150804-KoreanvolvoSNR10-cps03167 avg. like is -42.6164 over 148 frames.
LOG (gmm-acc-stats-ali[5.5.52-6d919]:main():gmm-acc-stats-ali.cc:105) Processed 4750 utterances; for utterance s03f2kwshs03-20150804-KoreanvolvoSNR10-cps03217 avg. like is -50.0473 over 183 frames.
LOG (gmm-acc-stats-ali[5.5.52-6d919]:main():gmm-acc-stats-ali.cc:105) Processed 4800 utterances; for utterance s03f2kwshs03-20150804-KoreanvolvoSNR10-cps03267 avg. like is -42.3249 over 170 frames.
LOG (gmm-acc-stats-ali[5.5.52-6d919]:main():gmm-acc-stats-ali.cc:105) Processed 4850 utterances; for utterance s03f2kwshs03-20150804-KoreanvolvoSNR10-cps03317 avg. like is -42.0958 over 204 frames.
LOG (gmm-acc-stats-ali[5.5.52-6d919]:main():gmm-acc-stats-ali.cc:105) Processed 4900 utterances; for utterance s03f2kwshs03-20150804-KoreanvolvoSNR10-cps03367 avg. like is -42.1306 over 164 frames.
LOG (gmm-acc-stats-ali[5.5.52-6d919]:main():gmm-acc-stats-ali.cc:105) Processed 4950 utterances; for utterance s03f2kwshs03-20150804-KoreanvolvoSNR10-cps03418 avg. like is -42.4767 over 137 frames.
LOG (gmm-acc-stats-ali[5.5.52-6d919]:main():gmm-acc-stats-ali.cc:105) Processed 5000 utterances; for utterance s03f2ssgeh01-20150804-Korean-cps03051 avg. like is -47.8511 over 168 frames.
LOG (gmm-acc-stats-ali[5.5.52-6d919]:main():gmm-acc-stats-ali.cc:105) Processed 5050 utterances; for utterance s03f2ssgeh01-20150804-Korean-cps03102 avg. like is -41.8423 over 147 frames.
LOG (gmm-acc-stats-ali[5.5.52-6d919]:main():gmm-acc-stats-ali.cc:105) Processed 5100 utterances; for utterance s03f2ssgeh01-20150804-Korean-cps03153 avg. like is -46.3692 over 132 frames.
LOG (gmm-acc-stats-ali[5.5.52-6d919]:main():gmm-acc-stats-ali.cc:105) Processed 5150 utterances; for utterance s03f2ssgeh01-20150804-Korean-cps03205 avg. like is -43.4174 over 167 frames.
LOG (gmm-acc-stats-ali[5.5.52-6d919]:main():gmm-acc-stats-ali.cc:105) Processed 5200 utterances; for utterance s03f2ssgeh01-20150804-Korean-cps03257 avg. like is -46.5416 over 165 frames.
LOG (gmm-acc-stats-ali[5.5.52-6d919]:main():gmm-acc-stats-ali.cc:105) Processed 5250 utterances; for utterance s03f2ssgeh01-20150804-Korean-cps03308 avg. like is -44.9511 over 143 frames.
LOG (gmm-acc-stats-ali[5.5.52-6d919]:main():gmm-acc-stats-ali.cc:105) Processed 5300 utterances; for utterance s03f2ssgeh01-20150804-Korean-cps03358 avg. like is -42.1512 over 146 frames.
LOG (gmm-acc-stats-ali[5.5.52-6d919]:main():gmm-acc-stats-ali.cc:105) Processed 5350 utterances; for utterance s03f2ssgeh01-20150804-Korean-cps03408 avg. like is -45.5226 over 168 frames.
LOG (gmm-acc-stats-ali[5.5.52-6d919]:main():gmm-acc-stats-ali.cc:105) Processed 5400 utterances; for utterance s03f2ssghn01-20150804-Korean-cps03040 avg. like is -47.0397 over 192 frames.
LOG (gmm-acc-stats-ali[5.5.52-6d919]:main():gmm-acc-stats-ali.cc:105) Processed 5450 utterances; for utterance s03f2ssghn01-20150804-Korean-cps03090 avg. like is -40.9198 over 185 frames.
LOG (gmm-acc-stats-ali[5.5.52-6d919]:main():gmm-acc-stats-ali.cc:105) Processed 5500 utterances; for utterance s03f2ssghn01-20150804-Korean-cps03141 avg. like is -40.9381 over 169 frames.
LOG (gmm-acc-stats-ali[5.5.52-6d919]:main():gmm-acc-stats-ali.cc:105) Processed 5550 utterances; for utterance s03f2ssghn01-20150804-Korean-cps03191 avg. like is -38.3227 over 197 frames.
LOG (gmm-acc-stats-ali[5.5.52-6d919]:main():gmm-acc-stats-ali.cc:105) Processed 5600 utterances; for utterance s03f2ssghn01-20150804-Korean-cps03241 avg. like is -42.7974 over 126 frames.
LOG (gmm-acc-stats-ali[5.5.52-6d919]:main():gmm-acc-stats-ali.cc:105) Processed 5650 utterances; for utterance s03f2ssghn01-20150804-Korean-cps03291 avg. like is -43.6206 over 198 frames.
LOG (gmm-acc-stats-ali[5.5.52-6d919]:main():gmm-acc-stats-ali.cc:105) Processed 5700 utterances; for utterance s03f2ssghn01-20150804-Korean-cps03341 avg. like is -47.2895 over 173 frames.
LOG (gmm-acc-stats-ali[5.5.52-6d919]:main():gmm-acc-stats-ali.cc:105) Processed 5750 utterances; for utterance s03f2ssghn01-20150804-Korean-cps03391 avg. like is -42.3178 over 182 frames.
LOG (gmm-acc-stats-ali[5.5.52-6d919]:main():gmm-acc-stats-ali.cc:105) Processed 5800 utterances; for utterance s03f2ssghn01-20150804-Koreancar1SNR10-cps03023 avg. like is -38.0449 over 152 frames.
LOG (gmm-acc-stats-ali[5.5.52-6d919]:main():gmm-acc-stats-ali.cc:105) Processed 5850 utterances; for utterance s03f2ssghn01-20150804-Koreancar1SNR10-cps03073 avg. like is -42.2322 over 202 frames.
LOG (gmm-acc-stats-ali[5.5.52-6d919]:main():gmm-acc-stats-ali.cc:105) Processed 5900 utterances; for utterance s03f2ssghn01-20150804-Koreancar1SNR10-cps03123 avg. like is -42.8201 over 214 frames.
LOG (gmm-acc-stats-ali[5.5.52-6d919]:main():gmm-acc-stats-ali.cc:105) Processed 5950 utterances; for utterance s03f2ssghn01-20150804-Koreancar1SNR10-cps03174 avg. like is -41.7737 over 202 frames.
LOG (gmm-acc-stats-ali[5.5.52-6d919]:main():gmm-acc-stats-ali.cc:105) Processed 6000 utterances; for utterance s03f2ssghn01-20150804-Koreancar1SNR10-cps03224 avg. like is -39.13 over 162 frames.
LOG (gmm-acc-stats-ali[5.5.52-6d919]:main():gmm-acc-stats-ali.cc:105) Processed 6050 utterances; for utterance s03f2ssghn01-20150804-Koreancar1SNR10-cps03274 avg. like is -45.201 over 200 frames.
LOG (gmm-acc-stats-ali[5.5.52-6d919]:main():gmm-acc-stats-ali.cc:105) Processed 6100 utterances; for utterance s03f2ssghn01-20150804-Koreancar1SNR10-cps03324 avg. like is -40.6131 over 193 frames.
LOG (gmm-acc-stats-ali[5.5.52-6d919]:main():gmm-acc-stats-ali.cc:105) Processed 6150 utterances; for utterance s03f2ssghn01-20150804-Koreancar1SNR10-cps03374 avg. like is -42.4982 over 184 frames.
LOG (gmm-acc-stats-ali[5.5.52-6d919]:main():gmm-acc-stats-ali.cc:105) Processed 6200 utterances; for utterance s03f2ssguj01-20150804-Korean-cps03006 avg. like is -54.5873 over 180 frames.
LOG (gmm-acc-stats-ali[5.5.52-6d919]:main():gmm-acc-stats-ali.cc:105) Processed 6250 utterances; for utterance s03f2ssguj01-20150804-Korean-cps03056 avg. like is -46.7733 over 167 frames.
LOG (gmm-acc-stats-ali[5.5.52-6d919]:main():gmm-acc-stats-ali.cc:105) Processed 6300 utterances; for utterance s03f2ssguj01-20150804-Korean-cps03106 avg. like is -45.5268 over 127 frames.
LOG (gmm-acc-stats-ali[5.5.52-6d919]:main():gmm-acc-stats-ali.cc:105) Processed 6350 utterances; for utterance s03f2ssguj01-20150804-Korean-cps03156 avg. like is -53.1564 over 162 frames.
LOG (gmm-acc-stats-ali[5.5.52-6d919]:main():gmm-acc-stats-ali.cc:105) Processed 6400 utterances; for utterance s03f2ssguj01-20150804-Korean-cps03206 avg. like is -47.8104 over 175 frames.
LOG (gmm-acc-stats-ali[5.5.52-6d919]:main():gmm-acc-stats-ali.cc:105) Processed 6450 utterances; for utterance s03f2ssguj01-20150804-Korean-cps03256 avg. like is -47.2575 over 164 frames.
LOG (gmm-acc-stats-ali[5.5.52-6d919]:main():gmm-acc-stats-ali.cc:105) Processed 6500 utterances; for utterance s03f2ssguj01-20150804-Korean-cps03306 avg. like is -45.7552 over 136 frames.
LOG (gmm-acc-stats-ali[5.5.52-6d919]:main():gmm-acc-stats-ali.cc:105) Processed 6550 utterances; for utterance s03f2ssguj01-20150804-Korean-cps03356 avg. like is -42.4853 over 157 frames.
LOG (gmm-acc-stats-ali[5.5.52-6d919]:main():gmm-acc-stats-ali.cc:105) Processed 6600 utterances; for utterance s03f2ssguj01-20150804-Korean-cps03406 avg. like is -52.204 over 128 frames.
LOG (gmm-acc-stats-ali[5.5.52-6d919]:main():gmm-acc-stats-ali.cc:105) Processed 6650 utterances; for utterance s03f2ssguj01-20150804-KoreanpinkSNR10-cps03038 avg. like is -39.7925 over 157 frames.
LOG (gmm-acc-stats-ali[5.5.52-6d919]:main():gmm-acc-stats-ali.cc:105) Processed 6700 utterances; for utterance s03f2ssguj01-20150804-KoreanpinkSNR10-cps03088 avg. like is -40.0906 over 157 frames.
LOG (gmm-acc-stats-ali[5.5.52-6d919]:main():gmm-acc-stats-ali.cc:105) Processed 6750 utterances; for utterance s03f2ssguj01-20150804-KoreanpinkSNR10-cps03138 avg. like is -37.7269 over 169 frames.
LOG (gmm-acc-stats-ali[5.5.52-6d919]:main():gmm-acc-stats-ali.cc:105) Processed 6800 utterances; for utterance s03f2ssguj01-20150804-KoreanpinkSNR10-cps03188 avg. like is -40.6016 over 159 frames.
LOG (gmm-acc-stats-ali[5.5.52-6d919]:main():gmm-acc-stats-ali.cc:105) Processed 6850 utterances; for utterance s03f2ssguj01-20150804-KoreanpinkSNR10-cps03238 avg. like is -38.7058 over 141 frames.
LOG (gmm-acc-stats-ali[5.5.52-6d919]:main():gmm-acc-stats-ali.cc:105) Processed 6900 utterances; for utterance s03f2ssguj01-20150804-KoreanpinkSNR10-cps03288 avg. like is -42.826 over 133 frames.
LOG (gmm-acc-stats-ali[5.5.52-6d919]:main():gmm-acc-stats-ali.cc:105) Processed 6950 utterances; for utterance s03f2ssguj01-20150804-KoreanpinkSNR10-cps03338 avg. like is -40.5074 over 131 frames.
LOG (gmm-acc-stats-ali[5.5.52-6d919]:main():gmm-acc-stats-ali.cc:105) Processed 7000 utterances; for utterance s03f2ssguj01-20150804-KoreanpinkSNR10-cps03388 avg. like is -41.6059 over 162 frames.
LOG (gmm-acc-stats-ali[5.5.52-6d919]:main():gmm-acc-stats-ali.cc:105) Processed 7050 utterances; for utterance s03f2ssijy02-20150804-Korean-cps03020 avg. like is -46.4946 over 166 frames.
LOG (gmm-acc-stats-ali[5.5.52-6d919]:main():gmm-acc-stats-ali.cc:105) Processed 7100 utterances; for utterance s03f2ssijy02-20150804-Korean-cps03072 avg. like is -48.5793 over 161 frames.
LOG (gmm-acc-stats-ali[5.5.52-6d919]:main():gmm-acc-stats-ali.cc:105) Processed 7150 utterances; for utterance s03f2ssijy02-20150804-Korean-cps03123 avg. like is -51.7151 over 186 frames.
LOG (gmm-acc-stats-ali[5.5.52-6d919]:main():gmm-acc-stats-ali.cc:105) Processed 7200 utterances; for utterance s03f2ssijy02-20150804-Korean-cps03173 avg. like is -42.9088 over 159 frames.
LOG (gmm-acc-stats-ali[5.5.52-6d919]:main():gmm-acc-stats-ali.cc:105) Processed 7250 utterances; for utterance s03f2ssijy02-20150804-Korean-cps03225 avg. like is -45.7777 over 193 frames.
LOG (gmm-acc-stats-ali[5.5.52-6d919]:main():gmm-acc-stats-ali.cc:105) Processed 7300 utterances; for utterance s03f2ssijy02-20150804-Korean-cps03275 avg. like is -47.492 over 132 frames.
LOG (gmm-acc-stats-ali[5.5.52-6d919]:main():gmm-acc-stats-ali.cc:105) Processed 7350 utterances; for utterance s03f2ssijy02-20150804-Korean-cps03325 avg. like is -44.1523 over 109 frames.
LOG (gmm-acc-stats-ali[5.5.52-6d919]:main():gmm-acc-stats-ali.cc:105) Processed 7400 utterances; for utterance s03f2ssijy02-20150804-Korean-cps03376 avg. like is -38.6016 over 167 frames.
LOG (gmm-acc-stats-ali[5.5.52-6d919]:main():gmm-acc-stats-ali.cc:105) Processed 7450 utterances; for utterance s03f2ssijy02-20150804-Koreanbabble2SNR10-cps03011 avg. like is -46.4562 over 206 frames.
LOG (gmm-acc-stats-ali[5.5.52-6d919]:main():gmm-acc-stats-ali.cc:105) Processed 7500 utterances; for utterance s03f2ssijy02-20150804-Koreanbabble2SNR10-cps03062 avg. like is -43.9511 over 190 frames.
LOG (gmm-acc-stats-ali[5.5.52-6d919]:main():gmm-acc-stats-ali.cc:105) Processed 7550 utterances; for utterance s03f2ssijy02-20150804-Koreanbabble2SNR10-cps03114 avg. like is -45.3641 over 183 frames.
LOG (gmm-acc-stats-ali[5.5.52-6d919]:main():gmm-acc-stats-ali.cc:105) Processed 7600 utterances; for utterance s03f2ssijy02-20150804-Koreanbabble2SNR10-cps03164 avg. like is -41.8973 over 170 frames.
LOG (gmm-acc-stats-ali[5.5.52-6d919]:main():gmm-acc-stats-ali.cc:105) Processed 7650 utterances; for utterance s03f2ssijy02-20150804-Koreanbabble2SNR10-cps03216 avg. like is -40.6047 over 166 frames.
LOG (gmm-acc-stats-ali[5.5.52-6d919]:main():gmm-acc-stats-ali.cc:105) Processed 7700 utterances; for utterance s03f2ssijy02-20150804-Koreanbabble2SNR10-cps03266 avg. like is -43.5762 over 144 frames.
LOG (gmm-acc-stats-ali[5.5.52-6d919]:main():gmm-acc-stats-ali.cc:105) Processed 7750 utterances; for utterance s03f2ssijy02-20150804-Koreanbabble2SNR10-cps03316 avg. like is -41.8097 over 158 frames.
LOG (gmm-acc-stats-ali[5.5.52-6d919]:main():gmm-acc-stats-ali.cc:105) Processed 7800 utterances; for utterance s03f2ssijy02-20150804-Koreanbabble2SNR10-cps03367 avg. like is -42.1105 over 167 frames.
LOG (gmm-acc-stats-ali[5.5.52-6d919]:main():gmm-acc-stats-ali.cc:105) Processed 7850 utterances; for utterance s03f2ssjuj02-20150804-Korean-cps03002 avg. like is -47.6763 over 163 frames.
LOG (gmm-acc-stats-ali[5.5.52-6d919]:main():gmm-acc-stats-ali.cc:105) Processed 7900 utterances; for utterance s03f2ssjuj02-20150804-Korean-cps03052 avg. like is -41.8762 over 180 frames.
LOG (gmm-acc-stats-ali[5.5.52-6d919]:main():gmm-acc-stats-ali.cc:105) Processed 7950 utterances; for utterance s03f2ssjuj02-20150804-Korean-cps03102 avg. like is -42.1528 over 157 frames.
LOG (gmm-acc-stats-ali[5.5.52-6d919]:main():gmm-acc-stats-ali.cc:105) Processed 8000 utterances; for utterance s03f2ssjuj02-20150804-Korean-cps03152 avg. like is -45.6075 over 193 frames.
LOG (gmm-acc-stats-ali[5.5.52-6d919]:main():gmm-acc-stats-ali.cc:105) Processed 8050 utterances; for utterance s03f2ssjuj02-20150804-Korean-cps03203 avg. like is -45.5653 over 112 frames.
LOG (gmm-acc-stats-ali[5.5.52-6d919]:main():gmm-acc-stats-ali.cc:105) Processed 8100 utterances; for utterance s03f2ssjuj02-20150804-Korean-cps03253 avg. like is -40.3767 over 144 frames.
LOG (gmm-acc-stats-ali[5.5.52-6d919]:main():gmm-acc-stats-ali.cc:105) Processed 8150 utterances; for utterance s03f2ssjuj02-20150804-Korean-cps03303 avg. like is -46.7087 over 172 frames.
LOG (gmm-acc-stats-ali[5.5.52-6d919]:main():gmm-acc-stats-ali.cc:105) Processed 8200 utterances; for utterance s03f2ssjuj02-20150804-Korean-cps03354 avg. like is -38.9737 over 162 frames.
LOG (gmm-acc-stats-ali[5.5.52-6d919]:main():gmm-acc-stats-ali.cc:105) Processed 8250 utterances; for utterance s03f2ssjuj02-20150804-Korean-cps03405 avg. like is -45.5501 over 175 frames.
LOG (gmm-acc-stats-ali[5.5.52-6d919]:main():gmm-acc-stats-ali.cc:105) Processed 8300 utterances; for utterance s03f2ssjuj02-20150804-KoreanvolvoSNR10-cps03039 avg. like is -42.1497 over 157 frames.
LOG (gmm-acc-stats-ali[5.5.52-6d919]:main():gmm-acc-stats-ali.cc:105) Processed 8350 utterances; for utterance s03f2ssjuj02-20150804-KoreanvolvoSNR10-cps03089 avg. like is -40.1353 over 150 frames.
LOG (gmm-acc-stats-ali[5.5.52-6d919]:main():gmm-acc-stats-ali.cc:105) Processed 8400 utterances; for utterance s03f2ssjuj02-20150804-KoreanvolvoSNR10-cps03139 avg. like is -42.4436 over 151 frames.
LOG (gmm-acc-stats-ali[5.5.52-6d919]:main():gmm-acc-stats-ali.cc:105) Processed 8450 utterances; for utterance s03f2ssjuj02-20150804-KoreanvolvoSNR10-cps03190 avg. like is -46.429 over 151 frames.
LOG (gmm-acc-stats-ali[5.5.52-6d919]:main():gmm-acc-stats-ali.cc:105) Processed 8500 utterances; for utterance s03f2ssjuj02-20150804-KoreanvolvoSNR10-cps03240 avg. like is -40.4406 over 159 frames.
LOG (gmm-acc-stats-ali[5.5.52-6d919]:main():gmm-acc-stats-ali.cc:105) Processed 8550 utterances; for utterance s03f2ssjuj02-20150804-KoreanvolvoSNR10-cps03290 avg. like is -41.0891 over 171 frames.
LOG (gmm-acc-stats-ali[5.5.52-6d919]:main():gmm-acc-stats-ali.cc:105) Processed 8600 utterances; for utterance s03f2ssjuj02-20150804-KoreanvolvoSNR10-cps03340 avg. like is -40.6653 over 153 frames.
LOG (gmm-acc-stats-ali[5.5.52-6d919]:main():gmm-acc-stats-ali.cc:105) Processed 8650 utterances; for utterance s03f2ssjuj02-20150804-KoreanvolvoSNR10-cps03391 avg. like is -42.6001 over 147 frames.
LOG (gmm-acc-stats-ali[5.5.52-6d919]:main():gmm-acc-stats-ali.cc:105) Processed 8700 utterances; for utterance s03f2sssjh01-20150804-Korean-cps03027 avg. like is -47.2722 over 190 frames.
LOG (gmm-acc-stats-ali[5.5.52-6d919]:main():gmm-acc-stats-ali.cc:105) Processed 8750 utterances; for utterance s03f2sssjh01-20150804-Korean-cps03077 avg. like is -39.8983 over 149 frames.
LOG (gmm-acc-stats-ali[5.5.52-6d919]:main():gmm-acc-stats-ali.cc:105) Processed 8800 utterances; for utterance s03f2sssjh01-20150804-Korean-cps03127 avg. like is -47.6174 over 160 frames.
LOG (gmm-acc-stats-ali[5.5.52-6d919]:main():gmm-acc-stats-ali.cc:105) Processed 8850 utterances; for utterance s03f2sssjh01-20150804-Korean-cps03181 avg. like is -46.3836 over 169 frames.
LOG (gmm-acc-stats-ali[5.5.52-6d919]:main():gmm-acc-stats-ali.cc:105) Processed 8900 utterances; for utterance s03f2sssjh01-20150804-Korean-cps03231 avg. like is -46.1241 over 150 frames.
LOG (gmm-acc-stats-ali[5.5.52-6d919]:main():gmm-acc-stats-ali.cc:105) Processed 8950 utterances; for utterance s03f2sssjh01-20150804-Korean-cps03282 avg. like is -47.7258 over 119 frames.
LOG (gmm-acc-stats-ali[5.5.52-6d919]:main():gmm-acc-stats-ali.cc:105) Processed 9000 utterances; for utterance s03f2sssjh01-20150804-Korean-cps03332 avg. like is -48.2179 over 155 frames.
LOG (gmm-acc-stats-ali[5.5.52-6d919]:main():gmm-acc-stats-ali.cc:105) Processed 9050 utterances; for utterance s03f2sssjh01-20150804-Korean-cps03382 avg. like is -47.1308 over 170 frames.
LOG (gmm-acc-stats-ali[5.5.52-6d919]:main():gmm-acc-stats-ali.cc:105) Processed 9100 utterances; for utterance s03f2sssjh01-20150804-KoreancarSNR10-cps03014 avg. like is -39.9961 over 138 frames.
LOG (gmm-acc-stats-ali[5.5.52-6d919]:main():gmm-acc-stats-ali.cc:105) Processed 9150 utterances; for utterance s03f2sssjh01-20150804-KoreancarSNR10-cps03065 avg. like is -41.4565 over 202 frames.
LOG (gmm-acc-stats-ali[5.5.52-6d919]:main():gmm-acc-stats-ali.cc:105) Processed 9200 utterances; for utterance s03f2sssjh01-20150804-KoreancarSNR10-cps03115 avg. like is -37.6486 over 139 frames.
LOG (gmm-acc-stats-ali[5.5.52-6d919]:main():gmm-acc-stats-ali.cc:105) Processed 9250 utterances; for utterance s03f2sssjh01-20150804-KoreancarSNR10-cps03168 avg. like is -43.8858 over 182 frames.
LOG (gmm-acc-stats-ali[5.5.52-6d919]:main():gmm-acc-stats-ali.cc:105) Processed 9300 utterances; for utterance s03f2sssjh01-20150804-KoreancarSNR10-cps03219 avg. like is -37.3759 over 147 frames.
LOG (gmm-acc-stats-ali[5.5.52-6d919]:main():gmm-acc-stats-ali.cc:105) Processed 9350 utterances; for utterance s03f2sssjh01-20150804-KoreancarSNR10-cps03270 avg. like is -40.524 over 167 frames.
LOG (gmm-acc-stats-ali[5.5.52-6d919]:main():gmm-acc-stats-ali.cc:105) Processed 9400 utterances; for utterance s03f2sssjh01-20150804-KoreancarSNR10-cps03320 avg. like is -42.1296 over 157 frames.
LOG (gmm-acc-stats-ali[5.5.52-6d919]:main():gmm-acc-stats-ali.cc:105) Processed 9450 utterances; for utterance s03f2sssjh01-20150804-KoreancarSNR10-cps03370 avg. like is -40.423 over 143 frames.
LOG (gmm-acc-stats-ali[5.5.52-6d919]:main():gmm-acc-stats-ali.cc:105) Processed 9500 utterances; for utterance s03f3ccbws01-20150804-Korean-cps03002 avg. like is -51.2977 over 155 frames.
LOG (gmm-acc-stats-ali[5.5.52-6d919]:main():gmm-acc-stats-ali.cc:105) Processed 9550 utterances; for utterance s03f3ccbws01-20150804-Korean-cps03053 avg. like is -42.4285 over 154 frames.
LOG (gmm-acc-stats-ali[5.5.52-6d919]:main():gmm-acc-stats-ali.cc:105) Processed 9600 utterances; for utterance s03f3ccbws01-20150804-Korean-cps03103 avg. like is -47.216 over 164 frames.
LOG (gmm-acc-stats-ali[5.5.52-6d919]:main():gmm-acc-stats-ali.cc:105) Processed 9650 utterances; for utterance s03f3ccbws01-20150804-Korean-cps03153 avg. like is -48.6758 over 141 frames.
LOG (gmm-acc-stats-ali[5.5.52-6d919]:main():gmm-acc-stats-ali.cc:105) Processed 9700 utterances; for utterance s03f3ccbws01-20150804-Korean-cps03203 avg. like is -43.1641 over 107 frames.
LOG (gmm-acc-stats-ali[5.5.52-6d919]:main():gmm-acc-stats-ali.cc:105) Processed 9750 utterances; for utterance s03f3ccbws01-20150804-Korean-cps03253 avg. like is -43.7805 over 125 frames.
LOG (gmm-acc-stats-ali[5.5.52-6d919]:main():gmm-acc-stats-ali.cc:105) Processed 9800 utterances; for utterance s03f3ccbws01-20150804-Korean-cps03303 avg. like is -46.2622 over 175 frames.
LOG (gmm-acc-stats-ali[5.5.52-6d919]:main():gmm-acc-stats-ali.cc:105) Processed 9850 utterances; for utterance s03f3ccbws01-20150804-Korean-cps03353 avg. like is -42.5189 over 127 frames.
LOG (gmm-acc-stats-ali[5.5.52-6d919]:main():gmm-acc-stats-ali.cc:105) Processed 9900 utterances; for utterance s03f3ccbws01-20150804-Korean-cps03403 avg. like is -46.3933 over 145 frames.
LOG (gmm-acc-stats-ali[5.5.52-6d919]:main():gmm-acc-stats-ali.cc:105) Processed 9950 utterances; for utterance s03f3ccbws01-20150804-KoreanvolvoSNR10-cps03036 avg. like is -42.9049 over 134 frames.
LOG (gmm-acc-stats-ali[5.5.52-6d919]:main():gmm-acc-stats-ali.cc:105) Processed 10000 utterances; for utterance s03f3ccbws01-20150804-KoreanvolvoSNR10-cps03086 avg. like is -45.1877 over 169 frames.
LOG (gmm-acc-stats-ali[5.5.52-6d919]:main():gmm-acc-stats-ali.cc:105) Processed 10050 utterances; for utterance s03f3ccbws01-20150804-KoreanvolvoSNR10-cps03136 avg. like is -45.5791 over 166 frames.
LOG (gmm-acc-stats-ali[5.5.52-6d919]:main():gmm-acc-stats-ali.cc:105) Processed 10100 utterances; for utterance s03f3ccbws01-20150804-KoreanvolvoSNR10-cps03186 avg. like is -42.894 over 149 frames.
LOG (gmm-acc-stats-ali[5.5.52-6d919]:main():gmm-acc-stats-ali.cc:105) Processed 10150 utterances; for utterance s03f3ccbws01-20150804-KoreanvolvoSNR10-cps03236 avg. like is -47.1054 over 160 frames.
LOG (gmm-acc-stats-ali[5.5.52-6d919]:main():gmm-acc-stats-ali.cc:105) Processed 10200 utterances; for utterance s03f3ccbws01-20150804-KoreanvolvoSNR10-cps03286 avg. like is -41.7834 over 157 frames.
LOG (gmm-acc-stats-ali[5.5.52-6d919]:main():gmm-acc-stats-ali.cc:105) Processed 10250 utterances; for utterance s03f3ccbws01-20150804-KoreanvolvoSNR10-cps03336 avg. like is -40.6942 over 155 frames.
LOG (gmm-acc-stats-ali[5.5.52-6d919]:main():gmm-acc-stats-ali.cc:105) Processed 10300 utterances; for utterance s03f3ccbws01-20150804-KoreanvolvoSNR10-cps03386 avg. like is -43.1991 over 156 frames.
LOG (gmm-acc-stats-ali[5.5.52-6d919]:main():gmm-acc-stats-ali.cc:105) Processed 10350 utterances; for utterance s03f3ccsjm01-20150804-Korean-cps03019 avg. like is -40.5245 over 159 frames.
LOG (gmm-acc-stats-ali[5.5.52-6d919]:main():gmm-acc-stats-ali.cc:105) Processed 10400 utterances; for utterance s03f3ccsjm01-20150804-Korean-cps03069 avg. like is -43.2109 over 191 frames.
LOG (gmm-acc-stats-ali[5.5.52-6d919]:main():gmm-acc-stats-ali.cc:105) Processed 10450 utterances; for utterance s03f3ccsjm01-20150804-Korean-cps03119 avg. like is -43.4741 over 144 frames.
LOG (gmm-acc-stats-ali[5.5.52-6d919]:main():gmm-acc-stats-ali.cc:105) Processed 10500 utterances; for utterance s03f3ccsjm01-20150804-Korean-cps03169 avg. like is -41.5431 over 168 frames.
LOG (gmm-acc-stats-ali[5.5.52-6d919]:main():gmm-acc-stats-ali.cc:105) Processed 10550 utterances; for utterance s03f3ccsjm01-20150804-Korean-cps03219 avg. like is -38.2514 over 163 frames.
LOG (gmm-acc-stats-ali[5.5.52-6d919]:main():gmm-acc-stats-ali.cc:105) Processed 10600 utterances; for utterance s03f3ccsjm01-20150804-Korean-cps03270 avg. like is -40.1241 over 178 frames.
LOG (gmm-acc-stats-ali[5.5.52-6d919]:main():gmm-acc-stats-ali.cc:105) Processed 10650 utterances; for utterance s03f3ccsjm01-20150804-Korean-cps03320 avg. like is -41.9797 over 164 frames.
LOG (gmm-acc-stats-ali[5.5.52-6d919]:main():gmm-acc-stats-ali.cc:105) Processed 10700 utterances; for utterance s03f3ccsjm01-20150804-Korean-cps03370 avg. like is -42.8271 over 161 frames.
LOG (gmm-acc-stats-ali[5.5.52-6d919]:main():gmm-acc-stats-ali.cc:105) Processed 10750 utterances; for utterance s03f3ccsjm01-20150804-Koreanbabble2SNR10-cps03002 avg. like is -44.9607 over 168 frames.
LOG (gmm-acc-stats-ali[5.5.52-6d919]:main():gmm-acc-stats-ali.cc:105) Processed 10800 utterances; for utterance s03f3ccsjm01-20150804-Koreanbabble2SNR10-cps03053 avg. like is -44.8759 over 168 frames.
LOG (gmm-acc-stats-ali[5.5.52-6d919]:main():gmm-acc-stats-ali.cc:105) Processed 10850 utterances; for utterance s03f3ccsjm01-20150804-Koreanbabble2SNR10-cps03103 avg. like is -46.2142 over 160 frames.
LOG (gmm-acc-stats-ali[5.5.52-6d919]:main():gmm-acc-stats-ali.cc:105) Processed 10900 utterances; for utterance s03f3ccsjm01-20150804-Koreanbabble2SNR10-cps03153 avg. like is -44.7601 over 151 frames.
LOG (gmm-acc-stats-ali[5.5.52-6d919]:main():gmm-acc-stats-ali.cc:105) Processed 10950 utterances; for utterance s03f3ccsjm01-20150804-Koreanbabble2SNR10-cps03203 avg. like is -45.2967 over 119 frames.
LOG (gmm-acc-stats-ali[5.5.52-6d919]:main():gmm-acc-stats-ali.cc:105) Processed 11000 utterances; for utterance s03f3ccsjm01-20150804-Koreanbabble2SNR10-cps03254 avg. like is -42.9594 over 161 frames.
LOG (gmm-acc-stats-ali[5.5.52-6d919]:main():gmm-acc-stats-ali.cc:105) Processed 11050 utterances; for utterance s03f3ccsjm01-20150804-Koreanbabble2SNR10-cps03304 avg. like is -44.417 over 145 frames.
LOG (gmm-acc-stats-ali[5.5.52-6d919]:main():gmm-acc-stats-ali.cc:105) Processed 11100 utterances; for utterance s03f3ccsjm01-20150804-Koreanbabble2SNR10-cps03354 avg. like is -41.46 over 151 frames.
LOG (gmm-acc-stats-ali[5.5.52-6d919]:main():gmm-acc-stats-ali.cc:105) Processed 11150 utterances; for utterance s03f3ccsjm01-20150804-Koreanbabble2SNR10-cps03404 avg. like is -48.5545 over 182 frames.
LOG (gmm-acc-stats-ali[5.5.52-6d919]:main():gmm-acc-stats-ali.cc:105) Processed 11200 utterances; for utterance s03f3ccuyj02-20150804-Korean-cps03036 avg. like is -50.1545 over 161 frames.
LOG (gmm-acc-stats-ali[5.5.52-6d919]:main():gmm-acc-stats-ali.cc:105) Processed 11250 utterances; for utterance s03f3ccuyj02-20150804-Korean-cps03087 avg. like is -49.0452 over 171 frames.
LOG (gmm-acc-stats-ali[5.5.52-6d919]:main():gmm-acc-stats-ali.cc:105) Processed 11300 utterances; for utterance s03f3ccuyj02-20150804-Korean-cps03137 avg. like is -49.9001 over 162 frames.
LOG (gmm-acc-stats-ali[5.5.52-6d919]:main():gmm-acc-stats-ali.cc:105) Processed 11350 utterances; for utterance s03f3ccuyj02-20150804-Korean-cps03187 avg. like is -46.2969 over 148 frames.
LOG (gmm-acc-stats-ali[5.5.52-6d919]:main():gmm-acc-stats-ali.cc:105) Processed 11400 utterances; for utterance s03f3ccuyj02-20150804-Korean-cps03237 avg. like is -42.997 over 158 frames.
LOG (gmm-acc-stats-ali[5.5.52-6d919]:main():gmm-acc-stats-ali.cc:105) Processed 11450 utterances; for utterance s03f3ccuyj02-20150804-Korean-cps03288 avg. like is -46.5877 over 132 frames.
LOG (gmm-acc-stats-ali[5.5.52-6d919]:main():gmm-acc-stats-ali.cc:105) Processed 11500 utterances; for utterance s03f3ccuyj02-20150804-Korean-cps03338 avg. like is -50.9855 over 145 frames.
LOG (gmm-acc-stats-ali[5.5.52-6d919]:main():gmm-acc-stats-ali.cc:105) Processed 11550 utterances; for utterance s03f3ccuyj02-20150804-Korean-cps03388 avg. like is -49.3445 over 162 frames.
LOG (gmm-acc-stats-ali[5.5.52-6d919]:main():gmm-acc-stats-ali.cc:105) Processed 11600 utterances; for utterance s03f3ccuyj02-20150804-KoreancarSNR10-cps03021 avg. like is -37.423 over 163 frames.
LOG (gmm-acc-stats-ali[5.5.52-6d919]:main():gmm-acc-stats-ali.cc:105) Processed 11650 utterances; for utterance s03f3ccuyj02-20150804-KoreancarSNR10-cps03072 avg. like is -39.8718 over 159 frames.
LOG (gmm-acc-stats-ali[5.5.52-6d919]:main():gmm-acc-stats-ali.cc:105) Processed 11700 utterances; for utterance s03f3ccuyj02-20150804-KoreancarSNR10-cps03122 avg. like is -36.6498 over 148 frames.
LOG (gmm-acc-stats-ali[5.5.52-6d919]:main():gmm-acc-stats-ali.cc:105) Processed 11750 utterances; for utterance s03f3ccuyj02-20150804-KoreancarSNR10-cps03172 avg. like is -39.6066 over 159 frames.
LOG (gmm-acc-stats-ali[5.5.52-6d919]:main():gmm-acc-stats-ali.cc:105) Processed 11800 utterances; for utterance s03f3ccuyj02-20150804-KoreancarSNR10-cps03222 avg. like is -39.1991 over 163 frames.
LOG (gmm-acc-stats-ali[5.5.52-6d919]:main():gmm-acc-stats-ali.cc:105) Processed 11850 utterances; for utterance s03f3ccuyj02-20150804-KoreancarSNR10-cps03273 avg. like is -35.4572 over 148 frames.
LOG (gmm-acc-stats-ali[5.5.52-6d919]:main():gmm-acc-stats-ali.cc:105) Processed 11900 utterances; for utterance s03f3ccuyj02-20150804-KoreancarSNR10-cps03323 avg. like is -37.7542 over 171 frames.
LOG (gmm-acc-stats-ali[5.5.52-6d919]:main():gmm-acc-stats-ali.cc:105) Processed 11950 utterances; for utterance s03f3ccuyj02-20150804-KoreancarSNR10-cps03373 avg. like is -41.2096 over 201 frames.
LOG (gmm-acc-stats-ali[5.5.52-6d919]:main():gmm-acc-stats-ali.cc:105) Processed 12000 utterances; for utterance s03f3jrgum01-20150804-Korean-cps03006 avg. like is -50.1241 over 155 frames.
LOG (gmm-acc-stats-ali[5.5.52-6d919]:main():gmm-acc-stats-ali.cc:105) Processed 12050 utterances; for utterance s03f3jrgum01-20150804-Korean-cps03056 avg. like is -45.586 over 144 frames.
LOG (gmm-acc-stats-ali[5.5.52-6d919]:main():gmm-acc-stats-ali.cc:105) Processed 12100 utterances; for utterance s03f3jrgum01-20150804-Korean-cps03106 avg. like is -45.7212 over 124 frames.
LOG (gmm-acc-stats-ali[5.5.52-6d919]:main():gmm-acc-stats-ali.cc:105) Processed 12150 utterances; for utterance s03f3jrgum01-20150804-Korean-cps03156 avg. like is -48.8546 over 144 frames.
LOG (gmm-acc-stats-ali[5.5.52-6d919]:main():gmm-acc-stats-ali.cc:105) Processed 12200 utterances; for utterance s03f3jrgum01-20150804-Korean-cps03206 avg. like is -46.7464 over 156 frames.
LOG (gmm-acc-stats-ali[5.5.52-6d919]:main():gmm-acc-stats-ali.cc:105) Processed 12250 utterances; for utterance s03f3jrgum01-20150804-Korean-cps03256 avg. like is -44.0279 over 139 frames.
LOG (gmm-acc-stats-ali[5.5.52-6d919]:main():gmm-acc-stats-ali.cc:105) Processed 12300 utterances; for utterance s03f3jrgum01-20150804-Korean-cps03306 avg. like is -45.5114 over 128 frames.
LOG (gmm-acc-stats-ali[5.5.52-6d919]:main():gmm-acc-stats-ali.cc:105) Processed 12350 utterances; for utterance s03f3jrgum01-20150804-Korean-cps03356 avg. like is -46.2045 over 147 frames.
LOG (gmm-acc-stats-ali[5.5.52-6d919]:main():gmm-acc-stats-ali.cc:105) Processed 12400 utterances; for utterance s03f3jrgum01-20150804-Korean-cps03407 avg. like is -49.4881 over 127 frames.
LOG (gmm-acc-stats-ali[5.5.52-6d919]:main():gmm-acc-stats-ali.cc:105) Processed 12450 utterances; for utterance s03f3jrgum01-20150804-KoreancarSNR10-cps03039 avg. like is -38.762 over 141 frames.
LOG (gmm-acc-stats-ali[5.5.52-6d919]:main():gmm-acc-stats-ali.cc:105) Processed 12500 utterances; for utterance s03f3jrgum01-20150804-KoreancarSNR10-cps03089 avg. like is -39.121 over 127 frames.
LOG (gmm-acc-stats-ali[5.5.52-6d919]:main():gmm-acc-stats-ali.cc:105) Processed 12550 utterances; for utterance s03f3jrgum01-20150804-KoreancarSNR10-cps03139 avg. like is -37.7292 over 131 frames.
LOG (gmm-acc-stats-ali[5.5.52-6d919]:main():gmm-acc-stats-ali.cc:105) Processed 12600 utterances; for utterance s03f3jrgum01-20150804-KoreancarSNR10-cps03189 avg. like is -41.5841 over 152 frames.
LOG (gmm-acc-stats-ali[5.5.52-6d919]:main():gmm-acc-stats-ali.cc:105) Processed 12650 utterances; for utterance s03f3jrgum01-20150804-KoreancarSNR10-cps03239 avg. like is -39.7399 over 146 frames.
LOG (gmm-acc-stats-ali[5.5.52-6d919]:main():gmm-acc-stats-ali.cc:105) Processed 12700 utterances; for utterance s03f3jrgum01-20150804-KoreancarSNR10-cps03289 avg. like is -39.8177 over 149 frames.
LOG (gmm-acc-stats-ali[5.5.52-6d919]:main():gmm-acc-stats-ali.cc:105) Processed 12750 utterances; for utterance s03f3jrgum01-20150804-KoreancarSNR10-cps03339 avg. like is -41.1898 over 121 frames.
LOG (gmm-acc-stats-ali[5.5.52-6d919]:main():gmm-acc-stats-ali.cc:105) Processed 12800 utterances; for utterance s03f3jrgum01-20150804-KoreancarSNR10-cps03389 avg. like is -37.5666 over 105 frames.
LOG (gmm-acc-stats-ali[5.5.52-6d919]:main():gmm-acc-stats-ali.cc:105) Processed 12850 utterances; for utterance s03f3jrgyh04-20150804-Korean-cps03022 avg. like is -47.7541 over 141 frames.
LOG (gmm-acc-stats-ali[5.5.52-6d919]:main():gmm-acc-stats-ali.cc:105) Processed 12900 utterances; for utterance s03f3jrgyh04-20150804-Korean-cps03072 avg. like is -47.3772 over 132 frames.
LOG (gmm-acc-stats-ali[5.5.52-6d919]:main():gmm-acc-stats-ali.cc:105) Processed 12950 utterances; for utterance s03f3jrgyh04-20150804-Korean-cps03122 avg. like is -46.8623 over 138 frames.
LOG (gmm-acc-stats-ali[5.5.52-6d919]:main():gmm-acc-stats-ali.cc:105) Processed 13000 utterances; for utterance s03f3jrgyh04-20150804-Korean-cps03172 avg. like is -47.5498 over 158 frames.
LOG (gmm-acc-stats-ali[5.5.52-6d919]:main():gmm-acc-stats-ali.cc:105) Processed 13050 utterances; for utterance s03f3jrgyh04-20150804-Korean-cps03222 avg. like is -46.6164 over 140 frames.
LOG (gmm-acc-stats-ali[5.5.52-6d919]:main():gmm-acc-stats-ali.cc:105) Processed 13100 utterances; for utterance s03f3jrgyh04-20150804-Korean-cps03272 avg. like is -47.5288 over 147 frames.
LOG (gmm-acc-stats-ali[5.5.52-6d919]:main():gmm-acc-stats-ali.cc:105) Processed 13150 utterances; for utterance s03f3jrgyh04-20150804-Korean-cps03322 avg. like is -44.2588 over 148 frames.
LOG (gmm-acc-stats-ali[5.5.52-6d919]:main():gmm-acc-stats-ali.cc:105) Processed 13200 utterances; for utterance s03f3jrgyh04-20150804-Korean-cps03372 avg. like is -48.0134 over 183 frames.
LOG (gmm-acc-stats-ali[5.5.52-6d919]:main():gmm-acc-stats-ali.cc:105) Processed 13250 utterances; for utterance s03f3jrgyh04-20150804-Koreanleopard2SNR10-cps03004 avg. like is -37.5668 over 102 frames.
LOG (gmm-acc-stats-ali[5.5.52-6d919]:main():gmm-acc-stats-ali.cc:105) Processed 13300 utterances; for utterance s03f3jrgyh04-20150804-Koreanleopard2SNR10-cps03054 avg. like is -43.7963 over 150 frames.
LOG (gmm-acc-stats-ali[5.5.52-6d919]:main():gmm-acc-stats-ali.cc:105) Processed 13350 utterances; for utterance s03f3jrgyh04-20150804-Koreanleopard2SNR10-cps03104 avg. like is -41.3545 over 132 frames.
LOG (gmm-acc-stats-ali[5.5.52-6d919]:main():gmm-acc-stats-ali.cc:105) Processed 13400 utterances; for utterance s03f3jrgyh04-20150804-Koreanleopard2SNR10-cps03154 avg. like is -41.8819 over 149 frames.
LOG (gmm-acc-stats-ali[5.5.52-6d919]:main():gmm-acc-stats-ali.cc:105) Processed 13450 utterances; for utterance s03f3jrgyh04-20150804-Koreanleopard2SNR10-cps03204 avg. like is -43.6803 over 141 frames.
LOG (gmm-acc-stats-ali[5.5.52-6d919]:main():gmm-acc-stats-ali.cc:105) Processed 13500 utterances; for utterance s03f3jrgyh04-20150804-Koreanleopard2SNR10-cps03254 avg. like is -40.6241 over 122 frames.
LOG (gmm-acc-stats-ali[5.5.52-6d919]:main():gmm-acc-stats-ali.cc:105) Processed 13550 utterances; for utterance s03f3jrgyh04-20150804-Koreanleopard2SNR10-cps03304 avg. like is -40.1683 over 129 frames.
LOG (gmm-acc-stats-ali[5.5.52-6d919]:main():gmm-acc-stats-ali.cc:105) Processed 13600 utterances; for utterance s03f3jrgyh04-20150804-Koreanleopard2SNR10-cps03354 avg. like is -39.7354 over 136 frames.
LOG (gmm-acc-stats-ali[5.5.52-6d919]:main():gmm-acc-stats-ali.cc:105) Processed 13650 utterances; for utterance s03f3jrgyh04-20150804-Koreanleopard2SNR10-cps03404 avg. like is -42.5143 over 154 frames.
LOG (apply-cmvn[5.5.52-6d919]:main():apply-cmvn.cc:162) Applied cepstral mean normalization to 13664 utterances, errors on 0
LOG (transform-feats[5.5.52-6d919]:main():transform-feats.cc:158) Overall average [pseudo-]logdet is -92.5347 over 2.21597e+06 frames.
LOG (transform-feats[5.5.52-6d919]:main():transform-feats.cc:161) Applied transform to 13664 utterances; 0 had errors.
LOG (transform-feats[5.5.52-6d919]:main():transform-feats.cc:158) Overall average logdet is 1.28252 over 2.21597e+06 frames.
LOG (transform-feats[5.5.52-6d919]:main():transform-feats.cc:161) Applied transform to 13664 utterances; 0 had errors.
LOG (gmm-acc-stats-ali[5.5.52-6d919]:main():gmm-acc-stats-ali.cc:112) Done 13664 files, 0 with errors.
LOG (gmm-acc-stats-ali[5.5.52-6d919]:main():gmm-acc-stats-ali.cc:115) Overall avg like per frame (Gaussian only) = -43.6605 over 2215968 frames.
LOG (gmm-acc-stats-ali[5.5.52-6d919]:main():gmm-acc-stats-ali.cc:123) Written accs.
# Accounting: time=15 threads=1
# Ended (code 0) at Tue May  7 16:22:34 KST 2019, elapsed time 15 seconds
