# gmm-acc-stats-ali exp/tri3b/34.mdl "ark,s,cs:apply-cmvn  --utt2spk=ark:data/train/split8/1/utt2spk scp:data/train/split8/1/cmvn.scp scp:data/train/split8/1/feats.scp ark:- | splice-feats  ark:- ark:- | transform-feats exp/tri2b_ali/final.mat ark:- ark:- | transform-feats --utt2spk=ark:data/train/split8/1/utt2spk ark:exp/tri3b/trans.1 ark:- ark:- |" "ark,s,cs:gunzip -c exp/tri3b/ali.1.gz|" exp/tri3b/34.1.acc 
# Started at Tue May  7 16:26:22 KST 2019
#
gmm-acc-stats-ali exp/tri3b/34.mdl 'ark,s,cs:apply-cmvn  --utt2spk=ark:data/train/split8/1/utt2spk scp:data/train/split8/1/cmvn.scp scp:data/train/split8/1/feats.scp ark:- | splice-feats  ark:- ark:- | transform-feats exp/tri2b_ali/final.mat ark:- ark:- | transform-feats --utt2spk=ark:data/train/split8/1/utt2spk ark:exp/tri3b/trans.1 ark:- ark:- |' 'ark,s,cs:gunzip -c exp/tri3b/ali.1.gz|' exp/tri3b/34.1.acc 
transform-feats --utt2spk=ark:data/train/split8/1/utt2spk ark:exp/tri3b/trans.1 ark:- ark:- 
splice-feats ark:- ark:- 
transform-feats exp/tri2b_ali/final.mat ark:- ark:- 
apply-cmvn --utt2spk=ark:data/train/split8/1/utt2spk scp:data/train/split8/1/cmvn.scp scp:data/train/split8/1/feats.scp ark:- 
LOG (gmm-acc-stats-ali[5.5.52-6d919]:main():gmm-acc-stats-ali.cc:105) Processed 50 utterances; for utterance s001fcc3pjh02-20150804-Korean-set001050 avg. like is -46.9983 over 858 frames.
LOG (gmm-acc-stats-ali[5.5.52-6d919]:main():gmm-acc-stats-ali.cc:105) Processed 100 utterances; for utterance s001fcc3pjh02-20150804-Korean-set001100 avg. like is -44.4662 over 538 frames.
LOG (gmm-acc-stats-ali[5.5.52-6d919]:main():gmm-acc-stats-ali.cc:105) Processed 150 utterances; for utterance s001fcc3pjh02-20150804-Koreanleopard1SNR10-set001045 avg. like is -41.9983 over 598 frames.
LOG (gmm-acc-stats-ali[5.5.52-6d919]:main():gmm-acc-stats-ali.cc:105) Processed 200 utterances; for utterance s001fcc3pjh02-20150804-Koreanleopard1SNR10-set001095 avg. like is -41.9967 over 988 frames.
LOG (gmm-acc-stats-ali[5.5.52-6d919]:main():gmm-acc-stats-ali.cc:105) Processed 250 utterances; for utterance s001m2syc00-20150804-Korean-set001040 avg. like is -50.5208 over 392 frames.
LOG (gmm-acc-stats-ali[5.5.52-6d919]:main():gmm-acc-stats-ali.cc:105) Processed 300 utterances; for utterance s001m2syc00-20150804-Korean-set001090 avg. like is -49.4987 over 517 frames.
LOG (gmm-acc-stats-ali[5.5.52-6d919]:main():gmm-acc-stats-ali.cc:105) Processed 350 utterances; for utterance s001m2syc00-20150804-Koreanfactory2SNR10-set001035 avg. like is -41.7035 over 554 frames.
LOG (gmm-acc-stats-ali[5.5.52-6d919]:main():gmm-acc-stats-ali.cc:105) Processed 400 utterances; for utterance s001m2syc00-20150804-Koreanfactory2SNR10-set001085 avg. like is -39.8924 over 333 frames.
LOG (gmm-acc-stats-ali[5.5.52-6d919]:main():gmm-acc-stats-ali.cc:105) Processed 450 utterances; for utterance s001mcc2gpl00-20150804-Korean-set001030 avg. like is -49.2452 over 758 frames.
LOG (gmm-acc-stats-ali[5.5.52-6d919]:main():gmm-acc-stats-ali.cc:105) Processed 500 utterances; for utterance s001mcc2gpl00-20150804-Korean-set001080 avg. like is -48.273 over 658 frames.
LOG (gmm-acc-stats-ali[5.5.52-6d919]:main():gmm-acc-stats-ali.cc:105) Processed 550 utterances; for utterance s001mcc2gpl00-20150804-KoreancarSNR10-set001025 avg. like is -42.3757 over 678 frames.
LOG (gmm-acc-stats-ali[5.5.52-6d919]:main():gmm-acc-stats-ali.cc:105) Processed 600 utterances; for utterance s001mcc2gpl00-20150804-KoreancarSNR10-set001075 avg. like is -42.1107 over 758 frames.
LOG (gmm-acc-stats-ali[5.5.52-6d919]:main():gmm-acc-stats-ali.cc:105) Processed 650 utterances; for utterance s002fcc2pho00-20150804-Korean-set002020 avg. like is -46.0261 over 758 frames.
LOG (gmm-acc-stats-ali[5.5.52-6d919]:main():gmm-acc-stats-ali.cc:105) Processed 700 utterances; for utterance s002fcc2pho00-20150804-Korean-set002070 avg. like is -43.5164 over 878 frames.
LOG (gmm-acc-stats-ali[5.5.52-6d919]:main():gmm-acc-stats-ali.cc:105) Processed 750 utterances; for utterance s002fcc2pho00-20150804-KoreanvolvoSNR10-set002015 avg. like is -41.4438 over 698 frames.
LOG (gmm-acc-stats-ali[5.5.52-6d919]:main():gmm-acc-stats-ali.cc:105) Processed 800 utterances; for utterance s002fcc2pho00-20150804-KoreanvolvoSNR10-set002065 avg. like is -41.1977 over 678 frames.
LOG (gmm-acc-stats-ali[5.5.52-6d919]:main():gmm-acc-stats-ali.cc:105) Processed 850 utterances; for utterance s002m2ljk00-20150804-Korean-set002010 avg. like is -49.1578 over 567 frames.
LOG (gmm-acc-stats-ali[5.5.52-6d919]:main():gmm-acc-stats-ali.cc:105) Processed 900 utterances; for utterance s002m2ljk00-20150804-Korean-set002060 avg. like is -46.7866 over 594 frames.
LOG (gmm-acc-stats-ali[5.5.52-6d919]:main():gmm-acc-stats-ali.cc:105) Processed 950 utterances; for utterance s002m2ljk00_r-20150804-Korean-set002005 avg. like is -54.4417 over 821 frames.
LOG (gmm-acc-stats-ali[5.5.52-6d919]:main():gmm-acc-stats-ali.cc:105) Processed 1000 utterances; for utterance s002m2ljk00_r-20150804-Korean-set002055 avg. like is -50.9031 over 407 frames.
LOG (gmm-acc-stats-ali[5.5.52-6d919]:main():gmm-acc-stats-ali.cc:105) Processed 1050 utterances; for utterance s002m2ljk00_r-20150804-Korean-set002105 avg. like is -51.4793 over 454 frames.
LOG (gmm-acc-stats-ali[5.5.52-6d919]:main():gmm-acc-stats-ali.cc:105) Processed 1100 utterances; for utterance s002m2ljk00_r-20150804-KoreanpinkSNR10-set002050 avg. like is -40.5772 over 542 frames.
LOG (gmm-acc-stats-ali[5.5.52-6d919]:main():gmm-acc-stats-ali.cc:105) Processed 1150 utterances; for utterance s002m2ljk00_r-20150804-KoreanpinkSNR10-set002100 avg. like is -41.1257 over 322 frames.
LOG (gmm-acc-stats-ali[5.5.52-6d919]:main():gmm-acc-stats-ali.cc:105) Processed 1200 utterances; for utterance s002mss3wjs00-20150804-Korean-set002045 avg. like is -47.459 over 958 frames.
LOG (gmm-acc-stats-ali[5.5.52-6d919]:main():gmm-acc-stats-ali.cc:105) Processed 1250 utterances; for utterance s002mss3wjs00-20150804-Korean-set002095 avg. like is -45.0403 over 838 frames.
LOG (gmm-acc-stats-ali[5.5.52-6d919]:main():gmm-acc-stats-ali.cc:105) Processed 1300 utterances; for utterance s002mss3wjs00-20150804-KoreancarSNR10-set002040 avg. like is -42.476 over 858 frames.
LOG (gmm-acc-stats-ali[5.5.52-6d919]:main():gmm-acc-stats-ali.cc:105) Processed 1350 utterances; for utterance s002mss3wjs00-20150804-KoreancarSNR10-set002090 avg. like is -40.2394 over 758 frames.
LOG (gmm-acc-stats-ali[5.5.52-6d919]:main():gmm-acc-stats-ali.cc:105) Processed 1400 utterances; for utterance s003fcc2khj02-20150804-Korean-set003035 avg. like is -45.0153 over 618 frames.
LOG (gmm-acc-stats-ali[5.5.52-6d919]:main():gmm-acc-stats-ali.cc:105) Processed 1450 utterances; for utterance s003fcc2khj02-20150804-Korean-set003085 avg. like is -48.7469 over 628 frames.
LOG (gmm-acc-stats-ali[5.5.52-6d919]:main():gmm-acc-stats-ali.cc:105) Processed 1500 utterances; for utterance s003fcc2khj02-20150804-Koreanfactory2SNR10-set003030 avg. like is -40.9844 over 738 frames.
LOG (gmm-acc-stats-ali[5.5.52-6d919]:main():gmm-acc-stats-ali.cc:105) Processed 1550 utterances; for utterance s003fcc2khj02-20150804-Koreanfactory2SNR10-set003080 avg. like is -40.4061 over 628 frames.
LOG (gmm-acc-stats-ali[5.5.52-6d919]:main():gmm-acc-stats-ali.cc:105) Processed 1600 utterances; for utterance s003m2siy00-20150804-Korean-set003025 avg. like is -46.1203 over 442 frames.
LOG (gmm-acc-stats-ali[5.5.52-6d919]:main():gmm-acc-stats-ali.cc:105) Processed 1650 utterances; for utterance s003m2siy00-20150804-Korean-set003075 avg. like is -48.3444 over 521 frames.
LOG (gmm-acc-stats-ali[5.5.52-6d919]:main():gmm-acc-stats-ali.cc:105) Processed 1700 utterances; for utterance s003m2siy00-20150804-Koreancar1SNR10-set003020 avg. like is -42.5669 over 429 frames.
LOG (gmm-acc-stats-ali[5.5.52-6d919]:main():gmm-acc-stats-ali.cc:105) Processed 1750 utterances; for utterance s003m2siy00-20150804-Koreancar1SNR10-set003070 avg. like is -45.0744 over 361 frames.
LOG (gmm-acc-stats-ali[5.5.52-6d919]:main():gmm-acc-stats-ali.cc:105) Processed 1800 utterances; for utterance s003m2siy00_r-20150804-Korean-set003015 avg. like is -46.1071 over 443 frames.
LOG (gmm-acc-stats-ali[5.5.52-6d919]:main():gmm-acc-stats-ali.cc:105) Processed 1850 utterances; for utterance s003m2siy00_r-20150804-Korean-set003065 avg. like is -45.8851 over 407 frames.
LOG (gmm-acc-stats-ali[5.5.52-6d919]:main():gmm-acc-stats-ali.cc:105) Processed 1900 utterances; for utterance s003m2siy00_r-20150804-Koreanleopard2SNR10-set003010 avg. like is -46.3539 over 617 frames.
LOG (gmm-acc-stats-ali[5.5.52-6d919]:main():gmm-acc-stats-ali.cc:105) Processed 1950 utterances; for utterance s003m2siy00_r-20150804-Koreanleopard2SNR10-set003060 avg. like is -44.7172 over 518 frames.
LOG (gmm-acc-stats-ali[5.5.52-6d919]:main():gmm-acc-stats-ali.cc:105) Processed 2000 utterances; for utterance s003mkw2hds00-20150804-Korean-set003005 avg. like is -46.4834 over 1088 frames.
LOG (gmm-acc-stats-ali[5.5.52-6d919]:main():gmm-acc-stats-ali.cc:105) Processed 2050 utterances; for utterance s003mkw2hds00-20150804-Korean-set003055 avg. like is -45.9337 over 758 frames.
LOG (gmm-acc-stats-ali[5.5.52-6d919]:main():gmm-acc-stats-ali.cc:105) Processed 2100 utterances; for utterance s003mkw2hds00-20150804-Korean-set003105 avg. like is -48.0467 over 958 frames.
LOG (gmm-acc-stats-ali[5.5.52-6d919]:main():gmm-acc-stats-ali.cc:105) Processed 2150 utterances; for utterance s003mkw2hds00-20150804-KoreanbabbleSNR10-set003050 avg. like is -48.1742 over 768 frames.
LOG (gmm-acc-stats-ali[5.5.52-6d919]:main():gmm-acc-stats-ali.cc:105) Processed 2200 utterances; for utterance s003mkw2hds00-20150804-KoreanbabbleSNR10-set003100 avg. like is -47.0984 over 748 frames.
LOG (gmm-acc-stats-ali[5.5.52-6d919]:main():gmm-acc-stats-ali.cc:105) Processed 2250 utterances; for utterance s004fks3kmj00-20150804-Korean-set004045 avg. like is -44.9118 over 598 frames.
LOG (gmm-acc-stats-ali[5.5.52-6d919]:main():gmm-acc-stats-ali.cc:105) Processed 2300 utterances; for utterance s004fks3kmj00-20150804-Korean-set004095 avg. like is -46.3357 over 588 frames.
LOG (gmm-acc-stats-ali[5.5.52-6d919]:main():gmm-acc-stats-ali.cc:105) Processed 2350 utterances; for utterance s004fks3kmj00-20150804-Koreanleopard2SNR10-set004040 avg. like is -40.2321 over 518 frames.
LOG (gmm-acc-stats-ali[5.5.52-6d919]:main():gmm-acc-stats-ali.cc:105) Processed 2400 utterances; for utterance s004fks3kmj00-20150804-Koreanleopard2SNR10-set004090 avg. like is -43.3061 over 678 frames.
LOG (gmm-acc-stats-ali[5.5.52-6d919]:main():gmm-acc-stats-ali.cc:105) Processed 2450 utterances; for utterance s004m2mjh00-20150804-Korean-set004035 avg. like is -50.3586 over 252 frames.
LOG (gmm-acc-stats-ali[5.5.52-6d919]:main():gmm-acc-stats-ali.cc:105) Processed 2500 utterances; for utterance s004m2mjh00-20150804-Korean-set004085 avg. like is -52.6246 over 313 frames.
LOG (gmm-acc-stats-ali[5.5.52-6d919]:main():gmm-acc-stats-ali.cc:105) Processed 2550 utterances; for utterance s004m2mjh00-20150804-KoreanpinkSNR10-set004029 avg. like is -39.726 over 331 frames.
LOG (gmm-acc-stats-ali[5.5.52-6d919]:main():gmm-acc-stats-ali.cc:105) Processed 2600 utterances; for utterance s004m2mjh00-20150804-KoreanpinkSNR10-set004079 avg. like is -39.3996 over 309 frames.
LOG (gmm-acc-stats-ali[5.5.52-6d919]:main():gmm-acc-stats-ali.cc:105) Processed 2650 utterances; for utterance s004m2mjh00_r-20150804-Korean-set004023 avg. like is -48.8334 over 319 frames.
LOG (gmm-acc-stats-ali[5.5.52-6d919]:main():gmm-acc-stats-ali.cc:105) Processed 2700 utterances; for utterance s004m2mjh00_r-20150804-Korean-set004073 avg. like is -48.8002 over 287 frames.
LOG (gmm-acc-stats-ali[5.5.52-6d919]:main():gmm-acc-stats-ali.cc:105) Processed 2750 utterances; for utterance s004m2mjh00_r-20150804-Koreanbabble2SNR10-set004017 avg. like is -47.9307 over 291 frames.
LOG (gmm-acc-stats-ali[5.5.52-6d919]:main():gmm-acc-stats-ali.cc:105) Processed 2800 utterances; for utterance s004m2mjh00_r-20150804-Koreanbabble2SNR10-set004067 avg. like is -46.7191 over 453 frames.
LOG (gmm-acc-stats-ali[5.5.52-6d919]:main():gmm-acc-stats-ali.cc:105) Processed 2850 utterances; for utterance s004mcc5cbb00-20150804-Korean-set004011 avg. like is -51.2004 over 908 frames.
LOG (gmm-acc-stats-ali[5.5.52-6d919]:main():gmm-acc-stats-ali.cc:105) Processed 2900 utterances; for utterance s004mcc5cbb00-20150804-Korean-set004061 avg. like is -49.8421 over 638 frames.
LOG (gmm-acc-stats-ali[5.5.52-6d919]:main():gmm-acc-stats-ali.cc:105) Processed 2950 utterances; for utterance s004mcc5cbb00-20150804-Koreanfactory1SNR10-set004006 avg. like is -41.3234 over 1078 frames.
LOG (gmm-acc-stats-ali[5.5.52-6d919]:main():gmm-acc-stats-ali.cc:105) Processed 3000 utterances; for utterance s004mcc5cbb00-20150804-Koreanfactory1SNR10-set004056 avg. like is -40.78 over 768 frames.
LOG (gmm-acc-stats-ali[5.5.52-6d919]:main():gmm-acc-stats-ali.cc:105) Processed 3050 utterances; for utterance s005fcc3ljs00-20150804-Korean-set005001 avg. like is -57.1415 over 586 frames.
LOG (gmm-acc-stats-ali[5.5.52-6d919]:main():gmm-acc-stats-ali.cc:105) Processed 3100 utterances; for utterance s005fcc3ljs00-20150804-Korean-set005051 avg. like is -50.3742 over 778 frames.
LOG (gmm-acc-stats-ali[5.5.52-6d919]:main():gmm-acc-stats-ali.cc:105) Processed 3150 utterances; for utterance s005fcc3ljs00-20150804-Korean-set005101 avg. like is -48.2325 over 438 frames.
LOG (gmm-acc-stats-ali[5.5.52-6d919]:main():gmm-acc-stats-ali.cc:105) Processed 3200 utterances; for utterance s005fcc3ljs00-20150804-KoreanhfchannelSNR10-set005046 avg. like is -39.5142 over 788 frames.
LOG (gmm-acc-stats-ali[5.5.52-6d919]:main():gmm-acc-stats-ali.cc:105) Processed 3250 utterances; for utterance s005fcc3ljs00-20150804-KoreanhfchannelSNR10-set005096 avg. like is -38.5061 over 438 frames.
LOG (gmm-acc-stats-ali[5.5.52-6d919]:main():gmm-acc-stats-ali.cc:105) Processed 3300 utterances; for utterance s005m2jjp00-20150804-Korean-set005041 avg. like is -49.9283 over 366 frames.
LOG (gmm-acc-stats-ali[5.5.52-6d919]:main():gmm-acc-stats-ali.cc:105) Processed 3350 utterances; for utterance s005m2jjp00-20150804-Korean-set005091 avg. like is -50.9658 over 479 frames.
LOG (gmm-acc-stats-ali[5.5.52-6d919]:main():gmm-acc-stats-ali.cc:105) Processed 3400 utterances; for utterance s005m2jjp00-20150804-KoreanvolvoSNR10-set005035 avg. like is -47.1662 over 551 frames.
LOG (gmm-acc-stats-ali[5.5.52-6d919]:main():gmm-acc-stats-ali.cc:105) Processed 3450 utterances; for utterance s005m2jjp00-20150804-KoreanvolvoSNR10-set005085 avg. like is -49.3594 over 205 frames.
LOG (gmm-acc-stats-ali[5.5.52-6d919]:main():gmm-acc-stats-ali.cc:105) Processed 3500 utterances; for utterance s005m2jjp00_r-20150804-Korean-set005029 avg. like is -52.6515 over 693 frames.
LOG (gmm-acc-stats-ali[5.5.52-6d919]:main():gmm-acc-stats-ali.cc:105) Processed 3550 utterances; for utterance s005m2jjp00_r-20150804-Korean-set005079 avg. like is -52.2242 over 287 frames.
LOG (gmm-acc-stats-ali[5.5.52-6d919]:main():gmm-acc-stats-ali.cc:105) Processed 3600 utterances; for utterance s005m2jjp00_r-20150804-Koreanfactory2SNR10-set005023 avg. like is -43.0861 over 304 frames.
LOG (gmm-acc-stats-ali[5.5.52-6d919]:main():gmm-acc-stats-ali.cc:105) Processed 3650 utterances; for utterance s005m2jjp00_r-20150804-Koreanfactory2SNR10-set005073 avg. like is -42.1298 over 333 frames.
LOG (gmm-acc-stats-ali[5.5.52-6d919]:main():gmm-acc-stats-ali.cc:105) Processed 3700 utterances; for utterance s006fss3kds01-20150804-Korean-set006017 avg. like is -47.2319 over 678 frames.
LOG (gmm-acc-stats-ali[5.5.52-6d919]:main():gmm-acc-stats-ali.cc:105) Processed 3750 utterances; for utterance s006fss3kds01-20150804-Korean-set006067 avg. like is -49.525 over 1078 frames.
LOG (gmm-acc-stats-ali[5.5.52-6d919]:main():gmm-acc-stats-ali.cc:105) Processed 3800 utterances; for utterance s006fss3kds01-20150804-Koreanfactory1SNR10-set006012 avg. like is -41.4906 over 1358 frames.
LOG (gmm-acc-stats-ali[5.5.52-6d919]:main():gmm-acc-stats-ali.cc:105) Processed 3850 utterances; for utterance s006fss3kds01-20150804-Koreanfactory1SNR10-set006062 avg. like is -41.0435 over 668 frames.
LOG (gmm-acc-stats-ali[5.5.52-6d919]:main():gmm-acc-stats-ali.cc:105) Processed 3900 utterances; for utterance s006m2ybh00_r-20150804-Korean-set006007 avg. like is -53.1365 over 636 frames.
LOG (gmm-acc-stats-ali[5.5.52-6d919]:main():gmm-acc-stats-ali.cc:105) Processed 3950 utterances; for utterance s006m2ybh00_r-20150804-Korean-set006057 avg. like is -49.8496 over 347 frames.
LOG (gmm-acc-stats-ali[5.5.52-6d919]:main():gmm-acc-stats-ali.cc:105) Processed 4000 utterances; for utterance s006m2ybh00_r-20150804-KoreanwhiteSNR10-set006002 avg. like is -40.6099 over 482 frames.
LOG (gmm-acc-stats-ali[5.5.52-6d919]:main():gmm-acc-stats-ali.cc:105) Processed 4050 utterances; for utterance s006m2ybh00_r-20150804-KoreanwhiteSNR10-set006052 avg. like is -38.2612 over 364 frames.
LOG (gmm-acc-stats-ali[5.5.52-6d919]:main():gmm-acc-stats-ali.cc:105) Processed 4100 utterances; for utterance s006m2ybh00_r-20150804-KoreanwhiteSNR10-set006102 avg. like is -40.6332 over 464 frames.
LOG (gmm-acc-stats-ali[5.5.52-6d919]:main():gmm-acc-stats-ali.cc:105) Processed 4150 utterances; for utterance s006mjr2kmh00-20150804-Korean-set006047 avg. like is -46.2866 over 538 frames.
LOG (gmm-acc-stats-ali[5.5.52-6d919]:main():gmm-acc-stats-ali.cc:105) Processed 4200 utterances; for utterance s006mjr2kmh00-20150804-Korean-set006097 avg. like is -45.4754 over 668 frames.
LOG (gmm-acc-stats-ali[5.5.52-6d919]:main():gmm-acc-stats-ali.cc:105) Processed 4250 utterances; for utterance s006mjr2kmh00-20150804-Koreancar1SNR10-set006042 avg. like is -43.3356 over 768 frames.
LOG (gmm-acc-stats-ali[5.5.52-6d919]:main():gmm-acc-stats-ali.cc:105) Processed 4300 utterances; for utterance s006mjr2kmh00-20150804-Koreancar1SNR10-set006092 avg. like is -42.2904 over 658 frames.
LOG (gmm-acc-stats-ali[5.5.52-6d919]:main():gmm-acc-stats-ali.cc:105) Processed 4350 utterances; for utterance s007fss4yjh04-20150804-Korean-set007037 avg. like is -49.4662 over 838 frames.
LOG (gmm-acc-stats-ali[5.5.52-6d919]:main():gmm-acc-stats-ali.cc:105) Processed 4400 utterances; for utterance s007fss4yjh04-20150804-Korean-set007087 avg. like is -46.1155 over 608 frames.
LOG (gmm-acc-stats-ali[5.5.52-6d919]:main():gmm-acc-stats-ali.cc:105) Processed 4450 utterances; for utterance s007fss4yjh04-20150804-Koreanleopard2SNR10-set007032 avg. like is -42.9561 over 1048 frames.
LOG (gmm-acc-stats-ali[5.5.52-6d919]:main():gmm-acc-stats-ali.cc:105) Processed 4500 utterances; for utterance s007fss4yjh04-20150804-Koreanleopard2SNR10-set007082 avg. like is -42.2495 over 658 frames.
LOG (gmm-acc-stats-ali[5.5.52-6d919]:main():gmm-acc-stats-ali.cc:105) Processed 4550 utterances; for utterance s007m2yyp00-20150804-Korean-set007027 avg. like is -48.799 over 524 frames.
LOG (gmm-acc-stats-ali[5.5.52-6d919]:main():gmm-acc-stats-ali.cc:105) Processed 4600 utterances; for utterance s007m2yyp00-20150804-Korean-set007077 avg. like is -50.6268 over 744 frames.
LOG (gmm-acc-stats-ali[5.5.52-6d919]:main():gmm-acc-stats-ali.cc:105) Processed 4650 utterances; for utterance s007m2yyp00-20150804-Koreanbabble1SNR10-set007022 avg. like is -45.2882 over 344 frames.
LOG (gmm-acc-stats-ali[5.5.52-6d919]:main():gmm-acc-stats-ali.cc:105) Processed 4700 utterances; for utterance s007m2yyp00-20150804-Koreanbabble1SNR10-set007072 avg. like is -45.0316 over 525 frames.
LOG (gmm-acc-stats-ali[5.5.52-6d919]:main():gmm-acc-stats-ali.cc:105) Processed 4750 utterances; for utterance s007m2yyp00_r-20150804-Korean-set007017 avg. like is -48.9187 over 422 frames.
LOG (gmm-acc-stats-ali[5.5.52-6d919]:main():gmm-acc-stats-ali.cc:105) Processed 4800 utterances; for utterance s007m2yyp00_r-20150804-Korean-set007067 avg. like is -51.8573 over 1316 frames.
LOG (gmm-acc-stats-ali[5.5.52-6d919]:main():gmm-acc-stats-ali.cc:105) Processed 4850 utterances; for utterance s007m2yyp00_r-20150804-Koreanfactory2SNR10-set007012 avg. like is -44.2586 over 883 frames.
LOG (gmm-acc-stats-ali[5.5.52-6d919]:main():gmm-acc-stats-ali.cc:105) Processed 4900 utterances; for utterance s007m2yyp00_r-20150804-Koreanfactory2SNR10-set007062 avg. like is -44.3963 over 405 frames.
LOG (gmm-acc-stats-ali[5.5.52-6d919]:main():gmm-acc-stats-ali.cc:105) Processed 4950 utterances; for utterance s007mkw2jmg00-20150804-Korean-set007007 avg. like is -47.1632 over 1068 frames.
LOG (gmm-acc-stats-ali[5.5.52-6d919]:main():gmm-acc-stats-ali.cc:105) Processed 5000 utterances; for utterance s007mkw2jmg00-20150804-Korean-set007057 avg. like is -46.1627 over 868 frames.
LOG (gmm-acc-stats-ali[5.5.52-6d919]:main():gmm-acc-stats-ali.cc:105) Processed 5050 utterances; for utterance s007mkw2jmg00-20150804-KoreanleopardSNR10-set007002 avg. like is -41.8858 over 878 frames.
LOG (gmm-acc-stats-ali[5.5.52-6d919]:main():gmm-acc-stats-ali.cc:105) Processed 5100 utterances; for utterance s007mkw2jmg00-20150804-KoreanleopardSNR10-set007052 avg. like is -42.6277 over 758 frames.
LOG (gmm-acc-stats-ali[5.5.52-6d919]:main():gmm-acc-stats-ali.cc:105) Processed 5150 utterances; for utterance s007mkw2jmg00-20150804-KoreanleopardSNR10-set007102 avg. like is -43.2729 over 1168 frames.
LOG (gmm-acc-stats-ali[5.5.52-6d919]:main():gmm-acc-stats-ali.cc:105) Processed 5200 utterances; for utterance s008fcc3jmo00-20150804-Korean-set008047 avg. like is -44.8353 over 568 frames.
LOG (gmm-acc-stats-ali[5.5.52-6d919]:main():gmm-acc-stats-ali.cc:105) Processed 5250 utterances; for utterance s008fcc3jmo00-20150804-Korean-set008097 avg. like is -50.6873 over 568 frames.
LOG (gmm-acc-stats-ali[5.5.52-6d919]:main():gmm-acc-stats-ali.cc:105) Processed 5300 utterances; for utterance s008fcc3jmo00-20150804-KoreanwhiteSNR10-set008042 avg. like is -36.7125 over 578 frames.
LOG (gmm-acc-stats-ali[5.5.52-6d919]:main():gmm-acc-stats-ali.cc:105) Processed 5350 utterances; for utterance s008fcc3jmo00-20150804-KoreanwhiteSNR10-set008092 avg. like is -37.7251 over 678 frames.
LOG (gmm-acc-stats-ali[5.5.52-6d919]:main():gmm-acc-stats-ali.cc:105) Processed 5400 utterances; for utterance s008m2lhs00-20150804-Korean-set008037 avg. like is -48.079 over 314 frames.
LOG (gmm-acc-stats-ali[5.5.52-6d919]:main():gmm-acc-stats-ali.cc:105) Processed 5450 utterances; for utterance s008m2lhs00-20150804-Korean-set008087 avg. like is -51.381 over 296 frames.
LOG (gmm-acc-stats-ali[5.5.52-6d919]:main():gmm-acc-stats-ali.cc:105) Processed 5500 utterances; for utterance s008m2lhs00-20150804-KoreanleopardSNR10-set008032 avg. like is -45.4256 over 386 frames.
LOG (gmm-acc-stats-ali[5.5.52-6d919]:main():gmm-acc-stats-ali.cc:105) Processed 5550 utterances; for utterance s008m2lhs00-20150804-KoreanleopardSNR10-set008082 avg. like is -46.8112 over 305 frames.
LOG (gmm-acc-stats-ali[5.5.52-6d919]:main():gmm-acc-stats-ali.cc:105) Processed 5600 utterances; for utterance s008m2lhs00_r-20150804-Korean-set008027 avg. like is -48.5445 over 375 frames.
LOG (gmm-acc-stats-ali[5.5.52-6d919]:main():gmm-acc-stats-ali.cc:105) Processed 5650 utterances; for utterance s008m2lhs00_r-20150804-Korean-set008077 avg. like is -49.4036 over 408 frames.
LOG (gmm-acc-stats-ali[5.5.52-6d919]:main():gmm-acc-stats-ali.cc:105) Processed 5700 utterances; for utterance s008m2lhs00_r-20150804-Koreanleopard2SNR10-set008022 avg. like is -47.7945 over 251 frames.
LOG (gmm-acc-stats-ali[5.5.52-6d919]:main():gmm-acc-stats-ali.cc:105) Processed 5750 utterances; for utterance s008m2lhs00_r-20150804-Koreanleopard2SNR10-set008072 avg. like is -48.1407 over 772 frames.
LOG (gmm-acc-stats-ali[5.5.52-6d919]:main():gmm-acc-stats-ali.cc:105) Processed 5800 utterances; for utterance s008mks4kbj00-20150804-Korean-set008017 avg. like is -45.5976 over 668 frames.
LOG (gmm-acc-stats-ali[5.5.52-6d919]:main():gmm-acc-stats-ali.cc:105) Processed 5850 utterances; for utterance s008mks4kbj00-20150804-Korean-set008067 avg. like is -44.8831 over 858 frames.
LOG (gmm-acc-stats-ali[5.5.52-6d919]:main():gmm-acc-stats-ali.cc:105) Processed 5900 utterances; for utterance s008mks4kbj00-20150804-KoreanbabbleSNR10-set008012 avg. like is -47.8592 over 1268 frames.
LOG (gmm-acc-stats-ali[5.5.52-6d919]:main():gmm-acc-stats-ali.cc:105) Processed 5950 utterances; for utterance s008mks4kbj00-20150804-KoreanbabbleSNR10-set008062 avg. like is -46.3346 over 818 frames.
LOG (gmm-acc-stats-ali[5.5.52-6d919]:main():gmm-acc-stats-ali.cc:105) Processed 6000 utterances; for utterance s009fkw4sys00-20150804-Korean-set009007 avg. like is -50.5938 over 998 frames.
LOG (gmm-acc-stats-ali[5.5.52-6d919]:main():gmm-acc-stats-ali.cc:105) Processed 6050 utterances; for utterance s009fkw4sys00-20150804-Korean-set009057 avg. like is -45.5362 over 548 frames.
LOG (gmm-acc-stats-ali[5.5.52-6d919]:main():gmm-acc-stats-ali.cc:105) Processed 6100 utterances; for utterance s009fkw4sys00-20150804-KoreanhfchannelSNR10-set009002 avg. like is -39.7633 over 738 frames.
LOG (gmm-acc-stats-ali[5.5.52-6d919]:main():gmm-acc-stats-ali.cc:105) Processed 6150 utterances; for utterance s009fkw4sys00-20150804-KoreanhfchannelSNR10-set009052 avg. like is -38.741 over 618 frames.
LOG (gmm-acc-stats-ali[5.5.52-6d919]:main():gmm-acc-stats-ali.cc:105) Processed 6200 utterances; for utterance s009fkw4sys00-20150804-KoreanhfchannelSNR10-set009102 avg. like is -39.9553 over 638 frames.
LOG (gmm-acc-stats-ali[5.5.52-6d919]:main():gmm-acc-stats-ali.cc:105) Processed 6250 utterances; for utterance s009m2ybs00-20150804-Korean-set009047 avg. like is -51.0775 over 279 frames.
LOG (gmm-acc-stats-ali[5.5.52-6d919]:main():gmm-acc-stats-ali.cc:105) Processed 6300 utterances; for utterance s009m2ybs00-20150804-Korean-set009097 avg. like is -50.8834 over 320 frames.
LOG (gmm-acc-stats-ali[5.5.52-6d919]:main():gmm-acc-stats-ali.cc:105) Processed 6350 utterances; for utterance s009m2ybs00-20150804-KoreandestroyeropsSNR10-set009041 avg. like is -43.538 over 385 frames.
LOG (gmm-acc-stats-ali[5.5.52-6d919]:main():gmm-acc-stats-ali.cc:105) Processed 6400 utterances; for utterance s009m2ybs00-20150804-KoreandestroyeropsSNR10-set009091 avg. like is -44.3524 over 594 frames.
LOG (gmm-acc-stats-ali[5.5.52-6d919]:main():gmm-acc-stats-ali.cc:105) Processed 6450 utterances; for utterance s009mss2hsk00-20150804-Korean-set009035 avg. like is -42.9671 over 878 frames.
LOG (gmm-acc-stats-ali[5.5.52-6d919]:main():gmm-acc-stats-ali.cc:105) Processed 6500 utterances; for utterance s009mss2hsk00-20150804-Korean-set009085 avg. like is -44.3417 over 758 frames.
LOG (gmm-acc-stats-ali[5.5.52-6d919]:main():gmm-acc-stats-ali.cc:105) Processed 6550 utterances; for utterance s009mss2hsk00-20150804-Koreancar1SNR10-set009030 avg. like is -43.7362 over 658 frames.
LOG (gmm-acc-stats-ali[5.5.52-6d919]:main():gmm-acc-stats-ali.cc:105) Processed 6600 utterances; for utterance s009mss2hsk00-20150804-Koreancar1SNR10-set009080 avg. like is -42.0168 over 848 frames.
LOG (gmm-acc-stats-ali[5.5.52-6d919]:main():gmm-acc-stats-ali.cc:105) Processed 6650 utterances; for utterance s010m2kjy00-20150804-Korean-set010025 avg. like is -46.7179 over 265 frames.
LOG (gmm-acc-stats-ali[5.5.52-6d919]:main():gmm-acc-stats-ali.cc:105) Processed 6700 utterances; for utterance s010m2kjy00-20150804-Korean-set010075 avg. like is -47.8886 over 533 frames.
LOG (gmm-acc-stats-ali[5.5.52-6d919]:main():gmm-acc-stats-ali.cc:105) Processed 6750 utterances; for utterance s010m2kjy00-20150804-KoreancarSNR10-set010019 avg. like is -42.129 over 303 frames.
LOG (gmm-acc-stats-ali[5.5.52-6d919]:main():gmm-acc-stats-ali.cc:105) Processed 6800 utterances; for utterance s010m2kjy00-20150804-KoreancarSNR10-set010069 avg. like is -43.9537 over 363 frames.
LOG (gmm-acc-stats-ali[5.5.52-6d919]:main():gmm-acc-stats-ali.cc:105) Processed 6850 utterances; for utterance s010m2kjy00_r-20150804-Korean-set010013 avg. like is -49.2043 over 621 frames.
LOG (gmm-acc-stats-ali[5.5.52-6d919]:main():gmm-acc-stats-ali.cc:105) Processed 6900 utterances; for utterance s010m2kjy00_r-20150804-Korean-set010063 avg. like is -49.0184 over 453 frames.
LOG (gmm-acc-stats-ali[5.5.52-6d919]:main():gmm-acc-stats-ali.cc:105) Processed 6950 utterances; for utterance s010m2kjy00_r-20150804-KoreanbabbleSNR10-set010007 avg. like is -47.209 over 714 frames.
LOG (gmm-acc-stats-ali[5.5.52-6d919]:main():gmm-acc-stats-ali.cc:105) Processed 7000 utterances; for utterance s010m2kjy00_r-20150804-KoreanbabbleSNR10-set010057 avg. like is -48.0242 over 309 frames.
LOG (gmm-acc-stats-ali[5.5.52-6d919]:main():gmm-acc-stats-ali.cc:105) Processed 7050 utterances; for utterance s010mks5ssy00-20150804-Korean-set010001 avg. like is -46.8801 over 1168 frames.
LOG (gmm-acc-stats-ali[5.5.52-6d919]:main():gmm-acc-stats-ali.cc:105) Processed 7100 utterances; for utterance s010mks5ssy00-20150804-Korean-set010051 avg. like is -45.1911 over 578 frames.
LOG (gmm-acc-stats-ali[5.5.52-6d919]:main():gmm-acc-stats-ali.cc:105) Processed 7150 utterances; for utterance s010mks5ssy00-20150804-Korean-set010101 avg. like is -44.9741 over 778 frames.
LOG (gmm-acc-stats-ali[5.5.52-6d919]:main():gmm-acc-stats-ali.cc:105) Processed 7200 utterances; for utterance s010mks5ssy00-20150804-KoreancarSNR10-set010046 avg. like is -39.8204 over 688 frames.
LOG (gmm-acc-stats-ali[5.5.52-6d919]:main():gmm-acc-stats-ali.cc:105) Processed 7250 utterances; for utterance s010mks5ssy00-20150804-KoreancarSNR10-set010096 avg. like is -39.6702 over 568 frames.
LOG (gmm-acc-stats-ali[5.5.52-6d919]:main():gmm-acc-stats-ali.cc:105) Processed 7300 utterances; for utterance s011fss2khj03-20150804-Korean-set011041 avg. like is -48.433 over 938 frames.
LOG (gmm-acc-stats-ali[5.5.52-6d919]:main():gmm-acc-stats-ali.cc:105) Processed 7350 utterances; for utterance s011fss2khj03-20150804-Korean-set011091 avg. like is -47.8264 over 718 frames.
LOG (gmm-acc-stats-ali[5.5.52-6d919]:main():gmm-acc-stats-ali.cc:105) Processed 7400 utterances; for utterance s011fss2khj03-20150804-KoreanleopardSNR10-set011036 avg. like is -44.4897 over 808 frames.
LOG (gmm-acc-stats-ali[5.5.52-6d919]:main():gmm-acc-stats-ali.cc:105) Processed 7450 utterances; for utterance s011fss2khj03-20150804-KoreanleopardSNR10-set011086 avg. like is -41.3401 over 578 frames.
LOG (gmm-acc-stats-ali[5.5.52-6d919]:main():gmm-acc-stats-ali.cc:105) Processed 7500 utterances; for utterance s011m2cjy00-20150804-Korean-set011031 avg. like is -50.882 over 502 frames.
LOG (gmm-acc-stats-ali[5.5.52-6d919]:main():gmm-acc-stats-ali.cc:105) Processed 7550 utterances; for utterance s011m2cjy00-20150804-Korean-set011081 avg. like is -53.4261 over 489 frames.
LOG (gmm-acc-stats-ali[5.5.52-6d919]:main():gmm-acc-stats-ali.cc:105) Processed 7600 utterances; for utterance s011m2cjy00-20150804-Koreanbabble2SNR10-set011026 avg. like is -47.3726 over 512 frames.
LOG (gmm-acc-stats-ali[5.5.52-6d919]:main():gmm-acc-stats-ali.cc:105) Processed 7650 utterances; for utterance s011m2cjy00-20150804-Koreanbabble2SNR10-set011076 avg. like is -45.1733 over 310 frames.
LOG (gmm-acc-stats-ali[5.5.52-6d919]:main():gmm-acc-stats-ali.cc:105) Processed 7700 utterances; for utterance s011m2cjy00_r-20150804-Korean-set011021 avg. like is -51.9503 over 472 frames.
LOG (gmm-acc-stats-ali[5.5.52-6d919]:main():gmm-acc-stats-ali.cc:105) Processed 7750 utterances; for utterance s011m2cjy00_r-20150804-Korean-set011071 avg. like is -49.6087 over 324 frames.
LOG (gmm-acc-stats-ali[5.5.52-6d919]:main():gmm-acc-stats-ali.cc:105) Processed 7800 utterances; for utterance s011m2cjy00_r-20150804-KoreanwhiteSNR10-set011016 avg. like is -39.7843 over 466 frames.
LOG (gmm-acc-stats-ali[5.5.52-6d919]:main():gmm-acc-stats-ali.cc:105) Processed 7850 utterances; for utterance s011m2cjy00_r-20150804-KoreanwhiteSNR10-set011066 avg. like is -41.2343 over 381 frames.
LOG (gmm-acc-stats-ali[5.5.52-6d919]:main():gmm-acc-stats-ali.cc:105) Processed 7900 utterances; for utterance s011mjr5pjs00-20150804-Korean-set011011 avg. like is -50.7414 over 1158 frames.
LOG (gmm-acc-stats-ali[5.5.52-6d919]:main():gmm-acc-stats-ali.cc:105) Processed 7950 utterances; for utterance s011mjr5pjs00-20150804-Korean-set011061 avg. like is -49.7983 over 958 frames.
LOG (gmm-acc-stats-ali[5.5.52-6d919]:main():gmm-acc-stats-ali.cc:105) Processed 8000 utterances; for utterance s011mjr5pjs00-20150804-KoreanwhiteSNR10-set011006 avg. like is -38.7952 over 1668 frames.
LOG (gmm-acc-stats-ali[5.5.52-6d919]:main():gmm-acc-stats-ali.cc:105) Processed 8050 utterances; for utterance s011mjr5pjs00-20150804-KoreanwhiteSNR10-set011056 avg. like is -35.8492 over 738 frames.
LOG (gmm-acc-stats-ali[5.5.52-6d919]:main():gmm-acc-stats-ali.cc:105) Processed 8100 utterances; for utterance s012fjr1lhj00-20150804-Korean-set012001 avg. like is -49.6856 over 488 frames.
LOG (gmm-acc-stats-ali[5.5.52-6d919]:main():gmm-acc-stats-ali.cc:105) Processed 8150 utterances; for utterance s012fjr1lhj00-20150804-Korean-set012051 avg. like is -48.341 over 748 frames.
LOG (gmm-acc-stats-ali[5.5.52-6d919]:main():gmm-acc-stats-ali.cc:105) Processed 8200 utterances; for utterance s012fjr1lhj00-20150804-Korean-set012101 avg. like is -47.6966 over 658 frames.
LOG (gmm-acc-stats-ali[5.5.52-6d919]:main():gmm-acc-stats-ali.cc:105) Processed 8250 utterances; for utterance s012fjr1lhj00-20150804-KoreandestroyeropsSNR10-set012046 avg. like is -43.3429 over 858 frames.
LOG (gmm-acc-stats-ali[5.5.52-6d919]:main():gmm-acc-stats-ali.cc:105) Processed 8300 utterances; for utterance s012fjr1lhj00-20150804-KoreandestroyeropsSNR10-set012096 avg. like is -42.6903 over 878 frames.
LOG (gmm-acc-stats-ali[5.5.52-6d919]:main():gmm-acc-stats-ali.cc:105) Processed 8350 utterances; for utterance s012m2knk00-20150804-Korean-set012041 avg. like is -48.857 over 558 frames.
LOG (gmm-acc-stats-ali[5.5.52-6d919]:main():gmm-acc-stats-ali.cc:105) Processed 8400 utterances; for utterance s012m2knk00-20150804-Korean-set012091 avg. like is -49.4789 over 664 frames.
LOG (gmm-acc-stats-ali[5.5.52-6d919]:main():gmm-acc-stats-ali.cc:105) Processed 8450 utterances; for utterance s012m2knk00-20150804-Koreanleopard2SNR10-set012036 avg. like is -43.8319 over 518 frames.
LOG (gmm-acc-stats-ali[5.5.52-6d919]:main():gmm-acc-stats-ali.cc:105) Processed 8500 utterances; for utterance s012m2knk00-20150804-Koreanleopard2SNR10-set012086 avg. like is -46.838 over 722 frames.
LOG (gmm-acc-stats-ali[5.5.52-6d919]:main():gmm-acc-stats-ali.cc:105) Processed 8550 utterances; for utterance s012mkw3pjh00-20150804-Korean-set012031 avg. like is -45.9948 over 1068 frames.
LOG (gmm-acc-stats-ali[5.5.52-6d919]:main():gmm-acc-stats-ali.cc:105) Processed 8600 utterances; for utterance s012mkw3pjh00-20150804-Korean-set012081 avg. like is -47.9464 over 1158 frames.
LOG (gmm-acc-stats-ali[5.5.52-6d919]:main():gmm-acc-stats-ali.cc:105) Processed 8650 utterances; for utterance s012mkw3pjh00-20150804-KoreanbabbleSNR10-set012026 avg. like is -48.596 over 1068 frames.
LOG (gmm-acc-stats-ali[5.5.52-6d919]:main():gmm-acc-stats-ali.cc:105) Processed 8700 utterances; for utterance s012mkw3pjh00-20150804-KoreanbabbleSNR10-set012076 avg. like is -48.5979 over 1068 frames.
LOG (gmm-acc-stats-ali[5.5.52-6d919]:main():gmm-acc-stats-ali.cc:105) Processed 8750 utterances; for utterance s013fss3lhk01-20150804-Korean-set013021 avg. like is -47.1878 over 598 frames.
LOG (gmm-acc-stats-ali[5.5.52-6d919]:main():gmm-acc-stats-ali.cc:105) Processed 8800 utterances; for utterance s013fss3lhk01-20150804-Korean-set013071 avg. like is -47.0377 over 558 frames.
LOG (gmm-acc-stats-ali[5.5.52-6d919]:main():gmm-acc-stats-ali.cc:105) Processed 8850 utterances; for utterance s013fss3lhk01-20150804-Koreanbabble1SNR10-set013016 avg. like is -46.9486 over 618 frames.
LOG (gmm-acc-stats-ali[5.5.52-6d919]:main():gmm-acc-stats-ali.cc:105) Processed 8900 utterances; for utterance s013fss3lhk01-20150804-Koreanbabble1SNR10-set013066 avg. like is -48.3487 over 628 frames.
LOG (gmm-acc-stats-ali[5.5.52-6d919]:main():gmm-acc-stats-ali.cc:105) Processed 8950 utterances; for utterance s013m2ljh00-20150804-Korean-set013011 avg. like is -50.022 over 575 frames.
LOG (gmm-acc-stats-ali[5.5.52-6d919]:main():gmm-acc-stats-ali.cc:105) Processed 9000 utterances; for utterance s013m2ljh00-20150804-Korean-set013061 avg. like is -51.9503 over 457 frames.
WARNING (gmm-acc-stats-ali[5.5.52-6d919]:main():gmm-acc-stats-ali.cc:79) No alignment for utterance s013m2ljh00-20150804-Korean-set013077
LOG (gmm-acc-stats-ali[5.5.52-6d919]:main():gmm-acc-stats-ali.cc:105) Processed 9050 utterances; for utterance s013m2ljh00-20150804-KoreancarSNR10-set013007 avg. like is -43.8576 over 1060 frames.
LOG (gmm-acc-stats-ali[5.5.52-6d919]:main():gmm-acc-stats-ali.cc:105) Processed 9100 utterances; for utterance s013m2ljh00-20150804-KoreancarSNR10-set013057 avg. like is -46.2619 over 313 frames.
LOG (gmm-acc-stats-ali[5.5.52-6d919]:main():gmm-acc-stats-ali.cc:105) Processed 9150 utterances; for utterance s013m2ljh00_r-20150804-Korean-set013002 avg. like is -54.558 over 565 frames.
LOG (gmm-acc-stats-ali[5.5.52-6d919]:main():gmm-acc-stats-ali.cc:105) Processed 9200 utterances; for utterance s013m2ljh00_r-20150804-Korean-set013052 avg. like is -47.7852 over 313 frames.
WARNING (gmm-acc-stats-ali[5.5.52-6d919]:main():gmm-acc-stats-ali.cc:79) No alignment for utterance s013m2ljh00_r-20150804-Korean-set013077
LOG (gmm-acc-stats-ali[5.5.52-6d919]:main():gmm-acc-stats-ali.cc:105) Processed 9250 utterances; for utterance s013m2ljh00_r-20150804-Korean-set013103 avg. like is -48.4648 over 459 frames.
LOG (gmm-acc-stats-ali[5.5.52-6d919]:main():gmm-acc-stats-ali.cc:105) Processed 9300 utterances; for utterance s013m2ljh00_r-20150804-KoreandestroyeropsSNR10-set013048 avg. like is -45.0747 over 467 frames.
LOG (gmm-acc-stats-ali[5.5.52-6d919]:main():gmm-acc-stats-ali.cc:105) Processed 9350 utterances; for utterance s013m2ljh00_r-20150804-KoreandestroyeropsSNR10-set013098 avg. like is -44.2505 over 341 frames.
LOG (gmm-acc-stats-ali[5.5.52-6d919]:main():gmm-acc-stats-ali.cc:105) Processed 9400 utterances; for utterance s013mjr4lys00-20150804-Korean-set013043 avg. like is -46.5595 over 638 frames.
LOG (gmm-acc-stats-ali[5.5.52-6d919]:main():gmm-acc-stats-ali.cc:105) Processed 9450 utterances; for utterance s013mjr4lys00-20150804-Korean-set013093 avg. like is -49.1653 over 1308 frames.
LOG (gmm-acc-stats-ali[5.5.52-6d919]:main():gmm-acc-stats-ali.cc:105) Processed 9500 utterances; for utterance s013mjr4lys00-20150804-KoreancarSNR10-set013038 avg. like is -40.8124 over 1178 frames.
LOG (gmm-acc-stats-ali[5.5.52-6d919]:main():gmm-acc-stats-ali.cc:105) Processed 9550 utterances; for utterance s013mjr4lys00-20150804-KoreancarSNR10-set013088 avg. like is -39.3884 over 878 frames.
LOG (gmm-acc-stats-ali[5.5.52-6d919]:main():gmm-acc-stats-ali.cc:105) Processed 9600 utterances; for utterance s014fss3kmj01-20150804-Korean-set014033 avg. like is -44.5785 over 678 frames.
LOG (gmm-acc-stats-ali[5.5.52-6d919]:main():gmm-acc-stats-ali.cc:105) Processed 9650 utterances; for utterance s014fss3kmj01-20150804-Korean-set014083 avg. like is -43.8542 over 758 frames.
LOG (gmm-acc-stats-ali[5.5.52-6d919]:main():gmm-acc-stats-ali.cc:105) Processed 9700 utterances; for utterance s014fss3kmj01-20150804-KoreancarSNR10-set014028 avg. like is -40.2748 over 758 frames.
LOG (gmm-acc-stats-ali[5.5.52-6d919]:main():gmm-acc-stats-ali.cc:105) Processed 9750 utterances; for utterance s014fss3kmj01-20150804-KoreancarSNR10-set014078 avg. like is -38.782 over 568 frames.
LOG (gmm-acc-stats-ali[5.5.52-6d919]:main():gmm-acc-stats-ali.cc:105) Processed 9800 utterances; for utterance s014m2jsw00-20150804-Korean-set014023 avg. like is -50.5217 over 323 frames.
LOG (gmm-acc-stats-ali[5.5.52-6d919]:main():gmm-acc-stats-ali.cc:105) Processed 9850 utterances; for utterance s014m2jsw00-20150804-Korean-set014073 avg. like is -47.134 over 372 frames.
LOG (gmm-acc-stats-ali[5.5.52-6d919]:main():gmm-acc-stats-ali.cc:105) Processed 9900 utterances; for utterance s014m2jsw00-20150804-Koreancar1SNR10-set014017 avg. like is -41.7037 over 293 frames.
LOG (gmm-acc-stats-ali[5.5.52-6d919]:main():gmm-acc-stats-ali.cc:105) Processed 9950 utterances; for utterance s014m2jsw00-20150804-Koreancar1SNR10-set014067 avg. like is -44.1229 over 319 frames.
LOG (gmm-acc-stats-ali[5.5.52-6d919]:main():gmm-acc-stats-ali.cc:105) Processed 10000 utterances; for utterance s014m2jsw00_r-20150804-Korean-set014011 avg. like is -49.0469 over 595 frames.
LOG (gmm-acc-stats-ali[5.5.52-6d919]:main():gmm-acc-stats-ali.cc:105) Processed 10050 utterances; for utterance s014m2jsw00_r-20150804-Korean-set014061 avg. like is -48.7046 over 625 frames.
LOG (gmm-acc-stats-ali[5.5.52-6d919]:main():gmm-acc-stats-ali.cc:105) Processed 10100 utterances; for utterance s014m2jsw00_r-20150804-KoreanvolvoSNR10-set014005 avg. like is -47.8573 over 899 frames.
LOG (gmm-acc-stats-ali[5.5.52-6d919]:main():gmm-acc-stats-ali.cc:105) Processed 10150 utterances; for utterance s014m2jsw00_r-20150804-KoreanvolvoSNR10-set014055 avg. like is -47.1824 over 275 frames.
LOG (gmm-acc-stats-ali[5.5.52-6d919]:main():gmm-acc-stats-ali.cc:105) Processed 10200 utterances; for utterance s014m2jsw00_r-20150804-KoreanvolvoSNR10-set014105 avg. like is -46.0608 over 302 frames.
LOG (gmm-acc-stats-ali[5.5.52-6d919]:main():gmm-acc-stats-ali.cc:105) Processed 10250 utterances; for utterance s014mcc1yks00-20150804-Korean-set014049 avg. like is -46.7011 over 558 frames.
LOG (gmm-acc-stats-ali[5.5.52-6d919]:main():gmm-acc-stats-ali.cc:105) Processed 10300 utterances; for utterance s014mcc1yks00-20150804-Korean-set014099 avg. like is -47.6693 over 548 frames.
LOG (gmm-acc-stats-ali[5.5.52-6d919]:main():gmm-acc-stats-ali.cc:105) Processed 10350 utterances; for utterance s014mcc1yks00-20150804-KoreanleopardSNR10-set014044 avg. like is -43.1179 over 658 frames.
LOG (gmm-acc-stats-ali[5.5.52-6d919]:main():gmm-acc-stats-ali.cc:105) Processed 10400 utterances; for utterance s014mcc1yks00-20150804-KoreanleopardSNR10-set014094 avg. like is -42.4726 over 658 frames.
LOG (gmm-acc-stats-ali[5.5.52-6d919]:main():gmm-acc-stats-ali.cc:105) Processed 10450 utterances; for utterance s015fjr3khy00-20150804-Korean-set015039 avg. like is -50.9338 over 768 frames.
LOG (gmm-acc-stats-ali[5.5.52-6d919]:main():gmm-acc-stats-ali.cc:105) Processed 10500 utterances; for utterance s015fjr3khy00-20150804-Korean-set015089 avg. like is -51.6695 over 1068 frames.
LOG (gmm-acc-stats-ali[5.5.52-6d919]:main():gmm-acc-stats-ali.cc:105) Processed 10550 utterances; for utterance s015fjr3khy00-20150804-KoreanhfchannelSNR10-set015033 avg. like is -39.0501 over 748 frames.
LOG (gmm-acc-stats-ali[5.5.52-6d919]:main():gmm-acc-stats-ali.cc:105) Processed 10600 utterances; for utterance s015fjr3khy00-20150804-KoreanhfchannelSNR10-set015083 avg. like is -39.6115 over 868 frames.
LOG (gmm-acc-stats-ali[5.5.52-6d919]:main():gmm-acc-stats-ali.cc:105) Processed 10650 utterances; for utterance s015m2chd00-20150804-Korean-set015027 avg. like is -51.0168 over 433 frames.
LOG (gmm-acc-stats-ali[5.5.52-6d919]:main():gmm-acc-stats-ali.cc:105) Processed 10700 utterances; for utterance s015m2chd00-20150804-Korean-set015077 avg. like is -48.0633 over 666 frames.
LOG (gmm-acc-stats-ali[5.5.52-6d919]:main():gmm-acc-stats-ali.cc:105) Processed 10750 utterances; for utterance s015m2chd00-20150804-KoreandestroyeropsSNR10-set015021 avg. like is -44.3654 over 440 frames.
LOG (gmm-acc-stats-ali[5.5.52-6d919]:main():gmm-acc-stats-ali.cc:105) Processed 10800 utterances; for utterance s015m2chd00-20150804-KoreandestroyeropsSNR10-set015071 avg. like is -43.1095 over 478 frames.
LOG (gmm-acc-stats-ali[5.5.52-6d919]:main():gmm-acc-stats-ali.cc:105) Processed 10850 utterances; for utterance s015m2chd00_r-20150804-Korean-set015015 avg. like is -52.5183 over 777 frames.
LOG (gmm-acc-stats-ali[5.5.52-6d919]:main():gmm-acc-stats-ali.cc:105) Processed 10900 utterances; for utterance s015m2chd00_r-20150804-Korean-set015065 avg. like is -52.1817 over 410 frames.
LOG (gmm-acc-stats-ali[5.5.52-6d919]:main():gmm-acc-stats-ali.cc:105) Processed 10950 utterances; for utterance s015m2chd00_r-20150804-Koreanfactory2SNR10-set015009 avg. like is -44.8447 over 463 frames.
LOG (gmm-acc-stats-ali[5.5.52-6d919]:main():gmm-acc-stats-ali.cc:105) Processed 11000 utterances; for utterance s015m2chd00_r-20150804-Koreanfactory2SNR10-set015059 avg. like is -45.8514 over 317 frames.
LOG (gmm-acc-stats-ali[5.5.52-6d919]:main():gmm-acc-stats-ali.cc:105) Processed 11050 utterances; for utterance s015mss2kjs00-20150804-Korean-set015003 avg. like is -51.3926 over 688 frames.
LOG (gmm-acc-stats-ali[5.5.52-6d919]:main():gmm-acc-stats-ali.cc:105) Processed 11100 utterances; for utterance s015mss2kjs00-20150804-Korean-set015053 avg. like is -46.6832 over 628 frames.
LOG (gmm-acc-stats-ali[5.5.52-6d919]:main():gmm-acc-stats-ali.cc:105) Processed 11150 utterances; for utterance s015mss2kjs00-20150804-Korean-set015103 avg. like is -47.1125 over 858 frames.
LOG (gmm-acc-stats-ali[5.5.52-6d919]:main():gmm-acc-stats-ali.cc:105) Processed 11200 utterances; for utterance s015mss2kjs00-20150804-KoreanwhiteSNR10-set015047 avg. like is -38.0184 over 668 frames.
LOG (gmm-acc-stats-ali[5.5.52-6d919]:main():gmm-acc-stats-ali.cc:105) Processed 11250 utterances; for utterance s015mss2kjs00-20150804-KoreanwhiteSNR10-set015097 avg. like is -38.6529 over 748 frames.
LOG (gmm-acc-stats-ali[5.5.52-6d919]:main():gmm-acc-stats-ali.cc:105) Processed 11300 utterances; for utterance s016fkw4lyh02-20150804-Korean-set016041 avg. like is -52.5208 over 1178 frames.
LOG (gmm-acc-stats-ali[5.5.52-6d919]:main():gmm-acc-stats-ali.cc:105) Processed 11350 utterances; for utterance s016fkw4lyh02-20150804-Korean-set016091 avg. like is -48.8717 over 568 frames.
LOG (gmm-acc-stats-ali[5.5.52-6d919]:main():gmm-acc-stats-ali.cc:105) Processed 11400 utterances; for utterance s016fkw4lyh02-20150804-KoreanpinkSNR10-set016036 avg. like is -37.3338 over 628 frames.
LOG (gmm-acc-stats-ali[5.5.52-6d919]:main():gmm-acc-stats-ali.cc:105) Processed 11450 utterances; for utterance s016fkw4lyh02-20150804-KoreanpinkSNR10-set016086 avg. like is -36.5026 over 778 frames.
LOG (gmm-acc-stats-ali[5.5.52-6d919]:main():gmm-acc-stats-ali.cc:105) Processed 11500 utterances; for utterance s016m2ljy00-20150804-Korean-set016031 avg. like is -49.0887 over 402 frames.
LOG (gmm-acc-stats-ali[5.5.52-6d919]:main():gmm-acc-stats-ali.cc:105) Processed 11550 utterances; for utterance s016m2ljy00-20150804-Korean-set016081 avg. like is -50.1499 over 373 frames.
LOG (gmm-acc-stats-ali[5.5.52-6d919]:main():gmm-acc-stats-ali.cc:105) Processed 11600 utterances; for utterance s016m2ljy00-20150804-KoreanleopardSNR10-set016026 avg. like is -45.418 over 1102 frames.
LOG (gmm-acc-stats-ali[5.5.52-6d919]:main():gmm-acc-stats-ali.cc:105) Processed 11650 utterances; for utterance s016m2ljy00-20150804-KoreanleopardSNR10-set016076 avg. like is -44.6823 over 523 frames.
LOG (apply-cmvn[5.5.52-6d919]:main():apply-cmvn.cc:162) Applied cepstral mean normalization to 11681 utterances, errors on 0
LOG (transform-feats[5.5.52-6d919]:main():transform-feats.cc:158) Overall average [pseudo-]logdet is -92.5347 over 7.53143e+06 frames.
LOG (transform-feats[5.5.52-6d919]:main():transform-feats.cc:161) Applied transform to 11681 utterances; 0 had errors.
LOG (transform-feats[5.5.52-6d919]:main():transform-feats.cc:158) Overall average logdet is 3.59655 over 7.53143e+06 frames.
LOG (transform-feats[5.5.52-6d919]:main():transform-feats.cc:161) Applied transform to 11681 utterances; 0 had errors.
LOG (gmm-acc-stats-ali[5.5.52-6d919]:main():gmm-acc-stats-ali.cc:112) Done 11679 files, 2 with errors.
LOG (gmm-acc-stats-ali[5.5.52-6d919]:main():gmm-acc-stats-ali.cc:115) Overall avg like per frame (Gaussian only) = -45.7861 over 7530980 frames.
LOG (gmm-acc-stats-ali[5.5.52-6d919]:main():gmm-acc-stats-ali.cc:123) Written accs.
# Accounting: time=25 threads=1
# Ended (code 0) at Tue May  7 16:26:47 KST 2019, elapsed time 25 seconds
