# gmm-acc-stats-ali exp/tri3b/9.mdl "ark,s,cs:apply-cmvn  --utt2spk=ark:data/train/split8/4/utt2spk scp:data/train/split8/4/cmvn.scp scp:data/train/split8/4/feats.scp ark:- | splice-feats  ark:- ark:- | transform-feats exp/tri2b_ali/final.mat ark:- ark:- | transform-feats --utt2spk=ark:data/train/split8/4/utt2spk ark:exp/tri3b/trans.4 ark:- ark:- |" "ark,s,cs:gunzip -c exp/tri3b/ali.4.gz|" exp/tri3b/9.4.acc 
# Started at Tue May  7 16:09:11 KST 2019
#
gmm-acc-stats-ali exp/tri3b/9.mdl 'ark,s,cs:apply-cmvn  --utt2spk=ark:data/train/split8/4/utt2spk scp:data/train/split8/4/cmvn.scp scp:data/train/split8/4/feats.scp ark:- | splice-feats  ark:- ark:- | transform-feats exp/tri2b_ali/final.mat ark:- ark:- | transform-feats --utt2spk=ark:data/train/split8/4/utt2spk ark:exp/tri3b/trans.4 ark:- ark:- |' 'ark,s,cs:gunzip -c exp/tri3b/ali.4.gz|' exp/tri3b/9.4.acc 
transform-feats --utt2spk=ark:data/train/split8/4/utt2spk ark:exp/tri3b/trans.4 ark:- ark:- 
transform-feats exp/tri2b_ali/final.mat ark:- ark:- 
splice-feats ark:- ark:- 
apply-cmvn --utt2spk=ark:data/train/split8/4/utt2spk scp:data/train/split8/4/cmvn.scp scp:data/train/split8/4/feats.scp ark:- 
LOG (gmm-acc-stats-ali[5.5.52-6d919]:main():gmm-acc-stats-ali.cc:105) Processed 50 utterances; for utterance s01m1jrugs01-20150804-Korean-cps01050 avg. like is -46.7965 over 301 frames.
LOG (gmm-acc-stats-ali[5.5.52-6d919]:main():gmm-acc-stats-ali.cc:105) Processed 100 utterances; for utterance s01m1jrugs01-20150804-Korean-cps01100 avg. like is -51.4591 over 233 frames.
LOG (gmm-acc-stats-ali[5.5.52-6d919]:main():gmm-acc-stats-ali.cc:105) Processed 150 utterances; for utterance s01m1jrugs01-20150804-Korean-cps01150 avg. like is -51.2598 over 224 frames.
LOG (gmm-acc-stats-ali[5.5.52-6d919]:main():gmm-acc-stats-ali.cc:105) Processed 200 utterances; for utterance s01m1jrugs01-20150804-Korean-cps01201 avg. like is -47.381 over 182 frames.
LOG (gmm-acc-stats-ali[5.5.52-6d919]:main():gmm-acc-stats-ali.cc:105) Processed 250 utterances; for utterance s01m1jrugs01-20150804-Korean-cps01253 avg. like is -48.9316 over 357 frames.
LOG (gmm-acc-stats-ali[5.5.52-6d919]:main():gmm-acc-stats-ali.cc:105) Processed 300 utterances; for utterance s01m1jrugs01-20150804-Korean-cps01303 avg. like is -49.4646 over 254 frames.
LOG (gmm-acc-stats-ali[5.5.52-6d919]:main():gmm-acc-stats-ali.cc:105) Processed 350 utterances; for utterance s01m1jrugs01-20150804-Korean-cps01355 avg. like is -49.0879 over 263 frames.
LOG (gmm-acc-stats-ali[5.5.52-6d919]:main():gmm-acc-stats-ali.cc:105) Processed 400 utterances; for utterance s01m1jrugs01-20150804-Korean-cps01407 avg. like is -48.0755 over 280 frames.
LOG (gmm-acc-stats-ali[5.5.52-6d919]:main():gmm-acc-stats-ali.cc:105) Processed 450 utterances; for utterance s01m1jrugs01-20150804-Koreanbabble2SNR10-cps01041 avg. like is -46.9622 over 113 frames.
LOG (gmm-acc-stats-ali[5.5.52-6d919]:main():gmm-acc-stats-ali.cc:105) Processed 500 utterances; for utterance s01m1jrugs01-20150804-Koreanbabble2SNR10-cps01091 avg. like is -48.0299 over 220 frames.
LOG (gmm-acc-stats-ali[5.5.52-6d919]:main():gmm-acc-stats-ali.cc:105) Processed 550 utterances; for utterance s01m1jrugs01-20150804-Koreanbabble2SNR10-cps01141 avg. like is -49.2693 over 178 frames.
LOG (gmm-acc-stats-ali[5.5.52-6d919]:main():gmm-acc-stats-ali.cc:105) Processed 600 utterances; for utterance s01m1jrugs01-20150804-Koreanbabble2SNR10-cps01192 avg. like is -48.3512 over 293 frames.
LOG (gmm-acc-stats-ali[5.5.52-6d919]:main():gmm-acc-stats-ali.cc:105) Processed 650 utterances; for utterance s01m1jrugs01-20150804-Koreanbabble2SNR10-cps01243 avg. like is -49.8605 over 216 frames.
LOG (gmm-acc-stats-ali[5.5.52-6d919]:main():gmm-acc-stats-ali.cc:105) Processed 700 utterances; for utterance s01m1jrugs01-20150804-Koreanbabble2SNR10-cps01294 avg. like is -49.0508 over 195 frames.
LOG (gmm-acc-stats-ali[5.5.52-6d919]:main():gmm-acc-stats-ali.cc:105) Processed 750 utterances; for utterance s01m1jrugs01-20150804-Koreanbabble2SNR10-cps01346 avg. like is -48.8655 over 199 frames.
LOG (gmm-acc-stats-ali[5.5.52-6d919]:main():gmm-acc-stats-ali.cc:105) Processed 800 utterances; for utterance s01m1jrugs01-20150804-Koreanbabble2SNR10-cps01398 avg. like is -46.8149 over 156 frames.
LOG (gmm-acc-stats-ali[5.5.52-6d919]:main():gmm-acc-stats-ali.cc:105) Processed 850 utterances; for utterance s01m1ksgsg01-20150804-Korean-cps01032 avg. like is -52.2238 over 166 frames.
LOG (gmm-acc-stats-ali[5.5.52-6d919]:main():gmm-acc-stats-ali.cc:105) Processed 900 utterances; for utterance s01m1ksgsg01-20150804-Korean-cps01083 avg. like is -52.4757 over 202 frames.
LOG (gmm-acc-stats-ali[5.5.52-6d919]:main():gmm-acc-stats-ali.cc:105) Processed 950 utterances; for utterance s01m1ksgsg01-20150804-Korean-cps01133 avg. like is -50.5491 over 166 frames.
LOG (gmm-acc-stats-ali[5.5.52-6d919]:main():gmm-acc-stats-ali.cc:105) Processed 1000 utterances; for utterance s01m1ksgsg01-20150804-Korean-cps01183 avg. like is -52.5013 over 156 frames.
LOG (gmm-acc-stats-ali[5.5.52-6d919]:main():gmm-acc-stats-ali.cc:105) Processed 1050 utterances; for utterance s01m1ksgsg01-20150804-Korean-cps01234 avg. like is -51.9758 over 214 frames.
LOG (gmm-acc-stats-ali[5.5.52-6d919]:main():gmm-acc-stats-ali.cc:105) Processed 1100 utterances; for utterance s01m1ksgsg01-20150804-Korean-cps01284 avg. like is -52.5548 over 169 frames.
LOG (gmm-acc-stats-ali[5.5.52-6d919]:main():gmm-acc-stats-ali.cc:105) Processed 1150 utterances; for utterance s01m1ksgsg01-20150804-Korean-cps01334 avg. like is -56.6663 over 149 frames.
LOG (gmm-acc-stats-ali[5.5.52-6d919]:main():gmm-acc-stats-ali.cc:105) Processed 1200 utterances; for utterance s01m1ksgsg01-20150804-Korean-cps01386 avg. like is -52.5465 over 181 frames.
LOG (gmm-acc-stats-ali[5.5.52-6d919]:main():gmm-acc-stats-ali.cc:105) Processed 1250 utterances; for utterance s01m1ksgsg01-20150804-KoreanwhiteSNR10-cps01020 avg. like is -40.3233 over 151 frames.
LOG (gmm-acc-stats-ali[5.5.52-6d919]:main():gmm-acc-stats-ali.cc:105) Processed 1300 utterances; for utterance s01m1ksgsg01-20150804-KoreanwhiteSNR10-cps01070 avg. like is -35.4903 over 150 frames.
LOG (gmm-acc-stats-ali[5.5.52-6d919]:main():gmm-acc-stats-ali.cc:105) Processed 1350 utterances; for utterance s01m1ksgsg01-20150804-KoreanwhiteSNR10-cps01121 avg. like is -42.3907 over 135 frames.
LOG (gmm-acc-stats-ali[5.5.52-6d919]:main():gmm-acc-stats-ali.cc:105) Processed 1400 utterances; for utterance s01m1ksgsg01-20150804-KoreanwhiteSNR10-cps01171 avg. like is -41.7836 over 185 frames.
LOG (gmm-acc-stats-ali[5.5.52-6d919]:main():gmm-acc-stats-ali.cc:105) Processed 1450 utterances; for utterance s01m1ksgsg01-20150804-KoreanwhiteSNR10-cps01222 avg. like is -39.9152 over 202 frames.
LOG (gmm-acc-stats-ali[5.5.52-6d919]:main():gmm-acc-stats-ali.cc:105) Processed 1500 utterances; for utterance s01m1ksgsg01-20150804-KoreanwhiteSNR10-cps01272 avg. like is -39.0865 over 144 frames.
LOG (gmm-acc-stats-ali[5.5.52-6d919]:main():gmm-acc-stats-ali.cc:105) Processed 1550 utterances; for utterance s01m1ksgsg01-20150804-KoreanwhiteSNR10-cps01322 avg. like is -40.845 over 240 frames.
LOG (gmm-acc-stats-ali[5.5.52-6d919]:main():gmm-acc-stats-ali.cc:105) Processed 1600 utterances; for utterance s01m1ksgsg01-20150804-KoreanwhiteSNR10-cps01374 avg. like is -39.7086 over 145 frames.
LOG (gmm-acc-stats-ali[5.5.52-6d919]:main():gmm-acc-stats-ali.cc:105) Processed 1650 utterances; for utterance s01m1kshsh01-20150804-Korean-cps01008 avg. like is -49.7208 over 150 frames.
LOG (gmm-acc-stats-ali[5.5.52-6d919]:main():gmm-acc-stats-ali.cc:105) Processed 1700 utterances; for utterance s01m1kshsh01-20150804-Korean-cps01059 avg. like is -48.5983 over 216 frames.
LOG (gmm-acc-stats-ali[5.5.52-6d919]:main():gmm-acc-stats-ali.cc:105) Processed 1750 utterances; for utterance s01m1kshsh01-20150804-Korean-cps01110 avg. like is -51.0594 over 181 frames.
LOG (gmm-acc-stats-ali[5.5.52-6d919]:main():gmm-acc-stats-ali.cc:105) Processed 1800 utterances; for utterance s01m1kshsh01-20150804-Korean-cps01161 avg. like is -47.5977 over 180 frames.
LOG (gmm-acc-stats-ali[5.5.52-6d919]:main():gmm-acc-stats-ali.cc:105) Processed 1850 utterances; for utterance s01m1kshsh01-20150804-Korean-cps01212 avg. like is -48.5686 over 176 frames.
LOG (gmm-acc-stats-ali[5.5.52-6d919]:main():gmm-acc-stats-ali.cc:105) Processed 1900 utterances; for utterance s01m1kshsh01-20150804-Korean-cps01262 avg. like is -46.7272 over 176 frames.
LOG (gmm-acc-stats-ali[5.5.52-6d919]:main():gmm-acc-stats-ali.cc:105) Processed 1950 utterances; for utterance s01m1kshsh01-20150804-Korean-cps01312 avg. like is -51.3426 over 227 frames.
LOG (gmm-acc-stats-ali[5.5.52-6d919]:main():gmm-acc-stats-ali.cc:105) Processed 2000 utterances; for utterance s01m1kshsh01-20150804-Korean-cps01362 avg. like is -48.2286 over 143 frames.
LOG (gmm-acc-stats-ali[5.5.52-6d919]:main():gmm-acc-stats-ali.cc:105) Processed 2050 utterances; for utterance s01m1kshsh01-20150804-Korean-cps01415 avg. like is -50.7493 over 135 frames.
LOG (gmm-acc-stats-ali[5.5.52-6d919]:main():gmm-acc-stats-ali.cc:105) Processed 2100 utterances; for utterance s01m1kshsh01-20150804-KoreancarSNR10-cps01049 avg. like is -42.0554 over 204 frames.
LOG (gmm-acc-stats-ali[5.5.52-6d919]:main():gmm-acc-stats-ali.cc:105) Processed 2150 utterances; for utterance s01m1kshsh01-20150804-KoreancarSNR10-cps01100 avg. like is -42.5944 over 202 frames.
LOG (gmm-acc-stats-ali[5.5.52-6d919]:main():gmm-acc-stats-ali.cc:105) Processed 2200 utterances; for utterance s01m1kshsh01-20150804-KoreancarSNR10-cps01151 avg. like is -40.735 over 209 frames.
LOG (gmm-acc-stats-ali[5.5.52-6d919]:main():gmm-acc-stats-ali.cc:105) Processed 2250 utterances; for utterance s01m1kshsh01-20150804-KoreancarSNR10-cps01202 avg. like is -43.3189 over 181 frames.
LOG (gmm-acc-stats-ali[5.5.52-6d919]:main():gmm-acc-stats-ali.cc:105) Processed 2300 utterances; for utterance s01m1kshsh01-20150804-KoreancarSNR10-cps01252 avg. like is -47.2747 over 134 frames.
LOG (gmm-acc-stats-ali[5.5.52-6d919]:main():gmm-acc-stats-ali.cc:105) Processed 2350 utterances; for utterance s01m1kshsh01-20150804-KoreancarSNR10-cps01302 avg. like is -39.1221 over 169 frames.
LOG (gmm-acc-stats-ali[5.5.52-6d919]:main():gmm-acc-stats-ali.cc:105) Processed 2400 utterances; for utterance s01m1kshsh01-20150804-KoreancarSNR10-cps01352 avg. like is -40.0783 over 180 frames.
LOG (gmm-acc-stats-ali[5.5.52-6d919]:main():gmm-acc-stats-ali.cc:105) Processed 2450 utterances; for utterance s01m1kshsh01-20150804-KoreancarSNR10-cps01405 avg. like is -45.1682 over 127 frames.
LOG (gmm-acc-stats-ali[5.5.52-6d919]:main():gmm-acc-stats-ali.cc:105) Processed 2500 utterances; for utterance s01m1kwhty01-20150804-Korean-cps01038 avg. like is -58.5254 over 153 frames.
LOG (gmm-acc-stats-ali[5.5.52-6d919]:main():gmm-acc-stats-ali.cc:105) Processed 2550 utterances; for utterance s01m1kwhty01-20150804-Korean-cps01089 avg. like is -56.4694 over 138 frames.
LOG (gmm-acc-stats-ali[5.5.52-6d919]:main():gmm-acc-stats-ali.cc:105) Processed 2600 utterances; for utterance s01m1kwhty01-20150804-Korean-cps01139 avg. like is -54.2527 over 162 frames.
LOG (gmm-acc-stats-ali[5.5.52-6d919]:main():gmm-acc-stats-ali.cc:105) Processed 2650 utterances; for utterance s01m1kwhty01-20150804-Korean-cps01190 avg. like is -50.1744 over 162 frames.
LOG (gmm-acc-stats-ali[5.5.52-6d919]:main():gmm-acc-stats-ali.cc:105) Processed 2700 utterances; for utterance s01m1kwhty01-20150804-Korean-cps01240 avg. like is -52.8506 over 151 frames.
LOG (gmm-acc-stats-ali[5.5.52-6d919]:main():gmm-acc-stats-ali.cc:105) Processed 2750 utterances; for utterance s01m1kwhty01-20150804-Korean-cps01290 avg. like is -53.7671 over 165 frames.
LOG (gmm-acc-stats-ali[5.5.52-6d919]:main():gmm-acc-stats-ali.cc:105) Processed 2800 utterances; for utterance s01m1kwhty01-20150804-Korean-cps01341 avg. like is -54.6012 over 187 frames.
LOG (gmm-acc-stats-ali[5.5.52-6d919]:main():gmm-acc-stats-ali.cc:105) Processed 2850 utterances; for utterance s01m1kwhty01-20150804-Korean-cps01391 avg. like is -50.779 over 157 frames.
LOG (gmm-acc-stats-ali[5.5.52-6d919]:main():gmm-acc-stats-ali.cc:105) Processed 2900 utterances; for utterance s01m1kwhty01-20150804-KoreanbabbleSNR10-cps01024 avg. like is -49.5089 over 147 frames.
LOG (gmm-acc-stats-ali[5.5.52-6d919]:main():gmm-acc-stats-ali.cc:105) Processed 2950 utterances; for utterance s01m1kwhty01-20150804-KoreanbabbleSNR10-cps01075 avg. like is -46.7286 over 144 frames.
LOG (gmm-acc-stats-ali[5.5.52-6d919]:main():gmm-acc-stats-ali.cc:105) Processed 3000 utterances; for utterance s01m1kwhty01-20150804-KoreanbabbleSNR10-cps01125 avg. like is -49.3342 over 165 frames.
LOG (gmm-acc-stats-ali[5.5.52-6d919]:main():gmm-acc-stats-ali.cc:105) Processed 3050 utterances; for utterance s01m1kwhty01-20150804-KoreanbabbleSNR10-cps01175 avg. like is -47.142 over 175 frames.
LOG (gmm-acc-stats-ali[5.5.52-6d919]:main():gmm-acc-stats-ali.cc:105) Processed 3100 utterances; for utterance s01m1kwhty01-20150804-KoreanbabbleSNR10-cps01226 avg. like is -49.1608 over 175 frames.
LOG (gmm-acc-stats-ali[5.5.52-6d919]:main():gmm-acc-stats-ali.cc:105) Processed 3150 utterances; for utterance s01m1kwhty01-20150804-KoreanbabbleSNR10-cps01276 avg. like is -47.8281 over 165 frames.
LOG (gmm-acc-stats-ali[5.5.52-6d919]:main():gmm-acc-stats-ali.cc:105) Processed 3200 utterances; for utterance s01m1kwhty01-20150804-KoreanbabbleSNR10-cps01327 avg. like is -48.8279 over 138 frames.
LOG (gmm-acc-stats-ali[5.5.52-6d919]:main():gmm-acc-stats-ali.cc:105) Processed 3250 utterances; for utterance s01m1kwhty01-20150804-KoreanbabbleSNR10-cps01377 avg. like is -46.1448 over 157 frames.
LOG (gmm-acc-stats-ali[5.5.52-6d919]:main():gmm-acc-stats-ali.cc:105) Processed 3300 utterances; for utterance s01m1sssdj01-20150804-Korean-cps01010 avg. like is -47.0017 over 156 frames.
LOG (gmm-acc-stats-ali[5.5.52-6d919]:main():gmm-acc-stats-ali.cc:105) Processed 3350 utterances; for utterance s01m1sssdj01-20150804-Korean-cps01061 avg. like is -56.7462 over 168 frames.
LOG (gmm-acc-stats-ali[5.5.52-6d919]:main():gmm-acc-stats-ali.cc:105) Processed 3400 utterances; for utterance s01m1sssdj01-20150804-Korean-cps01112 avg. like is -52.8437 over 138 frames.
LOG (gmm-acc-stats-ali[5.5.52-6d919]:main():gmm-acc-stats-ali.cc:105) Processed 3450 utterances; for utterance s01m1sssdj01-20150804-Korean-cps01163 avg. like is -49.4703 over 147 frames.
LOG (gmm-acc-stats-ali[5.5.52-6d919]:main():gmm-acc-stats-ali.cc:105) Processed 3500 utterances; for utterance s01m1sssdj01-20150804-Korean-cps01214 avg. like is -58.8299 over 171 frames.
LOG (gmm-acc-stats-ali[5.5.52-6d919]:main():gmm-acc-stats-ali.cc:105) Processed 3550 utterances; for utterance s01m1sssdj01-20150804-Korean-cps01265 avg. like is -48.793 over 150 frames.
LOG (gmm-acc-stats-ali[5.5.52-6d919]:main():gmm-acc-stats-ali.cc:105) Processed 3600 utterances; for utterance s01m1sssdj01-20150804-Korean-cps01315 avg. like is -49.0662 over 146 frames.
LOG (gmm-acc-stats-ali[5.5.52-6d919]:main():gmm-acc-stats-ali.cc:105) Processed 3650 utterances; for utterance s01m1sssdj01-20150804-Korean-cps01365 avg. like is -49.379 over 154 frames.
LOG (gmm-acc-stats-ali[5.5.52-6d919]:main():gmm-acc-stats-ali.cc:105) Processed 3700 utterances; for utterance s01m1sssdj01-20150804-Korean-cps01416 avg. like is -54.6868 over 146 frames.
LOG (gmm-acc-stats-ali[5.5.52-6d919]:main():gmm-acc-stats-ali.cc:105) Processed 3750 utterances; for utterance s01m1sssdj01-20150804-KoreanwhiteSNR10-cps01049 avg. like is -44.5292 over 165 frames.
LOG (gmm-acc-stats-ali[5.5.52-6d919]:main():gmm-acc-stats-ali.cc:105) Processed 3800 utterances; for utterance s01m1sssdj01-20150804-KoreanwhiteSNR10-cps01101 avg. like is -42.0785 over 138 frames.
LOG (gmm-acc-stats-ali[5.5.52-6d919]:main():gmm-acc-stats-ali.cc:105) Processed 3850 utterances; for utterance s01m1sssdj01-20150804-KoreanwhiteSNR10-cps01152 avg. like is -37.9143 over 134 frames.
LOG (gmm-acc-stats-ali[5.5.52-6d919]:main():gmm-acc-stats-ali.cc:105) Processed 3900 utterances; for utterance s01m1sssdj01-20150804-KoreanwhiteSNR10-cps01203 avg. like is -43.3486 over 127 frames.
LOG (gmm-acc-stats-ali[5.5.52-6d919]:main():gmm-acc-stats-ali.cc:105) Processed 3950 utterances; for utterance s01m1sssdj01-20150804-KoreanwhiteSNR10-cps01254 avg. like is -41.1462 over 138 frames.
LOG (gmm-acc-stats-ali[5.5.52-6d919]:main():gmm-acc-stats-ali.cc:105) Processed 4000 utterances; for utterance s01m1sssdj01-20150804-KoreanwhiteSNR10-cps01304 avg. like is -44.8618 over 147 frames.
LOG (gmm-acc-stats-ali[5.5.52-6d919]:main():gmm-acc-stats-ali.cc:105) Processed 4050 utterances; for utterance s01m1sssdj01-20150804-KoreanwhiteSNR10-cps01354 avg. like is -42.8835 over 108 frames.
LOG (gmm-acc-stats-ali[5.5.52-6d919]:main():gmm-acc-stats-ali.cc:105) Processed 4100 utterances; for utterance s01m1sssdj01-20150804-KoreanwhiteSNR10-cps01405 avg. like is -44.2349 over 137 frames.
LOG (gmm-acc-stats-ali[5.5.52-6d919]:main():gmm-acc-stats-ali.cc:105) Processed 4150 utterances; for utterance s01m2ccjgt01-20150804-Korean-cps01039 avg. like is -46.4658 over 130 frames.
LOG (gmm-acc-stats-ali[5.5.52-6d919]:main():gmm-acc-stats-ali.cc:105) Processed 4200 utterances; for utterance s01m2ccjgt01-20150804-Korean-cps01090 avg. like is -49.4264 over 136 frames.
LOG (gmm-acc-stats-ali[5.5.52-6d919]:main():gmm-acc-stats-ali.cc:105) Processed 4250 utterances; for utterance s01m2ccjgt01-20150804-Korean-cps01141 avg. like is -47.4773 over 134 frames.
LOG (gmm-acc-stats-ali[5.5.52-6d919]:main():gmm-acc-stats-ali.cc:105) Processed 4300 utterances; for utterance s01m2ccjgt01-20150804-Korean-cps01191 avg. like is -58.8517 over 134 frames.
LOG (gmm-acc-stats-ali[5.5.52-6d919]:main():gmm-acc-stats-ali.cc:105) Processed 4350 utterances; for utterance s01m2ccjgt01-20150804-Korean-cps01242 avg. like is -47.1425 over 150 frames.
LOG (gmm-acc-stats-ali[5.5.52-6d919]:main():gmm-acc-stats-ali.cc:105) Processed 4400 utterances; for utterance s01m2ccjgt01-20150804-Korean-cps01294 avg. like is -48.7037 over 137 frames.
LOG (gmm-acc-stats-ali[5.5.52-6d919]:main():gmm-acc-stats-ali.cc:105) Processed 4450 utterances; for utterance s01m2ccjgt01-20150804-Korean-cps01344 avg. like is -47.9222 over 144 frames.
LOG (gmm-acc-stats-ali[5.5.52-6d919]:main():gmm-acc-stats-ali.cc:105) Processed 4500 utterances; for utterance s01m2ccjgt01-20150804-Korean-cps01394 avg. like is -41.9372 over 133 frames.
LOG (gmm-acc-stats-ali[5.5.52-6d919]:main():gmm-acc-stats-ali.cc:105) Processed 4550 utterances; for utterance s01m2ccjgt01-20150804-Koreancar1SNR10-cps01028 avg. like is -42.8089 over 127 frames.
LOG (gmm-acc-stats-ali[5.5.52-6d919]:main():gmm-acc-stats-ali.cc:105) Processed 4600 utterances; for utterance s01m2ccjgt01-20150804-Koreancar1SNR10-cps01079 avg. like is -44.4904 over 175 frames.
LOG (gmm-acc-stats-ali[5.5.52-6d919]:main():gmm-acc-stats-ali.cc:105) Processed 4650 utterances; for utterance s01m2ccjgt01-20150804-Koreancar1SNR10-cps01130 avg. like is -44.4128 over 176 frames.
LOG (gmm-acc-stats-ali[5.5.52-6d919]:main():gmm-acc-stats-ali.cc:105) Processed 4700 utterances; for utterance s01m2ccjgt01-20150804-Koreancar1SNR10-cps01180 avg. like is -43.3518 over 118 frames.
LOG (gmm-acc-stats-ali[5.5.52-6d919]:main():gmm-acc-stats-ali.cc:105) Processed 4750 utterances; for utterance s01m2ccjgt01-20150804-Koreancar1SNR10-cps01231 avg. like is -41.8344 over 125 frames.
LOG (gmm-acc-stats-ali[5.5.52-6d919]:main():gmm-acc-stats-ali.cc:105) Processed 4800 utterances; for utterance s01m2ccjgt01-20150804-Koreancar1SNR10-cps01283 avg. like is -43.0712 over 136 frames.
LOG (gmm-acc-stats-ali[5.5.52-6d919]:main():gmm-acc-stats-ali.cc:105) Processed 4850 utterances; for utterance s01m2ccjgt01-20150804-Koreancar1SNR10-cps01333 avg. like is -41.4482 over 137 frames.
LOG (gmm-acc-stats-ali[5.5.52-6d919]:main():gmm-acc-stats-ali.cc:105) Processed 4900 utterances; for utterance s01m2ccjgt01-20150804-Koreancar1SNR10-cps01383 avg. like is -43.791 over 138 frames.
LOG (gmm-acc-stats-ali[5.5.52-6d919]:main():gmm-acc-stats-ali.cc:105) Processed 4950 utterances; for utterance s01m2jrbjj01-20150804-Korean-cps01016 avg. like is -53.7334 over 146 frames.
LOG (gmm-acc-stats-ali[5.5.52-6d919]:main():gmm-acc-stats-ali.cc:105) Processed 5000 utterances; for utterance s01m2jrbjj01-20150804-Korean-cps01070 avg. like is -46.7446 over 124 frames.
LOG (gmm-acc-stats-ali[5.5.52-6d919]:main():gmm-acc-stats-ali.cc:105) Processed 5050 utterances; for utterance s01m2jrbjj01-20150804-Korean-cps01120 avg. like is -49.0312 over 152 frames.
LOG (gmm-acc-stats-ali[5.5.52-6d919]:main():gmm-acc-stats-ali.cc:105) Processed 5100 utterances; for utterance s01m2jrbjj01-20150804-Korean-cps01170 avg. like is -52.7138 over 156 frames.
LOG (gmm-acc-stats-ali[5.5.52-6d919]:main():gmm-acc-stats-ali.cc:105) Processed 5150 utterances; for utterance s01m2jrbjj01-20150804-Korean-cps01221 avg. like is -49.4957 over 147 frames.
LOG (gmm-acc-stats-ali[5.5.52-6d919]:main():gmm-acc-stats-ali.cc:105) Processed 5200 utterances; for utterance s01m2jrbjj01-20150804-Korean-cps01271 avg. like is -46.889 over 191 frames.
LOG (gmm-acc-stats-ali[5.5.52-6d919]:main():gmm-acc-stats-ali.cc:105) Processed 5250 utterances; for utterance s01m2jrbjj01-20150804-Korean-cps01321 avg. like is -56.3086 over 186 frames.
LOG (gmm-acc-stats-ali[5.5.52-6d919]:main():gmm-acc-stats-ali.cc:105) Processed 5300 utterances; for utterance s01m2jrbjj01-20150804-Korean-cps01374 avg. like is -53.56 over 128 frames.
LOG (gmm-acc-stats-ali[5.5.52-6d919]:main():gmm-acc-stats-ali.cc:105) Processed 5350 utterances; for utterance s01m2jrbjj01-20150804-KoreancarSNR10-cps01007 avg. like is -43.7562 over 161 frames.
LOG (gmm-acc-stats-ali[5.5.52-6d919]:main():gmm-acc-stats-ali.cc:105) Processed 5400 utterances; for utterance s01m2jrbjj01-20150804-KoreancarSNR10-cps01060 avg. like is -45.0488 over 122 frames.
LOG (gmm-acc-stats-ali[5.5.52-6d919]:main():gmm-acc-stats-ali.cc:105) Processed 5450 utterances; for utterance s01m2jrbjj01-20150804-KoreancarSNR10-cps01111 avg. like is -47.8499 over 152 frames.
LOG (gmm-acc-stats-ali[5.5.52-6d919]:main():gmm-acc-stats-ali.cc:105) Processed 5500 utterances; for utterance s01m2jrbjj01-20150804-KoreancarSNR10-cps01161 avg. like is -41.741 over 149 frames.
LOG (gmm-acc-stats-ali[5.5.52-6d919]:main():gmm-acc-stats-ali.cc:105) Processed 5550 utterances; for utterance s01m2jrbjj01-20150804-KoreancarSNR10-cps01212 avg. like is -43.3104 over 138 frames.
LOG (gmm-acc-stats-ali[5.5.52-6d919]:main():gmm-acc-stats-ali.cc:105) Processed 5600 utterances; for utterance s01m2jrbjj01-20150804-KoreancarSNR10-cps01262 avg. like is -46.3436 over 128 frames.
LOG (gmm-acc-stats-ali[5.5.52-6d919]:main():gmm-acc-stats-ali.cc:105) Processed 5650 utterances; for utterance s01m2jrbjj01-20150804-KoreancarSNR10-cps01312 avg. like is -46.5261 over 171 frames.
LOG (gmm-acc-stats-ali[5.5.52-6d919]:main():gmm-acc-stats-ali.cc:105) Processed 5700 utterances; for utterance s01m2jrbjj01-20150804-KoreancarSNR10-cps01365 avg. like is -47.429 over 145 frames.
LOG (gmm-acc-stats-ali[5.5.52-6d919]:main():gmm-acc-stats-ali.cc:105) Processed 5750 utterances; for utterance s01m2jrbjj01-20150804-KoreancarSNR10-cps01415 avg. like is -43.0987 over 144 frames.
LOG (gmm-acc-stats-ali[5.5.52-6d919]:main():gmm-acc-stats-ali.cc:105) Processed 5800 utterances; for utterance s01m2jrggz01-20150804-Korean-cps01048 avg. like is -47.3908 over 151 frames.
LOG (gmm-acc-stats-ali[5.5.52-6d919]:main():gmm-acc-stats-ali.cc:105) Processed 5850 utterances; for utterance s01m2jrggz01-20150804-Korean-cps01099 avg. like is -45.8818 over 152 frames.
LOG (gmm-acc-stats-ali[5.5.52-6d919]:main():gmm-acc-stats-ali.cc:105) Processed 5900 utterances; for utterance s01m2jrggz01-20150804-Korean-cps01151 avg. like is -46.3612 over 185 frames.
LOG (gmm-acc-stats-ali[5.5.52-6d919]:main():gmm-acc-stats-ali.cc:105) Processed 5950 utterances; for utterance s01m2jrggz01-20150804-Korean-cps01204 avg. like is -55.972 over 138 frames.
LOG (gmm-acc-stats-ali[5.5.52-6d919]:main():gmm-acc-stats-ali.cc:105) Processed 6000 utterances; for utterance s01m2jrggz01-20150804-Korean-cps01256 avg. like is -55.9686 over 205 frames.
LOG (gmm-acc-stats-ali[5.5.52-6d919]:main():gmm-acc-stats-ali.cc:105) Processed 6050 utterances; for utterance s01m2jrggz01-20150804-Korean-cps01306 avg. like is -47.5967 over 148 frames.
LOG (gmm-acc-stats-ali[5.5.52-6d919]:main():gmm-acc-stats-ali.cc:105) Processed 6100 utterances; for utterance s01m2jrggz01-20150804-Korean-cps01356 avg. like is -50.5159 over 138 frames.
LOG (gmm-acc-stats-ali[5.5.52-6d919]:main():gmm-acc-stats-ali.cc:105) Processed 6150 utterances; for utterance s01m2jrggz01-20150804-Korean-cps01408 avg. like is -50.6475 over 143 frames.
LOG (gmm-acc-stats-ali[5.5.52-6d919]:main():gmm-acc-stats-ali.cc:105) Processed 6200 utterances; for utterance s01m2jrggz01-20150804-Koreanfactory1SNR10-cps01042 avg. like is -42.2813 over 165 frames.
LOG (gmm-acc-stats-ali[5.5.52-6d919]:main():gmm-acc-stats-ali.cc:105) Processed 6250 utterances; for utterance s01m2jrggz01-20150804-Koreanfactory1SNR10-cps01093 avg. like is -42.6499 over 157 frames.
LOG (gmm-acc-stats-ali[5.5.52-6d919]:main():gmm-acc-stats-ali.cc:105) Processed 6300 utterances; for utterance s01m2jrggz01-20150804-Koreanfactory1SNR10-cps01145 avg. like is -44.9221 over 103 frames.
LOG (gmm-acc-stats-ali[5.5.52-6d919]:main():gmm-acc-stats-ali.cc:105) Processed 6350 utterances; for utterance s01m2jrggz01-20150804-Koreanfactory1SNR10-cps01198 avg. like is -41.9461 over 128 frames.
LOG (gmm-acc-stats-ali[5.5.52-6d919]:main():gmm-acc-stats-ali.cc:105) Processed 6400 utterances; for utterance s01m2jrggz01-20150804-Koreanfactory1SNR10-cps01249 avg. like is -42.5627 over 134 frames.
LOG (gmm-acc-stats-ali[5.5.52-6d919]:main():gmm-acc-stats-ali.cc:105) Processed 6450 utterances; for utterance s01m2jrggz01-20150804-Koreanfactory1SNR10-cps01300 avg. like is -43.6159 over 139 frames.
LOG (gmm-acc-stats-ali[5.5.52-6d919]:main():gmm-acc-stats-ali.cc:105) Processed 6500 utterances; for utterance s01m2jrggz01-20150804-Koreanfactory1SNR10-cps01350 avg. like is -42.1564 over 124 frames.
LOG (gmm-acc-stats-ali[5.5.52-6d919]:main():gmm-acc-stats-ali.cc:105) Processed 6550 utterances; for utterance s01m2jrggz01-20150804-Koreanfactory1SNR10-cps01402 avg. like is -41.6531 over 138 frames.
LOG (gmm-acc-stats-ali[5.5.52-6d919]:main():gmm-acc-stats-ali.cc:105) Processed 6600 utterances; for utterance s01m2ksgdm01-20150804-Korean-cps01036 avg. like is -57.772 over 143 frames.
LOG (gmm-acc-stats-ali[5.5.52-6d919]:main():gmm-acc-stats-ali.cc:105) Processed 6650 utterances; for utterance s01m2ksgdm01-20150804-Korean-cps01086 avg. like is -49.4085 over 143 frames.
LOG (gmm-acc-stats-ali[5.5.52-6d919]:main():gmm-acc-stats-ali.cc:105) Processed 6700 utterances; for utterance s01m2ksgdm01-20150804-Korean-cps01136 avg. like is -46.2581 over 170 frames.
LOG (gmm-acc-stats-ali[5.5.52-6d919]:main():gmm-acc-stats-ali.cc:105) Processed 6750 utterances; for utterance s01m2ksgdm01-20150804-Korean-cps01186 avg. like is -47.8747 over 128 frames.
LOG (gmm-acc-stats-ali[5.5.52-6d919]:main():gmm-acc-stats-ali.cc:105) Processed 6800 utterances; for utterance s01m2ksgdm01-20150804-Korean-cps01236 avg. like is -49.3715 over 144 frames.
LOG (gmm-acc-stats-ali[5.5.52-6d919]:main():gmm-acc-stats-ali.cc:105) Processed 6850 utterances; for utterance s01m2ksgdm01-20150804-Korean-cps01286 avg. like is -48.8746 over 167 frames.
LOG (gmm-acc-stats-ali[5.5.52-6d919]:main():gmm-acc-stats-ali.cc:105) Processed 6900 utterances; for utterance s01m2ksgdm01-20150804-Korean-cps01337 avg. like is -47.0756 over 140 frames.
LOG (gmm-acc-stats-ali[5.5.52-6d919]:main():gmm-acc-stats-ali.cc:105) Processed 6950 utterances; for utterance s01m2ksgdm01-20150804-Korean-cps01387 avg. like is -47.7762 over 178 frames.
LOG (gmm-acc-stats-ali[5.5.52-6d919]:main():gmm-acc-stats-ali.cc:105) Processed 7000 utterances; for utterance s01m2ksgdm01-20150804-KoreanhfchannelSNR10-cps01024 avg. like is -45.8999 over 155 frames.
LOG (gmm-acc-stats-ali[5.5.52-6d919]:main():gmm-acc-stats-ali.cc:105) Processed 7050 utterances; for utterance s01m2ksgdm01-20150804-KoreanhfchannelSNR10-cps01074 avg. like is -42.6974 over 144 frames.
LOG (gmm-acc-stats-ali[5.5.52-6d919]:main():gmm-acc-stats-ali.cc:105) Processed 7100 utterances; for utterance s01m2ksgdm01-20150804-KoreanhfchannelSNR10-cps01124 avg. like is -44.7072 over 199 frames.
LOG (gmm-acc-stats-ali[5.5.52-6d919]:main():gmm-acc-stats-ali.cc:105) Processed 7150 utterances; for utterance s01m2ksgdm01-20150804-KoreanhfchannelSNR10-cps01174 avg. like is -40.505 over 103 frames.
LOG (gmm-acc-stats-ali[5.5.52-6d919]:main():gmm-acc-stats-ali.cc:105) Processed 7200 utterances; for utterance s01m2ksgdm01-20150804-KoreanhfchannelSNR10-cps01224 avg. like is -40.2561 over 132 frames.
LOG (gmm-acc-stats-ali[5.5.52-6d919]:main():gmm-acc-stats-ali.cc:105) Processed 7250 utterances; for utterance s01m2ksgdm01-20150804-KoreanhfchannelSNR10-cps01274 avg. like is -41.282 over 146 frames.
LOG (gmm-acc-stats-ali[5.5.52-6d919]:main():gmm-acc-stats-ali.cc:105) Processed 7300 utterances; for utterance s01m2ksgdm01-20150804-KoreanhfchannelSNR10-cps01324 avg. like is -46.4538 over 124 frames.
LOG (gmm-acc-stats-ali[5.5.52-6d919]:main():gmm-acc-stats-ali.cc:105) Processed 7350 utterances; for utterance s01m2ksgdm01-20150804-KoreanhfchannelSNR10-cps01375 avg. like is -43.2976 over 132 frames.
LOG (gmm-acc-stats-ali[5.5.52-6d919]:main():gmm-acc-stats-ali.cc:105) Processed 7400 utterances; for utterance s01m2sshby01-20150804-Korean-cps01012 avg. like is -50.6604 over 198 frames.
LOG (gmm-acc-stats-ali[5.5.52-6d919]:main():gmm-acc-stats-ali.cc:105) Processed 7450 utterances; for utterance s01m2sshby01-20150804-Korean-cps01062 avg. like is -43.4718 over 223 frames.
LOG (gmm-acc-stats-ali[5.5.52-6d919]:main():gmm-acc-stats-ali.cc:105) Processed 7500 utterances; for utterance s01m2sshby01-20150804-Korean-cps01112 avg. like is -47.8668 over 251 frames.
LOG (gmm-acc-stats-ali[5.5.52-6d919]:main():gmm-acc-stats-ali.cc:105) Processed 7550 utterances; for utterance s01m2sshby01-20150804-Korean-cps01163 avg. like is -42.6415 over 223 frames.
LOG (gmm-acc-stats-ali[5.5.52-6d919]:main():gmm-acc-stats-ali.cc:105) Processed 7600 utterances; for utterance s01m2sshby01-20150804-Korean-cps01214 avg. like is -48.789 over 237 frames.
LOG (gmm-acc-stats-ali[5.5.52-6d919]:main():gmm-acc-stats-ali.cc:105) Processed 7650 utterances; for utterance s01m2sshby01-20150804-Korean-cps01264 avg. like is -44.3385 over 213 frames.
LOG (gmm-acc-stats-ali[5.5.52-6d919]:main():gmm-acc-stats-ali.cc:105) Processed 7700 utterances; for utterance s01m2sshby01-20150804-Korean-cps01314 avg. like is -47.5754 over 232 frames.
LOG (gmm-acc-stats-ali[5.5.52-6d919]:main():gmm-acc-stats-ali.cc:105) Processed 7750 utterances; for utterance s01m2sshby01-20150804-Korean-cps01364 avg. like is -44.7161 over 232 frames.
LOG (gmm-acc-stats-ali[5.5.52-6d919]:main():gmm-acc-stats-ali.cc:105) Processed 7800 utterances; for utterance s01m2sshby01-20150804-Korean-cps01414 avg. like is -45.3318 over 232 frames.
LOG (gmm-acc-stats-ali[5.5.52-6d919]:main():gmm-acc-stats-ali.cc:105) Processed 7850 utterances; for utterance s01m2sshby01-20150804-KoreandestroyeropsSNR10-cps01047 avg. like is -44.9208 over 284 frames.
LOG (gmm-acc-stats-ali[5.5.52-6d919]:main():gmm-acc-stats-ali.cc:105) Processed 7900 utterances; for utterance s01m2sshby01-20150804-KoreandestroyeropsSNR10-cps01097 avg. like is -43.4749 over 213 frames.
LOG (gmm-acc-stats-ali[5.5.52-6d919]:main():gmm-acc-stats-ali.cc:105) Processed 7950 utterances; for utterance s01m2sshby01-20150804-KoreandestroyeropsSNR10-cps01147 avg. like is -41.9186 over 199 frames.
LOG (gmm-acc-stats-ali[5.5.52-6d919]:main():gmm-acc-stats-ali.cc:105) Processed 8000 utterances; for utterance s01m2sshby01-20150804-KoreandestroyeropsSNR10-cps01199 avg. like is -41.9247 over 180 frames.
LOG (gmm-acc-stats-ali[5.5.52-6d919]:main():gmm-acc-stats-ali.cc:105) Processed 8050 utterances; for utterance s01m2sshby01-20150804-KoreandestroyeropsSNR10-cps01249 avg. like is -41.8829 over 204 frames.
LOG (gmm-acc-stats-ali[5.5.52-6d919]:main():gmm-acc-stats-ali.cc:105) Processed 8100 utterances; for utterance s01m2sshby01-20150804-KoreandestroyeropsSNR10-cps01299 avg. like is -44.5674 over 208 frames.
LOG (gmm-acc-stats-ali[5.5.52-6d919]:main():gmm-acc-stats-ali.cc:105) Processed 8150 utterances; for utterance s01m2sshby01-20150804-KoreandestroyeropsSNR10-cps01349 avg. like is -44.3837 over 232 frames.
LOG (gmm-acc-stats-ali[5.5.52-6d919]:main():gmm-acc-stats-ali.cc:105) Processed 8200 utterances; for utterance s01m2sshby01-20150804-KoreandestroyeropsSNR10-cps01399 avg. like is -43.8334 over 270 frames.
LOG (gmm-acc-stats-ali[5.5.52-6d919]:main():gmm-acc-stats-ali.cc:105) Processed 8250 utterances; for utterance s01m2ssiyj01-20150804-Korean-cps01032 avg. like is -50.8839 over 147 frames.
LOG (gmm-acc-stats-ali[5.5.52-6d919]:main():gmm-acc-stats-ali.cc:105) Processed 8300 utterances; for utterance s01m2ssiyj01-20150804-Korean-cps01082 avg. like is -50.7201 over 167 frames.
LOG (gmm-acc-stats-ali[5.5.52-6d919]:main():gmm-acc-stats-ali.cc:105) Processed 8350 utterances; for utterance s01m2ssiyj01-20150804-Korean-cps01132 avg. like is -43.565 over 163 frames.
LOG (gmm-acc-stats-ali[5.5.52-6d919]:main():gmm-acc-stats-ali.cc:105) Processed 8400 utterances; for utterance s01m2ssiyj01-20150804-Korean-cps01182 avg. like is -51.4785 over 166 frames.
LOG (gmm-acc-stats-ali[5.5.52-6d919]:main():gmm-acc-stats-ali.cc:105) Processed 8450 utterances; for utterance s01m2ssiyj01-20150804-Korean-cps01232 avg. like is -49.5859 over 137 frames.
LOG (gmm-acc-stats-ali[5.5.52-6d919]:main():gmm-acc-stats-ali.cc:105) Processed 8500 utterances; for utterance s01m2ssiyj01-20150804-Korean-cps01282 avg. like is -50.0053 over 144 frames.
LOG (gmm-acc-stats-ali[5.5.52-6d919]:main():gmm-acc-stats-ali.cc:105) Processed 8550 utterances; for utterance s01m2ssiyj01-20150804-Korean-cps01332 avg. like is -49.8919 over 135 frames.
LOG (gmm-acc-stats-ali[5.5.52-6d919]:main():gmm-acc-stats-ali.cc:105) Processed 8600 utterances; for utterance s01m2ssiyj01-20150804-Korean-cps01382 avg. like is -50.9847 over 151 frames.
LOG (gmm-acc-stats-ali[5.5.52-6d919]:main():gmm-acc-stats-ali.cc:105) Processed 8650 utterances; for utterance s01m2ssiyj01-20150804-KoreanhfchannelSNR10-cps01015 avg. like is -44.613 over 177 frames.
LOG (gmm-acc-stats-ali[5.5.52-6d919]:main():gmm-acc-stats-ali.cc:105) Processed 8700 utterances; for utterance s01m2ssiyj01-20150804-KoreanhfchannelSNR10-cps01065 avg. like is -42.3767 over 153 frames.
LOG (gmm-acc-stats-ali[5.5.52-6d919]:main():gmm-acc-stats-ali.cc:105) Processed 8750 utterances; for utterance s01m2ssiyj01-20150804-KoreanhfchannelSNR10-cps01115 avg. like is -43.4869 over 150 frames.
LOG (gmm-acc-stats-ali[5.5.52-6d919]:main():gmm-acc-stats-ali.cc:105) Processed 8800 utterances; for utterance s01m2ssiyj01-20150804-KoreanhfchannelSNR10-cps01165 avg. like is -42.9302 over 144 frames.
LOG (gmm-acc-stats-ali[5.5.52-6d919]:main():gmm-acc-stats-ali.cc:105) Processed 8850 utterances; for utterance s01m2ssiyj01-20150804-KoreanhfchannelSNR10-cps01215 avg. like is -41.9238 over 163 frames.
LOG (gmm-acc-stats-ali[5.5.52-6d919]:main():gmm-acc-stats-ali.cc:105) Processed 8900 utterances; for utterance s01m2ssiyj01-20150804-KoreanhfchannelSNR10-cps01265 avg. like is -41.5227 over 150 frames.
LOG (gmm-acc-stats-ali[5.5.52-6d919]:main():gmm-acc-stats-ali.cc:105) Processed 8950 utterances; for utterance s01m2ssiyj01-20150804-KoreanhfchannelSNR10-cps01315 avg. like is -39.9242 over 137 frames.
LOG (gmm-acc-stats-ali[5.5.52-6d919]:main():gmm-acc-stats-ali.cc:105) Processed 9000 utterances; for utterance s01m2ssiyj01-20150804-KoreanhfchannelSNR10-cps01365 avg. like is -45.0524 over 145 frames.
LOG (gmm-acc-stats-ali[5.5.52-6d919]:main():gmm-acc-stats-ali.cc:105) Processed 9050 utterances; for utterance s01m2ssiyj01-20150804-KoreanhfchannelSNR10-cps01415 avg. like is -46.5158 over 167 frames.
LOG (gmm-acc-stats-ali[5.5.52-6d919]:main():gmm-acc-stats-ali.cc:105) Processed 9100 utterances; for utterance s01m2ssjhs01-20150804-Korean-cps01048 avg. like is -48.2816 over 127 frames.
LOG (gmm-acc-stats-ali[5.5.52-6d919]:main():gmm-acc-stats-ali.cc:105) Processed 9150 utterances; for utterance s01m2ssjhs01-20150804-Korean-cps01098 avg. like is -50.7931 over 140 frames.
LOG (gmm-acc-stats-ali[5.5.52-6d919]:main():gmm-acc-stats-ali.cc:105) Processed 9200 utterances; for utterance s01m2ssjhs01-20150804-Korean-cps01148 avg. like is -51.4768 over 142 frames.
LOG (gmm-acc-stats-ali[5.5.52-6d919]:main():gmm-acc-stats-ali.cc:105) Processed 9250 utterances; for utterance s01m2ssjhs01-20150804-Korean-cps01199 avg. like is -50.5417 over 126 frames.
LOG (gmm-acc-stats-ali[5.5.52-6d919]:main():gmm-acc-stats-ali.cc:105) Processed 9300 utterances; for utterance s01m2ssjhs01-20150804-Korean-cps01249 avg. like is -47.4409 over 131 frames.
LOG (gmm-acc-stats-ali[5.5.52-6d919]:main():gmm-acc-stats-ali.cc:105) Processed 9350 utterances; for utterance s01m2ssjhs01-20150804-Korean-cps01299 avg. like is -48.9559 over 143 frames.
LOG (gmm-acc-stats-ali[5.5.52-6d919]:main():gmm-acc-stats-ali.cc:105) Processed 9400 utterances; for utterance s01m2ssjhs01-20150804-Korean-cps01350 avg. like is -49.342 over 132 frames.
LOG (gmm-acc-stats-ali[5.5.52-6d919]:main():gmm-acc-stats-ali.cc:105) Processed 9450 utterances; for utterance s01m2ssjhs01-20150804-Korean-cps01400 avg. like is -51.9568 over 136 frames.
LOG (gmm-acc-stats-ali[5.5.52-6d919]:main():gmm-acc-stats-ali.cc:105) Processed 9500 utterances; for utterance s01m2ssjhs01-20150804-KoreancarSNR10-cps01033 avg. like is -44.2426 over 152 frames.
LOG (gmm-acc-stats-ali[5.5.52-6d919]:main():gmm-acc-stats-ali.cc:105) Processed 9550 utterances; for utterance s01m2ssjhs01-20150804-KoreancarSNR10-cps01083 avg. like is -46.8751 over 146 frames.
LOG (gmm-acc-stats-ali[5.5.52-6d919]:main():gmm-acc-stats-ali.cc:105) Processed 9600 utterances; for utterance s01m2ssjhs01-20150804-KoreancarSNR10-cps01133 avg. like is -42.9775 over 156 frames.
LOG (gmm-acc-stats-ali[5.5.52-6d919]:main():gmm-acc-stats-ali.cc:105) Processed 9650 utterances; for utterance s01m2ssjhs01-20150804-KoreancarSNR10-cps01184 avg. like is -41.5918 over 156 frames.
LOG (gmm-acc-stats-ali[5.5.52-6d919]:main():gmm-acc-stats-ali.cc:105) Processed 9700 utterances; for utterance s01m2ssjhs01-20150804-KoreancarSNR10-cps01234 avg. like is -43.577 over 176 frames.
LOG (gmm-acc-stats-ali[5.5.52-6d919]:main():gmm-acc-stats-ali.cc:105) Processed 9750 utterances; for utterance s01m2ssjhs01-20150804-KoreancarSNR10-cps01284 avg. like is -40.9972 over 145 frames.
LOG (gmm-acc-stats-ali[5.5.52-6d919]:main():gmm-acc-stats-ali.cc:105) Processed 9800 utterances; for utterance s01m2ssjhs01-20150804-KoreancarSNR10-cps01334 avg. like is -41.0999 over 132 frames.
LOG (gmm-acc-stats-ali[5.5.52-6d919]:main():gmm-acc-stats-ali.cc:105) Processed 9850 utterances; for utterance s01m2ssjhs01-20150804-KoreancarSNR10-cps01385 avg. like is -42.7803 over 155 frames.
LOG (gmm-acc-stats-ali[5.5.52-6d919]:main():gmm-acc-stats-ali.cc:105) Processed 9900 utterances; for utterance s01m3ccnch01-20150804-Korean-cps01018 avg. like is -44.2972 over 147 frames.
LOG (gmm-acc-stats-ali[5.5.52-6d919]:main():gmm-acc-stats-ali.cc:105) Processed 9950 utterances; for utterance s01m3ccnch01-20150804-Korean-cps01071 avg. like is -50.4371 over 162 frames.
LOG (gmm-acc-stats-ali[5.5.52-6d919]:main():gmm-acc-stats-ali.cc:105) Processed 10000 utterances; for utterance s01m3ccnch01-20150804-Korean-cps01123 avg. like is -43.7033 over 145 frames.
LOG (gmm-acc-stats-ali[5.5.52-6d919]:main():gmm-acc-stats-ali.cc:105) Processed 10050 utterances; for utterance s01m3ccnch01-20150804-Korean-cps01173 avg. like is -45.7055 over 153 frames.
LOG (gmm-acc-stats-ali[5.5.52-6d919]:main():gmm-acc-stats-ali.cc:105) Processed 10100 utterances; for utterance s01m3ccnch01-20150804-Korean-cps01223 avg. like is -48.25 over 126 frames.
LOG (gmm-acc-stats-ali[5.5.52-6d919]:main():gmm-acc-stats-ali.cc:105) Processed 10150 utterances; for utterance s01m3ccnch01-20150804-Korean-cps01274 avg. like is -45.4218 over 127 frames.
LOG (gmm-acc-stats-ali[5.5.52-6d919]:main():gmm-acc-stats-ali.cc:105) Processed 10200 utterances; for utterance s01m3ccnch01-20150804-Korean-cps01324 avg. like is -50.3688 over 123 frames.
LOG (gmm-acc-stats-ali[5.5.52-6d919]:main():gmm-acc-stats-ali.cc:105) Processed 10250 utterances; for utterance s01m3ccnch01-20150804-Korean-cps01374 avg. like is -51.2323 over 119 frames.
LOG (gmm-acc-stats-ali[5.5.52-6d919]:main():gmm-acc-stats-ali.cc:105) Processed 10300 utterances; for utterance s01m3ccnch01-20150804-KoreanvolvoSNR10-cps01007 avg. like is -44.3871 over 142 frames.
LOG (gmm-acc-stats-ali[5.5.52-6d919]:main():gmm-acc-stats-ali.cc:105) Processed 10350 utterances; for utterance s01m3ccnch01-20150804-KoreanvolvoSNR10-cps01060 avg. like is -49.8461 over 113 frames.
LOG (gmm-acc-stats-ali[5.5.52-6d919]:main():gmm-acc-stats-ali.cc:105) Processed 10400 utterances; for utterance s01m3ccnch01-20150804-KoreanvolvoSNR10-cps01112 avg. like is -44.8891 over 124 frames.
LOG (gmm-acc-stats-ali[5.5.52-6d919]:main():gmm-acc-stats-ali.cc:105) Processed 10450 utterances; for utterance s01m3ccnch01-20150804-KoreanvolvoSNR10-cps01162 avg. like is -40.5789 over 130 frames.
LOG (gmm-acc-stats-ali[5.5.52-6d919]:main():gmm-acc-stats-ali.cc:105) Processed 10500 utterances; for utterance s01m3ccnch01-20150804-KoreanvolvoSNR10-cps01212 avg. like is -42.1814 over 131 frames.
LOG (gmm-acc-stats-ali[5.5.52-6d919]:main():gmm-acc-stats-ali.cc:105) Processed 10550 utterances; for utterance s01m3ccnch01-20150804-KoreanvolvoSNR10-cps01263 avg. like is -44.9391 over 146 frames.
LOG (gmm-acc-stats-ali[5.5.52-6d919]:main():gmm-acc-stats-ali.cc:105) Processed 10600 utterances; for utterance s01m3ccnch01-20150804-KoreanvolvoSNR10-cps01313 avg. like is -47.7952 over 115 frames.
LOG (gmm-acc-stats-ali[5.5.52-6d919]:main():gmm-acc-stats-ali.cc:105) Processed 10650 utterances; for utterance s01m3ccnch01-20150804-KoreanvolvoSNR10-cps01363 avg. like is -44.0477 over 123 frames.
LOG (gmm-acc-stats-ali[5.5.52-6d919]:main():gmm-acc-stats-ali.cc:105) Processed 10700 utterances; for utterance s01m3ccnch01-20150804-KoreanvolvoSNR10-cps01413 avg. like is -41.1191 over 85 frames.
LOG (gmm-acc-stats-ali[5.5.52-6d919]:main():gmm-acc-stats-ali.cc:105) Processed 10750 utterances; for utterance s01m3jrgyt01-20150804-Korean-cps01046 avg. like is -48.8987 over 147 frames.
LOG (gmm-acc-stats-ali[5.5.52-6d919]:main():gmm-acc-stats-ali.cc:105) Processed 10800 utterances; for utterance s01m3jrgyt01-20150804-Korean-cps01096 avg. like is -42.9278 over 143 frames.
LOG (gmm-acc-stats-ali[5.5.52-6d919]:main():gmm-acc-stats-ali.cc:105) Processed 10850 utterances; for utterance s01m3jrgyt01-20150804-Korean-cps01146 avg. like is -46.5298 over 165 frames.
LOG (gmm-acc-stats-ali[5.5.52-6d919]:main():gmm-acc-stats-ali.cc:105) Processed 10900 utterances; for utterance s01m3jrgyt01-20150804-Korean-cps01197 avg. like is -44.5265 over 143 frames.
LOG (gmm-acc-stats-ali[5.5.52-6d919]:main():gmm-acc-stats-ali.cc:105) Processed 10950 utterances; for utterance s01m3jrgyt01-20150804-Korean-cps01247 avg. like is -49.506 over 187 frames.
LOG (gmm-acc-stats-ali[5.5.52-6d919]:main():gmm-acc-stats-ali.cc:105) Processed 11000 utterances; for utterance s01m3jrgyt01-20150804-Korean-cps01297 avg. like is -44.7951 over 144 frames.
LOG (gmm-acc-stats-ali[5.5.52-6d919]:main():gmm-acc-stats-ali.cc:105) Processed 11050 utterances; for utterance s01m3jrgyt01-20150804-Korean-cps01348 avg. like is -44.6354 over 150 frames.
LOG (gmm-acc-stats-ali[5.5.52-6d919]:main():gmm-acc-stats-ali.cc:105) Processed 11100 utterances; for utterance s01m3jrgyt01-20150804-Korean-cps01398 avg. like is -42.8537 over 144 frames.
LOG (gmm-acc-stats-ali[5.5.52-6d919]:main():gmm-acc-stats-ali.cc:105) Processed 11150 utterances; for utterance s01m3jrgyt01-20150804-Koreanleopard2SNR10-cps01031 avg. like is -43.1206 over 140 frames.
LOG (gmm-acc-stats-ali[5.5.52-6d919]:main():gmm-acc-stats-ali.cc:105) Processed 11200 utterances; for utterance s01m3jrgyt01-20150804-Koreanleopard2SNR10-cps01081 avg. like is -47.9991 over 156 frames.
LOG (gmm-acc-stats-ali[5.5.52-6d919]:main():gmm-acc-stats-ali.cc:105) Processed 11250 utterances; for utterance s01m3jrgyt01-20150804-Koreanleopard2SNR10-cps01131 avg. like is -45.0461 over 153 frames.
LOG (gmm-acc-stats-ali[5.5.52-6d919]:main():gmm-acc-stats-ali.cc:105) Processed 11300 utterances; for utterance s01m3jrgyt01-20150804-Koreanleopard2SNR10-cps01182 avg. like is -47.4607 over 158 frames.
LOG (gmm-acc-stats-ali[5.5.52-6d919]:main():gmm-acc-stats-ali.cc:105) Processed 11350 utterances; for utterance s01m3jrgyt01-20150804-Koreanleopard2SNR10-cps01232 avg. like is -43.7733 over 132 frames.
LOG (gmm-acc-stats-ali[5.5.52-6d919]:main():gmm-acc-stats-ali.cc:105) Processed 11400 utterances; for utterance s01m3jrgyt01-20150804-Koreanleopard2SNR10-cps01282 avg. like is -44.8378 over 150 frames.
LOG (gmm-acc-stats-ali[5.5.52-6d919]:main():gmm-acc-stats-ali.cc:105) Processed 11450 utterances; for utterance s01m3jrgyt01-20150804-Koreanleopard2SNR10-cps01333 avg. like is -45.9142 over 153 frames.
LOG (gmm-acc-stats-ali[5.5.52-6d919]:main():gmm-acc-stats-ali.cc:105) Processed 11500 utterances; for utterance s01m3jrgyt01-20150804-Koreanleopard2SNR10-cps01383 avg. like is -47.2767 over 167 frames.
LOG (gmm-acc-stats-ali[5.5.52-6d919]:main():gmm-acc-stats-ali.cc:105) Processed 11550 utterances; for utterance s01m3kschg01-20150804-Korean-cps01017 avg. like is -53.4133 over 163 frames.
LOG (gmm-acc-stats-ali[5.5.52-6d919]:main():gmm-acc-stats-ali.cc:105) Processed 11600 utterances; for utterance s01m3kschg01-20150804-Korean-cps01069 avg. like is -49.7392 over 161 frames.
LOG (gmm-acc-stats-ali[5.5.52-6d919]:main():gmm-acc-stats-ali.cc:105) Processed 11650 utterances; for utterance s01m3kschg01-20150804-Korean-cps01119 avg. like is -54.0466 over 173 frames.
LOG (gmm-acc-stats-ali[5.5.52-6d919]:main():gmm-acc-stats-ali.cc:105) Processed 11700 utterances; for utterance s01m3kschg01-20150804-Korean-cps01170 avg. like is -54.7384 over 146 frames.
LOG (gmm-acc-stats-ali[5.5.52-6d919]:main():gmm-acc-stats-ali.cc:105) Processed 11750 utterances; for utterance s01m3kschg01-20150804-Korean-cps01220 avg. like is -57.4059 over 148 frames.
LOG (gmm-acc-stats-ali[5.5.52-6d919]:main():gmm-acc-stats-ali.cc:105) Processed 11800 utterances; for utterance s01m3kschg01-20150804-Korean-cps01270 avg. like is -55.4186 over 148 frames.
LOG (gmm-acc-stats-ali[5.5.52-6d919]:main():gmm-acc-stats-ali.cc:105) Processed 11850 utterances; for utterance s01m3kschg01-20150804-Korean-cps01321 avg. like is -56.1597 over 192 frames.
LOG (gmm-acc-stats-ali[5.5.52-6d919]:main():gmm-acc-stats-ali.cc:105) Processed 11900 utterances; for utterance s01m3kschg01-20150804-Korean-cps01371 avg. like is -53.1647 over 158 frames.
LOG (gmm-acc-stats-ali[5.5.52-6d919]:main():gmm-acc-stats-ali.cc:105) Processed 11950 utterances; for utterance s01m3kschg01-20150804-KoreandestroyeropsSNR10-cps01004 avg. like is -48.208 over 158 frames.
LOG (gmm-acc-stats-ali[5.5.52-6d919]:main():gmm-acc-stats-ali.cc:105) Processed 12000 utterances; for utterance s01m3kschg01-20150804-KoreandestroyeropsSNR10-cps01056 avg. like is -44.0129 over 138 frames.
LOG (gmm-acc-stats-ali[5.5.52-6d919]:main():gmm-acc-stats-ali.cc:105) Processed 12050 utterances; for utterance s01m3kschg01-20150804-KoreandestroyeropsSNR10-cps01107 avg. like is -45.9281 over 173 frames.
LOG (gmm-acc-stats-ali[5.5.52-6d919]:main():gmm-acc-stats-ali.cc:105) Processed 12100 utterances; for utterance s01m3kschg01-20150804-KoreandestroyeropsSNR10-cps01157 avg. like is -44.116 over 117 frames.
LOG (gmm-acc-stats-ali[5.5.52-6d919]:main():gmm-acc-stats-ali.cc:105) Processed 12150 utterances; for utterance s01m3kschg01-20150804-KoreandestroyeropsSNR10-cps01208 avg. like is -45.1524 over 136 frames.
LOG (gmm-acc-stats-ali[5.5.52-6d919]:main():gmm-acc-stats-ali.cc:105) Processed 12200 utterances; for utterance s01m3kschg01-20150804-KoreandestroyeropsSNR10-cps01258 avg. like is -45.7571 over 136 frames.
LOG (gmm-acc-stats-ali[5.5.52-6d919]:main():gmm-acc-stats-ali.cc:105) Processed 12250 utterances; for utterance s01m3kschg01-20150804-KoreandestroyeropsSNR10-cps01309 avg. like is -46.5472 over 161 frames.
LOG (gmm-acc-stats-ali[5.5.52-6d919]:main():gmm-acc-stats-ali.cc:105) Processed 12300 utterances; for utterance s01m3kschg01-20150804-KoreandestroyeropsSNR10-cps01359 avg. like is -46.7508 over 138 frames.
LOG (apply-cmvn[5.5.52-6d919]:main():apply-cmvn.cc:162) Applied cepstral mean normalization to 12358 utterances, errors on 0
LOG (gmm-acc-stats-ali[5.5.52-6d919]:main():gmm-acc-stats-ali.cc:105) Processed 12350 utterances; for utterance s01m3kschg01-20150804-KoreandestroyeropsSNR10-cps01409 avg. like is -46.7636 over 124 frames.
LOG (transform-feats[5.5.52-6d919]:main():transform-feats.cc:158) Overall average [pseudo-]logdet is -92.5347 over 1.9704e+06 frames.
LOG (transform-feats[5.5.52-6d919]:main():transform-feats.cc:161) Applied transform to 12358 utterances; 0 had errors.
LOG (transform-feats[5.5.52-6d919]:main():transform-feats.cc:158) Overall average logdet is 3.49031 over 1.9704e+06 frames.
LOG (transform-feats[5.5.52-6d919]:main():transform-feats.cc:161) Applied transform to 12358 utterances; 0 had errors.
LOG (gmm-acc-stats-ali[5.5.52-6d919]:main():gmm-acc-stats-ali.cc:112) Done 12358 files, 0 with errors.
LOG (gmm-acc-stats-ali[5.5.52-6d919]:main():gmm-acc-stats-ali.cc:115) Overall avg like per frame (Gaussian only) = -46.9008 over 1970398 frames.
LOG (gmm-acc-stats-ali[5.5.52-6d919]:main():gmm-acc-stats-ali.cc:123) Written accs.
# Accounting: time=11 threads=1
# Ended (code 0) at Tue May  7 16:09:22 KST 2019, elapsed time 11 seconds
