# gmm-acc-stats-ali exp/tri3b/11.mdl "ark,s,cs:apply-cmvn  --utt2spk=ark:data/train/split8/5/utt2spk scp:data/train/split8/5/cmvn.scp scp:data/train/split8/5/feats.scp ark:- | splice-feats  ark:- ark:- | transform-feats exp/tri2b_ali/final.mat ark:- ark:- | transform-feats --utt2spk=ark:data/train/split8/5/utt2spk ark:exp/tri3b/trans.5 ark:- ark:- |" "ark,s,cs:gunzip -c exp/tri3b/ali.5.gz|" exp/tri3b/11.5.acc 
# Started at Tue May  7 16:11:18 KST 2019
#
gmm-acc-stats-ali exp/tri3b/11.mdl 'ark,s,cs:apply-cmvn  --utt2spk=ark:data/train/split8/5/utt2spk scp:data/train/split8/5/cmvn.scp scp:data/train/split8/5/feats.scp ark:- | splice-feats  ark:- ark:- | transform-feats exp/tri2b_ali/final.mat ark:- ark:- | transform-feats --utt2spk=ark:data/train/split8/5/utt2spk ark:exp/tri3b/trans.5 ark:- ark:- |' 'ark,s,cs:gunzip -c exp/tri3b/ali.5.gz|' exp/tri3b/11.5.acc 
transform-feats --utt2spk=ark:data/train/split8/5/utt2spk ark:exp/tri3b/trans.5 ark:- ark:- 
apply-cmvn --utt2spk=ark:data/train/split8/5/utt2spk scp:data/train/split8/5/cmvn.scp scp:data/train/split8/5/feats.scp ark:- 
transform-feats exp/tri2b_ali/final.mat ark:- ark:- 
splice-feats ark:- ark:- 
LOG (gmm-acc-stats-ali[5.5.52-6d919]:main():gmm-acc-stats-ali.cc:105) Processed 50 utterances; for utterance s01m3ssghz01-20150804-Korean-cps01050 avg. like is -48.83 over 128 frames.
LOG (gmm-acc-stats-ali[5.5.52-6d919]:main():gmm-acc-stats-ali.cc:105) Processed 100 utterances; for utterance s01m3ssghz01-20150804-Korean-cps01101 avg. like is -48.2692 over 130 frames.
LOG (gmm-acc-stats-ali[5.5.52-6d919]:main():gmm-acc-stats-ali.cc:105) Processed 150 utterances; for utterance s01m3ssghz01-20150804-Korean-cps01151 avg. like is -51.9059 over 164 frames.
LOG (gmm-acc-stats-ali[5.5.52-6d919]:main():gmm-acc-stats-ali.cc:105) Processed 200 utterances; for utterance s01m3ssghz01-20150804-Korean-cps01201 avg. like is -46.1304 over 120 frames.
LOG (gmm-acc-stats-ali[5.5.52-6d919]:main():gmm-acc-stats-ali.cc:105) Processed 250 utterances; for utterance s01m3ssghz01-20150804-Korean-cps01251 avg. like is -52.4444 over 110 frames.
LOG (gmm-acc-stats-ali[5.5.52-6d919]:main():gmm-acc-stats-ali.cc:105) Processed 300 utterances; for utterance s01m3ssghz01-20150804-Korean-cps01301 avg. like is -50.4906 over 136 frames.
LOG (gmm-acc-stats-ali[5.5.52-6d919]:main():gmm-acc-stats-ali.cc:105) Processed 350 utterances; for utterance s01m3ssghz01-20150804-Korean-cps01351 avg. like is -51.2381 over 129 frames.
LOG (gmm-acc-stats-ali[5.5.52-6d919]:main():gmm-acc-stats-ali.cc:105) Processed 400 utterances; for utterance s01m3ssghz01-20150804-Korean-cps01402 avg. like is -53.118 over 115 frames.
LOG (gmm-acc-stats-ali[5.5.52-6d919]:main():gmm-acc-stats-ali.cc:105) Processed 450 utterances; for utterance s01m3ssghz01-20150804-Koreanfactory2SNR10-cps01035 avg. like is -46.2111 over 145 frames.
LOG (gmm-acc-stats-ali[5.5.52-6d919]:main():gmm-acc-stats-ali.cc:105) Processed 500 utterances; for utterance s01m3ssghz01-20150804-Koreanfactory2SNR10-cps01086 avg. like is -44.0221 over 132 frames.
LOG (gmm-acc-stats-ali[5.5.52-6d919]:main():gmm-acc-stats-ali.cc:105) Processed 550 utterances; for utterance s01m3ssghz01-20150804-Koreanfactory2SNR10-cps01136 avg. like is -43.571 over 155 frames.
LOG (gmm-acc-stats-ali[5.5.52-6d919]:main():gmm-acc-stats-ali.cc:105) Processed 600 utterances; for utterance s01m3ssghz01-20150804-Koreanfactory2SNR10-cps01186 avg. like is -41.2674 over 122 frames.
LOG (gmm-acc-stats-ali[5.5.52-6d919]:main():gmm-acc-stats-ali.cc:105) Processed 650 utterances; for utterance s01m3ssghz01-20150804-Koreanfactory2SNR10-cps01236 avg. like is -44.5777 over 132 frames.
LOG (gmm-acc-stats-ali[5.5.52-6d919]:main():gmm-acc-stats-ali.cc:105) Processed 700 utterances; for utterance s01m3ssghz01-20150804-Koreanfactory2SNR10-cps01286 avg. like is -46.777 over 158 frames.
LOG (gmm-acc-stats-ali[5.5.52-6d919]:main():gmm-acc-stats-ali.cc:105) Processed 750 utterances; for utterance s01m3ssghz01-20150804-Koreanfactory2SNR10-cps01336 avg. like is -45.9727 over 151 frames.
LOG (gmm-acc-stats-ali[5.5.52-6d919]:main():gmm-acc-stats-ali.cc:105) Processed 800 utterances; for utterance s01m3ssghz01-20150804-Koreanfactory2SNR10-cps01387 avg. like is -46.9642 over 128 frames.
LOG (gmm-acc-stats-ali[5.5.52-6d919]:main():gmm-acc-stats-ali.cc:105) Processed 850 utterances; for utterance s01m3ssjsh02-20150804-Korean-cps01023 avg. like is -42.9477 over 178 frames.
LOG (gmm-acc-stats-ali[5.5.52-6d919]:main():gmm-acc-stats-ali.cc:105) Processed 900 utterances; for utterance s01m3ssjsh02-20150804-Korean-cps01081 avg. like is -47.0571 over 161 frames.
LOG (gmm-acc-stats-ali[5.5.52-6d919]:main():gmm-acc-stats-ali.cc:105) Processed 950 utterances; for utterance s01m3ssjsh02-20150804-Korean-cps01142 avg. like is -48.8157 over 176 frames.
LOG (gmm-acc-stats-ali[5.5.52-6d919]:main():gmm-acc-stats-ali.cc:105) Processed 1000 utterances; for utterance s01m3ssjsh02-20150804-Korean-cps01199 avg. like is -45.9485 over 144 frames.
LOG (gmm-acc-stats-ali[5.5.52-6d919]:main():gmm-acc-stats-ali.cc:105) Processed 1050 utterances; for utterance s01m3ssjsh02-20150804-Korean-cps01253 avg. like is -49.2947 over 189 frames.
LOG (gmm-acc-stats-ali[5.5.52-6d919]:main():gmm-acc-stats-ali.cc:105) Processed 1100 utterances; for utterance s01m3ssjsh02-20150804-Korean-cps01303 avg. like is -46.5464 over 172 frames.
LOG (gmm-acc-stats-ali[5.5.52-6d919]:main():gmm-acc-stats-ali.cc:105) Processed 1150 utterances; for utterance s01m3ssjsh02-20150804-Korean-cps01354 avg. like is -50.3503 over 115 frames.
LOG (gmm-acc-stats-ali[5.5.52-6d919]:main():gmm-acc-stats-ali.cc:105) Processed 1200 utterances; for utterance s01m3ssjsh02-20150804-Korean-cps01404 avg. like is -47.1997 over 167 frames.
LOG (gmm-acc-stats-ali[5.5.52-6d919]:main():gmm-acc-stats-ali.cc:105) Processed 1250 utterances; for utterance s01m4sscyj01-20150804-Korean-cps01039 avg. like is -47.9365 over 136 frames.
LOG (gmm-acc-stats-ali[5.5.52-6d919]:main():gmm-acc-stats-ali.cc:105) Processed 1300 utterances; for utterance s01m4sscyj01-20150804-Korean-cps01089 avg. like is -51.494 over 138 frames.
LOG (gmm-acc-stats-ali[5.5.52-6d919]:main():gmm-acc-stats-ali.cc:105) Processed 1350 utterances; for utterance s01m4sscyj01-20150804-Korean-cps01139 avg. like is -49.0122 over 138 frames.
LOG (gmm-acc-stats-ali[5.5.52-6d919]:main():gmm-acc-stats-ali.cc:105) Processed 1400 utterances; for utterance s01m4sscyj01-20150804-Korean-cps01190 avg. like is -46.3845 over 125 frames.
LOG (gmm-acc-stats-ali[5.5.52-6d919]:main():gmm-acc-stats-ali.cc:105) Processed 1450 utterances; for utterance s01m4sscyj01-20150804-Korean-cps01241 avg. like is -49.338 over 124 frames.
LOG (gmm-acc-stats-ali[5.5.52-6d919]:main():gmm-acc-stats-ali.cc:105) Processed 1500 utterances; for utterance s01m4sscyj01-20150804-Korean-cps01291 avg. like is -47.6527 over 139 frames.
LOG (gmm-acc-stats-ali[5.5.52-6d919]:main():gmm-acc-stats-ali.cc:105) Processed 1550 utterances; for utterance s01m4sscyj01-20150804-Korean-cps01341 avg. like is -50.8482 over 164 frames.
LOG (gmm-acc-stats-ali[5.5.52-6d919]:main():gmm-acc-stats-ali.cc:105) Processed 1600 utterances; for utterance s01m4sscyj01-20150804-Korean-cps01391 avg. like is -50.9598 over 148 frames.
LOG (gmm-acc-stats-ali[5.5.52-6d919]:main():gmm-acc-stats-ali.cc:105) Processed 1650 utterances; for utterance s01m4sscyj01-20150804-KoreanleopardSNR10-cps01024 avg. like is -46.5593 over 144 frames.
LOG (gmm-acc-stats-ali[5.5.52-6d919]:main():gmm-acc-stats-ali.cc:105) Processed 1700 utterances; for utterance s01m4sscyj01-20150804-KoreanleopardSNR10-cps01074 avg. like is -43.9643 over 123 frames.
LOG (gmm-acc-stats-ali[5.5.52-6d919]:main():gmm-acc-stats-ali.cc:105) Processed 1750 utterances; for utterance s01m4sscyj01-20150804-KoreanleopardSNR10-cps01124 avg. like is -44.125 over 180 frames.
LOG (gmm-acc-stats-ali[5.5.52-6d919]:main():gmm-acc-stats-ali.cc:105) Processed 1800 utterances; for utterance s01m4sscyj01-20150804-KoreanleopardSNR10-cps01175 avg. like is -44.9666 over 139 frames.
LOG (gmm-acc-stats-ali[5.5.52-6d919]:main():gmm-acc-stats-ali.cc:105) Processed 1850 utterances; for utterance s01m4sscyj01-20150804-KoreanleopardSNR10-cps01226 avg. like is -45.0838 over 140 frames.
LOG (gmm-acc-stats-ali[5.5.52-6d919]:main():gmm-acc-stats-ali.cc:105) Processed 1900 utterances; for utterance s01m4sscyj01-20150804-KoreanleopardSNR10-cps01276 avg. like is -44.5219 over 140 frames.
LOG (gmm-acc-stats-ali[5.5.52-6d919]:main():gmm-acc-stats-ali.cc:105) Processed 1950 utterances; for utterance s01m4sscyj01-20150804-KoreanleopardSNR10-cps01326 avg. like is -44.5695 over 128 frames.
LOG (gmm-acc-stats-ali[5.5.52-6d919]:main():gmm-acc-stats-ali.cc:105) Processed 2000 utterances; for utterance s01m4sscyj01-20150804-KoreanleopardSNR10-cps01376 avg. like is -43.9479 over 148 frames.
LOG (gmm-acc-stats-ali[5.5.52-6d919]:main():gmm-acc-stats-ali.cc:105) Processed 2050 utterances; for utterance s01mc3khm00-20150803-Korean-s01a009 avg. like is -49.4308 over 229 frames.
LOG (gmm-acc-stats-ali[5.5.52-6d919]:main():gmm-acc-stats-ali.cc:105) Processed 2100 utterances; for utterance s01mc3khm00-20150803-Korean-s01a059 avg. like is -52.5083 over 244 frames.
LOG (gmm-acc-stats-ali[5.5.52-6d919]:main():gmm-acc-stats-ali.cc:105) Processed 2150 utterances; for utterance s01mc3khm00-20150803-Korean-s01a109 avg. like is -47.0931 over 148 frames.
LOG (gmm-acc-stats-ali[5.5.52-6d919]:main():gmm-acc-stats-ali.cc:105) Processed 2200 utterances; for utterance s01mc3khm00-20150803-KoreandestroyeropsSNR10-s01a018 avg. like is -43.6795 over 209 frames.
LOG (gmm-acc-stats-ali[5.5.52-6d919]:main():gmm-acc-stats-ali.cc:105) Processed 2250 utterances; for utterance s01mc3khm00-20150803-KoreandestroyeropsSNR10-s01a068 avg. like is -45.1761 over 239 frames.
LOG (gmm-acc-stats-ali[5.5.52-6d919]:main():gmm-acc-stats-ali.cc:105) Processed 2300 utterances; for utterance s01mc3khm00-20150803-KoreandestroyeropsSNR10-s01a118 avg. like is -45.7268 over 287 frames.
LOG (gmm-acc-stats-ali[5.5.52-6d919]:main():gmm-acc-stats-ali.cc:105) Processed 2350 utterances; for utterance s01mg2yjk00-20150803-Korean-s01a027 avg. like is -46.2757 over 200 frames.
LOG (gmm-acc-stats-ali[5.5.52-6d919]:main():gmm-acc-stats-ali.cc:105) Processed 2400 utterances; for utterance s01mg2yjk00-20150803-Korean-s01a077 avg. like is -51.8606 over 303 frames.
LOG (gmm-acc-stats-ali[5.5.52-6d919]:main():gmm-acc-stats-ali.cc:105) Processed 2450 utterances; for utterance s01mg2yjk00-20150803-Korean-s01a127 avg. like is -52.7519 over 328 frames.
LOG (gmm-acc-stats-ali[5.5.52-6d919]:main():gmm-acc-stats-ali.cc:105) Processed 2500 utterances; for utterance s01mg2yjk00-20150803-KoreandestroyeropsSNR10-s01a036 avg. like is -45.8454 over 275 frames.
LOG (gmm-acc-stats-ali[5.5.52-6d919]:main():gmm-acc-stats-ali.cc:105) Processed 2550 utterances; for utterance s01mg2yjk00-20150803-KoreandestroyeropsSNR10-s01a086 avg. like is -45.3138 over 297 frames.
LOG (gmm-acc-stats-ali[5.5.52-6d919]:main():gmm-acc-stats-ali.cc:105) Processed 2600 utterances; for utterance s01mg2yjk00-20150803-KoreandestroyeropsSNR10-s01a136 avg. like is -44.1685 over 235 frames.
LOG (gmm-acc-stats-ali[5.5.52-6d919]:main():gmm-acc-stats-ali.cc:105) Processed 2650 utterances; for utterance s01mg3lhs00-20150803-Korean-s01a045 avg. like is -49.8849 over 280 frames.
LOG (gmm-acc-stats-ali[5.5.52-6d919]:main():gmm-acc-stats-ali.cc:105) Processed 2700 utterances; for utterance s01mg3lhs00-20150803-Korean-s01a095 avg. like is -53.1944 over 218 frames.
LOG (gmm-acc-stats-ali[5.5.52-6d919]:main():gmm-acc-stats-ali.cc:105) Processed 2750 utterances; for utterance s01mg3lhs00-20150803-Koreanbabble2SNR10-s01a004 avg. like is -46.7036 over 220 frames.
LOG (gmm-acc-stats-ali[5.5.52-6d919]:main():gmm-acc-stats-ali.cc:105) Processed 2800 utterances; for utterance s01mg3lhs00-20150803-Koreanbabble2SNR10-s01a054 avg. like is -47.8785 over 191 frames.
LOG (gmm-acc-stats-ali[5.5.52-6d919]:main():gmm-acc-stats-ali.cc:105) Processed 2850 utterances; for utterance s01mg3lhs00-20150803-Koreanbabble2SNR10-s01a104 avg. like is -48.3469 over 276 frames.
LOG (gmm-acc-stats-ali[5.5.52-6d919]:main():gmm-acc-stats-ali.cc:105) Processed 2900 utterances; for utterance s01mg4wjw00-20150803-Korean-s01a013 avg. like is -49.7225 over 274 frames.
LOG (gmm-acc-stats-ali[5.5.52-6d919]:main():gmm-acc-stats-ali.cc:105) Processed 2950 utterances; for utterance s01mg4wjw00-20150803-Korean-s01a063 avg. like is -46.9703 over 224 frames.
LOG (gmm-acc-stats-ali[5.5.52-6d919]:main():gmm-acc-stats-ali.cc:105) Processed 3000 utterances; for utterance s01mg4wjw00-20150803-Korean-s01a113 avg. like is -47.4873 over 204 frames.
LOG (gmm-acc-stats-ali[5.5.52-6d919]:main():gmm-acc-stats-ali.cc:105) Processed 3050 utterances; for utterance s01mg4wjw00-20150803-Koreanleopard2SNR10-s01a022 avg. like is -46.41 over 271 frames.
LOG (gmm-acc-stats-ali[5.5.52-6d919]:main():gmm-acc-stats-ali.cc:105) Processed 3100 utterances; for utterance s01mg4wjw00-20150803-Koreanleopard2SNR10-s01a072 avg. like is -46.5722 over 373 frames.
LOG (gmm-acc-stats-ali[5.5.52-6d919]:main():gmm-acc-stats-ali.cc:105) Processed 3150 utterances; for utterance s01mg4wjw00-20150803-Koreanleopard2SNR10-s01a122 avg. like is -45.8289 over 264 frames.
LOG (gmm-acc-stats-ali[5.5.52-6d919]:main():gmm-acc-stats-ali.cc:105) Processed 3200 utterances; for utterance s01mj3huy00-20150803-Korean-s01a032 avg. like is -51.288 over 249 frames.
LOG (gmm-acc-stats-ali[5.5.52-6d919]:main():gmm-acc-stats-ali.cc:105) Processed 3250 utterances; for utterance s01mj3huy00-20150803-Korean-s01a082 avg. like is -52.7003 over 281 frames.
LOG (gmm-acc-stats-ali[5.5.52-6d919]:main():gmm-acc-stats-ali.cc:105) Processed 3300 utterances; for utterance s01mj3huy00-20150803-Korean-s01a132 avg. like is -48.9324 over 198 frames.
LOG (gmm-acc-stats-ali[5.5.52-6d919]:main():gmm-acc-stats-ali.cc:105) Processed 3350 utterances; for utterance s01mj3huy00-20150803-Koreanleopard2SNR10-s01a042 avg. like is -47.8923 over 245 frames.
LOG (gmm-acc-stats-ali[5.5.52-6d919]:main():gmm-acc-stats-ali.cc:105) Processed 3400 utterances; for utterance s01mj3huy00-20150803-Koreanleopard2SNR10-s01a092 avg. like is -45.3321 over 192 frames.
LOG (gmm-acc-stats-ali[5.5.52-6d919]:main():gmm-acc-stats-ali.cc:105) Processed 3450 utterances; for utterance s01mj4kdh00-20150803-Korean-s01a001 avg. like is -49.7476 over 187 frames.
LOG (gmm-acc-stats-ali[5.5.52-6d919]:main():gmm-acc-stats-ali.cc:105) Processed 3500 utterances; for utterance s01mj4kdh00-20150803-Korean-s01a051 avg. like is -56.2876 over 374 frames.
LOG (gmm-acc-stats-ali[5.5.52-6d919]:main():gmm-acc-stats-ali.cc:105) Processed 3550 utterances; for utterance s01mj4kdh00-20150803-Korean-s01a101 avg. like is -49.9372 over 256 frames.
LOG (gmm-acc-stats-ali[5.5.52-6d919]:main():gmm-acc-stats-ali.cc:105) Processed 3600 utterances; for utterance s01mj4kdh00-20150803-KoreanwhiteSNR10-s01a010 avg. like is -44.2786 over 304 frames.
LOG (gmm-acc-stats-ali[5.5.52-6d919]:main():gmm-acc-stats-ali.cc:105) Processed 3650 utterances; for utterance s01mj4kdh00-20150803-KoreanwhiteSNR10-s01a060 avg. like is -41.8942 over 268 frames.
LOG (gmm-acc-stats-ali[5.5.52-6d919]:main():gmm-acc-stats-ali.cc:105) Processed 3700 utterances; for utterance s01mj4kdh00-20150803-KoreanwhiteSNR10-s01a110 avg. like is -41.0714 over 210 frames.
LOG (gmm-acc-stats-ali[5.5.52-6d919]:main():gmm-acc-stats-ali.cc:105) Processed 3750 utterances; for utterance s01ms2ktk00-20150803-Korean-s01a019 avg. like is -49.717 over 248 frames.
LOG (gmm-acc-stats-ali[5.5.52-6d919]:main():gmm-acc-stats-ali.cc:105) Processed 3800 utterances; for utterance s01ms2ktk00-20150803-Korean-s01a070 avg. like is -52.2957 over 319 frames.
LOG (gmm-acc-stats-ali[5.5.52-6d919]:main():gmm-acc-stats-ali.cc:105) Processed 3850 utterances; for utterance s01ms2ktk00-20150803-Korean-s01a121 avg. like is -49.0076 over 224 frames.
LOG (gmm-acc-stats-ali[5.5.52-6d919]:main():gmm-acc-stats-ali.cc:105) Processed 3900 utterances; for utterance s01ms2ktk00-20150803-Koreanfactory2SNR10-s01a031 avg. like is -46.3063 over 247 frames.
LOG (gmm-acc-stats-ali[5.5.52-6d919]:main():gmm-acc-stats-ali.cc:105) Processed 3950 utterances; for utterance s01ms2ktk00-20150803-Koreanfactory2SNR10-s01a082 avg. like is -47.8339 over 269 frames.
LOG (gmm-acc-stats-ali[5.5.52-6d919]:main():gmm-acc-stats-ali.cc:105) Processed 4000 utterances; for utterance s01ms2ktk00-20150803-Koreanfactory2SNR10-s01a134 avg. like is -43.1075 over 153 frames.
LOG (gmm-acc-stats-ali[5.5.52-6d919]:main():gmm-acc-stats-ali.cc:105) Processed 4050 utterances; for utterance s01ms3jjh00-20150803-Korean-s01a043 avg. like is -49.6681 over 223 frames.
LOG (gmm-acc-stats-ali[5.5.52-6d919]:main():gmm-acc-stats-ali.cc:105) Processed 4100 utterances; for utterance s01ms3jjh00-20150803-Korean-s01a093 avg. like is -50.4375 over 192 frames.
LOG (gmm-acc-stats-ali[5.5.52-6d919]:main():gmm-acc-stats-ali.cc:105) Processed 4150 utterances; for utterance s01ms3jjh00-20150803-Koreanleopard1SNR10-s01a003 avg. like is -48.329 over 227 frames.
LOG (gmm-acc-stats-ali[5.5.52-6d919]:main():gmm-acc-stats-ali.cc:105) Processed 4200 utterances; for utterance s01ms3jjh00-20150803-Koreanleopard1SNR10-s01a053 avg. like is -45.4362 over 287 frames.
LOG (gmm-acc-stats-ali[5.5.52-6d919]:main():gmm-acc-stats-ali.cc:105) Processed 4250 utterances; for utterance s01ms3jjh00-20150803-Koreanleopard1SNR10-s01a103 avg. like is -46.6792 over 288 frames.
LOG (gmm-acc-stats-ali[5.5.52-6d919]:main():gmm-acc-stats-ali.cc:105) Processed 4300 utterances; for utterance s01ms4cby00-20150803-Korean-s01a013 avg. like is -50.1182 over 274 frames.
LOG (gmm-acc-stats-ali[5.5.52-6d919]:main():gmm-acc-stats-ali.cc:105) Processed 4350 utterances; for utterance s01ms4cby00-20150803-Korean-s01a063 avg. like is -48.8444 over 242 frames.
LOG (gmm-acc-stats-ali[5.5.52-6d919]:main():gmm-acc-stats-ali.cc:105) Processed 4400 utterances; for utterance s01ms4cby00-20150803-Korean-s01a113 avg. like is -47.9334 over 219 frames.
LOG (gmm-acc-stats-ali[5.5.52-6d919]:main():gmm-acc-stats-ali.cc:105) Processed 4450 utterances; for utterance s01ms4cby00-20150803-KoreanhfchannelSNR10-s01a022 avg. like is -42.5374 over 283 frames.
LOG (gmm-acc-stats-ali[5.5.52-6d919]:main():gmm-acc-stats-ali.cc:105) Processed 4500 utterances; for utterance s01ms4cby00-20150803-KoreanhfchannelSNR10-s01a072 avg. like is -41.9866 over 327 frames.
LOG (gmm-acc-stats-ali[5.5.52-6d919]:main():gmm-acc-stats-ali.cc:105) Processed 4550 utterances; for utterance s01ms4cby00-20150803-KoreanhfchannelSNR10-s01a122 avg. like is -42.0183 over 214 frames.
LOG (gmm-acc-stats-ali[5.5.52-6d919]:main():gmm-acc-stats-ali.cc:105) Processed 4600 utterances; for utterance s01ms4skd00-20150803-Korean-s01a031 avg. like is -57.1224 over 252 frames.
LOG (gmm-acc-stats-ali[5.5.52-6d919]:main():gmm-acc-stats-ali.cc:105) Processed 4650 utterances; for utterance s01ms4skd00-20150803-Korean-s01a082 avg. like is -49.0294 over 296 frames.
LOG (gmm-acc-stats-ali[5.5.52-6d919]:main():gmm-acc-stats-ali.cc:105) Processed 4700 utterances; for utterance s01ms4skd00-20150803-Korean-s01a133 avg. like is -44.5521 over 211 frames.
LOG (gmm-acc-stats-ali[5.5.52-6d919]:main():gmm-acc-stats-ali.cc:105) Processed 4750 utterances; for utterance s01ms4skd00-20150803-Koreanfactory2SNR10-s01a042 avg. like is -43.3924 over 242 frames.
LOG (gmm-acc-stats-ali[5.5.52-6d919]:main():gmm-acc-stats-ali.cc:105) Processed 4800 utterances; for utterance s01ms4skd00-20150803-Koreanfactory2SNR10-s01a094 avg. like is -47.3834 over 283 frames.
LOG (gmm-acc-stats-ali[5.5.52-6d919]:main():gmm-acc-stats-ali.cc:105) Processed 4850 utterances; for utterance s030fks3jsh00-20150804-Korean-set030003 avg. like is -49.2402 over 758 frames.
LOG (gmm-acc-stats-ali[5.5.52-6d919]:main():gmm-acc-stats-ali.cc:105) Processed 4900 utterances; for utterance s030fks3jsh00-20150804-Korean-set030053 avg. like is -50.4901 over 1258 frames.
LOG (gmm-acc-stats-ali[5.5.52-6d919]:main():gmm-acc-stats-ali.cc:105) Processed 4950 utterances; for utterance s030fks3jsh00-20150804-Korean-set030103 avg. like is -48.1091 over 1068 frames.
LOG (gmm-acc-stats-ali[5.5.52-6d919]:main():gmm-acc-stats-ali.cc:105) Processed 5000 utterances; for utterance s030fks3jsh00-20150804-Koreanleopard2SNR10-set030047 avg. like is -42.7177 over 868 frames.
LOG (gmm-acc-stats-ali[5.5.52-6d919]:main():gmm-acc-stats-ali.cc:105) Processed 5050 utterances; for utterance s030fks3jsh00-20150804-Koreanleopard2SNR10-set030097 avg. like is -41.3359 over 698 frames.
LOG (gmm-acc-stats-ali[5.5.52-6d919]:main():gmm-acc-stats-ali.cc:105) Processed 5100 utterances; for utterance s030m2jkt00-20150804-Korean-set030041 avg. like is -47.1628 over 939 frames.
LOG (gmm-acc-stats-ali[5.5.52-6d919]:main():gmm-acc-stats-ali.cc:105) Processed 5150 utterances; for utterance s030m2jkt00-20150804-Korean-set030091 avg. like is -47.0773 over 653 frames.
LOG (gmm-acc-stats-ali[5.5.52-6d919]:main():gmm-acc-stats-ali.cc:105) Processed 5200 utterances; for utterance s030m2jkt00-20150804-KoreanvolvoSNR10-set030035 avg. like is -46.4915 over 630 frames.
LOG (gmm-acc-stats-ali[5.5.52-6d919]:main():gmm-acc-stats-ali.cc:105) Processed 5250 utterances; for utterance s030m2jkt00-20150804-KoreanvolvoSNR10-set030085 avg. like is -44.577 over 769 frames.
LOG (gmm-acc-stats-ali[5.5.52-6d919]:main():gmm-acc-stats-ali.cc:105) Processed 5300 utterances; for utterance s030m2jkt00_r-20150804-Korean-set030029 avg. like is -55.3928 over 548 frames.
LOG (gmm-acc-stats-ali[5.5.52-6d919]:main():gmm-acc-stats-ali.cc:105) Processed 5350 utterances; for utterance s030m2jkt00_r-20150804-Korean-set030079 avg. like is -48.205 over 493 frames.
LOG (gmm-acc-stats-ali[5.5.52-6d919]:main():gmm-acc-stats-ali.cc:105) Processed 5400 utterances; for utterance s030m2jkt00_r-20150804-Koreancar1SNR10-set030023 avg. like is -49.6504 over 720 frames.
LOG (gmm-acc-stats-ali[5.5.52-6d919]:main():gmm-acc-stats-ali.cc:105) Processed 5450 utterances; for utterance s030m2jkt00_r-20150804-Koreancar1SNR10-set030073 avg. like is -47.3766 over 505 frames.
LOG (gmm-acc-stats-ali[5.5.52-6d919]:main():gmm-acc-stats-ali.cc:105) Processed 5500 utterances; for utterance s030mss3kkj00-20150804-Korean-set030017 avg. like is -53.339 over 1358 frames.
LOG (gmm-acc-stats-ali[5.5.52-6d919]:main():gmm-acc-stats-ali.cc:105) Processed 5550 utterances; for utterance s030mss3kkj00-20150804-Korean-set030067 avg. like is -48.3655 over 648 frames.
LOG (gmm-acc-stats-ali[5.5.52-6d919]:main():gmm-acc-stats-ali.cc:105) Processed 5600 utterances; for utterance s030mss3kkj00-20150804-Koreanbabble1SNR10-set030011 avg. like is -47.9631 over 1068 frames.
LOG (gmm-acc-stats-ali[5.5.52-6d919]:main():gmm-acc-stats-ali.cc:105) Processed 5650 utterances; for utterance s030mss3kkj00-20150804-Koreanbabble1SNR10-set030061 avg. like is -49.8069 over 758 frames.
LOG (gmm-acc-stats-ali[5.5.52-6d919]:main():gmm-acc-stats-ali.cc:105) Processed 5700 utterances; for utterance s031fss3phj00-20150804-Korean-set031005 avg. like is -52.3199 over 1298 frames.
LOG (gmm-acc-stats-ali[5.5.52-6d919]:main():gmm-acc-stats-ali.cc:105) Processed 5750 utterances; for utterance s031fss3phj00-20150804-Korean-set031055 avg. like is -48.2767 over 708 frames.
LOG (gmm-acc-stats-ali[5.5.52-6d919]:main():gmm-acc-stats-ali.cc:105) Processed 5800 utterances; for utterance s031fss3phj00-20150804-Korean-set031105 avg. like is -50.4851 over 668 frames.
LOG (gmm-acc-stats-ali[5.5.52-6d919]:main():gmm-acc-stats-ali.cc:105) Processed 5850 utterances; for utterance s031fss3phj00-20150804-KoreanbabbleSNR10-set031050 avg. like is -47.7333 over 548 frames.
LOG (gmm-acc-stats-ali[5.5.52-6d919]:main():gmm-acc-stats-ali.cc:105) Processed 5900 utterances; for utterance s031fss3phj00-20150804-KoreanbabbleSNR10-set031100 avg. like is -48.1862 over 398 frames.
LOG (gmm-acc-stats-ali[5.5.52-6d919]:main():gmm-acc-stats-ali.cc:105) Processed 5950 utterances; for utterance s031m2sjh00-20150804-Korean-set031045 avg. like is -53.5131 over 385 frames.
LOG (gmm-acc-stats-ali[5.5.52-6d919]:main():gmm-acc-stats-ali.cc:105) Processed 6000 utterances; for utterance s031m2sjh00-20150804-Korean-set031095 avg. like is -53.4478 over 299 frames.
LOG (gmm-acc-stats-ali[5.5.52-6d919]:main():gmm-acc-stats-ali.cc:105) Processed 6050 utterances; for utterance s031m2sjh00-20150804-Koreanfactory2SNR10-set031040 avg. like is -43.1672 over 619 frames.
LOG (gmm-acc-stats-ali[5.5.52-6d919]:main():gmm-acc-stats-ali.cc:105) Processed 6100 utterances; for utterance s031m2sjh00-20150804-Koreanfactory2SNR10-set031090 avg. like is -44.7536 over 338 frames.
LOG (gmm-acc-stats-ali[5.5.52-6d919]:main():gmm-acc-stats-ali.cc:105) Processed 6150 utterances; for utterance s031m2sjh00_r-20150804-Korean-set031035 avg. like is -55.4963 over 584 frames.
LOG (gmm-acc-stats-ali[5.5.52-6d919]:main():gmm-acc-stats-ali.cc:105) Processed 6200 utterances; for utterance s031m2sjh00_r-20150804-Korean-set031085 avg. like is -52.9578 over 331 frames.
LOG (gmm-acc-stats-ali[5.5.52-6d919]:main():gmm-acc-stats-ali.cc:105) Processed 6250 utterances; for utterance s031m2sjh00_r-20150804-KoreanwhiteSNR10-set031030 avg. like is -39.9601 over 392 frames.
LOG (gmm-acc-stats-ali[5.5.52-6d919]:main():gmm-acc-stats-ali.cc:105) Processed 6300 utterances; for utterance s031m2sjh00_r-20150804-KoreanwhiteSNR10-set031080 avg. like is -42.8893 over 336 frames.
LOG (gmm-acc-stats-ali[5.5.52-6d919]:main():gmm-acc-stats-ali.cc:105) Processed 6350 utterances; for utterance s031mss2ljk00-20150804-Korean-set031025 avg. like is -47.9089 over 658 frames.
LOG (gmm-acc-stats-ali[5.5.52-6d919]:main():gmm-acc-stats-ali.cc:105) Processed 6400 utterances; for utterance s031mss2ljk00-20150804-Korean-set031075 avg. like is -51.832 over 948 frames.
LOG (gmm-acc-stats-ali[5.5.52-6d919]:main():gmm-acc-stats-ali.cc:105) Processed 6450 utterances; for utterance s031mss2ljk00-20150804-KoreanwhiteSNR10-set031020 avg. like is -40.8719 over 838 frames.
LOG (gmm-acc-stats-ali[5.5.52-6d919]:main():gmm-acc-stats-ali.cc:105) Processed 6500 utterances; for utterance s031mss2ljk00-20150804-KoreanwhiteSNR10-set031070 avg. like is -40.2999 over 478 frames.
LOG (gmm-acc-stats-ali[5.5.52-6d919]:main():gmm-acc-stats-ali.cc:105) Processed 6550 utterances; for utterance s032fss3yhj00-20150804-Korean-set032015 avg. like is -52.2458 over 848 frames.
LOG (gmm-acc-stats-ali[5.5.52-6d919]:main():gmm-acc-stats-ali.cc:105) Processed 6600 utterances; for utterance s032fss3yhj00-20150804-Korean-set032065 avg. like is -51.161 over 548 frames.
LOG (gmm-acc-stats-ali[5.5.52-6d919]:main():gmm-acc-stats-ali.cc:105) Processed 6650 utterances; for utterance s032fss3yhj00-20150804-KoreanpinkSNR10-set032010 avg. like is -39.9223 over 958 frames.
LOG (gmm-acc-stats-ali[5.5.52-6d919]:main():gmm-acc-stats-ali.cc:105) Processed 6700 utterances; for utterance s032fss3yhj00-20150804-KoreanpinkSNR10-set032060 avg. like is -39.8898 over 658 frames.
LOG (gmm-acc-stats-ali[5.5.52-6d919]:main():gmm-acc-stats-ali.cc:105) Processed 6750 utterances; for utterance s032m2kyc00-20150804-Korean-set032005 avg. like is -55.9112 over 1254 frames.
WARNING (gmm-acc-stats-ali[5.5.52-6d919]:main():gmm-acc-stats-ali.cc:79) No alignment for utterance s032m2kyc00-20150804-Korean-set032013
LOG (gmm-acc-stats-ali[5.5.52-6d919]:main():gmm-acc-stats-ali.cc:105) Processed 6800 utterances; for utterance s032m2kyc00-20150804-Korean-set032056 avg. like is -51.9103 over 435 frames.
LOG (gmm-acc-stats-ali[5.5.52-6d919]:main():gmm-acc-stats-ali.cc:105) Processed 6850 utterances; for utterance s032m2kyc00-20150804-KoreanwhiteSNR10-set032001 avg. like is -42.8606 over 899 frames.
LOG (gmm-acc-stats-ali[5.5.52-6d919]:main():gmm-acc-stats-ali.cc:105) Processed 6900 utterances; for utterance s032m2kyc00-20150804-KoreanwhiteSNR10-set032051 avg. like is -44.1807 over 324 frames.
LOG (gmm-acc-stats-ali[5.5.52-6d919]:main():gmm-acc-stats-ali.cc:105) Processed 6950 utterances; for utterance s032m2kyc00-20150804-KoreanwhiteSNR10-set032101 avg. like is -43.9282 over 524 frames.
WARNING (gmm-acc-stats-ali[5.5.52-6d919]:main():gmm-acc-stats-ali.cc:79) No alignment for utterance s032m2kyc00_r-20150804-Korean-set032013
LOG (gmm-acc-stats-ali[5.5.52-6d919]:main():gmm-acc-stats-ali.cc:105) Processed 7000 utterances; for utterance s032m2kyc00_r-20150804-Korean-set032047 avg. like is -49.9495 over 481 frames.
LOG (gmm-acc-stats-ali[5.5.52-6d919]:main():gmm-acc-stats-ali.cc:105) Processed 7050 utterances; for utterance s032m2kyc00_r-20150804-Korean-set032097 avg. like is -50.6228 over 521 frames.
LOG (gmm-acc-stats-ali[5.5.52-6d919]:main():gmm-acc-stats-ali.cc:105) Processed 7100 utterances; for utterance s032m2kyc00_r-20150804-Koreanleopard1SNR10-set032042 avg. like is -47.4618 over 963 frames.
LOG (gmm-acc-stats-ali[5.5.52-6d919]:main():gmm-acc-stats-ali.cc:105) Processed 7150 utterances; for utterance s032m2kyc00_r-20150804-Koreanleopard1SNR10-set032092 avg. like is -49.3708 over 417 frames.
LOG (gmm-acc-stats-ali[5.5.52-6d919]:main():gmm-acc-stats-ali.cc:105) Processed 7200 utterances; for utterance s032mcc3kss01-20150804-Korean-set032037 avg. like is -45.8875 over 598 frames.
LOG (gmm-acc-stats-ali[5.5.52-6d919]:main():gmm-acc-stats-ali.cc:105) Processed 7250 utterances; for utterance s032mcc3kss01-20150804-Korean-set032087 avg. like is -50.3455 over 698 frames.
LOG (gmm-acc-stats-ali[5.5.52-6d919]:main():gmm-acc-stats-ali.cc:105) Processed 7300 utterances; for utterance s033fjr4sdj01-20150804-Korean-set033032 avg. like is -50.304 over 668 frames.
LOG (gmm-acc-stats-ali[5.5.52-6d919]:main():gmm-acc-stats-ali.cc:105) Processed 7350 utterances; for utterance s033fjr4sdj01-20150804-Korean-set033082 avg. like is -50.5955 over 738 frames.
LOG (gmm-acc-stats-ali[5.5.52-6d919]:main():gmm-acc-stats-ali.cc:105) Processed 7400 utterances; for utterance s033fjr4sdj01-20150804-Koreanfactory2SNR10-set033027 avg. like is -40.6492 over 648 frames.
LOG (gmm-acc-stats-ali[5.5.52-6d919]:main():gmm-acc-stats-ali.cc:105) Processed 7450 utterances; for utterance s033fjr4sdj01-20150804-Koreanfactory2SNR10-set033077 avg. like is -41.976 over 538 frames.
LOG (gmm-acc-stats-ali[5.5.52-6d919]:main():gmm-acc-stats-ali.cc:105) Processed 7500 utterances; for utterance s033m2kdh00-20150804-Korean-set033022 avg. like is -49.6808 over 394 frames.
LOG (gmm-acc-stats-ali[5.5.52-6d919]:main():gmm-acc-stats-ali.cc:105) Processed 7550 utterances; for utterance s033m2kdh00-20150804-Korean-set033072 avg. like is -53.184 over 324 frames.
LOG (gmm-acc-stats-ali[5.5.52-6d919]:main():gmm-acc-stats-ali.cc:105) Processed 7600 utterances; for utterance s033m2kdh00-20150804-KoreancarSNR10-set033017 avg. like is -45.6542 over 332 frames.
LOG (gmm-acc-stats-ali[5.5.52-6d919]:main():gmm-acc-stats-ali.cc:105) Processed 7650 utterances; for utterance s033m2kdh00-20150804-KoreancarSNR10-set033067 avg. like is -47.823 over 289 frames.
LOG (gmm-acc-stats-ali[5.5.52-6d919]:main():gmm-acc-stats-ali.cc:105) Processed 7700 utterances; for utterance s033m2kdh00_r-20150804-Korean-set033012 avg. like is -52.5664 over 887 frames.
LOG (gmm-acc-stats-ali[5.5.52-6d919]:main():gmm-acc-stats-ali.cc:105) Processed 7750 utterances; for utterance s033m2kdh00_r-20150804-Korean-set033062 avg. like is -50.2701 over 452 frames.
LOG (gmm-acc-stats-ali[5.5.52-6d919]:main():gmm-acc-stats-ali.cc:105) Processed 7800 utterances; for utterance s033m2kdh00_r-20150804-KoreancarSNR10-set033007 avg. like is -46.9805 over 965 frames.
LOG (gmm-acc-stats-ali[5.5.52-6d919]:main():gmm-acc-stats-ali.cc:105) Processed 7850 utterances; for utterance s033m2kdh00_r-20150804-KoreancarSNR10-set033057 avg. like is -46.8701 over 493 frames.
LOG (gmm-acc-stats-ali[5.5.52-6d919]:main():gmm-acc-stats-ali.cc:105) Processed 7900 utterances; for utterance s033mss2kks00-20150804-Korean-set033002 avg. like is -53.8114 over 728 frames.
LOG (gmm-acc-stats-ali[5.5.52-6d919]:main():gmm-acc-stats-ali.cc:105) Processed 7950 utterances; for utterance s033mss2kks00-20150804-Korean-set033052 avg. like is -51.887 over 508 frames.
LOG (gmm-acc-stats-ali[5.5.52-6d919]:main():gmm-acc-stats-ali.cc:105) Processed 8000 utterances; for utterance s033mss2kks00-20150804-Korean-set033102 avg. like is -50.6485 over 678 frames.
LOG (gmm-acc-stats-ali[5.5.52-6d919]:main():gmm-acc-stats-ali.cc:105) Processed 8050 utterances; for utterance s033mss2kks00-20150804-KoreanwhiteSNR10-set033047 avg. like is -41.0122 over 788 frames.
LOG (gmm-acc-stats-ali[5.5.52-6d919]:main():gmm-acc-stats-ali.cc:105) Processed 8100 utterances; for utterance s033mss2kks00-20150804-KoreanwhiteSNR10-set033097 avg. like is -41.4626 over 678 frames.
LOG (gmm-acc-stats-ali[5.5.52-6d919]:main():gmm-acc-stats-ali.cc:105) Processed 8150 utterances; for utterance s034fjr2ksy04-20150804-Korean-set034042 avg. like is -52.2546 over 478 frames.
LOG (gmm-acc-stats-ali[5.5.52-6d919]:main():gmm-acc-stats-ali.cc:105) Processed 8200 utterances; for utterance s034fjr2ksy04-20150804-Korean-set034092 avg. like is -47.8551 over 538 frames.
LOG (gmm-acc-stats-ali[5.5.52-6d919]:main():gmm-acc-stats-ali.cc:105) Processed 8250 utterances; for utterance s034fjr2ksy04-20150804-KoreanleopardSNR10-set034037 avg. like is -47.0094 over 538 frames.
LOG (gmm-acc-stats-ali[5.5.52-6d919]:main():gmm-acc-stats-ali.cc:105) Processed 8300 utterances; for utterance s034fjr2ksy04-20150804-KoreanleopardSNR10-set034087 avg. like is -46.1084 over 788 frames.
LOG (gmm-acc-stats-ali[5.5.52-6d919]:main():gmm-acc-stats-ali.cc:105) Processed 8350 utterances; for utterance s034m2kmj00-20150804-Korean-set034032 avg. like is -54.0641 over 339 frames.
LOG (gmm-acc-stats-ali[5.5.52-6d919]:main():gmm-acc-stats-ali.cc:105) Processed 8400 utterances; for utterance s034m2kmj00-20150804-Korean-set034082 avg. like is -55.4022 over 449 frames.
LOG (gmm-acc-stats-ali[5.5.52-6d919]:main():gmm-acc-stats-ali.cc:105) Processed 8450 utterances; for utterance s034m2kmj00-20150804-KoreandestroyeropsSNR10-set034026 avg. like is -44.4903 over 584 frames.
LOG (gmm-acc-stats-ali[5.5.52-6d919]:main():gmm-acc-stats-ali.cc:105) Processed 8500 utterances; for utterance s034m2kmj00-20150804-KoreandestroyeropsSNR10-set034076 avg. like is -44.6725 over 521 frames.
LOG (gmm-acc-stats-ali[5.5.52-6d919]:main():gmm-acc-stats-ali.cc:105) Processed 8550 utterances; for utterance s034m2kmj00_r-20150804-Korean-set034020 avg. like is -58.467 over 394 frames.
LOG (gmm-acc-stats-ali[5.5.52-6d919]:main():gmm-acc-stats-ali.cc:105) Processed 8600 utterances; for utterance s034m2kmj00_r-20150804-Korean-set034070 avg. like is -53.1155 over 395 frames.
LOG (gmm-acc-stats-ali[5.5.52-6d919]:main():gmm-acc-stats-ali.cc:105) Processed 8650 utterances; for utterance s034m2kmj00_r-20150804-Koreanfactory2SNR10-set034014 avg. like is -46.4643 over 1016 frames.
LOG (gmm-acc-stats-ali[5.5.52-6d919]:main():gmm-acc-stats-ali.cc:105) Processed 8700 utterances; for utterance s034m2kmj00_r-20150804-Koreanfactory2SNR10-set034064 avg. like is -46.6085 over 342 frames.
LOG (gmm-acc-stats-ali[5.5.52-6d919]:main():gmm-acc-stats-ali.cc:105) Processed 8750 utterances; for utterance s034mcc3ksy00-20150804-Korean-set034008 avg. like is -51.2966 over 1008 frames.
LOG (gmm-acc-stats-ali[5.5.52-6d919]:main():gmm-acc-stats-ali.cc:105) Processed 8800 utterances; for utterance s034mcc3ksy00-20150804-Korean-set034058 avg. like is -47.9512 over 608 frames.
LOG (gmm-acc-stats-ali[5.5.52-6d919]:main():gmm-acc-stats-ali.cc:105) Processed 8850 utterances; for utterance s034mcc3ksy00-20150804-Koreanleopard2SNR10-set034003 avg. like is -47.7158 over 1098 frames.
LOG (gmm-acc-stats-ali[5.5.52-6d919]:main():gmm-acc-stats-ali.cc:105) Processed 8900 utterances; for utterance s034mcc3ksy00-20150804-Koreanleopard2SNR10-set034053 avg. like is -45.177 over 608 frames.
LOG (gmm-acc-stats-ali[5.5.52-6d919]:main():gmm-acc-stats-ali.cc:105) Processed 8950 utterances; for utterance s034mcc3ksy00-20150804-Koreanleopard2SNR10-set034103 avg. like is -44.7606 over 508 frames.
LOG (gmm-acc-stats-ali[5.5.52-6d919]:main():gmm-acc-stats-ali.cc:105) Processed 9000 utterances; for utterance s035fss2cmh01-20150804-Korean-set035048 avg. like is -50.4002 over 988 frames.
LOG (gmm-acc-stats-ali[5.5.52-6d919]:main():gmm-acc-stats-ali.cc:105) Processed 9050 utterances; for utterance s035fss2cmh01-20150804-Korean-set035098 avg. like is -49.2963 over 808 frames.
LOG (gmm-acc-stats-ali[5.5.52-6d919]:main():gmm-acc-stats-ali.cc:105) Processed 9100 utterances; for utterance s035fss2cmh01-20150804-Koreanleopard2SNR10-set035043 avg. like is -43.4042 over 878 frames.
LOG (gmm-acc-stats-ali[5.5.52-6d919]:main():gmm-acc-stats-ali.cc:105) Processed 9150 utterances; for utterance s035fss2cmh01-20150804-Koreanleopard2SNR10-set035093 avg. like is -42.3855 over 588 frames.
LOG (gmm-acc-stats-ali[5.5.52-6d919]:main():gmm-acc-stats-ali.cc:105) Processed 9200 utterances; for utterance s035m2psh00-20150804-Korean-set035038 avg. like is -53.7447 over 365 frames.
LOG (gmm-acc-stats-ali[5.5.52-6d919]:main():gmm-acc-stats-ali.cc:105) Processed 9250 utterances; for utterance s035m2psh00-20150804-Korean-set035088 avg. like is -53.5271 over 660 frames.
LOG (gmm-acc-stats-ali[5.5.52-6d919]:main():gmm-acc-stats-ali.cc:105) Processed 9300 utterances; for utterance s035m2psh00-20150804-KoreanbabbleSNR10-set035032 avg. like is -48.8288 over 537 frames.
LOG (gmm-acc-stats-ali[5.5.52-6d919]:main():gmm-acc-stats-ali.cc:105) Processed 9350 utterances; for utterance s035m2psh00-20150804-KoreanbabbleSNR10-set035082 avg. like is -48.0753 over 501 frames.
LOG (gmm-acc-stats-ali[5.5.52-6d919]:main():gmm-acc-stats-ali.cc:105) Processed 9400 utterances; for utterance s035m2psh00_r-20150804-Korean-set035026 avg. like is -54.4444 over 321 frames.
LOG (gmm-acc-stats-ali[5.5.52-6d919]:main():gmm-acc-stats-ali.cc:105) Processed 9450 utterances; for utterance s035m2psh00_r-20150804-Korean-set035076 avg. like is -52.6292 over 483 frames.
LOG (gmm-acc-stats-ali[5.5.52-6d919]:main():gmm-acc-stats-ali.cc:105) Processed 9500 utterances; for utterance s035m2psh00_r-20150804-KoreanwhiteSNR10-set035020 avg. like is -42.1743 over 412 frames.
LOG (gmm-acc-stats-ali[5.5.52-6d919]:main():gmm-acc-stats-ali.cc:105) Processed 9550 utterances; for utterance s035m2psh00_r-20150804-KoreanwhiteSNR10-set035070 avg. like is -42.1641 over 329 frames.
LOG (gmm-acc-stats-ali[5.5.52-6d919]:main():gmm-acc-stats-ali.cc:105) Processed 9600 utterances; for utterance s035mss5pks00-20150804-Korean-set035014 avg. like is -53.1281 over 1178 frames.
LOG (gmm-acc-stats-ali[5.5.52-6d919]:main():gmm-acc-stats-ali.cc:105) Processed 9650 utterances; for utterance s035mss5pks00-20150804-Korean-set035064 avg. like is -46.8909 over 698 frames.
LOG (gmm-acc-stats-ali[5.5.52-6d919]:main():gmm-acc-stats-ali.cc:105) Processed 9700 utterances; for utterance s035mss5pks00-20150804-Koreanleopard2SNR10-set035009 avg. like is -46.2041 over 1298 frames.
LOG (gmm-acc-stats-ali[5.5.52-6d919]:main():gmm-acc-stats-ali.cc:105) Processed 9750 utterances; for utterance s035mss5pks00-20150804-Koreanleopard2SNR10-set035059 avg. like is -42.1307 over 778 frames.
LOG (gmm-acc-stats-ali[5.5.52-6d919]:main():gmm-acc-stats-ali.cc:105) Processed 9800 utterances; for utterance s036fcc3kyj00-20150804-Korean-set036004 avg. like is -47.7418 over 1038 frames.
LOG (gmm-acc-stats-ali[5.5.52-6d919]:main():gmm-acc-stats-ali.cc:105) Processed 9850 utterances; for utterance s036fcc3kyj00-20150804-Korean-set036054 avg. like is -48.9311 over 1018 frames.
LOG (gmm-acc-stats-ali[5.5.52-6d919]:main():gmm-acc-stats-ali.cc:105) Processed 9900 utterances; for utterance s036fcc3kyj00-20150804-Korean-set036104 avg. like is -46.8274 over 878 frames.
LOG (gmm-acc-stats-ali[5.5.52-6d919]:main():gmm-acc-stats-ali.cc:105) Processed 9950 utterances; for utterance s036fcc3kyj00-20150804-KoreanvolvoSNR10-set036049 avg. like is -43.5237 over 708 frames.
LOG (gmm-acc-stats-ali[5.5.52-6d919]:main():gmm-acc-stats-ali.cc:105) Processed 10000 utterances; for utterance s036fcc3kyj00-20150804-KoreanvolvoSNR10-set036099 avg. like is -43.5413 over 708 frames.
LOG (gmm-acc-stats-ali[5.5.52-6d919]:main():gmm-acc-stats-ali.cc:105) Processed 10050 utterances; for utterance s036m2lkw00-20150804-Korean-set036044 avg. like is -54.8411 over 313 frames.
LOG (gmm-acc-stats-ali[5.5.52-6d919]:main():gmm-acc-stats-ali.cc:105) Processed 10100 utterances; for utterance s036m2lkw00-20150804-Korean-set036094 avg. like is -53.8854 over 568 frames.
LOG (gmm-acc-stats-ali[5.5.52-6d919]:main():gmm-acc-stats-ali.cc:105) Processed 10150 utterances; for utterance s036m2lkw00-20150804-KoreanpinkSNR10-set036039 avg. like is -41.1401 over 299 frames.
LOG (gmm-acc-stats-ali[5.5.52-6d919]:main():gmm-acc-stats-ali.cc:105) Processed 10200 utterances; for utterance s036m2lkw00-20150804-KoreanpinkSNR10-set036089 avg. like is -40.842 over 360 frames.
LOG (gmm-acc-stats-ali[5.5.52-6d919]:main():gmm-acc-stats-ali.cc:105) Processed 10250 utterances; for utterance s036m2lkw00_r-20150804-Korean-set036034 avg. like is -51.6476 over 433 frames.
LOG (gmm-acc-stats-ali[5.5.52-6d919]:main():gmm-acc-stats-ali.cc:105) Processed 10300 utterances; for utterance s036m2lkw00_r-20150804-Korean-set036084 avg. like is -54.4028 over 420 frames.
LOG (gmm-acc-stats-ali[5.5.52-6d919]:main():gmm-acc-stats-ali.cc:105) Processed 10350 utterances; for utterance s036m2lkw00_r-20150804-Koreancar1SNR10-set036029 avg. like is -45.7521 over 309 frames.
LOG (gmm-acc-stats-ali[5.5.52-6d919]:main():gmm-acc-stats-ali.cc:105) Processed 10400 utterances; for utterance s036m2lkw00_r-20150804-Koreancar1SNR10-set036079 avg. like is -45.0307 over 893 frames.
LOG (gmm-acc-stats-ali[5.5.52-6d919]:main():gmm-acc-stats-ali.cc:105) Processed 10450 utterances; for utterance s036mcc2mhg00-20150804-Korean-set036024 avg. like is -51.8905 over 668 frames.
LOG (gmm-acc-stats-ali[5.5.52-6d919]:main():gmm-acc-stats-ali.cc:105) Processed 10500 utterances; for utterance s036mcc2mhg00-20150804-Korean-set036074 avg. like is -49.9919 over 668 frames.
LOG (gmm-acc-stats-ali[5.5.52-6d919]:main():gmm-acc-stats-ali.cc:105) Processed 10550 utterances; for utterance s036mcc2mhg00-20150804-KoreanwhiteSNR10-set036019 avg. like is -40.2789 over 788 frames.
LOG (gmm-acc-stats-ali[5.5.52-6d919]:main():gmm-acc-stats-ali.cc:105) Processed 10600 utterances; for utterance s036mcc2mhg00-20150804-KoreanwhiteSNR10-set036069 avg. like is -39.905 over 518 frames.
LOG (gmm-acc-stats-ali[5.5.52-6d919]:main():gmm-acc-stats-ali.cc:105) Processed 10650 utterances; for utterance s037fjr2ybl00-20150804-Korean-set037014 avg. like is -49.5142 over 788 frames.
LOG (gmm-acc-stats-ali[5.5.52-6d919]:main():gmm-acc-stats-ali.cc:105) Processed 10700 utterances; for utterance s037fjr2ybl00-20150804-Korean-set037064 avg. like is -46.2641 over 578 frames.
LOG (gmm-acc-stats-ali[5.5.52-6d919]:main():gmm-acc-stats-ali.cc:105) Processed 10750 utterances; for utterance s037fjr2ybl00-20150804-KoreanvolvoSNR10-set037009 avg. like is -45.7818 over 688 frames.
LOG (gmm-acc-stats-ali[5.5.52-6d919]:main():gmm-acc-stats-ali.cc:105) Processed 10800 utterances; for utterance s037fjr2ybl00-20150804-KoreanvolvoSNR10-set037059 avg. like is -43.7909 over 588 frames.
LOG (gmm-acc-stats-ali[5.5.52-6d919]:main():gmm-acc-stats-ali.cc:105) Processed 10850 utterances; for utterance s037m2nhc00_r-20150804-Korean-set037004 avg. like is -52.382 over 758 frames.
LOG (gmm-acc-stats-ali[5.5.52-6d919]:main():gmm-acc-stats-ali.cc:105) Processed 10900 utterances; for utterance s037m2nhc00_r-20150804-Korean-set037054 avg. like is -56.0182 over 267 frames.
LOG (gmm-acc-stats-ali[5.5.52-6d919]:main():gmm-acc-stats-ali.cc:105) Processed 10950 utterances; for utterance s037m2nhc00_r-20150804-Korean-set037104 avg. like is -53.2761 over 307 frames.
LOG (gmm-acc-stats-ali[5.5.52-6d919]:main():gmm-acc-stats-ali.cc:105) Processed 11000 utterances; for utterance s037m2nhc00_r-20150804-KoreancarSNR10-set037049 avg. like is -48.5302 over 289 frames.
LOG (gmm-acc-stats-ali[5.5.52-6d919]:main():gmm-acc-stats-ali.cc:105) Processed 11050 utterances; for utterance s037m2nhc00_r-20150804-KoreancarSNR10-set037099 avg. like is -47.7843 over 344 frames.
LOG (gmm-acc-stats-ali[5.5.52-6d919]:main():gmm-acc-stats-ali.cc:105) Processed 11100 utterances; for utterance s037mss5kjw00-20150804-Korean-set037044 avg. like is -45.7282 over 618 frames.
LOG (gmm-acc-stats-ali[5.5.52-6d919]:main():gmm-acc-stats-ali.cc:105) Processed 11150 utterances; for utterance s037mss5kjw00-20150804-Korean-set037094 avg. like is -46.8413 over 888 frames.
LOG (gmm-acc-stats-ali[5.5.52-6d919]:main():gmm-acc-stats-ali.cc:105) Processed 11200 utterances; for utterance s037mss5kjw00-20150804-KoreanleopardSNR10-set037039 avg. like is -41.2383 over 658 frames.
LOG (gmm-acc-stats-ali[5.5.52-6d919]:main():gmm-acc-stats-ali.cc:105) Processed 11250 utterances; for utterance s037mss5kjw00-20150804-KoreanleopardSNR10-set037089 avg. like is -43.0048 over 748 frames.
LOG (gmm-acc-stats-ali[5.5.52-6d919]:main():gmm-acc-stats-ali.cc:105) Processed 11300 utterances; for utterance s038fss3rhk00-20150804-Korean-set038034 avg. like is -45.2675 over 1028 frames.
LOG (gmm-acc-stats-ali[5.5.52-6d919]:main():gmm-acc-stats-ali.cc:105) Processed 11350 utterances; for utterance s038fss3rhk00-20150804-Korean-set038084 avg. like is -44.1979 over 518 frames.
LOG (gmm-acc-stats-ali[5.5.52-6d919]:main():gmm-acc-stats-ali.cc:105) Processed 11400 utterances; for utterance s038m2kts00_r-20150804-Korean-set038029 avg. like is -51.0197 over 432 frames.
LOG (gmm-acc-stats-ali[5.5.52-6d919]:main():gmm-acc-stats-ali.cc:105) Processed 11450 utterances; for utterance s038m2kts00_r-20150804-Korean-set038079 avg. like is -48.8151 over 335 frames.
LOG (gmm-acc-stats-ali[5.5.52-6d919]:main():gmm-acc-stats-ali.cc:105) Processed 11500 utterances; for utterance s038m2kts00_r-20150804-KoreanpinkSNR10-set038024 avg. like is -41.2873 over 782 frames.
LOG (gmm-acc-stats-ali[5.5.52-6d919]:main():gmm-acc-stats-ali.cc:105) Processed 11550 utterances; for utterance s038m2kts00_r-20150804-KoreanpinkSNR10-set038074 avg. like is -42.4225 over 310 frames.
LOG (gmm-acc-stats-ali[5.5.52-6d919]:main():gmm-acc-stats-ali.cc:105) Processed 11600 utterances; for utterance s038mjr5ccs00-20150804-Korean-set038019 avg. like is -44.4646 over 688 frames.
LOG (gmm-acc-stats-ali[5.5.52-6d919]:main():gmm-acc-stats-ali.cc:105) Processed 11650 utterances; for utterance s038mjr5ccs00-20150804-Korean-set038069 avg. like is -47.4462 over 678 frames.
LOG (gmm-acc-stats-ali[5.5.52-6d919]:main():gmm-acc-stats-ali.cc:105) Processed 11700 utterances; for utterance s038mjr5ccs00-20150804-KoreanvolvoSNR10-set038014 avg. like is -46.7258 over 1108 frames.
LOG (gmm-acc-stats-ali[5.5.52-6d919]:main():gmm-acc-stats-ali.cc:105) Processed 11750 utterances; for utterance s038mjr5ccs00-20150804-KoreanvolvoSNR10-set038064 avg. like is -41.8569 over 718 frames.
LOG (gmm-acc-stats-ali[5.5.52-6d919]:main():gmm-acc-stats-ali.cc:105) Processed 11800 utterances; for utterance s039fjr3kjh03-20150804-Korean-set039009 avg. like is -53.3247 over 878 frames.
LOG (gmm-acc-stats-ali[5.5.52-6d919]:main():gmm-acc-stats-ali.cc:105) Processed 11850 utterances; for utterance s039fjr3kjh03-20150804-Korean-set039059 avg. like is -50.5645 over 1018 frames.
LOG (gmm-acc-stats-ali[5.5.52-6d919]:main():gmm-acc-stats-ali.cc:105) Processed 11900 utterances; for utterance s039fjr3kjh03-20150804-KoreandestroyeropsSNR10-set039004 avg. like is -46.7965 over 1278 frames.
LOG (gmm-acc-stats-ali[5.5.52-6d919]:main():gmm-acc-stats-ali.cc:105) Processed 11950 utterances; for utterance s039fjr3kjh03-20150804-KoreandestroyeropsSNR10-set039054 avg. like is -45.434 over 488 frames.
LOG (gmm-acc-stats-ali[5.5.52-6d919]:main():gmm-acc-stats-ali.cc:105) Processed 12000 utterances; for utterance s039fjr3kjh03-20150804-KoreandestroyeropsSNR10-set039104 avg. like is -42.9641 over 548 frames.
LOG (gmm-acc-stats-ali[5.5.52-6d919]:main():gmm-acc-stats-ali.cc:105) Processed 12050 utterances; for utterance s039m2kyk00-20150804-Korean-set039049 avg. like is -53.0223 over 286 frames.
LOG (gmm-acc-stats-ali[5.5.52-6d919]:main():gmm-acc-stats-ali.cc:105) Processed 12100 utterances; for utterance s039m2kyk00-20150804-Korean-set039099 avg. like is -51.0502 over 335 frames.
LOG (gmm-acc-stats-ali[5.5.52-6d919]:main():gmm-acc-stats-ali.cc:105) Processed 12150 utterances; for utterance s039m2kyk00-20150804-Koreanbabble2SNR10-set039043 avg. like is -46.2342 over 340 frames.
LOG (gmm-acc-stats-ali[5.5.52-6d919]:main():gmm-acc-stats-ali.cc:105) Processed 12200 utterances; for utterance s039m2kyk00-20150804-Koreanbabble2SNR10-set039093 avg. like is -46.2337 over 374 frames.
LOG (gmm-acc-stats-ali[5.5.52-6d919]:main():gmm-acc-stats-ali.cc:105) Processed 12250 utterances; for utterance s039m2kyk00_r-20150804-Korean-set039037 avg. like is -52.0682 over 374 frames.
LOG (gmm-acc-stats-ali[5.5.52-6d919]:main():gmm-acc-stats-ali.cc:105) Processed 12300 utterances; for utterance s039m2kyk00_r-20150804-Korean-set039087 avg. like is -47.9868 over 287 frames.
LOG (gmm-acc-stats-ali[5.5.52-6d919]:main():gmm-acc-stats-ali.cc:105) Processed 12350 utterances; for utterance s039m2kyk00_r-20150804-KoreanbabbleSNR10-set039031 avg. like is -47.408 over 342 frames.
LOG (gmm-acc-stats-ali[5.5.52-6d919]:main():gmm-acc-stats-ali.cc:105) Processed 12400 utterances; for utterance s039m2kyk00_r-20150804-KoreanbabbleSNR10-set039081 avg. like is -47.6684 over 316 frames.
LOG (gmm-acc-stats-ali[5.5.52-6d919]:main():gmm-acc-stats-ali.cc:105) Processed 12450 utterances; for utterance s039mss2lsh00-20150804-Korean-set039025 avg. like is -47.2543 over 638 frames.
LOG (gmm-acc-stats-ali[5.5.52-6d919]:main():gmm-acc-stats-ali.cc:105) Processed 12500 utterances; for utterance s039mss2lsh00-20150804-Korean-set039075 avg. like is -45.7249 over 538 frames.
LOG (gmm-acc-stats-ali[5.5.52-6d919]:main():gmm-acc-stats-ali.cc:105) Processed 12550 utterances; for utterance s039mss2lsh00-20150804-Koreanleopard1SNR10-set039020 avg. like is -46.0814 over 788 frames.
LOG (gmm-acc-stats-ali[5.5.52-6d919]:main():gmm-acc-stats-ali.cc:105) Processed 12600 utterances; for utterance s039mss2lsh00-20150804-Koreanleopard1SNR10-set039070 avg. like is -44.849 over 748 frames.
LOG (gmm-acc-stats-ali[5.5.52-6d919]:main():gmm-acc-stats-ali.cc:105) Processed 12650 utterances; for utterance s03f1jrbeg01-20150804-Korean-cps03015 avg. like is -46.4541 over 139 frames.
LOG (gmm-acc-stats-ali[5.5.52-6d919]:main():gmm-acc-stats-ali.cc:105) Processed 12700 utterances; for utterance s03f1jrbeg01-20150804-Korean-cps03065 avg. like is -49.4971 over 177 frames.
LOG (gmm-acc-stats-ali[5.5.52-6d919]:main():gmm-acc-stats-ali.cc:105) Processed 12750 utterances; for utterance s03f1jrbeg01-20150804-Korean-cps03115 avg. like is -43.3757 over 128 frames.
LOG (gmm-acc-stats-ali[5.5.52-6d919]:main():gmm-acc-stats-ali.cc:105) Processed 12800 utterances; for utterance s03f1jrbeg01-20150804-Korean-cps03165 avg. like is -42.1563 over 116 frames.
LOG (gmm-acc-stats-ali[5.5.52-6d919]:main():gmm-acc-stats-ali.cc:105) Processed 12850 utterances; for utterance s03f1jrbeg01-20150804-Korean-cps03215 avg. like is -42.5202 over 170 frames.
LOG (gmm-acc-stats-ali[5.5.52-6d919]:main():gmm-acc-stats-ali.cc:105) Processed 12900 utterances; for utterance s03f1jrbeg01-20150804-Korean-cps03266 avg. like is -46.7163 over 141 frames.
LOG (gmm-acc-stats-ali[5.5.52-6d919]:main():gmm-acc-stats-ali.cc:105) Processed 12950 utterances; for utterance s03f1jrbeg01-20150804-Korean-cps03316 avg. like is -45.3195 over 158 frames.
LOG (gmm-acc-stats-ali[5.5.52-6d919]:main():gmm-acc-stats-ali.cc:105) Processed 13000 utterances; for utterance s03f1jrbeg01-20150804-Korean-cps03366 avg. like is -43.1436 over 147 frames.
LOG (apply-cmvn[5.5.52-6d919]:main():apply-cmvn.cc:162) Applied cepstral mean normalization to 13054 utterances, errors on 0
LOG (transform-feats[5.5.52-6d919]:main():transform-feats.cc:158) Overall average [pseudo-]logdet is -92.5347 over 5.98862e+06 frames.
LOG (transform-feats[5.5.52-6d919]:main():transform-feats.cc:161) Applied transform to 13054 utterances; 0 had errors.
LOG (gmm-acc-stats-ali[5.5.52-6d919]:main():gmm-acc-stats-ali.cc:105) Processed 13050 utterances; for utterance s03f1jrbeg01-20150804-Korean-cps03416 avg. like is -49.6519 over 149 frames.
LOG (transform-feats[5.5.52-6d919]:main():transform-feats.cc:158) Overall average logdet is 3.14633 over 5.98862e+06 frames.
LOG (transform-feats[5.5.52-6d919]:main():transform-feats.cc:161) Applied transform to 13054 utterances; 0 had errors.
LOG (gmm-acc-stats-ali[5.5.52-6d919]:main():gmm-acc-stats-ali.cc:112) Done 13052 files, 2 with errors.
LOG (gmm-acc-stats-ali[5.5.52-6d919]:main():gmm-acc-stats-ali.cc:115) Overall avg like per frame (Gaussian only) = -47.5774 over 5987348 frames.
LOG (gmm-acc-stats-ali[5.5.52-6d919]:main():gmm-acc-stats-ali.cc:123) Written accs.
# Accounting: time=18 threads=1
# Ended (code 0) at Tue May  7 16:11:36 KST 2019, elapsed time 18 seconds
