# gmm-acc-stats-ali exp/tri3b/30.mdl "ark,s,cs:apply-cmvn  --utt2spk=ark:data/train/split8/6/utt2spk scp:data/train/split8/6/cmvn.scp scp:data/train/split8/6/feats.scp ark:- | splice-feats  ark:- ark:- | transform-feats exp/tri2b_ali/final.mat ark:- ark:- | transform-feats --utt2spk=ark:data/train/split8/6/utt2spk ark:exp/tri3b/trans.6 ark:- ark:- |" "ark,s,cs:gunzip -c exp/tri3b/ali.6.gz|" exp/tri3b/30.6.acc 
# Started at Tue May  7 16:24:43 KST 2019
#
gmm-acc-stats-ali exp/tri3b/30.mdl 'ark,s,cs:apply-cmvn  --utt2spk=ark:data/train/split8/6/utt2spk scp:data/train/split8/6/cmvn.scp scp:data/train/split8/6/feats.scp ark:- | splice-feats  ark:- ark:- | transform-feats exp/tri2b_ali/final.mat ark:- ark:- | transform-feats --utt2spk=ark:data/train/split8/6/utt2spk ark:exp/tri3b/trans.6 ark:- ark:- |' 'ark,s,cs:gunzip -c exp/tri3b/ali.6.gz|' exp/tri3b/30.6.acc 
transform-feats --utt2spk=ark:data/train/split8/6/utt2spk ark:exp/tri3b/trans.6 ark:- ark:- 
transform-feats exp/tri2b_ali/final.mat ark:- ark:- 
apply-cmvn --utt2spk=ark:data/train/split8/6/utt2spk scp:data/train/split8/6/cmvn.scp scp:data/train/split8/6/feats.scp ark:- 
splice-feats ark:- ark:- 
LOG (gmm-acc-stats-ali[5.5.52-6d919]:main():gmm-acc-stats-ali.cc:105) Processed 50 utterances; for utterance s03f1jrbmg01-20150804-Korean-cps03050 avg. like is -51.3475 over 194 frames.
LOG (gmm-acc-stats-ali[5.5.52-6d919]:main():gmm-acc-stats-ali.cc:105) Processed 100 utterances; for utterance s03f1jrbmg01-20150804-Korean-cps03101 avg. like is -45.4467 over 220 frames.
LOG (gmm-acc-stats-ali[5.5.52-6d919]:main():gmm-acc-stats-ali.cc:105) Processed 150 utterances; for utterance s03f1jrbmg01-20150804-Korean-cps03152 avg. like is -44.4251 over 237 frames.
LOG (gmm-acc-stats-ali[5.5.52-6d919]:main():gmm-acc-stats-ali.cc:105) Processed 200 utterances; for utterance s03f1jrbmg01-20150804-Korean-cps03202 avg. like is -41.4952 over 196 frames.
LOG (gmm-acc-stats-ali[5.5.52-6d919]:main():gmm-acc-stats-ali.cc:105) Processed 250 utterances; for utterance s03f1jrbmg01-20150804-Korean-cps03252 avg. like is -44.78 over 191 frames.
LOG (gmm-acc-stats-ali[5.5.52-6d919]:main():gmm-acc-stats-ali.cc:105) Processed 300 utterances; for utterance s03f1jrbmg01-20150804-Korean-cps03303 avg. like is -44.5631 over 221 frames.
LOG (gmm-acc-stats-ali[5.5.52-6d919]:main():gmm-acc-stats-ali.cc:105) Processed 350 utterances; for utterance s03f1jrbmg01-20150804-Korean-cps03353 avg. like is -40.4002 over 180 frames.
LOG (gmm-acc-stats-ali[5.5.52-6d919]:main():gmm-acc-stats-ali.cc:105) Processed 400 utterances; for utterance s03f1jrbmg01-20150804-Korean-cps03404 avg. like is -45.7115 over 199 frames.
LOG (gmm-acc-stats-ali[5.5.52-6d919]:main():gmm-acc-stats-ali.cc:105) Processed 450 utterances; for utterance s03f1jrbmg01-20150804-KoreanbabbleSNR10-cps03036 avg. like is -50.4981 over 221 frames.
LOG (gmm-acc-stats-ali[5.5.52-6d919]:main():gmm-acc-stats-ali.cc:105) Processed 500 utterances; for utterance s03f1jrbmg01-20150804-KoreanbabbleSNR10-cps03087 avg. like is -47.8384 over 199 frames.
LOG (gmm-acc-stats-ali[5.5.52-6d919]:main():gmm-acc-stats-ali.cc:105) Processed 550 utterances; for utterance s03f1jrbmg01-20150804-KoreanbabbleSNR10-cps03138 avg. like is -45.8116 over 215 frames.
LOG (gmm-acc-stats-ali[5.5.52-6d919]:main():gmm-acc-stats-ali.cc:105) Processed 600 utterances; for utterance s03f1jrbmg01-20150804-KoreanbabbleSNR10-cps03188 avg. like is -46.9868 over 196 frames.
LOG (gmm-acc-stats-ali[5.5.52-6d919]:main():gmm-acc-stats-ali.cc:105) Processed 650 utterances; for utterance s03f1jrbmg01-20150804-KoreanbabbleSNR10-cps03238 avg. like is -47.528 over 153 frames.
LOG (gmm-acc-stats-ali[5.5.52-6d919]:main():gmm-acc-stats-ali.cc:105) Processed 700 utterances; for utterance s03f1jrbmg01-20150804-KoreanbabbleSNR10-cps03289 avg. like is -46.1795 over 197 frames.
LOG (gmm-acc-stats-ali[5.5.52-6d919]:main():gmm-acc-stats-ali.cc:105) Processed 750 utterances; for utterance s03f1jrbmg01-20150804-KoreanbabbleSNR10-cps03339 avg. like is -48.0912 over 177 frames.
LOG (gmm-acc-stats-ali[5.5.52-6d919]:main():gmm-acc-stats-ali.cc:105) Processed 800 utterances; for utterance s03f1jrbmg01-20150804-KoreanbabbleSNR10-cps03389 avg. like is -46.4973 over 140 frames.
LOG (gmm-acc-stats-ali[5.5.52-6d919]:main():gmm-acc-stats-ali.cc:105) Processed 850 utterances; for utterance s03f1kwgnn01-20150804-Korean-cps03022 avg. like is -47.2398 over 180 frames.
LOG (gmm-acc-stats-ali[5.5.52-6d919]:main():gmm-acc-stats-ali.cc:105) Processed 900 utterances; for utterance s03f1kwgnn01-20150804-Korean-cps03074 avg. like is -50.2228 over 165 frames.
LOG (gmm-acc-stats-ali[5.5.52-6d919]:main():gmm-acc-stats-ali.cc:105) Processed 950 utterances; for utterance s03f1kwgnn01-20150804-Korean-cps03125 avg. like is -44.2717 over 177 frames.
LOG (gmm-acc-stats-ali[5.5.52-6d919]:main():gmm-acc-stats-ali.cc:105) Processed 1000 utterances; for utterance s03f1kwgnn01-20150804-Korean-cps03178 avg. like is -43.176 over 171 frames.
LOG (gmm-acc-stats-ali[5.5.52-6d919]:main():gmm-acc-stats-ali.cc:105) Processed 1050 utterances; for utterance s03f1kwgnn01-20150804-Korean-cps03228 avg. like is -43.5394 over 168 frames.
LOG (gmm-acc-stats-ali[5.5.52-6d919]:main():gmm-acc-stats-ali.cc:105) Processed 1100 utterances; for utterance s03f1kwgnn01-20150804-Korean-cps03279 avg. like is -53.1789 over 172 frames.
LOG (gmm-acc-stats-ali[5.5.52-6d919]:main():gmm-acc-stats-ali.cc:105) Processed 1150 utterances; for utterance s03f1kwgnn01-20150804-Korean-cps03330 avg. like is -46.2011 over 162 frames.
LOG (gmm-acc-stats-ali[5.5.52-6d919]:main():gmm-acc-stats-ali.cc:105) Processed 1200 utterances; for utterance s03f1kwgnn01-20150804-Korean-cps03382 avg. like is -45.6085 over 184 frames.
LOG (gmm-acc-stats-ali[5.5.52-6d919]:main():gmm-acc-stats-ali.cc:105) Processed 1250 utterances; for utterance s03f1kwgnn01-20150804-KoreanhfchannelSNR10-cps03016 avg. like is -39.1282 over 162 frames.
LOG (gmm-acc-stats-ali[5.5.52-6d919]:main():gmm-acc-stats-ali.cc:105) Processed 1300 utterances; for utterance s03f1kwgnn01-20150804-KoreanhfchannelSNR10-cps03068 avg. like is -38.7487 over 157 frames.
LOG (gmm-acc-stats-ali[5.5.52-6d919]:main():gmm-acc-stats-ali.cc:105) Processed 1350 utterances; for utterance s03f1kwgnn01-20150804-KoreanhfchannelSNR10-cps03118 avg. like is -39.7514 over 120 frames.
LOG (gmm-acc-stats-ali[5.5.52-6d919]:main():gmm-acc-stats-ali.cc:105) Processed 1400 utterances; for utterance s03f1kwgnn01-20150804-KoreanhfchannelSNR10-cps03172 avg. like is -42.5113 over 180 frames.
LOG (gmm-acc-stats-ali[5.5.52-6d919]:main():gmm-acc-stats-ali.cc:105) Processed 1450 utterances; for utterance s03f1kwgnn01-20150804-KoreanhfchannelSNR10-cps03222 avg. like is -41.0433 over 175 frames.
LOG (gmm-acc-stats-ali[5.5.52-6d919]:main():gmm-acc-stats-ali.cc:105) Processed 1500 utterances; for utterance s03f1kwgnn01-20150804-KoreanhfchannelSNR10-cps03273 avg. like is -39.0412 over 163 frames.
LOG (gmm-acc-stats-ali[5.5.52-6d919]:main():gmm-acc-stats-ali.cc:105) Processed 1550 utterances; for utterance s03f1kwgnn01-20150804-KoreanhfchannelSNR10-cps03324 avg. like is -37.9387 over 186 frames.
LOG (gmm-acc-stats-ali[5.5.52-6d919]:main():gmm-acc-stats-ali.cc:105) Processed 1600 utterances; for utterance s03f1kwgnn01-20150804-KoreanhfchannelSNR10-cps03375 avg. like is -43.7466 over 150 frames.
LOG (gmm-acc-stats-ali[5.5.52-6d919]:main():gmm-acc-stats-ali.cc:105) Processed 1650 utterances; for utterance s03f2ksame01-20150804-Korean-cps03010 avg. like is -47.5606 over 167 frames.
LOG (gmm-acc-stats-ali[5.5.52-6d919]:main():gmm-acc-stats-ali.cc:105) Processed 1700 utterances; for utterance s03f2ksame01-20150804-Korean-cps03061 avg. like is -49.4603 over 162 frames.
LOG (gmm-acc-stats-ali[5.5.52-6d919]:main():gmm-acc-stats-ali.cc:105) Processed 1750 utterances; for utterance s03f2ksame01-20150804-Korean-cps03112 avg. like is -47.7476 over 151 frames.
LOG (gmm-acc-stats-ali[5.5.52-6d919]:main():gmm-acc-stats-ali.cc:105) Processed 1800 utterances; for utterance s03f2ksame01-20150804-Korean-cps03163 avg. like is -45.6581 over 97 frames.
LOG (gmm-acc-stats-ali[5.5.52-6d919]:main():gmm-acc-stats-ali.cc:105) Processed 1850 utterances; for utterance s03f2ksame01-20150804-Korean-cps03215 avg. like is -47.9431 over 156 frames.
LOG (gmm-acc-stats-ali[5.5.52-6d919]:main():gmm-acc-stats-ali.cc:105) Processed 1900 utterances; for utterance s03f2ksame01-20150804-Korean-cps03266 avg. like is -50.3639 over 136 frames.
LOG (gmm-acc-stats-ali[5.5.52-6d919]:main():gmm-acc-stats-ali.cc:105) Processed 1950 utterances; for utterance s03f2ksame01-20150804-Korean-cps03318 avg. like is -43.1278 over 143 frames.
LOG (gmm-acc-stats-ali[5.5.52-6d919]:main():gmm-acc-stats-ali.cc:105) Processed 2000 utterances; for utterance s03f2ksame01-20150804-Korean-cps03369 avg. like is -41.5187 over 140 frames.
LOG (gmm-acc-stats-ali[5.5.52-6d919]:main():gmm-acc-stats-ali.cc:105) Processed 2050 utterances; for utterance s03f2ksame01-20150804-KoreanhfchannelSNR10-cps03002 avg. like is -38.6534 over 146 frames.
LOG (gmm-acc-stats-ali[5.5.52-6d919]:main():gmm-acc-stats-ali.cc:105) Processed 2100 utterances; for utterance s03f2ksame01-20150804-KoreanhfchannelSNR10-cps03053 avg. like is -36.2922 over 151 frames.
LOG (gmm-acc-stats-ali[5.5.52-6d919]:main():gmm-acc-stats-ali.cc:105) Processed 2150 utterances; for utterance s03f2ksame01-20150804-KoreanhfchannelSNR10-cps03104 avg. like is -34.1685 over 136 frames.
LOG (gmm-acc-stats-ali[5.5.52-6d919]:main():gmm-acc-stats-ali.cc:105) Processed 2200 utterances; for utterance s03f2ksame01-20150804-KoreanhfchannelSNR10-cps03155 avg. like is -37.8976 over 152 frames.
LOG (gmm-acc-stats-ali[5.5.52-6d919]:main():gmm-acc-stats-ali.cc:105) Processed 2250 utterances; for utterance s03f2ksame01-20150804-KoreanhfchannelSNR10-cps03207 avg. like is -37.6735 over 163 frames.
LOG (gmm-acc-stats-ali[5.5.52-6d919]:main():gmm-acc-stats-ali.cc:105) Processed 2300 utterances; for utterance s03f2ksame01-20150804-KoreanhfchannelSNR10-cps03258 avg. like is -38.4504 over 161 frames.
LOG (gmm-acc-stats-ali[5.5.52-6d919]:main():gmm-acc-stats-ali.cc:105) Processed 2350 utterances; for utterance s03f2ksame01-20150804-KoreanhfchannelSNR10-cps03309 avg. like is -37.7925 over 159 frames.
LOG (gmm-acc-stats-ali[5.5.52-6d919]:main():gmm-acc-stats-ali.cc:105) Processed 2400 utterances; for utterance s03f2ksame01-20150804-KoreanhfchannelSNR10-cps03361 avg. like is -38.7453 over 165 frames.
LOG (gmm-acc-stats-ali[5.5.52-6d919]:main():gmm-acc-stats-ali.cc:105) Processed 2450 utterances; for utterance s03f2ksame01-20150804-KoreanhfchannelSNR10-cps03412 avg. like is -31.4914 over 121 frames.
LOG (gmm-acc-stats-ali[5.5.52-6d919]:main():gmm-acc-stats-ali.cc:105) Processed 2500 utterances; for utterance s03f2ksbmg02-20150804-Korean-cps03044 avg. like is -53.2582 over 168 frames.
LOG (gmm-acc-stats-ali[5.5.52-6d919]:main():gmm-acc-stats-ali.cc:105) Processed 2550 utterances; for utterance s03f2ksbmg02-20150804-Korean-cps03094 avg. like is -55.1601 over 148 frames.
LOG (gmm-acc-stats-ali[5.5.52-6d919]:main():gmm-acc-stats-ali.cc:105) Processed 2600 utterances; for utterance s03f2ksbmg02-20150804-Korean-cps03145 avg. like is -50.7441 over 144 frames.
LOG (gmm-acc-stats-ali[5.5.52-6d919]:main():gmm-acc-stats-ali.cc:105) Processed 2650 utterances; for utterance s03f2ksbmg02-20150804-Korean-cps03196 avg. like is -47.3851 over 144 frames.
LOG (gmm-acc-stats-ali[5.5.52-6d919]:main():gmm-acc-stats-ali.cc:105) Processed 2700 utterances; for utterance s03f2ksbmg02-20150804-Korean-cps03247 avg. like is -47.2018 over 139 frames.
LOG (gmm-acc-stats-ali[5.5.52-6d919]:main():gmm-acc-stats-ali.cc:105) Processed 2750 utterances; for utterance s03f2ksbmg02-20150804-Korean-cps03297 avg. like is -47.0976 over 154 frames.
LOG (gmm-acc-stats-ali[5.5.52-6d919]:main():gmm-acc-stats-ali.cc:105) Processed 2800 utterances; for utterance s03f2ksbmg02-20150804-Korean-cps03347 avg. like is -44.3262 over 162 frames.
LOG (gmm-acc-stats-ali[5.5.52-6d919]:main():gmm-acc-stats-ali.cc:105) Processed 2850 utterances; for utterance s03f2ksbmg02-20150804-Korean-cps03397 avg. like is -50.455 over 179 frames.
LOG (gmm-acc-stats-ali[5.5.52-6d919]:main():gmm-acc-stats-ali.cc:105) Processed 2900 utterances; for utterance s03f2ksbmg02-20150804-KoreancarSNR10-cps03030 avg. like is -38.232 over 174 frames.
LOG (gmm-acc-stats-ali[5.5.52-6d919]:main():gmm-acc-stats-ali.cc:105) Processed 2950 utterances; for utterance s03f2ksbmg02-20150804-KoreancarSNR10-cps03080 avg. like is -37.0902 over 165 frames.
LOG (gmm-acc-stats-ali[5.5.52-6d919]:main():gmm-acc-stats-ali.cc:105) Processed 3000 utterances; for utterance s03f2ksbmg02-20150804-KoreancarSNR10-cps03131 avg. like is -38.0921 over 167 frames.
LOG (gmm-acc-stats-ali[5.5.52-6d919]:main():gmm-acc-stats-ali.cc:105) Processed 3050 utterances; for utterance s03f2ksbmg02-20150804-KoreancarSNR10-cps03182 avg. like is -37.5235 over 165 frames.
LOG (gmm-acc-stats-ali[5.5.52-6d919]:main():gmm-acc-stats-ali.cc:105) Processed 3100 utterances; for utterance s03f2ksbmg02-20150804-KoreancarSNR10-cps03233 avg. like is -35.8738 over 148 frames.
LOG (gmm-acc-stats-ali[5.5.52-6d919]:main():gmm-acc-stats-ali.cc:105) Processed 3150 utterances; for utterance s03f2ksbmg02-20150804-KoreancarSNR10-cps03283 avg. like is -35.3397 over 189 frames.
LOG (gmm-acc-stats-ali[5.5.52-6d919]:main():gmm-acc-stats-ali.cc:105) Processed 3200 utterances; for utterance s03f2ksbmg02-20150804-KoreancarSNR10-cps03333 avg. like is -39.0069 over 171 frames.
LOG (gmm-acc-stats-ali[5.5.52-6d919]:main():gmm-acc-stats-ali.cc:105) Processed 3250 utterances; for utterance s03f2ksbmg02-20150804-KoreancarSNR10-cps03383 avg. like is -36.2202 over 136 frames.
LOG (gmm-acc-stats-ali[5.5.52-6d919]:main():gmm-acc-stats-ali.cc:105) Processed 3300 utterances; for utterance s03f2kssmh01-20150804-Korean-cps03016 avg. like is -43.2127 over 164 frames.
LOG (gmm-acc-stats-ali[5.5.52-6d919]:main():gmm-acc-stats-ali.cc:105) Processed 3350 utterances; for utterance s03f2kssmh01-20150804-Korean-cps03066 avg. like is -47.738 over 172 frames.
LOG (gmm-acc-stats-ali[5.5.52-6d919]:main():gmm-acc-stats-ali.cc:105) Processed 3400 utterances; for utterance s03f2kssmh01-20150804-Korean-cps03116 avg. like is -42.3804 over 123 frames.
LOG (gmm-acc-stats-ali[5.5.52-6d919]:main():gmm-acc-stats-ali.cc:105) Processed 3450 utterances; for utterance s03f2kssmh01-20150804-Korean-cps03166 avg. like is -41.4859 over 185 frames.
LOG (gmm-acc-stats-ali[5.5.52-6d919]:main():gmm-acc-stats-ali.cc:105) Processed 3500 utterances; for utterance s03f2kssmh01-20150804-Korean-cps03216 avg. like is -38.6084 over 156 frames.
LOG (gmm-acc-stats-ali[5.5.52-6d919]:main():gmm-acc-stats-ali.cc:105) Processed 3550 utterances; for utterance s03f2kssmh01-20150804-Korean-cps03267 avg. like is -41.1876 over 201 frames.
LOG (gmm-acc-stats-ali[5.5.52-6d919]:main():gmm-acc-stats-ali.cc:105) Processed 3600 utterances; for utterance s03f2kssmh01-20150804-Korean-cps03317 avg. like is -41.9043 over 178 frames.
LOG (gmm-acc-stats-ali[5.5.52-6d919]:main():gmm-acc-stats-ali.cc:105) Processed 3650 utterances; for utterance s03f2kssmh01-20150804-Korean-cps03367 avg. like is -35.8404 over 171 frames.
LOG (gmm-acc-stats-ali[5.5.52-6d919]:main():gmm-acc-stats-ali.cc:105) Processed 3700 utterances; for utterance s03f2kssmh01-20150804-Korean-cps03418 avg. like is -40.2993 over 168 frames.
LOG (gmm-acc-stats-ali[5.5.52-6d919]:main():gmm-acc-stats-ali.cc:105) Processed 3750 utterances; for utterance s03f2kssmh01-20150804-Koreanbabble1SNR10-cps03050 avg. like is -50.5435 over 163 frames.
LOG (gmm-acc-stats-ali[5.5.52-6d919]:main():gmm-acc-stats-ali.cc:105) Processed 3800 utterances; for utterance s03f2kssmh01-20150804-Koreanbabble1SNR10-cps03100 avg. like is -42.5885 over 149 frames.
LOG (gmm-acc-stats-ali[5.5.52-6d919]:main():gmm-acc-stats-ali.cc:105) Processed 3850 utterances; for utterance s03f2kssmh01-20150804-Koreanbabble1SNR10-cps03150 avg. like is -43.0648 over 358 frames.
LOG (gmm-acc-stats-ali[5.5.52-6d919]:main():gmm-acc-stats-ali.cc:105) Processed 3900 utterances; for utterance s03f2kssmh01-20150804-Koreanbabble1SNR10-cps03200 avg. like is -43.9979 over 223 frames.
LOG (gmm-acc-stats-ali[5.5.52-6d919]:main():gmm-acc-stats-ali.cc:105) Processed 3950 utterances; for utterance s03f2kssmh01-20150804-Koreanbabble1SNR10-cps03251 avg. like is -42.6631 over 184 frames.
LOG (gmm-acc-stats-ali[5.5.52-6d919]:main():gmm-acc-stats-ali.cc:105) Processed 4000 utterances; for utterance s03f2kssmh01-20150804-Koreanbabble1SNR10-cps03301 avg. like is -43.8258 over 237 frames.
LOG (gmm-acc-stats-ali[5.5.52-6d919]:main():gmm-acc-stats-ali.cc:105) Processed 4050 utterances; for utterance s03f2kssmh01-20150804-Koreanbabble1SNR10-cps03351 avg. like is -43.0853 over 195 frames.
LOG (gmm-acc-stats-ali[5.5.52-6d919]:main():gmm-acc-stats-ali.cc:105) Processed 4100 utterances; for utterance s03f2kssmh01-20150804-Koreanbabble1SNR10-cps03402 avg. like is -44.109 over 192 frames.
LOG (gmm-acc-stats-ali[5.5.52-6d919]:main():gmm-acc-stats-ali.cc:105) Processed 4150 utterances; for utterance s03f2kwshs03-20150804-Korean-cps03034 avg. like is -37.7066 over 150 frames.
LOG (gmm-acc-stats-ali[5.5.52-6d919]:main():gmm-acc-stats-ali.cc:105) Processed 4200 utterances; for utterance s03f2kwshs03-20150804-Korean-cps03084 avg. like is -41.5472 over 158 frames.
LOG (gmm-acc-stats-ali[5.5.52-6d919]:main():gmm-acc-stats-ali.cc:105) Processed 4250 utterances; for utterance s03f2kwshs03-20150804-Korean-cps03134 avg. like is -39.993 over 121 frames.
LOG (gmm-acc-stats-ali[5.5.52-6d919]:main():gmm-acc-stats-ali.cc:105) Processed 4300 utterances; for utterance s03f2kwshs03-20150804-Korean-cps03184 avg. like is -45.6945 over 154 frames.
LOG (gmm-acc-stats-ali[5.5.52-6d919]:main():gmm-acc-stats-ali.cc:105) Processed 4350 utterances; for utterance s03f2kwshs03-20150804-Korean-cps03234 avg. like is -44.7012 over 166 frames.
LOG (gmm-acc-stats-ali[5.5.52-6d919]:main():gmm-acc-stats-ali.cc:105) Processed 4400 utterances; for utterance s03f2kwshs03-20150804-Korean-cps03284 avg. like is -40.677 over 131 frames.
LOG (gmm-acc-stats-ali[5.5.52-6d919]:main():gmm-acc-stats-ali.cc:105) Processed 4450 utterances; for utterance s03f2kwshs03-20150804-Korean-cps03334 avg. like is -43.8114 over 181 frames.
LOG (gmm-acc-stats-ali[5.5.52-6d919]:main():gmm-acc-stats-ali.cc:105) Processed 4500 utterances; for utterance s03f2kwshs03-20150804-Korean-cps03384 avg. like is -41.2309 over 113 frames.
LOG (gmm-acc-stats-ali[5.5.52-6d919]:main():gmm-acc-stats-ali.cc:105) Processed 4550 utterances; for utterance s03f2kwshs03-20150804-KoreanvolvoSNR10-cps03017 avg. like is -47.4179 over 203 frames.
LOG (gmm-acc-stats-ali[5.5.52-6d919]:main():gmm-acc-stats-ali.cc:105) Processed 4600 utterances; for utterance s03f2kwshs03-20150804-KoreanvolvoSNR10-cps03067 avg. like is -42.2911 over 161 frames.
LOG (gmm-acc-stats-ali[5.5.52-6d919]:main():gmm-acc-stats-ali.cc:105) Processed 4650 utterances; for utterance s03f2kwshs03-20150804-KoreanvolvoSNR10-cps03117 avg. like is -44.1911 over 154 frames.
LOG (gmm-acc-stats-ali[5.5.52-6d919]:main():gmm-acc-stats-ali.cc:105) Processed 4700 utterances; for utterance s03f2kwshs03-20150804-KoreanvolvoSNR10-cps03167 avg. like is -42.5709 over 148 frames.
LOG (gmm-acc-stats-ali[5.5.52-6d919]:main():gmm-acc-stats-ali.cc:105) Processed 4750 utterances; for utterance s03f2kwshs03-20150804-KoreanvolvoSNR10-cps03217 avg. like is -50.0054 over 183 frames.
LOG (gmm-acc-stats-ali[5.5.52-6d919]:main():gmm-acc-stats-ali.cc:105) Processed 4800 utterances; for utterance s03f2kwshs03-20150804-KoreanvolvoSNR10-cps03267 avg. like is -42.3168 over 170 frames.
LOG (gmm-acc-stats-ali[5.5.52-6d919]:main():gmm-acc-stats-ali.cc:105) Processed 4850 utterances; for utterance s03f2kwshs03-20150804-KoreanvolvoSNR10-cps03317 avg. like is -42.0369 over 204 frames.
LOG (gmm-acc-stats-ali[5.5.52-6d919]:main():gmm-acc-stats-ali.cc:105) Processed 4900 utterances; for utterance s03f2kwshs03-20150804-KoreanvolvoSNR10-cps03367 avg. like is -42.0672 over 164 frames.
LOG (gmm-acc-stats-ali[5.5.52-6d919]:main():gmm-acc-stats-ali.cc:105) Processed 4950 utterances; for utterance s03f2kwshs03-20150804-KoreanvolvoSNR10-cps03418 avg. like is -42.3854 over 137 frames.
LOG (gmm-acc-stats-ali[5.5.52-6d919]:main():gmm-acc-stats-ali.cc:105) Processed 5000 utterances; for utterance s03f2ssgeh01-20150804-Korean-cps03051 avg. like is -47.757 over 168 frames.
LOG (gmm-acc-stats-ali[5.5.52-6d919]:main():gmm-acc-stats-ali.cc:105) Processed 5050 utterances; for utterance s03f2ssgeh01-20150804-Korean-cps03102 avg. like is -41.7486 over 147 frames.
LOG (gmm-acc-stats-ali[5.5.52-6d919]:main():gmm-acc-stats-ali.cc:105) Processed 5100 utterances; for utterance s03f2ssgeh01-20150804-Korean-cps03153 avg. like is -46.2509 over 132 frames.
LOG (gmm-acc-stats-ali[5.5.52-6d919]:main():gmm-acc-stats-ali.cc:105) Processed 5150 utterances; for utterance s03f2ssgeh01-20150804-Korean-cps03205 avg. like is -43.3547 over 167 frames.
LOG (gmm-acc-stats-ali[5.5.52-6d919]:main():gmm-acc-stats-ali.cc:105) Processed 5200 utterances; for utterance s03f2ssgeh01-20150804-Korean-cps03257 avg. like is -46.4922 over 165 frames.
LOG (gmm-acc-stats-ali[5.5.52-6d919]:main():gmm-acc-stats-ali.cc:105) Processed 5250 utterances; for utterance s03f2ssgeh01-20150804-Korean-cps03308 avg. like is -44.854 over 143 frames.
LOG (gmm-acc-stats-ali[5.5.52-6d919]:main():gmm-acc-stats-ali.cc:105) Processed 5300 utterances; for utterance s03f2ssgeh01-20150804-Korean-cps03358 avg. like is -42.0574 over 146 frames.
LOG (gmm-acc-stats-ali[5.5.52-6d919]:main():gmm-acc-stats-ali.cc:105) Processed 5350 utterances; for utterance s03f2ssgeh01-20150804-Korean-cps03408 avg. like is -45.403 over 168 frames.
LOG (gmm-acc-stats-ali[5.5.52-6d919]:main():gmm-acc-stats-ali.cc:105) Processed 5400 utterances; for utterance s03f2ssghn01-20150804-Korean-cps03040 avg. like is -46.9621 over 192 frames.
LOG (gmm-acc-stats-ali[5.5.52-6d919]:main():gmm-acc-stats-ali.cc:105) Processed 5450 utterances; for utterance s03f2ssghn01-20150804-Korean-cps03090 avg. like is -40.8814 over 185 frames.
LOG (gmm-acc-stats-ali[5.5.52-6d919]:main():gmm-acc-stats-ali.cc:105) Processed 5500 utterances; for utterance s03f2ssghn01-20150804-Korean-cps03141 avg. like is -40.7078 over 169 frames.
LOG (gmm-acc-stats-ali[5.5.52-6d919]:main():gmm-acc-stats-ali.cc:105) Processed 5550 utterances; for utterance s03f2ssghn01-20150804-Korean-cps03191 avg. like is -38.2801 over 197 frames.
LOG (gmm-acc-stats-ali[5.5.52-6d919]:main():gmm-acc-stats-ali.cc:105) Processed 5600 utterances; for utterance s03f2ssghn01-20150804-Korean-cps03241 avg. like is -42.7261 over 126 frames.
LOG (gmm-acc-stats-ali[5.5.52-6d919]:main():gmm-acc-stats-ali.cc:105) Processed 5650 utterances; for utterance s03f2ssghn01-20150804-Korean-cps03291 avg. like is -43.5702 over 198 frames.
LOG (gmm-acc-stats-ali[5.5.52-6d919]:main():gmm-acc-stats-ali.cc:105) Processed 5700 utterances; for utterance s03f2ssghn01-20150804-Korean-cps03341 avg. like is -47.2359 over 173 frames.
LOG (gmm-acc-stats-ali[5.5.52-6d919]:main():gmm-acc-stats-ali.cc:105) Processed 5750 utterances; for utterance s03f2ssghn01-20150804-Korean-cps03391 avg. like is -42.2391 over 182 frames.
LOG (gmm-acc-stats-ali[5.5.52-6d919]:main():gmm-acc-stats-ali.cc:105) Processed 5800 utterances; for utterance s03f2ssghn01-20150804-Koreancar1SNR10-cps03023 avg. like is -37.9908 over 152 frames.
LOG (gmm-acc-stats-ali[5.5.52-6d919]:main():gmm-acc-stats-ali.cc:105) Processed 5850 utterances; for utterance s03f2ssghn01-20150804-Koreancar1SNR10-cps03073 avg. like is -42.1678 over 202 frames.
LOG (gmm-acc-stats-ali[5.5.52-6d919]:main():gmm-acc-stats-ali.cc:105) Processed 5900 utterances; for utterance s03f2ssghn01-20150804-Koreancar1SNR10-cps03123 avg. like is -42.7805 over 214 frames.
LOG (gmm-acc-stats-ali[5.5.52-6d919]:main():gmm-acc-stats-ali.cc:105) Processed 5950 utterances; for utterance s03f2ssghn01-20150804-Koreancar1SNR10-cps03174 avg. like is -41.7241 over 202 frames.
LOG (gmm-acc-stats-ali[5.5.52-6d919]:main():gmm-acc-stats-ali.cc:105) Processed 6000 utterances; for utterance s03f2ssghn01-20150804-Koreancar1SNR10-cps03224 avg. like is -39.0583 over 162 frames.
LOG (gmm-acc-stats-ali[5.5.52-6d919]:main():gmm-acc-stats-ali.cc:105) Processed 6050 utterances; for utterance s03f2ssghn01-20150804-Koreancar1SNR10-cps03274 avg. like is -45.1504 over 200 frames.
LOG (gmm-acc-stats-ali[5.5.52-6d919]:main():gmm-acc-stats-ali.cc:105) Processed 6100 utterances; for utterance s03f2ssghn01-20150804-Koreancar1SNR10-cps03324 avg. like is -40.5542 over 193 frames.
LOG (gmm-acc-stats-ali[5.5.52-6d919]:main():gmm-acc-stats-ali.cc:105) Processed 6150 utterances; for utterance s03f2ssghn01-20150804-Koreancar1SNR10-cps03374 avg. like is -42.4203 over 184 frames.
LOG (gmm-acc-stats-ali[5.5.52-6d919]:main():gmm-acc-stats-ali.cc:105) Processed 6200 utterances; for utterance s03f2ssguj01-20150804-Korean-cps03006 avg. like is -54.5355 over 180 frames.
LOG (gmm-acc-stats-ali[5.5.52-6d919]:main():gmm-acc-stats-ali.cc:105) Processed 6250 utterances; for utterance s03f2ssguj01-20150804-Korean-cps03056 avg. like is -46.6407 over 167 frames.
LOG (gmm-acc-stats-ali[5.5.52-6d919]:main():gmm-acc-stats-ali.cc:105) Processed 6300 utterances; for utterance s03f2ssguj01-20150804-Korean-cps03106 avg. like is -45.4099 over 127 frames.
LOG (gmm-acc-stats-ali[5.5.52-6d919]:main():gmm-acc-stats-ali.cc:105) Processed 6350 utterances; for utterance s03f2ssguj01-20150804-Korean-cps03156 avg. like is -53.0814 over 162 frames.
LOG (gmm-acc-stats-ali[5.5.52-6d919]:main():gmm-acc-stats-ali.cc:105) Processed 6400 utterances; for utterance s03f2ssguj01-20150804-Korean-cps03206 avg. like is -47.7606 over 175 frames.
LOG (gmm-acc-stats-ali[5.5.52-6d919]:main():gmm-acc-stats-ali.cc:105) Processed 6450 utterances; for utterance s03f2ssguj01-20150804-Korean-cps03256 avg. like is -47.2078 over 164 frames.
LOG (gmm-acc-stats-ali[5.5.52-6d919]:main():gmm-acc-stats-ali.cc:105) Processed 6500 utterances; for utterance s03f2ssguj01-20150804-Korean-cps03306 avg. like is -45.6403 over 136 frames.
LOG (gmm-acc-stats-ali[5.5.52-6d919]:main():gmm-acc-stats-ali.cc:105) Processed 6550 utterances; for utterance s03f2ssguj01-20150804-Korean-cps03356 avg. like is -42.4183 over 157 frames.
LOG (gmm-acc-stats-ali[5.5.52-6d919]:main():gmm-acc-stats-ali.cc:105) Processed 6600 utterances; for utterance s03f2ssguj01-20150804-Korean-cps03406 avg. like is -52.1549 over 128 frames.
LOG (gmm-acc-stats-ali[5.5.52-6d919]:main():gmm-acc-stats-ali.cc:105) Processed 6650 utterances; for utterance s03f2ssguj01-20150804-KoreanpinkSNR10-cps03038 avg. like is -39.6716 over 157 frames.
LOG (gmm-acc-stats-ali[5.5.52-6d919]:main():gmm-acc-stats-ali.cc:105) Processed 6700 utterances; for utterance s03f2ssguj01-20150804-KoreanpinkSNR10-cps03088 avg. like is -40.0084 over 157 frames.
LOG (gmm-acc-stats-ali[5.5.52-6d919]:main():gmm-acc-stats-ali.cc:105) Processed 6750 utterances; for utterance s03f2ssguj01-20150804-KoreanpinkSNR10-cps03138 avg. like is -37.6633 over 169 frames.
LOG (gmm-acc-stats-ali[5.5.52-6d919]:main():gmm-acc-stats-ali.cc:105) Processed 6800 utterances; for utterance s03f2ssguj01-20150804-KoreanpinkSNR10-cps03188 avg. like is -40.5903 over 159 frames.
LOG (gmm-acc-stats-ali[5.5.52-6d919]:main():gmm-acc-stats-ali.cc:105) Processed 6850 utterances; for utterance s03f2ssguj01-20150804-KoreanpinkSNR10-cps03238 avg. like is -38.6932 over 141 frames.
LOG (gmm-acc-stats-ali[5.5.52-6d919]:main():gmm-acc-stats-ali.cc:105) Processed 6900 utterances; for utterance s03f2ssguj01-20150804-KoreanpinkSNR10-cps03288 avg. like is -42.794 over 133 frames.
LOG (gmm-acc-stats-ali[5.5.52-6d919]:main():gmm-acc-stats-ali.cc:105) Processed 6950 utterances; for utterance s03f2ssguj01-20150804-KoreanpinkSNR10-cps03338 avg. like is -40.4735 over 131 frames.
LOG (gmm-acc-stats-ali[5.5.52-6d919]:main():gmm-acc-stats-ali.cc:105) Processed 7000 utterances; for utterance s03f2ssguj01-20150804-KoreanpinkSNR10-cps03388 avg. like is -41.5684 over 162 frames.
LOG (gmm-acc-stats-ali[5.5.52-6d919]:main():gmm-acc-stats-ali.cc:105) Processed 7050 utterances; for utterance s03f2ssijy02-20150804-Korean-cps03020 avg. like is -46.4138 over 166 frames.
LOG (gmm-acc-stats-ali[5.5.52-6d919]:main():gmm-acc-stats-ali.cc:105) Processed 7100 utterances; for utterance s03f2ssijy02-20150804-Korean-cps03072 avg. like is -48.4889 over 161 frames.
LOG (gmm-acc-stats-ali[5.5.52-6d919]:main():gmm-acc-stats-ali.cc:105) Processed 7150 utterances; for utterance s03f2ssijy02-20150804-Korean-cps03123 avg. like is -51.4797 over 186 frames.
LOG (gmm-acc-stats-ali[5.5.52-6d919]:main():gmm-acc-stats-ali.cc:105) Processed 7200 utterances; for utterance s03f2ssijy02-20150804-Korean-cps03173 avg. like is -42.8712 over 159 frames.
LOG (gmm-acc-stats-ali[5.5.52-6d919]:main():gmm-acc-stats-ali.cc:105) Processed 7250 utterances; for utterance s03f2ssijy02-20150804-Korean-cps03225 avg. like is -45.717 over 193 frames.
LOG (gmm-acc-stats-ali[5.5.52-6d919]:main():gmm-acc-stats-ali.cc:105) Processed 7300 utterances; for utterance s03f2ssijy02-20150804-Korean-cps03275 avg. like is -47.4397 over 132 frames.
LOG (gmm-acc-stats-ali[5.5.52-6d919]:main():gmm-acc-stats-ali.cc:105) Processed 7350 utterances; for utterance s03f2ssijy02-20150804-Korean-cps03325 avg. like is -44.1326 over 109 frames.
LOG (gmm-acc-stats-ali[5.5.52-6d919]:main():gmm-acc-stats-ali.cc:105) Processed 7400 utterances; for utterance s03f2ssijy02-20150804-Korean-cps03376 avg. like is -38.4751 over 167 frames.
LOG (gmm-acc-stats-ali[5.5.52-6d919]:main():gmm-acc-stats-ali.cc:105) Processed 7450 utterances; for utterance s03f2ssijy02-20150804-Koreanbabble2SNR10-cps03011 avg. like is -46.419 over 206 frames.
LOG (gmm-acc-stats-ali[5.5.52-6d919]:main():gmm-acc-stats-ali.cc:105) Processed 7500 utterances; for utterance s03f2ssijy02-20150804-Koreanbabble2SNR10-cps03062 avg. like is -43.8482 over 190 frames.
LOG (gmm-acc-stats-ali[5.5.52-6d919]:main():gmm-acc-stats-ali.cc:105) Processed 7550 utterances; for utterance s03f2ssijy02-20150804-Koreanbabble2SNR10-cps03114 avg. like is -45.2591 over 183 frames.
LOG (gmm-acc-stats-ali[5.5.52-6d919]:main():gmm-acc-stats-ali.cc:105) Processed 7600 utterances; for utterance s03f2ssijy02-20150804-Koreanbabble2SNR10-cps03164 avg. like is -41.8449 over 170 frames.
LOG (gmm-acc-stats-ali[5.5.52-6d919]:main():gmm-acc-stats-ali.cc:105) Processed 7650 utterances; for utterance s03f2ssijy02-20150804-Koreanbabble2SNR10-cps03216 avg. like is -40.561 over 166 frames.
LOG (gmm-acc-stats-ali[5.5.52-6d919]:main():gmm-acc-stats-ali.cc:105) Processed 7700 utterances; for utterance s03f2ssijy02-20150804-Koreanbabble2SNR10-cps03266 avg. like is -43.5293 over 144 frames.
LOG (gmm-acc-stats-ali[5.5.52-6d919]:main():gmm-acc-stats-ali.cc:105) Processed 7750 utterances; for utterance s03f2ssijy02-20150804-Koreanbabble2SNR10-cps03316 avg. like is -41.7596 over 158 frames.
LOG (gmm-acc-stats-ali[5.5.52-6d919]:main():gmm-acc-stats-ali.cc:105) Processed 7800 utterances; for utterance s03f2ssijy02-20150804-Koreanbabble2SNR10-cps03367 avg. like is -42.0615 over 167 frames.
LOG (gmm-acc-stats-ali[5.5.52-6d919]:main():gmm-acc-stats-ali.cc:105) Processed 7850 utterances; for utterance s03f2ssjuj02-20150804-Korean-cps03002 avg. like is -47.5832 over 163 frames.
LOG (gmm-acc-stats-ali[5.5.52-6d919]:main():gmm-acc-stats-ali.cc:105) Processed 7900 utterances; for utterance s03f2ssjuj02-20150804-Korean-cps03052 avg. like is -41.8455 over 180 frames.
LOG (gmm-acc-stats-ali[5.5.52-6d919]:main():gmm-acc-stats-ali.cc:105) Processed 7950 utterances; for utterance s03f2ssjuj02-20150804-Korean-cps03102 avg. like is -42.0937 over 157 frames.
LOG (gmm-acc-stats-ali[5.5.52-6d919]:main():gmm-acc-stats-ali.cc:105) Processed 8000 utterances; for utterance s03f2ssjuj02-20150804-Korean-cps03152 avg. like is -45.5318 over 193 frames.
LOG (gmm-acc-stats-ali[5.5.52-6d919]:main():gmm-acc-stats-ali.cc:105) Processed 8050 utterances; for utterance s03f2ssjuj02-20150804-Korean-cps03203 avg. like is -45.4381 over 112 frames.
LOG (gmm-acc-stats-ali[5.5.52-6d919]:main():gmm-acc-stats-ali.cc:105) Processed 8100 utterances; for utterance s03f2ssjuj02-20150804-Korean-cps03253 avg. like is -40.3175 over 144 frames.
LOG (gmm-acc-stats-ali[5.5.52-6d919]:main():gmm-acc-stats-ali.cc:105) Processed 8150 utterances; for utterance s03f2ssjuj02-20150804-Korean-cps03303 avg. like is -46.6491 over 172 frames.
LOG (gmm-acc-stats-ali[5.5.52-6d919]:main():gmm-acc-stats-ali.cc:105) Processed 8200 utterances; for utterance s03f2ssjuj02-20150804-Korean-cps03354 avg. like is -38.8796 over 162 frames.
LOG (gmm-acc-stats-ali[5.5.52-6d919]:main():gmm-acc-stats-ali.cc:105) Processed 8250 utterances; for utterance s03f2ssjuj02-20150804-Korean-cps03405 avg. like is -45.4624 over 175 frames.
LOG (gmm-acc-stats-ali[5.5.52-6d919]:main():gmm-acc-stats-ali.cc:105) Processed 8300 utterances; for utterance s03f2ssjuj02-20150804-KoreanvolvoSNR10-cps03039 avg. like is -42.0486 over 157 frames.
LOG (gmm-acc-stats-ali[5.5.52-6d919]:main():gmm-acc-stats-ali.cc:105) Processed 8350 utterances; for utterance s03f2ssjuj02-20150804-KoreanvolvoSNR10-cps03089 avg. like is -40.0821 over 150 frames.
LOG (gmm-acc-stats-ali[5.5.52-6d919]:main():gmm-acc-stats-ali.cc:105) Processed 8400 utterances; for utterance s03f2ssjuj02-20150804-KoreanvolvoSNR10-cps03139 avg. like is -42.4196 over 151 frames.
LOG (gmm-acc-stats-ali[5.5.52-6d919]:main():gmm-acc-stats-ali.cc:105) Processed 8450 utterances; for utterance s03f2ssjuj02-20150804-KoreanvolvoSNR10-cps03190 avg. like is -46.3547 over 151 frames.
LOG (gmm-acc-stats-ali[5.5.52-6d919]:main():gmm-acc-stats-ali.cc:105) Processed 8500 utterances; for utterance s03f2ssjuj02-20150804-KoreanvolvoSNR10-cps03240 avg. like is -40.3948 over 159 frames.
LOG (gmm-acc-stats-ali[5.5.52-6d919]:main():gmm-acc-stats-ali.cc:105) Processed 8550 utterances; for utterance s03f2ssjuj02-20150804-KoreanvolvoSNR10-cps03290 avg. like is -41.0351 over 171 frames.
LOG (gmm-acc-stats-ali[5.5.52-6d919]:main():gmm-acc-stats-ali.cc:105) Processed 8600 utterances; for utterance s03f2ssjuj02-20150804-KoreanvolvoSNR10-cps03340 avg. like is -40.5092 over 153 frames.
LOG (gmm-acc-stats-ali[5.5.52-6d919]:main():gmm-acc-stats-ali.cc:105) Processed 8650 utterances; for utterance s03f2ssjuj02-20150804-KoreanvolvoSNR10-cps03391 avg. like is -42.6046 over 147 frames.
LOG (gmm-acc-stats-ali[5.5.52-6d919]:main():gmm-acc-stats-ali.cc:105) Processed 8700 utterances; for utterance s03f2sssjh01-20150804-Korean-cps03027 avg. like is -47.2261 over 190 frames.
LOG (gmm-acc-stats-ali[5.5.52-6d919]:main():gmm-acc-stats-ali.cc:105) Processed 8750 utterances; for utterance s03f2sssjh01-20150804-Korean-cps03077 avg. like is -39.863 over 149 frames.
LOG (gmm-acc-stats-ali[5.5.52-6d919]:main():gmm-acc-stats-ali.cc:105) Processed 8800 utterances; for utterance s03f2sssjh01-20150804-Korean-cps03127 avg. like is -47.5162 over 160 frames.
LOG (gmm-acc-stats-ali[5.5.52-6d919]:main():gmm-acc-stats-ali.cc:105) Processed 8850 utterances; for utterance s03f2sssjh01-20150804-Korean-cps03181 avg. like is -46.3409 over 169 frames.
LOG (gmm-acc-stats-ali[5.5.52-6d919]:main():gmm-acc-stats-ali.cc:105) Processed 8900 utterances; for utterance s03f2sssjh01-20150804-Korean-cps03231 avg. like is -45.9419 over 150 frames.
LOG (gmm-acc-stats-ali[5.5.52-6d919]:main():gmm-acc-stats-ali.cc:105) Processed 8950 utterances; for utterance s03f2sssjh01-20150804-Korean-cps03282 avg. like is -47.6106 over 119 frames.
LOG (gmm-acc-stats-ali[5.5.52-6d919]:main():gmm-acc-stats-ali.cc:105) Processed 9000 utterances; for utterance s03f2sssjh01-20150804-Korean-cps03332 avg. like is -48.1412 over 155 frames.
LOG (gmm-acc-stats-ali[5.5.52-6d919]:main():gmm-acc-stats-ali.cc:105) Processed 9050 utterances; for utterance s03f2sssjh01-20150804-Korean-cps03382 avg. like is -47.0277 over 170 frames.
LOG (gmm-acc-stats-ali[5.5.52-6d919]:main():gmm-acc-stats-ali.cc:105) Processed 9100 utterances; for utterance s03f2sssjh01-20150804-KoreancarSNR10-cps03014 avg. like is -39.7795 over 138 frames.
LOG (gmm-acc-stats-ali[5.5.52-6d919]:main():gmm-acc-stats-ali.cc:105) Processed 9150 utterances; for utterance s03f2sssjh01-20150804-KoreancarSNR10-cps03065 avg. like is -41.2235 over 202 frames.
LOG (gmm-acc-stats-ali[5.5.52-6d919]:main():gmm-acc-stats-ali.cc:105) Processed 9200 utterances; for utterance s03f2sssjh01-20150804-KoreancarSNR10-cps03115 avg. like is -37.4157 over 139 frames.
LOG (gmm-acc-stats-ali[5.5.52-6d919]:main():gmm-acc-stats-ali.cc:105) Processed 9250 utterances; for utterance s03f2sssjh01-20150804-KoreancarSNR10-cps03168 avg. like is -43.722 over 182 frames.
LOG (gmm-acc-stats-ali[5.5.52-6d919]:main():gmm-acc-stats-ali.cc:105) Processed 9300 utterances; for utterance s03f2sssjh01-20150804-KoreancarSNR10-cps03219 avg. like is -37.1538 over 147 frames.
LOG (gmm-acc-stats-ali[5.5.52-6d919]:main():gmm-acc-stats-ali.cc:105) Processed 9350 utterances; for utterance s03f2sssjh01-20150804-KoreancarSNR10-cps03270 avg. like is -40.3273 over 167 frames.
LOG (gmm-acc-stats-ali[5.5.52-6d919]:main():gmm-acc-stats-ali.cc:105) Processed 9400 utterances; for utterance s03f2sssjh01-20150804-KoreancarSNR10-cps03320 avg. like is -42.0107 over 157 frames.
LOG (gmm-acc-stats-ali[5.5.52-6d919]:main():gmm-acc-stats-ali.cc:105) Processed 9450 utterances; for utterance s03f2sssjh01-20150804-KoreancarSNR10-cps03370 avg. like is -40.2584 over 143 frames.
LOG (gmm-acc-stats-ali[5.5.52-6d919]:main():gmm-acc-stats-ali.cc:105) Processed 9500 utterances; for utterance s03f3ccbws01-20150804-Korean-cps03002 avg. like is -51.2314 over 155 frames.
LOG (gmm-acc-stats-ali[5.5.52-6d919]:main():gmm-acc-stats-ali.cc:105) Processed 9550 utterances; for utterance s03f3ccbws01-20150804-Korean-cps03053 avg. like is -42.3781 over 154 frames.
LOG (gmm-acc-stats-ali[5.5.52-6d919]:main():gmm-acc-stats-ali.cc:105) Processed 9600 utterances; for utterance s03f3ccbws01-20150804-Korean-cps03103 avg. like is -47.1257 over 164 frames.
LOG (gmm-acc-stats-ali[5.5.52-6d919]:main():gmm-acc-stats-ali.cc:105) Processed 9650 utterances; for utterance s03f3ccbws01-20150804-Korean-cps03153 avg. like is -48.5795 over 141 frames.
LOG (gmm-acc-stats-ali[5.5.52-6d919]:main():gmm-acc-stats-ali.cc:105) Processed 9700 utterances; for utterance s03f3ccbws01-20150804-Korean-cps03203 avg. like is -43.0794 over 107 frames.
LOG (gmm-acc-stats-ali[5.5.52-6d919]:main():gmm-acc-stats-ali.cc:105) Processed 9750 utterances; for utterance s03f3ccbws01-20150804-Korean-cps03253 avg. like is -43.6843 over 125 frames.
LOG (gmm-acc-stats-ali[5.5.52-6d919]:main():gmm-acc-stats-ali.cc:105) Processed 9800 utterances; for utterance s03f3ccbws01-20150804-Korean-cps03303 avg. like is -46.1646 over 175 frames.
LOG (gmm-acc-stats-ali[5.5.52-6d919]:main():gmm-acc-stats-ali.cc:105) Processed 9850 utterances; for utterance s03f3ccbws01-20150804-Korean-cps03353 avg. like is -42.5028 over 127 frames.
LOG (gmm-acc-stats-ali[5.5.52-6d919]:main():gmm-acc-stats-ali.cc:105) Processed 9900 utterances; for utterance s03f3ccbws01-20150804-Korean-cps03403 avg. like is -46.3256 over 145 frames.
LOG (gmm-acc-stats-ali[5.5.52-6d919]:main():gmm-acc-stats-ali.cc:105) Processed 9950 utterances; for utterance s03f3ccbws01-20150804-KoreanvolvoSNR10-cps03036 avg. like is -42.8827 over 134 frames.
LOG (gmm-acc-stats-ali[5.5.52-6d919]:main():gmm-acc-stats-ali.cc:105) Processed 10000 utterances; for utterance s03f3ccbws01-20150804-KoreanvolvoSNR10-cps03086 avg. like is -45.1863 over 169 frames.
LOG (gmm-acc-stats-ali[5.5.52-6d919]:main():gmm-acc-stats-ali.cc:105) Processed 10050 utterances; for utterance s03f3ccbws01-20150804-KoreanvolvoSNR10-cps03136 avg. like is -45.4781 over 166 frames.
LOG (gmm-acc-stats-ali[5.5.52-6d919]:main():gmm-acc-stats-ali.cc:105) Processed 10100 utterances; for utterance s03f3ccbws01-20150804-KoreanvolvoSNR10-cps03186 avg. like is -42.8519 over 149 frames.
LOG (gmm-acc-stats-ali[5.5.52-6d919]:main():gmm-acc-stats-ali.cc:105) Processed 10150 utterances; for utterance s03f3ccbws01-20150804-KoreanvolvoSNR10-cps03236 avg. like is -47.1072 over 160 frames.
LOG (gmm-acc-stats-ali[5.5.52-6d919]:main():gmm-acc-stats-ali.cc:105) Processed 10200 utterances; for utterance s03f3ccbws01-20150804-KoreanvolvoSNR10-cps03286 avg. like is -41.6849 over 157 frames.
LOG (gmm-acc-stats-ali[5.5.52-6d919]:main():gmm-acc-stats-ali.cc:105) Processed 10250 utterances; for utterance s03f3ccbws01-20150804-KoreanvolvoSNR10-cps03336 avg. like is -40.6835 over 155 frames.
LOG (gmm-acc-stats-ali[5.5.52-6d919]:main():gmm-acc-stats-ali.cc:105) Processed 10300 utterances; for utterance s03f3ccbws01-20150804-KoreanvolvoSNR10-cps03386 avg. like is -43.1858 over 156 frames.
LOG (gmm-acc-stats-ali[5.5.52-6d919]:main():gmm-acc-stats-ali.cc:105) Processed 10350 utterances; for utterance s03f3ccsjm01-20150804-Korean-cps03019 avg. like is -40.421 over 159 frames.
LOG (gmm-acc-stats-ali[5.5.52-6d919]:main():gmm-acc-stats-ali.cc:105) Processed 10400 utterances; for utterance s03f3ccsjm01-20150804-Korean-cps03069 avg. like is -43.1634 over 191 frames.
LOG (gmm-acc-stats-ali[5.5.52-6d919]:main():gmm-acc-stats-ali.cc:105) Processed 10450 utterances; for utterance s03f3ccsjm01-20150804-Korean-cps03119 avg. like is -43.4421 over 144 frames.
LOG (gmm-acc-stats-ali[5.5.52-6d919]:main():gmm-acc-stats-ali.cc:105) Processed 10500 utterances; for utterance s03f3ccsjm01-20150804-Korean-cps03169 avg. like is -41.5058 over 168 frames.
LOG (gmm-acc-stats-ali[5.5.52-6d919]:main():gmm-acc-stats-ali.cc:105) Processed 10550 utterances; for utterance s03f3ccsjm01-20150804-Korean-cps03219 avg. like is -38.1672 over 163 frames.
LOG (gmm-acc-stats-ali[5.5.52-6d919]:main():gmm-acc-stats-ali.cc:105) Processed 10600 utterances; for utterance s03f3ccsjm01-20150804-Korean-cps03270 avg. like is -40.0313 over 178 frames.
LOG (gmm-acc-stats-ali[5.5.52-6d919]:main():gmm-acc-stats-ali.cc:105) Processed 10650 utterances; for utterance s03f3ccsjm01-20150804-Korean-cps03320 avg. like is -41.9472 over 164 frames.
LOG (gmm-acc-stats-ali[5.5.52-6d919]:main():gmm-acc-stats-ali.cc:105) Processed 10700 utterances; for utterance s03f3ccsjm01-20150804-Korean-cps03370 avg. like is -42.6004 over 161 frames.
LOG (gmm-acc-stats-ali[5.5.52-6d919]:main():gmm-acc-stats-ali.cc:105) Processed 10750 utterances; for utterance s03f3ccsjm01-20150804-Koreanbabble2SNR10-cps03002 avg. like is -44.8943 over 168 frames.
LOG (gmm-acc-stats-ali[5.5.52-6d919]:main():gmm-acc-stats-ali.cc:105) Processed 10800 utterances; for utterance s03f3ccsjm01-20150804-Koreanbabble2SNR10-cps03053 avg. like is -44.8132 over 168 frames.
LOG (gmm-acc-stats-ali[5.5.52-6d919]:main():gmm-acc-stats-ali.cc:105) Processed 10850 utterances; for utterance s03f3ccsjm01-20150804-Koreanbabble2SNR10-cps03103 avg. like is -46.1424 over 160 frames.
LOG (gmm-acc-stats-ali[5.5.52-6d919]:main():gmm-acc-stats-ali.cc:105) Processed 10900 utterances; for utterance s03f3ccsjm01-20150804-Koreanbabble2SNR10-cps03153 avg. like is -44.6252 over 151 frames.
LOG (gmm-acc-stats-ali[5.5.52-6d919]:main():gmm-acc-stats-ali.cc:105) Processed 10950 utterances; for utterance s03f3ccsjm01-20150804-Koreanbabble2SNR10-cps03203 avg. like is -45.2435 over 119 frames.
LOG (gmm-acc-stats-ali[5.5.52-6d919]:main():gmm-acc-stats-ali.cc:105) Processed 11000 utterances; for utterance s03f3ccsjm01-20150804-Koreanbabble2SNR10-cps03254 avg. like is -42.9059 over 161 frames.
LOG (gmm-acc-stats-ali[5.5.52-6d919]:main():gmm-acc-stats-ali.cc:105) Processed 11050 utterances; for utterance s03f3ccsjm01-20150804-Koreanbabble2SNR10-cps03304 avg. like is -44.3982 over 145 frames.
LOG (gmm-acc-stats-ali[5.5.52-6d919]:main():gmm-acc-stats-ali.cc:105) Processed 11100 utterances; for utterance s03f3ccsjm01-20150804-Koreanbabble2SNR10-cps03354 avg. like is -41.376 over 151 frames.
LOG (gmm-acc-stats-ali[5.5.52-6d919]:main():gmm-acc-stats-ali.cc:105) Processed 11150 utterances; for utterance s03f3ccsjm01-20150804-Koreanbabble2SNR10-cps03404 avg. like is -48.434 over 182 frames.
LOG (gmm-acc-stats-ali[5.5.52-6d919]:main():gmm-acc-stats-ali.cc:105) Processed 11200 utterances; for utterance s03f3ccuyj02-20150804-Korean-cps03036 avg. like is -50.1326 over 161 frames.
LOG (gmm-acc-stats-ali[5.5.52-6d919]:main():gmm-acc-stats-ali.cc:105) Processed 11250 utterances; for utterance s03f3ccuyj02-20150804-Korean-cps03087 avg. like is -48.9317 over 171 frames.
LOG (gmm-acc-stats-ali[5.5.52-6d919]:main():gmm-acc-stats-ali.cc:105) Processed 11300 utterances; for utterance s03f3ccuyj02-20150804-Korean-cps03137 avg. like is -49.7726 over 162 frames.
LOG (gmm-acc-stats-ali[5.5.52-6d919]:main():gmm-acc-stats-ali.cc:105) Processed 11350 utterances; for utterance s03f3ccuyj02-20150804-Korean-cps03187 avg. like is -46.367 over 148 frames.
LOG (gmm-acc-stats-ali[5.5.52-6d919]:main():gmm-acc-stats-ali.cc:105) Processed 11400 utterances; for utterance s03f3ccuyj02-20150804-Korean-cps03237 avg. like is -42.9129 over 158 frames.
LOG (gmm-acc-stats-ali[5.5.52-6d919]:main():gmm-acc-stats-ali.cc:105) Processed 11450 utterances; for utterance s03f3ccuyj02-20150804-Korean-cps03288 avg. like is -46.5205 over 132 frames.
LOG (gmm-acc-stats-ali[5.5.52-6d919]:main():gmm-acc-stats-ali.cc:105) Processed 11500 utterances; for utterance s03f3ccuyj02-20150804-Korean-cps03338 avg. like is -50.882 over 145 frames.
LOG (gmm-acc-stats-ali[5.5.52-6d919]:main():gmm-acc-stats-ali.cc:105) Processed 11550 utterances; for utterance s03f3ccuyj02-20150804-Korean-cps03388 avg. like is -49.2725 over 162 frames.
LOG (gmm-acc-stats-ali[5.5.52-6d919]:main():gmm-acc-stats-ali.cc:105) Processed 11600 utterances; for utterance s03f3ccuyj02-20150804-KoreancarSNR10-cps03021 avg. like is -37.2441 over 163 frames.
LOG (gmm-acc-stats-ali[5.5.52-6d919]:main():gmm-acc-stats-ali.cc:105) Processed 11650 utterances; for utterance s03f3ccuyj02-20150804-KoreancarSNR10-cps03072 avg. like is -39.7187 over 159 frames.
LOG (gmm-acc-stats-ali[5.5.52-6d919]:main():gmm-acc-stats-ali.cc:105) Processed 11700 utterances; for utterance s03f3ccuyj02-20150804-KoreancarSNR10-cps03122 avg. like is -36.4799 over 148 frames.
LOG (gmm-acc-stats-ali[5.5.52-6d919]:main():gmm-acc-stats-ali.cc:105) Processed 11750 utterances; for utterance s03f3ccuyj02-20150804-KoreancarSNR10-cps03172 avg. like is -39.3781 over 159 frames.
LOG (gmm-acc-stats-ali[5.5.52-6d919]:main():gmm-acc-stats-ali.cc:105) Processed 11800 utterances; for utterance s03f3ccuyj02-20150804-KoreancarSNR10-cps03222 avg. like is -38.9298 over 163 frames.
LOG (gmm-acc-stats-ali[5.5.52-6d919]:main():gmm-acc-stats-ali.cc:105) Processed 11850 utterances; for utterance s03f3ccuyj02-20150804-KoreancarSNR10-cps03273 avg. like is -35.3073 over 148 frames.
LOG (gmm-acc-stats-ali[5.5.52-6d919]:main():gmm-acc-stats-ali.cc:105) Processed 11900 utterances; for utterance s03f3ccuyj02-20150804-KoreancarSNR10-cps03323 avg. like is -37.5903 over 171 frames.
LOG (gmm-acc-stats-ali[5.5.52-6d919]:main():gmm-acc-stats-ali.cc:105) Processed 11950 utterances; for utterance s03f3ccuyj02-20150804-KoreancarSNR10-cps03373 avg. like is -41.0337 over 201 frames.
LOG (gmm-acc-stats-ali[5.5.52-6d919]:main():gmm-acc-stats-ali.cc:105) Processed 12000 utterances; for utterance s03f3jrgum01-20150804-Korean-cps03006 avg. like is -50.0773 over 155 frames.
LOG (gmm-acc-stats-ali[5.5.52-6d919]:main():gmm-acc-stats-ali.cc:105) Processed 12050 utterances; for utterance s03f3jrgum01-20150804-Korean-cps03056 avg. like is -45.5118 over 144 frames.
LOG (gmm-acc-stats-ali[5.5.52-6d919]:main():gmm-acc-stats-ali.cc:105) Processed 12100 utterances; for utterance s03f3jrgum01-20150804-Korean-cps03106 avg. like is -45.6392 over 124 frames.
LOG (gmm-acc-stats-ali[5.5.52-6d919]:main():gmm-acc-stats-ali.cc:105) Processed 12150 utterances; for utterance s03f3jrgum01-20150804-Korean-cps03156 avg. like is -48.7767 over 144 frames.
LOG (gmm-acc-stats-ali[5.5.52-6d919]:main():gmm-acc-stats-ali.cc:105) Processed 12200 utterances; for utterance s03f3jrgum01-20150804-Korean-cps03206 avg. like is -46.69 over 156 frames.
LOG (gmm-acc-stats-ali[5.5.52-6d919]:main():gmm-acc-stats-ali.cc:105) Processed 12250 utterances; for utterance s03f3jrgum01-20150804-Korean-cps03256 avg. like is -43.8936 over 139 frames.
LOG (gmm-acc-stats-ali[5.5.52-6d919]:main():gmm-acc-stats-ali.cc:105) Processed 12300 utterances; for utterance s03f3jrgum01-20150804-Korean-cps03306 avg. like is -45.4252 over 128 frames.
LOG (gmm-acc-stats-ali[5.5.52-6d919]:main():gmm-acc-stats-ali.cc:105) Processed 12350 utterances; for utterance s03f3jrgum01-20150804-Korean-cps03356 avg. like is -46.1384 over 147 frames.
LOG (gmm-acc-stats-ali[5.5.52-6d919]:main():gmm-acc-stats-ali.cc:105) Processed 12400 utterances; for utterance s03f3jrgum01-20150804-Korean-cps03407 avg. like is -49.4171 over 127 frames.
LOG (gmm-acc-stats-ali[5.5.52-6d919]:main():gmm-acc-stats-ali.cc:105) Processed 12450 utterances; for utterance s03f3jrgum01-20150804-KoreancarSNR10-cps03039 avg. like is -38.6296 over 141 frames.
LOG (gmm-acc-stats-ali[5.5.52-6d919]:main():gmm-acc-stats-ali.cc:105) Processed 12500 utterances; for utterance s03f3jrgum01-20150804-KoreancarSNR10-cps03089 avg. like is -38.9566 over 127 frames.
LOG (gmm-acc-stats-ali[5.5.52-6d919]:main():gmm-acc-stats-ali.cc:105) Processed 12550 utterances; for utterance s03f3jrgum01-20150804-KoreancarSNR10-cps03139 avg. like is -37.4822 over 131 frames.
LOG (gmm-acc-stats-ali[5.5.52-6d919]:main():gmm-acc-stats-ali.cc:105) Processed 12600 utterances; for utterance s03f3jrgum01-20150804-KoreancarSNR10-cps03189 avg. like is -41.4277 over 152 frames.
LOG (gmm-acc-stats-ali[5.5.52-6d919]:main():gmm-acc-stats-ali.cc:105) Processed 12650 utterances; for utterance s03f3jrgum01-20150804-KoreancarSNR10-cps03239 avg. like is -39.5109 over 146 frames.
LOG (gmm-acc-stats-ali[5.5.52-6d919]:main():gmm-acc-stats-ali.cc:105) Processed 12700 utterances; for utterance s03f3jrgum01-20150804-KoreancarSNR10-cps03289 avg. like is -39.6351 over 149 frames.
LOG (gmm-acc-stats-ali[5.5.52-6d919]:main():gmm-acc-stats-ali.cc:105) Processed 12750 utterances; for utterance s03f3jrgum01-20150804-KoreancarSNR10-cps03339 avg. like is -40.9817 over 121 frames.
LOG (gmm-acc-stats-ali[5.5.52-6d919]:main():gmm-acc-stats-ali.cc:105) Processed 12800 utterances; for utterance s03f3jrgum01-20150804-KoreancarSNR10-cps03389 avg. like is -37.33 over 105 frames.
LOG (gmm-acc-stats-ali[5.5.52-6d919]:main():gmm-acc-stats-ali.cc:105) Processed 12850 utterances; for utterance s03f3jrgyh04-20150804-Korean-cps03022 avg. like is -47.6578 over 141 frames.
LOG (gmm-acc-stats-ali[5.5.52-6d919]:main():gmm-acc-stats-ali.cc:105) Processed 12900 utterances; for utterance s03f3jrgyh04-20150804-Korean-cps03072 avg. like is -47.299 over 132 frames.
LOG (gmm-acc-stats-ali[5.5.52-6d919]:main():gmm-acc-stats-ali.cc:105) Processed 12950 utterances; for utterance s03f3jrgyh04-20150804-Korean-cps03122 avg. like is -46.7442 over 138 frames.
LOG (gmm-acc-stats-ali[5.5.52-6d919]:main():gmm-acc-stats-ali.cc:105) Processed 13000 utterances; for utterance s03f3jrgyh04-20150804-Korean-cps03172 avg. like is -47.4955 over 158 frames.
LOG (gmm-acc-stats-ali[5.5.52-6d919]:main():gmm-acc-stats-ali.cc:105) Processed 13050 utterances; for utterance s03f3jrgyh04-20150804-Korean-cps03222 avg. like is -46.519 over 140 frames.
LOG (gmm-acc-stats-ali[5.5.52-6d919]:main():gmm-acc-stats-ali.cc:105) Processed 13100 utterances; for utterance s03f3jrgyh04-20150804-Korean-cps03272 avg. like is -47.3616 over 147 frames.
LOG (gmm-acc-stats-ali[5.5.52-6d919]:main():gmm-acc-stats-ali.cc:105) Processed 13150 utterances; for utterance s03f3jrgyh04-20150804-Korean-cps03322 avg. like is -44.1954 over 148 frames.
LOG (gmm-acc-stats-ali[5.5.52-6d919]:main():gmm-acc-stats-ali.cc:105) Processed 13200 utterances; for utterance s03f3jrgyh04-20150804-Korean-cps03372 avg. like is -47.9215 over 183 frames.
LOG (gmm-acc-stats-ali[5.5.52-6d919]:main():gmm-acc-stats-ali.cc:105) Processed 13250 utterances; for utterance s03f3jrgyh04-20150804-Koreanleopard2SNR10-cps03004 avg. like is -37.5265 over 102 frames.
LOG (gmm-acc-stats-ali[5.5.52-6d919]:main():gmm-acc-stats-ali.cc:105) Processed 13300 utterances; for utterance s03f3jrgyh04-20150804-Koreanleopard2SNR10-cps03054 avg. like is -43.6846 over 150 frames.
LOG (gmm-acc-stats-ali[5.5.52-6d919]:main():gmm-acc-stats-ali.cc:105) Processed 13350 utterances; for utterance s03f3jrgyh04-20150804-Koreanleopard2SNR10-cps03104 avg. like is -41.3232 over 132 frames.
LOG (gmm-acc-stats-ali[5.5.52-6d919]:main():gmm-acc-stats-ali.cc:105) Processed 13400 utterances; for utterance s03f3jrgyh04-20150804-Koreanleopard2SNR10-cps03154 avg. like is -41.8421 over 149 frames.
LOG (gmm-acc-stats-ali[5.5.52-6d919]:main():gmm-acc-stats-ali.cc:105) Processed 13450 utterances; for utterance s03f3jrgyh04-20150804-Koreanleopard2SNR10-cps03204 avg. like is -43.6006 over 141 frames.
LOG (gmm-acc-stats-ali[5.5.52-6d919]:main():gmm-acc-stats-ali.cc:105) Processed 13500 utterances; for utterance s03f3jrgyh04-20150804-Koreanleopard2SNR10-cps03254 avg. like is -40.5718 over 122 frames.
LOG (gmm-acc-stats-ali[5.5.52-6d919]:main():gmm-acc-stats-ali.cc:105) Processed 13550 utterances; for utterance s03f3jrgyh04-20150804-Koreanleopard2SNR10-cps03304 avg. like is -40.1177 over 129 frames.
LOG (gmm-acc-stats-ali[5.5.52-6d919]:main():gmm-acc-stats-ali.cc:105) Processed 13600 utterances; for utterance s03f3jrgyh04-20150804-Koreanleopard2SNR10-cps03354 avg. like is -39.6794 over 136 frames.
LOG (gmm-acc-stats-ali[5.5.52-6d919]:main():gmm-acc-stats-ali.cc:105) Processed 13650 utterances; for utterance s03f3jrgyh04-20150804-Koreanleopard2SNR10-cps03404 avg. like is -42.4501 over 154 frames.
LOG (apply-cmvn[5.5.52-6d919]:main():apply-cmvn.cc:162) Applied cepstral mean normalization to 13664 utterances, errors on 0
LOG (transform-feats[5.5.52-6d919]:main():transform-feats.cc:158) Overall average [pseudo-]logdet is -92.5347 over 2.21597e+06 frames.
LOG (transform-feats[5.5.52-6d919]:main():transform-feats.cc:161) Applied transform to 13664 utterances; 0 had errors.
LOG (transform-feats[5.5.52-6d919]:main():transform-feats.cc:158) Overall average logdet is 1.28252 over 2.21597e+06 frames.
LOG (transform-feats[5.5.52-6d919]:main():transform-feats.cc:161) Applied transform to 13664 utterances; 0 had errors.
LOG (gmm-acc-stats-ali[5.5.52-6d919]:main():gmm-acc-stats-ali.cc:112) Done 13664 files, 0 with errors.
LOG (gmm-acc-stats-ali[5.5.52-6d919]:main():gmm-acc-stats-ali.cc:115) Overall avg like per frame (Gaussian only) = -43.5758 over 2215968 frames.
LOG (gmm-acc-stats-ali[5.5.52-6d919]:main():gmm-acc-stats-ali.cc:123) Written accs.
# Accounting: time=14 threads=1
# Ended (code 0) at Tue May  7 16:24:57 KST 2019, elapsed time 14 seconds
