# gmm-acc-stats-ali exp/tri3b/15.mdl "ark,s,cs:apply-cmvn  --utt2spk=ark:data/train/split8/4/utt2spk scp:data/train/split8/4/cmvn.scp scp:data/train/split8/4/feats.scp ark:- | splice-feats  ark:- ark:- | transform-feats exp/tri2b_ali/final.mat ark:- ark:- | transform-feats --utt2spk=ark:data/train/split8/4/utt2spk ark:exp/tri3b/trans.4 ark:- ark:- |" "ark,s,cs:gunzip -c exp/tri3b/ali.4.gz|" exp/tri3b/15.4.acc 
# Started at Tue May  7 16:15:09 KST 2019
#
gmm-acc-stats-ali exp/tri3b/15.mdl 'ark,s,cs:apply-cmvn  --utt2spk=ark:data/train/split8/4/utt2spk scp:data/train/split8/4/cmvn.scp scp:data/train/split8/4/feats.scp ark:- | splice-feats  ark:- ark:- | transform-feats exp/tri2b_ali/final.mat ark:- ark:- | transform-feats --utt2spk=ark:data/train/split8/4/utt2spk ark:exp/tri3b/trans.4 ark:- ark:- |' 'ark,s,cs:gunzip -c exp/tri3b/ali.4.gz|' exp/tri3b/15.4.acc 
apply-cmvn --utt2spk=ark:data/train/split8/4/utt2spk scp:data/train/split8/4/cmvn.scp scp:data/train/split8/4/feats.scp ark:- 
splice-feats ark:- ark:- 
transform-feats exp/tri2b_ali/final.mat ark:- ark:- 
transform-feats --utt2spk=ark:data/train/split8/4/utt2spk ark:exp/tri3b/trans.4 ark:- ark:- 
LOG (gmm-acc-stats-ali[5.5.52-6d919]:main():gmm-acc-stats-ali.cc:105) Processed 50 utterances; for utterance s01m1jrugs01-20150804-Korean-cps01050 avg. like is -45.4835 over 301 frames.
LOG (gmm-acc-stats-ali[5.5.52-6d919]:main():gmm-acc-stats-ali.cc:105) Processed 100 utterances; for utterance s01m1jrugs01-20150804-Korean-cps01100 avg. like is -49.9177 over 233 frames.
LOG (gmm-acc-stats-ali[5.5.52-6d919]:main():gmm-acc-stats-ali.cc:105) Processed 150 utterances; for utterance s01m1jrugs01-20150804-Korean-cps01150 avg. like is -50.07 over 224 frames.
LOG (gmm-acc-stats-ali[5.5.52-6d919]:main():gmm-acc-stats-ali.cc:105) Processed 200 utterances; for utterance s01m1jrugs01-20150804-Korean-cps01201 avg. like is -45.6091 over 182 frames.
LOG (gmm-acc-stats-ali[5.5.52-6d919]:main():gmm-acc-stats-ali.cc:105) Processed 250 utterances; for utterance s01m1jrugs01-20150804-Korean-cps01253 avg. like is -48.526 over 357 frames.
LOG (gmm-acc-stats-ali[5.5.52-6d919]:main():gmm-acc-stats-ali.cc:105) Processed 300 utterances; for utterance s01m1jrugs01-20150804-Korean-cps01303 avg. like is -48.5391 over 254 frames.
LOG (gmm-acc-stats-ali[5.5.52-6d919]:main():gmm-acc-stats-ali.cc:105) Processed 350 utterances; for utterance s01m1jrugs01-20150804-Korean-cps01355 avg. like is -48.4981 over 263 frames.
LOG (gmm-acc-stats-ali[5.5.52-6d919]:main():gmm-acc-stats-ali.cc:105) Processed 400 utterances; for utterance s01m1jrugs01-20150804-Korean-cps01407 avg. like is -47.0028 over 280 frames.
LOG (gmm-acc-stats-ali[5.5.52-6d919]:main():gmm-acc-stats-ali.cc:105) Processed 450 utterances; for utterance s01m1jrugs01-20150804-Koreanbabble2SNR10-cps01041 avg. like is -45.7422 over 113 frames.
LOG (gmm-acc-stats-ali[5.5.52-6d919]:main():gmm-acc-stats-ali.cc:105) Processed 500 utterances; for utterance s01m1jrugs01-20150804-Koreanbabble2SNR10-cps01091 avg. like is -47.3725 over 220 frames.
LOG (gmm-acc-stats-ali[5.5.52-6d919]:main():gmm-acc-stats-ali.cc:105) Processed 550 utterances; for utterance s01m1jrugs01-20150804-Koreanbabble2SNR10-cps01141 avg. like is -48.6425 over 178 frames.
LOG (gmm-acc-stats-ali[5.5.52-6d919]:main():gmm-acc-stats-ali.cc:105) Processed 600 utterances; for utterance s01m1jrugs01-20150804-Koreanbabble2SNR10-cps01192 avg. like is -47.7678 over 293 frames.
LOG (gmm-acc-stats-ali[5.5.52-6d919]:main():gmm-acc-stats-ali.cc:105) Processed 650 utterances; for utterance s01m1jrugs01-20150804-Koreanbabble2SNR10-cps01243 avg. like is -48.8364 over 216 frames.
LOG (gmm-acc-stats-ali[5.5.52-6d919]:main():gmm-acc-stats-ali.cc:105) Processed 700 utterances; for utterance s01m1jrugs01-20150804-Koreanbabble2SNR10-cps01294 avg. like is -48.483 over 195 frames.
LOG (gmm-acc-stats-ali[5.5.52-6d919]:main():gmm-acc-stats-ali.cc:105) Processed 750 utterances; for utterance s01m1jrugs01-20150804-Koreanbabble2SNR10-cps01346 avg. like is -48.2653 over 199 frames.
LOG (gmm-acc-stats-ali[5.5.52-6d919]:main():gmm-acc-stats-ali.cc:105) Processed 800 utterances; for utterance s01m1jrugs01-20150804-Koreanbabble2SNR10-cps01398 avg. like is -45.9723 over 156 frames.
LOG (gmm-acc-stats-ali[5.5.52-6d919]:main():gmm-acc-stats-ali.cc:105) Processed 850 utterances; for utterance s01m1ksgsg01-20150804-Korean-cps01032 avg. like is -50.6497 over 166 frames.
LOG (gmm-acc-stats-ali[5.5.52-6d919]:main():gmm-acc-stats-ali.cc:105) Processed 900 utterances; for utterance s01m1ksgsg01-20150804-Korean-cps01083 avg. like is -50.9979 over 202 frames.
LOG (gmm-acc-stats-ali[5.5.52-6d919]:main():gmm-acc-stats-ali.cc:105) Processed 950 utterances; for utterance s01m1ksgsg01-20150804-Korean-cps01133 avg. like is -49.3574 over 166 frames.
LOG (gmm-acc-stats-ali[5.5.52-6d919]:main():gmm-acc-stats-ali.cc:105) Processed 1000 utterances; for utterance s01m1ksgsg01-20150804-Korean-cps01183 avg. like is -51.0563 over 156 frames.
LOG (gmm-acc-stats-ali[5.5.52-6d919]:main():gmm-acc-stats-ali.cc:105) Processed 1050 utterances; for utterance s01m1ksgsg01-20150804-Korean-cps01234 avg. like is -50.308 over 214 frames.
LOG (gmm-acc-stats-ali[5.5.52-6d919]:main():gmm-acc-stats-ali.cc:105) Processed 1100 utterances; for utterance s01m1ksgsg01-20150804-Korean-cps01284 avg. like is -51.621 over 169 frames.
LOG (gmm-acc-stats-ali[5.5.52-6d919]:main():gmm-acc-stats-ali.cc:105) Processed 1150 utterances; for utterance s01m1ksgsg01-20150804-Korean-cps01334 avg. like is -55.3098 over 149 frames.
LOG (gmm-acc-stats-ali[5.5.52-6d919]:main():gmm-acc-stats-ali.cc:105) Processed 1200 utterances; for utterance s01m1ksgsg01-20150804-Korean-cps01386 avg. like is -51.505 over 181 frames.
LOG (gmm-acc-stats-ali[5.5.52-6d919]:main():gmm-acc-stats-ali.cc:105) Processed 1250 utterances; for utterance s01m1ksgsg01-20150804-KoreanwhiteSNR10-cps01020 avg. like is -38.7614 over 151 frames.
LOG (gmm-acc-stats-ali[5.5.52-6d919]:main():gmm-acc-stats-ali.cc:105) Processed 1300 utterances; for utterance s01m1ksgsg01-20150804-KoreanwhiteSNR10-cps01070 avg. like is -34.0464 over 150 frames.
LOG (gmm-acc-stats-ali[5.5.52-6d919]:main():gmm-acc-stats-ali.cc:105) Processed 1350 utterances; for utterance s01m1ksgsg01-20150804-KoreanwhiteSNR10-cps01121 avg. like is -41.1613 over 135 frames.
LOG (gmm-acc-stats-ali[5.5.52-6d919]:main():gmm-acc-stats-ali.cc:105) Processed 1400 utterances; for utterance s01m1ksgsg01-20150804-KoreanwhiteSNR10-cps01171 avg. like is -40.2082 over 185 frames.
LOG (gmm-acc-stats-ali[5.5.52-6d919]:main():gmm-acc-stats-ali.cc:105) Processed 1450 utterances; for utterance s01m1ksgsg01-20150804-KoreanwhiteSNR10-cps01222 avg. like is -37.9009 over 202 frames.
LOG (gmm-acc-stats-ali[5.5.52-6d919]:main():gmm-acc-stats-ali.cc:105) Processed 1500 utterances; for utterance s01m1ksgsg01-20150804-KoreanwhiteSNR10-cps01272 avg. like is -37.3092 over 144 frames.
LOG (gmm-acc-stats-ali[5.5.52-6d919]:main():gmm-acc-stats-ali.cc:105) Processed 1550 utterances; for utterance s01m1ksgsg01-20150804-KoreanwhiteSNR10-cps01322 avg. like is -38.6556 over 240 frames.
LOG (gmm-acc-stats-ali[5.5.52-6d919]:main():gmm-acc-stats-ali.cc:105) Processed 1600 utterances; for utterance s01m1ksgsg01-20150804-KoreanwhiteSNR10-cps01374 avg. like is -37.2654 over 145 frames.
LOG (gmm-acc-stats-ali[5.5.52-6d919]:main():gmm-acc-stats-ali.cc:105) Processed 1650 utterances; for utterance s01m1kshsh01-20150804-Korean-cps01008 avg. like is -48.1342 over 150 frames.
LOG (gmm-acc-stats-ali[5.5.52-6d919]:main():gmm-acc-stats-ali.cc:105) Processed 1700 utterances; for utterance s01m1kshsh01-20150804-Korean-cps01059 avg. like is -46.8817 over 216 frames.
LOG (gmm-acc-stats-ali[5.5.52-6d919]:main():gmm-acc-stats-ali.cc:105) Processed 1750 utterances; for utterance s01m1kshsh01-20150804-Korean-cps01110 avg. like is -49.5152 over 181 frames.
LOG (gmm-acc-stats-ali[5.5.52-6d919]:main():gmm-acc-stats-ali.cc:105) Processed 1800 utterances; for utterance s01m1kshsh01-20150804-Korean-cps01161 avg. like is -45.6026 over 180 frames.
LOG (gmm-acc-stats-ali[5.5.52-6d919]:main():gmm-acc-stats-ali.cc:105) Processed 1850 utterances; for utterance s01m1kshsh01-20150804-Korean-cps01212 avg. like is -46.6702 over 176 frames.
LOG (gmm-acc-stats-ali[5.5.52-6d919]:main():gmm-acc-stats-ali.cc:105) Processed 1900 utterances; for utterance s01m1kshsh01-20150804-Korean-cps01262 avg. like is -45.0652 over 176 frames.
LOG (gmm-acc-stats-ali[5.5.52-6d919]:main():gmm-acc-stats-ali.cc:105) Processed 1950 utterances; for utterance s01m1kshsh01-20150804-Korean-cps01312 avg. like is -49.5967 over 227 frames.
LOG (gmm-acc-stats-ali[5.5.52-6d919]:main():gmm-acc-stats-ali.cc:105) Processed 2000 utterances; for utterance s01m1kshsh01-20150804-Korean-cps01362 avg. like is -46.6564 over 143 frames.
LOG (gmm-acc-stats-ali[5.5.52-6d919]:main():gmm-acc-stats-ali.cc:105) Processed 2050 utterances; for utterance s01m1kshsh01-20150804-Korean-cps01415 avg. like is -49.8241 over 135 frames.
LOG (gmm-acc-stats-ali[5.5.52-6d919]:main():gmm-acc-stats-ali.cc:105) Processed 2100 utterances; for utterance s01m1kshsh01-20150804-KoreancarSNR10-cps01049 avg. like is -40.163 over 204 frames.
LOG (gmm-acc-stats-ali[5.5.52-6d919]:main():gmm-acc-stats-ali.cc:105) Processed 2150 utterances; for utterance s01m1kshsh01-20150804-KoreancarSNR10-cps01100 avg. like is -40.9362 over 202 frames.
LOG (gmm-acc-stats-ali[5.5.52-6d919]:main():gmm-acc-stats-ali.cc:105) Processed 2200 utterances; for utterance s01m1kshsh01-20150804-KoreancarSNR10-cps01151 avg. like is -38.506 over 209 frames.
LOG (gmm-acc-stats-ali[5.5.52-6d919]:main():gmm-acc-stats-ali.cc:105) Processed 2250 utterances; for utterance s01m1kshsh01-20150804-KoreancarSNR10-cps01202 avg. like is -41.4911 over 181 frames.
LOG (gmm-acc-stats-ali[5.5.52-6d919]:main():gmm-acc-stats-ali.cc:105) Processed 2300 utterances; for utterance s01m1kshsh01-20150804-KoreancarSNR10-cps01252 avg. like is -46.1198 over 134 frames.
LOG (gmm-acc-stats-ali[5.5.52-6d919]:main():gmm-acc-stats-ali.cc:105) Processed 2350 utterances; for utterance s01m1kshsh01-20150804-KoreancarSNR10-cps01302 avg. like is -37.2166 over 169 frames.
LOG (gmm-acc-stats-ali[5.5.52-6d919]:main():gmm-acc-stats-ali.cc:105) Processed 2400 utterances; for utterance s01m1kshsh01-20150804-KoreancarSNR10-cps01352 avg. like is -37.9626 over 180 frames.
LOG (gmm-acc-stats-ali[5.5.52-6d919]:main():gmm-acc-stats-ali.cc:105) Processed 2450 utterances; for utterance s01m1kshsh01-20150804-KoreancarSNR10-cps01405 avg. like is -43.7373 over 127 frames.
LOG (gmm-acc-stats-ali[5.5.52-6d919]:main():gmm-acc-stats-ali.cc:105) Processed 2500 utterances; for utterance s01m1kwhty01-20150804-Korean-cps01038 avg. like is -55.8427 over 153 frames.
LOG (gmm-acc-stats-ali[5.5.52-6d919]:main():gmm-acc-stats-ali.cc:105) Processed 2550 utterances; for utterance s01m1kwhty01-20150804-Korean-cps01089 avg. like is -54.4824 over 138 frames.
LOG (gmm-acc-stats-ali[5.5.52-6d919]:main():gmm-acc-stats-ali.cc:105) Processed 2600 utterances; for utterance s01m1kwhty01-20150804-Korean-cps01139 avg. like is -53.6152 over 162 frames.
LOG (gmm-acc-stats-ali[5.5.52-6d919]:main():gmm-acc-stats-ali.cc:105) Processed 2650 utterances; for utterance s01m1kwhty01-20150804-Korean-cps01190 avg. like is -48.5954 over 162 frames.
LOG (gmm-acc-stats-ali[5.5.52-6d919]:main():gmm-acc-stats-ali.cc:105) Processed 2700 utterances; for utterance s01m1kwhty01-20150804-Korean-cps01240 avg. like is -51.4333 over 151 frames.
LOG (gmm-acc-stats-ali[5.5.52-6d919]:main():gmm-acc-stats-ali.cc:105) Processed 2750 utterances; for utterance s01m1kwhty01-20150804-Korean-cps01290 avg. like is -52.0904 over 165 frames.
LOG (gmm-acc-stats-ali[5.5.52-6d919]:main():gmm-acc-stats-ali.cc:105) Processed 2800 utterances; for utterance s01m1kwhty01-20150804-Korean-cps01341 avg. like is -53.169 over 187 frames.
LOG (gmm-acc-stats-ali[5.5.52-6d919]:main():gmm-acc-stats-ali.cc:105) Processed 2850 utterances; for utterance s01m1kwhty01-20150804-Korean-cps01391 avg. like is -48.7005 over 157 frames.
LOG (gmm-acc-stats-ali[5.5.52-6d919]:main():gmm-acc-stats-ali.cc:105) Processed 2900 utterances; for utterance s01m1kwhty01-20150804-KoreanbabbleSNR10-cps01024 avg. like is -48.0539 over 147 frames.
LOG (gmm-acc-stats-ali[5.5.52-6d919]:main():gmm-acc-stats-ali.cc:105) Processed 2950 utterances; for utterance s01m1kwhty01-20150804-KoreanbabbleSNR10-cps01075 avg. like is -45.5772 over 144 frames.
LOG (gmm-acc-stats-ali[5.5.52-6d919]:main():gmm-acc-stats-ali.cc:105) Processed 3000 utterances; for utterance s01m1kwhty01-20150804-KoreanbabbleSNR10-cps01125 avg. like is -48.2226 over 165 frames.
LOG (gmm-acc-stats-ali[5.5.52-6d919]:main():gmm-acc-stats-ali.cc:105) Processed 3050 utterances; for utterance s01m1kwhty01-20150804-KoreanbabbleSNR10-cps01175 avg. like is -45.9613 over 175 frames.
LOG (gmm-acc-stats-ali[5.5.52-6d919]:main():gmm-acc-stats-ali.cc:105) Processed 3100 utterances; for utterance s01m1kwhty01-20150804-KoreanbabbleSNR10-cps01226 avg. like is -47.981 over 175 frames.
LOG (gmm-acc-stats-ali[5.5.52-6d919]:main():gmm-acc-stats-ali.cc:105) Processed 3150 utterances; for utterance s01m1kwhty01-20150804-KoreanbabbleSNR10-cps01276 avg. like is -46.7494 over 165 frames.
LOG (gmm-acc-stats-ali[5.5.52-6d919]:main():gmm-acc-stats-ali.cc:105) Processed 3200 utterances; for utterance s01m1kwhty01-20150804-KoreanbabbleSNR10-cps01327 avg. like is -47.4605 over 138 frames.
LOG (gmm-acc-stats-ali[5.5.52-6d919]:main():gmm-acc-stats-ali.cc:105) Processed 3250 utterances; for utterance s01m1kwhty01-20150804-KoreanbabbleSNR10-cps01377 avg. like is -45.0805 over 157 frames.
LOG (gmm-acc-stats-ali[5.5.52-6d919]:main():gmm-acc-stats-ali.cc:105) Processed 3300 utterances; for utterance s01m1sssdj01-20150804-Korean-cps01010 avg. like is -45.4082 over 156 frames.
LOG (gmm-acc-stats-ali[5.5.52-6d919]:main():gmm-acc-stats-ali.cc:105) Processed 3350 utterances; for utterance s01m1sssdj01-20150804-Korean-cps01061 avg. like is -54.9322 over 168 frames.
LOG (gmm-acc-stats-ali[5.5.52-6d919]:main():gmm-acc-stats-ali.cc:105) Processed 3400 utterances; for utterance s01m1sssdj01-20150804-Korean-cps01112 avg. like is -51.2701 over 138 frames.
LOG (gmm-acc-stats-ali[5.5.52-6d919]:main():gmm-acc-stats-ali.cc:105) Processed 3450 utterances; for utterance s01m1sssdj01-20150804-Korean-cps01163 avg. like is -47.8611 over 147 frames.
LOG (gmm-acc-stats-ali[5.5.52-6d919]:main():gmm-acc-stats-ali.cc:105) Processed 3500 utterances; for utterance s01m1sssdj01-20150804-Korean-cps01214 avg. like is -56.3784 over 171 frames.
LOG (gmm-acc-stats-ali[5.5.52-6d919]:main():gmm-acc-stats-ali.cc:105) Processed 3550 utterances; for utterance s01m1sssdj01-20150804-Korean-cps01265 avg. like is -47.2709 over 150 frames.
LOG (gmm-acc-stats-ali[5.5.52-6d919]:main():gmm-acc-stats-ali.cc:105) Processed 3600 utterances; for utterance s01m1sssdj01-20150804-Korean-cps01315 avg. like is -47.5172 over 146 frames.
LOG (gmm-acc-stats-ali[5.5.52-6d919]:main():gmm-acc-stats-ali.cc:105) Processed 3650 utterances; for utterance s01m1sssdj01-20150804-Korean-cps01365 avg. like is -47.9048 over 154 frames.
LOG (gmm-acc-stats-ali[5.5.52-6d919]:main():gmm-acc-stats-ali.cc:105) Processed 3700 utterances; for utterance s01m1sssdj01-20150804-Korean-cps01416 avg. like is -53.4124 over 146 frames.
LOG (gmm-acc-stats-ali[5.5.52-6d919]:main():gmm-acc-stats-ali.cc:105) Processed 3750 utterances; for utterance s01m1sssdj01-20150804-KoreanwhiteSNR10-cps01049 avg. like is -42.8527 over 165 frames.
LOG (gmm-acc-stats-ali[5.5.52-6d919]:main():gmm-acc-stats-ali.cc:105) Processed 3800 utterances; for utterance s01m1sssdj01-20150804-KoreanwhiteSNR10-cps01101 avg. like is -41.3635 over 138 frames.
LOG (gmm-acc-stats-ali[5.5.52-6d919]:main():gmm-acc-stats-ali.cc:105) Processed 3850 utterances; for utterance s01m1sssdj01-20150804-KoreanwhiteSNR10-cps01152 avg. like is -36.6898 over 134 frames.
LOG (gmm-acc-stats-ali[5.5.52-6d919]:main():gmm-acc-stats-ali.cc:105) Processed 3900 utterances; for utterance s01m1sssdj01-20150804-KoreanwhiteSNR10-cps01203 avg. like is -42.1357 over 127 frames.
LOG (gmm-acc-stats-ali[5.5.52-6d919]:main():gmm-acc-stats-ali.cc:105) Processed 3950 utterances; for utterance s01m1sssdj01-20150804-KoreanwhiteSNR10-cps01254 avg. like is -39.3175 over 138 frames.
LOG (gmm-acc-stats-ali[5.5.52-6d919]:main():gmm-acc-stats-ali.cc:105) Processed 4000 utterances; for utterance s01m1sssdj01-20150804-KoreanwhiteSNR10-cps01304 avg. like is -43.4992 over 147 frames.
LOG (gmm-acc-stats-ali[5.5.52-6d919]:main():gmm-acc-stats-ali.cc:105) Processed 4050 utterances; for utterance s01m1sssdj01-20150804-KoreanwhiteSNR10-cps01354 avg. like is -42.0896 over 108 frames.
LOG (gmm-acc-stats-ali[5.5.52-6d919]:main():gmm-acc-stats-ali.cc:105) Processed 4100 utterances; for utterance s01m1sssdj01-20150804-KoreanwhiteSNR10-cps01405 avg. like is -42.9037 over 137 frames.
LOG (gmm-acc-stats-ali[5.5.52-6d919]:main():gmm-acc-stats-ali.cc:105) Processed 4150 utterances; for utterance s01m2ccjgt01-20150804-Korean-cps01039 avg. like is -44.7648 over 130 frames.
LOG (gmm-acc-stats-ali[5.5.52-6d919]:main():gmm-acc-stats-ali.cc:105) Processed 4200 utterances; for utterance s01m2ccjgt01-20150804-Korean-cps01090 avg. like is -47.8594 over 136 frames.
LOG (gmm-acc-stats-ali[5.5.52-6d919]:main():gmm-acc-stats-ali.cc:105) Processed 4250 utterances; for utterance s01m2ccjgt01-20150804-Korean-cps01141 avg. like is -45.9016 over 134 frames.
LOG (gmm-acc-stats-ali[5.5.52-6d919]:main():gmm-acc-stats-ali.cc:105) Processed 4300 utterances; for utterance s01m2ccjgt01-20150804-Korean-cps01191 avg. like is -57.7604 over 134 frames.
LOG (gmm-acc-stats-ali[5.5.52-6d919]:main():gmm-acc-stats-ali.cc:105) Processed 4350 utterances; for utterance s01m2ccjgt01-20150804-Korean-cps01242 avg. like is -45.9265 over 150 frames.
LOG (gmm-acc-stats-ali[5.5.52-6d919]:main():gmm-acc-stats-ali.cc:105) Processed 4400 utterances; for utterance s01m2ccjgt01-20150804-Korean-cps01294 avg. like is -46.8592 over 137 frames.
LOG (gmm-acc-stats-ali[5.5.52-6d919]:main():gmm-acc-stats-ali.cc:105) Processed 4450 utterances; for utterance s01m2ccjgt01-20150804-Korean-cps01344 avg. like is -46.3242 over 144 frames.
LOG (gmm-acc-stats-ali[5.5.52-6d919]:main():gmm-acc-stats-ali.cc:105) Processed 4500 utterances; for utterance s01m2ccjgt01-20150804-Korean-cps01394 avg. like is -40.3914 over 133 frames.
LOG (gmm-acc-stats-ali[5.5.52-6d919]:main():gmm-acc-stats-ali.cc:105) Processed 4550 utterances; for utterance s01m2ccjgt01-20150804-Koreancar1SNR10-cps01028 avg. like is -41.7179 over 127 frames.
LOG (gmm-acc-stats-ali[5.5.52-6d919]:main():gmm-acc-stats-ali.cc:105) Processed 4600 utterances; for utterance s01m2ccjgt01-20150804-Koreancar1SNR10-cps01079 avg. like is -43.5686 over 175 frames.
LOG (gmm-acc-stats-ali[5.5.52-6d919]:main():gmm-acc-stats-ali.cc:105) Processed 4650 utterances; for utterance s01m2ccjgt01-20150804-Koreancar1SNR10-cps01130 avg. like is -43.2849 over 176 frames.
LOG (gmm-acc-stats-ali[5.5.52-6d919]:main():gmm-acc-stats-ali.cc:105) Processed 4700 utterances; for utterance s01m2ccjgt01-20150804-Koreancar1SNR10-cps01180 avg. like is -42.0187 over 118 frames.
LOG (gmm-acc-stats-ali[5.5.52-6d919]:main():gmm-acc-stats-ali.cc:105) Processed 4750 utterances; for utterance s01m2ccjgt01-20150804-Koreancar1SNR10-cps01231 avg. like is -40.4254 over 125 frames.
LOG (gmm-acc-stats-ali[5.5.52-6d919]:main():gmm-acc-stats-ali.cc:105) Processed 4800 utterances; for utterance s01m2ccjgt01-20150804-Koreancar1SNR10-cps01283 avg. like is -42.1277 over 136 frames.
LOG (gmm-acc-stats-ali[5.5.52-6d919]:main():gmm-acc-stats-ali.cc:105) Processed 4850 utterances; for utterance s01m2ccjgt01-20150804-Koreancar1SNR10-cps01333 avg. like is -40.2334 over 137 frames.
LOG (gmm-acc-stats-ali[5.5.52-6d919]:main():gmm-acc-stats-ali.cc:105) Processed 4900 utterances; for utterance s01m2ccjgt01-20150804-Koreancar1SNR10-cps01383 avg. like is -41.9859 over 138 frames.
LOG (gmm-acc-stats-ali[5.5.52-6d919]:main():gmm-acc-stats-ali.cc:105) Processed 4950 utterances; for utterance s01m2jrbjj01-20150804-Korean-cps01016 avg. like is -53.0207 over 146 frames.
LOG (gmm-acc-stats-ali[5.5.52-6d919]:main():gmm-acc-stats-ali.cc:105) Processed 5000 utterances; for utterance s01m2jrbjj01-20150804-Korean-cps01070 avg. like is -45.8157 over 124 frames.
LOG (gmm-acc-stats-ali[5.5.52-6d919]:main():gmm-acc-stats-ali.cc:105) Processed 5050 utterances; for utterance s01m2jrbjj01-20150804-Korean-cps01120 avg. like is -48.0172 over 152 frames.
LOG (gmm-acc-stats-ali[5.5.52-6d919]:main():gmm-acc-stats-ali.cc:105) Processed 5100 utterances; for utterance s01m2jrbjj01-20150804-Korean-cps01170 avg. like is -51.848 over 156 frames.
LOG (gmm-acc-stats-ali[5.5.52-6d919]:main():gmm-acc-stats-ali.cc:105) Processed 5150 utterances; for utterance s01m2jrbjj01-20150804-Korean-cps01221 avg. like is -48.7366 over 147 frames.
LOG (gmm-acc-stats-ali[5.5.52-6d919]:main():gmm-acc-stats-ali.cc:105) Processed 5200 utterances; for utterance s01m2jrbjj01-20150804-Korean-cps01271 avg. like is -45.3887 over 191 frames.
LOG (gmm-acc-stats-ali[5.5.52-6d919]:main():gmm-acc-stats-ali.cc:105) Processed 5250 utterances; for utterance s01m2jrbjj01-20150804-Korean-cps01321 avg. like is -55.2308 over 186 frames.
LOG (gmm-acc-stats-ali[5.5.52-6d919]:main():gmm-acc-stats-ali.cc:105) Processed 5300 utterances; for utterance s01m2jrbjj01-20150804-Korean-cps01374 avg. like is -51.9462 over 128 frames.
LOG (gmm-acc-stats-ali[5.5.52-6d919]:main():gmm-acc-stats-ali.cc:105) Processed 5350 utterances; for utterance s01m2jrbjj01-20150804-KoreancarSNR10-cps01007 avg. like is -43.0677 over 161 frames.
LOG (gmm-acc-stats-ali[5.5.52-6d919]:main():gmm-acc-stats-ali.cc:105) Processed 5400 utterances; for utterance s01m2jrbjj01-20150804-KoreancarSNR10-cps01060 avg. like is -43.156 over 122 frames.
LOG (gmm-acc-stats-ali[5.5.52-6d919]:main():gmm-acc-stats-ali.cc:105) Processed 5450 utterances; for utterance s01m2jrbjj01-20150804-KoreancarSNR10-cps01111 avg. like is -47.1942 over 152 frames.
LOG (gmm-acc-stats-ali[5.5.52-6d919]:main():gmm-acc-stats-ali.cc:105) Processed 5500 utterances; for utterance s01m2jrbjj01-20150804-KoreancarSNR10-cps01161 avg. like is -41.0918 over 149 frames.
LOG (gmm-acc-stats-ali[5.5.52-6d919]:main():gmm-acc-stats-ali.cc:105) Processed 5550 utterances; for utterance s01m2jrbjj01-20150804-KoreancarSNR10-cps01212 avg. like is -42.1173 over 138 frames.
LOG (gmm-acc-stats-ali[5.5.52-6d919]:main():gmm-acc-stats-ali.cc:105) Processed 5600 utterances; for utterance s01m2jrbjj01-20150804-KoreancarSNR10-cps01262 avg. like is -45.8314 over 128 frames.
LOG (gmm-acc-stats-ali[5.5.52-6d919]:main():gmm-acc-stats-ali.cc:105) Processed 5650 utterances; for utterance s01m2jrbjj01-20150804-KoreancarSNR10-cps01312 avg. like is -45.9184 over 171 frames.
LOG (gmm-acc-stats-ali[5.5.52-6d919]:main():gmm-acc-stats-ali.cc:105) Processed 5700 utterances; for utterance s01m2jrbjj01-20150804-KoreancarSNR10-cps01365 avg. like is -46.9829 over 145 frames.
LOG (gmm-acc-stats-ali[5.5.52-6d919]:main():gmm-acc-stats-ali.cc:105) Processed 5750 utterances; for utterance s01m2jrbjj01-20150804-KoreancarSNR10-cps01415 avg. like is -41.6195 over 144 frames.
LOG (gmm-acc-stats-ali[5.5.52-6d919]:main():gmm-acc-stats-ali.cc:105) Processed 5800 utterances; for utterance s01m2jrggz01-20150804-Korean-cps01048 avg. like is -45.8102 over 151 frames.
LOG (gmm-acc-stats-ali[5.5.52-6d919]:main():gmm-acc-stats-ali.cc:105) Processed 5850 utterances; for utterance s01m2jrggz01-20150804-Korean-cps01099 avg. like is -44.3239 over 152 frames.
LOG (gmm-acc-stats-ali[5.5.52-6d919]:main():gmm-acc-stats-ali.cc:105) Processed 5900 utterances; for utterance s01m2jrggz01-20150804-Korean-cps01151 avg. like is -45.2259 over 185 frames.
LOG (gmm-acc-stats-ali[5.5.52-6d919]:main():gmm-acc-stats-ali.cc:105) Processed 5950 utterances; for utterance s01m2jrggz01-20150804-Korean-cps01204 avg. like is -54.0472 over 138 frames.
LOG (gmm-acc-stats-ali[5.5.52-6d919]:main():gmm-acc-stats-ali.cc:105) Processed 6000 utterances; for utterance s01m2jrggz01-20150804-Korean-cps01256 avg. like is -54.8012 over 205 frames.
LOG (gmm-acc-stats-ali[5.5.52-6d919]:main():gmm-acc-stats-ali.cc:105) Processed 6050 utterances; for utterance s01m2jrggz01-20150804-Korean-cps01306 avg. like is -46.7178 over 148 frames.
LOG (gmm-acc-stats-ali[5.5.52-6d919]:main():gmm-acc-stats-ali.cc:105) Processed 6100 utterances; for utterance s01m2jrggz01-20150804-Korean-cps01356 avg. like is -49.1575 over 138 frames.
LOG (gmm-acc-stats-ali[5.5.52-6d919]:main():gmm-acc-stats-ali.cc:105) Processed 6150 utterances; for utterance s01m2jrggz01-20150804-Korean-cps01408 avg. like is -49.3088 over 143 frames.
LOG (gmm-acc-stats-ali[5.5.52-6d919]:main():gmm-acc-stats-ali.cc:105) Processed 6200 utterances; for utterance s01m2jrggz01-20150804-Koreanfactory1SNR10-cps01042 avg. like is -41.1879 over 165 frames.
LOG (gmm-acc-stats-ali[5.5.52-6d919]:main():gmm-acc-stats-ali.cc:105) Processed 6250 utterances; for utterance s01m2jrggz01-20150804-Koreanfactory1SNR10-cps01093 avg. like is -41.4957 over 157 frames.
LOG (gmm-acc-stats-ali[5.5.52-6d919]:main():gmm-acc-stats-ali.cc:105) Processed 6300 utterances; for utterance s01m2jrggz01-20150804-Koreanfactory1SNR10-cps01145 avg. like is -43.3169 over 103 frames.
LOG (gmm-acc-stats-ali[5.5.52-6d919]:main():gmm-acc-stats-ali.cc:105) Processed 6350 utterances; for utterance s01m2jrggz01-20150804-Koreanfactory1SNR10-cps01198 avg. like is -40.6373 over 128 frames.
LOG (gmm-acc-stats-ali[5.5.52-6d919]:main():gmm-acc-stats-ali.cc:105) Processed 6400 utterances; for utterance s01m2jrggz01-20150804-Koreanfactory1SNR10-cps01249 avg. like is -41.1264 over 134 frames.
LOG (gmm-acc-stats-ali[5.5.52-6d919]:main():gmm-acc-stats-ali.cc:105) Processed 6450 utterances; for utterance s01m2jrggz01-20150804-Koreanfactory1SNR10-cps01300 avg. like is -41.9107 over 139 frames.
LOG (gmm-acc-stats-ali[5.5.52-6d919]:main():gmm-acc-stats-ali.cc:105) Processed 6500 utterances; for utterance s01m2jrggz01-20150804-Koreanfactory1SNR10-cps01350 avg. like is -40.8136 over 124 frames.
LOG (gmm-acc-stats-ali[5.5.52-6d919]:main():gmm-acc-stats-ali.cc:105) Processed 6550 utterances; for utterance s01m2jrggz01-20150804-Koreanfactory1SNR10-cps01402 avg. like is -40.3008 over 138 frames.
LOG (gmm-acc-stats-ali[5.5.52-6d919]:main():gmm-acc-stats-ali.cc:105) Processed 6600 utterances; for utterance s01m2ksgdm01-20150804-Korean-cps01036 avg. like is -56.7242 over 143 frames.
LOG (gmm-acc-stats-ali[5.5.52-6d919]:main():gmm-acc-stats-ali.cc:105) Processed 6650 utterances; for utterance s01m2ksgdm01-20150804-Korean-cps01086 avg. like is -47.7254 over 143 frames.
LOG (gmm-acc-stats-ali[5.5.52-6d919]:main():gmm-acc-stats-ali.cc:105) Processed 6700 utterances; for utterance s01m2ksgdm01-20150804-Korean-cps01136 avg. like is -44.7652 over 170 frames.
LOG (gmm-acc-stats-ali[5.5.52-6d919]:main():gmm-acc-stats-ali.cc:105) Processed 6750 utterances; for utterance s01m2ksgdm01-20150804-Korean-cps01186 avg. like is -46.8989 over 128 frames.
LOG (gmm-acc-stats-ali[5.5.52-6d919]:main():gmm-acc-stats-ali.cc:105) Processed 6800 utterances; for utterance s01m2ksgdm01-20150804-Korean-cps01236 avg. like is -47.9811 over 144 frames.
LOG (gmm-acc-stats-ali[5.5.52-6d919]:main():gmm-acc-stats-ali.cc:105) Processed 6850 utterances; for utterance s01m2ksgdm01-20150804-Korean-cps01286 avg. like is -46.7998 over 167 frames.
LOG (gmm-acc-stats-ali[5.5.52-6d919]:main():gmm-acc-stats-ali.cc:105) Processed 6900 utterances; for utterance s01m2ksgdm01-20150804-Korean-cps01337 avg. like is -45.7899 over 140 frames.
LOG (gmm-acc-stats-ali[5.5.52-6d919]:main():gmm-acc-stats-ali.cc:105) Processed 6950 utterances; for utterance s01m2ksgdm01-20150804-Korean-cps01387 avg. like is -46.2474 over 178 frames.
LOG (gmm-acc-stats-ali[5.5.52-6d919]:main():gmm-acc-stats-ali.cc:105) Processed 7000 utterances; for utterance s01m2ksgdm01-20150804-KoreanhfchannelSNR10-cps01024 avg. like is -43.9725 over 155 frames.
LOG (gmm-acc-stats-ali[5.5.52-6d919]:main():gmm-acc-stats-ali.cc:105) Processed 7050 utterances; for utterance s01m2ksgdm01-20150804-KoreanhfchannelSNR10-cps01074 avg. like is -41.42 over 144 frames.
LOG (gmm-acc-stats-ali[5.5.52-6d919]:main():gmm-acc-stats-ali.cc:105) Processed 7100 utterances; for utterance s01m2ksgdm01-20150804-KoreanhfchannelSNR10-cps01124 avg. like is -43.1579 over 199 frames.
LOG (gmm-acc-stats-ali[5.5.52-6d919]:main():gmm-acc-stats-ali.cc:105) Processed 7150 utterances; for utterance s01m2ksgdm01-20150804-KoreanhfchannelSNR10-cps01174 avg. like is -39.0603 over 103 frames.
LOG (gmm-acc-stats-ali[5.5.52-6d919]:main():gmm-acc-stats-ali.cc:105) Processed 7200 utterances; for utterance s01m2ksgdm01-20150804-KoreanhfchannelSNR10-cps01224 avg. like is -38.6656 over 132 frames.
LOG (gmm-acc-stats-ali[5.5.52-6d919]:main():gmm-acc-stats-ali.cc:105) Processed 7250 utterances; for utterance s01m2ksgdm01-20150804-KoreanhfchannelSNR10-cps01274 avg. like is -40.2172 over 146 frames.
LOG (gmm-acc-stats-ali[5.5.52-6d919]:main():gmm-acc-stats-ali.cc:105) Processed 7300 utterances; for utterance s01m2ksgdm01-20150804-KoreanhfchannelSNR10-cps01324 avg. like is -45.0757 over 124 frames.
LOG (gmm-acc-stats-ali[5.5.52-6d919]:main():gmm-acc-stats-ali.cc:105) Processed 7350 utterances; for utterance s01m2ksgdm01-20150804-KoreanhfchannelSNR10-cps01375 avg. like is -42.0371 over 132 frames.
LOG (gmm-acc-stats-ali[5.5.52-6d919]:main():gmm-acc-stats-ali.cc:105) Processed 7400 utterances; for utterance s01m2sshby01-20150804-Korean-cps01012 avg. like is -49.1718 over 198 frames.
LOG (gmm-acc-stats-ali[5.5.52-6d919]:main():gmm-acc-stats-ali.cc:105) Processed 7450 utterances; for utterance s01m2sshby01-20150804-Korean-cps01062 avg. like is -41.0738 over 223 frames.
LOG (gmm-acc-stats-ali[5.5.52-6d919]:main():gmm-acc-stats-ali.cc:105) Processed 7500 utterances; for utterance s01m2sshby01-20150804-Korean-cps01112 avg. like is -45.9841 over 251 frames.
LOG (gmm-acc-stats-ali[5.5.52-6d919]:main():gmm-acc-stats-ali.cc:105) Processed 7550 utterances; for utterance s01m2sshby01-20150804-Korean-cps01163 avg. like is -40.3153 over 223 frames.
LOG (gmm-acc-stats-ali[5.5.52-6d919]:main():gmm-acc-stats-ali.cc:105) Processed 7600 utterances; for utterance s01m2sshby01-20150804-Korean-cps01214 avg. like is -46.5965 over 237 frames.
LOG (gmm-acc-stats-ali[5.5.52-6d919]:main():gmm-acc-stats-ali.cc:105) Processed 7650 utterances; for utterance s01m2sshby01-20150804-Korean-cps01264 avg. like is -41.9638 over 213 frames.
LOG (gmm-acc-stats-ali[5.5.52-6d919]:main():gmm-acc-stats-ali.cc:105) Processed 7700 utterances; for utterance s01m2sshby01-20150804-Korean-cps01314 avg. like is -45.5746 over 232 frames.
LOG (gmm-acc-stats-ali[5.5.52-6d919]:main():gmm-acc-stats-ali.cc:105) Processed 7750 utterances; for utterance s01m2sshby01-20150804-Korean-cps01364 avg. like is -42.568 over 232 frames.
LOG (gmm-acc-stats-ali[5.5.52-6d919]:main():gmm-acc-stats-ali.cc:105) Processed 7800 utterances; for utterance s01m2sshby01-20150804-Korean-cps01414 avg. like is -42.8118 over 232 frames.
LOG (gmm-acc-stats-ali[5.5.52-6d919]:main():gmm-acc-stats-ali.cc:105) Processed 7850 utterances; for utterance s01m2sshby01-20150804-KoreandestroyeropsSNR10-cps01047 avg. like is -44.2578 over 284 frames.
LOG (gmm-acc-stats-ali[5.5.52-6d919]:main():gmm-acc-stats-ali.cc:105) Processed 7900 utterances; for utterance s01m2sshby01-20150804-KoreandestroyeropsSNR10-cps01097 avg. like is -42.6218 over 213 frames.
LOG (gmm-acc-stats-ali[5.5.52-6d919]:main():gmm-acc-stats-ali.cc:105) Processed 7950 utterances; for utterance s01m2sshby01-20150804-KoreandestroyeropsSNR10-cps01147 avg. like is -41.2007 over 199 frames.
LOG (gmm-acc-stats-ali[5.5.52-6d919]:main():gmm-acc-stats-ali.cc:105) Processed 8000 utterances; for utterance s01m2sshby01-20150804-KoreandestroyeropsSNR10-cps01199 avg. like is -41.1006 over 180 frames.
LOG (gmm-acc-stats-ali[5.5.52-6d919]:main():gmm-acc-stats-ali.cc:105) Processed 8050 utterances; for utterance s01m2sshby01-20150804-KoreandestroyeropsSNR10-cps01249 avg. like is -41.2606 over 204 frames.
LOG (gmm-acc-stats-ali[5.5.52-6d919]:main():gmm-acc-stats-ali.cc:105) Processed 8100 utterances; for utterance s01m2sshby01-20150804-KoreandestroyeropsSNR10-cps01299 avg. like is -43.5378 over 208 frames.
LOG (gmm-acc-stats-ali[5.5.52-6d919]:main():gmm-acc-stats-ali.cc:105) Processed 8150 utterances; for utterance s01m2sshby01-20150804-KoreandestroyeropsSNR10-cps01349 avg. like is -43.7995 over 232 frames.
LOG (gmm-acc-stats-ali[5.5.52-6d919]:main():gmm-acc-stats-ali.cc:105) Processed 8200 utterances; for utterance s01m2sshby01-20150804-KoreandestroyeropsSNR10-cps01399 avg. like is -42.9295 over 270 frames.
LOG (gmm-acc-stats-ali[5.5.52-6d919]:main():gmm-acc-stats-ali.cc:105) Processed 8250 utterances; for utterance s01m2ssiyj01-20150804-Korean-cps01032 avg. like is -49.1236 over 147 frames.
LOG (gmm-acc-stats-ali[5.5.52-6d919]:main():gmm-acc-stats-ali.cc:105) Processed 8300 utterances; for utterance s01m2ssiyj01-20150804-Korean-cps01082 avg. like is -49.4223 over 167 frames.
LOG (gmm-acc-stats-ali[5.5.52-6d919]:main():gmm-acc-stats-ali.cc:105) Processed 8350 utterances; for utterance s01m2ssiyj01-20150804-Korean-cps01132 avg. like is -41.7521 over 163 frames.
LOG (gmm-acc-stats-ali[5.5.52-6d919]:main():gmm-acc-stats-ali.cc:105) Processed 8400 utterances; for utterance s01m2ssiyj01-20150804-Korean-cps01182 avg. like is -49.9295 over 166 frames.
LOG (gmm-acc-stats-ali[5.5.52-6d919]:main():gmm-acc-stats-ali.cc:105) Processed 8450 utterances; for utterance s01m2ssiyj01-20150804-Korean-cps01232 avg. like is -47.9597 over 137 frames.
LOG (gmm-acc-stats-ali[5.5.52-6d919]:main():gmm-acc-stats-ali.cc:105) Processed 8500 utterances; for utterance s01m2ssiyj01-20150804-Korean-cps01282 avg. like is -48.0245 over 144 frames.
LOG (gmm-acc-stats-ali[5.5.52-6d919]:main():gmm-acc-stats-ali.cc:105) Processed 8550 utterances; for utterance s01m2ssiyj01-20150804-Korean-cps01332 avg. like is -48.5998 over 135 frames.
LOG (gmm-acc-stats-ali[5.5.52-6d919]:main():gmm-acc-stats-ali.cc:105) Processed 8600 utterances; for utterance s01m2ssiyj01-20150804-Korean-cps01382 avg. like is -49.3252 over 151 frames.
LOG (gmm-acc-stats-ali[5.5.52-6d919]:main():gmm-acc-stats-ali.cc:105) Processed 8650 utterances; for utterance s01m2ssiyj01-20150804-KoreanhfchannelSNR10-cps01015 avg. like is -42.9364 over 177 frames.
LOG (gmm-acc-stats-ali[5.5.52-6d919]:main():gmm-acc-stats-ali.cc:105) Processed 8700 utterances; for utterance s01m2ssiyj01-20150804-KoreanhfchannelSNR10-cps01065 avg. like is -40.8277 over 153 frames.
LOG (gmm-acc-stats-ali[5.5.52-6d919]:main():gmm-acc-stats-ali.cc:105) Processed 8750 utterances; for utterance s01m2ssiyj01-20150804-KoreanhfchannelSNR10-cps01115 avg. like is -41.5883 over 150 frames.
LOG (gmm-acc-stats-ali[5.5.52-6d919]:main():gmm-acc-stats-ali.cc:105) Processed 8800 utterances; for utterance s01m2ssiyj01-20150804-KoreanhfchannelSNR10-cps01165 avg. like is -40.6215 over 144 frames.
LOG (gmm-acc-stats-ali[5.5.52-6d919]:main():gmm-acc-stats-ali.cc:105) Processed 8850 utterances; for utterance s01m2ssiyj01-20150804-KoreanhfchannelSNR10-cps01215 avg. like is -40.1386 over 163 frames.
LOG (gmm-acc-stats-ali[5.5.52-6d919]:main():gmm-acc-stats-ali.cc:105) Processed 8900 utterances; for utterance s01m2ssiyj01-20150804-KoreanhfchannelSNR10-cps01265 avg. like is -40.2184 over 150 frames.
LOG (gmm-acc-stats-ali[5.5.52-6d919]:main():gmm-acc-stats-ali.cc:105) Processed 8950 utterances; for utterance s01m2ssiyj01-20150804-KoreanhfchannelSNR10-cps01315 avg. like is -38.5771 over 137 frames.
LOG (gmm-acc-stats-ali[5.5.52-6d919]:main():gmm-acc-stats-ali.cc:105) Processed 9000 utterances; for utterance s01m2ssiyj01-20150804-KoreanhfchannelSNR10-cps01365 avg. like is -43.378 over 145 frames.
LOG (gmm-acc-stats-ali[5.5.52-6d919]:main():gmm-acc-stats-ali.cc:105) Processed 9050 utterances; for utterance s01m2ssiyj01-20150804-KoreanhfchannelSNR10-cps01415 avg. like is -43.9523 over 167 frames.
LOG (gmm-acc-stats-ali[5.5.52-6d919]:main():gmm-acc-stats-ali.cc:105) Processed 9100 utterances; for utterance s01m2ssjhs01-20150804-Korean-cps01048 avg. like is -47.2717 over 127 frames.
LOG (gmm-acc-stats-ali[5.5.52-6d919]:main():gmm-acc-stats-ali.cc:105) Processed 9150 utterances; for utterance s01m2ssjhs01-20150804-Korean-cps01098 avg. like is -49.4003 over 140 frames.
LOG (gmm-acc-stats-ali[5.5.52-6d919]:main():gmm-acc-stats-ali.cc:105) Processed 9200 utterances; for utterance s01m2ssjhs01-20150804-Korean-cps01148 avg. like is -50.5065 over 142 frames.
LOG (gmm-acc-stats-ali[5.5.52-6d919]:main():gmm-acc-stats-ali.cc:105) Processed 9250 utterances; for utterance s01m2ssjhs01-20150804-Korean-cps01199 avg. like is -49.6287 over 126 frames.
LOG (gmm-acc-stats-ali[5.5.52-6d919]:main():gmm-acc-stats-ali.cc:105) Processed 9300 utterances; for utterance s01m2ssjhs01-20150804-Korean-cps01249 avg. like is -45.9118 over 131 frames.
LOG (gmm-acc-stats-ali[5.5.52-6d919]:main():gmm-acc-stats-ali.cc:105) Processed 9350 utterances; for utterance s01m2ssjhs01-20150804-Korean-cps01299 avg. like is -47.9314 over 143 frames.
LOG (gmm-acc-stats-ali[5.5.52-6d919]:main():gmm-acc-stats-ali.cc:105) Processed 9400 utterances; for utterance s01m2ssjhs01-20150804-Korean-cps01350 avg. like is -47.8843 over 132 frames.
LOG (gmm-acc-stats-ali[5.5.52-6d919]:main():gmm-acc-stats-ali.cc:105) Processed 9450 utterances; for utterance s01m2ssjhs01-20150804-Korean-cps01400 avg. like is -51.2545 over 136 frames.
LOG (gmm-acc-stats-ali[5.5.52-6d919]:main():gmm-acc-stats-ali.cc:105) Processed 9500 utterances; for utterance s01m2ssjhs01-20150804-KoreancarSNR10-cps01033 avg. like is -43.2671 over 152 frames.
LOG (gmm-acc-stats-ali[5.5.52-6d919]:main():gmm-acc-stats-ali.cc:105) Processed 9550 utterances; for utterance s01m2ssjhs01-20150804-KoreancarSNR10-cps01083 avg. like is -45.6052 over 146 frames.
LOG (gmm-acc-stats-ali[5.5.52-6d919]:main():gmm-acc-stats-ali.cc:105) Processed 9600 utterances; for utterance s01m2ssjhs01-20150804-KoreancarSNR10-cps01133 avg. like is -41.6022 over 156 frames.
LOG (gmm-acc-stats-ali[5.5.52-6d919]:main():gmm-acc-stats-ali.cc:105) Processed 9650 utterances; for utterance s01m2ssjhs01-20150804-KoreancarSNR10-cps01184 avg. like is -40.2023 over 156 frames.
LOG (gmm-acc-stats-ali[5.5.52-6d919]:main():gmm-acc-stats-ali.cc:105) Processed 9700 utterances; for utterance s01m2ssjhs01-20150804-KoreancarSNR10-cps01234 avg. like is -42.3745 over 176 frames.
LOG (gmm-acc-stats-ali[5.5.52-6d919]:main():gmm-acc-stats-ali.cc:105) Processed 9750 utterances; for utterance s01m2ssjhs01-20150804-KoreancarSNR10-cps01284 avg. like is -39.7548 over 145 frames.
LOG (gmm-acc-stats-ali[5.5.52-6d919]:main():gmm-acc-stats-ali.cc:105) Processed 9800 utterances; for utterance s01m2ssjhs01-20150804-KoreancarSNR10-cps01334 avg. like is -39.6089 over 132 frames.
LOG (gmm-acc-stats-ali[5.5.52-6d919]:main():gmm-acc-stats-ali.cc:105) Processed 9850 utterances; for utterance s01m2ssjhs01-20150804-KoreancarSNR10-cps01385 avg. like is -41.6149 over 155 frames.
LOG (gmm-acc-stats-ali[5.5.52-6d919]:main():gmm-acc-stats-ali.cc:105) Processed 9900 utterances; for utterance s01m3ccnch01-20150804-Korean-cps01018 avg. like is -43.0185 over 147 frames.
LOG (gmm-acc-stats-ali[5.5.52-6d919]:main():gmm-acc-stats-ali.cc:105) Processed 9950 utterances; for utterance s01m3ccnch01-20150804-Korean-cps01071 avg. like is -49.5489 over 162 frames.
LOG (gmm-acc-stats-ali[5.5.52-6d919]:main():gmm-acc-stats-ali.cc:105) Processed 10000 utterances; for utterance s01m3ccnch01-20150804-Korean-cps01123 avg. like is -42.2302 over 145 frames.
LOG (gmm-acc-stats-ali[5.5.52-6d919]:main():gmm-acc-stats-ali.cc:105) Processed 10050 utterances; for utterance s01m3ccnch01-20150804-Korean-cps01173 avg. like is -44.7115 over 153 frames.
LOG (gmm-acc-stats-ali[5.5.52-6d919]:main():gmm-acc-stats-ali.cc:105) Processed 10100 utterances; for utterance s01m3ccnch01-20150804-Korean-cps01223 avg. like is -46.8071 over 126 frames.
LOG (gmm-acc-stats-ali[5.5.52-6d919]:main():gmm-acc-stats-ali.cc:105) Processed 10150 utterances; for utterance s01m3ccnch01-20150804-Korean-cps01274 avg. like is -44.0583 over 127 frames.
LOG (gmm-acc-stats-ali[5.5.52-6d919]:main():gmm-acc-stats-ali.cc:105) Processed 10200 utterances; for utterance s01m3ccnch01-20150804-Korean-cps01324 avg. like is -49.1568 over 123 frames.
LOG (gmm-acc-stats-ali[5.5.52-6d919]:main():gmm-acc-stats-ali.cc:105) Processed 10250 utterances; for utterance s01m3ccnch01-20150804-Korean-cps01374 avg. like is -50.9048 over 119 frames.
LOG (gmm-acc-stats-ali[5.5.52-6d919]:main():gmm-acc-stats-ali.cc:105) Processed 10300 utterances; for utterance s01m3ccnch01-20150804-KoreanvolvoSNR10-cps01007 avg. like is -43.6661 over 142 frames.
LOG (gmm-acc-stats-ali[5.5.52-6d919]:main():gmm-acc-stats-ali.cc:105) Processed 10350 utterances; for utterance s01m3ccnch01-20150804-KoreanvolvoSNR10-cps01060 avg. like is -48.9135 over 113 frames.
LOG (gmm-acc-stats-ali[5.5.52-6d919]:main():gmm-acc-stats-ali.cc:105) Processed 10400 utterances; for utterance s01m3ccnch01-20150804-KoreanvolvoSNR10-cps01112 avg. like is -43.9482 over 124 frames.
LOG (gmm-acc-stats-ali[5.5.52-6d919]:main():gmm-acc-stats-ali.cc:105) Processed 10450 utterances; for utterance s01m3ccnch01-20150804-KoreanvolvoSNR10-cps01162 avg. like is -39.8252 over 130 frames.
LOG (gmm-acc-stats-ali[5.5.52-6d919]:main():gmm-acc-stats-ali.cc:105) Processed 10500 utterances; for utterance s01m3ccnch01-20150804-KoreanvolvoSNR10-cps01212 avg. like is -41.1153 over 131 frames.
LOG (gmm-acc-stats-ali[5.5.52-6d919]:main():gmm-acc-stats-ali.cc:105) Processed 10550 utterances; for utterance s01m3ccnch01-20150804-KoreanvolvoSNR10-cps01263 avg. like is -44.1014 over 146 frames.
LOG (gmm-acc-stats-ali[5.5.52-6d919]:main():gmm-acc-stats-ali.cc:105) Processed 10600 utterances; for utterance s01m3ccnch01-20150804-KoreanvolvoSNR10-cps01313 avg. like is -46.895 over 115 frames.
LOG (gmm-acc-stats-ali[5.5.52-6d919]:main():gmm-acc-stats-ali.cc:105) Processed 10650 utterances; for utterance s01m3ccnch01-20150804-KoreanvolvoSNR10-cps01363 avg. like is -43.2187 over 123 frames.
LOG (gmm-acc-stats-ali[5.5.52-6d919]:main():gmm-acc-stats-ali.cc:105) Processed 10700 utterances; for utterance s01m3ccnch01-20150804-KoreanvolvoSNR10-cps01413 avg. like is -39.9583 over 85 frames.
LOG (gmm-acc-stats-ali[5.5.52-6d919]:main():gmm-acc-stats-ali.cc:105) Processed 10750 utterances; for utterance s01m3jrgyt01-20150804-Korean-cps01046 avg. like is -47.5774 over 147 frames.
LOG (gmm-acc-stats-ali[5.5.52-6d919]:main():gmm-acc-stats-ali.cc:105) Processed 10800 utterances; for utterance s01m3jrgyt01-20150804-Korean-cps01096 avg. like is -41.3774 over 143 frames.
LOG (gmm-acc-stats-ali[5.5.52-6d919]:main():gmm-acc-stats-ali.cc:105) Processed 10850 utterances; for utterance s01m3jrgyt01-20150804-Korean-cps01146 avg. like is -45.5456 over 165 frames.
LOG (gmm-acc-stats-ali[5.5.52-6d919]:main():gmm-acc-stats-ali.cc:105) Processed 10900 utterances; for utterance s01m3jrgyt01-20150804-Korean-cps01197 avg. like is -42.905 over 143 frames.
LOG (gmm-acc-stats-ali[5.5.52-6d919]:main():gmm-acc-stats-ali.cc:105) Processed 10950 utterances; for utterance s01m3jrgyt01-20150804-Korean-cps01247 avg. like is -48.1079 over 187 frames.
LOG (gmm-acc-stats-ali[5.5.52-6d919]:main():gmm-acc-stats-ali.cc:105) Processed 11000 utterances; for utterance s01m3jrgyt01-20150804-Korean-cps01297 avg. like is -42.7618 over 144 frames.
LOG (gmm-acc-stats-ali[5.5.52-6d919]:main():gmm-acc-stats-ali.cc:105) Processed 11050 utterances; for utterance s01m3jrgyt01-20150804-Korean-cps01348 avg. like is -43.5466 over 150 frames.
LOG (gmm-acc-stats-ali[5.5.52-6d919]:main():gmm-acc-stats-ali.cc:105) Processed 11100 utterances; for utterance s01m3jrgyt01-20150804-Korean-cps01398 avg. like is -41.5802 over 144 frames.
LOG (gmm-acc-stats-ali[5.5.52-6d919]:main():gmm-acc-stats-ali.cc:105) Processed 11150 utterances; for utterance s01m3jrgyt01-20150804-Koreanleopard2SNR10-cps01031 avg. like is -41.8373 over 140 frames.
LOG (gmm-acc-stats-ali[5.5.52-6d919]:main():gmm-acc-stats-ali.cc:105) Processed 11200 utterances; for utterance s01m3jrgyt01-20150804-Koreanleopard2SNR10-cps01081 avg. like is -46.3313 over 156 frames.
LOG (gmm-acc-stats-ali[5.5.52-6d919]:main():gmm-acc-stats-ali.cc:105) Processed 11250 utterances; for utterance s01m3jrgyt01-20150804-Koreanleopard2SNR10-cps01131 avg. like is -43.802 over 153 frames.
LOG (gmm-acc-stats-ali[5.5.52-6d919]:main():gmm-acc-stats-ali.cc:105) Processed 11300 utterances; for utterance s01m3jrgyt01-20150804-Koreanleopard2SNR10-cps01182 avg. like is -45.9233 over 158 frames.
LOG (gmm-acc-stats-ali[5.5.52-6d919]:main():gmm-acc-stats-ali.cc:105) Processed 11350 utterances; for utterance s01m3jrgyt01-20150804-Koreanleopard2SNR10-cps01232 avg. like is -42.1948 over 132 frames.
LOG (gmm-acc-stats-ali[5.5.52-6d919]:main():gmm-acc-stats-ali.cc:105) Processed 11400 utterances; for utterance s01m3jrgyt01-20150804-Koreanleopard2SNR10-cps01282 avg. like is -43.7753 over 150 frames.
LOG (gmm-acc-stats-ali[5.5.52-6d919]:main():gmm-acc-stats-ali.cc:105) Processed 11450 utterances; for utterance s01m3jrgyt01-20150804-Koreanleopard2SNR10-cps01333 avg. like is -44.4539 over 153 frames.
LOG (gmm-acc-stats-ali[5.5.52-6d919]:main():gmm-acc-stats-ali.cc:105) Processed 11500 utterances; for utterance s01m3jrgyt01-20150804-Koreanleopard2SNR10-cps01383 avg. like is -45.9927 over 167 frames.
LOG (gmm-acc-stats-ali[5.5.52-6d919]:main():gmm-acc-stats-ali.cc:105) Processed 11550 utterances; for utterance s01m3kschg01-20150804-Korean-cps01017 avg. like is -52.2217 over 163 frames.
LOG (gmm-acc-stats-ali[5.5.52-6d919]:main():gmm-acc-stats-ali.cc:105) Processed 11600 utterances; for utterance s01m3kschg01-20150804-Korean-cps01069 avg. like is -48.5084 over 161 frames.
LOG (gmm-acc-stats-ali[5.5.52-6d919]:main():gmm-acc-stats-ali.cc:105) Processed 11650 utterances; for utterance s01m3kschg01-20150804-Korean-cps01119 avg. like is -52.8092 over 173 frames.
LOG (gmm-acc-stats-ali[5.5.52-6d919]:main():gmm-acc-stats-ali.cc:105) Processed 11700 utterances; for utterance s01m3kschg01-20150804-Korean-cps01170 avg. like is -53.5071 over 146 frames.
LOG (gmm-acc-stats-ali[5.5.52-6d919]:main():gmm-acc-stats-ali.cc:105) Processed 11750 utterances; for utterance s01m3kschg01-20150804-Korean-cps01220 avg. like is -56.1634 over 148 frames.
LOG (gmm-acc-stats-ali[5.5.52-6d919]:main():gmm-acc-stats-ali.cc:105) Processed 11800 utterances; for utterance s01m3kschg01-20150804-Korean-cps01270 avg. like is -53.9495 over 148 frames.
LOG (gmm-acc-stats-ali[5.5.52-6d919]:main():gmm-acc-stats-ali.cc:105) Processed 11850 utterances; for utterance s01m3kschg01-20150804-Korean-cps01321 avg. like is -54.9548 over 192 frames.
LOG (gmm-acc-stats-ali[5.5.52-6d919]:main():gmm-acc-stats-ali.cc:105) Processed 11900 utterances; for utterance s01m3kschg01-20150804-Korean-cps01371 avg. like is -52.3051 over 158 frames.
LOG (gmm-acc-stats-ali[5.5.52-6d919]:main():gmm-acc-stats-ali.cc:105) Processed 11950 utterances; for utterance s01m3kschg01-20150804-KoreandestroyeropsSNR10-cps01004 avg. like is -46.866 over 158 frames.
LOG (gmm-acc-stats-ali[5.5.52-6d919]:main():gmm-acc-stats-ali.cc:105) Processed 12000 utterances; for utterance s01m3kschg01-20150804-KoreandestroyeropsSNR10-cps01056 avg. like is -42.2376 over 138 frames.
LOG (gmm-acc-stats-ali[5.5.52-6d919]:main():gmm-acc-stats-ali.cc:105) Processed 12050 utterances; for utterance s01m3kschg01-20150804-KoreandestroyeropsSNR10-cps01107 avg. like is -44.7468 over 173 frames.
LOG (gmm-acc-stats-ali[5.5.52-6d919]:main():gmm-acc-stats-ali.cc:105) Processed 12100 utterances; for utterance s01m3kschg01-20150804-KoreandestroyeropsSNR10-cps01157 avg. like is -43.1432 over 117 frames.
LOG (gmm-acc-stats-ali[5.5.52-6d919]:main():gmm-acc-stats-ali.cc:105) Processed 12150 utterances; for utterance s01m3kschg01-20150804-KoreandestroyeropsSNR10-cps01208 avg. like is -43.6188 over 136 frames.
LOG (gmm-acc-stats-ali[5.5.52-6d919]:main():gmm-acc-stats-ali.cc:105) Processed 12200 utterances; for utterance s01m3kschg01-20150804-KoreandestroyeropsSNR10-cps01258 avg. like is -44.1176 over 136 frames.
LOG (gmm-acc-stats-ali[5.5.52-6d919]:main():gmm-acc-stats-ali.cc:105) Processed 12250 utterances; for utterance s01m3kschg01-20150804-KoreandestroyeropsSNR10-cps01309 avg. like is -45.3442 over 161 frames.
LOG (gmm-acc-stats-ali[5.5.52-6d919]:main():gmm-acc-stats-ali.cc:105) Processed 12300 utterances; for utterance s01m3kschg01-20150804-KoreandestroyeropsSNR10-cps01359 avg. like is -45.1921 over 138 frames.
LOG (apply-cmvn[5.5.52-6d919]:main():apply-cmvn.cc:162) Applied cepstral mean normalization to 12358 utterances, errors on 0
LOG (gmm-acc-stats-ali[5.5.52-6d919]:main():gmm-acc-stats-ali.cc:105) Processed 12350 utterances; for utterance s01m3kschg01-20150804-KoreandestroyeropsSNR10-cps01409 avg. like is -45.6598 over 124 frames.
LOG (transform-feats[5.5.52-6d919]:main():transform-feats.cc:158) Overall average [pseudo-]logdet is -92.5347 over 1.9704e+06 frames.
LOG (transform-feats[5.5.52-6d919]:main():transform-feats.cc:161) Applied transform to 12358 utterances; 0 had errors.
LOG (transform-feats[5.5.52-6d919]:main():transform-feats.cc:158) Overall average logdet is 3.40906 over 1.9704e+06 frames.
LOG (transform-feats[5.5.52-6d919]:main():transform-feats.cc:161) Applied transform to 12358 utterances; 0 had errors.
LOG (gmm-acc-stats-ali[5.5.52-6d919]:main():gmm-acc-stats-ali.cc:112) Done 12358 files, 0 with errors.
LOG (gmm-acc-stats-ali[5.5.52-6d919]:main():gmm-acc-stats-ali.cc:115) Overall avg like per frame (Gaussian only) = -45.5663 over 1970398 frames.
LOG (gmm-acc-stats-ali[5.5.52-6d919]:main():gmm-acc-stats-ali.cc:123) Written accs.
# Accounting: time=11 threads=1
# Ended (code 0) at Tue May  7 16:15:20 KST 2019, elapsed time 11 seconds
