# gmm-acc-stats-ali exp/tri3b/23.mdl "ark,s,cs:apply-cmvn  --utt2spk=ark:data/train/split8/5/utt2spk scp:data/train/split8/5/cmvn.scp scp:data/train/split8/5/feats.scp ark:- | splice-feats  ark:- ark:- | transform-feats exp/tri2b_ali/final.mat ark:- ark:- | transform-feats --utt2spk=ark:data/train/split8/5/utt2spk ark:exp/tri3b/trans.5 ark:- ark:- |" "ark,s,cs:gunzip -c exp/tri3b/ali.5.gz|" exp/tri3b/23.5.acc 
# Started at Tue May  7 16:19:53 KST 2019
#
gmm-acc-stats-ali exp/tri3b/23.mdl 'ark,s,cs:apply-cmvn  --utt2spk=ark:data/train/split8/5/utt2spk scp:data/train/split8/5/cmvn.scp scp:data/train/split8/5/feats.scp ark:- | splice-feats  ark:- ark:- | transform-feats exp/tri2b_ali/final.mat ark:- ark:- | transform-feats --utt2spk=ark:data/train/split8/5/utt2spk ark:exp/tri3b/trans.5 ark:- ark:- |' 'ark,s,cs:gunzip -c exp/tri3b/ali.5.gz|' exp/tri3b/23.5.acc 
splice-feats ark:- ark:- 
transform-feats --utt2spk=ark:data/train/split8/5/utt2spk ark:exp/tri3b/trans.5 ark:- ark:- 
transform-feats exp/tri2b_ali/final.mat ark:- ark:- 
apply-cmvn --utt2spk=ark:data/train/split8/5/utt2spk scp:data/train/split8/5/cmvn.scp scp:data/train/split8/5/feats.scp ark:- 
LOG (gmm-acc-stats-ali[5.5.52-6d919]:main():gmm-acc-stats-ali.cc:105) Processed 50 utterances; for utterance s01m3ssghz01-20150804-Korean-cps01050 avg. like is -47.7779 over 128 frames.
LOG (gmm-acc-stats-ali[5.5.52-6d919]:main():gmm-acc-stats-ali.cc:105) Processed 100 utterances; for utterance s01m3ssghz01-20150804-Korean-cps01101 avg. like is -47.0072 over 130 frames.
LOG (gmm-acc-stats-ali[5.5.52-6d919]:main():gmm-acc-stats-ali.cc:105) Processed 150 utterances; for utterance s01m3ssghz01-20150804-Korean-cps01151 avg. like is -50.7633 over 164 frames.
LOG (gmm-acc-stats-ali[5.5.52-6d919]:main():gmm-acc-stats-ali.cc:105) Processed 200 utterances; for utterance s01m3ssghz01-20150804-Korean-cps01201 avg. like is -44.8254 over 120 frames.
LOG (gmm-acc-stats-ali[5.5.52-6d919]:main():gmm-acc-stats-ali.cc:105) Processed 250 utterances; for utterance s01m3ssghz01-20150804-Korean-cps01251 avg. like is -50.5365 over 110 frames.
LOG (gmm-acc-stats-ali[5.5.52-6d919]:main():gmm-acc-stats-ali.cc:105) Processed 300 utterances; for utterance s01m3ssghz01-20150804-Korean-cps01301 avg. like is -49.2476 over 136 frames.
LOG (gmm-acc-stats-ali[5.5.52-6d919]:main():gmm-acc-stats-ali.cc:105) Processed 350 utterances; for utterance s01m3ssghz01-20150804-Korean-cps01351 avg. like is -49.7966 over 129 frames.
LOG (gmm-acc-stats-ali[5.5.52-6d919]:main():gmm-acc-stats-ali.cc:105) Processed 400 utterances; for utterance s01m3ssghz01-20150804-Korean-cps01402 avg. like is -50.97 over 115 frames.
LOG (gmm-acc-stats-ali[5.5.52-6d919]:main():gmm-acc-stats-ali.cc:105) Processed 450 utterances; for utterance s01m3ssghz01-20150804-Koreanfactory2SNR10-cps01035 avg. like is -45.031 over 145 frames.
LOG (gmm-acc-stats-ali[5.5.52-6d919]:main():gmm-acc-stats-ali.cc:105) Processed 500 utterances; for utterance s01m3ssghz01-20150804-Koreanfactory2SNR10-cps01086 avg. like is -42.4761 over 132 frames.
LOG (gmm-acc-stats-ali[5.5.52-6d919]:main():gmm-acc-stats-ali.cc:105) Processed 550 utterances; for utterance s01m3ssghz01-20150804-Koreanfactory2SNR10-cps01136 avg. like is -42.7948 over 155 frames.
LOG (gmm-acc-stats-ali[5.5.52-6d919]:main():gmm-acc-stats-ali.cc:105) Processed 600 utterances; for utterance s01m3ssghz01-20150804-Koreanfactory2SNR10-cps01186 avg. like is -39.9978 over 122 frames.
LOG (gmm-acc-stats-ali[5.5.52-6d919]:main():gmm-acc-stats-ali.cc:105) Processed 650 utterances; for utterance s01m3ssghz01-20150804-Koreanfactory2SNR10-cps01236 avg. like is -43.2844 over 132 frames.
LOG (gmm-acc-stats-ali[5.5.52-6d919]:main():gmm-acc-stats-ali.cc:105) Processed 700 utterances; for utterance s01m3ssghz01-20150804-Koreanfactory2SNR10-cps01286 avg. like is -45.5769 over 158 frames.
LOG (gmm-acc-stats-ali[5.5.52-6d919]:main():gmm-acc-stats-ali.cc:105) Processed 750 utterances; for utterance s01m3ssghz01-20150804-Koreanfactory2SNR10-cps01336 avg. like is -44.9427 over 151 frames.
LOG (gmm-acc-stats-ali[5.5.52-6d919]:main():gmm-acc-stats-ali.cc:105) Processed 800 utterances; for utterance s01m3ssghz01-20150804-Koreanfactory2SNR10-cps01387 avg. like is -45.6616 over 128 frames.
LOG (gmm-acc-stats-ali[5.5.52-6d919]:main():gmm-acc-stats-ali.cc:105) Processed 850 utterances; for utterance s01m3ssjsh02-20150804-Korean-cps01023 avg. like is -42.9871 over 178 frames.
LOG (gmm-acc-stats-ali[5.5.52-6d919]:main():gmm-acc-stats-ali.cc:105) Processed 900 utterances; for utterance s01m3ssjsh02-20150804-Korean-cps01081 avg. like is -47.3254 over 161 frames.
LOG (gmm-acc-stats-ali[5.5.52-6d919]:main():gmm-acc-stats-ali.cc:105) Processed 950 utterances; for utterance s01m3ssjsh02-20150804-Korean-cps01142 avg. like is -48.4428 over 176 frames.
LOG (gmm-acc-stats-ali[5.5.52-6d919]:main():gmm-acc-stats-ali.cc:105) Processed 1000 utterances; for utterance s01m3ssjsh02-20150804-Korean-cps01199 avg. like is -45.6412 over 144 frames.
LOG (gmm-acc-stats-ali[5.5.52-6d919]:main():gmm-acc-stats-ali.cc:105) Processed 1050 utterances; for utterance s01m3ssjsh02-20150804-Korean-cps01253 avg. like is -48.8008 over 189 frames.
LOG (gmm-acc-stats-ali[5.5.52-6d919]:main():gmm-acc-stats-ali.cc:105) Processed 1100 utterances; for utterance s01m3ssjsh02-20150804-Korean-cps01303 avg. like is -46.0144 over 172 frames.
LOG (gmm-acc-stats-ali[5.5.52-6d919]:main():gmm-acc-stats-ali.cc:105) Processed 1150 utterances; for utterance s01m3ssjsh02-20150804-Korean-cps01354 avg. like is -49.8995 over 115 frames.
LOG (gmm-acc-stats-ali[5.5.52-6d919]:main():gmm-acc-stats-ali.cc:105) Processed 1200 utterances; for utterance s01m3ssjsh02-20150804-Korean-cps01404 avg. like is -46.6935 over 167 frames.
LOG (gmm-acc-stats-ali[5.5.52-6d919]:main():gmm-acc-stats-ali.cc:105) Processed 1250 utterances; for utterance s01m4sscyj01-20150804-Korean-cps01039 avg. like is -46.8732 over 136 frames.
LOG (gmm-acc-stats-ali[5.5.52-6d919]:main():gmm-acc-stats-ali.cc:105) Processed 1300 utterances; for utterance s01m4sscyj01-20150804-Korean-cps01089 avg. like is -50.0032 over 138 frames.
LOG (gmm-acc-stats-ali[5.5.52-6d919]:main():gmm-acc-stats-ali.cc:105) Processed 1350 utterances; for utterance s01m4sscyj01-20150804-Korean-cps01139 avg. like is -47.4758 over 138 frames.
LOG (gmm-acc-stats-ali[5.5.52-6d919]:main():gmm-acc-stats-ali.cc:105) Processed 1400 utterances; for utterance s01m4sscyj01-20150804-Korean-cps01190 avg. like is -44.8857 over 125 frames.
LOG (gmm-acc-stats-ali[5.5.52-6d919]:main():gmm-acc-stats-ali.cc:105) Processed 1450 utterances; for utterance s01m4sscyj01-20150804-Korean-cps01241 avg. like is -48.1877 over 124 frames.
LOG (gmm-acc-stats-ali[5.5.52-6d919]:main():gmm-acc-stats-ali.cc:105) Processed 1500 utterances; for utterance s01m4sscyj01-20150804-Korean-cps01291 avg. like is -45.8498 over 139 frames.
LOG (gmm-acc-stats-ali[5.5.52-6d919]:main():gmm-acc-stats-ali.cc:105) Processed 1550 utterances; for utterance s01m4sscyj01-20150804-Korean-cps01341 avg. like is -49.5524 over 164 frames.
LOG (gmm-acc-stats-ali[5.5.52-6d919]:main():gmm-acc-stats-ali.cc:105) Processed 1600 utterances; for utterance s01m4sscyj01-20150804-Korean-cps01391 avg. like is -49.6367 over 148 frames.
LOG (gmm-acc-stats-ali[5.5.52-6d919]:main():gmm-acc-stats-ali.cc:105) Processed 1650 utterances; for utterance s01m4sscyj01-20150804-KoreanleopardSNR10-cps01024 avg. like is -46.0667 over 144 frames.
LOG (gmm-acc-stats-ali[5.5.52-6d919]:main():gmm-acc-stats-ali.cc:105) Processed 1700 utterances; for utterance s01m4sscyj01-20150804-KoreanleopardSNR10-cps01074 avg. like is -42.7149 over 123 frames.
LOG (gmm-acc-stats-ali[5.5.52-6d919]:main():gmm-acc-stats-ali.cc:105) Processed 1750 utterances; for utterance s01m4sscyj01-20150804-KoreanleopardSNR10-cps01124 avg. like is -43.3247 over 180 frames.
LOG (gmm-acc-stats-ali[5.5.52-6d919]:main():gmm-acc-stats-ali.cc:105) Processed 1800 utterances; for utterance s01m4sscyj01-20150804-KoreanleopardSNR10-cps01175 avg. like is -43.9215 over 139 frames.
LOG (gmm-acc-stats-ali[5.5.52-6d919]:main():gmm-acc-stats-ali.cc:105) Processed 1850 utterances; for utterance s01m4sscyj01-20150804-KoreanleopardSNR10-cps01226 avg. like is -44.4392 over 140 frames.
LOG (gmm-acc-stats-ali[5.5.52-6d919]:main():gmm-acc-stats-ali.cc:105) Processed 1900 utterances; for utterance s01m4sscyj01-20150804-KoreanleopardSNR10-cps01276 avg. like is -43.654 over 140 frames.
LOG (gmm-acc-stats-ali[5.5.52-6d919]:main():gmm-acc-stats-ali.cc:105) Processed 1950 utterances; for utterance s01m4sscyj01-20150804-KoreanleopardSNR10-cps01326 avg. like is -43.7983 over 128 frames.
LOG (gmm-acc-stats-ali[5.5.52-6d919]:main():gmm-acc-stats-ali.cc:105) Processed 2000 utterances; for utterance s01m4sscyj01-20150804-KoreanleopardSNR10-cps01376 avg. like is -43.1086 over 148 frames.
LOG (gmm-acc-stats-ali[5.5.52-6d919]:main():gmm-acc-stats-ali.cc:105) Processed 2050 utterances; for utterance s01mc3khm00-20150803-Korean-s01a009 avg. like is -48.2463 over 229 frames.
LOG (gmm-acc-stats-ali[5.5.52-6d919]:main():gmm-acc-stats-ali.cc:105) Processed 2100 utterances; for utterance s01mc3khm00-20150803-Korean-s01a059 avg. like is -51.1262 over 244 frames.
LOG (gmm-acc-stats-ali[5.5.52-6d919]:main():gmm-acc-stats-ali.cc:105) Processed 2150 utterances; for utterance s01mc3khm00-20150803-Korean-s01a109 avg. like is -45.551 over 148 frames.
LOG (gmm-acc-stats-ali[5.5.52-6d919]:main():gmm-acc-stats-ali.cc:105) Processed 2200 utterances; for utterance s01mc3khm00-20150803-KoreandestroyeropsSNR10-s01a018 avg. like is -42.3431 over 209 frames.
LOG (gmm-acc-stats-ali[5.5.52-6d919]:main():gmm-acc-stats-ali.cc:105) Processed 2250 utterances; for utterance s01mc3khm00-20150803-KoreandestroyeropsSNR10-s01a068 avg. like is -43.775 over 239 frames.
LOG (gmm-acc-stats-ali[5.5.52-6d919]:main():gmm-acc-stats-ali.cc:105) Processed 2300 utterances; for utterance s01mc3khm00-20150803-KoreandestroyeropsSNR10-s01a118 avg. like is -44.15 over 287 frames.
LOG (gmm-acc-stats-ali[5.5.52-6d919]:main():gmm-acc-stats-ali.cc:105) Processed 2350 utterances; for utterance s01mg2yjk00-20150803-Korean-s01a027 avg. like is -45.0348 over 200 frames.
LOG (gmm-acc-stats-ali[5.5.52-6d919]:main():gmm-acc-stats-ali.cc:105) Processed 2400 utterances; for utterance s01mg2yjk00-20150803-Korean-s01a077 avg. like is -50.2233 over 303 frames.
LOG (gmm-acc-stats-ali[5.5.52-6d919]:main():gmm-acc-stats-ali.cc:105) Processed 2450 utterances; for utterance s01mg2yjk00-20150803-Korean-s01a127 avg. like is -51.1073 over 328 frames.
LOG (gmm-acc-stats-ali[5.5.52-6d919]:main():gmm-acc-stats-ali.cc:105) Processed 2500 utterances; for utterance s01mg2yjk00-20150803-KoreandestroyeropsSNR10-s01a036 avg. like is -44.2177 over 275 frames.
LOG (gmm-acc-stats-ali[5.5.52-6d919]:main():gmm-acc-stats-ali.cc:105) Processed 2550 utterances; for utterance s01mg2yjk00-20150803-KoreandestroyeropsSNR10-s01a086 avg. like is -43.8051 over 297 frames.
LOG (gmm-acc-stats-ali[5.5.52-6d919]:main():gmm-acc-stats-ali.cc:105) Processed 2600 utterances; for utterance s01mg2yjk00-20150803-KoreandestroyeropsSNR10-s01a136 avg. like is -43.0669 over 235 frames.
LOG (gmm-acc-stats-ali[5.5.52-6d919]:main():gmm-acc-stats-ali.cc:105) Processed 2650 utterances; for utterance s01mg3lhs00-20150803-Korean-s01a045 avg. like is -48.6434 over 280 frames.
LOG (gmm-acc-stats-ali[5.5.52-6d919]:main():gmm-acc-stats-ali.cc:105) Processed 2700 utterances; for utterance s01mg3lhs00-20150803-Korean-s01a095 avg. like is -52.1297 over 218 frames.
LOG (gmm-acc-stats-ali[5.5.52-6d919]:main():gmm-acc-stats-ali.cc:105) Processed 2750 utterances; for utterance s01mg3lhs00-20150803-Koreanbabble2SNR10-s01a004 avg. like is -45.4528 over 220 frames.
LOG (gmm-acc-stats-ali[5.5.52-6d919]:main():gmm-acc-stats-ali.cc:105) Processed 2800 utterances; for utterance s01mg3lhs00-20150803-Koreanbabble2SNR10-s01a054 avg. like is -46.6627 over 191 frames.
LOG (gmm-acc-stats-ali[5.5.52-6d919]:main():gmm-acc-stats-ali.cc:105) Processed 2850 utterances; for utterance s01mg3lhs00-20150803-Koreanbabble2SNR10-s01a104 avg. like is -46.9635 over 276 frames.
LOG (gmm-acc-stats-ali[5.5.52-6d919]:main():gmm-acc-stats-ali.cc:105) Processed 2900 utterances; for utterance s01mg4wjw00-20150803-Korean-s01a013 avg. like is -48.4196 over 274 frames.
LOG (gmm-acc-stats-ali[5.5.52-6d919]:main():gmm-acc-stats-ali.cc:105) Processed 2950 utterances; for utterance s01mg4wjw00-20150803-Korean-s01a063 avg. like is -46.1085 over 224 frames.
LOG (gmm-acc-stats-ali[5.5.52-6d919]:main():gmm-acc-stats-ali.cc:105) Processed 3000 utterances; for utterance s01mg4wjw00-20150803-Korean-s01a113 avg. like is -46.3151 over 204 frames.
LOG (gmm-acc-stats-ali[5.5.52-6d919]:main():gmm-acc-stats-ali.cc:105) Processed 3050 utterances; for utterance s01mg4wjw00-20150803-Koreanleopard2SNR10-s01a022 avg. like is -45.1164 over 271 frames.
LOG (gmm-acc-stats-ali[5.5.52-6d919]:main():gmm-acc-stats-ali.cc:105) Processed 3100 utterances; for utterance s01mg4wjw00-20150803-Koreanleopard2SNR10-s01a072 avg. like is -45.2505 over 373 frames.
LOG (gmm-acc-stats-ali[5.5.52-6d919]:main():gmm-acc-stats-ali.cc:105) Processed 3150 utterances; for utterance s01mg4wjw00-20150803-Koreanleopard2SNR10-s01a122 avg. like is -44.9103 over 264 frames.
LOG (gmm-acc-stats-ali[5.5.52-6d919]:main():gmm-acc-stats-ali.cc:105) Processed 3200 utterances; for utterance s01mj3huy00-20150803-Korean-s01a032 avg. like is -50.1088 over 249 frames.
LOG (gmm-acc-stats-ali[5.5.52-6d919]:main():gmm-acc-stats-ali.cc:105) Processed 3250 utterances; for utterance s01mj3huy00-20150803-Korean-s01a082 avg. like is -51.2679 over 281 frames.
LOG (gmm-acc-stats-ali[5.5.52-6d919]:main():gmm-acc-stats-ali.cc:105) Processed 3300 utterances; for utterance s01mj3huy00-20150803-Korean-s01a132 avg. like is -47.8045 over 198 frames.
LOG (gmm-acc-stats-ali[5.5.52-6d919]:main():gmm-acc-stats-ali.cc:105) Processed 3350 utterances; for utterance s01mj3huy00-20150803-Koreanleopard2SNR10-s01a042 avg. like is -46.6091 over 245 frames.
LOG (gmm-acc-stats-ali[5.5.52-6d919]:main():gmm-acc-stats-ali.cc:105) Processed 3400 utterances; for utterance s01mj3huy00-20150803-Koreanleopard2SNR10-s01a092 avg. like is -44.2942 over 192 frames.
LOG (gmm-acc-stats-ali[5.5.52-6d919]:main():gmm-acc-stats-ali.cc:105) Processed 3450 utterances; for utterance s01mj4kdh00-20150803-Korean-s01a001 avg. like is -48.6148 over 187 frames.
LOG (gmm-acc-stats-ali[5.5.52-6d919]:main():gmm-acc-stats-ali.cc:105) Processed 3500 utterances; for utterance s01mj4kdh00-20150803-Korean-s01a051 avg. like is -54.824 over 374 frames.
LOG (gmm-acc-stats-ali[5.5.52-6d919]:main():gmm-acc-stats-ali.cc:105) Processed 3550 utterances; for utterance s01mj4kdh00-20150803-Korean-s01a101 avg. like is -48.1968 over 256 frames.
LOG (gmm-acc-stats-ali[5.5.52-6d919]:main():gmm-acc-stats-ali.cc:105) Processed 3600 utterances; for utterance s01mj4kdh00-20150803-KoreanwhiteSNR10-s01a010 avg. like is -41.42 over 304 frames.
LOG (gmm-acc-stats-ali[5.5.52-6d919]:main():gmm-acc-stats-ali.cc:105) Processed 3650 utterances; for utterance s01mj4kdh00-20150803-KoreanwhiteSNR10-s01a060 avg. like is -40.2697 over 268 frames.
LOG (gmm-acc-stats-ali[5.5.52-6d919]:main():gmm-acc-stats-ali.cc:105) Processed 3700 utterances; for utterance s01mj4kdh00-20150803-KoreanwhiteSNR10-s01a110 avg. like is -39.1792 over 210 frames.
LOG (gmm-acc-stats-ali[5.5.52-6d919]:main():gmm-acc-stats-ali.cc:105) Processed 3750 utterances; for utterance s01ms2ktk00-20150803-Korean-s01a019 avg. like is -47.9817 over 248 frames.
LOG (gmm-acc-stats-ali[5.5.52-6d919]:main():gmm-acc-stats-ali.cc:105) Processed 3800 utterances; for utterance s01ms2ktk00-20150803-Korean-s01a070 avg. like is -50.3649 over 319 frames.
LOG (gmm-acc-stats-ali[5.5.52-6d919]:main():gmm-acc-stats-ali.cc:105) Processed 3850 utterances; for utterance s01ms2ktk00-20150803-Korean-s01a121 avg. like is -46.557 over 224 frames.
LOG (gmm-acc-stats-ali[5.5.52-6d919]:main():gmm-acc-stats-ali.cc:105) Processed 3900 utterances; for utterance s01ms2ktk00-20150803-Koreanfactory2SNR10-s01a031 avg. like is -45.6376 over 247 frames.
LOG (gmm-acc-stats-ali[5.5.52-6d919]:main():gmm-acc-stats-ali.cc:105) Processed 3950 utterances; for utterance s01ms2ktk00-20150803-Koreanfactory2SNR10-s01a082 avg. like is -46.8646 over 269 frames.
LOG (gmm-acc-stats-ali[5.5.52-6d919]:main():gmm-acc-stats-ali.cc:105) Processed 4000 utterances; for utterance s01ms2ktk00-20150803-Koreanfactory2SNR10-s01a134 avg. like is -42.1776 over 153 frames.
LOG (gmm-acc-stats-ali[5.5.52-6d919]:main():gmm-acc-stats-ali.cc:105) Processed 4050 utterances; for utterance s01ms3jjh00-20150803-Korean-s01a043 avg. like is -48.4318 over 223 frames.
LOG (gmm-acc-stats-ali[5.5.52-6d919]:main():gmm-acc-stats-ali.cc:105) Processed 4100 utterances; for utterance s01ms3jjh00-20150803-Korean-s01a093 avg. like is -49.6317 over 192 frames.
LOG (gmm-acc-stats-ali[5.5.52-6d919]:main():gmm-acc-stats-ali.cc:105) Processed 4150 utterances; for utterance s01ms3jjh00-20150803-Koreanleopard1SNR10-s01a003 avg. like is -47.5796 over 227 frames.
LOG (gmm-acc-stats-ali[5.5.52-6d919]:main():gmm-acc-stats-ali.cc:105) Processed 4200 utterances; for utterance s01ms3jjh00-20150803-Koreanleopard1SNR10-s01a053 avg. like is -44.7195 over 287 frames.
LOG (gmm-acc-stats-ali[5.5.52-6d919]:main():gmm-acc-stats-ali.cc:105) Processed 4250 utterances; for utterance s01ms3jjh00-20150803-Koreanleopard1SNR10-s01a103 avg. like is -45.912 over 288 frames.
LOG (gmm-acc-stats-ali[5.5.52-6d919]:main():gmm-acc-stats-ali.cc:105) Processed 4300 utterances; for utterance s01ms4cby00-20150803-Korean-s01a013 avg. like is -48.3051 over 274 frames.
LOG (gmm-acc-stats-ali[5.5.52-6d919]:main():gmm-acc-stats-ali.cc:105) Processed 4350 utterances; for utterance s01ms4cby00-20150803-Korean-s01a063 avg. like is -47.1754 over 242 frames.
LOG (gmm-acc-stats-ali[5.5.52-6d919]:main():gmm-acc-stats-ali.cc:105) Processed 4400 utterances; for utterance s01ms4cby00-20150803-Korean-s01a113 avg. like is -46.3985 over 219 frames.
LOG (gmm-acc-stats-ali[5.5.52-6d919]:main():gmm-acc-stats-ali.cc:105) Processed 4450 utterances; for utterance s01ms4cby00-20150803-KoreanhfchannelSNR10-s01a022 avg. like is -40.0592 over 283 frames.
LOG (gmm-acc-stats-ali[5.5.52-6d919]:main():gmm-acc-stats-ali.cc:105) Processed 4500 utterances; for utterance s01ms4cby00-20150803-KoreanhfchannelSNR10-s01a072 avg. like is -39.6958 over 327 frames.
LOG (gmm-acc-stats-ali[5.5.52-6d919]:main():gmm-acc-stats-ali.cc:105) Processed 4550 utterances; for utterance s01ms4cby00-20150803-KoreanhfchannelSNR10-s01a122 avg. like is -40.0311 over 214 frames.
LOG (gmm-acc-stats-ali[5.5.52-6d919]:main():gmm-acc-stats-ali.cc:105) Processed 4600 utterances; for utterance s01ms4skd00-20150803-Korean-s01a031 avg. like is -55.6559 over 252 frames.
LOG (gmm-acc-stats-ali[5.5.52-6d919]:main():gmm-acc-stats-ali.cc:105) Processed 4650 utterances; for utterance s01ms4skd00-20150803-Korean-s01a082 avg. like is -47.805 over 296 frames.
LOG (gmm-acc-stats-ali[5.5.52-6d919]:main():gmm-acc-stats-ali.cc:105) Processed 4700 utterances; for utterance s01ms4skd00-20150803-Korean-s01a133 avg. like is -43.5366 over 211 frames.
LOG (gmm-acc-stats-ali[5.5.52-6d919]:main():gmm-acc-stats-ali.cc:105) Processed 4750 utterances; for utterance s01ms4skd00-20150803-Koreanfactory2SNR10-s01a042 avg. like is -42.584 over 242 frames.
LOG (gmm-acc-stats-ali[5.5.52-6d919]:main():gmm-acc-stats-ali.cc:105) Processed 4800 utterances; for utterance s01ms4skd00-20150803-Koreanfactory2SNR10-s01a094 avg. like is -46.5168 over 283 frames.
LOG (gmm-acc-stats-ali[5.5.52-6d919]:main():gmm-acc-stats-ali.cc:105) Processed 4850 utterances; for utterance s030fks3jsh00-20150804-Korean-set030003 avg. like is -48.1591 over 758 frames.
LOG (gmm-acc-stats-ali[5.5.52-6d919]:main():gmm-acc-stats-ali.cc:105) Processed 4900 utterances; for utterance s030fks3jsh00-20150804-Korean-set030053 avg. like is -49.4194 over 1258 frames.
LOG (gmm-acc-stats-ali[5.5.52-6d919]:main():gmm-acc-stats-ali.cc:105) Processed 4950 utterances; for utterance s030fks3jsh00-20150804-Korean-set030103 avg. like is -46.8944 over 1068 frames.
LOG (gmm-acc-stats-ali[5.5.52-6d919]:main():gmm-acc-stats-ali.cc:105) Processed 5000 utterances; for utterance s030fks3jsh00-20150804-Koreanleopard2SNR10-set030047 avg. like is -42.0059 over 868 frames.
LOG (gmm-acc-stats-ali[5.5.52-6d919]:main():gmm-acc-stats-ali.cc:105) Processed 5050 utterances; for utterance s030fks3jsh00-20150804-Koreanleopard2SNR10-set030097 avg. like is -40.7424 over 698 frames.
LOG (gmm-acc-stats-ali[5.5.52-6d919]:main():gmm-acc-stats-ali.cc:105) Processed 5100 utterances; for utterance s030m2jkt00-20150804-Korean-set030041 avg. like is -46.2213 over 939 frames.
LOG (gmm-acc-stats-ali[5.5.52-6d919]:main():gmm-acc-stats-ali.cc:105) Processed 5150 utterances; for utterance s030m2jkt00-20150804-Korean-set030091 avg. like is -46.121 over 653 frames.
LOG (gmm-acc-stats-ali[5.5.52-6d919]:main():gmm-acc-stats-ali.cc:105) Processed 5200 utterances; for utterance s030m2jkt00-20150804-KoreanvolvoSNR10-set030035 avg. like is -45.6025 over 630 frames.
LOG (gmm-acc-stats-ali[5.5.52-6d919]:main():gmm-acc-stats-ali.cc:105) Processed 5250 utterances; for utterance s030m2jkt00-20150804-KoreanvolvoSNR10-set030085 avg. like is -43.9774 over 769 frames.
LOG (gmm-acc-stats-ali[5.5.52-6d919]:main():gmm-acc-stats-ali.cc:105) Processed 5300 utterances; for utterance s030m2jkt00_r-20150804-Korean-set030029 avg. like is -53.9628 over 548 frames.
LOG (gmm-acc-stats-ali[5.5.52-6d919]:main():gmm-acc-stats-ali.cc:105) Processed 5350 utterances; for utterance s030m2jkt00_r-20150804-Korean-set030079 avg. like is -46.789 over 493 frames.
LOG (gmm-acc-stats-ali[5.5.52-6d919]:main():gmm-acc-stats-ali.cc:105) Processed 5400 utterances; for utterance s030m2jkt00_r-20150804-Koreancar1SNR10-set030023 avg. like is -48.7279 over 720 frames.
LOG (gmm-acc-stats-ali[5.5.52-6d919]:main():gmm-acc-stats-ali.cc:105) Processed 5450 utterances; for utterance s030m2jkt00_r-20150804-Koreancar1SNR10-set030073 avg. like is -46.2328 over 505 frames.
LOG (gmm-acc-stats-ali[5.5.52-6d919]:main():gmm-acc-stats-ali.cc:105) Processed 5500 utterances; for utterance s030mss3kkj00-20150804-Korean-set030017 avg. like is -51.8065 over 1358 frames.
LOG (gmm-acc-stats-ali[5.5.52-6d919]:main():gmm-acc-stats-ali.cc:105) Processed 5550 utterances; for utterance s030mss3kkj00-20150804-Korean-set030067 avg. like is -46.2178 over 648 frames.
LOG (gmm-acc-stats-ali[5.5.52-6d919]:main():gmm-acc-stats-ali.cc:105) Processed 5600 utterances; for utterance s030mss3kkj00-20150804-Koreanbabble1SNR10-set030011 avg. like is -46.6582 over 1068 frames.
LOG (gmm-acc-stats-ali[5.5.52-6d919]:main():gmm-acc-stats-ali.cc:105) Processed 5650 utterances; for utterance s030mss3kkj00-20150804-Koreanbabble1SNR10-set030061 avg. like is -48.5498 over 758 frames.
LOG (gmm-acc-stats-ali[5.5.52-6d919]:main():gmm-acc-stats-ali.cc:105) Processed 5700 utterances; for utterance s031fss3phj00-20150804-Korean-set031005 avg. like is -50.7676 over 1298 frames.
LOG (gmm-acc-stats-ali[5.5.52-6d919]:main():gmm-acc-stats-ali.cc:105) Processed 5750 utterances; for utterance s031fss3phj00-20150804-Korean-set031055 avg. like is -46.9577 over 708 frames.
LOG (gmm-acc-stats-ali[5.5.52-6d919]:main():gmm-acc-stats-ali.cc:105) Processed 5800 utterances; for utterance s031fss3phj00-20150804-Korean-set031105 avg. like is -48.6194 over 668 frames.
LOG (gmm-acc-stats-ali[5.5.52-6d919]:main():gmm-acc-stats-ali.cc:105) Processed 5850 utterances; for utterance s031fss3phj00-20150804-KoreanbabbleSNR10-set031050 avg. like is -46.5381 over 548 frames.
LOG (gmm-acc-stats-ali[5.5.52-6d919]:main():gmm-acc-stats-ali.cc:105) Processed 5900 utterances; for utterance s031fss3phj00-20150804-KoreanbabbleSNR10-set031100 avg. like is -46.9027 over 398 frames.
LOG (gmm-acc-stats-ali[5.5.52-6d919]:main():gmm-acc-stats-ali.cc:105) Processed 5950 utterances; for utterance s031m2sjh00-20150804-Korean-set031045 avg. like is -51.7957 over 385 frames.
LOG (gmm-acc-stats-ali[5.5.52-6d919]:main():gmm-acc-stats-ali.cc:105) Processed 6000 utterances; for utterance s031m2sjh00-20150804-Korean-set031095 avg. like is -51.3561 over 299 frames.
LOG (gmm-acc-stats-ali[5.5.52-6d919]:main():gmm-acc-stats-ali.cc:105) Processed 6050 utterances; for utterance s031m2sjh00-20150804-Koreanfactory2SNR10-set031040 avg. like is -41.3902 over 619 frames.
LOG (gmm-acc-stats-ali[5.5.52-6d919]:main():gmm-acc-stats-ali.cc:105) Processed 6100 utterances; for utterance s031m2sjh00-20150804-Koreanfactory2SNR10-set031090 avg. like is -42.9039 over 338 frames.
LOG (gmm-acc-stats-ali[5.5.52-6d919]:main():gmm-acc-stats-ali.cc:105) Processed 6150 utterances; for utterance s031m2sjh00_r-20150804-Korean-set031035 avg. like is -54.198 over 584 frames.
LOG (gmm-acc-stats-ali[5.5.52-6d919]:main():gmm-acc-stats-ali.cc:105) Processed 6200 utterances; for utterance s031m2sjh00_r-20150804-Korean-set031085 avg. like is -51.3263 over 331 frames.
LOG (gmm-acc-stats-ali[5.5.52-6d919]:main():gmm-acc-stats-ali.cc:105) Processed 6250 utterances; for utterance s031m2sjh00_r-20150804-KoreanwhiteSNR10-set031030 avg. like is -37.9732 over 392 frames.
LOG (gmm-acc-stats-ali[5.5.52-6d919]:main():gmm-acc-stats-ali.cc:105) Processed 6300 utterances; for utterance s031m2sjh00_r-20150804-KoreanwhiteSNR10-set031080 avg. like is -40.572 over 336 frames.
LOG (gmm-acc-stats-ali[5.5.52-6d919]:main():gmm-acc-stats-ali.cc:105) Processed 6350 utterances; for utterance s031mss2ljk00-20150804-Korean-set031025 avg. like is -46.5206 over 658 frames.
LOG (gmm-acc-stats-ali[5.5.52-6d919]:main():gmm-acc-stats-ali.cc:105) Processed 6400 utterances; for utterance s031mss2ljk00-20150804-Korean-set031075 avg. like is -50.6058 over 948 frames.
LOG (gmm-acc-stats-ali[5.5.52-6d919]:main():gmm-acc-stats-ali.cc:105) Processed 6450 utterances; for utterance s031mss2ljk00-20150804-KoreanwhiteSNR10-set031020 avg. like is -38.5674 over 838 frames.
LOG (gmm-acc-stats-ali[5.5.52-6d919]:main():gmm-acc-stats-ali.cc:105) Processed 6500 utterances; for utterance s031mss2ljk00-20150804-KoreanwhiteSNR10-set031070 avg. like is -38.0267 over 478 frames.
LOG (gmm-acc-stats-ali[5.5.52-6d919]:main():gmm-acc-stats-ali.cc:105) Processed 6550 utterances; for utterance s032fss3yhj00-20150804-Korean-set032015 avg. like is -50.6415 over 848 frames.
LOG (gmm-acc-stats-ali[5.5.52-6d919]:main():gmm-acc-stats-ali.cc:105) Processed 6600 utterances; for utterance s032fss3yhj00-20150804-Korean-set032065 avg. like is -49.8333 over 548 frames.
LOG (gmm-acc-stats-ali[5.5.52-6d919]:main():gmm-acc-stats-ali.cc:105) Processed 6650 utterances; for utterance s032fss3yhj00-20150804-KoreanpinkSNR10-set032010 avg. like is -37.4433 over 958 frames.
LOG (gmm-acc-stats-ali[5.5.52-6d919]:main():gmm-acc-stats-ali.cc:105) Processed 6700 utterances; for utterance s032fss3yhj00-20150804-KoreanpinkSNR10-set032060 avg. like is -37.8815 over 658 frames.
LOG (gmm-acc-stats-ali[5.5.52-6d919]:main():gmm-acc-stats-ali.cc:105) Processed 6750 utterances; for utterance s032m2kyc00-20150804-Korean-set032005 avg. like is -54.6193 over 1254 frames.
LOG (gmm-acc-stats-ali[5.5.52-6d919]:main():gmm-acc-stats-ali.cc:105) Processed 6800 utterances; for utterance s032m2kyc00-20150804-Korean-set032055 avg. like is -54.8601 over 1003 frames.
LOG (gmm-acc-stats-ali[5.5.52-6d919]:main():gmm-acc-stats-ali.cc:105) Processed 6850 utterances; for utterance s032m2kyc00-20150804-Korean-set032105 avg. like is -54.032 over 377 frames.
LOG (gmm-acc-stats-ali[5.5.52-6d919]:main():gmm-acc-stats-ali.cc:105) Processed 6900 utterances; for utterance s032m2kyc00-20150804-KoreanwhiteSNR10-set032050 avg. like is -41.6805 over 335 frames.
LOG (gmm-acc-stats-ali[5.5.52-6d919]:main():gmm-acc-stats-ali.cc:105) Processed 6950 utterances; for utterance s032m2kyc00-20150804-KoreanwhiteSNR10-set032100 avg. like is -41.7435 over 253 frames.
LOG (gmm-acc-stats-ali[5.5.52-6d919]:main():gmm-acc-stats-ali.cc:105) Processed 7000 utterances; for utterance s032m2kyc00_r-20150804-Korean-set032045 avg. like is -49.4673 over 725 frames.
LOG (gmm-acc-stats-ali[5.5.52-6d919]:main():gmm-acc-stats-ali.cc:105) Processed 7050 utterances; for utterance s032m2kyc00_r-20150804-Korean-set032095 avg. like is -49.1381 over 323 frames.
LOG (gmm-acc-stats-ali[5.5.52-6d919]:main():gmm-acc-stats-ali.cc:105) Processed 7100 utterances; for utterance s032m2kyc00_r-20150804-Koreanleopard1SNR10-set032040 avg. like is -48.9331 over 621 frames.
LOG (gmm-acc-stats-ali[5.5.52-6d919]:main():gmm-acc-stats-ali.cc:105) Processed 7150 utterances; for utterance s032m2kyc00_r-20150804-Koreanleopard1SNR10-set032090 avg. like is -47.3979 over 328 frames.
LOG (gmm-acc-stats-ali[5.5.52-6d919]:main():gmm-acc-stats-ali.cc:105) Processed 7200 utterances; for utterance s032mcc3kss01-20150804-Korean-set032035 avg. like is -47.1261 over 608 frames.
LOG (gmm-acc-stats-ali[5.5.52-6d919]:main():gmm-acc-stats-ali.cc:105) Processed 7250 utterances; for utterance s032mcc3kss01-20150804-Korean-set032085 avg. like is -48.571 over 618 frames.
LOG (gmm-acc-stats-ali[5.5.52-6d919]:main():gmm-acc-stats-ali.cc:105) Processed 7300 utterances; for utterance s033fjr4sdj01-20150804-Korean-set033030 avg. like is -46.8061 over 538 frames.
LOG (gmm-acc-stats-ali[5.5.52-6d919]:main():gmm-acc-stats-ali.cc:105) Processed 7350 utterances; for utterance s033fjr4sdj01-20150804-Korean-set033080 avg. like is -50.0118 over 678 frames.
LOG (gmm-acc-stats-ali[5.5.52-6d919]:main():gmm-acc-stats-ali.cc:105) Processed 7400 utterances; for utterance s033fjr4sdj01-20150804-Koreanfactory2SNR10-set033025 avg. like is -40.1137 over 568 frames.
LOG (gmm-acc-stats-ali[5.5.52-6d919]:main():gmm-acc-stats-ali.cc:105) Processed 7450 utterances; for utterance s033fjr4sdj01-20150804-Koreanfactory2SNR10-set033075 avg. like is -39.6571 over 488 frames.
LOG (gmm-acc-stats-ali[5.5.52-6d919]:main():gmm-acc-stats-ali.cc:105) Processed 7500 utterances; for utterance s033m2kdh00-20150804-Korean-set033020 avg. like is -48.6517 over 420 frames.
LOG (gmm-acc-stats-ali[5.5.52-6d919]:main():gmm-acc-stats-ali.cc:105) Processed 7550 utterances; for utterance s033m2kdh00-20150804-Korean-set033070 avg. like is -51.4824 over 348 frames.
LOG (gmm-acc-stats-ali[5.5.52-6d919]:main():gmm-acc-stats-ali.cc:105) Processed 7600 utterances; for utterance s033m2kdh00-20150804-KoreancarSNR10-set033015 avg. like is -44.7682 over 413 frames.
LOG (gmm-acc-stats-ali[5.5.52-6d919]:main():gmm-acc-stats-ali.cc:105) Processed 7650 utterances; for utterance s033m2kdh00-20150804-KoreancarSNR10-set033065 avg. like is -42.7331 over 327 frames.
LOG (gmm-acc-stats-ali[5.5.52-6d919]:main():gmm-acc-stats-ali.cc:105) Processed 7700 utterances; for utterance s033m2kdh00_r-20150804-Korean-set033010 avg. like is -50.9883 over 710 frames.
LOG (gmm-acc-stats-ali[5.5.52-6d919]:main():gmm-acc-stats-ali.cc:105) Processed 7750 utterances; for utterance s033m2kdh00_r-20150804-Korean-set033060 avg. like is -48.8447 over 319 frames.
LOG (gmm-acc-stats-ali[5.5.52-6d919]:main():gmm-acc-stats-ali.cc:105) Processed 7800 utterances; for utterance s033m2kdh00_r-20150804-KoreancarSNR10-set033005 avg. like is -48.9189 over 1167 frames.
LOG (gmm-acc-stats-ali[5.5.52-6d919]:main():gmm-acc-stats-ali.cc:105) Processed 7850 utterances; for utterance s033m2kdh00_r-20150804-KoreancarSNR10-set033055 avg. like is -47.0717 over 377 frames.
LOG (gmm-acc-stats-ali[5.5.52-6d919]:main():gmm-acc-stats-ali.cc:105) Processed 7900 utterances; for utterance s033m2kdh00_r-20150804-KoreancarSNR10-set033105 avg. like is -49.5776 over 504 frames.
LOG (gmm-acc-stats-ali[5.5.52-6d919]:main():gmm-acc-stats-ali.cc:105) Processed 7950 utterances; for utterance s033mss2kks00-20150804-Korean-set033050 avg. like is -49.2732 over 608 frames.
LOG (gmm-acc-stats-ali[5.5.52-6d919]:main():gmm-acc-stats-ali.cc:105) Processed 8000 utterances; for utterance s033mss2kks00-20150804-Korean-set033100 avg. like is -49.2713 over 838 frames.
LOG (gmm-acc-stats-ali[5.5.52-6d919]:main():gmm-acc-stats-ali.cc:105) Processed 8050 utterances; for utterance s033mss2kks00-20150804-KoreanwhiteSNR10-set033045 avg. like is -38.2631 over 538 frames.
LOG (gmm-acc-stats-ali[5.5.52-6d919]:main():gmm-acc-stats-ali.cc:105) Processed 8100 utterances; for utterance s033mss2kks00-20150804-KoreanwhiteSNR10-set033095 avg. like is -38.8915 over 678 frames.
LOG (gmm-acc-stats-ali[5.5.52-6d919]:main():gmm-acc-stats-ali.cc:105) Processed 8150 utterances; for utterance s034fjr2ksy04-20150804-Korean-set034040 avg. like is -46.4645 over 638 frames.
LOG (gmm-acc-stats-ali[5.5.52-6d919]:main():gmm-acc-stats-ali.cc:105) Processed 8200 utterances; for utterance s034fjr2ksy04-20150804-Korean-set034090 avg. like is -48.1708 over 768 frames.
LOG (gmm-acc-stats-ali[5.5.52-6d919]:main():gmm-acc-stats-ali.cc:105) Processed 8250 utterances; for utterance s034fjr2ksy04-20150804-KoreanleopardSNR10-set034035 avg. like is -46.8388 over 558 frames.
LOG (gmm-acc-stats-ali[5.5.52-6d919]:main():gmm-acc-stats-ali.cc:105) Processed 8300 utterances; for utterance s034fjr2ksy04-20150804-KoreanleopardSNR10-set034085 avg. like is -42.032 over 458 frames.
LOG (gmm-acc-stats-ali[5.5.52-6d919]:main():gmm-acc-stats-ali.cc:105) Processed 8350 utterances; for utterance s034m2kmj00-20150804-Korean-set034030 avg. like is -47.3217 over 390 frames.
LOG (gmm-acc-stats-ali[5.5.52-6d919]:main():gmm-acc-stats-ali.cc:105) Processed 8400 utterances; for utterance s034m2kmj00-20150804-Korean-set034080 avg. like is -56.2362 over 715 frames.
LOG (gmm-acc-stats-ali[5.5.52-6d919]:main():gmm-acc-stats-ali.cc:105) Processed 8450 utterances; for utterance s034m2kmj00-20150804-KoreandestroyeropsSNR10-set034024 avg. like is -43.0428 over 481 frames.
LOG (gmm-acc-stats-ali[5.5.52-6d919]:main():gmm-acc-stats-ali.cc:105) Processed 8500 utterances; for utterance s034m2kmj00-20150804-KoreandestroyeropsSNR10-set034074 avg. like is -43.5892 over 427 frames.
LOG (gmm-acc-stats-ali[5.5.52-6d919]:main():gmm-acc-stats-ali.cc:105) Processed 8550 utterances; for utterance s034m2kmj00_r-20150804-Korean-set034018 avg. like is -54.3291 over 373 frames.
LOG (gmm-acc-stats-ali[5.5.52-6d919]:main():gmm-acc-stats-ali.cc:105) Processed 8600 utterances; for utterance s034m2kmj00_r-20150804-Korean-set034068 avg. like is -51.6911 over 598 frames.
LOG (gmm-acc-stats-ali[5.5.52-6d919]:main():gmm-acc-stats-ali.cc:105) Processed 8650 utterances; for utterance s034m2kmj00_r-20150804-Koreanfactory2SNR10-set034012 avg. like is -44.5719 over 891 frames.
LOG (gmm-acc-stats-ali[5.5.52-6d919]:main():gmm-acc-stats-ali.cc:105) Processed 8700 utterances; for utterance s034m2kmj00_r-20150804-Koreanfactory2SNR10-set034062 avg. like is -44.0284 over 634 frames.
LOG (gmm-acc-stats-ali[5.5.52-6d919]:main():gmm-acc-stats-ali.cc:105) Processed 8750 utterances; for utterance s034mcc3ksy00-20150804-Korean-set034006 avg. like is -48.9205 over 958 frames.
LOG (gmm-acc-stats-ali[5.5.52-6d919]:main():gmm-acc-stats-ali.cc:105) Processed 8800 utterances; for utterance s034mcc3ksy00-20150804-Korean-set034056 avg. like is -46.696 over 498 frames.
LOG (gmm-acc-stats-ali[5.5.52-6d919]:main():gmm-acc-stats-ali.cc:105) Processed 8850 utterances; for utterance s034mcc3ksy00-20150804-Koreanleopard2SNR10-set034001 avg. like is -47.7522 over 768 frames.
LOG (gmm-acc-stats-ali[5.5.52-6d919]:main():gmm-acc-stats-ali.cc:105) Processed 8900 utterances; for utterance s034mcc3ksy00-20150804-Koreanleopard2SNR10-set034051 avg. like is -41.1111 over 448 frames.
LOG (gmm-acc-stats-ali[5.5.52-6d919]:main():gmm-acc-stats-ali.cc:105) Processed 8950 utterances; for utterance s034mcc3ksy00-20150804-Koreanleopard2SNR10-set034101 avg. like is -43.4118 over 538 frames.
LOG (gmm-acc-stats-ali[5.5.52-6d919]:main():gmm-acc-stats-ali.cc:105) Processed 9000 utterances; for utterance s035fss2cmh01-20150804-Korean-set035046 avg. like is -47.705 over 498 frames.
LOG (gmm-acc-stats-ali[5.5.52-6d919]:main():gmm-acc-stats-ali.cc:105) Processed 9050 utterances; for utterance s035fss2cmh01-20150804-Korean-set035096 avg. like is -45.6067 over 538 frames.
LOG (gmm-acc-stats-ali[5.5.52-6d919]:main():gmm-acc-stats-ali.cc:105) Processed 9100 utterances; for utterance s035fss2cmh01-20150804-Koreanleopard2SNR10-set035041 avg. like is -43.2414 over 848 frames.
LOG (gmm-acc-stats-ali[5.5.52-6d919]:main():gmm-acc-stats-ali.cc:105) Processed 9150 utterances; for utterance s035fss2cmh01-20150804-Koreanleopard2SNR10-set035091 avg. like is -44.0603 over 878 frames.
LOG (gmm-acc-stats-ali[5.5.52-6d919]:main():gmm-acc-stats-ali.cc:105) Processed 9200 utterances; for utterance s035m2psh00-20150804-Korean-set035036 avg. like is -52.9586 over 379 frames.
LOG (gmm-acc-stats-ali[5.5.52-6d919]:main():gmm-acc-stats-ali.cc:105) Processed 9250 utterances; for utterance s035m2psh00-20150804-Korean-set035086 avg. like is -50.1188 over 367 frames.
LOG (gmm-acc-stats-ali[5.5.52-6d919]:main():gmm-acc-stats-ali.cc:105) Processed 9300 utterances; for utterance s035m2psh00-20150804-KoreanbabbleSNR10-set035030 avg. like is -48.1172 over 523 frames.
LOG (gmm-acc-stats-ali[5.5.52-6d919]:main():gmm-acc-stats-ali.cc:105) Processed 9350 utterances; for utterance s035m2psh00-20150804-KoreanbabbleSNR10-set035080 avg. like is -45.9973 over 781 frames.
LOG (gmm-acc-stats-ali[5.5.52-6d919]:main():gmm-acc-stats-ali.cc:105) Processed 9400 utterances; for utterance s035m2psh00_r-20150804-Korean-set035024 avg. like is -52.2831 over 365 frames.
LOG (gmm-acc-stats-ali[5.5.52-6d919]:main():gmm-acc-stats-ali.cc:105) Processed 9450 utterances; for utterance s035m2psh00_r-20150804-Korean-set035074 avg. like is -49.4681 over 300 frames.
LOG (gmm-acc-stats-ali[5.5.52-6d919]:main():gmm-acc-stats-ali.cc:105) Processed 9500 utterances; for utterance s035m2psh00_r-20150804-KoreanwhiteSNR10-set035018 avg. like is -40.7303 over 283 frames.
LOG (gmm-acc-stats-ali[5.5.52-6d919]:main():gmm-acc-stats-ali.cc:105) Processed 9550 utterances; for utterance s035m2psh00_r-20150804-KoreanwhiteSNR10-set035068 avg. like is -41.4666 over 479 frames.
LOG (gmm-acc-stats-ali[5.5.52-6d919]:main():gmm-acc-stats-ali.cc:105) Processed 9600 utterances; for utterance s035mss5pks00-20150804-Korean-set035012 avg. like is -51.9359 over 1118 frames.
LOG (gmm-acc-stats-ali[5.5.52-6d919]:main():gmm-acc-stats-ali.cc:105) Processed 9650 utterances; for utterance s035mss5pks00-20150804-Korean-set035062 avg. like is -47.8456 over 518 frames.
LOG (gmm-acc-stats-ali[5.5.52-6d919]:main():gmm-acc-stats-ali.cc:105) Processed 9700 utterances; for utterance s035mss5pks00-20150804-Koreanleopard2SNR10-set035007 avg. like is -45.0552 over 1208 frames.
LOG (gmm-acc-stats-ali[5.5.52-6d919]:main():gmm-acc-stats-ali.cc:105) Processed 9750 utterances; for utterance s035mss5pks00-20150804-Koreanleopard2SNR10-set035057 avg. like is -41.8158 over 1028 frames.
LOG (gmm-acc-stats-ali[5.5.52-6d919]:main():gmm-acc-stats-ali.cc:105) Processed 9800 utterances; for utterance s036fcc3kyj00-20150804-Korean-set036002 avg. like is -49.1182 over 758 frames.
LOG (gmm-acc-stats-ali[5.5.52-6d919]:main():gmm-acc-stats-ali.cc:105) Processed 9850 utterances; for utterance s036fcc3kyj00-20150804-Korean-set036052 avg. like is -45.2122 over 688 frames.
LOG (gmm-acc-stats-ali[5.5.52-6d919]:main():gmm-acc-stats-ali.cc:105) Processed 9900 utterances; for utterance s036fcc3kyj00-20150804-Korean-set036102 avg. like is -48.2937 over 1088 frames.
LOG (gmm-acc-stats-ali[5.5.52-6d919]:main():gmm-acc-stats-ali.cc:105) Processed 9950 utterances; for utterance s036fcc3kyj00-20150804-KoreanvolvoSNR10-set036047 avg. like is -44.2422 over 958 frames.
LOG (gmm-acc-stats-ali[5.5.52-6d919]:main():gmm-acc-stats-ali.cc:105) Processed 10000 utterances; for utterance s036fcc3kyj00-20150804-KoreanvolvoSNR10-set036097 avg. like is -44.4006 over 748 frames.
LOG (gmm-acc-stats-ali[5.5.52-6d919]:main():gmm-acc-stats-ali.cc:105) Processed 10050 utterances; for utterance s036m2lkw00-20150804-Korean-set036042 avg. like is -50.4386 over 288 frames.
LOG (gmm-acc-stats-ali[5.5.52-6d919]:main():gmm-acc-stats-ali.cc:105) Processed 10100 utterances; for utterance s036m2lkw00-20150804-Korean-set036092 avg. like is -52.2278 over 381 frames.
LOG (gmm-acc-stats-ali[5.5.52-6d919]:main():gmm-acc-stats-ali.cc:105) Processed 10150 utterances; for utterance s036m2lkw00-20150804-KoreanpinkSNR10-set036037 avg. like is -39.5294 over 521 frames.
LOG (gmm-acc-stats-ali[5.5.52-6d919]:main():gmm-acc-stats-ali.cc:105) Processed 10200 utterances; for utterance s036m2lkw00-20150804-KoreanpinkSNR10-set036087 avg. like is -38.5785 over 363 frames.
LOG (gmm-acc-stats-ali[5.5.52-6d919]:main():gmm-acc-stats-ali.cc:105) Processed 10250 utterances; for utterance s036m2lkw00_r-20150804-Korean-set036032 avg. like is -48.5763 over 334 frames.
LOG (gmm-acc-stats-ali[5.5.52-6d919]:main():gmm-acc-stats-ali.cc:105) Processed 10300 utterances; for utterance s036m2lkw00_r-20150804-Korean-set036082 avg. like is -49.7651 over 504 frames.
LOG (gmm-acc-stats-ali[5.5.52-6d919]:main():gmm-acc-stats-ali.cc:105) Processed 10350 utterances; for utterance s036m2lkw00_r-20150804-Koreancar1SNR10-set036027 avg. like is -43.5073 over 379 frames.
LOG (gmm-acc-stats-ali[5.5.52-6d919]:main():gmm-acc-stats-ali.cc:105) Processed 10400 utterances; for utterance s036m2lkw00_r-20150804-Koreancar1SNR10-set036077 avg. like is -45.2102 over 424 frames.
LOG (gmm-acc-stats-ali[5.5.52-6d919]:main():gmm-acc-stats-ali.cc:105) Processed 10450 utterances; for utterance s036mcc2mhg00-20150804-Korean-set036022 avg. like is -47.6184 over 608 frames.
LOG (gmm-acc-stats-ali[5.5.52-6d919]:main():gmm-acc-stats-ali.cc:105) Processed 10500 utterances; for utterance s036mcc2mhg00-20150804-Korean-set036072 avg. like is -48.2893 over 778 frames.
LOG (gmm-acc-stats-ali[5.5.52-6d919]:main():gmm-acc-stats-ali.cc:105) Processed 10550 utterances; for utterance s036mcc2mhg00-20150804-KoreanwhiteSNR10-set036017 avg. like is -39.5457 over 678 frames.
LOG (gmm-acc-stats-ali[5.5.52-6d919]:main():gmm-acc-stats-ali.cc:105) Processed 10600 utterances; for utterance s036mcc2mhg00-20150804-KoreanwhiteSNR10-set036067 avg. like is -39.5582 over 878 frames.
LOG (gmm-acc-stats-ali[5.5.52-6d919]:main():gmm-acc-stats-ali.cc:105) Processed 10650 utterances; for utterance s037fjr2ybl00-20150804-Korean-set037012 avg. like is -48.4118 over 798 frames.
LOG (gmm-acc-stats-ali[5.5.52-6d919]:main():gmm-acc-stats-ali.cc:105) Processed 10700 utterances; for utterance s037fjr2ybl00-20150804-Korean-set037062 avg. like is -50.4392 over 778 frames.
LOG (gmm-acc-stats-ali[5.5.52-6d919]:main():gmm-acc-stats-ali.cc:105) Processed 10750 utterances; for utterance s037fjr2ybl00-20150804-KoreanvolvoSNR10-set037007 avg. like is -44.4748 over 778 frames.
LOG (gmm-acc-stats-ali[5.5.52-6d919]:main():gmm-acc-stats-ali.cc:105) Processed 10800 utterances; for utterance s037fjr2ybl00-20150804-KoreanvolvoSNR10-set037057 avg. like is -40.7743 over 588 frames.
LOG (gmm-acc-stats-ali[5.5.52-6d919]:main():gmm-acc-stats-ali.cc:105) Processed 10850 utterances; for utterance s037m2nhc00_r-20150804-Korean-set037002 avg. like is -50.8214 over 513 frames.
LOG (gmm-acc-stats-ali[5.5.52-6d919]:main():gmm-acc-stats-ali.cc:105) Processed 10900 utterances; for utterance s037m2nhc00_r-20150804-Korean-set037052 avg. like is -51.2219 over 317 frames.
LOG (gmm-acc-stats-ali[5.5.52-6d919]:main():gmm-acc-stats-ali.cc:105) Processed 10950 utterances; for utterance s037m2nhc00_r-20150804-Korean-set037102 avg. like is -51.4427 over 324 frames.
LOG (gmm-acc-stats-ali[5.5.52-6d919]:main():gmm-acc-stats-ali.cc:105) Processed 11000 utterances; for utterance s037m2nhc00_r-20150804-KoreancarSNR10-set037047 avg. like is -48.1149 over 255 frames.
LOG (gmm-acc-stats-ali[5.5.52-6d919]:main():gmm-acc-stats-ali.cc:105) Processed 11050 utterances; for utterance s037m2nhc00_r-20150804-KoreancarSNR10-set037097 avg. like is -47.2497 over 270 frames.
LOG (gmm-acc-stats-ali[5.5.52-6d919]:main():gmm-acc-stats-ali.cc:105) Processed 11100 utterances; for utterance s037mss5kjw00-20150804-Korean-set037042 avg. like is -48.4584 over 828 frames.
LOG (gmm-acc-stats-ali[5.5.52-6d919]:main():gmm-acc-stats-ali.cc:105) Processed 11150 utterances; for utterance s037mss5kjw00-20150804-Korean-set037092 avg. like is -41.2819 over 588 frames.
LOG (gmm-acc-stats-ali[5.5.52-6d919]:main():gmm-acc-stats-ali.cc:105) Processed 11200 utterances; for utterance s037mss5kjw00-20150804-KoreanleopardSNR10-set037037 avg. like is -39.6479 over 498 frames.
LOG (gmm-acc-stats-ali[5.5.52-6d919]:main():gmm-acc-stats-ali.cc:105) Processed 11250 utterances; for utterance s037mss5kjw00-20150804-KoreanleopardSNR10-set037087 avg. like is -39.8888 over 688 frames.
LOG (gmm-acc-stats-ali[5.5.52-6d919]:main():gmm-acc-stats-ali.cc:105) Processed 11300 utterances; for utterance s038fss3rhk00-20150804-Korean-set038032 avg. like is -45.1406 over 588 frames.
LOG (gmm-acc-stats-ali[5.5.52-6d919]:main():gmm-acc-stats-ali.cc:105) Processed 11350 utterances; for utterance s038fss3rhk00-20150804-Korean-set038082 avg. like is -42.3397 over 488 frames.
LOG (gmm-acc-stats-ali[5.5.52-6d919]:main():gmm-acc-stats-ali.cc:105) Processed 11400 utterances; for utterance s038m2kts00_r-20150804-Korean-set038027 avg. like is -50.4429 over 335 frames.
LOG (gmm-acc-stats-ali[5.5.52-6d919]:main():gmm-acc-stats-ali.cc:105) Processed 11450 utterances; for utterance s038m2kts00_r-20150804-Korean-set038077 avg. like is -51.762 over 523 frames.
LOG (gmm-acc-stats-ali[5.5.52-6d919]:main():gmm-acc-stats-ali.cc:105) Processed 11500 utterances; for utterance s038m2kts00_r-20150804-KoreanpinkSNR10-set038022 avg. like is -40.093 over 641 frames.
LOG (gmm-acc-stats-ali[5.5.52-6d919]:main():gmm-acc-stats-ali.cc:105) Processed 11550 utterances; for utterance s038m2kts00_r-20150804-KoreanpinkSNR10-set038072 avg. like is -40.5348 over 294 frames.
LOG (gmm-acc-stats-ali[5.5.52-6d919]:main():gmm-acc-stats-ali.cc:105) Processed 11600 utterances; for utterance s038mjr5ccs00-20150804-Korean-set038017 avg. like is -44.781 over 798 frames.
LOG (gmm-acc-stats-ali[5.5.52-6d919]:main():gmm-acc-stats-ali.cc:105) Processed 11650 utterances; for utterance s038mjr5ccs00-20150804-Korean-set038067 avg. like is -44.0224 over 778 frames.
LOG (gmm-acc-stats-ali[5.5.52-6d919]:main():gmm-acc-stats-ali.cc:105) Processed 11700 utterances; for utterance s038mjr5ccs00-20150804-KoreanvolvoSNR10-set038012 avg. like is -45.9096 over 1188 frames.
LOG (gmm-acc-stats-ali[5.5.52-6d919]:main():gmm-acc-stats-ali.cc:105) Processed 11750 utterances; for utterance s038mjr5ccs00-20150804-KoreanvolvoSNR10-set038062 avg. like is -40.9908 over 698 frames.
LOG (gmm-acc-stats-ali[5.5.52-6d919]:main():gmm-acc-stats-ali.cc:105) Processed 11800 utterances; for utterance s039fjr3kjh03-20150804-Korean-set039007 avg. like is -54.7415 over 938 frames.
LOG (gmm-acc-stats-ali[5.5.52-6d919]:main():gmm-acc-stats-ali.cc:105) Processed 11850 utterances; for utterance s039fjr3kjh03-20150804-Korean-set039057 avg. like is -50.2105 over 758 frames.
LOG (gmm-acc-stats-ali[5.5.52-6d919]:main():gmm-acc-stats-ali.cc:105) Processed 11900 utterances; for utterance s039fjr3kjh03-20150804-KoreandestroyeropsSNR10-set039002 avg. like is -45.7561 over 898 frames.
LOG (gmm-acc-stats-ali[5.5.52-6d919]:main():gmm-acc-stats-ali.cc:105) Processed 11950 utterances; for utterance s039fjr3kjh03-20150804-KoreandestroyeropsSNR10-set039052 avg. like is -44.6598 over 1558 frames.
LOG (gmm-acc-stats-ali[5.5.52-6d919]:main():gmm-acc-stats-ali.cc:105) Processed 12000 utterances; for utterance s039fjr3kjh03-20150804-KoreandestroyeropsSNR10-set039102 avg. like is -42.9127 over 558 frames.
LOG (gmm-acc-stats-ali[5.5.52-6d919]:main():gmm-acc-stats-ali.cc:105) Processed 12050 utterances; for utterance s039m2kyk00-20150804-Korean-set039047 avg. like is -53.118 over 411 frames.
LOG (gmm-acc-stats-ali[5.5.52-6d919]:main():gmm-acc-stats-ali.cc:105) Processed 12100 utterances; for utterance s039m2kyk00-20150804-Korean-set039097 avg. like is -51.9067 over 331 frames.
LOG (gmm-acc-stats-ali[5.5.52-6d919]:main():gmm-acc-stats-ali.cc:105) Processed 12150 utterances; for utterance s039m2kyk00-20150804-Koreanbabble2SNR10-set039041 avg. like is -45.3984 over 299 frames.
LOG (gmm-acc-stats-ali[5.5.52-6d919]:main():gmm-acc-stats-ali.cc:105) Processed 12200 utterances; for utterance s039m2kyk00-20150804-Koreanbabble2SNR10-set039091 avg. like is -44.7411 over 595 frames.
LOG (gmm-acc-stats-ali[5.5.52-6d919]:main():gmm-acc-stats-ali.cc:105) Processed 12250 utterances; for utterance s039m2kyk00_r-20150804-Korean-set039035 avg. like is -50.0343 over 515 frames.
LOG (gmm-acc-stats-ali[5.5.52-6d919]:main():gmm-acc-stats-ali.cc:105) Processed 12300 utterances; for utterance s039m2kyk00_r-20150804-Korean-set039085 avg. like is -50.8284 over 329 frames.
LOG (gmm-acc-stats-ali[5.5.52-6d919]:main():gmm-acc-stats-ali.cc:105) Processed 12350 utterances; for utterance s039m2kyk00_r-20150804-KoreanbabbleSNR10-set039029 avg. like is -46.4895 over 345 frames.
LOG (gmm-acc-stats-ali[5.5.52-6d919]:main():gmm-acc-stats-ali.cc:105) Processed 12400 utterances; for utterance s039m2kyk00_r-20150804-KoreanbabbleSNR10-set039079 avg. like is -46.3411 over 286 frames.
LOG (gmm-acc-stats-ali[5.5.52-6d919]:main():gmm-acc-stats-ali.cc:105) Processed 12450 utterances; for utterance s039mss2lsh00-20150804-Korean-set039023 avg. like is -44.5191 over 618 frames.
LOG (gmm-acc-stats-ali[5.5.52-6d919]:main():gmm-acc-stats-ali.cc:105) Processed 12500 utterances; for utterance s039mss2lsh00-20150804-Korean-set039073 avg. like is -44.98 over 658 frames.
LOG (gmm-acc-stats-ali[5.5.52-6d919]:main():gmm-acc-stats-ali.cc:105) Processed 12550 utterances; for utterance s039mss2lsh00-20150804-Koreanleopard1SNR10-set039018 avg. like is -44.7635 over 638 frames.
LOG (gmm-acc-stats-ali[5.5.52-6d919]:main():gmm-acc-stats-ali.cc:105) Processed 12600 utterances; for utterance s039mss2lsh00-20150804-Koreanleopard1SNR10-set039068 avg. like is -44.5079 over 958 frames.
LOG (gmm-acc-stats-ali[5.5.52-6d919]:main():gmm-acc-stats-ali.cc:105) Processed 12650 utterances; for utterance s03f1jrbeg01-20150804-Korean-cps03013 avg. like is -48.7952 over 148 frames.
LOG (gmm-acc-stats-ali[5.5.52-6d919]:main():gmm-acc-stats-ali.cc:105) Processed 12700 utterances; for utterance s03f1jrbeg01-20150804-Korean-cps03063 avg. like is -50.1696 over 144 frames.
LOG (gmm-acc-stats-ali[5.5.52-6d919]:main():gmm-acc-stats-ali.cc:105) Processed 12750 utterances; for utterance s03f1jrbeg01-20150804-Korean-cps03113 avg. like is -46.8846 over 140 frames.
LOG (gmm-acc-stats-ali[5.5.52-6d919]:main():gmm-acc-stats-ali.cc:105) Processed 12800 utterances; for utterance s03f1jrbeg01-20150804-Korean-cps03163 avg. like is -41.1787 over 101 frames.
LOG (gmm-acc-stats-ali[5.5.52-6d919]:main():gmm-acc-stats-ali.cc:105) Processed 12850 utterances; for utterance s03f1jrbeg01-20150804-Korean-cps03213 avg. like is -46.0727 over 174 frames.
LOG (gmm-acc-stats-ali[5.5.52-6d919]:main():gmm-acc-stats-ali.cc:105) Processed 12900 utterances; for utterance s03f1jrbeg01-20150804-Korean-cps03264 avg. like is -43.6091 over 165 frames.
LOG (gmm-acc-stats-ali[5.5.52-6d919]:main():gmm-acc-stats-ali.cc:105) Processed 12950 utterances; for utterance s03f1jrbeg01-20150804-Korean-cps03314 avg. like is -43.4175 over 165 frames.
LOG (gmm-acc-stats-ali[5.5.52-6d919]:main():gmm-acc-stats-ali.cc:105) Processed 13000 utterances; for utterance s03f1jrbeg01-20150804-Korean-cps03364 avg. like is -51.0012 over 157 frames.
LOG (apply-cmvn[5.5.52-6d919]:main():apply-cmvn.cc:162) Applied cepstral mean normalization to 13054 utterances, errors on 0
LOG (transform-feats[5.5.52-6d919]:main():transform-feats.cc:158) Overall average [pseudo-]logdet is -92.5347 over 5.98862e+06 frames.
LOG (transform-feats[5.5.52-6d919]:main():transform-feats.cc:161) Applied transform to 13054 utterances; 0 had errors.
LOG (gmm-acc-stats-ali[5.5.52-6d919]:main():gmm-acc-stats-ali.cc:105) Processed 13050 utterances; for utterance s03f1jrbeg01-20150804-Korean-cps03414 avg. like is -46.368 over 177 frames.
LOG (transform-feats[5.5.52-6d919]:main():transform-feats.cc:158) Overall average logdet is 3.18365 over 5.98862e+06 frames.
LOG (transform-feats[5.5.52-6d919]:main():transform-feats.cc:161) Applied transform to 13054 utterances; 0 had errors.
LOG (gmm-acc-stats-ali[5.5.52-6d919]:main():gmm-acc-stats-ali.cc:112) Done 13054 files, 0 with errors.
LOG (gmm-acc-stats-ali[5.5.52-6d919]:main():gmm-acc-stats-ali.cc:115) Overall avg like per frame (Gaussian only) = -46.3758 over 5988624 frames.
LOG (gmm-acc-stats-ali[5.5.52-6d919]:main():gmm-acc-stats-ali.cc:123) Written accs.
# Accounting: time=21 threads=1
# Ended (code 0) at Tue May  7 16:20:14 KST 2019, elapsed time 21 seconds
