# gmm-acc-stats-ali exp/tri3b/15.mdl "ark,s,cs:apply-cmvn  --utt2spk=ark:data/train/split8/8/utt2spk scp:data/train/split8/8/cmvn.scp scp:data/train/split8/8/feats.scp ark:- | splice-feats  ark:- ark:- | transform-feats exp/tri2b_ali/final.mat ark:- ark:- | transform-feats --utt2spk=ark:data/train/split8/8/utt2spk ark:exp/tri3b/trans.8 ark:- ark:- |" "ark,s,cs:gunzip -c exp/tri3b/ali.8.gz|" exp/tri3b/15.8.acc 
# Started at Tue May  7 16:15:09 KST 2019
#
gmm-acc-stats-ali exp/tri3b/15.mdl 'ark,s,cs:apply-cmvn  --utt2spk=ark:data/train/split8/8/utt2spk scp:data/train/split8/8/cmvn.scp scp:data/train/split8/8/feats.scp ark:- | splice-feats  ark:- ark:- | transform-feats exp/tri2b_ali/final.mat ark:- ark:- | transform-feats --utt2spk=ark:data/train/split8/8/utt2spk ark:exp/tri3b/trans.8 ark:- ark:- |' 'ark,s,cs:gunzip -c exp/tri3b/ali.8.gz|' exp/tri3b/15.8.acc 
transform-feats exp/tri2b_ali/final.mat ark:- ark:- 
apply-cmvn --utt2spk=ark:data/train/split8/8/utt2spk scp:data/train/split8/8/cmvn.scp scp:data/train/split8/8/feats.scp ark:- 
splice-feats ark:- ark:- 
transform-feats --utt2spk=ark:data/train/split8/8/utt2spk ark:exp/tri3b/trans.8 ark:- ark:- 
LOG (gmm-acc-stats-ali[5.5.52-6d919]:main():gmm-acc-stats-ali.cc:105) Processed 50 utterances; for utterance s03m2ssjes02-20150804-Korean-cps03051 avg. like is -46.896 over 178 frames.
LOG (gmm-acc-stats-ali[5.5.52-6d919]:main():gmm-acc-stats-ali.cc:105) Processed 100 utterances; for utterance s03m2ssjes02-20150804-Korean-cps03102 avg. like is -48.5705 over 155 frames.
LOG (gmm-acc-stats-ali[5.5.52-6d919]:main():gmm-acc-stats-ali.cc:105) Processed 150 utterances; for utterance s03m2ssjes02-20150804-Korean-cps03153 avg. like is -57.7713 over 149 frames.
LOG (gmm-acc-stats-ali[5.5.52-6d919]:main():gmm-acc-stats-ali.cc:105) Processed 200 utterances; for utterance s03m2ssjes02-20150804-Korean-cps03203 avg. like is -49.7205 over 136 frames.
LOG (gmm-acc-stats-ali[5.5.52-6d919]:main():gmm-acc-stats-ali.cc:105) Processed 250 utterances; for utterance s03m2ssjes02-20150804-Korean-cps03253 avg. like is -47.5187 over 156 frames.
LOG (gmm-acc-stats-ali[5.5.52-6d919]:main():gmm-acc-stats-ali.cc:105) Processed 300 utterances; for utterance s03m2ssjes02-20150804-Korean-cps03304 avg. like is -44.585 over 148 frames.
LOG (gmm-acc-stats-ali[5.5.52-6d919]:main():gmm-acc-stats-ali.cc:105) Processed 350 utterances; for utterance s03m2ssjes02-20150804-Korean-cps03354 avg. like is -45.2475 over 161 frames.
LOG (gmm-acc-stats-ali[5.5.52-6d919]:main():gmm-acc-stats-ali.cc:105) Processed 400 utterances; for utterance s03m2ssjes02-20150804-Korean-cps03405 avg. like is -47.7612 over 170 frames.
LOG (gmm-acc-stats-ali[5.5.52-6d919]:main():gmm-acc-stats-ali.cc:105) Processed 450 utterances; for utterance s03m2ssjes02-20150804-KoreandestroyeropsSNR10-cps03038 avg. like is -47.55 over 152 frames.
LOG (gmm-acc-stats-ali[5.5.52-6d919]:main():gmm-acc-stats-ali.cc:105) Processed 500 utterances; for utterance s03m2ssjes02-20150804-KoreandestroyeropsSNR10-cps03089 avg. like is -45.8962 over 145 frames.
LOG (gmm-acc-stats-ali[5.5.52-6d919]:main():gmm-acc-stats-ali.cc:105) Processed 550 utterances; for utterance s03m2ssjes02-20150804-KoreandestroyeropsSNR10-cps03140 avg. like is -43.7547 over 181 frames.
LOG (gmm-acc-stats-ali[5.5.52-6d919]:main():gmm-acc-stats-ali.cc:105) Processed 600 utterances; for utterance s03m2ssjes02-20150804-KoreandestroyeropsSNR10-cps03190 avg. like is -46.05 over 165 frames.
LOG (gmm-acc-stats-ali[5.5.52-6d919]:main():gmm-acc-stats-ali.cc:105) Processed 650 utterances; for utterance s03m2ssjes02-20150804-KoreandestroyeropsSNR10-cps03240 avg. like is -46.0801 over 146 frames.
LOG (gmm-acc-stats-ali[5.5.52-6d919]:main():gmm-acc-stats-ali.cc:105) Processed 700 utterances; for utterance s03m2ssjes02-20150804-KoreandestroyeropsSNR10-cps03290 avg. like is -45.619 over 164 frames.
LOG (gmm-acc-stats-ali[5.5.52-6d919]:main():gmm-acc-stats-ali.cc:105) Processed 750 utterances; for utterance s03m2ssjes02-20150804-KoreandestroyeropsSNR10-cps03341 avg. like is -45.7758 over 159 frames.
LOG (gmm-acc-stats-ali[5.5.52-6d919]:main():gmm-acc-stats-ali.cc:105) Processed 800 utterances; for utterance s03m2ssjes02-20150804-KoreandestroyeropsSNR10-cps03391 avg. like is -45.817 over 142 frames.
LOG (gmm-acc-stats-ali[5.5.52-6d919]:main():gmm-acc-stats-ali.cc:105) Processed 850 utterances; for utterance s03m2ssjhs02-20150804-Korean-cps03027 avg. like is -49.127 over 143 frames.
LOG (gmm-acc-stats-ali[5.5.52-6d919]:main():gmm-acc-stats-ali.cc:105) Processed 900 utterances; for utterance s03m2ssjhs02-20150804-Korean-cps03081 avg. like is -48.8371 over 134 frames.
LOG (gmm-acc-stats-ali[5.5.52-6d919]:main():gmm-acc-stats-ali.cc:105) Processed 950 utterances; for utterance s03m2ssjhs02-20150804-Korean-cps03136 avg. like is -52.4481 over 149 frames.
LOG (gmm-acc-stats-ali[5.5.52-6d919]:main():gmm-acc-stats-ali.cc:105) Processed 1000 utterances; for utterance s03m2ssjhs02-20150804-Korean-cps03188 avg. like is -47.1693 over 138 frames.
LOG (gmm-acc-stats-ali[5.5.52-6d919]:main():gmm-acc-stats-ali.cc:105) Processed 1050 utterances; for utterance s03m2ssjhs02-20150804-Korean-cps03240 avg. like is -44.0696 over 133 frames.
LOG (gmm-acc-stats-ali[5.5.52-6d919]:main():gmm-acc-stats-ali.cc:105) Processed 1100 utterances; for utterance s03m2ssjhs02-20150804-Korean-cps03291 avg. like is -48.524 over 146 frames.
LOG (gmm-acc-stats-ali[5.5.52-6d919]:main():gmm-acc-stats-ali.cc:105) Processed 1150 utterances; for utterance s03m2ssjhs02-20150804-Korean-cps03343 avg. like is -46.5365 over 122 frames.
LOG (gmm-acc-stats-ali[5.5.52-6d919]:main():gmm-acc-stats-ali.cc:105) Processed 1200 utterances; for utterance s03m2ssjhs02-20150804-Korean-cps03397 avg. like is -50.8308 over 146 frames.
LOG (gmm-acc-stats-ali[5.5.52-6d919]:main():gmm-acc-stats-ali.cc:105) Processed 1250 utterances; for utterance s03m2ssjhs02-20150804-KoreanleopardSNR10-cps03033 avg. like is -45.7941 over 137 frames.
LOG (gmm-acc-stats-ali[5.5.52-6d919]:main():gmm-acc-stats-ali.cc:105) Processed 1300 utterances; for utterance s03m2ssjhs02-20150804-KoreanleopardSNR10-cps03087 avg. like is -45.6283 over 140 frames.
LOG (gmm-acc-stats-ali[5.5.52-6d919]:main():gmm-acc-stats-ali.cc:105) Processed 1350 utterances; for utterance s03m2ssjhs02-20150804-KoreanleopardSNR10-cps03142 avg. like is -44.8869 over 152 frames.
LOG (gmm-acc-stats-ali[5.5.52-6d919]:main():gmm-acc-stats-ali.cc:105) Processed 1400 utterances; for utterance s03m2ssjhs02-20150804-KoreanleopardSNR10-cps03194 avg. like is -45.4379 over 106 frames.
LOG (gmm-acc-stats-ali[5.5.52-6d919]:main():gmm-acc-stats-ali.cc:105) Processed 1450 utterances; for utterance s03m2ssjhs02-20150804-KoreanleopardSNR10-cps03246 avg. like is -43.6168 over 127 frames.
LOG (gmm-acc-stats-ali[5.5.52-6d919]:main():gmm-acc-stats-ali.cc:105) Processed 1500 utterances; for utterance s03m2ssjhs02-20150804-KoreanleopardSNR10-cps03297 avg. like is -42.8999 over 134 frames.
LOG (gmm-acc-stats-ali[5.5.52-6d919]:main():gmm-acc-stats-ali.cc:105) Processed 1550 utterances; for utterance s03m2ssjhs02-20150804-KoreanleopardSNR10-cps03350 avg. like is -44.8368 over 152 frames.
LOG (gmm-acc-stats-ali[5.5.52-6d919]:main():gmm-acc-stats-ali.cc:105) Processed 1600 utterances; for utterance s03m2ssjhs02-20150804-KoreanleopardSNR10-cps03404 avg. like is -45.1291 over 153 frames.
LOG (gmm-acc-stats-ali[5.5.52-6d919]:main():gmm-acc-stats-ali.cc:105) Processed 1650 utterances; for utterance s03m2sssth01-20150804-Korean-cps03037 avg. like is -41.1209 over 132 frames.
LOG (gmm-acc-stats-ali[5.5.52-6d919]:main():gmm-acc-stats-ali.cc:105) Processed 1700 utterances; for utterance s03m2sssth01-20150804-Korean-cps03089 avg. like is -52.136 over 124 frames.
LOG (gmm-acc-stats-ali[5.5.52-6d919]:main():gmm-acc-stats-ali.cc:105) Processed 1750 utterances; for utterance s03m2sssth01-20150804-Korean-cps03139 avg. like is -48.4621 over 127 frames.
LOG (gmm-acc-stats-ali[5.5.52-6d919]:main():gmm-acc-stats-ali.cc:105) Processed 1800 utterances; for utterance s03m2sssth01-20150804-Korean-cps03190 avg. like is -52.8282 over 119 frames.
LOG (gmm-acc-stats-ali[5.5.52-6d919]:main():gmm-acc-stats-ali.cc:105) Processed 1850 utterances; for utterance s03m2sssth01-20150804-Korean-cps03244 avg. like is -50.8379 over 133 frames.
LOG (gmm-acc-stats-ali[5.5.52-6d919]:main():gmm-acc-stats-ali.cc:105) Processed 1900 utterances; for utterance s03m2sssth01-20150804-Korean-cps03295 avg. like is -54.0903 over 126 frames.
LOG (gmm-acc-stats-ali[5.5.52-6d919]:main():gmm-acc-stats-ali.cc:105) Processed 1950 utterances; for utterance s03m2sssth01-20150804-Korean-cps03345 avg. like is -46.4356 over 166 frames.
LOG (gmm-acc-stats-ali[5.5.52-6d919]:main():gmm-acc-stats-ali.cc:105) Processed 2000 utterances; for utterance s03m2sssth01-20150804-Korean-cps03397 avg. like is -48.6279 over 160 frames.
LOG (gmm-acc-stats-ali[5.5.52-6d919]:main():gmm-acc-stats-ali.cc:105) Processed 2050 utterances; for utterance s03m2sssth01-20150804-KoreanleopardSNR10-cps03030 avg. like is -44.3844 over 146 frames.
LOG (gmm-acc-stats-ali[5.5.52-6d919]:main():gmm-acc-stats-ali.cc:105) Processed 2100 utterances; for utterance s03m2sssth01-20150804-KoreanleopardSNR10-cps03082 avg. like is -41.7106 over 138 frames.
LOG (gmm-acc-stats-ali[5.5.52-6d919]:main():gmm-acc-stats-ali.cc:105) Processed 2150 utterances; for utterance s03m2sssth01-20150804-KoreanleopardSNR10-cps03132 avg. like is -40.4077 over 147 frames.
LOG (gmm-acc-stats-ali[5.5.52-6d919]:main():gmm-acc-stats-ali.cc:105) Processed 2200 utterances; for utterance s03m2sssth01-20150804-KoreanleopardSNR10-cps03183 avg. like is -46.7774 over 147 frames.
LOG (gmm-acc-stats-ali[5.5.52-6d919]:main():gmm-acc-stats-ali.cc:105) Processed 2250 utterances; for utterance s03m2sssth01-20150804-KoreanleopardSNR10-cps03237 avg. like is -42.898 over 133 frames.
LOG (gmm-acc-stats-ali[5.5.52-6d919]:main():gmm-acc-stats-ali.cc:105) Processed 2300 utterances; for utterance s03m2sssth01-20150804-KoreanleopardSNR10-cps03288 avg. like is -45.7563 over 127 frames.
LOG (gmm-acc-stats-ali[5.5.52-6d919]:main():gmm-acc-stats-ali.cc:105) Processed 2350 utterances; for utterance s03m2sssth01-20150804-KoreanleopardSNR10-cps03338 avg. like is -45.0984 over 121 frames.
LOG (gmm-acc-stats-ali[5.5.52-6d919]:main():gmm-acc-stats-ali.cc:105) Processed 2400 utterances; for utterance s03m2sssth01-20150804-KoreanleopardSNR10-cps03389 avg. like is -42.8085 over 95 frames.
LOG (gmm-acc-stats-ali[5.5.52-6d919]:main():gmm-acc-stats-ali.cc:105) Processed 2450 utterances; for utterance s03m2sstsg01-20150804-Korean-cps03022 avg. like is -44.7968 over 181 frames.
LOG (gmm-acc-stats-ali[5.5.52-6d919]:main():gmm-acc-stats-ali.cc:105) Processed 2500 utterances; for utterance s03m2sstsg01-20150804-Korean-cps03074 avg. like is -47.0995 over 161 frames.
LOG (gmm-acc-stats-ali[5.5.52-6d919]:main():gmm-acc-stats-ali.cc:105) Processed 2550 utterances; for utterance s03m2sstsg01-20150804-Korean-cps03124 avg. like is -45.2636 over 154 frames.
LOG (gmm-acc-stats-ali[5.5.52-6d919]:main():gmm-acc-stats-ali.cc:105) Processed 2600 utterances; for utterance s03m2sstsg01-20150804-Korean-cps03174 avg. like is -51.2874 over 176 frames.
LOG (gmm-acc-stats-ali[5.5.52-6d919]:main():gmm-acc-stats-ali.cc:105) Processed 2650 utterances; for utterance s03m2sstsg01-20150804-Korean-cps03225 avg. like is -44.955 over 216 frames.
LOG (gmm-acc-stats-ali[5.5.52-6d919]:main():gmm-acc-stats-ali.cc:105) Processed 2700 utterances; for utterance s03m2sstsg01-20150804-Korean-cps03275 avg. like is -39.6482 over 131 frames.
LOG (gmm-acc-stats-ali[5.5.52-6d919]:main():gmm-acc-stats-ali.cc:105) Processed 2750 utterances; for utterance s03m2sstsg01-20150804-Korean-cps03327 avg. like is -45.3401 over 239 frames.
LOG (gmm-acc-stats-ali[5.5.52-6d919]:main():gmm-acc-stats-ali.cc:105) Processed 2800 utterances; for utterance s03m2sstsg01-20150804-Korean-cps03377 avg. like is -43.3111 over 159 frames.
LOG (gmm-acc-stats-ali[5.5.52-6d919]:main():gmm-acc-stats-ali.cc:105) Processed 2850 utterances; for utterance s03m2sstsg01-20150804-KoreancarSNR10-cps03010 avg. like is -40.0204 over 242 frames.
LOG (gmm-acc-stats-ali[5.5.52-6d919]:main():gmm-acc-stats-ali.cc:105) Processed 2900 utterances; for utterance s03m2sstsg01-20150804-KoreancarSNR10-cps03062 avg. like is -39.3317 over 180 frames.
LOG (gmm-acc-stats-ali[5.5.52-6d919]:main():gmm-acc-stats-ali.cc:105) Processed 2950 utterances; for utterance s03m2sstsg01-20150804-KoreancarSNR10-cps03112 avg. like is -37.4342 over 171 frames.
LOG (gmm-acc-stats-ali[5.5.52-6d919]:main():gmm-acc-stats-ali.cc:105) Processed 3000 utterances; for utterance s03m2sstsg01-20150804-KoreancarSNR10-cps03162 avg. like is -40.5089 over 164 frames.
LOG (gmm-acc-stats-ali[5.5.52-6d919]:main():gmm-acc-stats-ali.cc:105) Processed 3050 utterances; for utterance s03m2sstsg01-20150804-KoreancarSNR10-cps03212 avg. like is -39.7463 over 187 frames.
LOG (gmm-acc-stats-ali[5.5.52-6d919]:main():gmm-acc-stats-ali.cc:105) Processed 3100 utterances; for utterance s03m2sstsg01-20150804-KoreancarSNR10-cps03263 avg. like is -36.4154 over 167 frames.
LOG (gmm-acc-stats-ali[5.5.52-6d919]:main():gmm-acc-stats-ali.cc:105) Processed 3150 utterances; for utterance s03m2sstsg01-20150804-KoreancarSNR10-cps03315 avg. like is -38.8515 over 159 frames.
LOG (gmm-acc-stats-ali[5.5.52-6d919]:main():gmm-acc-stats-ali.cc:105) Processed 3200 utterances; for utterance s03m2sstsg01-20150804-KoreancarSNR10-cps03365 avg. like is -38.2195 over 183 frames.
LOG (gmm-acc-stats-ali[5.5.52-6d919]:main():gmm-acc-stats-ali.cc:105) Processed 3250 utterances; for utterance s03m2sstsg01-20150804-KoreancarSNR10-cps03416 avg. like is -40.8908 over 176 frames.
LOG (gmm-acc-stats-ali[5.5.52-6d919]:main():gmm-acc-stats-ali.cc:105) Processed 3300 utterances; for utterance s03m3ccgwb01-20150804-Korean-cps03048 avg. like is -57.0044 over 147 frames.
LOG (gmm-acc-stats-ali[5.5.52-6d919]:main():gmm-acc-stats-ali.cc:105) Processed 3350 utterances; for utterance s03m3ccgwb01-20150804-Korean-cps03098 avg. like is -53.2055 over 136 frames.
LOG (gmm-acc-stats-ali[5.5.52-6d919]:main():gmm-acc-stats-ali.cc:105) Processed 3400 utterances; for utterance s03m3ccgwb01-20150804-Korean-cps03151 avg. like is -51.4074 over 120 frames.
LOG (gmm-acc-stats-ali[5.5.52-6d919]:main():gmm-acc-stats-ali.cc:105) Processed 3450 utterances; for utterance s03m3ccgwb01-20150804-Korean-cps03202 avg. like is -47.9473 over 123 frames.
LOG (gmm-acc-stats-ali[5.5.52-6d919]:main():gmm-acc-stats-ali.cc:105) Processed 3500 utterances; for utterance s03m3ccgwb01-20150804-Korean-cps03254 avg. like is -51.6557 over 114 frames.
LOG (gmm-acc-stats-ali[5.5.52-6d919]:main():gmm-acc-stats-ali.cc:105) Processed 3550 utterances; for utterance s03m3ccgwb01-20150804-Korean-cps03306 avg. like is -51.4919 over 120 frames.
LOG (gmm-acc-stats-ali[5.5.52-6d919]:main():gmm-acc-stats-ali.cc:105) Processed 3600 utterances; for utterance s03m3ccgwb01-20150804-Korean-cps03358 avg. like is -51.1739 over 134 frames.
LOG (gmm-acc-stats-ali[5.5.52-6d919]:main():gmm-acc-stats-ali.cc:105) Processed 3650 utterances; for utterance s03m3ccgwb01-20150804-Korean-cps03410 avg. like is -46.7741 over 128 frames.
LOG (gmm-acc-stats-ali[5.5.52-6d919]:main():gmm-acc-stats-ali.cc:105) Processed 3700 utterances; for utterance s03m3ccgwb01-20150804-Koreanbabble2SNR10-cps03042 avg. like is -42.8107 over 145 frames.
LOG (gmm-acc-stats-ali[5.5.52-6d919]:main():gmm-acc-stats-ali.cc:105) Processed 3750 utterances; for utterance s03m3ccgwb01-20150804-Koreanbabble2SNR10-cps03092 avg. like is -43.3822 over 135 frames.
LOG (gmm-acc-stats-ali[5.5.52-6d919]:main():gmm-acc-stats-ali.cc:105) Processed 3800 utterances; for utterance s03m3ccgwb01-20150804-Koreanbabble2SNR10-cps03145 avg. like is -46.2354 over 131 frames.
LOG (gmm-acc-stats-ali[5.5.52-6d919]:main():gmm-acc-stats-ali.cc:105) Processed 3850 utterances; for utterance s03m3ccgwb01-20150804-Koreanbabble2SNR10-cps03196 avg. like is -46.8572 over 117 frames.
LOG (gmm-acc-stats-ali[5.5.52-6d919]:main():gmm-acc-stats-ali.cc:105) Processed 3900 utterances; for utterance s03m3ccgwb01-20150804-Koreanbabble2SNR10-cps03248 avg. like is -41.7542 over 140 frames.
LOG (gmm-acc-stats-ali[5.5.52-6d919]:main():gmm-acc-stats-ali.cc:105) Processed 3950 utterances; for utterance s03m3ccgwb01-20150804-Koreanbabble2SNR10-cps03300 avg. like is -43.7339 over 151 frames.
LOG (gmm-acc-stats-ali[5.5.52-6d919]:main():gmm-acc-stats-ali.cc:105) Processed 4000 utterances; for utterance s03m3ccgwb01-20150804-Koreanbabble2SNR10-cps03352 avg. like is -45.0537 over 122 frames.
LOG (gmm-acc-stats-ali[5.5.52-6d919]:main():gmm-acc-stats-ali.cc:105) Processed 4050 utterances; for utterance s03m3ccgwb01-20150804-Koreanbabble2SNR10-cps03403 avg. like is -44.3844 over 141 frames.
LOG (gmm-acc-stats-ali[5.5.52-6d919]:main():gmm-acc-stats-ali.cc:105) Processed 4100 utterances; for utterance s03m3jrhsj02-20150804-Korean-cps03036 avg. like is -45.6492 over 131 frames.
LOG (gmm-acc-stats-ali[5.5.52-6d919]:main():gmm-acc-stats-ali.cc:105) Processed 4150 utterances; for utterance s03m3jrhsj02-20150804-Korean-cps03086 avg. like is -49.2495 over 175 frames.
LOG (gmm-acc-stats-ali[5.5.52-6d919]:main():gmm-acc-stats-ali.cc:105) Processed 4200 utterances; for utterance s03m3jrhsj02-20150804-Korean-cps03137 avg. like is -46.914 over 152 frames.
LOG (gmm-acc-stats-ali[5.5.52-6d919]:main():gmm-acc-stats-ali.cc:105) Processed 4250 utterances; for utterance s03m3jrhsj02-20150804-Korean-cps03188 avg. like is -49.795 over 158 frames.
LOG (gmm-acc-stats-ali[5.5.52-6d919]:main():gmm-acc-stats-ali.cc:105) Processed 4300 utterances; for utterance s03m3jrhsj02-20150804-Korean-cps03238 avg. like is -48.5206 over 131 frames.
LOG (gmm-acc-stats-ali[5.5.52-6d919]:main():gmm-acc-stats-ali.cc:105) Processed 4350 utterances; for utterance s03m3jrhsj02-20150804-Korean-cps03288 avg. like is -47.8476 over 145 frames.
LOG (gmm-acc-stats-ali[5.5.52-6d919]:main():gmm-acc-stats-ali.cc:105) Processed 4400 utterances; for utterance s03m3jrhsj02-20150804-Korean-cps03339 avg. like is -50.3974 over 141 frames.
LOG (gmm-acc-stats-ali[5.5.52-6d919]:main():gmm-acc-stats-ali.cc:105) Processed 4450 utterances; for utterance s03m3jrhsj02-20150804-Korean-cps03389 avg. like is -45.2989 over 110 frames.
LOG (gmm-acc-stats-ali[5.5.52-6d919]:main():gmm-acc-stats-ali.cc:105) Processed 4500 utterances; for utterance s03m3jrhsj02-20150804-KoreanvolvoSNR10-cps03022 avg. like is -45.9431 over 152 frames.
LOG (gmm-acc-stats-ali[5.5.52-6d919]:main():gmm-acc-stats-ali.cc:105) Processed 4550 utterances; for utterance s03m3jrhsj02-20150804-KoreanvolvoSNR10-cps03072 avg. like is -46.4307 over 156 frames.
LOG (gmm-acc-stats-ali[5.5.52-6d919]:main():gmm-acc-stats-ali.cc:105) Processed 4600 utterances; for utterance s03m3jrhsj02-20150804-KoreanvolvoSNR10-cps03122 avg. like is -43.9558 over 141 frames.
LOG (gmm-acc-stats-ali[5.5.52-6d919]:main():gmm-acc-stats-ali.cc:105) Processed 4650 utterances; for utterance s03m3jrhsj02-20150804-KoreanvolvoSNR10-cps03174 avg. like is -46.4638 over 166 frames.
LOG (gmm-acc-stats-ali[5.5.52-6d919]:main():gmm-acc-stats-ali.cc:105) Processed 4700 utterances; for utterance s03m3jrhsj02-20150804-KoreanvolvoSNR10-cps03224 avg. like is -42.46 over 155 frames.
LOG (gmm-acc-stats-ali[5.5.52-6d919]:main():gmm-acc-stats-ali.cc:105) Processed 4750 utterances; for utterance s03m3jrhsj02-20150804-KoreanvolvoSNR10-cps03274 avg. like is -48.5401 over 171 frames.
LOG (gmm-acc-stats-ali[5.5.52-6d919]:main():gmm-acc-stats-ali.cc:105) Processed 4800 utterances; for utterance s03m3jrhsj02-20150804-KoreanvolvoSNR10-cps03325 avg. like is -45.5752 over 103 frames.
LOG (gmm-acc-stats-ali[5.5.52-6d919]:main():gmm-acc-stats-ali.cc:105) Processed 4850 utterances; for utterance s03m3jrhsj02-20150804-KoreanvolvoSNR10-cps03375 avg. like is -44.9921 over 135 frames.
LOG (gmm-acc-stats-ali[5.5.52-6d919]:main():gmm-acc-stats-ali.cc:105) Processed 4900 utterances; for utterance s03m3jrsbc01-20150804-Korean-cps03008 avg. like is -50.7297 over 123 frames.
LOG (gmm-acc-stats-ali[5.5.52-6d919]:main():gmm-acc-stats-ali.cc:105) Processed 4950 utterances; for utterance s03m3jrsbc01-20150804-Korean-cps03059 avg. like is -46.8297 over 134 frames.
LOG (gmm-acc-stats-ali[5.5.52-6d919]:main():gmm-acc-stats-ali.cc:105) Processed 5000 utterances; for utterance s03m3jrsbc01-20150804-Korean-cps03109 avg. like is -52.9797 over 148 frames.
LOG (gmm-acc-stats-ali[5.5.52-6d919]:main():gmm-acc-stats-ali.cc:105) Processed 5050 utterances; for utterance s03m3jrsbc01-20150804-Korean-cps03161 avg. like is -50.828 over 144 frames.
LOG (gmm-acc-stats-ali[5.5.52-6d919]:main():gmm-acc-stats-ali.cc:105) Processed 5100 utterances; for utterance s03m3jrsbc01-20150804-Korean-cps03212 avg. like is -48.1611 over 159 frames.
LOG (gmm-acc-stats-ali[5.5.52-6d919]:main():gmm-acc-stats-ali.cc:105) Processed 5150 utterances; for utterance s03m3jrsbc01-20150804-Korean-cps03262 avg. like is -43.5907 over 131 frames.
LOG (gmm-acc-stats-ali[5.5.52-6d919]:main():gmm-acc-stats-ali.cc:105) Processed 5200 utterances; for utterance s03m3jrsbc01-20150804-Korean-cps03313 avg. like is -47.6332 over 139 frames.
LOG (gmm-acc-stats-ali[5.5.52-6d919]:main():gmm-acc-stats-ali.cc:105) Processed 5250 utterances; for utterance s03m3jrsbc01-20150804-Korean-cps03363 avg. like is -46.7612 over 133 frames.
LOG (gmm-acc-stats-ali[5.5.52-6d919]:main():gmm-acc-stats-ali.cc:105) Processed 5300 utterances; for utterance s03m3jrsbc01-20150804-Korean-cps03414 avg. like is -49.6581 over 149 frames.
LOG (gmm-acc-stats-ali[5.5.52-6d919]:main():gmm-acc-stats-ali.cc:105) Processed 5350 utterances; for utterance s03m3jrsbc01-20150804-Koreanbabble2SNR10-cps03047 avg. like is -49.2562 over 142 frames.
LOG (gmm-acc-stats-ali[5.5.52-6d919]:main():gmm-acc-stats-ali.cc:105) Processed 5400 utterances; for utterance s03m3jrsbc01-20150804-Koreanbabble2SNR10-cps03097 avg. like is -46.8354 over 128 frames.
LOG (gmm-acc-stats-ali[5.5.52-6d919]:main():gmm-acc-stats-ali.cc:105) Processed 5450 utterances; for utterance s03m3jrsbc01-20150804-Koreanbabble2SNR10-cps03149 avg. like is -46.6906 over 138 frames.
LOG (gmm-acc-stats-ali[5.5.52-6d919]:main():gmm-acc-stats-ali.cc:105) Processed 5500 utterances; for utterance s03m3jrsbc01-20150804-Koreanbabble2SNR10-cps03200 avg. like is -47.8568 over 151 frames.
LOG (gmm-acc-stats-ali[5.5.52-6d919]:main():gmm-acc-stats-ali.cc:105) Processed 5550 utterances; for utterance s03m3jrsbc01-20150804-Koreanbabble2SNR10-cps03250 avg. like is -47.6979 over 139 frames.
LOG (gmm-acc-stats-ali[5.5.52-6d919]:main():gmm-acc-stats-ali.cc:105) Processed 5600 utterances; for utterance s03m3jrsbc01-20150804-Koreanbabble2SNR10-cps03301 avg. like is -47.1028 over 175 frames.
LOG (gmm-acc-stats-ali[5.5.52-6d919]:main():gmm-acc-stats-ali.cc:105) Processed 5650 utterances; for utterance s03m3jrsbc01-20150804-Koreanbabble2SNR10-cps03351 avg. like is -47.5416 over 144 frames.
LOG (gmm-acc-stats-ali[5.5.52-6d919]:main():gmm-acc-stats-ali.cc:105) Processed 5700 utterances; for utterance s03m3jrsbc01-20150804-Koreanbabble2SNR10-cps03401 avg. like is -43.8918 over 132 frames.
LOG (gmm-acc-stats-ali[5.5.52-6d919]:main():gmm-acc-stats-ali.cc:105) Processed 5750 utterances; for utterance s03m3ksgbc01-20150804-Korean-cps03034 avg. like is -45.9747 over 160 frames.
LOG (gmm-acc-stats-ali[5.5.52-6d919]:main():gmm-acc-stats-ali.cc:105) Processed 5800 utterances; for utterance s03m3ksgbc01-20150804-Korean-cps03084 avg. like is -43.5502 over 154 frames.
LOG (gmm-acc-stats-ali[5.5.52-6d919]:main():gmm-acc-stats-ali.cc:105) Processed 5850 utterances; for utterance s03m3ksgbc01-20150804-Korean-cps03134 avg. like is -43.6604 over 127 frames.
LOG (gmm-acc-stats-ali[5.5.52-6d919]:main():gmm-acc-stats-ali.cc:105) Processed 5900 utterances; for utterance s03m3ksgbc01-20150804-Korean-cps03184 avg. like is -52.3439 over 162 frames.
LOG (gmm-acc-stats-ali[5.5.52-6d919]:main():gmm-acc-stats-ali.cc:105) Processed 5950 utterances; for utterance s03m3ksgbc01-20150804-Korean-cps03234 avg. like is -45.9806 over 152 frames.
LOG (gmm-acc-stats-ali[5.5.52-6d919]:main():gmm-acc-stats-ali.cc:105) Processed 6000 utterances; for utterance s03m3ksgbc01-20150804-Korean-cps03284 avg. like is -48.4549 over 139 frames.
LOG (gmm-acc-stats-ali[5.5.52-6d919]:main():gmm-acc-stats-ali.cc:105) Processed 6050 utterances; for utterance s03m3ksgbc01-20150804-Korean-cps03335 avg. like is -49.9554 over 148 frames.
LOG (gmm-acc-stats-ali[5.5.52-6d919]:main():gmm-acc-stats-ali.cc:105) Processed 6100 utterances; for utterance s03m3ksgbc01-20150804-Korean-cps03385 avg. like is -47.537 over 129 frames.
LOG (gmm-acc-stats-ali[5.5.52-6d919]:main():gmm-acc-stats-ali.cc:105) Processed 6150 utterances; for utterance s03m3ksgbc01-20150804-KoreandestroyeropsSNR10-cps03018 avg. like is -47.3964 over 150 frames.
LOG (gmm-acc-stats-ali[5.5.52-6d919]:main():gmm-acc-stats-ali.cc:105) Processed 6200 utterances; for utterance s03m3ksgbc01-20150804-KoreandestroyeropsSNR10-cps03068 avg. like is -44.5409 over 144 frames.
LOG (gmm-acc-stats-ali[5.5.52-6d919]:main():gmm-acc-stats-ali.cc:105) Processed 6250 utterances; for utterance s03m3ksgbc01-20150804-KoreandestroyeropsSNR10-cps03118 avg. like is -45.7661 over 100 frames.
LOG (gmm-acc-stats-ali[5.5.52-6d919]:main():gmm-acc-stats-ali.cc:105) Processed 6300 utterances; for utterance s03m3ksgbc01-20150804-KoreandestroyeropsSNR10-cps03168 avg. like is -46.7049 over 175 frames.
LOG (gmm-acc-stats-ali[5.5.52-6d919]:main():gmm-acc-stats-ali.cc:105) Processed 6350 utterances; for utterance s03m3ksgbc01-20150804-KoreandestroyeropsSNR10-cps03218 avg. like is -42.5893 over 129 frames.
LOG (gmm-acc-stats-ali[5.5.52-6d919]:main():gmm-acc-stats-ali.cc:105) Processed 6400 utterances; for utterance s03m3ksgbc01-20150804-KoreandestroyeropsSNR10-cps03268 avg. like is -43.7193 over 144 frames.
LOG (gmm-acc-stats-ali[5.5.52-6d919]:main():gmm-acc-stats-ali.cc:105) Processed 6450 utterances; for utterance s03m3ksgbc01-20150804-KoreandestroyeropsSNR10-cps03319 avg. like is -44.0477 over 158 frames.
LOG (gmm-acc-stats-ali[5.5.52-6d919]:main():gmm-acc-stats-ali.cc:105) Processed 6500 utterances; for utterance s03m3ksgbc01-20150804-KoreandestroyeropsSNR10-cps03369 avg. like is -42.6472 over 133 frames.
LOG (gmm-acc-stats-ali[5.5.52-6d919]:main():gmm-acc-stats-ali.cc:105) Processed 6550 utterances; for utterance s03m3ksiwd01-20150804-Korean-cps03002 avg. like is -47.6411 over 154 frames.
LOG (gmm-acc-stats-ali[5.5.52-6d919]:main():gmm-acc-stats-ali.cc:105) Processed 6600 utterances; for utterance s03m3ksiwd01-20150804-Korean-cps03052 avg. like is -43.8947 over 170 frames.
LOG (gmm-acc-stats-ali[5.5.52-6d919]:main():gmm-acc-stats-ali.cc:105) Processed 6650 utterances; for utterance s03m3ksiwd01-20150804-Korean-cps03102 avg. like is -43.5652 over 151 frames.
LOG (gmm-acc-stats-ali[5.5.52-6d919]:main():gmm-acc-stats-ali.cc:105) Processed 6700 utterances; for utterance s03m3ksiwd01-20150804-Korean-cps03154 avg. like is -42.5299 over 160 frames.
LOG (gmm-acc-stats-ali[5.5.52-6d919]:main():gmm-acc-stats-ali.cc:105) Processed 6750 utterances; for utterance s03m3ksiwd01-20150804-Korean-cps03208 avg. like is -46.3562 over 189 frames.
LOG (gmm-acc-stats-ali[5.5.52-6d919]:main():gmm-acc-stats-ali.cc:105) Processed 6800 utterances; for utterance s03m3ksiwd01-20150804-Korean-cps03262 avg. like is -44.8826 over 143 frames.
LOG (gmm-acc-stats-ali[5.5.52-6d919]:main():gmm-acc-stats-ali.cc:105) Processed 6850 utterances; for utterance s03m3ksiwd01-20150804-Korean-cps03313 avg. like is -45.3926 over 158 frames.
LOG (gmm-acc-stats-ali[5.5.52-6d919]:main():gmm-acc-stats-ali.cc:105) Processed 6900 utterances; for utterance s03m3ksiwd01-20150804-Korean-cps03365 avg. like is -50.0005 over 160 frames.
LOG (gmm-acc-stats-ali[5.5.52-6d919]:main():gmm-acc-stats-ali.cc:105) Processed 6950 utterances; for utterance s03m3ksiwd01-20150804-Korean-cps03417 avg. like is -49.3039 over 146 frames.
LOG (gmm-acc-stats-ali[5.5.52-6d919]:main():gmm-acc-stats-ali.cc:105) Processed 7000 utterances; for utterance s03m3ksiwd01-20150804-KoreanleopardSNR10-cps03049 avg. like is -46.3413 over 137 frames.
LOG (gmm-acc-stats-ali[5.5.52-6d919]:main():gmm-acc-stats-ali.cc:105) Processed 7050 utterances; for utterance s03m3ksiwd01-20150804-KoreanleopardSNR10-cps03099 avg. like is -44.0939 over 171 frames.
LOG (gmm-acc-stats-ali[5.5.52-6d919]:main():gmm-acc-stats-ali.cc:105) Processed 7100 utterances; for utterance s03m3ksiwd01-20150804-KoreanleopardSNR10-cps03151 avg. like is -42.0785 over 155 frames.
LOG (gmm-acc-stats-ali[5.5.52-6d919]:main():gmm-acc-stats-ali.cc:105) Processed 7150 utterances; for utterance s03m3ksiwd01-20150804-KoreanleopardSNR10-cps03205 avg. like is -42.2203 over 153 frames.
LOG (gmm-acc-stats-ali[5.5.52-6d919]:main():gmm-acc-stats-ali.cc:105) Processed 7200 utterances; for utterance s03m3ksiwd01-20150804-KoreanleopardSNR10-cps03258 avg. like is -47.4703 over 171 frames.
LOG (gmm-acc-stats-ali[5.5.52-6d919]:main():gmm-acc-stats-ali.cc:105) Processed 7250 utterances; for utterance s03m3ksiwd01-20150804-KoreanleopardSNR10-cps03310 avg. like is -45.8392 over 145 frames.
LOG (gmm-acc-stats-ali[5.5.52-6d919]:main():gmm-acc-stats-ali.cc:105) Processed 7300 utterances; for utterance s03m3ksiwd01-20150804-KoreanleopardSNR10-cps03362 avg. like is -42.9574 over 153 frames.
LOG (gmm-acc-stats-ali[5.5.52-6d919]:main():gmm-acc-stats-ali.cc:105) Processed 7350 utterances; for utterance s03m3ksiwd01-20150804-KoreanleopardSNR10-cps03414 avg. like is -45.126 over 181 frames.
LOG (gmm-acc-stats-ali[5.5.52-6d919]:main():gmm-acc-stats-ali.cc:105) Processed 7400 utterances; for utterance s03m3ksjmh02-20150804-Korean-cps03047 avg. like is -49.838 over 174 frames.
LOG (gmm-acc-stats-ali[5.5.52-6d919]:main():gmm-acc-stats-ali.cc:105) Processed 7450 utterances; for utterance s03m3ksjmh02-20150804-Korean-cps03097 avg. like is -46.6396 over 152 frames.
LOG (gmm-acc-stats-ali[5.5.52-6d919]:main():gmm-acc-stats-ali.cc:105) Processed 7500 utterances; for utterance s03m3ksjmh02-20150804-Korean-cps03147 avg. like is -47.8335 over 122 frames.
LOG (gmm-acc-stats-ali[5.5.52-6d919]:main():gmm-acc-stats-ali.cc:105) Processed 7550 utterances; for utterance s03m3ksjmh02-20150804-Korean-cps03197 avg. like is -44.0257 over 179 frames.
LOG (gmm-acc-stats-ali[5.5.52-6d919]:main():gmm-acc-stats-ali.cc:105) Processed 7600 utterances; for utterance s03m3ksjmh02-20150804-Korean-cps03247 avg. like is -44.4263 over 145 frames.
LOG (gmm-acc-stats-ali[5.5.52-6d919]:main():gmm-acc-stats-ali.cc:105) Processed 7650 utterances; for utterance s03m3ksjmh02-20150804-Korean-cps03299 avg. like is -42.1276 over 147 frames.
LOG (gmm-acc-stats-ali[5.5.52-6d919]:main():gmm-acc-stats-ali.cc:105) Processed 7700 utterances; for utterance s03m3ksjmh02-20150804-Korean-cps03350 avg. like is -49.0136 over 174 frames.
LOG (gmm-acc-stats-ali[5.5.52-6d919]:main():gmm-acc-stats-ali.cc:105) Processed 7750 utterances; for utterance s03m3ksjmh02-20150804-Korean-cps03400 avg. like is -45.359 over 137 frames.
LOG (gmm-acc-stats-ali[5.5.52-6d919]:main():gmm-acc-stats-ali.cc:105) Processed 7800 utterances; for utterance s03m3ksjmh02-20150804-Koreanbabble1SNR10-cps03034 avg. like is -42.7603 over 155 frames.
LOG (gmm-acc-stats-ali[5.5.52-6d919]:main():gmm-acc-stats-ali.cc:105) Processed 7850 utterances; for utterance s03m3ksjmh02-20150804-Koreanbabble1SNR10-cps03084 avg. like is -43.0092 over 162 frames.
LOG (gmm-acc-stats-ali[5.5.52-6d919]:main():gmm-acc-stats-ali.cc:105) Processed 7900 utterances; for utterance s03m3ksjmh02-20150804-Koreanbabble1SNR10-cps03134 avg. like is -45.9125 over 127 frames.
LOG (gmm-acc-stats-ali[5.5.52-6d919]:main():gmm-acc-stats-ali.cc:105) Processed 7950 utterances; for utterance s03m3ksjmh02-20150804-Koreanbabble1SNR10-cps03184 avg. like is -44.9223 over 152 frames.
LOG (gmm-acc-stats-ali[5.5.52-6d919]:main():gmm-acc-stats-ali.cc:105) Processed 8000 utterances; for utterance s03m3ksjmh02-20150804-Koreanbabble1SNR10-cps03234 avg. like is -45.5567 over 147 frames.
LOG (gmm-acc-stats-ali[5.5.52-6d919]:main():gmm-acc-stats-ali.cc:105) Processed 8050 utterances; for utterance s03m3ksjmh02-20150804-Koreanbabble1SNR10-cps03286 avg. like is -50.2565 over 137 frames.
LOG (gmm-acc-stats-ali[5.5.52-6d919]:main():gmm-acc-stats-ali.cc:105) Processed 8100 utterances; for utterance s03m3ksjmh02-20150804-Koreanbabble1SNR10-cps03337 avg. like is -45.3904 over 152 frames.
LOG (gmm-acc-stats-ali[5.5.52-6d919]:main():gmm-acc-stats-ali.cc:105) Processed 8150 utterances; for utterance s03m3ksjmh02-20150804-Koreanbabble1SNR10-cps03387 avg. like is -46.6983 over 150 frames.
LOG (gmm-acc-stats-ali[5.5.52-6d919]:main():gmm-acc-stats-ali.cc:105) Processed 8200 utterances; for utterance s03m3ssbcu02-20150804-Korean-cps03020 avg. like is -47.7421 over 129 frames.
LOG (gmm-acc-stats-ali[5.5.52-6d919]:main():gmm-acc-stats-ali.cc:105) Processed 8250 utterances; for utterance s03m3ssbcu02-20150804-Korean-cps03070 avg. like is -48.5861 over 128 frames.
LOG (gmm-acc-stats-ali[5.5.52-6d919]:main():gmm-acc-stats-ali.cc:105) Processed 8300 utterances; for utterance s03m3ssbcu02-20150804-Korean-cps03120 avg. like is -51.8738 over 121 frames.
LOG (gmm-acc-stats-ali[5.5.52-6d919]:main():gmm-acc-stats-ali.cc:105) Processed 8350 utterances; for utterance s03m3ssbcu02-20150804-Korean-cps03171 avg. like is -45.9491 over 165 frames.
LOG (gmm-acc-stats-ali[5.5.52-6d919]:main():gmm-acc-stats-ali.cc:105) Processed 8400 utterances; for utterance s03m3ssbcu02-20150804-Korean-cps03223 avg. like is -53.7191 over 136 frames.
LOG (gmm-acc-stats-ali[5.5.52-6d919]:main():gmm-acc-stats-ali.cc:105) Processed 8450 utterances; for utterance s03m3ssbcu02-20150804-Korean-cps03273 avg. like is -44.673 over 136 frames.
LOG (gmm-acc-stats-ali[5.5.52-6d919]:main():gmm-acc-stats-ali.cc:105) Processed 8500 utterances; for utterance s03m3ssbcu02-20150804-Korean-cps03323 avg. like is -48.2749 over 137 frames.
LOG (gmm-acc-stats-ali[5.5.52-6d919]:main():gmm-acc-stats-ali.cc:105) Processed 8550 utterances; for utterance s03m3ssbcu02-20150804-Korean-cps03373 avg. like is -52.0349 over 170 frames.
LOG (gmm-acc-stats-ali[5.5.52-6d919]:main():gmm-acc-stats-ali.cc:105) Processed 8600 utterances; for utterance s03m3ssbcu02-20150804-KoreanwhiteSNR10-cps03006 avg. like is -42.0672 over 165 frames.
LOG (gmm-acc-stats-ali[5.5.52-6d919]:main():gmm-acc-stats-ali.cc:105) Processed 8650 utterances; for utterance s03m3ssbcu02-20150804-KoreanwhiteSNR10-cps03056 avg. like is -38.6016 over 139 frames.
LOG (gmm-acc-stats-ali[5.5.52-6d919]:main():gmm-acc-stats-ali.cc:105) Processed 8700 utterances; for utterance s03m3ssbcu02-20150804-KoreanwhiteSNR10-cps03106 avg. like is -38.9431 over 121 frames.
LOG (gmm-acc-stats-ali[5.5.52-6d919]:main():gmm-acc-stats-ali.cc:105) Processed 8750 utterances; for utterance s03m3ssbcu02-20150804-KoreanwhiteSNR10-cps03156 avg. like is -38.4299 over 153 frames.
LOG (gmm-acc-stats-ali[5.5.52-6d919]:main():gmm-acc-stats-ali.cc:105) Processed 8800 utterances; for utterance s03m3ssbcu02-20150804-KoreanwhiteSNR10-cps03207 avg. like is -37.6488 over 153 frames.
LOG (gmm-acc-stats-ali[5.5.52-6d919]:main():gmm-acc-stats-ali.cc:105) Processed 8850 utterances; for utterance s03m3ssbcu02-20150804-KoreanwhiteSNR10-cps03259 avg. like is -36.6373 over 146 frames.
LOG (gmm-acc-stats-ali[5.5.52-6d919]:main():gmm-acc-stats-ali.cc:105) Processed 8900 utterances; for utterance s03m3ssbcu02-20150804-KoreanwhiteSNR10-cps03309 avg. like is -39.2882 over 154 frames.
LOG (gmm-acc-stats-ali[5.5.52-6d919]:main():gmm-acc-stats-ali.cc:105) Processed 8950 utterances; for utterance s03m3ssbcu02-20150804-KoreanwhiteSNR10-cps03359 avg. like is -38.5223 over 157 frames.
LOG (gmm-acc-stats-ali[5.5.52-6d919]:main():gmm-acc-stats-ali.cc:105) Processed 9000 utterances; for utterance s03m3ssbcu02-20150804-KoreanwhiteSNR10-cps03410 avg. like is -36.4417 over 137 frames.
LOG (gmm-acc-stats-ali[5.5.52-6d919]:main():gmm-acc-stats-ali.cc:105) Processed 9050 utterances; for utterance s03m3ssgsz01-20150804-Korean-cps03044 avg. like is -48.3812 over 149 frames.
LOG (gmm-acc-stats-ali[5.5.52-6d919]:main():gmm-acc-stats-ali.cc:105) Processed 9100 utterances; for utterance s03m3ssgsz01-20150804-Korean-cps03094 avg. like is -45.8397 over 149 frames.
LOG (gmm-acc-stats-ali[5.5.52-6d919]:main():gmm-acc-stats-ali.cc:105) Processed 9150 utterances; for utterance s03m3ssgsz01-20150804-Korean-cps03144 avg. like is -44.4571 over 175 frames.
LOG (gmm-acc-stats-ali[5.5.52-6d919]:main():gmm-acc-stats-ali.cc:105) Processed 9200 utterances; for utterance s03m3ssgsz01-20150804-Korean-cps03195 avg. like is -53.1687 over 161 frames.
LOG (gmm-acc-stats-ali[5.5.52-6d919]:main():gmm-acc-stats-ali.cc:105) Processed 9250 utterances; for utterance s03m3ssgsz01-20150804-Korean-cps03245 avg. like is -50.255 over 149 frames.
LOG (gmm-acc-stats-ali[5.5.52-6d919]:main():gmm-acc-stats-ali.cc:105) Processed 9300 utterances; for utterance s03m3ssgsz01-20150804-Korean-cps03296 avg. like is -47.0756 over 155 frames.
LOG (gmm-acc-stats-ali[5.5.52-6d919]:main():gmm-acc-stats-ali.cc:105) Processed 9350 utterances; for utterance s03m3ssgsz01-20150804-Korean-cps03346 avg. like is -48.0073 over 129 frames.
LOG (gmm-acc-stats-ali[5.5.52-6d919]:main():gmm-acc-stats-ali.cc:105) Processed 9400 utterances; for utterance s03m3ssgsz01-20150804-Korean-cps03396 avg. like is -50.8515 over 129 frames.
LOG (gmm-acc-stats-ali[5.5.52-6d919]:main():gmm-acc-stats-ali.cc:105) Processed 9450 utterances; for utterance s03m3ssngw01-20150804-Korean-cps03033 avg. like is -53.4573 over 149 frames.
LOG (gmm-acc-stats-ali[5.5.52-6d919]:main():gmm-acc-stats-ali.cc:105) Processed 9500 utterances; for utterance s03m3ssngw01-20150804-Korean-cps03084 avg. like is -43.2935 over 151 frames.
LOG (gmm-acc-stats-ali[5.5.52-6d919]:main():gmm-acc-stats-ali.cc:105) Processed 9550 utterances; for utterance s03m3ssngw01-20150804-Korean-cps03143 avg. like is -46.4666 over 157 frames.
LOG (gmm-acc-stats-ali[5.5.52-6d919]:main():gmm-acc-stats-ali.cc:105) Processed 9600 utterances; for utterance s03m3ssngw01-20150804-Korean-cps03197 avg. like is -45.2683 over 159 frames.
LOG (gmm-acc-stats-ali[5.5.52-6d919]:main():gmm-acc-stats-ali.cc:105) Processed 9650 utterances; for utterance s03m3ssngw01-20150804-Korean-cps03250 avg. like is -45.2413 over 144 frames.
LOG (gmm-acc-stats-ali[5.5.52-6d919]:main():gmm-acc-stats-ali.cc:105) Processed 9700 utterances; for utterance s03m3ssngw01-20150804-Korean-cps03306 avg. like is -48.4315 over 126 frames.
LOG (gmm-acc-stats-ali[5.5.52-6d919]:main():gmm-acc-stats-ali.cc:105) Processed 9750 utterances; for utterance s03m3ssngw01-20150804-Korean-cps03358 avg. like is -48.5004 over 133 frames.
LOG (gmm-acc-stats-ali[5.5.52-6d919]:main():gmm-acc-stats-ali.cc:105) Processed 9800 utterances; for utterance s03m3ssngw01-20150804-Korean-cps03413 avg. like is -45.9427 over 144 frames.
LOG (gmm-acc-stats-ali[5.5.52-6d919]:main():gmm-acc-stats-ali.cc:105) Processed 9850 utterances; for utterance s03m3ssngw01-20150804-Koreanleopard1SNR10-cps03049 avg. like is -45.8963 over 135 frames.
LOG (gmm-acc-stats-ali[5.5.52-6d919]:main():gmm-acc-stats-ali.cc:105) Processed 9900 utterances; for utterance s03m3ssngw01-20150804-Koreanleopard1SNR10-cps03105 avg. like is -41.3483 over 150 frames.
LOG (gmm-acc-stats-ali[5.5.52-6d919]:main():gmm-acc-stats-ali.cc:105) Processed 9950 utterances; for utterance s03m3ssngw01-20150804-Koreanleopard1SNR10-cps03160 avg. like is -45.5851 over 151 frames.
LOG (gmm-acc-stats-ali[5.5.52-6d919]:main():gmm-acc-stats-ali.cc:105) Processed 10000 utterances; for utterance s03m3ssngw01-20150804-Koreanleopard1SNR10-cps03213 avg. like is -44.6063 over 166 frames.
LOG (gmm-acc-stats-ali[5.5.52-6d919]:main():gmm-acc-stats-ali.cc:105) Processed 10050 utterances; for utterance s03m3ssngw01-20150804-Koreanleopard1SNR10-cps03267 avg. like is -45.9169 over 150 frames.
LOG (gmm-acc-stats-ali[5.5.52-6d919]:main():gmm-acc-stats-ali.cc:105) Processed 10100 utterances; for utterance s03m3ssngw01-20150804-Koreanleopard1SNR10-cps03322 avg. like is -42.0727 over 153 frames.
LOG (gmm-acc-stats-ali[5.5.52-6d919]:main():gmm-acc-stats-ali.cc:105) Processed 10150 utterances; for utterance s03m3ssngw01-20150804-Koreanleopard1SNR10-cps03376 avg. like is -41.6961 over 154 frames.
LOG (gmm-acc-stats-ali[5.5.52-6d919]:main():gmm-acc-stats-ali.cc:105) Processed 10200 utterances; for utterance s03m4ksoyj01-20150804-Korean-cps03011 avg. like is -52.1857 over 221 frames.
LOG (gmm-acc-stats-ali[5.5.52-6d919]:main():gmm-acc-stats-ali.cc:105) Processed 10250 utterances; for utterance s03m4ksoyj01-20150804-Korean-cps03061 avg. like is -53.3831 over 217 frames.
LOG (gmm-acc-stats-ali[5.5.52-6d919]:main():gmm-acc-stats-ali.cc:105) Processed 10300 utterances; for utterance s03m4ksoyj01-20150804-Korean-cps03113 avg. like is -53.5101 over 150 frames.
LOG (gmm-acc-stats-ali[5.5.52-6d919]:main():gmm-acc-stats-ali.cc:105) Processed 10350 utterances; for utterance s03m4ksoyj01-20150804-Korean-cps03165 avg. like is -55.6279 over 124 frames.
LOG (gmm-acc-stats-ali[5.5.52-6d919]:main():gmm-acc-stats-ali.cc:105) Processed 10400 utterances; for utterance s03m4ksoyj01-20150804-Korean-cps03216 avg. like is -54.6798 over 188 frames.
LOG (gmm-acc-stats-ali[5.5.52-6d919]:main():gmm-acc-stats-ali.cc:105) Processed 10450 utterances; for utterance s03m4ksoyj01-20150804-Korean-cps03267 avg. like is -55.5587 over 181 frames.
LOG (gmm-acc-stats-ali[5.5.52-6d919]:main():gmm-acc-stats-ali.cc:105) Processed 10500 utterances; for utterance s03m4ksoyj01-20150804-Korean-cps03317 avg. like is -55.2711 over 180 frames.
LOG (gmm-acc-stats-ali[5.5.52-6d919]:main():gmm-acc-stats-ali.cc:105) Processed 10550 utterances; for utterance s03m4ksoyj01-20150804-Korean-cps03368 avg. like is -52.4461 over 170 frames.
LOG (gmm-acc-stats-ali[5.5.52-6d919]:main():gmm-acc-stats-ali.cc:105) Processed 10600 utterances; for utterance s03m4ksoyj01-20150804-KoreancarSNR10-cps03001 avg. like is -42.1392 over 210 frames.
LOG (gmm-acc-stats-ali[5.5.52-6d919]:main():gmm-acc-stats-ali.cc:105) Processed 10650 utterances; for utterance s03m4ksoyj01-20150804-KoreancarSNR10-cps03051 avg. like is -40.1592 over 193 frames.
LOG (gmm-acc-stats-ali[5.5.52-6d919]:main():gmm-acc-stats-ali.cc:105) Processed 10700 utterances; for utterance s03m4ksoyj01-20150804-KoreancarSNR10-cps03102 avg. like is -38.7359 over 165 frames.
LOG (gmm-acc-stats-ali[5.5.52-6d919]:main():gmm-acc-stats-ali.cc:105) Processed 10750 utterances; for utterance s03m4ksoyj01-20150804-KoreancarSNR10-cps03155 avg. like is -37.9125 over 171 frames.
LOG (gmm-acc-stats-ali[5.5.52-6d919]:main():gmm-acc-stats-ali.cc:105) Processed 10800 utterances; for utterance s03m4ksoyj01-20150804-KoreancarSNR10-cps03205 avg. like is -39.7709 over 181 frames.
LOG (gmm-acc-stats-ali[5.5.52-6d919]:main():gmm-acc-stats-ali.cc:105) Processed 10850 utterances; for utterance s03m4ksoyj01-20150804-KoreancarSNR10-cps03257 avg. like is -39.9285 over 176 frames.
LOG (gmm-acc-stats-ali[5.5.52-6d919]:main():gmm-acc-stats-ali.cc:105) Processed 10900 utterances; for utterance s03m4ksoyj01-20150804-KoreancarSNR10-cps03307 avg. like is -39.9546 over 185 frames.
LOG (gmm-acc-stats-ali[5.5.52-6d919]:main():gmm-acc-stats-ali.cc:105) Processed 10950 utterances; for utterance s03m4ksoyj01-20150804-KoreancarSNR10-cps03358 avg. like is -42.9348 over 166 frames.
LOG (gmm-acc-stats-ali[5.5.52-6d919]:main():gmm-acc-stats-ali.cc:105) Processed 11000 utterances; for utterance s03m4ksoyj01-20150804-KoreancarSNR10-cps03409 avg. like is -40.0538 over 178 frames.
LOG (gmm-acc-stats-ali[5.5.52-6d919]:main():gmm-acc-stats-ali.cc:105) Processed 11050 utterances; for utterance s03m4ssmsj01-20150804-Korean-cps03041 avg. like is -48.6879 over 149 frames.
LOG (gmm-acc-stats-ali[5.5.52-6d919]:main():gmm-acc-stats-ali.cc:105) Processed 11100 utterances; for utterance s03m4ssmsj01-20150804-Korean-cps03091 avg. like is -46.0751 over 153 frames.
LOG (gmm-acc-stats-ali[5.5.52-6d919]:main():gmm-acc-stats-ali.cc:105) Processed 11150 utterances; for utterance s03m4ssmsj01-20150804-Korean-cps03141 avg. like is -48.4813 over 132 frames.
LOG (gmm-acc-stats-ali[5.5.52-6d919]:main():gmm-acc-stats-ali.cc:105) Processed 11200 utterances; for utterance s03m4ssmsj01-20150804-Korean-cps03194 avg. like is -45.66 over 120 frames.
LOG (gmm-acc-stats-ali[5.5.52-6d919]:main():gmm-acc-stats-ali.cc:105) Processed 11250 utterances; for utterance s03m4ssmsj01-20150804-Korean-cps03246 avg. like is -44.1974 over 133 frames.
LOG (gmm-acc-stats-ali[5.5.52-6d919]:main():gmm-acc-stats-ali.cc:105) Processed 11300 utterances; for utterance s03m4ssmsj01-20150804-Korean-cps03297 avg. like is -46.9553 over 139 frames.
LOG (gmm-acc-stats-ali[5.5.52-6d919]:main():gmm-acc-stats-ali.cc:105) Processed 11350 utterances; for utterance s03m4ssmsj01-20150804-Korean-cps03351 avg. like is -48.1681 over 162 frames.
LOG (gmm-acc-stats-ali[5.5.52-6d919]:main():gmm-acc-stats-ali.cc:105) Processed 11400 utterances; for utterance s03m4ssmsj01-20150804-Korean-cps03401 avg. like is -46.1438 over 146 frames.
LOG (gmm-acc-stats-ali[5.5.52-6d919]:main():gmm-acc-stats-ali.cc:105) Processed 11450 utterances; for utterance s03m4ssmsj01-20150804-KoreanbabbleSNR10-cps03033 avg. like is -48.7398 over 158 frames.
LOG (gmm-acc-stats-ali[5.5.52-6d919]:main():gmm-acc-stats-ali.cc:105) Processed 11500 utterances; for utterance s03m4ssmsj01-20150804-KoreanbabbleSNR10-cps03083 avg. like is -49.0924 over 159 frames.
LOG (gmm-acc-stats-ali[5.5.52-6d919]:main():gmm-acc-stats-ali.cc:105) Processed 11550 utterances; for utterance s03m4ssmsj01-20150804-KoreanbabbleSNR10-cps03133 avg. like is -46.2416 over 130 frames.
LOG (gmm-acc-stats-ali[5.5.52-6d919]:main():gmm-acc-stats-ali.cc:105) Processed 11600 utterances; for utterance s03m4ssmsj01-20150804-KoreanbabbleSNR10-cps03186 avg. like is -49.9695 over 140 frames.
LOG (gmm-acc-stats-ali[5.5.52-6d919]:main():gmm-acc-stats-ali.cc:105) Processed 11650 utterances; for utterance s03m4ssmsj01-20150804-KoreanbabbleSNR10-cps03237 avg. like is -46.9553 over 147 frames.
LOG (gmm-acc-stats-ali[5.5.52-6d919]:main():gmm-acc-stats-ali.cc:105) Processed 11700 utterances; for utterance s03m4ssmsj01-20150804-KoreanbabbleSNR10-cps03289 avg. like is -49.0708 over 159 frames.
LOG (gmm-acc-stats-ali[5.5.52-6d919]:main():gmm-acc-stats-ali.cc:105) Processed 11750 utterances; for utterance s03m4ssmsj01-20150804-KoreanbabbleSNR10-cps03342 avg. like is -48.4671 over 138 frames.
LOG (gmm-acc-stats-ali[5.5.52-6d919]:main():gmm-acc-stats-ali.cc:105) Processed 11800 utterances; for utterance s03m4ssmsj01-20150804-KoreanbabbleSNR10-cps03393 avg. like is -47.48 over 152 frames.
LOG (gmm-acc-stats-ali[5.5.52-6d919]:main():gmm-acc-stats-ali.cc:105) Processed 11850 utterances; for utterance s03mg3ybh00-20150803-Korean-s03a025 avg. like is -52.0951 over 260 frames.
LOG (gmm-acc-stats-ali[5.5.52-6d919]:main():gmm-acc-stats-ali.cc:105) Processed 11900 utterances; for utterance s03mg3ybh00-20150803-Korean-s03a076 avg. like is -46.5343 over 225 frames.
LOG (gmm-acc-stats-ali[5.5.52-6d919]:main():gmm-acc-stats-ali.cc:105) Processed 11950 utterances; for utterance s03mg3ybh00-20150803-Korean-s03a127 avg. like is -50.17 over 211 frames.
LOG (gmm-acc-stats-ali[5.5.52-6d919]:main():gmm-acc-stats-ali.cc:105) Processed 12000 utterances; for utterance s03mg3ybh00-20150803-KoreanhfchannelSNR10-s03a036 avg. like is -41.807 over 355 frames.
LOG (gmm-acc-stats-ali[5.5.52-6d919]:main():gmm-acc-stats-ali.cc:105) Processed 12050 utterances; for utterance s03mg3ybh00-20150803-KoreanhfchannelSNR10-s03a087 avg. like is -41.5786 over 185 frames.
LOG (gmm-acc-stats-ali[5.5.52-6d919]:main():gmm-acc-stats-ali.cc:105) Processed 12100 utterances; for utterance s03mg3ybh00-20150803-KoreanhfchannelSNR10-s03a138 avg. like is -42.5328 over 314 frames.
LOG (gmm-acc-stats-ali[5.5.52-6d919]:main():gmm-acc-stats-ali.cc:105) Processed 12150 utterances; for utterance s03mj3hsh00-20150803-Korean-s03a047 avg. like is -56.5347 over 306 frames.
LOG (gmm-acc-stats-ali[5.5.52-6d919]:main():gmm-acc-stats-ali.cc:105) Processed 12200 utterances; for utterance s03mj3hsh00-20150803-Korean-s03a097 avg. like is -48.9395 over 197 frames.
LOG (gmm-acc-stats-ali[5.5.52-6d919]:main():gmm-acc-stats-ali.cc:105) Processed 12250 utterances; for utterance s03mj3hsh00-20150803-KoreandestroyeropsSNR10-s03a006 avg. like is -43.8295 over 248 frames.
LOG (gmm-acc-stats-ali[5.5.52-6d919]:main():gmm-acc-stats-ali.cc:105) Processed 12300 utterances; for utterance s03mj3hsh00-20150803-KoreandestroyeropsSNR10-s03a056 avg. like is -44.9445 over 303 frames.
LOG (gmm-acc-stats-ali[5.5.52-6d919]:main():gmm-acc-stats-ali.cc:105) Processed 12350 utterances; for utterance s03mj3hsh00-20150803-KoreandestroyeropsSNR10-s03a106 avg. like is -45.2134 over 250 frames.
LOG (gmm-acc-stats-ali[5.5.52-6d919]:main():gmm-acc-stats-ali.cc:105) Processed 12400 utterances; for utterance s03mj4kyc01-20150803-Korean-s03a015 avg. like is -53.2553 over 251 frames.
LOG (gmm-acc-stats-ali[5.5.52-6d919]:main():gmm-acc-stats-ali.cc:105) Processed 12450 utterances; for utterance s03mj4kyc01-20150803-Korean-s03a067 avg. like is -52.7206 over 332 frames.
LOG (gmm-acc-stats-ali[5.5.52-6d919]:main():gmm-acc-stats-ali.cc:105) Processed 12500 utterances; for utterance s03mj4kyc01-20150803-Korean-s03a118 avg. like is -49.2887 over 225 frames.
LOG (gmm-acc-stats-ali[5.5.52-6d919]:main():gmm-acc-stats-ali.cc:105) Processed 12550 utterances; for utterance s03mj4kyc01-20150803-KoreanhfchannelSNR10-s03a029 avg. like is -44.6961 over 340 frames.
LOG (gmm-acc-stats-ali[5.5.52-6d919]:main():gmm-acc-stats-ali.cc:105) Processed 12600 utterances; for utterance s03mj4kyc01-20150803-KoreanhfchannelSNR10-s03a080 avg. like is -41.1069 over 229 frames.
LOG (gmm-acc-stats-ali[5.5.52-6d919]:main():gmm-acc-stats-ali.cc:105) Processed 12650 utterances; for utterance s03mj4kyc01-20150803-KoreanhfchannelSNR10-s03a132 avg. like is -45.0717 over 347 frames.
LOG (gmm-acc-stats-ali[5.5.52-6d919]:main():gmm-acc-stats-ali.cc:105) Processed 12700 utterances; for utterance s03ms2mkk00-20150803-Korean-s03a041 avg. like is -48.2638 over 223 frames.
LOG (gmm-acc-stats-ali[5.5.52-6d919]:main():gmm-acc-stats-ali.cc:105) Processed 12750 utterances; for utterance s03ms2mkk00-20150803-Korean-s03a091 avg. like is -47.1448 over 225 frames.
LOG (gmm-acc-stats-ali[5.5.52-6d919]:main():gmm-acc-stats-ali.cc:105) Processed 12800 utterances; for utterance s03ms2mkk00-20150803-Korean-s03a141 avg. like is -46.1702 over 141 frames.
LOG (gmm-acc-stats-ali[5.5.52-6d919]:main():gmm-acc-stats-ali.cc:105) Processed 12850 utterances; for utterance s03ms2mkk00-20150803-KoreanvolvoSNR10-s03a050 avg. like is -46.0693 over 189 frames.
LOG (gmm-acc-stats-ali[5.5.52-6d919]:main():gmm-acc-stats-ali.cc:105) Processed 12900 utterances; for utterance s03ms2mkk00-20150803-KoreanvolvoSNR10-s03a100 avg. like is -44.9231 over 153 frames.
LOG (gmm-acc-stats-ali[5.5.52-6d919]:main():gmm-acc-stats-ali.cc:105) Processed 12950 utterances; for utterance s03ms3psm00-20150803-Korean-s03a009 avg. like is -44.648 over 202 frames.
LOG (gmm-acc-stats-ali[5.5.52-6d919]:main():gmm-acc-stats-ali.cc:105) Processed 13000 utterances; for utterance s03ms3psm00-20150803-Korean-s03a059 avg. like is -48.2329 over 205 frames.
LOG (gmm-acc-stats-ali[5.5.52-6d919]:main():gmm-acc-stats-ali.cc:105) Processed 13050 utterances; for utterance s03ms3psm00-20150803-Korean-s03a109 avg. like is -45.5065 over 193 frames.
LOG (gmm-acc-stats-ali[5.5.52-6d919]:main():gmm-acc-stats-ali.cc:105) Processed 13100 utterances; for utterance s03ms3psm00-20150803-Koreanbabble2SNR10-s03a018 avg. like is -49.7242 over 262 frames.
LOG (gmm-acc-stats-ali[5.5.52-6d919]:main():gmm-acc-stats-ali.cc:105) Processed 13150 utterances; for utterance s03ms3psm00-20150803-Koreanbabble2SNR10-s03a068 avg. like is -48.6131 over 207 frames.
LOG (gmm-acc-stats-ali[5.5.52-6d919]:main():gmm-acc-stats-ali.cc:105) Processed 13200 utterances; for utterance s03ms3psm00-20150803-Koreanbabble2SNR10-s03a118 avg. like is -46.167 over 198 frames.
LOG (gmm-acc-stats-ali[5.5.52-6d919]:main():gmm-acc-stats-ali.cc:105) Processed 13250 utterances; for utterance s03ms4ksj01-20150803-Korean-s03a027 avg. like is -52.9952 over 269 frames.
LOG (gmm-acc-stats-ali[5.5.52-6d919]:main():gmm-acc-stats-ali.cc:105) Processed 13300 utterances; for utterance s03ms4ksj01-20150803-Korean-s03a078 avg. like is -46.4521 over 189 frames.
LOG (gmm-acc-stats-ali[5.5.52-6d919]:main():gmm-acc-stats-ali.cc:105) Processed 13350 utterances; for utterance s03ms4ksj01-20150803-Korean-s03a128 avg. like is -44.3736 over 266 frames.
LOG (gmm-acc-stats-ali[5.5.52-6d919]:main():gmm-acc-stats-ali.cc:105) Processed 13400 utterances; for utterance s03ms4ksj01-20150803-Koreanbabble1SNR10-s03a037 avg. like is -45.7164 over 189 frames.
LOG (gmm-acc-stats-ali[5.5.52-6d919]:main():gmm-acc-stats-ali.cc:105) Processed 13450 utterances; for utterance s03ms4ksj01-20150803-Koreanbabble1SNR10-s03a088 avg. like is -47.5859 over 228 frames.
LOG (gmm-acc-stats-ali[5.5.52-6d919]:main():gmm-acc-stats-ali.cc:105) Processed 13500 utterances; for utterance s03ms4ksj01-20150803-Koreanbabble1SNR10-s03a138 avg. like is -48.2314 over 286 frames.
LOG (gmm-acc-stats-ali[5.5.52-6d919]:main():gmm-acc-stats-ali.cc:105) Processed 13550 utterances; for utterance s03ms4yso00-20150803-Korean-s03a048 avg. like is -49.8098 over 189 frames.
LOG (gmm-acc-stats-ali[5.5.52-6d919]:main():gmm-acc-stats-ali.cc:105) Processed 13600 utterances; for utterance s03ms4yso00-20150803-Korean-s03a100 avg. like is -51.9909 over 159 frames.
LOG (gmm-acc-stats-ali[5.5.52-6d919]:main():gmm-acc-stats-ali.cc:105) Processed 13650 utterances; for utterance s03ms4yso00-20150803-Koreanfactory1SNR10-s03a009 avg. like is -41.4172 over 241 frames.
LOG (gmm-acc-stats-ali[5.5.52-6d919]:main():gmm-acc-stats-ali.cc:105) Processed 13700 utterances; for utterance s03ms4yso00-20150803-Koreanfactory1SNR10-s03a060 avg. like is -41.5241 over 180 frames.
LOG (gmm-acc-stats-ali[5.5.52-6d919]:main():gmm-acc-stats-ali.cc:105) Processed 13750 utterances; for utterance s03ms4yso00-20150803-Koreanfactory1SNR10-s03a112 avg. like is -42.6512 over 176 frames.
LOG (gmm-acc-stats-ali[5.5.52-6d919]:main():gmm-acc-stats-ali.cc:105) Processed 13800 utterances; for utterance s200mjr3smh00-20150804-Korean-set200021 avg. like is -46.1214 over 808 frames.
LOG (gmm-acc-stats-ali[5.5.52-6d919]:main():gmm-acc-stats-ali.cc:105) Processed 13850 utterances; for utterance s200mjr3smh00-20150804-Korean-set200071 avg. like is -45.6578 over 638 frames.
LOG (gmm-acc-stats-ali[5.5.52-6d919]:main():gmm-acc-stats-ali.cc:105) Processed 13900 utterances; for utterance s200mjr3smh00-20150804-KoreanvolvoSNR10-set200014 avg. like is -44.1222 over 1058 frames.
LOG (gmm-acc-stats-ali[5.5.52-6d919]:main():gmm-acc-stats-ali.cc:105) Processed 13950 utterances; for utterance s200mjr3smh00-20150804-KoreanvolvoSNR10-set200064 avg. like is -45.3555 over 768 frames.
LOG (apply-cmvn[5.5.52-6d919]:main():apply-cmvn.cc:162) Applied cepstral mean normalization to 13993 utterances, errors on 0
LOG (transform-feats[5.5.52-6d919]:main():transform-feats.cc:158) Overall average [pseudo-]logdet is -92.5347 over 2.42851e+06 frames.
LOG (transform-feats[5.5.52-6d919]:main():transform-feats.cc:161) Applied transform to 13993 utterances; 0 had errors.
LOG (transform-feats[5.5.52-6d919]:main():transform-feats.cc:158) Overall average logdet is 3.24994 over 2.42851e+06 frames.
LOG (transform-feats[5.5.52-6d919]:main():transform-feats.cc:161) Applied transform to 13993 utterances; 0 had errors.
LOG (gmm-acc-stats-ali[5.5.52-6d919]:main():gmm-acc-stats-ali.cc:112) Done 13993 files, 0 with errors.
LOG (gmm-acc-stats-ali[5.5.52-6d919]:main():gmm-acc-stats-ali.cc:115) Overall avg like per frame (Gaussian only) = -46.6628 over 2428506 frames.
LOG (gmm-acc-stats-ali[5.5.52-6d919]:main():gmm-acc-stats-ali.cc:123) Written accs.
# Accounting: time=13 threads=1
# Ended (code 0) at Tue May  7 16:15:22 KST 2019, elapsed time 13 seconds
