# gmm-acc-stats-ali exp/tri3b/15.mdl "ark,s,cs:apply-cmvn  --utt2spk=ark:data/train/split8/5/utt2spk scp:data/train/split8/5/cmvn.scp scp:data/train/split8/5/feats.scp ark:- | splice-feats  ark:- ark:- | transform-feats exp/tri2b_ali/final.mat ark:- ark:- | transform-feats --utt2spk=ark:data/train/split8/5/utt2spk ark:exp/tri3b/trans.5 ark:- ark:- |" "ark,s,cs:gunzip -c exp/tri3b/ali.5.gz|" exp/tri3b/15.5.acc 
# Started at Tue May  7 16:15:09 KST 2019
#
gmm-acc-stats-ali exp/tri3b/15.mdl 'ark,s,cs:apply-cmvn  --utt2spk=ark:data/train/split8/5/utt2spk scp:data/train/split8/5/cmvn.scp scp:data/train/split8/5/feats.scp ark:- | splice-feats  ark:- ark:- | transform-feats exp/tri2b_ali/final.mat ark:- ark:- | transform-feats --utt2spk=ark:data/train/split8/5/utt2spk ark:exp/tri3b/trans.5 ark:- ark:- |' 'ark,s,cs:gunzip -c exp/tri3b/ali.5.gz|' exp/tri3b/15.5.acc 
splice-feats ark:- ark:- 
transform-feats exp/tri2b_ali/final.mat ark:- ark:- 
transform-feats --utt2spk=ark:data/train/split8/5/utt2spk ark:exp/tri3b/trans.5 ark:- ark:- 
apply-cmvn --utt2spk=ark:data/train/split8/5/utt2spk scp:data/train/split8/5/cmvn.scp scp:data/train/split8/5/feats.scp ark:- 
LOG (gmm-acc-stats-ali[5.5.52-6d919]:main():gmm-acc-stats-ali.cc:105) Processed 50 utterances; for utterance s01m3ssghz01-20150804-Korean-cps01050 avg. like is -48.2532 over 128 frames.
LOG (gmm-acc-stats-ali[5.5.52-6d919]:main():gmm-acc-stats-ali.cc:105) Processed 100 utterances; for utterance s01m3ssghz01-20150804-Korean-cps01101 avg. like is -47.6254 over 130 frames.
LOG (gmm-acc-stats-ali[5.5.52-6d919]:main():gmm-acc-stats-ali.cc:105) Processed 150 utterances; for utterance s01m3ssghz01-20150804-Korean-cps01151 avg. like is -51.1917 over 164 frames.
LOG (gmm-acc-stats-ali[5.5.52-6d919]:main():gmm-acc-stats-ali.cc:105) Processed 200 utterances; for utterance s01m3ssghz01-20150804-Korean-cps01201 avg. like is -45.153 over 120 frames.
LOG (gmm-acc-stats-ali[5.5.52-6d919]:main():gmm-acc-stats-ali.cc:105) Processed 250 utterances; for utterance s01m3ssghz01-20150804-Korean-cps01251 avg. like is -51.2823 over 110 frames.
LOG (gmm-acc-stats-ali[5.5.52-6d919]:main():gmm-acc-stats-ali.cc:105) Processed 300 utterances; for utterance s01m3ssghz01-20150804-Korean-cps01301 avg. like is -49.8605 over 136 frames.
LOG (gmm-acc-stats-ali[5.5.52-6d919]:main():gmm-acc-stats-ali.cc:105) Processed 350 utterances; for utterance s01m3ssghz01-20150804-Korean-cps01351 avg. like is -50.5642 over 129 frames.
LOG (gmm-acc-stats-ali[5.5.52-6d919]:main():gmm-acc-stats-ali.cc:105) Processed 400 utterances; for utterance s01m3ssghz01-20150804-Korean-cps01402 avg. like is -51.3239 over 115 frames.
LOG (gmm-acc-stats-ali[5.5.52-6d919]:main():gmm-acc-stats-ali.cc:105) Processed 450 utterances; for utterance s01m3ssghz01-20150804-Koreanfactory2SNR10-cps01035 avg. like is -45.7741 over 145 frames.
LOG (gmm-acc-stats-ali[5.5.52-6d919]:main():gmm-acc-stats-ali.cc:105) Processed 500 utterances; for utterance s01m3ssghz01-20150804-Koreanfactory2SNR10-cps01086 avg. like is -43.2665 over 132 frames.
LOG (gmm-acc-stats-ali[5.5.52-6d919]:main():gmm-acc-stats-ali.cc:105) Processed 550 utterances; for utterance s01m3ssghz01-20150804-Koreanfactory2SNR10-cps01136 avg. like is -43.0609 over 155 frames.
LOG (gmm-acc-stats-ali[5.5.52-6d919]:main():gmm-acc-stats-ali.cc:105) Processed 600 utterances; for utterance s01m3ssghz01-20150804-Koreanfactory2SNR10-cps01186 avg. like is -40.6325 over 122 frames.
LOG (gmm-acc-stats-ali[5.5.52-6d919]:main():gmm-acc-stats-ali.cc:105) Processed 650 utterances; for utterance s01m3ssghz01-20150804-Koreanfactory2SNR10-cps01236 avg. like is -43.9986 over 132 frames.
LOG (gmm-acc-stats-ali[5.5.52-6d919]:main():gmm-acc-stats-ali.cc:105) Processed 700 utterances; for utterance s01m3ssghz01-20150804-Koreanfactory2SNR10-cps01286 avg. like is -46.1244 over 158 frames.
LOG (gmm-acc-stats-ali[5.5.52-6d919]:main():gmm-acc-stats-ali.cc:105) Processed 750 utterances; for utterance s01m3ssghz01-20150804-Koreanfactory2SNR10-cps01336 avg. like is -45.4379 over 151 frames.
LOG (gmm-acc-stats-ali[5.5.52-6d919]:main():gmm-acc-stats-ali.cc:105) Processed 800 utterances; for utterance s01m3ssghz01-20150804-Koreanfactory2SNR10-cps01387 avg. like is -46.507 over 128 frames.
LOG (gmm-acc-stats-ali[5.5.52-6d919]:main():gmm-acc-stats-ali.cc:105) Processed 850 utterances; for utterance s01m3ssjsh02-20150804-Korean-cps01023 avg. like is -43.8674 over 178 frames.
LOG (gmm-acc-stats-ali[5.5.52-6d919]:main():gmm-acc-stats-ali.cc:105) Processed 900 utterances; for utterance s01m3ssjsh02-20150804-Korean-cps01081 avg. like is -47.2667 over 161 frames.
LOG (gmm-acc-stats-ali[5.5.52-6d919]:main():gmm-acc-stats-ali.cc:105) Processed 950 utterances; for utterance s01m3ssjsh02-20150804-Korean-cps01142 avg. like is -48.8074 over 176 frames.
LOG (gmm-acc-stats-ali[5.5.52-6d919]:main():gmm-acc-stats-ali.cc:105) Processed 1000 utterances; for utterance s01m3ssjsh02-20150804-Korean-cps01199 avg. like is -45.992 over 144 frames.
LOG (gmm-acc-stats-ali[5.5.52-6d919]:main():gmm-acc-stats-ali.cc:105) Processed 1050 utterances; for utterance s01m3ssjsh02-20150804-Korean-cps01253 avg. like is -49.3878 over 189 frames.
LOG (gmm-acc-stats-ali[5.5.52-6d919]:main():gmm-acc-stats-ali.cc:105) Processed 1100 utterances; for utterance s01m3ssjsh02-20150804-Korean-cps01303 avg. like is -46.6286 over 172 frames.
LOG (gmm-acc-stats-ali[5.5.52-6d919]:main():gmm-acc-stats-ali.cc:105) Processed 1150 utterances; for utterance s01m3ssjsh02-20150804-Korean-cps01354 avg. like is -50.8372 over 115 frames.
LOG (gmm-acc-stats-ali[5.5.52-6d919]:main():gmm-acc-stats-ali.cc:105) Processed 1200 utterances; for utterance s01m3ssjsh02-20150804-Korean-cps01404 avg. like is -46.8976 over 167 frames.
LOG (gmm-acc-stats-ali[5.5.52-6d919]:main():gmm-acc-stats-ali.cc:105) Processed 1250 utterances; for utterance s01m4sscyj01-20150804-Korean-cps01039 avg. like is -47.2202 over 136 frames.
LOG (gmm-acc-stats-ali[5.5.52-6d919]:main():gmm-acc-stats-ali.cc:105) Processed 1300 utterances; for utterance s01m4sscyj01-20150804-Korean-cps01089 avg. like is -50.634 over 138 frames.
LOG (gmm-acc-stats-ali[5.5.52-6d919]:main():gmm-acc-stats-ali.cc:105) Processed 1350 utterances; for utterance s01m4sscyj01-20150804-Korean-cps01139 avg. like is -48.6007 over 138 frames.
LOG (gmm-acc-stats-ali[5.5.52-6d919]:main():gmm-acc-stats-ali.cc:105) Processed 1400 utterances; for utterance s01m4sscyj01-20150804-Korean-cps01190 avg. like is -45.7223 over 125 frames.
LOG (gmm-acc-stats-ali[5.5.52-6d919]:main():gmm-acc-stats-ali.cc:105) Processed 1450 utterances; for utterance s01m4sscyj01-20150804-Korean-cps01241 avg. like is -48.6671 over 124 frames.
LOG (gmm-acc-stats-ali[5.5.52-6d919]:main():gmm-acc-stats-ali.cc:105) Processed 1500 utterances; for utterance s01m4sscyj01-20150804-Korean-cps01291 avg. like is -46.6918 over 139 frames.
LOG (gmm-acc-stats-ali[5.5.52-6d919]:main():gmm-acc-stats-ali.cc:105) Processed 1550 utterances; for utterance s01m4sscyj01-20150804-Korean-cps01341 avg. like is -50.4445 over 164 frames.
LOG (gmm-acc-stats-ali[5.5.52-6d919]:main():gmm-acc-stats-ali.cc:105) Processed 1600 utterances; for utterance s01m4sscyj01-20150804-Korean-cps01391 avg. like is -50.2884 over 148 frames.
LOG (gmm-acc-stats-ali[5.5.52-6d919]:main():gmm-acc-stats-ali.cc:105) Processed 1650 utterances; for utterance s01m4sscyj01-20150804-KoreanleopardSNR10-cps01024 avg. like is -46.2972 over 144 frames.
LOG (gmm-acc-stats-ali[5.5.52-6d919]:main():gmm-acc-stats-ali.cc:105) Processed 1700 utterances; for utterance s01m4sscyj01-20150804-KoreanleopardSNR10-cps01074 avg. like is -43.4763 over 123 frames.
LOG (gmm-acc-stats-ali[5.5.52-6d919]:main():gmm-acc-stats-ali.cc:105) Processed 1750 utterances; for utterance s01m4sscyj01-20150804-KoreanleopardSNR10-cps01124 avg. like is -43.8603 over 180 frames.
LOG (gmm-acc-stats-ali[5.5.52-6d919]:main():gmm-acc-stats-ali.cc:105) Processed 1800 utterances; for utterance s01m4sscyj01-20150804-KoreanleopardSNR10-cps01175 avg. like is -44.5852 over 139 frames.
LOG (gmm-acc-stats-ali[5.5.52-6d919]:main():gmm-acc-stats-ali.cc:105) Processed 1850 utterances; for utterance s01m4sscyj01-20150804-KoreanleopardSNR10-cps01226 avg. like is -44.7601 over 140 frames.
LOG (gmm-acc-stats-ali[5.5.52-6d919]:main():gmm-acc-stats-ali.cc:105) Processed 1900 utterances; for utterance s01m4sscyj01-20150804-KoreanleopardSNR10-cps01276 avg. like is -44.1566 over 140 frames.
LOG (gmm-acc-stats-ali[5.5.52-6d919]:main():gmm-acc-stats-ali.cc:105) Processed 1950 utterances; for utterance s01m4sscyj01-20150804-KoreanleopardSNR10-cps01326 avg. like is -44.3402 over 128 frames.
LOG (gmm-acc-stats-ali[5.5.52-6d919]:main():gmm-acc-stats-ali.cc:105) Processed 2000 utterances; for utterance s01m4sscyj01-20150804-KoreanleopardSNR10-cps01376 avg. like is -43.5913 over 148 frames.
LOG (gmm-acc-stats-ali[5.5.52-6d919]:main():gmm-acc-stats-ali.cc:105) Processed 2050 utterances; for utterance s01mc3khm00-20150803-Korean-s01a009 avg. like is -48.6616 over 229 frames.
LOG (gmm-acc-stats-ali[5.5.52-6d919]:main():gmm-acc-stats-ali.cc:105) Processed 2100 utterances; for utterance s01mc3khm00-20150803-Korean-s01a059 avg. like is -51.6823 over 244 frames.
LOG (gmm-acc-stats-ali[5.5.52-6d919]:main():gmm-acc-stats-ali.cc:105) Processed 2150 utterances; for utterance s01mc3khm00-20150803-Korean-s01a109 avg. like is -46.2562 over 148 frames.
LOG (gmm-acc-stats-ali[5.5.52-6d919]:main():gmm-acc-stats-ali.cc:105) Processed 2200 utterances; for utterance s01mc3khm00-20150803-KoreandestroyeropsSNR10-s01a018 avg. like is -42.8322 over 209 frames.
LOG (gmm-acc-stats-ali[5.5.52-6d919]:main():gmm-acc-stats-ali.cc:105) Processed 2250 utterances; for utterance s01mc3khm00-20150803-KoreandestroyeropsSNR10-s01a068 avg. like is -44.2433 over 239 frames.
LOG (gmm-acc-stats-ali[5.5.52-6d919]:main():gmm-acc-stats-ali.cc:105) Processed 2300 utterances; for utterance s01mc3khm00-20150803-KoreandestroyeropsSNR10-s01a118 avg. like is -44.9509 over 287 frames.
LOG (gmm-acc-stats-ali[5.5.52-6d919]:main():gmm-acc-stats-ali.cc:105) Processed 2350 utterances; for utterance s01mg2yjk00-20150803-Korean-s01a027 avg. like is -45.6379 over 200 frames.
LOG (gmm-acc-stats-ali[5.5.52-6d919]:main():gmm-acc-stats-ali.cc:105) Processed 2400 utterances; for utterance s01mg2yjk00-20150803-Korean-s01a077 avg. like is -51.122 over 303 frames.
LOG (gmm-acc-stats-ali[5.5.52-6d919]:main():gmm-acc-stats-ali.cc:105) Processed 2450 utterances; for utterance s01mg2yjk00-20150803-Korean-s01a127 avg. like is -52.0073 over 328 frames.
LOG (gmm-acc-stats-ali[5.5.52-6d919]:main():gmm-acc-stats-ali.cc:105) Processed 2500 utterances; for utterance s01mg2yjk00-20150803-KoreandestroyeropsSNR10-s01a036 avg. like is -44.7707 over 275 frames.
LOG (gmm-acc-stats-ali[5.5.52-6d919]:main():gmm-acc-stats-ali.cc:105) Processed 2550 utterances; for utterance s01mg2yjk00-20150803-KoreandestroyeropsSNR10-s01a086 avg. like is -44.4742 over 297 frames.
LOG (gmm-acc-stats-ali[5.5.52-6d919]:main():gmm-acc-stats-ali.cc:105) Processed 2600 utterances; for utterance s01mg2yjk00-20150803-KoreandestroyeropsSNR10-s01a136 avg. like is -43.3569 over 235 frames.
LOG (gmm-acc-stats-ali[5.5.52-6d919]:main():gmm-acc-stats-ali.cc:105) Processed 2650 utterances; for utterance s01mg3lhs00-20150803-Korean-s01a045 avg. like is -49.3086 over 280 frames.
LOG (gmm-acc-stats-ali[5.5.52-6d919]:main():gmm-acc-stats-ali.cc:105) Processed 2700 utterances; for utterance s01mg3lhs00-20150803-Korean-s01a095 avg. like is -52.7371 over 218 frames.
LOG (gmm-acc-stats-ali[5.5.52-6d919]:main():gmm-acc-stats-ali.cc:105) Processed 2750 utterances; for utterance s01mg3lhs00-20150803-Koreanbabble2SNR10-s01a004 avg. like is -45.8906 over 220 frames.
LOG (gmm-acc-stats-ali[5.5.52-6d919]:main():gmm-acc-stats-ali.cc:105) Processed 2800 utterances; for utterance s01mg3lhs00-20150803-Koreanbabble2SNR10-s01a054 avg. like is -47.2912 over 191 frames.
LOG (gmm-acc-stats-ali[5.5.52-6d919]:main():gmm-acc-stats-ali.cc:105) Processed 2850 utterances; for utterance s01mg3lhs00-20150803-Koreanbabble2SNR10-s01a104 avg. like is -47.6492 over 276 frames.
LOG (gmm-acc-stats-ali[5.5.52-6d919]:main():gmm-acc-stats-ali.cc:105) Processed 2900 utterances; for utterance s01mg4wjw00-20150803-Korean-s01a013 avg. like is -49.1724 over 274 frames.
LOG (gmm-acc-stats-ali[5.5.52-6d919]:main():gmm-acc-stats-ali.cc:105) Processed 2950 utterances; for utterance s01mg4wjw00-20150803-Korean-s01a063 avg. like is -46.5526 over 224 frames.
LOG (gmm-acc-stats-ali[5.5.52-6d919]:main():gmm-acc-stats-ali.cc:105) Processed 3000 utterances; for utterance s01mg4wjw00-20150803-Korean-s01a113 avg. like is -47.1822 over 204 frames.
LOG (gmm-acc-stats-ali[5.5.52-6d919]:main():gmm-acc-stats-ali.cc:105) Processed 3050 utterances; for utterance s01mg4wjw00-20150803-Koreanleopard2SNR10-s01a022 avg. like is -45.8219 over 271 frames.
LOG (gmm-acc-stats-ali[5.5.52-6d919]:main():gmm-acc-stats-ali.cc:105) Processed 3100 utterances; for utterance s01mg4wjw00-20150803-Koreanleopard2SNR10-s01a072 avg. like is -46.0609 over 373 frames.
LOG (gmm-acc-stats-ali[5.5.52-6d919]:main():gmm-acc-stats-ali.cc:105) Processed 3150 utterances; for utterance s01mg4wjw00-20150803-Koreanleopard2SNR10-s01a122 avg. like is -45.4165 over 264 frames.
LOG (gmm-acc-stats-ali[5.5.52-6d919]:main():gmm-acc-stats-ali.cc:105) Processed 3200 utterances; for utterance s01mj3huy00-20150803-Korean-s01a032 avg. like is -50.7152 over 249 frames.
LOG (gmm-acc-stats-ali[5.5.52-6d919]:main():gmm-acc-stats-ali.cc:105) Processed 3250 utterances; for utterance s01mj3huy00-20150803-Korean-s01a082 avg. like is -52.2026 over 281 frames.
LOG (gmm-acc-stats-ali[5.5.52-6d919]:main():gmm-acc-stats-ali.cc:105) Processed 3300 utterances; for utterance s01mj3huy00-20150803-Korean-s01a132 avg. like is -48.811 over 198 frames.
LOG (gmm-acc-stats-ali[5.5.52-6d919]:main():gmm-acc-stats-ali.cc:105) Processed 3350 utterances; for utterance s01mj3huy00-20150803-Koreanleopard2SNR10-s01a042 avg. like is -47.2135 over 245 frames.
LOG (gmm-acc-stats-ali[5.5.52-6d919]:main():gmm-acc-stats-ali.cc:105) Processed 3400 utterances; for utterance s01mj3huy00-20150803-Koreanleopard2SNR10-s01a092 avg. like is -44.7174 over 192 frames.
LOG (gmm-acc-stats-ali[5.5.52-6d919]:main():gmm-acc-stats-ali.cc:105) Processed 3450 utterances; for utterance s01mj4kdh00-20150803-Korean-s01a001 avg. like is -49.3027 over 187 frames.
LOG (gmm-acc-stats-ali[5.5.52-6d919]:main():gmm-acc-stats-ali.cc:105) Processed 3500 utterances; for utterance s01mj4kdh00-20150803-Korean-s01a051 avg. like is -55.5655 over 374 frames.
LOG (gmm-acc-stats-ali[5.5.52-6d919]:main():gmm-acc-stats-ali.cc:105) Processed 3550 utterances; for utterance s01mj4kdh00-20150803-Korean-s01a101 avg. like is -49.351 over 256 frames.
LOG (gmm-acc-stats-ali[5.5.52-6d919]:main():gmm-acc-stats-ali.cc:105) Processed 3600 utterances; for utterance s01mj4kdh00-20150803-KoreanwhiteSNR10-s01a010 avg. like is -43.3218 over 304 frames.
LOG (gmm-acc-stats-ali[5.5.52-6d919]:main():gmm-acc-stats-ali.cc:105) Processed 3650 utterances; for utterance s01mj4kdh00-20150803-KoreanwhiteSNR10-s01a060 avg. like is -40.873 over 268 frames.
LOG (gmm-acc-stats-ali[5.5.52-6d919]:main():gmm-acc-stats-ali.cc:105) Processed 3700 utterances; for utterance s01mj4kdh00-20150803-KoreanwhiteSNR10-s01a110 avg. like is -40.1102 over 210 frames.
LOG (gmm-acc-stats-ali[5.5.52-6d919]:main():gmm-acc-stats-ali.cc:105) Processed 3750 utterances; for utterance s01ms2ktk00-20150803-Korean-s01a019 avg. like is -48.6062 over 248 frames.
LOG (gmm-acc-stats-ali[5.5.52-6d919]:main():gmm-acc-stats-ali.cc:105) Processed 3800 utterances; for utterance s01ms2ktk00-20150803-Korean-s01a070 avg. like is -51.144 over 319 frames.
LOG (gmm-acc-stats-ali[5.5.52-6d919]:main():gmm-acc-stats-ali.cc:105) Processed 3850 utterances; for utterance s01ms2ktk00-20150803-Korean-s01a121 avg. like is -47.3003 over 224 frames.
LOG (gmm-acc-stats-ali[5.5.52-6d919]:main():gmm-acc-stats-ali.cc:105) Processed 3900 utterances; for utterance s01ms2ktk00-20150803-Koreanfactory2SNR10-s01a031 avg. like is -45.9661 over 247 frames.
LOG (gmm-acc-stats-ali[5.5.52-6d919]:main():gmm-acc-stats-ali.cc:105) Processed 3950 utterances; for utterance s01ms2ktk00-20150803-Koreanfactory2SNR10-s01a082 avg. like is -47.405 over 269 frames.
LOG (gmm-acc-stats-ali[5.5.52-6d919]:main():gmm-acc-stats-ali.cc:105) Processed 4000 utterances; for utterance s01ms2ktk00-20150803-Koreanfactory2SNR10-s01a134 avg. like is -42.6023 over 153 frames.
LOG (gmm-acc-stats-ali[5.5.52-6d919]:main():gmm-acc-stats-ali.cc:105) Processed 4050 utterances; for utterance s01ms3jjh00-20150803-Korean-s01a043 avg. like is -49.3509 over 223 frames.
LOG (gmm-acc-stats-ali[5.5.52-6d919]:main():gmm-acc-stats-ali.cc:105) Processed 4100 utterances; for utterance s01ms3jjh00-20150803-Korean-s01a093 avg. like is -49.998 over 192 frames.
LOG (gmm-acc-stats-ali[5.5.52-6d919]:main():gmm-acc-stats-ali.cc:105) Processed 4150 utterances; for utterance s01ms3jjh00-20150803-Koreanleopard1SNR10-s01a003 avg. like is -48.1277 over 227 frames.
LOG (gmm-acc-stats-ali[5.5.52-6d919]:main():gmm-acc-stats-ali.cc:105) Processed 4200 utterances; for utterance s01ms3jjh00-20150803-Koreanleopard1SNR10-s01a053 avg. like is -45.1619 over 287 frames.
LOG (gmm-acc-stats-ali[5.5.52-6d919]:main():gmm-acc-stats-ali.cc:105) Processed 4250 utterances; for utterance s01ms3jjh00-20150803-Koreanleopard1SNR10-s01a103 avg. like is -46.4498 over 288 frames.
LOG (gmm-acc-stats-ali[5.5.52-6d919]:main():gmm-acc-stats-ali.cc:105) Processed 4300 utterances; for utterance s01ms4cby00-20150803-Korean-s01a013 avg. like is -49.2535 over 274 frames.
LOG (gmm-acc-stats-ali[5.5.52-6d919]:main():gmm-acc-stats-ali.cc:105) Processed 4350 utterances; for utterance s01ms4cby00-20150803-Korean-s01a063 avg. like is -48.0133 over 242 frames.
LOG (gmm-acc-stats-ali[5.5.52-6d919]:main():gmm-acc-stats-ali.cc:105) Processed 4400 utterances; for utterance s01ms4cby00-20150803-Korean-s01a113 avg. like is -47.1522 over 219 frames.
LOG (gmm-acc-stats-ali[5.5.52-6d919]:main():gmm-acc-stats-ali.cc:105) Processed 4450 utterances; for utterance s01ms4cby00-20150803-KoreanhfchannelSNR10-s01a022 avg. like is -41.1931 over 283 frames.
LOG (gmm-acc-stats-ali[5.5.52-6d919]:main():gmm-acc-stats-ali.cc:105) Processed 4500 utterances; for utterance s01ms4cby00-20150803-KoreanhfchannelSNR10-s01a072 avg. like is -40.7097 over 327 frames.
LOG (gmm-acc-stats-ali[5.5.52-6d919]:main():gmm-acc-stats-ali.cc:105) Processed 4550 utterances; for utterance s01ms4cby00-20150803-KoreanhfchannelSNR10-s01a122 avg. like is -40.7322 over 214 frames.
LOG (gmm-acc-stats-ali[5.5.52-6d919]:main():gmm-acc-stats-ali.cc:105) Processed 4600 utterances; for utterance s01ms4skd00-20150803-Korean-s01a031 avg. like is -56.6158 over 252 frames.
LOG (gmm-acc-stats-ali[5.5.52-6d919]:main():gmm-acc-stats-ali.cc:105) Processed 4650 utterances; for utterance s01ms4skd00-20150803-Korean-s01a082 avg. like is -48.3901 over 296 frames.
LOG (gmm-acc-stats-ali[5.5.52-6d919]:main():gmm-acc-stats-ali.cc:105) Processed 4700 utterances; for utterance s01ms4skd00-20150803-Korean-s01a133 avg. like is -44.155 over 211 frames.
LOG (gmm-acc-stats-ali[5.5.52-6d919]:main():gmm-acc-stats-ali.cc:105) Processed 4750 utterances; for utterance s01ms4skd00-20150803-Koreanfactory2SNR10-s01a042 avg. like is -42.9651 over 242 frames.
LOG (gmm-acc-stats-ali[5.5.52-6d919]:main():gmm-acc-stats-ali.cc:105) Processed 4800 utterances; for utterance s01ms4skd00-20150803-Koreanfactory2SNR10-s01a094 avg. like is -47.0745 over 283 frames.
LOG (gmm-acc-stats-ali[5.5.52-6d919]:main():gmm-acc-stats-ali.cc:105) Processed 4850 utterances; for utterance s030fks3jsh00-20150804-Korean-set030003 avg. like is -48.7871 over 758 frames.
LOG (gmm-acc-stats-ali[5.5.52-6d919]:main():gmm-acc-stats-ali.cc:105) Processed 4900 utterances; for utterance s030fks3jsh00-20150804-Korean-set030053 avg. like is -49.9838 over 1258 frames.
LOG (gmm-acc-stats-ali[5.5.52-6d919]:main():gmm-acc-stats-ali.cc:105) Processed 4950 utterances; for utterance s030fks3jsh00-20150804-Korean-set030103 avg. like is -47.5276 over 1068 frames.
LOG (gmm-acc-stats-ali[5.5.52-6d919]:main():gmm-acc-stats-ali.cc:105) Processed 5000 utterances; for utterance s030fks3jsh00-20150804-Koreanleopard2SNR10-set030047 avg. like is -42.3772 over 868 frames.
LOG (gmm-acc-stats-ali[5.5.52-6d919]:main():gmm-acc-stats-ali.cc:105) Processed 5050 utterances; for utterance s030fks3jsh00-20150804-Koreanleopard2SNR10-set030097 avg. like is -41.0684 over 698 frames.
LOG (gmm-acc-stats-ali[5.5.52-6d919]:main():gmm-acc-stats-ali.cc:105) Processed 5100 utterances; for utterance s030m2jkt00-20150804-Korean-set030041 avg. like is -46.9486 over 939 frames.
LOG (gmm-acc-stats-ali[5.5.52-6d919]:main():gmm-acc-stats-ali.cc:105) Processed 5150 utterances; for utterance s030m2jkt00-20150804-Korean-set030091 avg. like is -46.9475 over 653 frames.
LOG (gmm-acc-stats-ali[5.5.52-6d919]:main():gmm-acc-stats-ali.cc:105) Processed 5200 utterances; for utterance s030m2jkt00-20150804-KoreanvolvoSNR10-set030035 avg. like is -46.4162 over 630 frames.
LOG (gmm-acc-stats-ali[5.5.52-6d919]:main():gmm-acc-stats-ali.cc:105) Processed 5250 utterances; for utterance s030m2jkt00-20150804-KoreanvolvoSNR10-set030085 avg. like is -44.6032 over 769 frames.
LOG (gmm-acc-stats-ali[5.5.52-6d919]:main():gmm-acc-stats-ali.cc:105) Processed 5300 utterances; for utterance s030m2jkt00_r-20150804-Korean-set030029 avg. like is -54.699 over 548 frames.
LOG (gmm-acc-stats-ali[5.5.52-6d919]:main():gmm-acc-stats-ali.cc:105) Processed 5350 utterances; for utterance s030m2jkt00_r-20150804-Korean-set030079 avg. like is -47.5025 over 493 frames.
LOG (gmm-acc-stats-ali[5.5.52-6d919]:main():gmm-acc-stats-ali.cc:105) Processed 5400 utterances; for utterance s030m2jkt00_r-20150804-Koreancar1SNR10-set030023 avg. like is -49.3754 over 720 frames.
LOG (gmm-acc-stats-ali[5.5.52-6d919]:main():gmm-acc-stats-ali.cc:105) Processed 5450 utterances; for utterance s030m2jkt00_r-20150804-Koreancar1SNR10-set030073 avg. like is -46.8223 over 505 frames.
LOG (gmm-acc-stats-ali[5.5.52-6d919]:main():gmm-acc-stats-ali.cc:105) Processed 5500 utterances; for utterance s030mss3kkj00-20150804-Korean-set030017 avg. like is -52.4478 over 1358 frames.
LOG (gmm-acc-stats-ali[5.5.52-6d919]:main():gmm-acc-stats-ali.cc:105) Processed 5550 utterances; for utterance s030mss3kkj00-20150804-Korean-set030067 avg. like is -47.6642 over 648 frames.
LOG (gmm-acc-stats-ali[5.5.52-6d919]:main():gmm-acc-stats-ali.cc:105) Processed 5600 utterances; for utterance s030mss3kkj00-20150804-Koreanbabble1SNR10-set030011 avg. like is -47.0477 over 1068 frames.
LOG (gmm-acc-stats-ali[5.5.52-6d919]:main():gmm-acc-stats-ali.cc:105) Processed 5650 utterances; for utterance s030mss3kkj00-20150804-Koreanbabble1SNR10-set030061 avg. like is -48.8868 over 758 frames.
LOG (gmm-acc-stats-ali[5.5.52-6d919]:main():gmm-acc-stats-ali.cc:105) Processed 5700 utterances; for utterance s031fss3phj00-20150804-Korean-set031005 avg. like is -51.5442 over 1298 frames.
LOG (gmm-acc-stats-ali[5.5.52-6d919]:main():gmm-acc-stats-ali.cc:105) Processed 5750 utterances; for utterance s031fss3phj00-20150804-Korean-set031055 avg. like is -47.5363 over 708 frames.
LOG (gmm-acc-stats-ali[5.5.52-6d919]:main():gmm-acc-stats-ali.cc:105) Processed 5800 utterances; for utterance s031fss3phj00-20150804-Korean-set031105 avg. like is -49.4233 over 668 frames.
LOG (gmm-acc-stats-ali[5.5.52-6d919]:main():gmm-acc-stats-ali.cc:105) Processed 5850 utterances; for utterance s031fss3phj00-20150804-KoreanbabbleSNR10-set031050 avg. like is -46.9072 over 548 frames.
LOG (gmm-acc-stats-ali[5.5.52-6d919]:main():gmm-acc-stats-ali.cc:105) Processed 5900 utterances; for utterance s031fss3phj00-20150804-KoreanbabbleSNR10-set031100 avg. like is -47.263 over 398 frames.
LOG (gmm-acc-stats-ali[5.5.52-6d919]:main():gmm-acc-stats-ali.cc:105) Processed 5950 utterances; for utterance s031m2sjh00-20150804-Korean-set031045 avg. like is -52.4129 over 385 frames.
LOG (gmm-acc-stats-ali[5.5.52-6d919]:main():gmm-acc-stats-ali.cc:105) Processed 6000 utterances; for utterance s031m2sjh00-20150804-Korean-set031095 avg. like is -52.1623 over 299 frames.
LOG (gmm-acc-stats-ali[5.5.52-6d919]:main():gmm-acc-stats-ali.cc:105) Processed 6050 utterances; for utterance s031m2sjh00-20150804-Koreanfactory2SNR10-set031040 avg. like is -42.065 over 619 frames.
LOG (gmm-acc-stats-ali[5.5.52-6d919]:main():gmm-acc-stats-ali.cc:105) Processed 6100 utterances; for utterance s031m2sjh00-20150804-Koreanfactory2SNR10-set031090 avg. like is -43.4856 over 338 frames.
LOG (gmm-acc-stats-ali[5.5.52-6d919]:main():gmm-acc-stats-ali.cc:105) Processed 6150 utterances; for utterance s031m2sjh00_r-20150804-Korean-set031035 avg. like is -54.9621 over 584 frames.
LOG (gmm-acc-stats-ali[5.5.52-6d919]:main():gmm-acc-stats-ali.cc:105) Processed 6200 utterances; for utterance s031m2sjh00_r-20150804-Korean-set031085 avg. like is -52.2775 over 331 frames.
LOG (gmm-acc-stats-ali[5.5.52-6d919]:main():gmm-acc-stats-ali.cc:105) Processed 6250 utterances; for utterance s031m2sjh00_r-20150804-KoreanwhiteSNR10-set031030 avg. like is -38.8436 over 392 frames.
LOG (gmm-acc-stats-ali[5.5.52-6d919]:main():gmm-acc-stats-ali.cc:105) Processed 6300 utterances; for utterance s031m2sjh00_r-20150804-KoreanwhiteSNR10-set031080 avg. like is -41.5751 over 336 frames.
LOG (gmm-acc-stats-ali[5.5.52-6d919]:main():gmm-acc-stats-ali.cc:105) Processed 6350 utterances; for utterance s031mss2ljk00-20150804-Korean-set031025 avg. like is -47.2049 over 658 frames.
LOG (gmm-acc-stats-ali[5.5.52-6d919]:main():gmm-acc-stats-ali.cc:105) Processed 6400 utterances; for utterance s031mss2ljk00-20150804-Korean-set031075 avg. like is -51.2513 over 948 frames.
LOG (gmm-acc-stats-ali[5.5.52-6d919]:main():gmm-acc-stats-ali.cc:105) Processed 6450 utterances; for utterance s031mss2ljk00-20150804-KoreanwhiteSNR10-set031020 avg. like is -39.6397 over 838 frames.
LOG (gmm-acc-stats-ali[5.5.52-6d919]:main():gmm-acc-stats-ali.cc:105) Processed 6500 utterances; for utterance s031mss2ljk00-20150804-KoreanwhiteSNR10-set031070 avg. like is -39.0734 over 478 frames.
LOG (gmm-acc-stats-ali[5.5.52-6d919]:main():gmm-acc-stats-ali.cc:105) Processed 6550 utterances; for utterance s032fss3yhj00-20150804-Korean-set032015 avg. like is -51.3227 over 848 frames.
LOG (gmm-acc-stats-ali[5.5.52-6d919]:main():gmm-acc-stats-ali.cc:105) Processed 6600 utterances; for utterance s032fss3yhj00-20150804-Korean-set032065 avg. like is -50.3847 over 548 frames.
LOG (gmm-acc-stats-ali[5.5.52-6d919]:main():gmm-acc-stats-ali.cc:105) Processed 6650 utterances; for utterance s032fss3yhj00-20150804-KoreanpinkSNR10-set032010 avg. like is -38.5498 over 958 frames.
LOG (gmm-acc-stats-ali[5.5.52-6d919]:main():gmm-acc-stats-ali.cc:105) Processed 6700 utterances; for utterance s032fss3yhj00-20150804-KoreanpinkSNR10-set032060 avg. like is -38.6997 over 658 frames.
LOG (gmm-acc-stats-ali[5.5.52-6d919]:main():gmm-acc-stats-ali.cc:105) Processed 6750 utterances; for utterance s032m2kyc00-20150804-Korean-set032005 avg. like is -55.3023 over 1254 frames.
WARNING (gmm-acc-stats-ali[5.5.52-6d919]:main():gmm-acc-stats-ali.cc:79) No alignment for utterance s032m2kyc00-20150804-Korean-set032013
LOG (gmm-acc-stats-ali[5.5.52-6d919]:main():gmm-acc-stats-ali.cc:105) Processed 6800 utterances; for utterance s032m2kyc00-20150804-Korean-set032056 avg. like is -51.3218 over 435 frames.
LOG (gmm-acc-stats-ali[5.5.52-6d919]:main():gmm-acc-stats-ali.cc:105) Processed 6850 utterances; for utterance s032m2kyc00-20150804-KoreanwhiteSNR10-set032001 avg. like is -41.8447 over 899 frames.
LOG (gmm-acc-stats-ali[5.5.52-6d919]:main():gmm-acc-stats-ali.cc:105) Processed 6900 utterances; for utterance s032m2kyc00-20150804-KoreanwhiteSNR10-set032051 avg. like is -42.9811 over 324 frames.
LOG (gmm-acc-stats-ali[5.5.52-6d919]:main():gmm-acc-stats-ali.cc:105) Processed 6950 utterances; for utterance s032m2kyc00-20150804-KoreanwhiteSNR10-set032101 avg. like is -42.8348 over 524 frames.
WARNING (gmm-acc-stats-ali[5.5.52-6d919]:main():gmm-acc-stats-ali.cc:79) No alignment for utterance s032m2kyc00_r-20150804-Korean-set032013
LOG (gmm-acc-stats-ali[5.5.52-6d919]:main():gmm-acc-stats-ali.cc:105) Processed 7000 utterances; for utterance s032m2kyc00_r-20150804-Korean-set032047 avg. like is -49.6759 over 481 frames.
LOG (gmm-acc-stats-ali[5.5.52-6d919]:main():gmm-acc-stats-ali.cc:105) Processed 7050 utterances; for utterance s032m2kyc00_r-20150804-Korean-set032097 avg. like is -50.1526 over 521 frames.
LOG (gmm-acc-stats-ali[5.5.52-6d919]:main():gmm-acc-stats-ali.cc:105) Processed 7100 utterances; for utterance s032m2kyc00_r-20150804-Koreanleopard1SNR10-set032042 avg. like is -47.1686 over 963 frames.
LOG (gmm-acc-stats-ali[5.5.52-6d919]:main():gmm-acc-stats-ali.cc:105) Processed 7150 utterances; for utterance s032m2kyc00_r-20150804-Koreanleopard1SNR10-set032092 avg. like is -48.9526 over 417 frames.
LOG (gmm-acc-stats-ali[5.5.52-6d919]:main():gmm-acc-stats-ali.cc:105) Processed 7200 utterances; for utterance s032mcc3kss01-20150804-Korean-set032037 avg. like is -46.0995 over 598 frames.
LOG (gmm-acc-stats-ali[5.5.52-6d919]:main():gmm-acc-stats-ali.cc:105) Processed 7250 utterances; for utterance s032mcc3kss01-20150804-Korean-set032087 avg. like is -50.5478 over 698 frames.
LOG (gmm-acc-stats-ali[5.5.52-6d919]:main():gmm-acc-stats-ali.cc:105) Processed 7300 utterances; for utterance s033fjr4sdj01-20150804-Korean-set033032 avg. like is -49.7242 over 668 frames.
LOG (gmm-acc-stats-ali[5.5.52-6d919]:main():gmm-acc-stats-ali.cc:105) Processed 7350 utterances; for utterance s033fjr4sdj01-20150804-Korean-set033082 avg. like is -49.8078 over 738 frames.
LOG (gmm-acc-stats-ali[5.5.52-6d919]:main():gmm-acc-stats-ali.cc:105) Processed 7400 utterances; for utterance s033fjr4sdj01-20150804-Koreanfactory2SNR10-set033027 avg. like is -39.8759 over 648 frames.
LOG (gmm-acc-stats-ali[5.5.52-6d919]:main():gmm-acc-stats-ali.cc:105) Processed 7450 utterances; for utterance s033fjr4sdj01-20150804-Koreanfactory2SNR10-set033077 avg. like is -41.34 over 538 frames.
LOG (gmm-acc-stats-ali[5.5.52-6d919]:main():gmm-acc-stats-ali.cc:105) Processed 7500 utterances; for utterance s033m2kdh00-20150804-Korean-set033022 avg. like is -48.8757 over 394 frames.
LOG (gmm-acc-stats-ali[5.5.52-6d919]:main():gmm-acc-stats-ali.cc:105) Processed 7550 utterances; for utterance s033m2kdh00-20150804-Korean-set033072 avg. like is -52.555 over 324 frames.
LOG (gmm-acc-stats-ali[5.5.52-6d919]:main():gmm-acc-stats-ali.cc:105) Processed 7600 utterances; for utterance s033m2kdh00-20150804-KoreancarSNR10-set033017 avg. like is -44.8709 over 332 frames.
LOG (gmm-acc-stats-ali[5.5.52-6d919]:main():gmm-acc-stats-ali.cc:105) Processed 7650 utterances; for utterance s033m2kdh00-20150804-KoreancarSNR10-set033067 avg. like is -47.1179 over 289 frames.
LOG (gmm-acc-stats-ali[5.5.52-6d919]:main():gmm-acc-stats-ali.cc:105) Processed 7700 utterances; for utterance s033m2kdh00_r-20150804-Korean-set033012 avg. like is -52.1083 over 887 frames.
LOG (gmm-acc-stats-ali[5.5.52-6d919]:main():gmm-acc-stats-ali.cc:105) Processed 7750 utterances; for utterance s033m2kdh00_r-20150804-Korean-set033062 avg. like is -49.8855 over 452 frames.
LOG (gmm-acc-stats-ali[5.5.52-6d919]:main():gmm-acc-stats-ali.cc:105) Processed 7800 utterances; for utterance s033m2kdh00_r-20150804-KoreancarSNR10-set033007 avg. like is -46.5868 over 965 frames.
LOG (gmm-acc-stats-ali[5.5.52-6d919]:main():gmm-acc-stats-ali.cc:105) Processed 7850 utterances; for utterance s033m2kdh00_r-20150804-KoreancarSNR10-set033057 avg. like is -46.3944 over 493 frames.
LOG (gmm-acc-stats-ali[5.5.52-6d919]:main():gmm-acc-stats-ali.cc:105) Processed 7900 utterances; for utterance s033mss2kks00-20150804-Korean-set033002 avg. like is -53.3993 over 728 frames.
LOG (gmm-acc-stats-ali[5.5.52-6d919]:main():gmm-acc-stats-ali.cc:105) Processed 7950 utterances; for utterance s033mss2kks00-20150804-Korean-set033052 avg. like is -51.7574 over 508 frames.
LOG (gmm-acc-stats-ali[5.5.52-6d919]:main():gmm-acc-stats-ali.cc:105) Processed 8000 utterances; for utterance s033mss2kks00-20150804-Korean-set033102 avg. like is -50.0275 over 678 frames.
LOG (gmm-acc-stats-ali[5.5.52-6d919]:main():gmm-acc-stats-ali.cc:105) Processed 8050 utterances; for utterance s033mss2kks00-20150804-KoreanwhiteSNR10-set033047 avg. like is -39.7717 over 788 frames.
LOG (gmm-acc-stats-ali[5.5.52-6d919]:main():gmm-acc-stats-ali.cc:105) Processed 8100 utterances; for utterance s033mss2kks00-20150804-KoreanwhiteSNR10-set033097 avg. like is -40.3095 over 678 frames.
LOG (gmm-acc-stats-ali[5.5.52-6d919]:main():gmm-acc-stats-ali.cc:105) Processed 8150 utterances; for utterance s034fjr2ksy04-20150804-Korean-set034042 avg. like is -51.8961 over 478 frames.
LOG (gmm-acc-stats-ali[5.5.52-6d919]:main():gmm-acc-stats-ali.cc:105) Processed 8200 utterances; for utterance s034fjr2ksy04-20150804-Korean-set034092 avg. like is -47.6132 over 538 frames.
LOG (gmm-acc-stats-ali[5.5.52-6d919]:main():gmm-acc-stats-ali.cc:105) Processed 8250 utterances; for utterance s034fjr2ksy04-20150804-KoreanleopardSNR10-set034037 avg. like is -46.7673 over 538 frames.
LOG (gmm-acc-stats-ali[5.5.52-6d919]:main():gmm-acc-stats-ali.cc:105) Processed 8300 utterances; for utterance s034fjr2ksy04-20150804-KoreanleopardSNR10-set034087 avg. like is -45.852 over 788 frames.
LOG (gmm-acc-stats-ali[5.5.52-6d919]:main():gmm-acc-stats-ali.cc:105) Processed 8350 utterances; for utterance s034m2kmj00-20150804-Korean-set034032 avg. like is -53.3943 over 339 frames.
LOG (gmm-acc-stats-ali[5.5.52-6d919]:main():gmm-acc-stats-ali.cc:105) Processed 8400 utterances; for utterance s034m2kmj00-20150804-Korean-set034082 avg. like is -54.9574 over 449 frames.
LOG (gmm-acc-stats-ali[5.5.52-6d919]:main():gmm-acc-stats-ali.cc:105) Processed 8450 utterances; for utterance s034m2kmj00-20150804-KoreandestroyeropsSNR10-set034026 avg. like is -43.4965 over 584 frames.
LOG (gmm-acc-stats-ali[5.5.52-6d919]:main():gmm-acc-stats-ali.cc:105) Processed 8500 utterances; for utterance s034m2kmj00-20150804-KoreandestroyeropsSNR10-set034076 avg. like is -43.5307 over 521 frames.
LOG (gmm-acc-stats-ali[5.5.52-6d919]:main():gmm-acc-stats-ali.cc:105) Processed 8550 utterances; for utterance s034m2kmj00_r-20150804-Korean-set034020 avg. like is -57.7525 over 394 frames.
LOG (gmm-acc-stats-ali[5.5.52-6d919]:main():gmm-acc-stats-ali.cc:105) Processed 8600 utterances; for utterance s034m2kmj00_r-20150804-Korean-set034070 avg. like is -52.7686 over 395 frames.
LOG (gmm-acc-stats-ali[5.5.52-6d919]:main():gmm-acc-stats-ali.cc:105) Processed 8650 utterances; for utterance s034m2kmj00_r-20150804-Koreanfactory2SNR10-set034014 avg. like is -45.8222 over 1016 frames.
LOG (gmm-acc-stats-ali[5.5.52-6d919]:main():gmm-acc-stats-ali.cc:105) Processed 8700 utterances; for utterance s034m2kmj00_r-20150804-Koreanfactory2SNR10-set034064 avg. like is -45.9732 over 342 frames.
LOG (gmm-acc-stats-ali[5.5.52-6d919]:main():gmm-acc-stats-ali.cc:105) Processed 8750 utterances; for utterance s034mcc3ksy00-20150804-Korean-set034008 avg. like is -50.7881 over 1008 frames.
LOG (gmm-acc-stats-ali[5.5.52-6d919]:main():gmm-acc-stats-ali.cc:105) Processed 8800 utterances; for utterance s034mcc3ksy00-20150804-Korean-set034058 avg. like is -47.1908 over 608 frames.
LOG (gmm-acc-stats-ali[5.5.52-6d919]:main():gmm-acc-stats-ali.cc:105) Processed 8850 utterances; for utterance s034mcc3ksy00-20150804-Koreanleopard2SNR10-set034003 avg. like is -47.3489 over 1098 frames.
LOG (gmm-acc-stats-ali[5.5.52-6d919]:main():gmm-acc-stats-ali.cc:105) Processed 8900 utterances; for utterance s034mcc3ksy00-20150804-Koreanleopard2SNR10-set034053 avg. like is -44.7273 over 608 frames.
LOG (gmm-acc-stats-ali[5.5.52-6d919]:main():gmm-acc-stats-ali.cc:105) Processed 8950 utterances; for utterance s034mcc3ksy00-20150804-Koreanleopard2SNR10-set034103 avg. like is -44.3199 over 508 frames.
LOG (gmm-acc-stats-ali[5.5.52-6d919]:main():gmm-acc-stats-ali.cc:105) Processed 9000 utterances; for utterance s035fss2cmh01-20150804-Korean-set035048 avg. like is -49.9887 over 988 frames.
LOG (gmm-acc-stats-ali[5.5.52-6d919]:main():gmm-acc-stats-ali.cc:105) Processed 9050 utterances; for utterance s035fss2cmh01-20150804-Korean-set035098 avg. like is -48.8413 over 808 frames.
LOG (gmm-acc-stats-ali[5.5.52-6d919]:main():gmm-acc-stats-ali.cc:105) Processed 9100 utterances; for utterance s035fss2cmh01-20150804-Koreanleopard2SNR10-set035043 avg. like is -43.0393 over 878 frames.
LOG (gmm-acc-stats-ali[5.5.52-6d919]:main():gmm-acc-stats-ali.cc:105) Processed 9150 utterances; for utterance s035fss2cmh01-20150804-Koreanleopard2SNR10-set035093 avg. like is -41.9636 over 588 frames.
LOG (gmm-acc-stats-ali[5.5.52-6d919]:main():gmm-acc-stats-ali.cc:105) Processed 9200 utterances; for utterance s035m2psh00-20150804-Korean-set035038 avg. like is -52.9962 over 365 frames.
LOG (gmm-acc-stats-ali[5.5.52-6d919]:main():gmm-acc-stats-ali.cc:105) Processed 9250 utterances; for utterance s035m2psh00-20150804-Korean-set035088 avg. like is -52.8006 over 660 frames.
LOG (gmm-acc-stats-ali[5.5.52-6d919]:main():gmm-acc-stats-ali.cc:105) Processed 9300 utterances; for utterance s035m2psh00-20150804-KoreanbabbleSNR10-set035032 avg. like is -48.383 over 537 frames.
LOG (gmm-acc-stats-ali[5.5.52-6d919]:main():gmm-acc-stats-ali.cc:105) Processed 9350 utterances; for utterance s035m2psh00-20150804-KoreanbabbleSNR10-set035082 avg. like is -47.5412 over 501 frames.
LOG (gmm-acc-stats-ali[5.5.52-6d919]:main():gmm-acc-stats-ali.cc:105) Processed 9400 utterances; for utterance s035m2psh00_r-20150804-Korean-set035026 avg. like is -53.8299 over 321 frames.
LOG (gmm-acc-stats-ali[5.5.52-6d919]:main():gmm-acc-stats-ali.cc:105) Processed 9450 utterances; for utterance s035m2psh00_r-20150804-Korean-set035076 avg. like is -52.0847 over 483 frames.
LOG (gmm-acc-stats-ali[5.5.52-6d919]:main():gmm-acc-stats-ali.cc:105) Processed 9500 utterances; for utterance s035m2psh00_r-20150804-KoreanwhiteSNR10-set035020 avg. like is -40.8604 over 412 frames.
LOG (gmm-acc-stats-ali[5.5.52-6d919]:main():gmm-acc-stats-ali.cc:105) Processed 9550 utterances; for utterance s035m2psh00_r-20150804-KoreanwhiteSNR10-set035070 avg. like is -41.1077 over 329 frames.
LOG (gmm-acc-stats-ali[5.5.52-6d919]:main():gmm-acc-stats-ali.cc:105) Processed 9600 utterances; for utterance s035mss5pks00-20150804-Korean-set035014 avg. like is -52.8178 over 1178 frames.
LOG (gmm-acc-stats-ali[5.5.52-6d919]:main():gmm-acc-stats-ali.cc:105) Processed 9650 utterances; for utterance s035mss5pks00-20150804-Korean-set035064 avg. like is -46.4596 over 698 frames.
LOG (gmm-acc-stats-ali[5.5.52-6d919]:main():gmm-acc-stats-ali.cc:105) Processed 9700 utterances; for utterance s035mss5pks00-20150804-Koreanleopard2SNR10-set035009 avg. like is -45.7288 over 1298 frames.
LOG (gmm-acc-stats-ali[5.5.52-6d919]:main():gmm-acc-stats-ali.cc:105) Processed 9750 utterances; for utterance s035mss5pks00-20150804-Koreanleopard2SNR10-set035059 avg. like is -41.5233 over 778 frames.
LOG (gmm-acc-stats-ali[5.5.52-6d919]:main():gmm-acc-stats-ali.cc:105) Processed 9800 utterances; for utterance s036fcc3kyj00-20150804-Korean-set036004 avg. like is -47.8982 over 1038 frames.
LOG (gmm-acc-stats-ali[5.5.52-6d919]:main():gmm-acc-stats-ali.cc:105) Processed 9850 utterances; for utterance s036fcc3kyj00-20150804-Korean-set036054 avg. like is -49.0779 over 1018 frames.
LOG (gmm-acc-stats-ali[5.5.52-6d919]:main():gmm-acc-stats-ali.cc:105) Processed 9900 utterances; for utterance s036fcc3kyj00-20150804-Korean-set036104 avg. like is -46.8871 over 878 frames.
LOG (gmm-acc-stats-ali[5.5.52-6d919]:main():gmm-acc-stats-ali.cc:105) Processed 9950 utterances; for utterance s036fcc3kyj00-20150804-KoreanvolvoSNR10-set036049 avg. like is -44.0835 over 708 frames.
LOG (gmm-acc-stats-ali[5.5.52-6d919]:main():gmm-acc-stats-ali.cc:105) Processed 10000 utterances; for utterance s036fcc3kyj00-20150804-KoreanvolvoSNR10-set036099 avg. like is -44.093 over 708 frames.
LOG (gmm-acc-stats-ali[5.5.52-6d919]:main():gmm-acc-stats-ali.cc:105) Processed 10050 utterances; for utterance s036m2lkw00-20150804-Korean-set036044 avg. like is -54.0642 over 313 frames.
LOG (gmm-acc-stats-ali[5.5.52-6d919]:main():gmm-acc-stats-ali.cc:105) Processed 10100 utterances; for utterance s036m2lkw00-20150804-Korean-set036094 avg. like is -53.1967 over 568 frames.
LOG (gmm-acc-stats-ali[5.5.52-6d919]:main():gmm-acc-stats-ali.cc:105) Processed 10150 utterances; for utterance s036m2lkw00-20150804-KoreanpinkSNR10-set036039 avg. like is -40.0014 over 299 frames.
LOG (gmm-acc-stats-ali[5.5.52-6d919]:main():gmm-acc-stats-ali.cc:105) Processed 10200 utterances; for utterance s036m2lkw00-20150804-KoreanpinkSNR10-set036089 avg. like is -39.7267 over 360 frames.
LOG (gmm-acc-stats-ali[5.5.52-6d919]:main():gmm-acc-stats-ali.cc:105) Processed 10250 utterances; for utterance s036m2lkw00_r-20150804-Korean-set036034 avg. like is -51.2066 over 433 frames.
LOG (gmm-acc-stats-ali[5.5.52-6d919]:main():gmm-acc-stats-ali.cc:105) Processed 10300 utterances; for utterance s036m2lkw00_r-20150804-Korean-set036084 avg. like is -53.9397 over 420 frames.
LOG (gmm-acc-stats-ali[5.5.52-6d919]:main():gmm-acc-stats-ali.cc:105) Processed 10350 utterances; for utterance s036m2lkw00_r-20150804-Koreancar1SNR10-set036029 avg. like is -45.18 over 309 frames.
LOG (gmm-acc-stats-ali[5.5.52-6d919]:main():gmm-acc-stats-ali.cc:105) Processed 10400 utterances; for utterance s036m2lkw00_r-20150804-Koreancar1SNR10-set036079 avg. like is -44.6292 over 893 frames.
LOG (gmm-acc-stats-ali[5.5.52-6d919]:main():gmm-acc-stats-ali.cc:105) Processed 10450 utterances; for utterance s036mcc2mhg00-20150804-Korean-set036024 avg. like is -51.2062 over 668 frames.
LOG (gmm-acc-stats-ali[5.5.52-6d919]:main():gmm-acc-stats-ali.cc:105) Processed 10500 utterances; for utterance s036mcc2mhg00-20150804-Korean-set036074 avg. like is -49.5993 over 668 frames.
LOG (gmm-acc-stats-ali[5.5.52-6d919]:main():gmm-acc-stats-ali.cc:105) Processed 10550 utterances; for utterance s036mcc2mhg00-20150804-KoreanwhiteSNR10-set036019 avg. like is -39.0862 over 788 frames.
LOG (gmm-acc-stats-ali[5.5.52-6d919]:main():gmm-acc-stats-ali.cc:105) Processed 10600 utterances; for utterance s036mcc2mhg00-20150804-KoreanwhiteSNR10-set036069 avg. like is -38.7538 over 518 frames.
LOG (gmm-acc-stats-ali[5.5.52-6d919]:main():gmm-acc-stats-ali.cc:105) Processed 10650 utterances; for utterance s037fjr2ybl00-20150804-Korean-set037014 avg. like is -49.4597 over 788 frames.
LOG (gmm-acc-stats-ali[5.5.52-6d919]:main():gmm-acc-stats-ali.cc:105) Processed 10700 utterances; for utterance s037fjr2ybl00-20150804-Korean-set037064 avg. like is -46.2279 over 578 frames.
LOG (gmm-acc-stats-ali[5.5.52-6d919]:main():gmm-acc-stats-ali.cc:105) Processed 10750 utterances; for utterance s037fjr2ybl00-20150804-KoreanvolvoSNR10-set037009 avg. like is -46.2236 over 688 frames.
LOG (gmm-acc-stats-ali[5.5.52-6d919]:main():gmm-acc-stats-ali.cc:105) Processed 10800 utterances; for utterance s037fjr2ybl00-20150804-KoreanvolvoSNR10-set037059 avg. like is -44.1909 over 588 frames.
LOG (gmm-acc-stats-ali[5.5.52-6d919]:main():gmm-acc-stats-ali.cc:105) Processed 10850 utterances; for utterance s037m2nhc00_r-20150804-Korean-set037004 avg. like is -52.0532 over 758 frames.
LOG (gmm-acc-stats-ali[5.5.52-6d919]:main():gmm-acc-stats-ali.cc:105) Processed 10900 utterances; for utterance s037m2nhc00_r-20150804-Korean-set037054 avg. like is -55.7447 over 267 frames.
LOG (gmm-acc-stats-ali[5.5.52-6d919]:main():gmm-acc-stats-ali.cc:105) Processed 10950 utterances; for utterance s037m2nhc00_r-20150804-Korean-set037104 avg. like is -52.8677 over 307 frames.
LOG (gmm-acc-stats-ali[5.5.52-6d919]:main():gmm-acc-stats-ali.cc:105) Processed 11000 utterances; for utterance s037m2nhc00_r-20150804-KoreancarSNR10-set037049 avg. like is -47.8319 over 289 frames.
LOG (gmm-acc-stats-ali[5.5.52-6d919]:main():gmm-acc-stats-ali.cc:105) Processed 11050 utterances; for utterance s037m2nhc00_r-20150804-KoreancarSNR10-set037099 avg. like is -47.3406 over 344 frames.
LOG (gmm-acc-stats-ali[5.5.52-6d919]:main():gmm-acc-stats-ali.cc:105) Processed 11100 utterances; for utterance s037mss5kjw00-20150804-Korean-set037044 avg. like is -45.1281 over 618 frames.
LOG (gmm-acc-stats-ali[5.5.52-6d919]:main():gmm-acc-stats-ali.cc:105) Processed 11150 utterances; for utterance s037mss5kjw00-20150804-Korean-set037094 avg. like is -46.3679 over 888 frames.
LOG (gmm-acc-stats-ali[5.5.52-6d919]:main():gmm-acc-stats-ali.cc:105) Processed 11200 utterances; for utterance s037mss5kjw00-20150804-KoreanleopardSNR10-set037039 avg. like is -40.797 over 658 frames.
LOG (gmm-acc-stats-ali[5.5.52-6d919]:main():gmm-acc-stats-ali.cc:105) Processed 11250 utterances; for utterance s037mss5kjw00-20150804-KoreanleopardSNR10-set037089 avg. like is -42.5139 over 748 frames.
LOG (gmm-acc-stats-ali[5.5.52-6d919]:main():gmm-acc-stats-ali.cc:105) Processed 11300 utterances; for utterance s038fss3rhk00-20150804-Korean-set038034 avg. like is -45.3593 over 1028 frames.
LOG (gmm-acc-stats-ali[5.5.52-6d919]:main():gmm-acc-stats-ali.cc:105) Processed 11350 utterances; for utterance s038fss3rhk00-20150804-Korean-set038084 avg. like is -44.4168 over 518 frames.
LOG (gmm-acc-stats-ali[5.5.52-6d919]:main():gmm-acc-stats-ali.cc:105) Processed 11400 utterances; for utterance s038m2kts00_r-20150804-Korean-set038029 avg. like is -50.1876 over 432 frames.
LOG (gmm-acc-stats-ali[5.5.52-6d919]:main():gmm-acc-stats-ali.cc:105) Processed 11450 utterances; for utterance s038m2kts00_r-20150804-Korean-set038079 avg. like is -48.1022 over 335 frames.
LOG (gmm-acc-stats-ali[5.5.52-6d919]:main():gmm-acc-stats-ali.cc:105) Processed 11500 utterances; for utterance s038m2kts00_r-20150804-KoreanpinkSNR10-set038024 avg. like is -40.0885 over 782 frames.
LOG (gmm-acc-stats-ali[5.5.52-6d919]:main():gmm-acc-stats-ali.cc:105) Processed 11550 utterances; for utterance s038m2kts00_r-20150804-KoreanpinkSNR10-set038074 avg. like is -41.476 over 310 frames.
LOG (gmm-acc-stats-ali[5.5.52-6d919]:main():gmm-acc-stats-ali.cc:105) Processed 11600 utterances; for utterance s038mjr5ccs00-20150804-Korean-set038019 avg. like is -44.1951 over 688 frames.
LOG (gmm-acc-stats-ali[5.5.52-6d919]:main():gmm-acc-stats-ali.cc:105) Processed 11650 utterances; for utterance s038mjr5ccs00-20150804-Korean-set038069 avg. like is -47.2032 over 678 frames.
LOG (gmm-acc-stats-ali[5.5.52-6d919]:main():gmm-acc-stats-ali.cc:105) Processed 11700 utterances; for utterance s038mjr5ccs00-20150804-KoreanvolvoSNR10-set038014 avg. like is -46.9068 over 1108 frames.
LOG (gmm-acc-stats-ali[5.5.52-6d919]:main():gmm-acc-stats-ali.cc:105) Processed 11750 utterances; for utterance s038mjr5ccs00-20150804-KoreanvolvoSNR10-set038064 avg. like is -41.8751 over 718 frames.
LOG (gmm-acc-stats-ali[5.5.52-6d919]:main():gmm-acc-stats-ali.cc:105) Processed 11800 utterances; for utterance s039fjr3kjh03-20150804-Korean-set039009 avg. like is -52.4495 over 878 frames.
LOG (gmm-acc-stats-ali[5.5.52-6d919]:main():gmm-acc-stats-ali.cc:105) Processed 11850 utterances; for utterance s039fjr3kjh03-20150804-Korean-set039059 avg. like is -49.704 over 1018 frames.
LOG (gmm-acc-stats-ali[5.5.52-6d919]:main():gmm-acc-stats-ali.cc:105) Processed 11900 utterances; for utterance s039fjr3kjh03-20150804-KoreandestroyeropsSNR10-set039004 avg. like is -45.9249 over 1278 frames.
LOG (gmm-acc-stats-ali[5.5.52-6d919]:main():gmm-acc-stats-ali.cc:105) Processed 11950 utterances; for utterance s039fjr3kjh03-20150804-KoreandestroyeropsSNR10-set039054 avg. like is -44.3643 over 488 frames.
LOG (gmm-acc-stats-ali[5.5.52-6d919]:main():gmm-acc-stats-ali.cc:105) Processed 12000 utterances; for utterance s039fjr3kjh03-20150804-KoreandestroyeropsSNR10-set039104 avg. like is -41.9367 over 548 frames.
LOG (gmm-acc-stats-ali[5.5.52-6d919]:main():gmm-acc-stats-ali.cc:105) Processed 12050 utterances; for utterance s039m2kyk00-20150804-Korean-set039049 avg. like is -52.4009 over 286 frames.
LOG (gmm-acc-stats-ali[5.5.52-6d919]:main():gmm-acc-stats-ali.cc:105) Processed 12100 utterances; for utterance s039m2kyk00-20150804-Korean-set039099 avg. like is -50.1562 over 335 frames.
LOG (gmm-acc-stats-ali[5.5.52-6d919]:main():gmm-acc-stats-ali.cc:105) Processed 12150 utterances; for utterance s039m2kyk00-20150804-Koreanbabble2SNR10-set039043 avg. like is -45.3238 over 340 frames.
LOG (gmm-acc-stats-ali[5.5.52-6d919]:main():gmm-acc-stats-ali.cc:105) Processed 12200 utterances; for utterance s039m2kyk00-20150804-Koreanbabble2SNR10-set039093 avg. like is -45.3737 over 374 frames.
LOG (gmm-acc-stats-ali[5.5.52-6d919]:main():gmm-acc-stats-ali.cc:105) Processed 12250 utterances; for utterance s039m2kyk00_r-20150804-Korean-set039037 avg. like is -51.2302 over 374 frames.
LOG (gmm-acc-stats-ali[5.5.52-6d919]:main():gmm-acc-stats-ali.cc:105) Processed 12300 utterances; for utterance s039m2kyk00_r-20150804-Korean-set039087 avg. like is -47.1193 over 287 frames.
LOG (gmm-acc-stats-ali[5.5.52-6d919]:main():gmm-acc-stats-ali.cc:105) Processed 12350 utterances; for utterance s039m2kyk00_r-20150804-KoreanbabbleSNR10-set039031 avg. like is -46.7927 over 342 frames.
LOG (gmm-acc-stats-ali[5.5.52-6d919]:main():gmm-acc-stats-ali.cc:105) Processed 12400 utterances; for utterance s039m2kyk00_r-20150804-KoreanbabbleSNR10-set039081 avg. like is -46.772 over 316 frames.
LOG (gmm-acc-stats-ali[5.5.52-6d919]:main():gmm-acc-stats-ali.cc:105) Processed 12450 utterances; for utterance s039mss2lsh00-20150804-Korean-set039025 avg. like is -47.1194 over 638 frames.
LOG (gmm-acc-stats-ali[5.5.52-6d919]:main():gmm-acc-stats-ali.cc:105) Processed 12500 utterances; for utterance s039mss2lsh00-20150804-Korean-set039075 avg. like is -45.2756 over 538 frames.
LOG (gmm-acc-stats-ali[5.5.52-6d919]:main():gmm-acc-stats-ali.cc:105) Processed 12550 utterances; for utterance s039mss2lsh00-20150804-Koreanleopard1SNR10-set039020 avg. like is -46.0754 over 788 frames.
LOG (gmm-acc-stats-ali[5.5.52-6d919]:main():gmm-acc-stats-ali.cc:105) Processed 12600 utterances; for utterance s039mss2lsh00-20150804-Koreanleopard1SNR10-set039070 avg. like is -44.4679 over 748 frames.
LOG (gmm-acc-stats-ali[5.5.52-6d919]:main():gmm-acc-stats-ali.cc:105) Processed 12650 utterances; for utterance s03f1jrbeg01-20150804-Korean-cps03015 avg. like is -46.4059 over 139 frames.
LOG (gmm-acc-stats-ali[5.5.52-6d919]:main():gmm-acc-stats-ali.cc:105) Processed 12700 utterances; for utterance s03f1jrbeg01-20150804-Korean-cps03065 avg. like is -49.2977 over 177 frames.
LOG (gmm-acc-stats-ali[5.5.52-6d919]:main():gmm-acc-stats-ali.cc:105) Processed 12750 utterances; for utterance s03f1jrbeg01-20150804-Korean-cps03115 avg. like is -43.075 over 128 frames.
LOG (gmm-acc-stats-ali[5.5.52-6d919]:main():gmm-acc-stats-ali.cc:105) Processed 12800 utterances; for utterance s03f1jrbeg01-20150804-Korean-cps03165 avg. like is -41.6762 over 116 frames.
LOG (gmm-acc-stats-ali[5.5.52-6d919]:main():gmm-acc-stats-ali.cc:105) Processed 12850 utterances; for utterance s03f1jrbeg01-20150804-Korean-cps03215 avg. like is -42.6002 over 170 frames.
LOG (gmm-acc-stats-ali[5.5.52-6d919]:main():gmm-acc-stats-ali.cc:105) Processed 12900 utterances; for utterance s03f1jrbeg01-20150804-Korean-cps03266 avg. like is -46.5992 over 141 frames.
LOG (gmm-acc-stats-ali[5.5.52-6d919]:main():gmm-acc-stats-ali.cc:105) Processed 12950 utterances; for utterance s03f1jrbeg01-20150804-Korean-cps03316 avg. like is -44.9659 over 158 frames.
LOG (gmm-acc-stats-ali[5.5.52-6d919]:main():gmm-acc-stats-ali.cc:105) Processed 13000 utterances; for utterance s03f1jrbeg01-20150804-Korean-cps03366 avg. like is -43.2573 over 147 frames.
LOG (apply-cmvn[5.5.52-6d919]:main():apply-cmvn.cc:162) Applied cepstral mean normalization to 13054 utterances, errors on 0
LOG (transform-feats[5.5.52-6d919]:main():transform-feats.cc:158) Overall average [pseudo-]logdet is -92.5347 over 5.98862e+06 frames.
LOG (transform-feats[5.5.52-6d919]:main():transform-feats.cc:161) Applied transform to 13054 utterances; 0 had errors.
LOG (transform-feats[5.5.52-6d919]:main():transform-feats.cc:158) Overall average logdet is 3.18365 over 5.98862e+06 frames.
LOG (transform-feats[5.5.52-6d919]:main():transform-feats.cc:161) Applied transform to 13054 utterances; 0 had errors.
LOG (gmm-acc-stats-ali[5.5.52-6d919]:main():gmm-acc-stats-ali.cc:105) Processed 13050 utterances; for utterance s03f1jrbeg01-20150804-Korean-cps03416 avg. like is -49.6781 over 149 frames.
LOG (gmm-acc-stats-ali[5.5.52-6d919]:main():gmm-acc-stats-ali.cc:112) Done 13052 files, 2 with errors.
LOG (gmm-acc-stats-ali[5.5.52-6d919]:main():gmm-acc-stats-ali.cc:115) Overall avg like per frame (Gaussian only) = -47.0103 over 5987348 frames.
LOG (gmm-acc-stats-ali[5.5.52-6d919]:main():gmm-acc-stats-ali.cc:123) Written accs.
# Accounting: time=19 threads=1
# Ended (code 0) at Tue May  7 16:15:28 KST 2019, elapsed time 19 seconds
