# gmm-acc-stats-ali exp/tri3b/26.mdl "ark,s,cs:apply-cmvn  --utt2spk=ark:data/train/split8/7/utt2spk scp:data/train/split8/7/cmvn.scp scp:data/train/split8/7/feats.scp ark:- | splice-feats  ark:- ark:- | transform-feats exp/tri2b_ali/final.mat ark:- ark:- | transform-feats --utt2spk=ark:data/train/split8/7/utt2spk ark:exp/tri3b/trans.7 ark:- ark:- |" "ark,s,cs:gunzip -c exp/tri3b/ali.7.gz|" exp/tri3b/26.7.acc 
# Started at Tue May  7 16:21:05 KST 2019
#
gmm-acc-stats-ali exp/tri3b/26.mdl 'ark,s,cs:apply-cmvn  --utt2spk=ark:data/train/split8/7/utt2spk scp:data/train/split8/7/cmvn.scp scp:data/train/split8/7/feats.scp ark:- | splice-feats  ark:- ark:- | transform-feats exp/tri2b_ali/final.mat ark:- ark:- | transform-feats --utt2spk=ark:data/train/split8/7/utt2spk ark:exp/tri3b/trans.7 ark:- ark:- |' 'ark,s,cs:gunzip -c exp/tri3b/ali.7.gz|' exp/tri3b/26.7.acc 
apply-cmvn --utt2spk=ark:data/train/split8/7/utt2spk scp:data/train/split8/7/cmvn.scp scp:data/train/split8/7/feats.scp ark:- 
transform-feats exp/tri2b_ali/final.mat ark:- ark:- 
splice-feats ark:- ark:- 
transform-feats --utt2spk=ark:data/train/split8/7/utt2spk ark:exp/tri3b/trans.7 ark:- ark:- 
LOG (gmm-acc-stats-ali[5.5.52-6d919]:main():gmm-acc-stats-ali.cc:105) Processed 50 utterances; for utterance s03f3ssjjh01-20150804-Korean-cps03051 avg. like is -49.184 over 164 frames.
LOG (gmm-acc-stats-ali[5.5.52-6d919]:main():gmm-acc-stats-ali.cc:105) Processed 100 utterances; for utterance s03f3ssjjh01-20150804-Korean-cps03101 avg. like is -55.1899 over 187 frames.
LOG (gmm-acc-stats-ali[5.5.52-6d919]:main():gmm-acc-stats-ali.cc:105) Processed 150 utterances; for utterance s03f3ssjjh01-20150804-Korean-cps03151 avg. like is -49.2789 over 147 frames.
LOG (gmm-acc-stats-ali[5.5.52-6d919]:main():gmm-acc-stats-ali.cc:105) Processed 200 utterances; for utterance s03f3ssjjh01-20150804-Korean-cps03202 avg. like is -49.7976 over 144 frames.
LOG (gmm-acc-stats-ali[5.5.52-6d919]:main():gmm-acc-stats-ali.cc:105) Processed 250 utterances; for utterance s03f3ssjjh01-20150804-Korean-cps03252 avg. like is -50.9867 over 144 frames.
LOG (gmm-acc-stats-ali[5.5.52-6d919]:main():gmm-acc-stats-ali.cc:105) Processed 300 utterances; for utterance s03f3ssjjh01-20150804-Korean-cps03303 avg. like is -50.1511 over 169 frames.
LOG (gmm-acc-stats-ali[5.5.52-6d919]:main():gmm-acc-stats-ali.cc:105) Processed 350 utterances; for utterance s03f3ssjjh01-20150804-Korean-cps03353 avg. like is -45.2874 over 135 frames.
LOG (gmm-acc-stats-ali[5.5.52-6d919]:main():gmm-acc-stats-ali.cc:105) Processed 400 utterances; for utterance s03f3ssjjh01-20150804-Korean-cps03404 avg. like is -47.5623 over 166 frames.
LOG (gmm-acc-stats-ali[5.5.52-6d919]:main():gmm-acc-stats-ali.cc:105) Processed 450 utterances; for utterance s03f3ssjjh01-20150804-KoreanhfchannelSNR10-cps03037 avg. like is -36.7104 over 160 frames.
LOG (gmm-acc-stats-ali[5.5.52-6d919]:main():gmm-acc-stats-ali.cc:105) Processed 500 utterances; for utterance s03f3ssjjh01-20150804-KoreanhfchannelSNR10-cps03087 avg. like is -42.7463 over 152 frames.
LOG (gmm-acc-stats-ali[5.5.52-6d919]:main():gmm-acc-stats-ali.cc:105) Processed 550 utterances; for utterance s03f3ssjjh01-20150804-KoreanhfchannelSNR10-cps03137 avg. like is -41.91 over 163 frames.
LOG (gmm-acc-stats-ali[5.5.52-6d919]:main():gmm-acc-stats-ali.cc:105) Processed 600 utterances; for utterance s03f3ssjjh01-20150804-KoreanhfchannelSNR10-cps03187 avg. like is -38.9701 over 147 frames.
LOG (gmm-acc-stats-ali[5.5.52-6d919]:main():gmm-acc-stats-ali.cc:105) Processed 650 utterances; for utterance s03f3ssjjh01-20150804-KoreanhfchannelSNR10-cps03238 avg. like is -40.641 over 128 frames.
LOG (gmm-acc-stats-ali[5.5.52-6d919]:main():gmm-acc-stats-ali.cc:105) Processed 700 utterances; for utterance s03f3ssjjh01-20150804-KoreanhfchannelSNR10-cps03288 avg. like is -40.0845 over 128 frames.
LOG (gmm-acc-stats-ali[5.5.52-6d919]:main():gmm-acc-stats-ali.cc:105) Processed 750 utterances; for utterance s03f3ssjjh01-20150804-KoreanhfchannelSNR10-cps03339 avg. like is -38.9176 over 129 frames.
LOG (gmm-acc-stats-ali[5.5.52-6d919]:main():gmm-acc-stats-ali.cc:105) Processed 800 utterances; for utterance s03f3ssjjh01-20150804-KoreanhfchannelSNR10-cps03389 avg. like is -39.6218 over 94 frames.
LOG (gmm-acc-stats-ali[5.5.52-6d919]:main():gmm-acc-stats-ali.cc:105) Processed 850 utterances; for utterance s03f3ssrhg01-20150804-Korean-cps03022 avg. like is -45.2406 over 229 frames.
LOG (gmm-acc-stats-ali[5.5.52-6d919]:main():gmm-acc-stats-ali.cc:105) Processed 900 utterances; for utterance s03f3ssrhg01-20150804-Korean-cps03072 avg. like is -46.9755 over 216 frames.
LOG (gmm-acc-stats-ali[5.5.52-6d919]:main():gmm-acc-stats-ali.cc:105) Processed 950 utterances; for utterance s03f3ssrhg01-20150804-Korean-cps03122 avg. like is -47.6669 over 183 frames.
LOG (gmm-acc-stats-ali[5.5.52-6d919]:main():gmm-acc-stats-ali.cc:105) Processed 1000 utterances; for utterance s03f3ssrhg01-20150804-Korean-cps03173 avg. like is -48.0963 over 185 frames.
LOG (gmm-acc-stats-ali[5.5.52-6d919]:main():gmm-acc-stats-ali.cc:105) Processed 1050 utterances; for utterance s03f3ssrhg01-20150804-Korean-cps03223 avg. like is -47.3793 over 200 frames.
LOG (gmm-acc-stats-ali[5.5.52-6d919]:main():gmm-acc-stats-ali.cc:105) Processed 1100 utterances; for utterance s03f3ssrhg01-20150804-Korean-cps03273 avg. like is -41.6149 over 214 frames.
LOG (gmm-acc-stats-ali[5.5.52-6d919]:main():gmm-acc-stats-ali.cc:105) Processed 1150 utterances; for utterance s03f3ssrhg01-20150804-Korean-cps03323 avg. like is -43.5807 over 225 frames.
LOG (gmm-acc-stats-ali[5.5.52-6d919]:main():gmm-acc-stats-ali.cc:105) Processed 1200 utterances; for utterance s03f3ssrhg01-20150804-Korean-cps03373 avg. like is -49.0699 over 249 frames.
LOG (gmm-acc-stats-ali[5.5.52-6d919]:main():gmm-acc-stats-ali.cc:105) Processed 1250 utterances; for utterance s03f3ssrhg01-20150804-Koreanbabble2SNR10-cps03007 avg. like is -42.0881 over 189 frames.
LOG (gmm-acc-stats-ali[5.5.52-6d919]:main():gmm-acc-stats-ali.cc:105) Processed 1300 utterances; for utterance s03f3ssrhg01-20150804-Koreanbabble2SNR10-cps03057 avg. like is -41.0746 over 154 frames.
LOG (gmm-acc-stats-ali[5.5.52-6d919]:main():gmm-acc-stats-ali.cc:105) Processed 1350 utterances; for utterance s03f3ssrhg01-20150804-Koreanbabble2SNR10-cps03107 avg. like is -43.7146 over 200 frames.
LOG (gmm-acc-stats-ali[5.5.52-6d919]:main():gmm-acc-stats-ali.cc:105) Processed 1400 utterances; for utterance s03f3ssrhg01-20150804-Koreanbabble2SNR10-cps03158 avg. like is -45.2007 over 205 frames.
LOG (gmm-acc-stats-ali[5.5.52-6d919]:main():gmm-acc-stats-ali.cc:105) Processed 1450 utterances; for utterance s03f3ssrhg01-20150804-Koreanbabble2SNR10-cps03208 avg. like is -45.0241 over 227 frames.
LOG (gmm-acc-stats-ali[5.5.52-6d919]:main():gmm-acc-stats-ali.cc:105) Processed 1500 utterances; for utterance s03f3ssrhg01-20150804-Koreanbabble2SNR10-cps03258 avg. like is -45.9862 over 212 frames.
LOG (gmm-acc-stats-ali[5.5.52-6d919]:main():gmm-acc-stats-ali.cc:105) Processed 1550 utterances; for utterance s03f3ssrhg01-20150804-Koreanbabble2SNR10-cps03308 avg. like is -42.4524 over 183 frames.
LOG (gmm-acc-stats-ali[5.5.52-6d919]:main():gmm-acc-stats-ali.cc:105) Processed 1600 utterances; for utterance s03f3ssrhg01-20150804-Koreanbabble2SNR10-cps03358 avg. like is -45.48 over 183 frames.
LOG (gmm-acc-stats-ali[5.5.52-6d919]:main():gmm-acc-stats-ali.cc:105) Processed 1650 utterances; for utterance s03f3ssrhg01-20150804-Koreanbabble2SNR10-cps03410 avg. like is -44.0713 over 194 frames.
LOG (gmm-acc-stats-ali[5.5.52-6d919]:main():gmm-acc-stats-ali.cc:105) Processed 1700 utterances; for utterance s03f4ssggc01-20150804-Korean-cps03044 avg. like is -53.7749 over 153 frames.
LOG (gmm-acc-stats-ali[5.5.52-6d919]:main():gmm-acc-stats-ali.cc:105) Processed 1750 utterances; for utterance s03f4ssggc01-20150804-Korean-cps03094 avg. like is -51.5067 over 152 frames.
LOG (gmm-acc-stats-ali[5.5.52-6d919]:main():gmm-acc-stats-ali.cc:105) Processed 1800 utterances; for utterance s03f4ssggc01-20150804-Korean-cps03144 avg. like is -44.8854 over 163 frames.
LOG (gmm-acc-stats-ali[5.5.52-6d919]:main():gmm-acc-stats-ali.cc:105) Processed 1850 utterances; for utterance s03f4ssggc01-20150804-Korean-cps03194 avg. like is -47.9297 over 112 frames.
LOG (gmm-acc-stats-ali[5.5.52-6d919]:main():gmm-acc-stats-ali.cc:105) Processed 1900 utterances; for utterance s03f4ssggc01-20150804-Korean-cps03244 avg. like is -51.4283 over 147 frames.
LOG (gmm-acc-stats-ali[5.5.52-6d919]:main():gmm-acc-stats-ali.cc:105) Processed 1950 utterances; for utterance s03f4ssggc01-20150804-Korean-cps03296 avg. like is -50.9077 over 138 frames.
LOG (gmm-acc-stats-ali[5.5.52-6d919]:main():gmm-acc-stats-ali.cc:105) Processed 2000 utterances; for utterance s03f4ssggc01-20150804-Korean-cps03347 avg. like is -48.495 over 156 frames.
LOG (gmm-acc-stats-ali[5.5.52-6d919]:main():gmm-acc-stats-ali.cc:105) Processed 2050 utterances; for utterance s03f4ssggc01-20150804-Korean-cps03397 avg. like is -52.6569 over 155 frames.
LOG (gmm-acc-stats-ali[5.5.52-6d919]:main():gmm-acc-stats-ali.cc:105) Processed 2100 utterances; for utterance s03f4ssggc01-20150804-Koreanfactory1SNR10-cps03032 avg. like is -41.1413 over 178 frames.
LOG (gmm-acc-stats-ali[5.5.52-6d919]:main():gmm-acc-stats-ali.cc:105) Processed 2150 utterances; for utterance s03f4ssggc01-20150804-Koreanfactory1SNR10-cps03082 avg. like is -36.3703 over 155 frames.
LOG (gmm-acc-stats-ali[5.5.52-6d919]:main():gmm-acc-stats-ali.cc:105) Processed 2200 utterances; for utterance s03f4ssggc01-20150804-Koreanfactory1SNR10-cps03132 avg. like is -36.2736 over 171 frames.
LOG (gmm-acc-stats-ali[5.5.52-6d919]:main():gmm-acc-stats-ali.cc:105) Processed 2250 utterances; for utterance s03f4ssggc01-20150804-Koreanfactory1SNR10-cps03182 avg. like is -40.2936 over 165 frames.
LOG (gmm-acc-stats-ali[5.5.52-6d919]:main():gmm-acc-stats-ali.cc:105) Processed 2300 utterances; for utterance s03f4ssggc01-20150804-Koreanfactory1SNR10-cps03232 avg. like is -36.2186 over 134 frames.
LOG (gmm-acc-stats-ali[5.5.52-6d919]:main():gmm-acc-stats-ali.cc:105) Processed 2350 utterances; for utterance s03f4ssggc01-20150804-Koreanfactory1SNR10-cps03283 avg. like is -39.6851 over 127 frames.
LOG (gmm-acc-stats-ali[5.5.52-6d919]:main():gmm-acc-stats-ali.cc:105) Processed 2400 utterances; for utterance s03f4ssggc01-20150804-Koreanfactory1SNR10-cps03335 avg. like is -41.5215 over 155 frames.
LOG (gmm-acc-stats-ali[5.5.52-6d919]:main():gmm-acc-stats-ali.cc:105) Processed 2450 utterances; for utterance s03f4ssggc01-20150804-Koreanfactory1SNR10-cps03385 avg. like is -37.6492 over 131 frames.
LOG (gmm-acc-stats-ali[5.5.52-6d919]:main():gmm-acc-stats-ali.cc:105) Processed 2500 utterances; for utterance s03fc3cys01-20150803-Korean-s03a018 avg. like is -51.6302 over 307 frames.
LOG (gmm-acc-stats-ali[5.5.52-6d919]:main():gmm-acc-stats-ali.cc:105) Processed 2550 utterances; for utterance s03fc3cys01-20150803-Korean-s03a068 avg. like is -49.8376 over 245 frames.
LOG (gmm-acc-stats-ali[5.5.52-6d919]:main():gmm-acc-stats-ali.cc:105) Processed 2600 utterances; for utterance s03fc3cys01-20150803-Korean-s03a120 avg. like is -49.7737 over 255 frames.
LOG (gmm-acc-stats-ali[5.5.52-6d919]:main():gmm-acc-stats-ali.cc:105) Processed 2650 utterances; for utterance s03fc3cys01-20150803-Koreanfactory1SNR10-s03a029 avg. like is -42.8761 over 351 frames.
LOG (gmm-acc-stats-ali[5.5.52-6d919]:main():gmm-acc-stats-ali.cc:105) Processed 2700 utterances; for utterance s03fc3cys01-20150803-Koreanfactory1SNR10-s03a079 avg. like is -38.2822 over 233 frames.
LOG (gmm-acc-stats-ali[5.5.52-6d919]:main():gmm-acc-stats-ali.cc:105) Processed 2750 utterances; for utterance s03fc3cys01-20150803-Koreanfactory1SNR10-s03a131 avg. like is -41.3379 over 281 frames.
LOG (gmm-acc-stats-ali[5.5.52-6d919]:main():gmm-acc-stats-ali.cc:105) Processed 2800 utterances; for utterance s03fg2cjk00-20150803-Korean-s03a040 avg. like is -51.6664 over 228 frames.
LOG (gmm-acc-stats-ali[5.5.52-6d919]:main():gmm-acc-stats-ali.cc:105) Processed 2850 utterances; for utterance s03fg2cjk00-20150803-Korean-s03a090 avg. like is -54.2652 over 341 frames.
LOG (gmm-acc-stats-ali[5.5.52-6d919]:main():gmm-acc-stats-ali.cc:105) Processed 2900 utterances; for utterance s03fg2cjk00-20150803-Korean-s03a140 avg. like is -57.1129 over 224 frames.
LOG (gmm-acc-stats-ali[5.5.52-6d919]:main():gmm-acc-stats-ali.cc:105) Processed 2950 utterances; for utterance s03fg2cjk00-20150803-KoreanhfchannelSNR10-s03a049 avg. like is -41.5838 over 256 frames.
LOG (gmm-acc-stats-ali[5.5.52-6d919]:main():gmm-acc-stats-ali.cc:105) Processed 3000 utterances; for utterance s03fg2cjk00-20150803-KoreanhfchannelSNR10-s03a099 avg. like is -40.5894 over 281 frames.
LOG (gmm-acc-stats-ali[5.5.52-6d919]:main():gmm-acc-stats-ali.cc:105) Processed 3050 utterances; for utterance s03fg4jun00-20150803-Korean-s03a008 avg. like is -47.1016 over 202 frames.
LOG (gmm-acc-stats-ali[5.5.52-6d919]:main():gmm-acc-stats-ali.cc:105) Processed 3100 utterances; for utterance s03fg4jun00-20150803-Korean-s03a058 avg. like is -51.0257 over 239 frames.
LOG (gmm-acc-stats-ali[5.5.52-6d919]:main():gmm-acc-stats-ali.cc:105) Processed 3150 utterances; for utterance s03fg4jun00-20150803-Korean-s03a110 avg. like is -52.5976 over 261 frames.
LOG (gmm-acc-stats-ali[5.5.52-6d919]:main():gmm-acc-stats-ali.cc:105) Processed 3200 utterances; for utterance s03fg4jun00-20150803-KoreanhfchannelSNR10-s03a019 avg. like is -38.9395 over 212 frames.
LOG (gmm-acc-stats-ali[5.5.52-6d919]:main():gmm-acc-stats-ali.cc:105) Processed 3250 utterances; for utterance s03fg4jun00-20150803-KoreanhfchannelSNR10-s03a069 avg. like is -41.3985 over 249 frames.
LOG (gmm-acc-stats-ali[5.5.52-6d919]:main():gmm-acc-stats-ali.cc:105) Processed 3300 utterances; for utterance s03fg4jun00-20150803-KoreanhfchannelSNR10-s03a121 avg. like is -39.3187 over 197 frames.
LOG (gmm-acc-stats-ali[5.5.52-6d919]:main():gmm-acc-stats-ali.cc:105) Processed 3350 utterances; for utterance s03fj4hej00-20150803-Korean-s03a030 avg. like is -54.4144 over 300 frames.
LOG (gmm-acc-stats-ali[5.5.52-6d919]:main():gmm-acc-stats-ali.cc:105) Processed 3400 utterances; for utterance s03fj4hej00-20150803-Korean-s03a080 avg. like is -51.0946 over 233 frames.
LOG (gmm-acc-stats-ali[5.5.52-6d919]:main():gmm-acc-stats-ali.cc:105) Processed 3450 utterances; for utterance s03fj4hej00-20150803-Korean-s03a130 avg. like is -57.5312 over 351 frames.
LOG (gmm-acc-stats-ali[5.5.52-6d919]:main():gmm-acc-stats-ali.cc:105) Processed 3500 utterances; for utterance s03fj4hej00-20150803-KoreanwhiteSNR10-s03a039 avg. like is -37.6996 over 204 frames.
LOG (gmm-acc-stats-ali[5.5.52-6d919]:main():gmm-acc-stats-ali.cc:105) Processed 3550 utterances; for utterance s03fj4hej00-20150803-KoreanwhiteSNR10-s03a089 avg. like is -40.8182 over 242 frames.
LOG (gmm-acc-stats-ali[5.5.52-6d919]:main():gmm-acc-stats-ali.cc:105) Processed 3600 utterances; for utterance s03fj4hej00-20150803-KoreanwhiteSNR10-s03a139 avg. like is -39.0161 over 168 frames.
LOG (gmm-acc-stats-ali[5.5.52-6d919]:main():gmm-acc-stats-ali.cc:105) Processed 3650 utterances; for utterance s03fs2oeh00-20150803-Korean-s03a048 avg. like is -49.7758 over 206 frames.
LOG (gmm-acc-stats-ali[5.5.52-6d919]:main():gmm-acc-stats-ali.cc:105) Processed 3700 utterances; for utterance s03fs2oeh00-20150803-Korean-s03a098 avg. like is -52.9061 over 249 frames.
LOG (gmm-acc-stats-ali[5.5.52-6d919]:main():gmm-acc-stats-ali.cc:105) Processed 3750 utterances; for utterance s03fs2oeh00-20150803-KoreanwhiteSNR10-s03a008 avg. like is -35.1095 over 194 frames.
LOG (gmm-acc-stats-ali[5.5.52-6d919]:main():gmm-acc-stats-ali.cc:105) Processed 3800 utterances; for utterance s03fs2oeh00-20150803-KoreanwhiteSNR10-s03a058 avg. like is -36.8789 over 248 frames.
LOG (gmm-acc-stats-ali[5.5.52-6d919]:main():gmm-acc-stats-ali.cc:105) Processed 3850 utterances; for utterance s03fs2oeh00-20150803-KoreanwhiteSNR10-s03a108 avg. like is -38.1897 over 322 frames.
LOG (gmm-acc-stats-ali[5.5.52-6d919]:main():gmm-acc-stats-ali.cc:105) Processed 3900 utterances; for utterance s03fs3ljh01-20150803-Korean-s03a018 avg. like is -51.8567 over 317 frames.
LOG (gmm-acc-stats-ali[5.5.52-6d919]:main():gmm-acc-stats-ali.cc:105) Processed 3950 utterances; for utterance s03fs3ljh01-20150803-Korean-s03a068 avg. like is -49.3201 over 240 frames.
LOG (gmm-acc-stats-ali[5.5.52-6d919]:main():gmm-acc-stats-ali.cc:105) Processed 4000 utterances; for utterance s03fs3ljh01-20150803-Korean-s03a119 avg. like is -51.8526 over 242 frames.
LOG (gmm-acc-stats-ali[5.5.52-6d919]:main():gmm-acc-stats-ali.cc:105) Processed 4050 utterances; for utterance s03fs3ljh01-20150803-KoreandestroyeropsSNR10-s03a028 avg. like is -41.5568 over 293 frames.
LOG (gmm-acc-stats-ali[5.5.52-6d919]:main():gmm-acc-stats-ali.cc:105) Processed 4100 utterances; for utterance s03fs3ljh01-20150803-KoreandestroyeropsSNR10-s03a079 avg. like is -40.1877 over 213 frames.
LOG (gmm-acc-stats-ali[5.5.52-6d919]:main():gmm-acc-stats-ali.cc:105) Processed 4150 utterances; for utterance s03fs3ljh01-20150803-KoreandestroyeropsSNR10-s03a129 avg. like is -42.046 over 233 frames.
LOG (gmm-acc-stats-ali[5.5.52-6d919]:main():gmm-acc-stats-ali.cc:105) Processed 4200 utterances; for utterance s03fs4shs01-20150803-Korean-s03a038 avg. like is -48.7156 over 193 frames.
LOG (gmm-acc-stats-ali[5.5.52-6d919]:main():gmm-acc-stats-ali.cc:105) Processed 4250 utterances; for utterance s03fs4shs01-20150803-Korean-s03a088 avg. like is -48.7296 over 250 frames.
LOG (gmm-acc-stats-ali[5.5.52-6d919]:main():gmm-acc-stats-ali.cc:105) Processed 4300 utterances; for utterance s03fs4shs01-20150803-Korean-s03a139 avg. like is -45.8708 over 151 frames.
LOG (gmm-acc-stats-ali[5.5.52-6d919]:main():gmm-acc-stats-ali.cc:105) Processed 4350 utterances; for utterance s03fs4shs01-20150803-KoreanpinkSNR10-s03a048 avg. like is -35.2149 over 198 frames.
LOG (gmm-acc-stats-ali[5.5.52-6d919]:main():gmm-acc-stats-ali.cc:105) Processed 4400 utterances; for utterance s03fs4shs01-20150803-KoreanpinkSNR10-s03a099 avg. like is -39.9849 over 316 frames.
LOG (gmm-acc-stats-ali[5.5.52-6d919]:main():gmm-acc-stats-ali.cc:105) Processed 4450 utterances; for utterance s03m1ccscm01-20150804-Korean-cps03008 avg. like is -44.8671 over 142 frames.
LOG (gmm-acc-stats-ali[5.5.52-6d919]:main():gmm-acc-stats-ali.cc:105) Processed 4500 utterances; for utterance s03m1ccscm01-20150804-Korean-cps03058 avg. like is -42.1186 over 187 frames.
LOG (gmm-acc-stats-ali[5.5.52-6d919]:main():gmm-acc-stats-ali.cc:105) Processed 4550 utterances; for utterance s03m1ccscm01-20150804-Korean-cps03108 avg. like is -42.4908 over 133 frames.
LOG (gmm-acc-stats-ali[5.5.52-6d919]:main():gmm-acc-stats-ali.cc:105) Processed 4600 utterances; for utterance s03m1ccscm01-20150804-Korean-cps03158 avg. like is -48.1339 over 151 frames.
LOG (gmm-acc-stats-ali[5.5.52-6d919]:main():gmm-acc-stats-ali.cc:105) Processed 4650 utterances; for utterance s03m1ccscm01-20150804-Korean-cps03208 avg. like is -47.828 over 194 frames.
LOG (gmm-acc-stats-ali[5.5.52-6d919]:main():gmm-acc-stats-ali.cc:105) Processed 4700 utterances; for utterance s03m1ccscm01-20150804-Korean-cps03258 avg. like is -48.1238 over 206 frames.
LOG (gmm-acc-stats-ali[5.5.52-6d919]:main():gmm-acc-stats-ali.cc:105) Processed 4750 utterances; for utterance s03m1ccscm01-20150804-Korean-cps03308 avg. like is -43.7695 over 145 frames.
LOG (gmm-acc-stats-ali[5.5.52-6d919]:main():gmm-acc-stats-ali.cc:105) Processed 4800 utterances; for utterance s03m1ccscm01-20150804-Korean-cps03358 avg. like is -44.7806 over 152 frames.
LOG (gmm-acc-stats-ali[5.5.52-6d919]:main():gmm-acc-stats-ali.cc:105) Processed 4850 utterances; for utterance s03m1ccscm01-20150804-Korean-cps03408 avg. like is -44.0286 over 171 frames.
LOG (gmm-acc-stats-ali[5.5.52-6d919]:main():gmm-acc-stats-ali.cc:105) Processed 4900 utterances; for utterance s03m1ccscm01-20150804-KoreanleopardSNR10-cps03040 avg. like is -45.5568 over 201 frames.
LOG (gmm-acc-stats-ali[5.5.52-6d919]:main():gmm-acc-stats-ali.cc:105) Processed 4950 utterances; for utterance s03m1ccscm01-20150804-KoreanleopardSNR10-cps03090 avg. like is -46.0293 over 159 frames.
LOG (gmm-acc-stats-ali[5.5.52-6d919]:main():gmm-acc-stats-ali.cc:105) Processed 5000 utterances; for utterance s03m1ccscm01-20150804-KoreanleopardSNR10-cps03140 avg. like is -41.444 over 193 frames.
LOG (gmm-acc-stats-ali[5.5.52-6d919]:main():gmm-acc-stats-ali.cc:105) Processed 5050 utterances; for utterance s03m1ccscm01-20150804-KoreanleopardSNR10-cps03190 avg. like is -45.0139 over 173 frames.
LOG (gmm-acc-stats-ali[5.5.52-6d919]:main():gmm-acc-stats-ali.cc:105) Processed 5100 utterances; for utterance s03m1ccscm01-20150804-KoreanleopardSNR10-cps03240 avg. like is -44.0639 over 165 frames.
LOG (gmm-acc-stats-ali[5.5.52-6d919]:main():gmm-acc-stats-ali.cc:105) Processed 5150 utterances; for utterance s03m1ccscm01-20150804-KoreanleopardSNR10-cps03290 avg. like is -47.557 over 171 frames.
LOG (gmm-acc-stats-ali[5.5.52-6d919]:main():gmm-acc-stats-ali.cc:105) Processed 5200 utterances; for utterance s03m1ccscm01-20150804-KoreanleopardSNR10-cps03340 avg. like is -40.9247 over 142 frames.
LOG (gmm-acc-stats-ali[5.5.52-6d919]:main():gmm-acc-stats-ali.cc:105) Processed 5250 utterances; for utterance s03m1ccscm01-20150804-KoreanleopardSNR10-cps03390 avg. like is -44.7518 over 141 frames.
LOG (gmm-acc-stats-ali[5.5.52-6d919]:main():gmm-acc-stats-ali.cc:105) Processed 5300 utterances; for utterance s03m1jrssj01-20150804-Korean-cps03022 avg. like is -44.7123 over 163 frames.
LOG (gmm-acc-stats-ali[5.5.52-6d919]:main():gmm-acc-stats-ali.cc:105) Processed 5350 utterances; for utterance s03m1jrssj01-20150804-Korean-cps03072 avg. like is -46.6673 over 157 frames.
LOG (gmm-acc-stats-ali[5.5.52-6d919]:main():gmm-acc-stats-ali.cc:105) Processed 5400 utterances; for utterance s03m1jrssj01-20150804-Korean-cps03122 avg. like is -41.0461 over 169 frames.
LOG (gmm-acc-stats-ali[5.5.52-6d919]:main():gmm-acc-stats-ali.cc:105) Processed 5450 utterances; for utterance s03m1jrssj01-20150804-Korean-cps03172 avg. like is -46.8809 over 170 frames.
LOG (gmm-acc-stats-ali[5.5.52-6d919]:main():gmm-acc-stats-ali.cc:105) Processed 5500 utterances; for utterance s03m1jrssj01-20150804-Korean-cps03223 avg. like is -47.0516 over 167 frames.
LOG (gmm-acc-stats-ali[5.5.52-6d919]:main():gmm-acc-stats-ali.cc:105) Processed 5550 utterances; for utterance s03m1jrssj01-20150804-Korean-cps03274 avg. like is -47.4472 over 172 frames.
LOG (gmm-acc-stats-ali[5.5.52-6d919]:main():gmm-acc-stats-ali.cc:105) Processed 5600 utterances; for utterance s03m1jrssj01-20150804-Korean-cps03326 avg. like is -40.1095 over 152 frames.
LOG (gmm-acc-stats-ali[5.5.52-6d919]:main():gmm-acc-stats-ali.cc:105) Processed 5650 utterances; for utterance s03m1jrssj01-20150804-Korean-cps03376 avg. like is -41.7937 over 153 frames.
LOG (gmm-acc-stats-ali[5.5.52-6d919]:main():gmm-acc-stats-ali.cc:105) Processed 5700 utterances; for utterance s03m1jrssj01-20150804-Koreanfactory1SNR10-cps03009 avg. like is -42.6562 over 157 frames.
LOG (gmm-acc-stats-ali[5.5.52-6d919]:main():gmm-acc-stats-ali.cc:105) Processed 5750 utterances; for utterance s03m1jrssj01-20150804-Koreanfactory1SNR10-cps03059 avg. like is -39.8258 over 178 frames.
LOG (gmm-acc-stats-ali[5.5.52-6d919]:main():gmm-acc-stats-ali.cc:105) Processed 5800 utterances; for utterance s03m1jrssj01-20150804-Koreanfactory1SNR10-cps03109 avg. like is -43.0428 over 182 frames.
LOG (gmm-acc-stats-ali[5.5.52-6d919]:main():gmm-acc-stats-ali.cc:105) Processed 5850 utterances; for utterance s03m1jrssj01-20150804-Koreanfactory1SNR10-cps03159 avg. like is -42.0283 over 168 frames.
LOG (gmm-acc-stats-ali[5.5.52-6d919]:main():gmm-acc-stats-ali.cc:105) Processed 5900 utterances; for utterance s03m1jrssj01-20150804-Koreanfactory1SNR10-cps03209 avg. like is -40.0551 over 156 frames.
LOG (gmm-acc-stats-ali[5.5.52-6d919]:main():gmm-acc-stats-ali.cc:105) Processed 5950 utterances; for utterance s03m1jrssj01-20150804-Koreanfactory1SNR10-cps03261 avg. like is -42.0931 over 180 frames.
LOG (gmm-acc-stats-ali[5.5.52-6d919]:main():gmm-acc-stats-ali.cc:105) Processed 6000 utterances; for utterance s03m1jrssj01-20150804-Koreanfactory1SNR10-cps03313 avg. like is -41.9602 over 154 frames.
LOG (gmm-acc-stats-ali[5.5.52-6d919]:main():gmm-acc-stats-ali.cc:105) Processed 6050 utterances; for utterance s03m1jrssj01-20150804-Koreanfactory1SNR10-cps03363 avg. like is -40.3959 over 148 frames.
LOG (gmm-acc-stats-ali[5.5.52-6d919]:main():gmm-acc-stats-ali.cc:105) Processed 6100 utterances; for utterance s03m1jrssj01-20150804-Koreanfactory1SNR10-cps03414 avg. like is -44.4932 over 170 frames.
LOG (gmm-acc-stats-ali[5.5.52-6d919]:main():gmm-acc-stats-ali.cc:105) Processed 6150 utterances; for utterance s03m1ksihg01-20150804-Korean-cps03046 avg. like is -40.1795 over 123 frames.
LOG (gmm-acc-stats-ali[5.5.52-6d919]:main():gmm-acc-stats-ali.cc:105) Processed 6200 utterances; for utterance s03m1ksihg01-20150804-Korean-cps03096 avg. like is -44.6575 over 172 frames.
LOG (gmm-acc-stats-ali[5.5.52-6d919]:main():gmm-acc-stats-ali.cc:105) Processed 6250 utterances; for utterance s03m1ksihg01-20150804-Korean-cps03146 avg. like is -47.7872 over 133 frames.
LOG (gmm-acc-stats-ali[5.5.52-6d919]:main():gmm-acc-stats-ali.cc:105) Processed 6300 utterances; for utterance s03m1ksihg01-20150804-Korean-cps03196 avg. like is -40.9001 over 145 frames.
LOG (gmm-acc-stats-ali[5.5.52-6d919]:main():gmm-acc-stats-ali.cc:105) Processed 6350 utterances; for utterance s03m1ksihg01-20150804-Korean-cps03246 avg. like is -45.16 over 154 frames.
LOG (gmm-acc-stats-ali[5.5.52-6d919]:main():gmm-acc-stats-ali.cc:105) Processed 6400 utterances; for utterance s03m1ksihg01-20150804-Korean-cps03297 avg. like is -46.3203 over 170 frames.
LOG (gmm-acc-stats-ali[5.5.52-6d919]:main():gmm-acc-stats-ali.cc:105) Processed 6450 utterances; for utterance s03m1ksihg01-20150804-Korean-cps03347 avg. like is -41.628 over 169 frames.
LOG (gmm-acc-stats-ali[5.5.52-6d919]:main():gmm-acc-stats-ali.cc:105) Processed 6500 utterances; for utterance s03m1ksihg01-20150804-Korean-cps03397 avg. like is -52.3362 over 171 frames.
LOG (gmm-acc-stats-ali[5.5.52-6d919]:main():gmm-acc-stats-ali.cc:105) Processed 6550 utterances; for utterance s03m1ksihg01-20150804-Koreancar1SNR10-cps03030 avg. like is -46.2474 over 181 frames.
LOG (gmm-acc-stats-ali[5.5.52-6d919]:main():gmm-acc-stats-ali.cc:105) Processed 6600 utterances; for utterance s03m1ksihg01-20150804-Koreancar1SNR10-cps03080 avg. like is -42.6076 over 156 frames.
LOG (gmm-acc-stats-ali[5.5.52-6d919]:main():gmm-acc-stats-ali.cc:105) Processed 6650 utterances; for utterance s03m1ksihg01-20150804-Koreancar1SNR10-cps03130 avg. like is -40.1575 over 125 frames.
LOG (gmm-acc-stats-ali[5.5.52-6d919]:main():gmm-acc-stats-ali.cc:105) Processed 6700 utterances; for utterance s03m1ksihg01-20150804-Koreancar1SNR10-cps03180 avg. like is -42.47 over 166 frames.
LOG (gmm-acc-stats-ali[5.5.52-6d919]:main():gmm-acc-stats-ali.cc:105) Processed 6750 utterances; for utterance s03m1ksihg01-20150804-Koreancar1SNR10-cps03230 avg. like is -43.6502 over 148 frames.
LOG (gmm-acc-stats-ali[5.5.52-6d919]:main():gmm-acc-stats-ali.cc:105) Processed 6800 utterances; for utterance s03m1ksihg01-20150804-Koreancar1SNR10-cps03281 avg. like is -42.8631 over 165 frames.
LOG (gmm-acc-stats-ali[5.5.52-6d919]:main():gmm-acc-stats-ali.cc:105) Processed 6850 utterances; for utterance s03m1ksihg01-20150804-Koreancar1SNR10-cps03331 avg. like is -43.7004 over 161 frames.
LOG (gmm-acc-stats-ali[5.5.52-6d919]:main():gmm-acc-stats-ali.cc:105) Processed 6900 utterances; for utterance s03m1ksihg01-20150804-Koreancar1SNR10-cps03381 avg. like is -44.6131 over 161 frames.
LOG (gmm-acc-stats-ali[5.5.52-6d919]:main():gmm-acc-stats-ali.cc:105) Processed 6950 utterances; for utterance s03m1ssggz02-20150804-Korean-cps03014 avg. like is -48.2179 over 146 frames.
LOG (gmm-acc-stats-ali[5.5.52-6d919]:main():gmm-acc-stats-ali.cc:105) Processed 7000 utterances; for utterance s03m1ssggz02-20150804-Korean-cps03064 avg. like is -41.9676 over 179 frames.
LOG (gmm-acc-stats-ali[5.5.52-6d919]:main():gmm-acc-stats-ali.cc:105) Processed 7050 utterances; for utterance s03m1ssggz02-20150804-Korean-cps03114 avg. like is -50.5984 over 163 frames.
LOG (gmm-acc-stats-ali[5.5.52-6d919]:main():gmm-acc-stats-ali.cc:105) Processed 7100 utterances; for utterance s03m1ssggz02-20150804-Korean-cps03164 avg. like is -40.7771 over 171 frames.
LOG (gmm-acc-stats-ali[5.5.52-6d919]:main():gmm-acc-stats-ali.cc:105) Processed 7150 utterances; for utterance s03m1ssggz02-20150804-Korean-cps03214 avg. like is -48.8678 over 150 frames.
LOG (gmm-acc-stats-ali[5.5.52-6d919]:main():gmm-acc-stats-ali.cc:105) Processed 7200 utterances; for utterance s03m1ssggz02-20150804-Korean-cps03264 avg. like is -41.929 over 177 frames.
LOG (gmm-acc-stats-ali[5.5.52-6d919]:main():gmm-acc-stats-ali.cc:105) Processed 7250 utterances; for utterance s03m1ssggz02-20150804-Korean-cps03315 avg. like is -49.5578 over 161 frames.
LOG (gmm-acc-stats-ali[5.5.52-6d919]:main():gmm-acc-stats-ali.cc:105) Processed 7300 utterances; for utterance s03m1ssggz02-20150804-Korean-cps03365 avg. like is -47.1688 over 161 frames.
LOG (gmm-acc-stats-ali[5.5.52-6d919]:main():gmm-acc-stats-ali.cc:105) Processed 7350 utterances; for utterance s03m1ssggz02-20150804-Korean-cps03415 avg. like is -50.8159 over 207 frames.
LOG (gmm-acc-stats-ali[5.5.52-6d919]:main():gmm-acc-stats-ali.cc:105) Processed 7400 utterances; for utterance s03m1ssggz02-20150804-KoreanbabbleSNR10-cps03047 avg. like is -46.9705 over 159 frames.
LOG (gmm-acc-stats-ali[5.5.52-6d919]:main():gmm-acc-stats-ali.cc:105) Processed 7450 utterances; for utterance s03m1ssggz02-20150804-KoreanbabbleSNR10-cps03097 avg. like is -47.1578 over 161 frames.
LOG (gmm-acc-stats-ali[5.5.52-6d919]:main():gmm-acc-stats-ali.cc:105) Processed 7500 utterances; for utterance s03m1ssggz02-20150804-KoreanbabbleSNR10-cps03147 avg. like is -47.7093 over 165 frames.
LOG (gmm-acc-stats-ali[5.5.52-6d919]:main():gmm-acc-stats-ali.cc:105) Processed 7550 utterances; for utterance s03m1ssggz02-20150804-KoreanbabbleSNR10-cps03197 avg. like is -47.0697 over 194 frames.
LOG (gmm-acc-stats-ali[5.5.52-6d919]:main():gmm-acc-stats-ali.cc:105) Processed 7600 utterances; for utterance s03m1ssggz02-20150804-KoreanbabbleSNR10-cps03247 avg. like is -46.8149 over 144 frames.
LOG (gmm-acc-stats-ali[5.5.52-6d919]:main():gmm-acc-stats-ali.cc:105) Processed 7650 utterances; for utterance s03m1ssggz02-20150804-KoreanbabbleSNR10-cps03297 avg. like is -47.6857 over 156 frames.
LOG (gmm-acc-stats-ali[5.5.52-6d919]:main():gmm-acc-stats-ali.cc:105) Processed 7700 utterances; for utterance s03m1ssggz02-20150804-KoreanbabbleSNR10-cps03348 avg. like is -48.8263 over 156 frames.
LOG (gmm-acc-stats-ali[5.5.52-6d919]:main():gmm-acc-stats-ali.cc:105) Processed 7750 utterances; for utterance s03m1ssggz02-20150804-KoreanbabbleSNR10-cps03398 avg. like is -46.3841 over 177 frames.
LOG (gmm-acc-stats-ali[5.5.52-6d919]:main():gmm-acc-stats-ali.cc:105) Processed 7800 utterances; for utterance s03m1ssgmg02-20150804-Korean-cps03030 avg. like is -55.4303 over 157 frames.
LOG (gmm-acc-stats-ali[5.5.52-6d919]:main():gmm-acc-stats-ali.cc:105) Processed 7850 utterances; for utterance s03m1ssgmg02-20150804-Korean-cps03080 avg. like is -51.939 over 147 frames.
LOG (gmm-acc-stats-ali[5.5.52-6d919]:main():gmm-acc-stats-ali.cc:105) Processed 7900 utterances; for utterance s03m1ssgmg02-20150804-Korean-cps03132 avg. like is -53.2551 over 152 frames.
LOG (gmm-acc-stats-ali[5.5.52-6d919]:main():gmm-acc-stats-ali.cc:105) Processed 7950 utterances; for utterance s03m1ssgmg02-20150804-Korean-cps03183 avg. like is -56.0224 over 160 frames.
LOG (gmm-acc-stats-ali[5.5.52-6d919]:main():gmm-acc-stats-ali.cc:105) Processed 8000 utterances; for utterance s03m1ssgmg02-20150804-Korean-cps03235 avg. like is -54.5912 over 158 frames.
LOG (gmm-acc-stats-ali[5.5.52-6d919]:main():gmm-acc-stats-ali.cc:105) Processed 8050 utterances; for utterance s03m1ssgmg02-20150804-Korean-cps03285 avg. like is -51.5246 over 173 frames.
LOG (gmm-acc-stats-ali[5.5.52-6d919]:main():gmm-acc-stats-ali.cc:105) Processed 8100 utterances; for utterance s03m1ssgmg02-20150804-Korean-cps03335 avg. like is -55.1008 over 147 frames.
LOG (gmm-acc-stats-ali[5.5.52-6d919]:main():gmm-acc-stats-ali.cc:105) Processed 8150 utterances; for utterance s03m1ssgmg02-20150804-Korean-cps03385 avg. like is -49.6055 over 143 frames.
LOG (gmm-acc-stats-ali[5.5.52-6d919]:main():gmm-acc-stats-ali.cc:105) Processed 8200 utterances; for utterance s03m1ssgmg02-20150804-KoreanhfchannelSNR10-cps03018 avg. like is -41.2435 over 140 frames.
LOG (gmm-acc-stats-ali[5.5.52-6d919]:main():gmm-acc-stats-ali.cc:105) Processed 8250 utterances; for utterance s03m1ssgmg02-20150804-KoreanhfchannelSNR10-cps03068 avg. like is -40.3566 over 139 frames.
LOG (gmm-acc-stats-ali[5.5.52-6d919]:main():gmm-acc-stats-ali.cc:105) Processed 8300 utterances; for utterance s03m1ssgmg02-20150804-KoreanhfchannelSNR10-cps03119 avg. like is -40.4848 over 125 frames.
LOG (gmm-acc-stats-ali[5.5.52-6d919]:main():gmm-acc-stats-ali.cc:105) Processed 8350 utterances; for utterance s03m1ssgmg02-20150804-KoreanhfchannelSNR10-cps03171 avg. like is -40.6636 over 187 frames.
LOG (gmm-acc-stats-ali[5.5.52-6d919]:main():gmm-acc-stats-ali.cc:105) Processed 8400 utterances; for utterance s03m1ssgmg02-20150804-KoreanhfchannelSNR10-cps03223 avg. like is -43.4494 over 147 frames.
LOG (gmm-acc-stats-ali[5.5.52-6d919]:main():gmm-acc-stats-ali.cc:105) Processed 8450 utterances; for utterance s03m1ssgmg02-20150804-KoreanhfchannelSNR10-cps03273 avg. like is -36.3897 over 155 frames.
LOG (gmm-acc-stats-ali[5.5.52-6d919]:main():gmm-acc-stats-ali.cc:105) Processed 8500 utterances; for utterance s03m1ssgmg02-20150804-KoreanhfchannelSNR10-cps03323 avg. like is -40.6144 over 163 frames.
LOG (gmm-acc-stats-ali[5.5.52-6d919]:main():gmm-acc-stats-ali.cc:105) Processed 8550 utterances; for utterance s03m1ssgmg02-20150804-KoreanhfchannelSNR10-cps03373 avg. like is -43.5137 over 187 frames.
LOG (gmm-acc-stats-ali[5.5.52-6d919]:main():gmm-acc-stats-ali.cc:105) Processed 8600 utterances; for utterance s03m1ssgpy01-20150804-Korean-cps03006 avg. like is -54.4014 over 152 frames.
LOG (gmm-acc-stats-ali[5.5.52-6d919]:main():gmm-acc-stats-ali.cc:105) Processed 8650 utterances; for utterance s03m1ssgpy01-20150804-Korean-cps03056 avg. like is -47.8505 over 162 frames.
LOG (gmm-acc-stats-ali[5.5.52-6d919]:main():gmm-acc-stats-ali.cc:105) Processed 8700 utterances; for utterance s03m1ssgpy01-20150804-Korean-cps03106 avg. like is -46.1766 over 133 frames.
LOG (gmm-acc-stats-ali[5.5.52-6d919]:main():gmm-acc-stats-ali.cc:105) Processed 8750 utterances; for utterance s03m1ssgpy01-20150804-Korean-cps03156 avg. like is -53.8485 over 156 frames.
LOG (gmm-acc-stats-ali[5.5.52-6d919]:main():gmm-acc-stats-ali.cc:105) Processed 8800 utterances; for utterance s03m1ssgpy01-20150804-Korean-cps03206 avg. like is -50.2111 over 175 frames.
LOG (gmm-acc-stats-ali[5.5.52-6d919]:main():gmm-acc-stats-ali.cc:105) Processed 8850 utterances; for utterance s03m1ssgpy01-20150804-Korean-cps03256 avg. like is -49.9201 over 162 frames.
LOG (gmm-acc-stats-ali[5.5.52-6d919]:main():gmm-acc-stats-ali.cc:105) Processed 8900 utterances; for utterance s03m1ssgpy01-20150804-Korean-cps03308 avg. like is -45.0864 over 150 frames.
LOG (gmm-acc-stats-ali[5.5.52-6d919]:main():gmm-acc-stats-ali.cc:105) Processed 8950 utterances; for utterance s03m1ssgpy01-20150804-Korean-cps03358 avg. like is -48.9052 over 149 frames.
LOG (gmm-acc-stats-ali[5.5.52-6d919]:main():gmm-acc-stats-ali.cc:105) Processed 9000 utterances; for utterance s03m1ssgpy01-20150804-Korean-cps03409 avg. like is -46.5378 over 174 frames.
LOG (gmm-acc-stats-ali[5.5.52-6d919]:main():gmm-acc-stats-ali.cc:105) Processed 9050 utterances; for utterance s03m1ssgpy01-20150804-KoreanpinkSNR10-cps03041 avg. like is -40.2145 over 163 frames.
LOG (gmm-acc-stats-ali[5.5.52-6d919]:main():gmm-acc-stats-ali.cc:105) Processed 9100 utterances; for utterance s03m1ssgpy01-20150804-KoreanpinkSNR10-cps03091 avg. like is -41.0219 over 155 frames.
LOG (gmm-acc-stats-ali[5.5.52-6d919]:main():gmm-acc-stats-ali.cc:105) Processed 9150 utterances; for utterance s03m1ssgpy01-20150804-KoreanpinkSNR10-cps03141 avg. like is -40.2072 over 136 frames.
LOG (gmm-acc-stats-ali[5.5.52-6d919]:main():gmm-acc-stats-ali.cc:105) Processed 9200 utterances; for utterance s03m1ssgpy01-20150804-KoreanpinkSNR10-cps03191 avg. like is -40.7681 over 163 frames.
LOG (gmm-acc-stats-ali[5.5.52-6d919]:main():gmm-acc-stats-ali.cc:105) Processed 9250 utterances; for utterance s03m1ssgpy01-20150804-KoreanpinkSNR10-cps03241 avg. like is -40.0882 over 137 frames.
LOG (gmm-acc-stats-ali[5.5.52-6d919]:main():gmm-acc-stats-ali.cc:105) Processed 9300 utterances; for utterance s03m1ssgpy01-20150804-KoreanpinkSNR10-cps03293 avg. like is -39.5821 over 167 frames.
LOG (gmm-acc-stats-ali[5.5.52-6d919]:main():gmm-acc-stats-ali.cc:105) Processed 9350 utterances; for utterance s03m1ssgpy01-20150804-KoreanpinkSNR10-cps03343 avg. like is -41.6348 over 147 frames.
LOG (gmm-acc-stats-ali[5.5.52-6d919]:main():gmm-acc-stats-ali.cc:105) Processed 9400 utterances; for utterance s03m1ssgpy01-20150804-KoreanpinkSNR10-cps03393 avg. like is -37.8808 over 155 frames.
LOG (gmm-acc-stats-ali[5.5.52-6d919]:main():gmm-acc-stats-ali.cc:105) Processed 9450 utterances; for utterance s03m1ssgyc01-20150804-Korean-cps03026 avg. like is -57.3939 over 144 frames.
LOG (gmm-acc-stats-ali[5.5.52-6d919]:main():gmm-acc-stats-ali.cc:105) Processed 9500 utterances; for utterance s03m1ssgyc01-20150804-Korean-cps03076 avg. like is -52.7767 over 213 frames.
LOG (gmm-acc-stats-ali[5.5.52-6d919]:main():gmm-acc-stats-ali.cc:105) Processed 9550 utterances; for utterance s03m1ssgyc01-20150804-Korean-cps03127 avg. like is -53.0464 over 180 frames.
LOG (gmm-acc-stats-ali[5.5.52-6d919]:main():gmm-acc-stats-ali.cc:105) Processed 9600 utterances; for utterance s03m1ssgyc01-20150804-Korean-cps03178 avg. like is -44.4999 over 171 frames.
LOG (gmm-acc-stats-ali[5.5.52-6d919]:main():gmm-acc-stats-ali.cc:105) Processed 9650 utterances; for utterance s03m1ssgyc01-20150804-Korean-cps03228 avg. like is -50.523 over 186 frames.
LOG (gmm-acc-stats-ali[5.5.52-6d919]:main():gmm-acc-stats-ali.cc:105) Processed 9700 utterances; for utterance s03m1ssgyc01-20150804-Korean-cps03279 avg. like is -53.3984 over 183 frames.
LOG (gmm-acc-stats-ali[5.5.52-6d919]:main():gmm-acc-stats-ali.cc:105) Processed 9750 utterances; for utterance s03m1ssgyc01-20150804-Korean-cps03329 avg. like is -55.4796 over 191 frames.
LOG (gmm-acc-stats-ali[5.5.52-6d919]:main():gmm-acc-stats-ali.cc:105) Processed 9800 utterances; for utterance s03m1ssgyc01-20150804-Korean-cps03379 avg. like is -46.3288 over 199 frames.
LOG (gmm-acc-stats-ali[5.5.52-6d919]:main():gmm-acc-stats-ali.cc:105) Processed 9850 utterances; for utterance s03m1ssgyc01-20150804-KoreanpinkSNR10-cps03012 avg. like is -39.808 over 172 frames.
LOG (gmm-acc-stats-ali[5.5.52-6d919]:main():gmm-acc-stats-ali.cc:105) Processed 9900 utterances; for utterance s03m1ssgyc01-20150804-KoreanpinkSNR10-cps03062 avg. like is -37.7055 over 207 frames.
LOG (gmm-acc-stats-ali[5.5.52-6d919]:main():gmm-acc-stats-ali.cc:105) Processed 9950 utterances; for utterance s03m1ssgyc01-20150804-KoreanpinkSNR10-cps03112 avg. like is -37.6715 over 196 frames.
LOG (gmm-acc-stats-ali[5.5.52-6d919]:main():gmm-acc-stats-ali.cc:105) Processed 10000 utterances; for utterance s03m1ssgyc01-20150804-KoreanpinkSNR10-cps03163 avg. like is -37.2639 over 120 frames.
LOG (gmm-acc-stats-ali[5.5.52-6d919]:main():gmm-acc-stats-ali.cc:105) Processed 10050 utterances; for utterance s03m1ssgyc01-20150804-KoreanpinkSNR10-cps03214 avg. like is -37.0003 over 186 frames.
LOG (gmm-acc-stats-ali[5.5.52-6d919]:main():gmm-acc-stats-ali.cc:105) Processed 10100 utterances; for utterance s03m1ssgyc01-20150804-KoreanpinkSNR10-cps03264 avg. like is -36.8098 over 192 frames.
LOG (gmm-acc-stats-ali[5.5.52-6d919]:main():gmm-acc-stats-ali.cc:105) Processed 10150 utterances; for utterance s03m1ssgyc01-20150804-KoreanpinkSNR10-cps03315 avg. like is -37.74 over 167 frames.
LOG (gmm-acc-stats-ali[5.5.52-6d919]:main():gmm-acc-stats-ali.cc:105) Processed 10200 utterances; for utterance s03m1ssgyc01-20150804-KoreanpinkSNR10-cps03365 avg. like is -38.1193 over 158 frames.
LOG (gmm-acc-stats-ali[5.5.52-6d919]:main():gmm-acc-stats-ali.cc:105) Processed 10250 utterances; for utterance s03m1ssgyc01-20150804-KoreanpinkSNR10-cps03416 avg. like is -39.5988 over 185 frames.
LOG (gmm-acc-stats-ali[5.5.52-6d919]:main():gmm-acc-stats-ali.cc:105) Processed 10300 utterances; for utterance s03m2ccjjp01-20150804-Korean-cps03049 avg. like is -53.3413 over 123 frames.
LOG (gmm-acc-stats-ali[5.5.52-6d919]:main():gmm-acc-stats-ali.cc:105) Processed 10350 utterances; for utterance s03m2ccjjp01-20150804-Korean-cps03099 avg. like is -49.1341 over 162 frames.
LOG (gmm-acc-stats-ali[5.5.52-6d919]:main():gmm-acc-stats-ali.cc:105) Processed 10400 utterances; for utterance s03m2ccjjp01-20150804-Korean-cps03149 avg. like is -51.0478 over 126 frames.
LOG (gmm-acc-stats-ali[5.5.52-6d919]:main():gmm-acc-stats-ali.cc:105) Processed 10450 utterances; for utterance s03m2ccjjp01-20150804-Korean-cps03199 avg. like is -51.9674 over 145 frames.
LOG (gmm-acc-stats-ali[5.5.52-6d919]:main():gmm-acc-stats-ali.cc:105) Processed 10500 utterances; for utterance s03m2ccjjp01-20150804-Korean-cps03249 avg. like is -46.0339 over 131 frames.
LOG (gmm-acc-stats-ali[5.5.52-6d919]:main():gmm-acc-stats-ali.cc:105) Processed 10550 utterances; for utterance s03m2ccjjp01-20150804-Korean-cps03300 avg. like is -50.9437 over 140 frames.
LOG (gmm-acc-stats-ali[5.5.52-6d919]:main():gmm-acc-stats-ali.cc:105) Processed 10600 utterances; for utterance s03m2ccjjp01-20150804-Korean-cps03350 avg. like is -45.9189 over 139 frames.
LOG (gmm-acc-stats-ali[5.5.52-6d919]:main():gmm-acc-stats-ali.cc:105) Processed 10650 utterances; for utterance s03m2ccjjp01-20150804-Korean-cps03400 avg. like is -47.5772 over 120 frames.
LOG (gmm-acc-stats-ali[5.5.52-6d919]:main():gmm-acc-stats-ali.cc:105) Processed 10700 utterances; for utterance s03m2ccjjp01-20150804-KoreandestroyeropsSNR10-cps03033 avg. like is -45.7652 over 129 frames.
LOG (gmm-acc-stats-ali[5.5.52-6d919]:main():gmm-acc-stats-ali.cc:105) Processed 10750 utterances; for utterance s03m2ccjjp01-20150804-KoreandestroyeropsSNR10-cps03083 avg. like is -44.3915 over 137 frames.
LOG (gmm-acc-stats-ali[5.5.52-6d919]:main():gmm-acc-stats-ali.cc:105) Processed 10800 utterances; for utterance s03m2ccjjp01-20150804-KoreandestroyeropsSNR10-cps03133 avg. like is -41.3895 over 113 frames.
LOG (gmm-acc-stats-ali[5.5.52-6d919]:main():gmm-acc-stats-ali.cc:105) Processed 10850 utterances; for utterance s03m2ccjjp01-20150804-KoreandestroyeropsSNR10-cps03183 avg. like is -45.0887 over 142 frames.
LOG (gmm-acc-stats-ali[5.5.52-6d919]:main():gmm-acc-stats-ali.cc:105) Processed 10900 utterances; for utterance s03m2ccjjp01-20150804-KoreandestroyeropsSNR10-cps03233 avg. like is -45.7495 over 142 frames.
LOG (gmm-acc-stats-ali[5.5.52-6d919]:main():gmm-acc-stats-ali.cc:105) Processed 10950 utterances; for utterance s03m2ccjjp01-20150804-KoreandestroyeropsSNR10-cps03284 avg. like is -43.5089 over 120 frames.
LOG (gmm-acc-stats-ali[5.5.52-6d919]:main():gmm-acc-stats-ali.cc:105) Processed 11000 utterances; for utterance s03m2ccjjp01-20150804-KoreandestroyeropsSNR10-cps03334 avg. like is -46.5002 over 140 frames.
LOG (gmm-acc-stats-ali[5.5.52-6d919]:main():gmm-acc-stats-ali.cc:105) Processed 11050 utterances; for utterance s03m2ccjjp01-20150804-KoreandestroyeropsSNR10-cps03384 avg. like is -45.2187 over 202 frames.
LOG (gmm-acc-stats-ali[5.5.52-6d919]:main():gmm-acc-stats-ali.cc:105) Processed 11100 utterances; for utterance s03m2ksbsu02-20150804-Korean-cps03016 avg. like is -49.7065 over 149 frames.
LOG (gmm-acc-stats-ali[5.5.52-6d919]:main():gmm-acc-stats-ali.cc:105) Processed 11150 utterances; for utterance s03m2ksbsu02-20150804-Korean-cps03066 avg. like is -45.3311 over 154 frames.
LOG (gmm-acc-stats-ali[5.5.52-6d919]:main():gmm-acc-stats-ali.cc:105) Processed 11200 utterances; for utterance s03m2ksbsu02-20150804-Korean-cps03116 avg. like is -39.9013 over 127 frames.
LOG (gmm-acc-stats-ali[5.5.52-6d919]:main():gmm-acc-stats-ali.cc:105) Processed 11250 utterances; for utterance s03m2ksbsu02-20150804-Korean-cps03166 avg. like is -45.707 over 165 frames.
LOG (gmm-acc-stats-ali[5.5.52-6d919]:main():gmm-acc-stats-ali.cc:105) Processed 11300 utterances; for utterance s03m2ksbsu02-20150804-Korean-cps03217 avg. like is -44.7381 over 200 frames.
LOG (gmm-acc-stats-ali[5.5.52-6d919]:main():gmm-acc-stats-ali.cc:105) Processed 11350 utterances; for utterance s03m2ksbsu02-20150804-Korean-cps03267 avg. like is -44.084 over 157 frames.
LOG (gmm-acc-stats-ali[5.5.52-6d919]:main():gmm-acc-stats-ali.cc:105) Processed 11400 utterances; for utterance s03m2ksbsu02-20150804-Korean-cps03317 avg. like is -44.2246 over 163 frames.
LOG (gmm-acc-stats-ali[5.5.52-6d919]:main():gmm-acc-stats-ali.cc:105) Processed 11450 utterances; for utterance s03m2ksbsu02-20150804-Korean-cps03368 avg. like is -41.183 over 146 frames.
LOG (gmm-acc-stats-ali[5.5.52-6d919]:main():gmm-acc-stats-ali.cc:105) Processed 11500 utterances; for utterance s03m2ksbsu02-20150804-Koreanleopard2SNR10-cps03002 avg. like is -45.8705 over 142 frames.
LOG (gmm-acc-stats-ali[5.5.52-6d919]:main():gmm-acc-stats-ali.cc:105) Processed 11550 utterances; for utterance s03m2ksbsu02-20150804-Koreanleopard2SNR10-cps03052 avg. like is -44.1871 over 148 frames.
LOG (gmm-acc-stats-ali[5.5.52-6d919]:main():gmm-acc-stats-ali.cc:105) Processed 11600 utterances; for utterance s03m2ksbsu02-20150804-Koreanleopard2SNR10-cps03102 avg. like is -45.5857 over 141 frames.
LOG (gmm-acc-stats-ali[5.5.52-6d919]:main():gmm-acc-stats-ali.cc:105) Processed 11650 utterances; for utterance s03m2ksbsu02-20150804-Koreanleopard2SNR10-cps03152 avg. like is -46.1923 over 171 frames.
LOG (gmm-acc-stats-ali[5.5.52-6d919]:main():gmm-acc-stats-ali.cc:105) Processed 11700 utterances; for utterance s03m2ksbsu02-20150804-Koreanleopard2SNR10-cps03203 avg. like is -42.3093 over 127 frames.
LOG (gmm-acc-stats-ali[5.5.52-6d919]:main():gmm-acc-stats-ali.cc:105) Processed 11750 utterances; for utterance s03m2ksbsu02-20150804-Koreanleopard2SNR10-cps03253 avg. like is -45.3136 over 136 frames.
LOG (gmm-acc-stats-ali[5.5.52-6d919]:main():gmm-acc-stats-ali.cc:105) Processed 11800 utterances; for utterance s03m2ksbsu02-20150804-Koreanleopard2SNR10-cps03303 avg. like is -48.1822 over 167 frames.
LOG (gmm-acc-stats-ali[5.5.52-6d919]:main():gmm-acc-stats-ali.cc:105) Processed 11850 utterances; for utterance s03m2ksbsu02-20150804-Koreanleopard2SNR10-cps03354 avg. like is -43.9872 over 127 frames.
LOG (gmm-acc-stats-ali[5.5.52-6d919]:main():gmm-acc-stats-ali.cc:105) Processed 11900 utterances; for utterance s03m2ksbsu02-20150804-Koreanleopard2SNR10-cps03406 avg. like is -43.9863 over 136 frames.
LOG (gmm-acc-stats-ali[5.5.52-6d919]:main():gmm-acc-stats-ali.cc:105) Processed 11950 utterances; for utterance s03m2ksgjp01-20150804-Korean-cps03039 avg. like is -45.1349 over 158 frames.
LOG (gmm-acc-stats-ali[5.5.52-6d919]:main():gmm-acc-stats-ali.cc:105) Processed 12000 utterances; for utterance s03m2ksgjp01-20150804-Korean-cps03090 avg. like is -49.9196 over 136 frames.
LOG (gmm-acc-stats-ali[5.5.52-6d919]:main():gmm-acc-stats-ali.cc:105) Processed 12050 utterances; for utterance s03m2ksgjp01-20150804-Korean-cps03140 avg. like is -45.0786 over 175 frames.
LOG (gmm-acc-stats-ali[5.5.52-6d919]:main():gmm-acc-stats-ali.cc:105) Processed 12100 utterances; for utterance s03m2ksgjp01-20150804-Korean-cps03190 avg. like is -48.2632 over 151 frames.
LOG (gmm-acc-stats-ali[5.5.52-6d919]:main():gmm-acc-stats-ali.cc:105) Processed 12150 utterances; for utterance s03m2ksgjp01-20150804-Korean-cps03242 avg. like is -46.9565 over 169 frames.
LOG (gmm-acc-stats-ali[5.5.52-6d919]:main():gmm-acc-stats-ali.cc:105) Processed 12200 utterances; for utterance s03m2ksgjp01-20150804-Korean-cps03293 avg. like is -47.3913 over 163 frames.
LOG (gmm-acc-stats-ali[5.5.52-6d919]:main():gmm-acc-stats-ali.cc:105) Processed 12250 utterances; for utterance s03m2ksgjp01-20150804-Korean-cps03343 avg. like is -47.1792 over 187 frames.
LOG (gmm-acc-stats-ali[5.5.52-6d919]:main():gmm-acc-stats-ali.cc:105) Processed 12300 utterances; for utterance s03m2ksgjp01-20150804-Korean-cps03393 avg. like is -42.715 over 198 frames.
LOG (gmm-acc-stats-ali[5.5.52-6d919]:main():gmm-acc-stats-ali.cc:105) Processed 12350 utterances; for utterance s03m2ksgjp01-20150804-KoreanpinkSNR10-cps03027 avg. like is -39.1751 over 194 frames.
LOG (gmm-acc-stats-ali[5.5.52-6d919]:main():gmm-acc-stats-ali.cc:105) Processed 12400 utterances; for utterance s03m2ksgjp01-20150804-KoreanpinkSNR10-cps03077 avg. like is -39.6997 over 135 frames.
LOG (gmm-acc-stats-ali[5.5.52-6d919]:main():gmm-acc-stats-ali.cc:105) Processed 12450 utterances; for utterance s03m2ksgjp01-20150804-KoreanpinkSNR10-cps03128 avg. like is -42.5043 over 176 frames.
LOG (gmm-acc-stats-ali[5.5.52-6d919]:main():gmm-acc-stats-ali.cc:105) Processed 12500 utterances; for utterance s03m2ksgjp01-20150804-KoreanpinkSNR10-cps03178 avg. like is -39.6406 over 148 frames.
LOG (gmm-acc-stats-ali[5.5.52-6d919]:main():gmm-acc-stats-ali.cc:105) Processed 12550 utterances; for utterance s03m2ksgjp01-20150804-KoreanpinkSNR10-cps03230 avg. like is -39.2699 over 135 frames.
LOG (gmm-acc-stats-ali[5.5.52-6d919]:main():gmm-acc-stats-ali.cc:105) Processed 12600 utterances; for utterance s03m2ksgjp01-20150804-KoreanpinkSNR10-cps03280 avg. like is -37.5941 over 135 frames.
LOG (gmm-acc-stats-ali[5.5.52-6d919]:main():gmm-acc-stats-ali.cc:105) Processed 12650 utterances; for utterance s03m2ksgjp01-20150804-KoreanpinkSNR10-cps03331 avg. like is -38.9743 over 174 frames.
LOG (gmm-acc-stats-ali[5.5.52-6d919]:main():gmm-acc-stats-ali.cc:105) Processed 12700 utterances; for utterance s03m2ksgjp01-20150804-KoreanpinkSNR10-cps03381 avg. like is -38.5551 over 214 frames.
LOG (gmm-acc-stats-ali[5.5.52-6d919]:main():gmm-acc-stats-ali.cc:105) Processed 12750 utterances; for utterance s03m2ksjms02-20150804-Korean-cps03014 avg. like is -48.1059 over 105 frames.
LOG (gmm-acc-stats-ali[5.5.52-6d919]:main():gmm-acc-stats-ali.cc:105) Processed 12800 utterances; for utterance s03m2ksjms02-20150804-Korean-cps03065 avg. like is -48.8311 over 163 frames.
LOG (gmm-acc-stats-ali[5.5.52-6d919]:main():gmm-acc-stats-ali.cc:105) Processed 12850 utterances; for utterance s03m2ksjms02-20150804-Korean-cps03117 avg. like is -46.5211 over 162 frames.
LOG (gmm-acc-stats-ali[5.5.52-6d919]:main():gmm-acc-stats-ali.cc:105) Processed 12900 utterances; for utterance s03m2ksjms02-20150804-Korean-cps03168 avg. like is -52.8013 over 197 frames.
LOG (gmm-acc-stats-ali[5.5.52-6d919]:main():gmm-acc-stats-ali.cc:105) Processed 12950 utterances; for utterance s03m2ksjms02-20150804-Korean-cps03218 avg. like is -47.0519 over 122 frames.
LOG (gmm-acc-stats-ali[5.5.52-6d919]:main():gmm-acc-stats-ali.cc:105) Processed 13000 utterances; for utterance s03m2ksjms02-20150804-Korean-cps03268 avg. like is -42.3243 over 151 frames.
LOG (gmm-acc-stats-ali[5.5.52-6d919]:main():gmm-acc-stats-ali.cc:105) Processed 13050 utterances; for utterance s03m2ksjms02-20150804-Korean-cps03318 avg. like is -50.3799 over 139 frames.
LOG (gmm-acc-stats-ali[5.5.52-6d919]:main():gmm-acc-stats-ali.cc:105) Processed 13100 utterances; for utterance s03m2ksjms02-20150804-Korean-cps03369 avg. like is -42.045 over 139 frames.
LOG (gmm-acc-stats-ali[5.5.52-6d919]:main():gmm-acc-stats-ali.cc:105) Processed 13150 utterances; for utterance s03m2ksjms02-20150804-Koreancar1SNR10-cps03003 avg. like is -44.6637 over 128 frames.
LOG (gmm-acc-stats-ali[5.5.52-6d919]:main():gmm-acc-stats-ali.cc:105) Processed 13200 utterances; for utterance s03m2ksjms02-20150804-Koreancar1SNR10-cps03054 avg. like is -41.6811 over 133 frames.
LOG (gmm-acc-stats-ali[5.5.52-6d919]:main():gmm-acc-stats-ali.cc:105) Processed 13250 utterances; for utterance s03m2ksjms02-20150804-Koreancar1SNR10-cps03106 avg. like is -45.3882 over 116 frames.
LOG (gmm-acc-stats-ali[5.5.52-6d919]:main():gmm-acc-stats-ali.cc:105) Processed 13300 utterances; for utterance s03m2ksjms02-20150804-Koreancar1SNR10-cps03157 avg. like is -46.5433 over 125 frames.
LOG (gmm-acc-stats-ali[5.5.52-6d919]:main():gmm-acc-stats-ali.cc:105) Processed 13350 utterances; for utterance s03m2ksjms02-20150804-Koreancar1SNR10-cps03207 avg. like is -43.7315 over 174 frames.
LOG (gmm-acc-stats-ali[5.5.52-6d919]:main():gmm-acc-stats-ali.cc:105) Processed 13400 utterances; for utterance s03m2ksjms02-20150804-Koreancar1SNR10-cps03257 avg. like is -43.4293 over 157 frames.
LOG (gmm-acc-stats-ali[5.5.52-6d919]:main():gmm-acc-stats-ali.cc:105) Processed 13450 utterances; for utterance s03m2ksjms02-20150804-Koreancar1SNR10-cps03307 avg. like is -42.4634 over 143 frames.
LOG (gmm-acc-stats-ali[5.5.52-6d919]:main():gmm-acc-stats-ali.cc:105) Processed 13500 utterances; for utterance s03m2ksjms02-20150804-Koreancar1SNR10-cps03358 avg. like is -43.6205 over 162 frames.
LOG (gmm-acc-stats-ali[5.5.52-6d919]:main():gmm-acc-stats-ali.cc:105) Processed 13550 utterances; for utterance s03m2ksjms02-20150804-Koreancar1SNR10-cps03410 avg. like is -42.0003 over 157 frames.
LOG (gmm-acc-stats-ali[5.5.52-6d919]:main():gmm-acc-stats-ali.cc:105) Processed 13600 utterances; for utterance s03m2sshmg01-20150804-Korean-cps03042 avg. like is -48.5748 over 165 frames.
LOG (gmm-acc-stats-ali[5.5.52-6d919]:main():gmm-acc-stats-ali.cc:105) Processed 13650 utterances; for utterance s03m2sshmg01-20150804-Korean-cps03092 avg. like is -49.4276 over 145 frames.
LOG (gmm-acc-stats-ali[5.5.52-6d919]:main():gmm-acc-stats-ali.cc:105) Processed 13700 utterances; for utterance s03m2sshmg01-20150804-Korean-cps03144 avg. like is -49.8014 over 159 frames.
LOG (gmm-acc-stats-ali[5.5.52-6d919]:main():gmm-acc-stats-ali.cc:105) Processed 13750 utterances; for utterance s03m2sshmg01-20150804-Korean-cps03195 avg. like is -54.586 over 153 frames.
LOG (gmm-acc-stats-ali[5.5.52-6d919]:main():gmm-acc-stats-ali.cc:105) Processed 13800 utterances; for utterance s03m2sshmg01-20150804-Korean-cps03245 avg. like is -51.7945 over 154 frames.
LOG (gmm-acc-stats-ali[5.5.52-6d919]:main():gmm-acc-stats-ali.cc:105) Processed 13850 utterances; for utterance s03m2sshmg01-20150804-Korean-cps03297 avg. like is -50.8928 over 138 frames.
LOG (gmm-acc-stats-ali[5.5.52-6d919]:main():gmm-acc-stats-ali.cc:105) Processed 13900 utterances; for utterance s03m2sshmg01-20150804-Korean-cps03347 avg. like is -50.9431 over 140 frames.
LOG (gmm-acc-stats-ali[5.5.52-6d919]:main():gmm-acc-stats-ali.cc:105) Processed 13950 utterances; for utterance s03m2sshmg01-20150804-Korean-cps03397 avg. like is -56.6221 over 161 frames.
LOG (gmm-acc-stats-ali[5.5.52-6d919]:main():gmm-acc-stats-ali.cc:105) Processed 14000 utterances; for utterance s03m2sshmg01-20150804-KoreanpinkSNR10-cps03030 avg. like is -43.2664 over 164 frames.
LOG (gmm-acc-stats-ali[5.5.52-6d919]:main():gmm-acc-stats-ali.cc:105) Processed 14050 utterances; for utterance s03m2sshmg01-20150804-KoreanpinkSNR10-cps03080 avg. like is -40.5352 over 141 frames.
LOG (gmm-acc-stats-ali[5.5.52-6d919]:main():gmm-acc-stats-ali.cc:105) Processed 14100 utterances; for utterance s03m2sshmg01-20150804-KoreanpinkSNR10-cps03131 avg. like is -40.4299 over 159 frames.
LOG (gmm-acc-stats-ali[5.5.52-6d919]:main():gmm-acc-stats-ali.cc:105) Processed 14150 utterances; for utterance s03m2sshmg01-20150804-KoreanpinkSNR10-cps03183 avg. like is -41.2785 over 168 frames.
LOG (gmm-acc-stats-ali[5.5.52-6d919]:main():gmm-acc-stats-ali.cc:105) Processed 14200 utterances; for utterance s03m2sshmg01-20150804-KoreanpinkSNR10-cps03233 avg. like is -41.2646 over 143 frames.
LOG (gmm-acc-stats-ali[5.5.52-6d919]:main():gmm-acc-stats-ali.cc:105) Processed 14250 utterances; for utterance s03m2sshmg01-20150804-KoreanpinkSNR10-cps03283 avg. like is -40.3972 over 116 frames.
LOG (gmm-acc-stats-ali[5.5.52-6d919]:main():gmm-acc-stats-ali.cc:105) Processed 14300 utterances; for utterance s03m2sshmg01-20150804-KoreanpinkSNR10-cps03335 avg. like is -40.6469 over 145 frames.
LOG (gmm-acc-stats-ali[5.5.52-6d919]:main():gmm-acc-stats-ali.cc:105) Processed 14350 utterances; for utterance s03m2sshmg01-20150804-KoreanpinkSNR10-cps03385 avg. like is -37.4097 over 125 frames.
LOG (apply-cmvn[5.5.52-6d919]:main():apply-cmvn.cc:162) Applied cepstral mean normalization to 14382 utterances, errors on 0
LOG (transform-feats[5.5.52-6d919]:main():transform-feats.cc:158) Overall average [pseudo-]logdet is -92.5347 over 2.48506e+06 frames.
LOG (transform-feats[5.5.52-6d919]:main():transform-feats.cc:161) Applied transform to 14382 utterances; 0 had errors.
LOG (transform-feats[5.5.52-6d919]:main():transform-feats.cc:158) Overall average logdet is 3.39247 over 2.48506e+06 frames.
LOG (transform-feats[5.5.52-6d919]:main():transform-feats.cc:161) Applied transform to 14382 utterances; 0 had errors.
LOG (gmm-acc-stats-ali[5.5.52-6d919]:main():gmm-acc-stats-ali.cc:112) Done 14382 files, 0 with errors.
LOG (gmm-acc-stats-ali[5.5.52-6d919]:main():gmm-acc-stats-ali.cc:115) Overall avg like per frame (Gaussian only) = -45.2012 over 2485060 frames.
LOG (gmm-acc-stats-ali[5.5.52-6d919]:main():gmm-acc-stats-ali.cc:123) Written accs.
# Accounting: time=15 threads=1
# Ended (code 0) at Tue May  7 16:21:20 KST 2019, elapsed time 15 seconds
