# gmm-acc-stats-ali exp/tri3b/21.mdl "ark,s,cs:apply-cmvn  --utt2spk=ark:data/train/split8/3/utt2spk scp:data/train/split8/3/cmvn.scp scp:data/train/split8/3/feats.scp ark:- | splice-feats  ark:- ark:- | transform-feats exp/tri2b_ali/final.mat ark:- ark:- | transform-feats --utt2spk=ark:data/train/split8/3/utt2spk ark:exp/tri3b/trans.3 ark:- ark:- |" "ark,s,cs:gunzip -c exp/tri3b/ali.3.gz|" exp/tri3b/21.3.acc 
# Started at Tue May  7 16:19:07 KST 2019
#
gmm-acc-stats-ali exp/tri3b/21.mdl 'ark,s,cs:apply-cmvn  --utt2spk=ark:data/train/split8/3/utt2spk scp:data/train/split8/3/cmvn.scp scp:data/train/split8/3/feats.scp ark:- | splice-feats  ark:- ark:- | transform-feats exp/tri2b_ali/final.mat ark:- ark:- | transform-feats --utt2spk=ark:data/train/split8/3/utt2spk ark:exp/tri3b/trans.3 ark:- ark:- |' 'ark,s,cs:gunzip -c exp/tri3b/ali.3.gz|' exp/tri3b/21.3.acc 
transform-feats --utt2spk=ark:data/train/split8/3/utt2spk ark:exp/tri3b/trans.3 ark:- ark:- 
splice-feats ark:- ark:- 
transform-feats exp/tri2b_ali/final.mat ark:- ark:- 
apply-cmvn --utt2spk=ark:data/train/split8/3/utt2spk scp:data/train/split8/3/cmvn.scp scp:data/train/split8/3/feats.scp ark:- 
LOG (gmm-acc-stats-ali[5.5.52-6d919]:main():gmm-acc-stats-ali.cc:105) Processed 50 utterances; for utterance s01f2ksigj01-20150804-Korean-cps01052 avg. like is -47.241 over 225 frames.
LOG (gmm-acc-stats-ali[5.5.52-6d919]:main():gmm-acc-stats-ali.cc:105) Processed 100 utterances; for utterance s01f2ksigj01-20150804-Korean-cps01102 avg. like is -59.0448 over 168 frames.
LOG (gmm-acc-stats-ali[5.5.52-6d919]:main():gmm-acc-stats-ali.cc:105) Processed 150 utterances; for utterance s01f2ksigj01-20150804-Korean-cps01152 avg. like is -44.7758 over 163 frames.
LOG (gmm-acc-stats-ali[5.5.52-6d919]:main():gmm-acc-stats-ali.cc:105) Processed 200 utterances; for utterance s01f2ksigj01-20150804-Korean-cps01202 avg. like is -44.9179 over 166 frames.
LOG (gmm-acc-stats-ali[5.5.52-6d919]:main():gmm-acc-stats-ali.cc:105) Processed 250 utterances; for utterance s01f2ksigj01-20150804-Korean-cps01253 avg. like is -43.2929 over 203 frames.
LOG (gmm-acc-stats-ali[5.5.52-6d919]:main():gmm-acc-stats-ali.cc:105) Processed 300 utterances; for utterance s01f2ksigj01-20150804-Korean-cps01303 avg. like is -40.1659 over 201 frames.
LOG (gmm-acc-stats-ali[5.5.52-6d919]:main():gmm-acc-stats-ali.cc:105) Processed 350 utterances; for utterance s01f2ksigj01-20150804-Korean-cps01355 avg. like is -38.9724 over 171 frames.
LOG (gmm-acc-stats-ali[5.5.52-6d919]:main():gmm-acc-stats-ali.cc:105) Processed 400 utterances; for utterance s01f2ksigj01-20150804-Korean-cps01405 avg. like is -50.7309 over 126 frames.
LOG (gmm-acc-stats-ali[5.5.52-6d919]:main():gmm-acc-stats-ali.cc:105) Processed 450 utterances; for utterance s01f2ksigj01-20150804-Koreanleopard2SNR10-cps01040 avg. like is -43.6145 over 165 frames.
LOG (gmm-acc-stats-ali[5.5.52-6d919]:main():gmm-acc-stats-ali.cc:105) Processed 500 utterances; for utterance s01f2ksigj01-20150804-Koreanleopard2SNR10-cps01090 avg. like is -42.3251 over 168 frames.
LOG (gmm-acc-stats-ali[5.5.52-6d919]:main():gmm-acc-stats-ali.cc:105) Processed 550 utterances; for utterance s01f2ksigj01-20150804-Koreanleopard2SNR10-cps01140 avg. like is -42.0919 over 163 frames.
LOG (gmm-acc-stats-ali[5.5.52-6d919]:main():gmm-acc-stats-ali.cc:105) Processed 600 utterances; for utterance s01f2ksigj01-20150804-Koreanleopard2SNR10-cps01190 avg. like is -41.1518 over 178 frames.
LOG (gmm-acc-stats-ali[5.5.52-6d919]:main():gmm-acc-stats-ali.cc:105) Processed 650 utterances; for utterance s01f2ksigj01-20150804-Koreanleopard2SNR10-cps01241 avg. like is -41.0751 over 181 frames.
LOG (gmm-acc-stats-ali[5.5.52-6d919]:main():gmm-acc-stats-ali.cc:105) Processed 700 utterances; for utterance s01f2ksigj01-20150804-Koreanleopard2SNR10-cps01291 avg. like is -44.8535 over 178 frames.
LOG (gmm-acc-stats-ali[5.5.52-6d919]:main():gmm-acc-stats-ali.cc:105) Processed 750 utterances; for utterance s01f2ksigj01-20150804-Koreanleopard2SNR10-cps01343 avg. like is -41.5836 over 191 frames.
LOG (gmm-acc-stats-ali[5.5.52-6d919]:main():gmm-acc-stats-ali.cc:105) Processed 800 utterances; for utterance s01f2ksigj01-20150804-Koreanleopard2SNR10-cps01393 avg. like is -37.7395 over 173 frames.
LOG (gmm-acc-stats-ali[5.5.52-6d919]:main():gmm-acc-stats-ali.cc:105) Processed 850 utterances; for utterance s01f2kwgum02-20150804-Korean-cps01027 avg. like is -43.7599 over 143 frames.
LOG (gmm-acc-stats-ali[5.5.52-6d919]:main():gmm-acc-stats-ali.cc:105) Processed 900 utterances; for utterance s01f2kwgum02-20150804-Korean-cps01078 avg. like is -50.3139 over 160 frames.
LOG (gmm-acc-stats-ali[5.5.52-6d919]:main():gmm-acc-stats-ali.cc:105) Processed 950 utterances; for utterance s01f2kwgum02-20150804-Korean-cps01128 avg. like is -44.5204 over 140 frames.
LOG (gmm-acc-stats-ali[5.5.52-6d919]:main():gmm-acc-stats-ali.cc:105) Processed 1000 utterances; for utterance s01f2kwgum02-20150804-Korean-cps01178 avg. like is -47.2456 over 146 frames.
LOG (gmm-acc-stats-ali[5.5.52-6d919]:main():gmm-acc-stats-ali.cc:105) Processed 1050 utterances; for utterance s01f2kwgum02-20150804-Korean-cps01229 avg. like is -46.7896 over 138 frames.
LOG (gmm-acc-stats-ali[5.5.52-6d919]:main():gmm-acc-stats-ali.cc:105) Processed 1100 utterances; for utterance s01f2kwgum02-20150804-Korean-cps01279 avg. like is -54.6911 over 141 frames.
LOG (gmm-acc-stats-ali[5.5.52-6d919]:main():gmm-acc-stats-ali.cc:105) Processed 1150 utterances; for utterance s01f2kwgum02-20150804-Korean-cps01329 avg. like is -51.847 over 132 frames.
LOG (gmm-acc-stats-ali[5.5.52-6d919]:main():gmm-acc-stats-ali.cc:105) Processed 1200 utterances; for utterance s01f2kwgum02-20150804-Korean-cps01380 avg. like is -47.9106 over 136 frames.
LOG (gmm-acc-stats-ali[5.5.52-6d919]:main():gmm-acc-stats-ali.cc:105) Processed 1250 utterances; for utterance s01f2kwgum02-20150804-KoreanwhiteSNR10-cps01014 avg. like is -37.0103 over 116 frames.
LOG (gmm-acc-stats-ali[5.5.52-6d919]:main():gmm-acc-stats-ali.cc:105) Processed 1300 utterances; for utterance s01f2kwgum02-20150804-KoreanwhiteSNR10-cps01065 avg. like is -37.0609 over 141 frames.
LOG (gmm-acc-stats-ali[5.5.52-6d919]:main():gmm-acc-stats-ali.cc:105) Processed 1350 utterances; for utterance s01f2kwgum02-20150804-KoreanwhiteSNR10-cps01116 avg. like is -37.6566 over 132 frames.
LOG (gmm-acc-stats-ali[5.5.52-6d919]:main():gmm-acc-stats-ali.cc:105) Processed 1400 utterances; for utterance s01f2kwgum02-20150804-KoreanwhiteSNR10-cps01166 avg. like is -36.987 over 162 frames.
LOG (gmm-acc-stats-ali[5.5.52-6d919]:main():gmm-acc-stats-ali.cc:105) Processed 1450 utterances; for utterance s01f2kwgum02-20150804-KoreanwhiteSNR10-cps01217 avg. like is -37.6928 over 150 frames.
LOG (gmm-acc-stats-ali[5.5.52-6d919]:main():gmm-acc-stats-ali.cc:105) Processed 1500 utterances; for utterance s01f2kwgum02-20150804-KoreanwhiteSNR10-cps01267 avg. like is -38.2664 over 124 frames.
LOG (gmm-acc-stats-ali[5.5.52-6d919]:main():gmm-acc-stats-ali.cc:105) Processed 1550 utterances; for utterance s01f2kwgum02-20150804-KoreanwhiteSNR10-cps01317 avg. like is -38.2523 over 147 frames.
LOG (gmm-acc-stats-ali[5.5.52-6d919]:main():gmm-acc-stats-ali.cc:105) Processed 1600 utterances; for utterance s01f2kwgum02-20150804-KoreanwhiteSNR10-cps01368 avg. like is -38.9689 over 122 frames.
LOG (gmm-acc-stats-ali[5.5.52-6d919]:main():gmm-acc-stats-ali.cc:105) Processed 1650 utterances; for utterance s01f2sshjs02-20150804-Korean-cps01002 avg. like is -42.9124 over 203 frames.
LOG (gmm-acc-stats-ali[5.5.52-6d919]:main():gmm-acc-stats-ali.cc:105) Processed 1700 utterances; for utterance s01f2sshjs02-20150804-Korean-cps01053 avg. like is -46.457 over 162 frames.
LOG (gmm-acc-stats-ali[5.5.52-6d919]:main():gmm-acc-stats-ali.cc:105) Processed 1750 utterances; for utterance s01f2sshjs02-20150804-Korean-cps01104 avg. like is -41.7609 over 162 frames.
LOG (gmm-acc-stats-ali[5.5.52-6d919]:main():gmm-acc-stats-ali.cc:105) Processed 1800 utterances; for utterance s01f2sshjs02-20150804-Korean-cps01155 avg. like is -42.6091 over 134 frames.
LOG (gmm-acc-stats-ali[5.5.52-6d919]:main():gmm-acc-stats-ali.cc:105) Processed 1850 utterances; for utterance s01f2sshjs02-20150804-Korean-cps01205 avg. like is -43.565 over 178 frames.
LOG (gmm-acc-stats-ali[5.5.52-6d919]:main():gmm-acc-stats-ali.cc:105) Processed 1900 utterances; for utterance s01f2sshjs02-20150804-Korean-cps01255 avg. like is -45.5488 over 161 frames.
LOG (gmm-acc-stats-ali[5.5.52-6d919]:main():gmm-acc-stats-ali.cc:105) Processed 1950 utterances; for utterance s01f2sshjs02-20150804-Korean-cps01308 avg. like is -46.2686 over 135 frames.
LOG (gmm-acc-stats-ali[5.5.52-6d919]:main():gmm-acc-stats-ali.cc:105) Processed 2000 utterances; for utterance s01f2sshjs02-20150804-Korean-cps01359 avg. like is -42.956 over 138 frames.
LOG (gmm-acc-stats-ali[5.5.52-6d919]:main():gmm-acc-stats-ali.cc:105) Processed 2050 utterances; for utterance s01f2sshjs02-20150804-Korean-cps01410 avg. like is -52.5202 over 130 frames.
LOG (gmm-acc-stats-ali[5.5.52-6d919]:main():gmm-acc-stats-ali.cc:105) Processed 2100 utterances; for utterance s01f2sshjs02-20150804-Koreancar1SNR10-cps01044 avg. like is -40.1437 over 115 frames.
LOG (gmm-acc-stats-ali[5.5.52-6d919]:main():gmm-acc-stats-ali.cc:105) Processed 2150 utterances; for utterance s01f2sshjs02-20150804-Koreancar1SNR10-cps01095 avg. like is -41.0509 over 146 frames.
LOG (gmm-acc-stats-ali[5.5.52-6d919]:main():gmm-acc-stats-ali.cc:105) Processed 2200 utterances; for utterance s01f2sshjs02-20150804-Koreancar1SNR10-cps01146 avg. like is -43.6906 over 169 frames.
LOG (gmm-acc-stats-ali[5.5.52-6d919]:main():gmm-acc-stats-ali.cc:105) Processed 2250 utterances; for utterance s01f2sshjs02-20150804-Koreancar1SNR10-cps01196 avg. like is -42.6144 over 148 frames.
LOG (gmm-acc-stats-ali[5.5.52-6d919]:main():gmm-acc-stats-ali.cc:105) Processed 2300 utterances; for utterance s01f2sshjs02-20150804-Koreancar1SNR10-cps01246 avg. like is -43.9524 over 139 frames.
LOG (gmm-acc-stats-ali[5.5.52-6d919]:main():gmm-acc-stats-ali.cc:105) Processed 2350 utterances; for utterance s01f2sshjs02-20150804-Koreancar1SNR10-cps01298 avg. like is -38.3628 over 154 frames.
LOG (gmm-acc-stats-ali[5.5.52-6d919]:main():gmm-acc-stats-ali.cc:105) Processed 2400 utterances; for utterance s01f2sshjs02-20150804-Koreancar1SNR10-cps01350 avg. like is -42.6081 over 128 frames.
LOG (gmm-acc-stats-ali[5.5.52-6d919]:main():gmm-acc-stats-ali.cc:105) Processed 2450 utterances; for utterance s01f2sshjs02-20150804-Koreancar1SNR10-cps01401 avg. like is -46.391 over 111 frames.
LOG (gmm-acc-stats-ali[5.5.52-6d919]:main():gmm-acc-stats-ali.cc:105) Processed 2500 utterances; for utterance s01f2sssys01-20150804-Korean-cps01034 avg. like is -44.2058 over 160 frames.
LOG (gmm-acc-stats-ali[5.5.52-6d919]:main():gmm-acc-stats-ali.cc:105) Processed 2550 utterances; for utterance s01f2sssys01-20150804-Korean-cps01084 avg. like is -43.4713 over 124 frames.
LOG (gmm-acc-stats-ali[5.5.52-6d919]:main():gmm-acc-stats-ali.cc:105) Processed 2600 utterances; for utterance s01f2sssys01-20150804-Korean-cps01135 avg. like is -40.7513 over 133 frames.
LOG (gmm-acc-stats-ali[5.5.52-6d919]:main():gmm-acc-stats-ali.cc:105) Processed 2650 utterances; for utterance s01f2sssys01-20150804-Korean-cps01186 avg. like is -40.1868 over 135 frames.
LOG (gmm-acc-stats-ali[5.5.52-6d919]:main():gmm-acc-stats-ali.cc:105) Processed 2700 utterances; for utterance s01f2sssys01-20150804-Korean-cps01236 avg. like is -48.4062 over 141 frames.
LOG (gmm-acc-stats-ali[5.5.52-6d919]:main():gmm-acc-stats-ali.cc:105) Processed 2750 utterances; for utterance s01f2sssys01-20150804-Korean-cps01286 avg. like is -49.5014 over 158 frames.
LOG (gmm-acc-stats-ali[5.5.52-6d919]:main():gmm-acc-stats-ali.cc:105) Processed 2800 utterances; for utterance s01f2sssys01-20150804-Korean-cps01336 avg. like is -44.1473 over 175 frames.
LOG (gmm-acc-stats-ali[5.5.52-6d919]:main():gmm-acc-stats-ali.cc:105) Processed 2850 utterances; for utterance s01f2sssys01-20150804-Korean-cps01387 avg. like is -43.4932 over 146 frames.
LOG (gmm-acc-stats-ali[5.5.52-6d919]:main():gmm-acc-stats-ali.cc:105) Processed 2900 utterances; for utterance s01f2sssys01-20150804-Koreancar1SNR10-cps01020 avg. like is -37.7319 over 121 frames.
LOG (gmm-acc-stats-ali[5.5.52-6d919]:main():gmm-acc-stats-ali.cc:105) Processed 2950 utterances; for utterance s01f2sssys01-20150804-Koreancar1SNR10-cps01070 avg. like is -37.7779 over 125 frames.
LOG (gmm-acc-stats-ali[5.5.52-6d919]:main():gmm-acc-stats-ali.cc:105) Processed 3000 utterances; for utterance s01f2sssys01-20150804-Koreancar1SNR10-cps01121 avg. like is -40.8404 over 129 frames.
LOG (gmm-acc-stats-ali[5.5.52-6d919]:main():gmm-acc-stats-ali.cc:105) Processed 3050 utterances; for utterance s01f2sssys01-20150804-Koreancar1SNR10-cps01171 avg. like is -42.6064 over 172 frames.
LOG (gmm-acc-stats-ali[5.5.52-6d919]:main():gmm-acc-stats-ali.cc:105) Processed 3100 utterances; for utterance s01f2sssys01-20150804-Koreancar1SNR10-cps01222 avg. like is -43.3875 over 173 frames.
LOG (gmm-acc-stats-ali[5.5.52-6d919]:main():gmm-acc-stats-ali.cc:105) Processed 3150 utterances; for utterance s01f2sssys01-20150804-Koreancar1SNR10-cps01272 avg. like is -39.574 over 123 frames.
LOG (gmm-acc-stats-ali[5.5.52-6d919]:main():gmm-acc-stats-ali.cc:105) Processed 3200 utterances; for utterance s01f2sssys01-20150804-Koreancar1SNR10-cps01322 avg. like is -43.6164 over 216 frames.
LOG (gmm-acc-stats-ali[5.5.52-6d919]:main():gmm-acc-stats-ali.cc:105) Processed 3250 utterances; for utterance s01f2sssys01-20150804-Koreancar1SNR10-cps01373 avg. like is -39.348 over 144 frames.
LOG (gmm-acc-stats-ali[5.5.52-6d919]:main():gmm-acc-stats-ali.cc:105) Processed 3300 utterances; for utterance s01f3ccbse01-20150804-Korean-cps01006 avg. like is -46.4021 over 187 frames.
LOG (gmm-acc-stats-ali[5.5.52-6d919]:main():gmm-acc-stats-ali.cc:105) Processed 3350 utterances; for utterance s01f3ccbse01-20150804-Korean-cps01056 avg. like is -41.7607 over 146 frames.
LOG (gmm-acc-stats-ali[5.5.52-6d919]:main():gmm-acc-stats-ali.cc:105) Processed 3400 utterances; for utterance s01f3ccbse01-20150804-Korean-cps01106 avg. like is -49.0339 over 185 frames.
LOG (gmm-acc-stats-ali[5.5.52-6d919]:main():gmm-acc-stats-ali.cc:105) Processed 3450 utterances; for utterance s01f3ccbse01-20150804-Korean-cps01157 avg. like is -45.3427 over 131 frames.
LOG (gmm-acc-stats-ali[5.5.52-6d919]:main():gmm-acc-stats-ali.cc:105) Processed 3500 utterances; for utterance s01f3ccbse01-20150804-Korean-cps01209 avg. like is -43.5055 over 173 frames.
LOG (gmm-acc-stats-ali[5.5.52-6d919]:main():gmm-acc-stats-ali.cc:105) Processed 3550 utterances; for utterance s01f3ccbse01-20150804-Korean-cps01259 avg. like is -45.0331 over 169 frames.
LOG (gmm-acc-stats-ali[5.5.52-6d919]:main():gmm-acc-stats-ali.cc:105) Processed 3600 utterances; for utterance s01f3ccbse01-20150804-Korean-cps01309 avg. like is -44.4407 over 183 frames.
LOG (gmm-acc-stats-ali[5.5.52-6d919]:main():gmm-acc-stats-ali.cc:105) Processed 3650 utterances; for utterance s01f3ccbse01-20150804-Korean-cps01359 avg. like is -42.0046 over 154 frames.
LOG (gmm-acc-stats-ali[5.5.52-6d919]:main():gmm-acc-stats-ali.cc:105) Processed 3700 utterances; for utterance s01f3ccbse01-20150804-Korean-cps01409 avg. like is -48.7603 over 130 frames.
LOG (gmm-acc-stats-ali[5.5.52-6d919]:main():gmm-acc-stats-ali.cc:105) Processed 3750 utterances; for utterance s01f3ccbse01-20150804-Koreanbabble1SNR10-cps01042 avg. like is -46.0934 over 169 frames.
LOG (gmm-acc-stats-ali[5.5.52-6d919]:main():gmm-acc-stats-ali.cc:105) Processed 3800 utterances; for utterance s01f3ccbse01-20150804-Koreanbabble1SNR10-cps01092 avg. like is -53.9189 over 200 frames.
LOG (gmm-acc-stats-ali[5.5.52-6d919]:main():gmm-acc-stats-ali.cc:105) Processed 3850 utterances; for utterance s01f3ccbse01-20150804-Koreanbabble1SNR10-cps01143 avg. like is -49.3182 over 151 frames.
LOG (gmm-acc-stats-ali[5.5.52-6d919]:main():gmm-acc-stats-ali.cc:105) Processed 3900 utterances; for utterance s01f3ccbse01-20150804-Koreanbabble1SNR10-cps01195 avg. like is -47.1487 over 178 frames.
LOG (gmm-acc-stats-ali[5.5.52-6d919]:main():gmm-acc-stats-ali.cc:105) Processed 3950 utterances; for utterance s01f3ccbse01-20150804-Koreanbabble1SNR10-cps01245 avg. like is -46.3615 over 142 frames.
LOG (gmm-acc-stats-ali[5.5.52-6d919]:main():gmm-acc-stats-ali.cc:105) Processed 4000 utterances; for utterance s01f3ccbse01-20150804-Koreanbabble1SNR10-cps01295 avg. like is -46.3713 over 147 frames.
LOG (gmm-acc-stats-ali[5.5.52-6d919]:main():gmm-acc-stats-ali.cc:105) Processed 4050 utterances; for utterance s01f3ccbse01-20150804-Koreanbabble1SNR10-cps01345 avg. like is -46.916 over 143 frames.
LOG (gmm-acc-stats-ali[5.5.52-6d919]:main():gmm-acc-stats-ali.cc:105) Processed 4100 utterances; for utterance s01f3ccbse01-20150804-Koreanbabble1SNR10-cps01395 avg. like is -45.135 over 177 frames.
LOG (gmm-acc-stats-ali[5.5.52-6d919]:main():gmm-acc-stats-ali.cc:105) Processed 4150 utterances; for utterance s01f3jrjjr01-20150804-Korean-cps01028 avg. like is -45.1079 over 154 frames.
LOG (gmm-acc-stats-ali[5.5.52-6d919]:main():gmm-acc-stats-ali.cc:105) Processed 4200 utterances; for utterance s01f3jrjjr01-20150804-Korean-cps01078 avg. like is -47.9223 over 180 frames.
LOG (gmm-acc-stats-ali[5.5.52-6d919]:main():gmm-acc-stats-ali.cc:105) Processed 4250 utterances; for utterance s01f3jrjjr01-20150804-Korean-cps01130 avg. like is -47.6183 over 206 frames.
LOG (gmm-acc-stats-ali[5.5.52-6d919]:main():gmm-acc-stats-ali.cc:105) Processed 4300 utterances; for utterance s01f3jrjjr01-20150804-Korean-cps01183 avg. like is -44.4117 over 153 frames.
LOG (gmm-acc-stats-ali[5.5.52-6d919]:main():gmm-acc-stats-ali.cc:105) Processed 4350 utterances; for utterance s01f3jrjjr01-20150804-Korean-cps01234 avg. like is -49.492 over 191 frames.
LOG (gmm-acc-stats-ali[5.5.52-6d919]:main():gmm-acc-stats-ali.cc:105) Processed 4400 utterances; for utterance s01f3jrjjr01-20150804-Korean-cps01285 avg. like is -48.9334 over 141 frames.
LOG (gmm-acc-stats-ali[5.5.52-6d919]:main():gmm-acc-stats-ali.cc:105) Processed 4450 utterances; for utterance s01f3jrjjr01-20150804-Korean-cps01336 avg. like is -43.8226 over 171 frames.
LOG (gmm-acc-stats-ali[5.5.52-6d919]:main():gmm-acc-stats-ali.cc:105) Processed 4500 utterances; for utterance s01f3jrjjr01-20150804-Korean-cps01388 avg. like is -48.4179 over 158 frames.
LOG (gmm-acc-stats-ali[5.5.52-6d919]:main():gmm-acc-stats-ali.cc:105) Processed 4550 utterances; for utterance s01f3jrjjr01-20150804-KoreanbabbleSNR10-cps01021 avg. like is -46.515 over 194 frames.
LOG (gmm-acc-stats-ali[5.5.52-6d919]:main():gmm-acc-stats-ali.cc:105) Processed 4600 utterances; for utterance s01f3jrjjr01-20150804-KoreanbabbleSNR10-cps01071 avg. like is -46.2314 over 180 frames.
LOG (gmm-acc-stats-ali[5.5.52-6d919]:main():gmm-acc-stats-ali.cc:105) Processed 4650 utterances; for utterance s01f3jrjjr01-20150804-KoreanbabbleSNR10-cps01122 avg. like is -46.2544 over 148 frames.
LOG (gmm-acc-stats-ali[5.5.52-6d919]:main():gmm-acc-stats-ali.cc:105) Processed 4700 utterances; for utterance s01f3jrjjr01-20150804-KoreanbabbleSNR10-cps01175 avg. like is -45.5288 over 151 frames.
LOG (gmm-acc-stats-ali[5.5.52-6d919]:main():gmm-acc-stats-ali.cc:105) Processed 4750 utterances; for utterance s01f3jrjjr01-20150804-KoreanbabbleSNR10-cps01227 avg. like is -48.07 over 162 frames.
LOG (gmm-acc-stats-ali[5.5.52-6d919]:main():gmm-acc-stats-ali.cc:105) Processed 4800 utterances; for utterance s01f3jrjjr01-20150804-KoreanbabbleSNR10-cps01278 avg. like is -46.1195 over 132 frames.
LOG (gmm-acc-stats-ali[5.5.52-6d919]:main():gmm-acc-stats-ali.cc:105) Processed 4850 utterances; for utterance s01f3jrjjr01-20150804-KoreanbabbleSNR10-cps01328 avg. like is -45.7185 over 118 frames.
LOG (gmm-acc-stats-ali[5.5.52-6d919]:main():gmm-acc-stats-ali.cc:105) Processed 4900 utterances; for utterance s01f3jrjjr01-20150804-KoreanbabbleSNR10-cps01380 avg. like is -45.4488 over 151 frames.
LOG (gmm-acc-stats-ali[5.5.52-6d919]:main():gmm-acc-stats-ali.cc:105) Processed 4950 utterances; for utterance s01f3ksish01-20150804-Korean-cps01014 avg. like is -46.0099 over 123 frames.
LOG (gmm-acc-stats-ali[5.5.52-6d919]:main():gmm-acc-stats-ali.cc:105) Processed 5000 utterances; for utterance s01f3ksish01-20150804-Korean-cps01065 avg. like is -43.0383 over 146 frames.
LOG (gmm-acc-stats-ali[5.5.52-6d919]:main():gmm-acc-stats-ali.cc:105) Processed 5050 utterances; for utterance s01f3ksish01-20150804-Korean-cps01115 avg. like is -46.0488 over 158 frames.
LOG (gmm-acc-stats-ali[5.5.52-6d919]:main():gmm-acc-stats-ali.cc:105) Processed 5100 utterances; for utterance s01f3ksish01-20150804-Korean-cps01165 avg. like is -40.8459 over 147 frames.
LOG (gmm-acc-stats-ali[5.5.52-6d919]:main():gmm-acc-stats-ali.cc:105) Processed 5150 utterances; for utterance s01f3ksish01-20150804-Korean-cps01216 avg. like is -43.3961 over 165 frames.
LOG (gmm-acc-stats-ali[5.5.52-6d919]:main():gmm-acc-stats-ali.cc:105) Processed 5200 utterances; for utterance s01f3ksish01-20150804-Korean-cps01266 avg. like is -46.3667 over 160 frames.
LOG (gmm-acc-stats-ali[5.5.52-6d919]:main():gmm-acc-stats-ali.cc:105) Processed 5250 utterances; for utterance s01f3ksish01-20150804-Korean-cps01316 avg. like is -39.5141 over 160 frames.
LOG (gmm-acc-stats-ali[5.5.52-6d919]:main():gmm-acc-stats-ali.cc:105) Processed 5300 utterances; for utterance s01f3ksish01-20150804-Korean-cps01367 avg. like is -41.4426 over 165 frames.
LOG (gmm-acc-stats-ali[5.5.52-6d919]:main():gmm-acc-stats-ali.cc:105) Processed 5350 utterances; for utterance s01f3ksish01-20150804-Korean-cps01417 avg. like is -50.3919 over 145 frames.
LOG (gmm-acc-stats-ali[5.5.52-6d919]:main():gmm-acc-stats-ali.cc:105) Processed 5400 utterances; for utterance s01f3ksish01-20150804-Koreanleopard2SNR10-cps01050 avg. like is -39.0051 over 136 frames.
LOG (gmm-acc-stats-ali[5.5.52-6d919]:main():gmm-acc-stats-ali.cc:105) Processed 5450 utterances; for utterance s01f3ksish01-20150804-Koreanleopard2SNR10-cps01101 avg. like is -40.0819 over 157 frames.
LOG (gmm-acc-stats-ali[5.5.52-6d919]:main():gmm-acc-stats-ali.cc:105) Processed 5500 utterances; for utterance s01f3ksish01-20150804-Koreanleopard2SNR10-cps01151 avg. like is -39.948 over 187 frames.
LOG (gmm-acc-stats-ali[5.5.52-6d919]:main():gmm-acc-stats-ali.cc:105) Processed 5550 utterances; for utterance s01f3ksish01-20150804-Koreanleopard2SNR10-cps01202 avg. like is -44.351 over 150 frames.
LOG (gmm-acc-stats-ali[5.5.52-6d919]:main():gmm-acc-stats-ali.cc:105) Processed 5600 utterances; for utterance s01f3ksish01-20150804-Koreanleopard2SNR10-cps01252 avg. like is -45.8124 over 160 frames.
LOG (gmm-acc-stats-ali[5.5.52-6d919]:main():gmm-acc-stats-ali.cc:105) Processed 5650 utterances; for utterance s01f3ksish01-20150804-Koreanleopard2SNR10-cps01302 avg. like is -42.6252 over 152 frames.
LOG (gmm-acc-stats-ali[5.5.52-6d919]:main():gmm-acc-stats-ali.cc:105) Processed 5700 utterances; for utterance s01f3ksish01-20150804-Koreanleopard2SNR10-cps01352 avg. like is -41.9171 over 150 frames.
LOG (gmm-acc-stats-ali[5.5.52-6d919]:main():gmm-acc-stats-ali.cc:105) Processed 5750 utterances; for utterance s01f3ksish01-20150804-Koreanleopard2SNR10-cps01403 avg. like is -43.8871 over 147 frames.
LOG (gmm-acc-stats-ali[5.5.52-6d919]:main():gmm-acc-stats-ali.cc:105) Processed 5800 utterances; for utterance s01f3ksjej01-20150804-Korean-cps01036 avg. like is -50.6654 over 197 frames.
LOG (gmm-acc-stats-ali[5.5.52-6d919]:main():gmm-acc-stats-ali.cc:105) Processed 5850 utterances; for utterance s01f3ksjej01-20150804-Korean-cps01086 avg. like is -45.9353 over 204 frames.
LOG (gmm-acc-stats-ali[5.5.52-6d919]:main():gmm-acc-stats-ali.cc:105) Processed 5900 utterances; for utterance s01f3ksjej01-20150804-Korean-cps01136 avg. like is -45.0007 over 242 frames.
LOG (gmm-acc-stats-ali[5.5.52-6d919]:main():gmm-acc-stats-ali.cc:105) Processed 5950 utterances; for utterance s01f3ksjej01-20150804-Korean-cps01186 avg. like is -43.6663 over 186 frames.
LOG (gmm-acc-stats-ali[5.5.52-6d919]:main():gmm-acc-stats-ali.cc:105) Processed 6000 utterances; for utterance s01f3ksjej01-20150804-Korean-cps01236 avg. like is -44.2994 over 192 frames.
LOG (gmm-acc-stats-ali[5.5.52-6d919]:main():gmm-acc-stats-ali.cc:105) Processed 6050 utterances; for utterance s01f3ksjej01-20150804-Korean-cps01286 avg. like is -43.8238 over 230 frames.
LOG (gmm-acc-stats-ali[5.5.52-6d919]:main():gmm-acc-stats-ali.cc:105) Processed 6100 utterances; for utterance s01f3ksjej01-20150804-Korean-cps01336 avg. like is -44.5948 over 219 frames.
LOG (gmm-acc-stats-ali[5.5.52-6d919]:main():gmm-acc-stats-ali.cc:105) Processed 6150 utterances; for utterance s01f3ksjej01-20150804-Korean-cps01386 avg. like is -46.2884 over 219 frames.
LOG (gmm-acc-stats-ali[5.5.52-6d919]:main():gmm-acc-stats-ali.cc:105) Processed 6200 utterances; for utterance s01f3ksjej01-20150804-KoreanpinkSNR10-cps01019 avg. like is -38.8899 over 182 frames.
LOG (gmm-acc-stats-ali[5.5.52-6d919]:main():gmm-acc-stats-ali.cc:105) Processed 6250 utterances; for utterance s01f3ksjej01-20150804-KoreanpinkSNR10-cps01069 avg. like is -37.856 over 208 frames.
LOG (gmm-acc-stats-ali[5.5.52-6d919]:main():gmm-acc-stats-ali.cc:105) Processed 6300 utterances; for utterance s01f3ksjej01-20150804-KoreanpinkSNR10-cps01119 avg. like is -37.9971 over 219 frames.
LOG (gmm-acc-stats-ali[5.5.52-6d919]:main():gmm-acc-stats-ali.cc:105) Processed 6350 utterances; for utterance s01f3ksjej01-20150804-KoreanpinkSNR10-cps01169 avg. like is -36.9842 over 193 frames.
LOG (gmm-acc-stats-ali[5.5.52-6d919]:main():gmm-acc-stats-ali.cc:105) Processed 6400 utterances; for utterance s01f3ksjej01-20150804-KoreanpinkSNR10-cps01219 avg. like is -37.0549 over 181 frames.
LOG (gmm-acc-stats-ali[5.5.52-6d919]:main():gmm-acc-stats-ali.cc:105) Processed 6450 utterances; for utterance s01f3ksjej01-20150804-KoreanpinkSNR10-cps01269 avg. like is -36.3887 over 173 frames.
LOG (gmm-acc-stats-ali[5.5.52-6d919]:main():gmm-acc-stats-ali.cc:105) Processed 6500 utterances; for utterance s01f3ksjej01-20150804-KoreanpinkSNR10-cps01319 avg. like is -39.3174 over 181 frames.
LOG (gmm-acc-stats-ali[5.5.52-6d919]:main():gmm-acc-stats-ali.cc:105) Processed 6550 utterances; for utterance s01f3ksjej01-20150804-KoreanpinkSNR10-cps01369 avg. like is -35.751 over 181 frames.
LOG (gmm-acc-stats-ali[5.5.52-6d919]:main():gmm-acc-stats-ali.cc:105) Processed 6600 utterances; for utterance s01f3ssgym01-20150804-Korean-cps01002 avg. like is -48.0166 over 183 frames.
LOG (gmm-acc-stats-ali[5.5.52-6d919]:main():gmm-acc-stats-ali.cc:105) Processed 6650 utterances; for utterance s01f3ssgym01-20150804-Korean-cps01055 avg. like is -50.2544 over 154 frames.
LOG (gmm-acc-stats-ali[5.5.52-6d919]:main():gmm-acc-stats-ali.cc:105) Processed 6700 utterances; for utterance s01f3ssgym01-20150804-Korean-cps01106 avg. like is -55.3295 over 152 frames.
LOG (gmm-acc-stats-ali[5.5.52-6d919]:main():gmm-acc-stats-ali.cc:105) Processed 6750 utterances; for utterance s01f3ssgym01-20150804-Korean-cps01156 avg. like is -55.6027 over 164 frames.
LOG (gmm-acc-stats-ali[5.5.52-6d919]:main():gmm-acc-stats-ali.cc:105) Processed 6800 utterances; for utterance s01f3ssgym01-20150804-Korean-cps01207 avg. like is -42.0171 over 164 frames.
LOG (gmm-acc-stats-ali[5.5.52-6d919]:main():gmm-acc-stats-ali.cc:105) Processed 6850 utterances; for utterance s01f3ssgym01-20150804-Korean-cps01259 avg. like is -49.2469 over 165 frames.
LOG (gmm-acc-stats-ali[5.5.52-6d919]:main():gmm-acc-stats-ali.cc:105) Processed 6900 utterances; for utterance s01f3ssgym01-20150804-Korean-cps01309 avg. like is -50.2885 over 171 frames.
LOG (gmm-acc-stats-ali[5.5.52-6d919]:main():gmm-acc-stats-ali.cc:105) Processed 6950 utterances; for utterance s01f3ssgym01-20150804-Korean-cps01360 avg. like is -50.2256 over 155 frames.
LOG (gmm-acc-stats-ali[5.5.52-6d919]:main():gmm-acc-stats-ali.cc:105) Processed 7000 utterances; for utterance s01f3ssgym01-20150804-Korean-cps01410 avg. like is -46.7403 over 163 frames.
LOG (gmm-acc-stats-ali[5.5.52-6d919]:main():gmm-acc-stats-ali.cc:105) Processed 7050 utterances; for utterance s01f3ssgym01-20150804-KoreanhfchannelSNR10-cps01045 avg. like is -40.7615 over 160 frames.
LOG (gmm-acc-stats-ali[5.5.52-6d919]:main():gmm-acc-stats-ali.cc:105) Processed 7100 utterances; for utterance s01f3ssgym01-20150804-KoreanhfchannelSNR10-cps01097 avg. like is -37.2449 over 168 frames.
LOG (gmm-acc-stats-ali[5.5.52-6d919]:main():gmm-acc-stats-ali.cc:105) Processed 7150 utterances; for utterance s01f3ssgym01-20150804-KoreanhfchannelSNR10-cps01147 avg. like is -38.0882 over 131 frames.
LOG (gmm-acc-stats-ali[5.5.52-6d919]:main():gmm-acc-stats-ali.cc:105) Processed 7200 utterances; for utterance s01f3ssgym01-20150804-KoreanhfchannelSNR10-cps01198 avg. like is -35.9807 over 118 frames.
LOG (gmm-acc-stats-ali[5.5.52-6d919]:main():gmm-acc-stats-ali.cc:105) Processed 7250 utterances; for utterance s01f3ssgym01-20150804-KoreanhfchannelSNR10-cps01250 avg. like is -38.546 over 138 frames.
LOG (gmm-acc-stats-ali[5.5.52-6d919]:main():gmm-acc-stats-ali.cc:105) Processed 7300 utterances; for utterance s01f3ssgym01-20150804-KoreanhfchannelSNR10-cps01300 avg. like is -37.8402 over 137 frames.
LOG (gmm-acc-stats-ali[5.5.52-6d919]:main():gmm-acc-stats-ali.cc:105) Processed 7350 utterances; for utterance s01f3ssgym01-20150804-KoreanhfchannelSNR10-cps01351 avg. like is -42.177 over 160 frames.
LOG (gmm-acc-stats-ali[5.5.52-6d919]:main():gmm-acc-stats-ali.cc:105) Processed 7400 utterances; for utterance s01f3ssgym01-20150804-KoreanhfchannelSNR10-cps01401 avg. like is -36.85 over 153 frames.
LOG (gmm-acc-stats-ali[5.5.52-6d919]:main():gmm-acc-stats-ali.cc:105) Processed 7450 utterances; for utterance s01f4ccnhy01-20150804-Korean-cps01034 avg. like is -47.3244 over 183 frames.
LOG (gmm-acc-stats-ali[5.5.52-6d919]:main():gmm-acc-stats-ali.cc:105) Processed 7500 utterances; for utterance s01f4ccnhy01-20150804-Korean-cps01084 avg. like is -47.9227 over 132 frames.
LOG (gmm-acc-stats-ali[5.5.52-6d919]:main():gmm-acc-stats-ali.cc:105) Processed 7550 utterances; for utterance s01f4ccnhy01-20150804-Korean-cps01134 avg. like is -44.4365 over 160 frames.
LOG (gmm-acc-stats-ali[5.5.52-6d919]:main():gmm-acc-stats-ali.cc:105) Processed 7600 utterances; for utterance s01f4ccnhy01-20150804-Korean-cps01186 avg. like is -44.3532 over 156 frames.
LOG (gmm-acc-stats-ali[5.5.52-6d919]:main():gmm-acc-stats-ali.cc:105) Processed 7650 utterances; for utterance s01f4ccnhy01-20150804-Korean-cps01236 avg. like is -43.933 over 168 frames.
LOG (gmm-acc-stats-ali[5.5.52-6d919]:main():gmm-acc-stats-ali.cc:105) Processed 7700 utterances; for utterance s01f4ccnhy01-20150804-Korean-cps01286 avg. like is -43.9754 over 191 frames.
LOG (gmm-acc-stats-ali[5.5.52-6d919]:main():gmm-acc-stats-ali.cc:105) Processed 7750 utterances; for utterance s01f4ccnhy01-20150804-Korean-cps01336 avg. like is -44.1861 over 180 frames.
LOG (gmm-acc-stats-ali[5.5.52-6d919]:main():gmm-acc-stats-ali.cc:105) Processed 7800 utterances; for utterance s01f4ccnhy01-20150804-Korean-cps01386 avg. like is -46.6469 over 153 frames.
LOG (gmm-acc-stats-ali[5.5.52-6d919]:main():gmm-acc-stats-ali.cc:105) Processed 7850 utterances; for utterance s01f4ccnhy01-20150804-KoreancarSNR10-cps01019 avg. like is -39.0697 over 138 frames.
LOG (gmm-acc-stats-ali[5.5.52-6d919]:main():gmm-acc-stats-ali.cc:105) Processed 7900 utterances; for utterance s01f4ccnhy01-20150804-KoreancarSNR10-cps01069 avg. like is -41.1007 over 168 frames.
LOG (gmm-acc-stats-ali[5.5.52-6d919]:main():gmm-acc-stats-ali.cc:105) Processed 7950 utterances; for utterance s01f4ccnhy01-20150804-KoreancarSNR10-cps01119 avg. like is -43.0618 over 205 frames.
LOG (gmm-acc-stats-ali[5.5.52-6d919]:main():gmm-acc-stats-ali.cc:105) Processed 8000 utterances; for utterance s01f4ccnhy01-20150804-KoreancarSNR10-cps01170 avg. like is -40.5443 over 159 frames.
LOG (gmm-acc-stats-ali[5.5.52-6d919]:main():gmm-acc-stats-ali.cc:105) Processed 8050 utterances; for utterance s01f4ccnhy01-20150804-KoreancarSNR10-cps01221 avg. like is -38.9378 over 162 frames.
LOG (gmm-acc-stats-ali[5.5.52-6d919]:main():gmm-acc-stats-ali.cc:105) Processed 8100 utterances; for utterance s01f4ccnhy01-20150804-KoreancarSNR10-cps01271 avg. like is -38.0431 over 141 frames.
LOG (gmm-acc-stats-ali[5.5.52-6d919]:main():gmm-acc-stats-ali.cc:105) Processed 8150 utterances; for utterance s01f4ccnhy01-20150804-KoreancarSNR10-cps01321 avg. like is -43.5734 over 212 frames.
LOG (gmm-acc-stats-ali[5.5.52-6d919]:main():gmm-acc-stats-ali.cc:105) Processed 8200 utterances; for utterance s01f4ccnhy01-20150804-KoreancarSNR10-cps01371 avg. like is -42.2667 over 155 frames.
LOG (gmm-acc-stats-ali[5.5.52-6d919]:main():gmm-acc-stats-ali.cc:105) Processed 8250 utterances; for utterance s01fg2ksh00-20150803-Korean-s01a004 avg. like is -49.6747 over 204 frames.
LOG (gmm-acc-stats-ali[5.5.52-6d919]:main():gmm-acc-stats-ali.cc:105) Processed 8300 utterances; for utterance s01fg2ksh00-20150803-Korean-s01a056 avg. like is -50.1705 over 288 frames.
LOG (gmm-acc-stats-ali[5.5.52-6d919]:main():gmm-acc-stats-ali.cc:105) Processed 8350 utterances; for utterance s01fg2ksh00-20150803-Korean-s01a106 avg. like is -47.9205 over 168 frames.
LOG (gmm-acc-stats-ali[5.5.52-6d919]:main():gmm-acc-stats-ali.cc:105) Processed 8400 utterances; for utterance s01fg2ksh00-20150803-Koreanleopard2SNR10-s01a016 avg. like is -44.288 over 255 frames.
LOG (gmm-acc-stats-ali[5.5.52-6d919]:main():gmm-acc-stats-ali.cc:105) Processed 8450 utterances; for utterance s01fg2ksh00-20150803-Koreanleopard2SNR10-s01a067 avg. like is -37.9169 over 204 frames.
LOG (gmm-acc-stats-ali[5.5.52-6d919]:main():gmm-acc-stats-ali.cc:105) Processed 8500 utterances; for utterance s01fg2ksh00-20150803-Koreanleopard2SNR10-s01a117 avg. like is -41.1773 over 209 frames.
LOG (gmm-acc-stats-ali[5.5.52-6d919]:main():gmm-acc-stats-ali.cc:105) Processed 8550 utterances; for utterance s01fg4hsd00-20150803-Korean-s01a026 avg. like is -50.7825 over 248 frames.
LOG (gmm-acc-stats-ali[5.5.52-6d919]:main():gmm-acc-stats-ali.cc:105) Processed 8600 utterances; for utterance s01fg4hsd00-20150803-Korean-s01a076 avg. like is -53.3815 over 258 frames.
LOG (gmm-acc-stats-ali[5.5.52-6d919]:main():gmm-acc-stats-ali.cc:105) Processed 8650 utterances; for utterance s01fg4hsd00-20150803-Korean-s01a129 avg. like is -53.2263 over 262 frames.
LOG (gmm-acc-stats-ali[5.5.52-6d919]:main():gmm-acc-stats-ali.cc:105) Processed 8700 utterances; for utterance s01fg4hsd00-20150803-KoreanleopardSNR10-s01a038 avg. like is -46.7137 over 329 frames.
LOG (gmm-acc-stats-ali[5.5.52-6d919]:main():gmm-acc-stats-ali.cc:105) Processed 8750 utterances; for utterance s01fg4hsd00-20150803-KoreanleopardSNR10-s01a088 avg. like is -46.6924 over 278 frames.
LOG (gmm-acc-stats-ali[5.5.52-6d919]:main():gmm-acc-stats-ali.cc:105) Processed 8800 utterances; for utterance s01fg4hsd00-20150803-KoreanleopardSNR10-s01a141 avg. like is -47.0321 over 289 frames.
LOG (gmm-acc-stats-ali[5.5.52-6d919]:main():gmm-acc-stats-ali.cc:105) Processed 8850 utterances; for utterance s01fj3cjh02-20150803-Korean-s01a050 avg. like is -50.6818 over 289 frames.
LOG (gmm-acc-stats-ali[5.5.52-6d919]:main():gmm-acc-stats-ali.cc:105) Processed 8900 utterances; for utterance s01fj3cjh02-20150803-Korean-s01a101 avg. like is -53.1444 over 247 frames.
LOG (gmm-acc-stats-ali[5.5.52-6d919]:main():gmm-acc-stats-ali.cc:105) Processed 8950 utterances; for utterance s01fj3cjh02-20150803-KoreanpinkSNR10-s01a011 avg. like is -37.8032 over 216 frames.
LOG (gmm-acc-stats-ali[5.5.52-6d919]:main():gmm-acc-stats-ali.cc:105) Processed 9000 utterances; for utterance s01fj3cjh02-20150803-KoreanpinkSNR10-s01a061 avg. like is -37.9033 over 197 frames.
LOG (gmm-acc-stats-ali[5.5.52-6d919]:main():gmm-acc-stats-ali.cc:105) Processed 9050 utterances; for utterance s01fj3cjh02-20150803-KoreanpinkSNR10-s01a113 avg. like is -38.7994 over 208 frames.
LOG (gmm-acc-stats-ali[5.5.52-6d919]:main():gmm-acc-stats-ali.cc:105) Processed 9100 utterances; for utterance s01fj4lhs02-20150803-Korean-s01a022 avg. like is -49.9563 over 280 frames.
LOG (gmm-acc-stats-ali[5.5.52-6d919]:main():gmm-acc-stats-ali.cc:105) Processed 9150 utterances; for utterance s01fj4lhs02-20150803-Korean-s01a072 avg. like is -50.7969 over 346 frames.
LOG (gmm-acc-stats-ali[5.5.52-6d919]:main():gmm-acc-stats-ali.cc:105) Processed 9200 utterances; for utterance s01fj4lhs02-20150803-Korean-s01a122 avg. like is -51.8523 over 264 frames.
LOG (gmm-acc-stats-ali[5.5.52-6d919]:main():gmm-acc-stats-ali.cc:105) Processed 9250 utterances; for utterance s01fj4lhs02-20150803-Koreanfactory1SNR10-s01a031 avg. like is -40.7382 over 287 frames.
LOG (gmm-acc-stats-ali[5.5.52-6d919]:main():gmm-acc-stats-ali.cc:105) Processed 9300 utterances; for utterance s01fj4lhs02-20150803-Koreanfactory1SNR10-s01a081 avg. like is -40.0258 over 298 frames.
LOG (gmm-acc-stats-ali[5.5.52-6d919]:main():gmm-acc-stats-ali.cc:105) Processed 9350 utterances; for utterance s01fj4lhs02-20150803-Koreanfactory1SNR10-s01a131 avg. like is -40.694 over 261 frames.
LOG (gmm-acc-stats-ali[5.5.52-6d919]:main():gmm-acc-stats-ali.cc:105) Processed 9400 utterances; for utterance s01fs2pmk00-20150803-Korean-s01a041 avg. like is -49.8625 over 345 frames.
LOG (gmm-acc-stats-ali[5.5.52-6d919]:main():gmm-acc-stats-ali.cc:105) Processed 9450 utterances; for utterance s01fs2pmk00-20150803-Korean-s01a091 avg. like is -47.6601 over 283 frames.
LOG (gmm-acc-stats-ali[5.5.52-6d919]:main():gmm-acc-stats-ali.cc:105) Processed 9500 utterances; for utterance s01fs2pmk00-20150803-Korean-s01a141 avg. like is -48.3434 over 350 frames.
LOG (gmm-acc-stats-ali[5.5.52-6d919]:main():gmm-acc-stats-ali.cc:105) Processed 9550 utterances; for utterance s01fs2pmk00-20150803-KoreanbabbleSNR10-s01a051 avg. like is -47.9425 over 372 frames.
LOG (gmm-acc-stats-ali[5.5.52-6d919]:main():gmm-acc-stats-ali.cc:105) Processed 9600 utterances; for utterance s01fs2pmk00-20150803-KoreanbabbleSNR10-s01a101 avg. like is -47.0128 over 282 frames.
LOG (gmm-acc-stats-ali[5.5.52-6d919]:main():gmm-acc-stats-ali.cc:105) Processed 9650 utterances; for utterance s01fs3lyj00-20150803-Korean-s01a010 avg. like is -47.9153 over 328 frames.
LOG (gmm-acc-stats-ali[5.5.52-6d919]:main():gmm-acc-stats-ali.cc:105) Processed 9700 utterances; for utterance s01fs3lyj00-20150803-Korean-s01a060 avg. like is -53.5468 over 256 frames.
LOG (gmm-acc-stats-ali[5.5.52-6d919]:main():gmm-acc-stats-ali.cc:105) Processed 9750 utterances; for utterance s01fs3lyj00-20150803-Korean-s01a110 avg. like is -46.2699 over 204 frames.
LOG (gmm-acc-stats-ali[5.5.52-6d919]:main():gmm-acc-stats-ali.cc:105) Processed 9800 utterances; for utterance s01fs3lyj00-20150803-Koreanleopard1SNR10-s01a019 avg. like is -44.4456 over 255 frames.
LOG (gmm-acc-stats-ali[5.5.52-6d919]:main():gmm-acc-stats-ali.cc:105) Processed 9850 utterances; for utterance s01fs3lyj00-20150803-Koreanleopard1SNR10-s01a069 avg. like is -46.1136 over 283 frames.
LOG (gmm-acc-stats-ali[5.5.52-6d919]:main():gmm-acc-stats-ali.cc:105) Processed 9900 utterances; for utterance s01fs3lyj00-20150803-Koreanleopard1SNR10-s01a119 avg. like is -44.587 over 224 frames.
LOG (gmm-acc-stats-ali[5.5.52-6d919]:main():gmm-acc-stats-ali.cc:105) Processed 9950 utterances; for utterance s01fs4lks00-20150803-Korean-s01a028 avg. like is -50.3934 over 269 frames.
LOG (gmm-acc-stats-ali[5.5.52-6d919]:main():gmm-acc-stats-ali.cc:105) Processed 10000 utterances; for utterance s01fs4lks00-20150803-Korean-s01a078 avg. like is -49.53 over 275 frames.
LOG (gmm-acc-stats-ali[5.5.52-6d919]:main():gmm-acc-stats-ali.cc:105) Processed 10050 utterances; for utterance s01fs4lks00-20150803-Korean-s01a128 avg. like is -49.7414 over 305 frames.
LOG (gmm-acc-stats-ali[5.5.52-6d919]:main():gmm-acc-stats-ali.cc:105) Processed 10100 utterances; for utterance s01fs4lks00-20150803-KoreanbabbleSNR10-s01a037 avg. like is -44.4668 over 206 frames.
LOG (gmm-acc-stats-ali[5.5.52-6d919]:main():gmm-acc-stats-ali.cc:105) Processed 10150 utterances; for utterance s01fs4lks00-20150803-KoreanbabbleSNR10-s01a087 avg. like is -47.1185 over 309 frames.
LOG (gmm-acc-stats-ali[5.5.52-6d919]:main():gmm-acc-stats-ali.cc:105) Processed 10200 utterances; for utterance s01fs4lks00-20150803-KoreanbabbleSNR10-s01a137 avg. like is -44.3229 over 299 frames.
LOG (gmm-acc-stats-ali[5.5.52-6d919]:main():gmm-acc-stats-ali.cc:105) Processed 10250 utterances; for utterance s01fs4ski00-20150803-Korean-s01a047 avg. like is -49.6444 over 237 frames.
LOG (gmm-acc-stats-ali[5.5.52-6d919]:main():gmm-acc-stats-ali.cc:105) Processed 10300 utterances; for utterance s01fs4ski00-20150803-Korean-s01a097 avg. like is -52.0566 over 215 frames.
LOG (gmm-acc-stats-ali[5.5.52-6d919]:main():gmm-acc-stats-ali.cc:105) Processed 10350 utterances; for utterance s01fs4ski00-20150803-Koreanfactory2SNR10-s01a006 avg. like is -40.7052 over 217 frames.
LOG (gmm-acc-stats-ali[5.5.52-6d919]:main():gmm-acc-stats-ali.cc:105) Processed 10400 utterances; for utterance s01fs4ski00-20150803-Koreanfactory2SNR10-s01a057 avg. like is -42.7055 over 305 frames.
LOG (gmm-acc-stats-ali[5.5.52-6d919]:main():gmm-acc-stats-ali.cc:105) Processed 10450 utterances; for utterance s01fs4ski00-20150803-Koreanfactory2SNR10-s01a107 avg. like is -43.2962 over 318 frames.
LOG (gmm-acc-stats-ali[5.5.52-6d919]:main():gmm-acc-stats-ali.cc:105) Processed 10500 utterances; for utterance s01m1ccgbg01-20150804-Korean-cps01016 avg. like is -58.786 over 135 frames.
LOG (gmm-acc-stats-ali[5.5.52-6d919]:main():gmm-acc-stats-ali.cc:105) Processed 10550 utterances; for utterance s01m1ccgbg01-20150804-Korean-cps01067 avg. like is -44.0668 over 153 frames.
LOG (gmm-acc-stats-ali[5.5.52-6d919]:main():gmm-acc-stats-ali.cc:105) Processed 10600 utterances; for utterance s01m1ccgbg01-20150804-Korean-cps01117 avg. like is -57.4035 over 166 frames.
LOG (gmm-acc-stats-ali[5.5.52-6d919]:main():gmm-acc-stats-ali.cc:105) Processed 10650 utterances; for utterance s01m1ccgbg01-20150804-Korean-cps01168 avg. like is -51.8834 over 142 frames.
LOG (gmm-acc-stats-ali[5.5.52-6d919]:main():gmm-acc-stats-ali.cc:105) Processed 10700 utterances; for utterance s01m1ccgbg01-20150804-Korean-cps01219 avg. like is -55.2021 over 135 frames.
LOG (gmm-acc-stats-ali[5.5.52-6d919]:main():gmm-acc-stats-ali.cc:105) Processed 10750 utterances; for utterance s01m1ccgbg01-20150804-Korean-cps01270 avg. like is -50.299 over 154 frames.
LOG (gmm-acc-stats-ali[5.5.52-6d919]:main():gmm-acc-stats-ali.cc:105) Processed 10800 utterances; for utterance s01m1ccgbg01-20150804-Korean-cps01320 avg. like is -50.0476 over 154 frames.
LOG (gmm-acc-stats-ali[5.5.52-6d919]:main():gmm-acc-stats-ali.cc:105) Processed 10850 utterances; for utterance s01m1ccgbg01-20150804-Korean-cps01371 avg. like is -49.5124 over 174 frames.
LOG (gmm-acc-stats-ali[5.5.52-6d919]:main():gmm-acc-stats-ali.cc:105) Processed 10900 utterances; for utterance s01m1ccgbg01-20150804-Koreanfactory1SNR10-cps01005 avg. like is -44.931 over 153 frames.
LOG (gmm-acc-stats-ali[5.5.52-6d919]:main():gmm-acc-stats-ali.cc:105) Processed 10950 utterances; for utterance s01m1ccgbg01-20150804-Koreanfactory1SNR10-cps01056 avg. like is -41.0874 over 138 frames.
LOG (gmm-acc-stats-ali[5.5.52-6d919]:main():gmm-acc-stats-ali.cc:105) Processed 11000 utterances; for utterance s01m1ccgbg01-20150804-Koreanfactory1SNR10-cps01106 avg. like is -43.7251 over 167 frames.
LOG (gmm-acc-stats-ali[5.5.52-6d919]:main():gmm-acc-stats-ali.cc:105) Processed 11050 utterances; for utterance s01m1ccgbg01-20150804-Koreanfactory1SNR10-cps01157 avg. like is -40.1637 over 144 frames.
LOG (gmm-acc-stats-ali[5.5.52-6d919]:main():gmm-acc-stats-ali.cc:105) Processed 11100 utterances; for utterance s01m1ccgbg01-20150804-Koreanfactory1SNR10-cps01208 avg. like is -42.5908 over 166 frames.
LOG (gmm-acc-stats-ali[5.5.52-6d919]:main():gmm-acc-stats-ali.cc:105) Processed 11150 utterances; for utterance s01m1ccgbg01-20150804-Koreanfactory1SNR10-cps01258 avg. like is -41.9925 over 161 frames.
LOG (gmm-acc-stats-ali[5.5.52-6d919]:main():gmm-acc-stats-ali.cc:105) Processed 11200 utterances; for utterance s01m1ccgbg01-20150804-Koreanfactory1SNR10-cps01309 avg. like is -42.7497 over 180 frames.
LOG (gmm-acc-stats-ali[5.5.52-6d919]:main():gmm-acc-stats-ali.cc:105) Processed 11250 utterances; for utterance s01m1ccgbg01-20150804-Koreanfactory1SNR10-cps01360 avg. like is -45.0189 over 156 frames.
LOG (gmm-acc-stats-ali[5.5.52-6d919]:main():gmm-acc-stats-ali.cc:105) Processed 11300 utterances; for utterance s01m1ccgbg01-20150804-Koreanfactory1SNR10-cps01411 avg. like is -45.1264 over 158 frames.
LOG (gmm-acc-stats-ali[5.5.52-6d919]:main():gmm-acc-stats-ali.cc:105) Processed 11350 utterances; for utterance s01m1jrgju03-20150804-Korean-cps01044 avg. like is -44.9065 over 114 frames.
LOG (gmm-acc-stats-ali[5.5.52-6d919]:main():gmm-acc-stats-ali.cc:105) Processed 11400 utterances; for utterance s01m1jrgju03-20150804-Korean-cps01094 avg. like is -41.3665 over 126 frames.
LOG (gmm-acc-stats-ali[5.5.52-6d919]:main():gmm-acc-stats-ali.cc:105) Processed 11450 utterances; for utterance s01m1jrgju03-20150804-Korean-cps01144 avg. like is -41.6314 over 153 frames.
LOG (gmm-acc-stats-ali[5.5.52-6d919]:main():gmm-acc-stats-ali.cc:105) Processed 11500 utterances; for utterance s01m1jrgju03-20150804-Korean-cps01195 avg. like is -47.4539 over 190 frames.
LOG (gmm-acc-stats-ali[5.5.52-6d919]:main():gmm-acc-stats-ali.cc:105) Processed 11550 utterances; for utterance s01m1jrgju03-20150804-Korean-cps01246 avg. like is -43.0083 over 177 frames.
LOG (gmm-acc-stats-ali[5.5.52-6d919]:main():gmm-acc-stats-ali.cc:105) Processed 11600 utterances; for utterance s01m1jrgju03-20150804-Korean-cps01296 avg. like is -44.7282 over 181 frames.
LOG (gmm-acc-stats-ali[5.5.52-6d919]:main():gmm-acc-stats-ali.cc:105) Processed 11650 utterances; for utterance s01m1jrgju03-20150804-Korean-cps01346 avg. like is -46.576 over 174 frames.
LOG (gmm-acc-stats-ali[5.5.52-6d919]:main():gmm-acc-stats-ali.cc:105) Processed 11700 utterances; for utterance s01m1jrgju03-20150804-Korean-cps01396 avg. like is -45.2598 over 177 frames.
LOG (gmm-acc-stats-ali[5.5.52-6d919]:main():gmm-acc-stats-ali.cc:105) Processed 11750 utterances; for utterance s01m1jrgju03-20150804-Koreanleopard2SNR10-cps01029 avg. like is -44.5445 over 126 frames.
LOG (gmm-acc-stats-ali[5.5.52-6d919]:main():gmm-acc-stats-ali.cc:105) Processed 11800 utterances; for utterance s01m1jrgju03-20150804-Koreanleopard2SNR10-cps01079 avg. like is -43.5591 over 202 frames.
LOG (gmm-acc-stats-ali[5.5.52-6d919]:main():gmm-acc-stats-ali.cc:105) Processed 11850 utterances; for utterance s01m1jrgju03-20150804-Koreanleopard2SNR10-cps01129 avg. like is -46.2373 over 158 frames.
LOG (gmm-acc-stats-ali[5.5.52-6d919]:main():gmm-acc-stats-ali.cc:105) Processed 11900 utterances; for utterance s01m1jrgju03-20150804-Koreanleopard2SNR10-cps01179 avg. like is -47.0636 over 184 frames.
LOG (gmm-acc-stats-ali[5.5.52-6d919]:main():gmm-acc-stats-ali.cc:105) Processed 11950 utterances; for utterance s01m1jrgju03-20150804-Koreanleopard2SNR10-cps01231 avg. like is -42.3582 over 184 frames.
LOG (gmm-acc-stats-ali[5.5.52-6d919]:main():gmm-acc-stats-ali.cc:105) Processed 12000 utterances; for utterance s01m1jrgju03-20150804-Koreanleopard2SNR10-cps01281 avg. like is -43.4356 over 200 frames.
LOG (gmm-acc-stats-ali[5.5.52-6d919]:main():gmm-acc-stats-ali.cc:105) Processed 12050 utterances; for utterance s01m1jrgju03-20150804-Koreanleopard2SNR10-cps01331 avg. like is -44.4373 over 181 frames.
LOG (gmm-acc-stats-ali[5.5.52-6d919]:main():gmm-acc-stats-ali.cc:105) Processed 12100 utterances; for utterance s01m1jrgju03-20150804-Koreanleopard2SNR10-cps01381 avg. like is -43.2923 over 181 frames.
LOG (apply-cmvn[5.5.52-6d919]:main():apply-cmvn.cc:162) Applied cepstral mean normalization to 12136 utterances, errors on 0
LOG (transform-feats[5.5.52-6d919]:main():transform-feats.cc:158) Overall average [pseudo-]logdet is -92.5347 over 2.18351e+06 frames.
LOG (transform-feats[5.5.52-6d919]:main():transform-feats.cc:161) Applied transform to 12136 utterances; 0 had errors.
LOG (transform-feats[5.5.52-6d919]:main():transform-feats.cc:158) Overall average logdet is 1.16011 over 2.18351e+06 frames.
LOG (transform-feats[5.5.52-6d919]:main():transform-feats.cc:161) Applied transform to 12136 utterances; 0 had errors.
LOG (gmm-acc-stats-ali[5.5.52-6d919]:main():gmm-acc-stats-ali.cc:112) Done 12136 files, 0 with errors.
LOG (gmm-acc-stats-ali[5.5.52-6d919]:main():gmm-acc-stats-ali.cc:115) Overall avg like per frame (Gaussian only) = -44.6574 over 2183510 frames.
LOG (gmm-acc-stats-ali[5.5.52-6d919]:main():gmm-acc-stats-ali.cc:123) Written accs.
# Accounting: time=13 threads=1
# Ended (code 0) at Tue May  7 16:19:20 KST 2019, elapsed time 13 seconds
