# gmm-acc-stats-ali exp/tri3b/8.mdl "ark,s,cs:apply-cmvn  --utt2spk=ark:data/train/split8/1/utt2spk scp:data/train/split8/1/cmvn.scp scp:data/train/split8/1/feats.scp ark:- | splice-feats  ark:- ark:- | transform-feats exp/tri2b_ali/final.mat ark:- ark:- | transform-feats --utt2spk=ark:data/train/split8/1/utt2spk ark:exp/tri3b/trans.1 ark:- ark:- |" "ark,s,cs:gunzip -c exp/tri3b/ali.1.gz|" exp/tri3b/8.1.acc 
# Started at Tue May  7 16:08:52 KST 2019
#
gmm-acc-stats-ali exp/tri3b/8.mdl 'ark,s,cs:apply-cmvn  --utt2spk=ark:data/train/split8/1/utt2spk scp:data/train/split8/1/cmvn.scp scp:data/train/split8/1/feats.scp ark:- | splice-feats  ark:- ark:- | transform-feats exp/tri2b_ali/final.mat ark:- ark:- | transform-feats --utt2spk=ark:data/train/split8/1/utt2spk ark:exp/tri3b/trans.1 ark:- ark:- |' 'ark,s,cs:gunzip -c exp/tri3b/ali.1.gz|' exp/tri3b/8.1.acc 
apply-cmvn --utt2spk=ark:data/train/split8/1/utt2spk scp:data/train/split8/1/cmvn.scp scp:data/train/split8/1/feats.scp ark:- 
transform-feats exp/tri2b_ali/final.mat ark:- ark:- 
splice-feats ark:- ark:- 
transform-feats --utt2spk=ark:data/train/split8/1/utt2spk ark:exp/tri3b/trans.1 ark:- ark:- 
LOG (gmm-acc-stats-ali[5.5.52-6d919]:main():gmm-acc-stats-ali.cc:105) Processed 50 utterances; for utterance s001fcc3pjh02-20150804-Korean-set001050 avg. like is -49.251 over 858 frames.
LOG (gmm-acc-stats-ali[5.5.52-6d919]:main():gmm-acc-stats-ali.cc:105) Processed 100 utterances; for utterance s001fcc3pjh02-20150804-Korean-set001100 avg. like is -46.4487 over 538 frames.
LOG (gmm-acc-stats-ali[5.5.52-6d919]:main():gmm-acc-stats-ali.cc:105) Processed 150 utterances; for utterance s001fcc3pjh02-20150804-Koreanleopard1SNR10-set001045 avg. like is -43.8606 over 598 frames.
LOG (gmm-acc-stats-ali[5.5.52-6d919]:main():gmm-acc-stats-ali.cc:105) Processed 200 utterances; for utterance s001fcc3pjh02-20150804-Koreanleopard1SNR10-set001095 avg. like is -44.1263 over 988 frames.
LOG (gmm-acc-stats-ali[5.5.52-6d919]:main():gmm-acc-stats-ali.cc:105) Processed 250 utterances; for utterance s001m2syc00-20150804-Korean-set001040 avg. like is -53.8666 over 392 frames.
LOG (gmm-acc-stats-ali[5.5.52-6d919]:main():gmm-acc-stats-ali.cc:105) Processed 300 utterances; for utterance s001m2syc00-20150804-Korean-set001090 avg. like is -52.5908 over 517 frames.
LOG (gmm-acc-stats-ali[5.5.52-6d919]:main():gmm-acc-stats-ali.cc:105) Processed 350 utterances; for utterance s001m2syc00-20150804-Koreanfactory2SNR10-set001035 avg. like is -44.5983 over 554 frames.
LOG (gmm-acc-stats-ali[5.5.52-6d919]:main():gmm-acc-stats-ali.cc:105) Processed 400 utterances; for utterance s001m2syc00-20150804-Koreanfactory2SNR10-set001085 avg. like is -43.4384 over 333 frames.
LOG (gmm-acc-stats-ali[5.5.52-6d919]:main():gmm-acc-stats-ali.cc:105) Processed 450 utterances; for utterance s001mcc2gpl00-20150804-Korean-set001030 avg. like is -51.7839 over 758 frames.
LOG (gmm-acc-stats-ali[5.5.52-6d919]:main():gmm-acc-stats-ali.cc:105) Processed 500 utterances; for utterance s001mcc2gpl00-20150804-Korean-set001080 avg. like is -50.6267 over 658 frames.
LOG (gmm-acc-stats-ali[5.5.52-6d919]:main():gmm-acc-stats-ali.cc:105) Processed 550 utterances; for utterance s001mcc2gpl00-20150804-KoreancarSNR10-set001025 avg. like is -44.6959 over 678 frames.
LOG (gmm-acc-stats-ali[5.5.52-6d919]:main():gmm-acc-stats-ali.cc:105) Processed 600 utterances; for utterance s001mcc2gpl00-20150804-KoreancarSNR10-set001075 avg. like is -44.8932 over 758 frames.
LOG (gmm-acc-stats-ali[5.5.52-6d919]:main():gmm-acc-stats-ali.cc:105) Processed 650 utterances; for utterance s002fcc2pho00-20150804-Korean-set002020 avg. like is -48.1861 over 758 frames.
LOG (gmm-acc-stats-ali[5.5.52-6d919]:main():gmm-acc-stats-ali.cc:105) Processed 700 utterances; for utterance s002fcc2pho00-20150804-Korean-set002070 avg. like is -45.915 over 878 frames.
LOG (gmm-acc-stats-ali[5.5.52-6d919]:main():gmm-acc-stats-ali.cc:105) Processed 750 utterances; for utterance s002fcc2pho00-20150804-KoreanvolvoSNR10-set002015 avg. like is -43.5148 over 698 frames.
LOG (gmm-acc-stats-ali[5.5.52-6d919]:main():gmm-acc-stats-ali.cc:105) Processed 800 utterances; for utterance s002fcc2pho00-20150804-KoreanvolvoSNR10-set002065 avg. like is -43.9117 over 678 frames.
LOG (gmm-acc-stats-ali[5.5.52-6d919]:main():gmm-acc-stats-ali.cc:105) Processed 850 utterances; for utterance s002m2ljk00-20150804-Korean-set002010 avg. like is -51.496 over 567 frames.
LOG (gmm-acc-stats-ali[5.5.52-6d919]:main():gmm-acc-stats-ali.cc:105) Processed 900 utterances; for utterance s002m2ljk00-20150804-Korean-set002060 avg. like is -48.9759 over 594 frames.
LOG (gmm-acc-stats-ali[5.5.52-6d919]:main():gmm-acc-stats-ali.cc:105) Processed 950 utterances; for utterance s002m2ljk00_r-20150804-Korean-set002005 avg. like is -57.8002 over 821 frames.
LOG (gmm-acc-stats-ali[5.5.52-6d919]:main():gmm-acc-stats-ali.cc:105) Processed 1000 utterances; for utterance s002m2ljk00_r-20150804-Korean-set002055 avg. like is -53.9704 over 407 frames.
LOG (gmm-acc-stats-ali[5.5.52-6d919]:main():gmm-acc-stats-ali.cc:105) Processed 1050 utterances; for utterance s002m2ljk00_r-20150804-Korean-set002105 avg. like is -54.7848 over 454 frames.
LOG (gmm-acc-stats-ali[5.5.52-6d919]:main():gmm-acc-stats-ali.cc:105) Processed 1100 utterances; for utterance s002m2ljk00_r-20150804-KoreanpinkSNR10-set002050 avg. like is -43.8087 over 542 frames.
LOG (gmm-acc-stats-ali[5.5.52-6d919]:main():gmm-acc-stats-ali.cc:105) Processed 1150 utterances; for utterance s002m2ljk00_r-20150804-KoreanpinkSNR10-set002100 avg. like is -44.686 over 322 frames.
LOG (gmm-acc-stats-ali[5.5.52-6d919]:main():gmm-acc-stats-ali.cc:105) Processed 1200 utterances; for utterance s002mss3wjs00-20150804-Korean-set002045 avg. like is -50.1964 over 958 frames.
LOG (gmm-acc-stats-ali[5.5.52-6d919]:main():gmm-acc-stats-ali.cc:105) Processed 1250 utterances; for utterance s002mss3wjs00-20150804-Korean-set002095 avg. like is -47.4785 over 838 frames.
LOG (gmm-acc-stats-ali[5.5.52-6d919]:main():gmm-acc-stats-ali.cc:105) Processed 1300 utterances; for utterance s002mss3wjs00-20150804-KoreancarSNR10-set002040 avg. like is -44.8769 over 858 frames.
LOG (gmm-acc-stats-ali[5.5.52-6d919]:main():gmm-acc-stats-ali.cc:105) Processed 1350 utterances; for utterance s002mss3wjs00-20150804-KoreancarSNR10-set002090 avg. like is -42.7609 over 758 frames.
LOG (gmm-acc-stats-ali[5.5.52-6d919]:main():gmm-acc-stats-ali.cc:105) Processed 1400 utterances; for utterance s003fcc2khj02-20150804-Korean-set003035 avg. like is -47.7131 over 618 frames.
LOG (gmm-acc-stats-ali[5.5.52-6d919]:main():gmm-acc-stats-ali.cc:105) Processed 1450 utterances; for utterance s003fcc2khj02-20150804-Korean-set003085 avg. like is -51.7079 over 628 frames.
LOG (gmm-acc-stats-ali[5.5.52-6d919]:main():gmm-acc-stats-ali.cc:105) Processed 1500 utterances; for utterance s003fcc2khj02-20150804-Koreanfactory2SNR10-set003030 avg. like is -42.6544 over 738 frames.
LOG (gmm-acc-stats-ali[5.5.52-6d919]:main():gmm-acc-stats-ali.cc:105) Processed 1550 utterances; for utterance s003fcc2khj02-20150804-Koreanfactory2SNR10-set003080 avg. like is -42.1912 over 628 frames.
LOG (gmm-acc-stats-ali[5.5.52-6d919]:main():gmm-acc-stats-ali.cc:105) Processed 1600 utterances; for utterance s003m2siy00-20150804-Korean-set003025 avg. like is -49.0098 over 442 frames.
LOG (gmm-acc-stats-ali[5.5.52-6d919]:main():gmm-acc-stats-ali.cc:105) Processed 1650 utterances; for utterance s003m2siy00-20150804-Korean-set003075 avg. like is -51.3153 over 521 frames.
LOG (gmm-acc-stats-ali[5.5.52-6d919]:main():gmm-acc-stats-ali.cc:105) Processed 1700 utterances; for utterance s003m2siy00-20150804-Koreancar1SNR10-set003020 avg. like is -44.5165 over 429 frames.
LOG (gmm-acc-stats-ali[5.5.52-6d919]:main():gmm-acc-stats-ali.cc:105) Processed 1750 utterances; for utterance s003m2siy00-20150804-Koreancar1SNR10-set003070 avg. like is -47.4608 over 361 frames.
LOG (gmm-acc-stats-ali[5.5.52-6d919]:main():gmm-acc-stats-ali.cc:105) Processed 1800 utterances; for utterance s003m2siy00_r-20150804-Korean-set003015 avg. like is -49.0763 over 443 frames.
LOG (gmm-acc-stats-ali[5.5.52-6d919]:main():gmm-acc-stats-ali.cc:105) Processed 1850 utterances; for utterance s003m2siy00_r-20150804-Korean-set003065 avg. like is -48.9386 over 407 frames.
LOG (gmm-acc-stats-ali[5.5.52-6d919]:main():gmm-acc-stats-ali.cc:105) Processed 1900 utterances; for utterance s003m2siy00_r-20150804-Koreanleopard2SNR10-set003010 avg. like is -48.5609 over 617 frames.
LOG (gmm-acc-stats-ali[5.5.52-6d919]:main():gmm-acc-stats-ali.cc:105) Processed 1950 utterances; for utterance s003m2siy00_r-20150804-Koreanleopard2SNR10-set003060 avg. like is -46.8988 over 518 frames.
LOG (gmm-acc-stats-ali[5.5.52-6d919]:main():gmm-acc-stats-ali.cc:105) Processed 2000 utterances; for utterance s003mkw2hds00-20150804-Korean-set003005 avg. like is -49.0656 over 1088 frames.
LOG (gmm-acc-stats-ali[5.5.52-6d919]:main():gmm-acc-stats-ali.cc:105) Processed 2050 utterances; for utterance s003mkw2hds00-20150804-Korean-set003055 avg. like is -48.6441 over 758 frames.
LOG (gmm-acc-stats-ali[5.5.52-6d919]:main():gmm-acc-stats-ali.cc:105) Processed 2100 utterances; for utterance s003mkw2hds00-20150804-Korean-set003105 avg. like is -50.3125 over 958 frames.
LOG (gmm-acc-stats-ali[5.5.52-6d919]:main():gmm-acc-stats-ali.cc:105) Processed 2150 utterances; for utterance s003mkw2hds00-20150804-KoreanbabbleSNR10-set003050 avg. like is -49.8716 over 768 frames.
LOG (gmm-acc-stats-ali[5.5.52-6d919]:main():gmm-acc-stats-ali.cc:105) Processed 2200 utterances; for utterance s003mkw2hds00-20150804-KoreanbabbleSNR10-set003100 avg. like is -48.7274 over 748 frames.
LOG (gmm-acc-stats-ali[5.5.52-6d919]:main():gmm-acc-stats-ali.cc:105) Processed 2250 utterances; for utterance s004fks3kmj00-20150804-Korean-set004045 avg. like is -46.6367 over 598 frames.
LOG (gmm-acc-stats-ali[5.5.52-6d919]:main():gmm-acc-stats-ali.cc:105) Processed 2300 utterances; for utterance s004fks3kmj00-20150804-Korean-set004095 avg. like is -48.1056 over 588 frames.
LOG (gmm-acc-stats-ali[5.5.52-6d919]:main():gmm-acc-stats-ali.cc:105) Processed 2350 utterances; for utterance s004fks3kmj00-20150804-Koreanleopard2SNR10-set004040 avg. like is -41.7607 over 518 frames.
LOG (gmm-acc-stats-ali[5.5.52-6d919]:main():gmm-acc-stats-ali.cc:105) Processed 2400 utterances; for utterance s004fks3kmj00-20150804-Koreanleopard2SNR10-set004090 avg. like is -44.6663 over 678 frames.
LOG (gmm-acc-stats-ali[5.5.52-6d919]:main():gmm-acc-stats-ali.cc:105) Processed 2450 utterances; for utterance s004m2mjh00-20150804-Korean-set004035 avg. like is -54.862 over 252 frames.
LOG (gmm-acc-stats-ali[5.5.52-6d919]:main():gmm-acc-stats-ali.cc:105) Processed 2500 utterances; for utterance s004m2mjh00-20150804-Korean-set004085 avg. like is -56.3415 over 313 frames.
LOG (gmm-acc-stats-ali[5.5.52-6d919]:main():gmm-acc-stats-ali.cc:105) Processed 2550 utterances; for utterance s004m2mjh00-20150804-KoreanpinkSNR10-set004029 avg. like is -43.139 over 331 frames.
LOG (gmm-acc-stats-ali[5.5.52-6d919]:main():gmm-acc-stats-ali.cc:105) Processed 2600 utterances; for utterance s004m2mjh00-20150804-KoreanpinkSNR10-set004079 avg. like is -43.2503 over 309 frames.
LOG (gmm-acc-stats-ali[5.5.52-6d919]:main():gmm-acc-stats-ali.cc:105) Processed 2650 utterances; for utterance s004m2mjh00_r-20150804-Korean-set004023 avg. like is -52.4083 over 319 frames.
LOG (gmm-acc-stats-ali[5.5.52-6d919]:main():gmm-acc-stats-ali.cc:105) Processed 2700 utterances; for utterance s004m2mjh00_r-20150804-Korean-set004073 avg. like is -51.9449 over 287 frames.
LOG (gmm-acc-stats-ali[5.5.52-6d919]:main():gmm-acc-stats-ali.cc:105) Processed 2750 utterances; for utterance s004m2mjh00_r-20150804-Koreanbabble2SNR10-set004017 avg. like is -49.9092 over 291 frames.
LOG (gmm-acc-stats-ali[5.5.52-6d919]:main():gmm-acc-stats-ali.cc:105) Processed 2800 utterances; for utterance s004m2mjh00_r-20150804-Koreanbabble2SNR10-set004067 avg. like is -48.8963 over 453 frames.
LOG (gmm-acc-stats-ali[5.5.52-6d919]:main():gmm-acc-stats-ali.cc:105) Processed 2850 utterances; for utterance s004mcc5cbb00-20150804-Korean-set004011 avg. like is -53.8243 over 908 frames.
LOG (gmm-acc-stats-ali[5.5.52-6d919]:main():gmm-acc-stats-ali.cc:105) Processed 2900 utterances; for utterance s004mcc5cbb00-20150804-Korean-set004061 avg. like is -52.2156 over 638 frames.
LOG (gmm-acc-stats-ali[5.5.52-6d919]:main():gmm-acc-stats-ali.cc:105) Processed 2950 utterances; for utterance s004mcc5cbb00-20150804-Koreanfactory1SNR10-set004006 avg. like is -44.1646 over 1078 frames.
LOG (gmm-acc-stats-ali[5.5.52-6d919]:main():gmm-acc-stats-ali.cc:105) Processed 3000 utterances; for utterance s004mcc5cbb00-20150804-Koreanfactory1SNR10-set004056 avg. like is -43.5501 over 768 frames.
LOG (gmm-acc-stats-ali[5.5.52-6d919]:main():gmm-acc-stats-ali.cc:105) Processed 3050 utterances; for utterance s005fcc3ljs00-20150804-Korean-set005001 avg. like is -59.8247 over 586 frames.
LOG (gmm-acc-stats-ali[5.5.52-6d919]:main():gmm-acc-stats-ali.cc:105) Processed 3100 utterances; for utterance s005fcc3ljs00-20150804-Korean-set005051 avg. like is -52.7326 over 778 frames.
LOG (gmm-acc-stats-ali[5.5.52-6d919]:main():gmm-acc-stats-ali.cc:105) Processed 3150 utterances; for utterance s005fcc3ljs00-20150804-Korean-set005101 avg. like is -51.1807 over 438 frames.
LOG (gmm-acc-stats-ali[5.5.52-6d919]:main():gmm-acc-stats-ali.cc:105) Processed 3200 utterances; for utterance s005fcc3ljs00-20150804-KoreanhfchannelSNR10-set005046 avg. like is -42.9911 over 788 frames.
LOG (gmm-acc-stats-ali[5.5.52-6d919]:main():gmm-acc-stats-ali.cc:105) Processed 3250 utterances; for utterance s005fcc3ljs00-20150804-KoreanhfchannelSNR10-set005096 avg. like is -42.0132 over 438 frames.
LOG (gmm-acc-stats-ali[5.5.52-6d919]:main():gmm-acc-stats-ali.cc:105) Processed 3300 utterances; for utterance s005m2jjp00-20150804-Korean-set005041 avg. like is -51.5489 over 366 frames.
LOG (gmm-acc-stats-ali[5.5.52-6d919]:main():gmm-acc-stats-ali.cc:105) Processed 3350 utterances; for utterance s005m2jjp00-20150804-Korean-set005091 avg. like is -53.153 over 479 frames.
LOG (gmm-acc-stats-ali[5.5.52-6d919]:main():gmm-acc-stats-ali.cc:105) Processed 3400 utterances; for utterance s005m2jjp00-20150804-KoreanvolvoSNR10-set005035 avg. like is -48.7758 over 551 frames.
LOG (gmm-acc-stats-ali[5.5.52-6d919]:main():gmm-acc-stats-ali.cc:105) Processed 3450 utterances; for utterance s005m2jjp00-20150804-KoreanvolvoSNR10-set005085 avg. like is -51.0094 over 205 frames.
LOG (gmm-acc-stats-ali[5.5.52-6d919]:main():gmm-acc-stats-ali.cc:105) Processed 3500 utterances; for utterance s005m2jjp00_r-20150804-Korean-set005029 avg. like is -55.1977 over 693 frames.
LOG (gmm-acc-stats-ali[5.5.52-6d919]:main():gmm-acc-stats-ali.cc:105) Processed 3550 utterances; for utterance s005m2jjp00_r-20150804-Korean-set005079 avg. like is -54.9117 over 287 frames.
LOG (gmm-acc-stats-ali[5.5.52-6d919]:main():gmm-acc-stats-ali.cc:105) Processed 3600 utterances; for utterance s005m2jjp00_r-20150804-Koreanfactory2SNR10-set005023 avg. like is -45.6387 over 304 frames.
LOG (gmm-acc-stats-ali[5.5.52-6d919]:main():gmm-acc-stats-ali.cc:105) Processed 3650 utterances; for utterance s005m2jjp00_r-20150804-Koreanfactory2SNR10-set005073 avg. like is -43.9522 over 333 frames.
LOG (gmm-acc-stats-ali[5.5.52-6d919]:main():gmm-acc-stats-ali.cc:105) Processed 3700 utterances; for utterance s006fss3kds01-20150804-Korean-set006017 avg. like is -49.9215 over 678 frames.
LOG (gmm-acc-stats-ali[5.5.52-6d919]:main():gmm-acc-stats-ali.cc:105) Processed 3750 utterances; for utterance s006fss3kds01-20150804-Korean-set006067 avg. like is -52.8647 over 1078 frames.
LOG (gmm-acc-stats-ali[5.5.52-6d919]:main():gmm-acc-stats-ali.cc:105) Processed 3800 utterances; for utterance s006fss3kds01-20150804-Koreanfactory1SNR10-set006012 avg. like is -44.1997 over 1358 frames.
LOG (gmm-acc-stats-ali[5.5.52-6d919]:main():gmm-acc-stats-ali.cc:105) Processed 3850 utterances; for utterance s006fss3kds01-20150804-Koreanfactory1SNR10-set006062 avg. like is -43.6172 over 668 frames.
LOG (gmm-acc-stats-ali[5.5.52-6d919]:main():gmm-acc-stats-ali.cc:105) Processed 3900 utterances; for utterance s006m2ybh00_r-20150804-Korean-set006007 avg. like is -55.9338 over 636 frames.
LOG (gmm-acc-stats-ali[5.5.52-6d919]:main():gmm-acc-stats-ali.cc:105) Processed 3950 utterances; for utterance s006m2ybh00_r-20150804-Korean-set006057 avg. like is -53.5697 over 347 frames.
LOG (gmm-acc-stats-ali[5.5.52-6d919]:main():gmm-acc-stats-ali.cc:105) Processed 4000 utterances; for utterance s006m2ybh00_r-20150804-KoreanwhiteSNR10-set006002 avg. like is -44.528 over 482 frames.
LOG (gmm-acc-stats-ali[5.5.52-6d919]:main():gmm-acc-stats-ali.cc:105) Processed 4050 utterances; for utterance s006m2ybh00_r-20150804-KoreanwhiteSNR10-set006052 avg. like is -41.7311 over 364 frames.
LOG (gmm-acc-stats-ali[5.5.52-6d919]:main():gmm-acc-stats-ali.cc:105) Processed 4100 utterances; for utterance s006m2ybh00_r-20150804-KoreanwhiteSNR10-set006102 avg. like is -44.423 over 464 frames.
LOG (gmm-acc-stats-ali[5.5.52-6d919]:main():gmm-acc-stats-ali.cc:105) Processed 4150 utterances; for utterance s006mjr2kmh00-20150804-Korean-set006047 avg. like is -48.729 over 538 frames.
LOG (gmm-acc-stats-ali[5.5.52-6d919]:main():gmm-acc-stats-ali.cc:105) Processed 4200 utterances; for utterance s006mjr2kmh00-20150804-Korean-set006097 avg. like is -47.7892 over 668 frames.
LOG (gmm-acc-stats-ali[5.5.52-6d919]:main():gmm-acc-stats-ali.cc:105) Processed 4250 utterances; for utterance s006mjr2kmh00-20150804-Koreancar1SNR10-set006042 avg. like is -45.2916 over 768 frames.
LOG (gmm-acc-stats-ali[5.5.52-6d919]:main():gmm-acc-stats-ali.cc:105) Processed 4300 utterances; for utterance s006mjr2kmh00-20150804-Koreancar1SNR10-set006092 avg. like is -43.6964 over 658 frames.
LOG (gmm-acc-stats-ali[5.5.52-6d919]:main():gmm-acc-stats-ali.cc:105) Processed 4350 utterances; for utterance s007fss4yjh04-20150804-Korean-set007037 avg. like is -51.9433 over 838 frames.
LOG (gmm-acc-stats-ali[5.5.52-6d919]:main():gmm-acc-stats-ali.cc:105) Processed 4400 utterances; for utterance s007fss4yjh04-20150804-Korean-set007087 avg. like is -48.5161 over 608 frames.
LOG (gmm-acc-stats-ali[5.5.52-6d919]:main():gmm-acc-stats-ali.cc:105) Processed 4450 utterances; for utterance s007fss4yjh04-20150804-Koreanleopard2SNR10-set007032 avg. like is -45.4539 over 1048 frames.
LOG (gmm-acc-stats-ali[5.5.52-6d919]:main():gmm-acc-stats-ali.cc:105) Processed 4500 utterances; for utterance s007fss4yjh04-20150804-Koreanleopard2SNR10-set007082 avg. like is -44.4642 over 658 frames.
LOG (gmm-acc-stats-ali[5.5.52-6d919]:main():gmm-acc-stats-ali.cc:105) Processed 4550 utterances; for utterance s007m2yyp00-20150804-Korean-set007027 avg. like is -52.644 over 524 frames.
LOG (gmm-acc-stats-ali[5.5.52-6d919]:main():gmm-acc-stats-ali.cc:105) Processed 4600 utterances; for utterance s007m2yyp00-20150804-Korean-set007077 avg. like is -54.0516 over 744 frames.
LOG (gmm-acc-stats-ali[5.5.52-6d919]:main():gmm-acc-stats-ali.cc:105) Processed 4650 utterances; for utterance s007m2yyp00-20150804-Koreanbabble1SNR10-set007022 avg. like is -48.3909 over 344 frames.
LOG (gmm-acc-stats-ali[5.5.52-6d919]:main():gmm-acc-stats-ali.cc:105) Processed 4700 utterances; for utterance s007m2yyp00-20150804-Koreanbabble1SNR10-set007072 avg. like is -47.9923 over 525 frames.
LOG (gmm-acc-stats-ali[5.5.52-6d919]:main():gmm-acc-stats-ali.cc:105) Processed 4750 utterances; for utterance s007m2yyp00_r-20150804-Korean-set007017 avg. like is -52.1894 over 422 frames.
LOG (gmm-acc-stats-ali[5.5.52-6d919]:main():gmm-acc-stats-ali.cc:105) Processed 4800 utterances; for utterance s007m2yyp00_r-20150804-Korean-set007067 avg. like is -55.6263 over 1316 frames.
LOG (gmm-acc-stats-ali[5.5.52-6d919]:main():gmm-acc-stats-ali.cc:105) Processed 4850 utterances; for utterance s007m2yyp00_r-20150804-Koreanfactory2SNR10-set007012 avg. like is -46.9664 over 883 frames.
LOG (gmm-acc-stats-ali[5.5.52-6d919]:main():gmm-acc-stats-ali.cc:105) Processed 4900 utterances; for utterance s007m2yyp00_r-20150804-Koreanfactory2SNR10-set007062 avg. like is -47.1906 over 405 frames.
LOG (gmm-acc-stats-ali[5.5.52-6d919]:main():gmm-acc-stats-ali.cc:105) Processed 4950 utterances; for utterance s007mkw2jmg00-20150804-Korean-set007007 avg. like is -49.4593 over 1068 frames.
LOG (gmm-acc-stats-ali[5.5.52-6d919]:main():gmm-acc-stats-ali.cc:105) Processed 5000 utterances; for utterance s007mkw2jmg00-20150804-Korean-set007057 avg. like is -47.8669 over 868 frames.
LOG (gmm-acc-stats-ali[5.5.52-6d919]:main():gmm-acc-stats-ali.cc:105) Processed 5050 utterances; for utterance s007mkw2jmg00-20150804-KoreanleopardSNR10-set007002 avg. like is -43.9204 over 878 frames.
LOG (gmm-acc-stats-ali[5.5.52-6d919]:main():gmm-acc-stats-ali.cc:105) Processed 5100 utterances; for utterance s007mkw2jmg00-20150804-KoreanleopardSNR10-set007052 avg. like is -44.2793 over 758 frames.
LOG (gmm-acc-stats-ali[5.5.52-6d919]:main():gmm-acc-stats-ali.cc:105) Processed 5150 utterances; for utterance s007mkw2jmg00-20150804-KoreanleopardSNR10-set007102 avg. like is -44.6871 over 1168 frames.
LOG (gmm-acc-stats-ali[5.5.52-6d919]:main():gmm-acc-stats-ali.cc:105) Processed 5200 utterances; for utterance s008fcc3jmo00-20150804-Korean-set008047 avg. like is -48.216 over 568 frames.
LOG (gmm-acc-stats-ali[5.5.52-6d919]:main():gmm-acc-stats-ali.cc:105) Processed 5250 utterances; for utterance s008fcc3jmo00-20150804-Korean-set008097 avg. like is -54.1102 over 568 frames.
LOG (gmm-acc-stats-ali[5.5.52-6d919]:main():gmm-acc-stats-ali.cc:105) Processed 5300 utterances; for utterance s008fcc3jmo00-20150804-KoreanwhiteSNR10-set008042 avg. like is -40.2033 over 578 frames.
LOG (gmm-acc-stats-ali[5.5.52-6d919]:main():gmm-acc-stats-ali.cc:105) Processed 5350 utterances; for utterance s008fcc3jmo00-20150804-KoreanwhiteSNR10-set008092 avg. like is -41.7478 over 678 frames.
LOG (gmm-acc-stats-ali[5.5.52-6d919]:main():gmm-acc-stats-ali.cc:105) Processed 5400 utterances; for utterance s008m2lhs00-20150804-Korean-set008037 avg. like is -51.7542 over 314 frames.
LOG (gmm-acc-stats-ali[5.5.52-6d919]:main():gmm-acc-stats-ali.cc:105) Processed 5450 utterances; for utterance s008m2lhs00-20150804-Korean-set008087 avg. like is -54.1971 over 296 frames.
LOG (gmm-acc-stats-ali[5.5.52-6d919]:main():gmm-acc-stats-ali.cc:105) Processed 5500 utterances; for utterance s008m2lhs00-20150804-KoreanleopardSNR10-set008032 avg. like is -48.0813 over 386 frames.
LOG (gmm-acc-stats-ali[5.5.52-6d919]:main():gmm-acc-stats-ali.cc:105) Processed 5550 utterances; for utterance s008m2lhs00-20150804-KoreanleopardSNR10-set008082 avg. like is -49.4149 over 305 frames.
LOG (gmm-acc-stats-ali[5.5.52-6d919]:main():gmm-acc-stats-ali.cc:105) Processed 5600 utterances; for utterance s008m2lhs00_r-20150804-Korean-set008027 avg. like is -51.19 over 375 frames.
LOG (gmm-acc-stats-ali[5.5.52-6d919]:main():gmm-acc-stats-ali.cc:105) Processed 5650 utterances; for utterance s008m2lhs00_r-20150804-Korean-set008077 avg. like is -52.7406 over 408 frames.
LOG (gmm-acc-stats-ali[5.5.52-6d919]:main():gmm-acc-stats-ali.cc:105) Processed 5700 utterances; for utterance s008m2lhs00_r-20150804-Koreanleopard2SNR10-set008022 avg. like is -49.2312 over 251 frames.
LOG (gmm-acc-stats-ali[5.5.52-6d919]:main():gmm-acc-stats-ali.cc:105) Processed 5750 utterances; for utterance s008m2lhs00_r-20150804-Koreanleopard2SNR10-set008072 avg. like is -50.1771 over 772 frames.
LOG (gmm-acc-stats-ali[5.5.52-6d919]:main():gmm-acc-stats-ali.cc:105) Processed 5800 utterances; for utterance s008mks4kbj00-20150804-Korean-set008017 avg. like is -49.0693 over 668 frames.
LOG (gmm-acc-stats-ali[5.5.52-6d919]:main():gmm-acc-stats-ali.cc:105) Processed 5850 utterances; for utterance s008mks4kbj00-20150804-Korean-set008067 avg. like is -47.8891 over 858 frames.
LOG (gmm-acc-stats-ali[5.5.52-6d919]:main():gmm-acc-stats-ali.cc:105) Processed 5900 utterances; for utterance s008mks4kbj00-20150804-KoreanbabbleSNR10-set008012 avg. like is -49.9519 over 1268 frames.
LOG (gmm-acc-stats-ali[5.5.52-6d919]:main():gmm-acc-stats-ali.cc:105) Processed 5950 utterances; for utterance s008mks4kbj00-20150804-KoreanbabbleSNR10-set008062 avg. like is -48.2809 over 818 frames.
LOG (gmm-acc-stats-ali[5.5.52-6d919]:main():gmm-acc-stats-ali.cc:105) Processed 6000 utterances; for utterance s009fkw4sys00-20150804-Korean-set009007 avg. like is -53.7361 over 998 frames.
LOG (gmm-acc-stats-ali[5.5.52-6d919]:main():gmm-acc-stats-ali.cc:105) Processed 6050 utterances; for utterance s009fkw4sys00-20150804-Korean-set009057 avg. like is -48.1458 over 548 frames.
LOG (gmm-acc-stats-ali[5.5.52-6d919]:main():gmm-acc-stats-ali.cc:105) Processed 6100 utterances; for utterance s009fkw4sys00-20150804-KoreanhfchannelSNR10-set009002 avg. like is -43.6241 over 738 frames.
LOG (gmm-acc-stats-ali[5.5.52-6d919]:main():gmm-acc-stats-ali.cc:105) Processed 6150 utterances; for utterance s009fkw4sys00-20150804-KoreanhfchannelSNR10-set009052 avg. like is -42.4918 over 618 frames.
LOG (gmm-acc-stats-ali[5.5.52-6d919]:main():gmm-acc-stats-ali.cc:105) Processed 6200 utterances; for utterance s009fkw4sys00-20150804-KoreanhfchannelSNR10-set009102 avg. like is -43.648 over 638 frames.
LOG (gmm-acc-stats-ali[5.5.52-6d919]:main():gmm-acc-stats-ali.cc:105) Processed 6250 utterances; for utterance s009m2ybs00-20150804-Korean-set009047 avg. like is -54.7081 over 279 frames.
LOG (gmm-acc-stats-ali[5.5.52-6d919]:main():gmm-acc-stats-ali.cc:105) Processed 6300 utterances; for utterance s009m2ybs00-20150804-Korean-set009097 avg. like is -53.7303 over 320 frames.
LOG (gmm-acc-stats-ali[5.5.52-6d919]:main():gmm-acc-stats-ali.cc:105) Processed 6350 utterances; for utterance s009m2ybs00-20150804-KoreandestroyeropsSNR10-set009041 avg. like is -46.9005 over 385 frames.
LOG (gmm-acc-stats-ali[5.5.52-6d919]:main():gmm-acc-stats-ali.cc:105) Processed 6400 utterances; for utterance s009m2ybs00-20150804-KoreandestroyeropsSNR10-set009091 avg. like is -47.8246 over 594 frames.
LOG (gmm-acc-stats-ali[5.5.52-6d919]:main():gmm-acc-stats-ali.cc:105) Processed 6450 utterances; for utterance s009mss2hsk00-20150804-Korean-set009035 avg. like is -45.2421 over 878 frames.
LOG (gmm-acc-stats-ali[5.5.52-6d919]:main():gmm-acc-stats-ali.cc:105) Processed 6500 utterances; for utterance s009mss2hsk00-20150804-Korean-set009085 avg. like is -46.6376 over 758 frames.
LOG (gmm-acc-stats-ali[5.5.52-6d919]:main():gmm-acc-stats-ali.cc:105) Processed 6550 utterances; for utterance s009mss2hsk00-20150804-Koreancar1SNR10-set009030 avg. like is -45.2411 over 658 frames.
LOG (gmm-acc-stats-ali[5.5.52-6d919]:main():gmm-acc-stats-ali.cc:105) Processed 6600 utterances; for utterance s009mss2hsk00-20150804-Koreancar1SNR10-set009080 avg. like is -43.8004 over 848 frames.
LOG (gmm-acc-stats-ali[5.5.52-6d919]:main():gmm-acc-stats-ali.cc:105) Processed 6650 utterances; for utterance s010m2kjy00-20150804-Korean-set010025 avg. like is -50.3752 over 265 frames.
LOG (gmm-acc-stats-ali[5.5.52-6d919]:main():gmm-acc-stats-ali.cc:105) Processed 6700 utterances; for utterance s010m2kjy00-20150804-Korean-set010075 avg. like is -51.2785 over 533 frames.
LOG (gmm-acc-stats-ali[5.5.52-6d919]:main():gmm-acc-stats-ali.cc:105) Processed 6750 utterances; for utterance s010m2kjy00-20150804-KoreancarSNR10-set010019 avg. like is -44.8271 over 303 frames.
LOG (gmm-acc-stats-ali[5.5.52-6d919]:main():gmm-acc-stats-ali.cc:105) Processed 6800 utterances; for utterance s010m2kjy00-20150804-KoreancarSNR10-set010069 avg. like is -46.2521 over 363 frames.
LOG (gmm-acc-stats-ali[5.5.52-6d919]:main():gmm-acc-stats-ali.cc:105) Processed 6850 utterances; for utterance s010m2kjy00_r-20150804-Korean-set010013 avg. like is -52.9028 over 621 frames.
LOG (gmm-acc-stats-ali[5.5.52-6d919]:main():gmm-acc-stats-ali.cc:105) Processed 6900 utterances; for utterance s010m2kjy00_r-20150804-Korean-set010063 avg. like is -52.9092 over 453 frames.
LOG (gmm-acc-stats-ali[5.5.52-6d919]:main():gmm-acc-stats-ali.cc:105) Processed 6950 utterances; for utterance s010m2kjy00_r-20150804-KoreanbabbleSNR10-set010007 avg. like is -49.6558 over 714 frames.
LOG (gmm-acc-stats-ali[5.5.52-6d919]:main():gmm-acc-stats-ali.cc:105) Processed 7000 utterances; for utterance s010m2kjy00_r-20150804-KoreanbabbleSNR10-set010057 avg. like is -50.3984 over 309 frames.
LOG (gmm-acc-stats-ali[5.5.52-6d919]:main():gmm-acc-stats-ali.cc:105) Processed 7050 utterances; for utterance s010mks5ssy00-20150804-Korean-set010001 avg. like is -49.7369 over 1168 frames.
LOG (gmm-acc-stats-ali[5.5.52-6d919]:main():gmm-acc-stats-ali.cc:105) Processed 7100 utterances; for utterance s010mks5ssy00-20150804-Korean-set010051 avg. like is -47.8282 over 578 frames.
LOG (gmm-acc-stats-ali[5.5.52-6d919]:main():gmm-acc-stats-ali.cc:105) Processed 7150 utterances; for utterance s010mks5ssy00-20150804-Korean-set010101 avg. like is -47.2742 over 778 frames.
LOG (gmm-acc-stats-ali[5.5.52-6d919]:main():gmm-acc-stats-ali.cc:105) Processed 7200 utterances; for utterance s010mks5ssy00-20150804-KoreancarSNR10-set010046 avg. like is -41.8649 over 688 frames.
LOG (gmm-acc-stats-ali[5.5.52-6d919]:main():gmm-acc-stats-ali.cc:105) Processed 7250 utterances; for utterance s010mks5ssy00-20150804-KoreancarSNR10-set010096 avg. like is -41.5929 over 568 frames.
LOG (gmm-acc-stats-ali[5.5.52-6d919]:main():gmm-acc-stats-ali.cc:105) Processed 7300 utterances; for utterance s011fss2khj03-20150804-Korean-set011041 avg. like is -50.9098 over 938 frames.
LOG (gmm-acc-stats-ali[5.5.52-6d919]:main():gmm-acc-stats-ali.cc:105) Processed 7350 utterances; for utterance s011fss2khj03-20150804-Korean-set011091 avg. like is -50.5865 over 718 frames.
LOG (gmm-acc-stats-ali[5.5.52-6d919]:main():gmm-acc-stats-ali.cc:105) Processed 7400 utterances; for utterance s011fss2khj03-20150804-KoreanleopardSNR10-set011036 avg. like is -46.3079 over 808 frames.
LOG (gmm-acc-stats-ali[5.5.52-6d919]:main():gmm-acc-stats-ali.cc:105) Processed 7450 utterances; for utterance s011fss2khj03-20150804-KoreanleopardSNR10-set011086 avg. like is -43.1372 over 578 frames.
LOG (gmm-acc-stats-ali[5.5.52-6d919]:main():gmm-acc-stats-ali.cc:105) Processed 7500 utterances; for utterance s011m2cjy00-20150804-Korean-set011031 avg. like is -54.1114 over 502 frames.
LOG (gmm-acc-stats-ali[5.5.52-6d919]:main():gmm-acc-stats-ali.cc:105) Processed 7550 utterances; for utterance s011m2cjy00-20150804-Korean-set011081 avg. like is -56.5996 over 489 frames.
LOG (gmm-acc-stats-ali[5.5.52-6d919]:main():gmm-acc-stats-ali.cc:105) Processed 7600 utterances; for utterance s011m2cjy00-20150804-Koreanbabble2SNR10-set011026 avg. like is -49.7973 over 512 frames.
LOG (gmm-acc-stats-ali[5.5.52-6d919]:main():gmm-acc-stats-ali.cc:105) Processed 7650 utterances; for utterance s011m2cjy00-20150804-Koreanbabble2SNR10-set011076 avg. like is -47.9677 over 310 frames.
LOG (gmm-acc-stats-ali[5.5.52-6d919]:main():gmm-acc-stats-ali.cc:105) Processed 7700 utterances; for utterance s011m2cjy00_r-20150804-Korean-set011021 avg. like is -55.5148 over 472 frames.
LOG (gmm-acc-stats-ali[5.5.52-6d919]:main():gmm-acc-stats-ali.cc:105) Processed 7750 utterances; for utterance s011m2cjy00_r-20150804-Korean-set011071 avg. like is -52.8664 over 324 frames.
LOG (gmm-acc-stats-ali[5.5.52-6d919]:main():gmm-acc-stats-ali.cc:105) Processed 7800 utterances; for utterance s011m2cjy00_r-20150804-KoreanwhiteSNR10-set011016 avg. like is -43.8789 over 466 frames.
LOG (gmm-acc-stats-ali[5.5.52-6d919]:main():gmm-acc-stats-ali.cc:105) Processed 7850 utterances; for utterance s011m2cjy00_r-20150804-KoreanwhiteSNR10-set011066 avg. like is -44.8364 over 381 frames.
LOG (gmm-acc-stats-ali[5.5.52-6d919]:main():gmm-acc-stats-ali.cc:105) Processed 7900 utterances; for utterance s011mjr5pjs00-20150804-Korean-set011011 avg. like is -52.9049 over 1158 frames.
LOG (gmm-acc-stats-ali[5.5.52-6d919]:main():gmm-acc-stats-ali.cc:105) Processed 7950 utterances; for utterance s011mjr5pjs00-20150804-Korean-set011061 avg. like is -52.1091 over 958 frames.
LOG (gmm-acc-stats-ali[5.5.52-6d919]:main():gmm-acc-stats-ali.cc:105) Processed 8000 utterances; for utterance s011mjr5pjs00-20150804-KoreanwhiteSNR10-set011006 avg. like is -42.427 over 1668 frames.
LOG (gmm-acc-stats-ali[5.5.52-6d919]:main():gmm-acc-stats-ali.cc:105) Processed 8050 utterances; for utterance s011mjr5pjs00-20150804-KoreanwhiteSNR10-set011056 avg. like is -39.5111 over 738 frames.
LOG (gmm-acc-stats-ali[5.5.52-6d919]:main():gmm-acc-stats-ali.cc:105) Processed 8100 utterances; for utterance s012fjr1lhj00-20150804-Korean-set012001 avg. like is -52.3527 over 488 frames.
LOG (gmm-acc-stats-ali[5.5.52-6d919]:main():gmm-acc-stats-ali.cc:105) Processed 8150 utterances; for utterance s012fjr1lhj00-20150804-Korean-set012051 avg. like is -52.2368 over 748 frames.
LOG (gmm-acc-stats-ali[5.5.52-6d919]:main():gmm-acc-stats-ali.cc:105) Processed 8200 utterances; for utterance s012fjr1lhj00-20150804-Korean-set012101 avg. like is -51.4237 over 658 frames.
LOG (gmm-acc-stats-ali[5.5.52-6d919]:main():gmm-acc-stats-ali.cc:105) Processed 8250 utterances; for utterance s012fjr1lhj00-20150804-KoreandestroyeropsSNR10-set012046 avg. like is -46.5899 over 858 frames.
LOG (gmm-acc-stats-ali[5.5.52-6d919]:main():gmm-acc-stats-ali.cc:105) Processed 8300 utterances; for utterance s012fjr1lhj00-20150804-KoreandestroyeropsSNR10-set012096 avg. like is -45.943 over 878 frames.
LOG (gmm-acc-stats-ali[5.5.52-6d919]:main():gmm-acc-stats-ali.cc:105) Processed 8350 utterances; for utterance s012m2knk00-20150804-Korean-set012041 avg. like is -51.5026 over 558 frames.
LOG (gmm-acc-stats-ali[5.5.52-6d919]:main():gmm-acc-stats-ali.cc:105) Processed 8400 utterances; for utterance s012m2knk00-20150804-Korean-set012091 avg. like is -52.0706 over 664 frames.
LOG (gmm-acc-stats-ali[5.5.52-6d919]:main():gmm-acc-stats-ali.cc:105) Processed 8450 utterances; for utterance s012m2knk00-20150804-Koreanleopard2SNR10-set012036 avg. like is -46.2382 over 518 frames.
LOG (gmm-acc-stats-ali[5.5.52-6d919]:main():gmm-acc-stats-ali.cc:105) Processed 8500 utterances; for utterance s012m2knk00-20150804-Koreanleopard2SNR10-set012086 avg. like is -48.9329 over 722 frames.
LOG (gmm-acc-stats-ali[5.5.52-6d919]:main():gmm-acc-stats-ali.cc:105) Processed 8550 utterances; for utterance s012mkw3pjh00-20150804-Korean-set012031 avg. like is -48.385 over 1068 frames.
LOG (gmm-acc-stats-ali[5.5.52-6d919]:main():gmm-acc-stats-ali.cc:105) Processed 8600 utterances; for utterance s012mkw3pjh00-20150804-Korean-set012081 avg. like is -50.5795 over 1158 frames.
LOG (gmm-acc-stats-ali[5.5.52-6d919]:main():gmm-acc-stats-ali.cc:105) Processed 8650 utterances; for utterance s012mkw3pjh00-20150804-KoreanbabbleSNR10-set012026 avg. like is -50.7489 over 1068 frames.
LOG (gmm-acc-stats-ali[5.5.52-6d919]:main():gmm-acc-stats-ali.cc:105) Processed 8700 utterances; for utterance s012mkw3pjh00-20150804-KoreanbabbleSNR10-set012076 avg. like is -50.8033 over 1068 frames.
LOG (gmm-acc-stats-ali[5.5.52-6d919]:main():gmm-acc-stats-ali.cc:105) Processed 8750 utterances; for utterance s013fss3lhk01-20150804-Korean-set013021 avg. like is -51.1211 over 598 frames.
LOG (gmm-acc-stats-ali[5.5.52-6d919]:main():gmm-acc-stats-ali.cc:105) Processed 8800 utterances; for utterance s013fss3lhk01-20150804-Korean-set013071 avg. like is -50.2215 over 558 frames.
LOG (gmm-acc-stats-ali[5.5.52-6d919]:main():gmm-acc-stats-ali.cc:105) Processed 8850 utterances; for utterance s013fss3lhk01-20150804-Koreanbabble1SNR10-set013016 avg. like is -48.9502 over 618 frames.
LOG (gmm-acc-stats-ali[5.5.52-6d919]:main():gmm-acc-stats-ali.cc:105) Processed 8900 utterances; for utterance s013fss3lhk01-20150804-Koreanbabble1SNR10-set013066 avg. like is -49.9914 over 628 frames.
LOG (gmm-acc-stats-ali[5.5.52-6d919]:main():gmm-acc-stats-ali.cc:105) Processed 8950 utterances; for utterance s013m2ljh00-20150804-Korean-set013011 avg. like is -53.0895 over 575 frames.
LOG (gmm-acc-stats-ali[5.5.52-6d919]:main():gmm-acc-stats-ali.cc:105) Processed 9000 utterances; for utterance s013m2ljh00-20150804-Korean-set013061 avg. like is -54.9992 over 457 frames.
LOG (gmm-acc-stats-ali[5.5.52-6d919]:main():gmm-acc-stats-ali.cc:105) Processed 9050 utterances; for utterance s013m2ljh00-20150804-KoreancarSNR10-set013006 avg. like is -46.886 over 926 frames.
LOG (gmm-acc-stats-ali[5.5.52-6d919]:main():gmm-acc-stats-ali.cc:105) Processed 9100 utterances; for utterance s013m2ljh00-20150804-KoreancarSNR10-set013056 avg. like is -47.8477 over 339 frames.
LOG (gmm-acc-stats-ali[5.5.52-6d919]:main():gmm-acc-stats-ali.cc:105) Processed 9150 utterances; for utterance s013m2ljh00_r-20150804-Korean-set013001 avg. like is -50.6366 over 364 frames.
LOG (gmm-acc-stats-ali[5.5.52-6d919]:main():gmm-acc-stats-ali.cc:105) Processed 9200 utterances; for utterance s013m2ljh00_r-20150804-Korean-set013051 avg. like is -54.2761 over 309 frames.
LOG (gmm-acc-stats-ali[5.5.52-6d919]:main():gmm-acc-stats-ali.cc:105) Processed 9250 utterances; for utterance s013m2ljh00_r-20150804-Korean-set013101 avg. like is -57.1793 over 244 frames.
LOG (gmm-acc-stats-ali[5.5.52-6d919]:main():gmm-acc-stats-ali.cc:105) Processed 9300 utterances; for utterance s013m2ljh00_r-20150804-KoreandestroyeropsSNR10-set013046 avg. like is -47.5574 over 746 frames.
LOG (gmm-acc-stats-ali[5.5.52-6d919]:main():gmm-acc-stats-ali.cc:105) Processed 9350 utterances; for utterance s013m2ljh00_r-20150804-KoreandestroyeropsSNR10-set013096 avg. like is -47.6593 over 695 frames.
LOG (gmm-acc-stats-ali[5.5.52-6d919]:main():gmm-acc-stats-ali.cc:105) Processed 9400 utterances; for utterance s013mjr4lys00-20150804-Korean-set013041 avg. like is -51.2209 over 878 frames.
LOG (gmm-acc-stats-ali[5.5.52-6d919]:main():gmm-acc-stats-ali.cc:105) Processed 9450 utterances; for utterance s013mjr4lys00-20150804-Korean-set013091 avg. like is -50.9807 over 668 frames.
LOG (gmm-acc-stats-ali[5.5.52-6d919]:main():gmm-acc-stats-ali.cc:105) Processed 9500 utterances; for utterance s013mjr4lys00-20150804-KoreancarSNR10-set013036 avg. like is -41.4652 over 698 frames.
LOG (gmm-acc-stats-ali[5.5.52-6d919]:main():gmm-acc-stats-ali.cc:105) Processed 9550 utterances; for utterance s013mjr4lys00-20150804-KoreancarSNR10-set013086 avg. like is -43.0949 over 1288 frames.
LOG (gmm-acc-stats-ali[5.5.52-6d919]:main():gmm-acc-stats-ali.cc:105) Processed 9600 utterances; for utterance s014fss3kmj01-20150804-Korean-set014031 avg. like is -47.675 over 558 frames.
LOG (gmm-acc-stats-ali[5.5.52-6d919]:main():gmm-acc-stats-ali.cc:105) Processed 9650 utterances; for utterance s014fss3kmj01-20150804-Korean-set014081 avg. like is -46.1169 over 568 frames.
LOG (gmm-acc-stats-ali[5.5.52-6d919]:main():gmm-acc-stats-ali.cc:105) Processed 9700 utterances; for utterance s014fss3kmj01-20150804-KoreancarSNR10-set014026 avg. like is -42.457 over 768 frames.
LOG (gmm-acc-stats-ali[5.5.52-6d919]:main():gmm-acc-stats-ali.cc:105) Processed 9750 utterances; for utterance s014fss3kmj01-20150804-KoreancarSNR10-set014076 avg. like is -40.4019 over 558 frames.
LOG (gmm-acc-stats-ali[5.5.52-6d919]:main():gmm-acc-stats-ali.cc:105) Processed 9800 utterances; for utterance s014m2jsw00-20150804-Korean-set014021 avg. like is -50.2915 over 378 frames.
LOG (gmm-acc-stats-ali[5.5.52-6d919]:main():gmm-acc-stats-ali.cc:105) Processed 9850 utterances; for utterance s014m2jsw00-20150804-Korean-set014071 avg. like is -54.4652 over 322 frames.
LOG (gmm-acc-stats-ali[5.5.52-6d919]:main():gmm-acc-stats-ali.cc:105) Processed 9900 utterances; for utterance s014m2jsw00-20150804-Koreancar1SNR10-set014015 avg. like is -46.6894 over 292 frames.
LOG (gmm-acc-stats-ali[5.5.52-6d919]:main():gmm-acc-stats-ali.cc:105) Processed 9950 utterances; for utterance s014m2jsw00-20150804-Koreancar1SNR10-set014065 avg. like is -46.1679 over 318 frames.
LOG (gmm-acc-stats-ali[5.5.52-6d919]:main():gmm-acc-stats-ali.cc:105) Processed 10000 utterances; for utterance s014m2jsw00_r-20150804-Korean-set014009 avg. like is -49.2283 over 507 frames.
LOG (gmm-acc-stats-ali[5.5.52-6d919]:main():gmm-acc-stats-ali.cc:105) Processed 10050 utterances; for utterance s014m2jsw00_r-20150804-Korean-set014059 avg. like is -50.6387 over 642 frames.
LOG (gmm-acc-stats-ali[5.5.52-6d919]:main():gmm-acc-stats-ali.cc:105) Processed 10100 utterances; for utterance s014m2jsw00_r-20150804-KoreanvolvoSNR10-set014003 avg. like is -49.8317 over 566 frames.
LOG (gmm-acc-stats-ali[5.5.52-6d919]:main():gmm-acc-stats-ali.cc:105) Processed 10150 utterances; for utterance s014m2jsw00_r-20150804-KoreanvolvoSNR10-set014053 avg. like is -48.3053 over 439 frames.
LOG (gmm-acc-stats-ali[5.5.52-6d919]:main():gmm-acc-stats-ali.cc:105) Processed 10200 utterances; for utterance s014m2jsw00_r-20150804-KoreanvolvoSNR10-set014103 avg. like is -49.846 over 338 frames.
LOG (gmm-acc-stats-ali[5.5.52-6d919]:main():gmm-acc-stats-ali.cc:105) Processed 10250 utterances; for utterance s014mcc1yks00-20150804-Korean-set014047 avg. like is -52.0223 over 548 frames.
LOG (gmm-acc-stats-ali[5.5.52-6d919]:main():gmm-acc-stats-ali.cc:105) Processed 10300 utterances; for utterance s014mcc1yks00-20150804-Korean-set014097 avg. like is -54.6776 over 778 frames.
LOG (gmm-acc-stats-ali[5.5.52-6d919]:main():gmm-acc-stats-ali.cc:105) Processed 10350 utterances; for utterance s014mcc1yks00-20150804-KoreanleopardSNR10-set014042 avg. like is -43.9771 over 658 frames.
LOG (gmm-acc-stats-ali[5.5.52-6d919]:main():gmm-acc-stats-ali.cc:105) Processed 10400 utterances; for utterance s014mcc1yks00-20150804-KoreanleopardSNR10-set014092 avg. like is -46.1213 over 768 frames.
LOG (gmm-acc-stats-ali[5.5.52-6d919]:main():gmm-acc-stats-ali.cc:105) Processed 10450 utterances; for utterance s015fjr3khy00-20150804-Korean-set015037 avg. like is -55.1963 over 848 frames.
LOG (gmm-acc-stats-ali[5.5.52-6d919]:main():gmm-acc-stats-ali.cc:105) Processed 10500 utterances; for utterance s015fjr3khy00-20150804-Korean-set015087 avg. like is -53.2656 over 668 frames.
LOG (gmm-acc-stats-ali[5.5.52-6d919]:main():gmm-acc-stats-ali.cc:105) Processed 10550 utterances; for utterance s015fjr3khy00-20150804-KoreanhfchannelSNR10-set015031 avg. like is -42.4005 over 738 frames.
LOG (gmm-acc-stats-ali[5.5.52-6d919]:main():gmm-acc-stats-ali.cc:105) Processed 10600 utterances; for utterance s015fjr3khy00-20150804-KoreanhfchannelSNR10-set015081 avg. like is -43.3939 over 868 frames.
LOG (gmm-acc-stats-ali[5.5.52-6d919]:main():gmm-acc-stats-ali.cc:105) Processed 10650 utterances; for utterance s015m2chd00-20150804-Korean-set015025 avg. like is -55.1164 over 784 frames.
LOG (gmm-acc-stats-ali[5.5.52-6d919]:main():gmm-acc-stats-ali.cc:105) Processed 10700 utterances; for utterance s015m2chd00-20150804-Korean-set015075 avg. like is -58.1262 over 482 frames.
LOG (gmm-acc-stats-ali[5.5.52-6d919]:main():gmm-acc-stats-ali.cc:105) Processed 10750 utterances; for utterance s015m2chd00-20150804-KoreandestroyeropsSNR10-set015019 avg. like is -46.7088 over 349 frames.
LOG (gmm-acc-stats-ali[5.5.52-6d919]:main():gmm-acc-stats-ali.cc:105) Processed 10800 utterances; for utterance s015m2chd00-20150804-KoreandestroyeropsSNR10-set015069 avg. like is -46.3618 over 732 frames.
LOG (gmm-acc-stats-ali[5.5.52-6d919]:main():gmm-acc-stats-ali.cc:105) Processed 10850 utterances; for utterance s015m2chd00_r-20150804-Korean-set015013 avg. like is -54.6937 over 745 frames.
LOG (gmm-acc-stats-ali[5.5.52-6d919]:main():gmm-acc-stats-ali.cc:105) Processed 10900 utterances; for utterance s015m2chd00_r-20150804-Korean-set015063 avg. like is -53.1726 over 718 frames.
LOG (gmm-acc-stats-ali[5.5.52-6d919]:main():gmm-acc-stats-ali.cc:105) Processed 10950 utterances; for utterance s015m2chd00_r-20150804-Koreanfactory2SNR10-set015007 avg. like is -48.5697 over 1140 frames.
LOG (gmm-acc-stats-ali[5.5.52-6d919]:main():gmm-acc-stats-ali.cc:105) Processed 11000 utterances; for utterance s015m2chd00_r-20150804-Koreanfactory2SNR10-set015057 avg. like is -44.8218 over 605 frames.
LOG (gmm-acc-stats-ali[5.5.52-6d919]:main():gmm-acc-stats-ali.cc:105) Processed 11050 utterances; for utterance s015mss2kjs00-20150804-Korean-set015001 avg. like is -49.1934 over 568 frames.
LOG (gmm-acc-stats-ali[5.5.52-6d919]:main():gmm-acc-stats-ali.cc:105) Processed 11100 utterances; for utterance s015mss2kjs00-20150804-Korean-set015051 avg. like is -52.2387 over 888 frames.
LOG (gmm-acc-stats-ali[5.5.52-6d919]:main():gmm-acc-stats-ali.cc:105) Processed 11150 utterances; for utterance s015mss2kjs00-20150804-Korean-set015101 avg. like is -53.0184 over 1178 frames.
LOG (gmm-acc-stats-ali[5.5.52-6d919]:main():gmm-acc-stats-ali.cc:105) Processed 11200 utterances; for utterance s015mss2kjs00-20150804-KoreanwhiteSNR10-set015045 avg. like is -42.5609 over 878 frames.
LOG (gmm-acc-stats-ali[5.5.52-6d919]:main():gmm-acc-stats-ali.cc:105) Processed 11250 utterances; for utterance s015mss2kjs00-20150804-KoreanwhiteSNR10-set015095 avg. like is -41.8878 over 968 frames.
LOG (gmm-acc-stats-ali[5.5.52-6d919]:main():gmm-acc-stats-ali.cc:105) Processed 11300 utterances; for utterance s016fkw4lyh02-20150804-Korean-set016039 avg. like is -54.3957 over 988 frames.
LOG (gmm-acc-stats-ali[5.5.52-6d919]:main():gmm-acc-stats-ali.cc:105) Processed 11350 utterances; for utterance s016fkw4lyh02-20150804-Korean-set016089 avg. like is -52.9027 over 878 frames.
LOG (gmm-acc-stats-ali[5.5.52-6d919]:main():gmm-acc-stats-ali.cc:105) Processed 11400 utterances; for utterance s016fkw4lyh02-20150804-KoreanpinkSNR10-set016034 avg. like is -42.0695 over 928 frames.
LOG (gmm-acc-stats-ali[5.5.52-6d919]:main():gmm-acc-stats-ali.cc:105) Processed 11450 utterances; for utterance s016fkw4lyh02-20150804-KoreanpinkSNR10-set016084 avg. like is -40.0724 over 578 frames.
LOG (gmm-acc-stats-ali[5.5.52-6d919]:main():gmm-acc-stats-ali.cc:105) Processed 11500 utterances; for utterance s016m2ljy00-20150804-Korean-set016029 avg. like is -54.4592 over 601 frames.
LOG (gmm-acc-stats-ali[5.5.52-6d919]:main():gmm-acc-stats-ali.cc:105) Processed 11550 utterances; for utterance s016m2ljy00-20150804-Korean-set016079 avg. like is -52.6279 over 506 frames.
LOG (gmm-acc-stats-ali[5.5.52-6d919]:main():gmm-acc-stats-ali.cc:105) Processed 11600 utterances; for utterance s016m2ljy00-20150804-KoreanleopardSNR10-set016024 avg. like is -48.2932 over 774 frames.
LOG (gmm-acc-stats-ali[5.5.52-6d919]:main():gmm-acc-stats-ali.cc:105) Processed 11650 utterances; for utterance s016m2ljy00-20150804-KoreanleopardSNR10-set016074 avg. like is -48.1459 over 649 frames.
LOG (apply-cmvn[5.5.52-6d919]:main():apply-cmvn.cc:162) Applied cepstral mean normalization to 11681 utterances, errors on 0
LOG (transform-feats[5.5.52-6d919]:main():transform-feats.cc:158) Overall average [pseudo-]logdet is -92.5347 over 7.53143e+06 frames.
LOG (transform-feats[5.5.52-6d919]:main():transform-feats.cc:161) Applied transform to 11681 utterances; 0 had errors.
LOG (transform-feats[5.5.52-6d919]:main():transform-feats.cc:158) Overall average logdet is 3.66081 over 7.53143e+06 frames.
LOG (transform-feats[5.5.52-6d919]:main():transform-feats.cc:161) Applied transform to 11681 utterances; 0 had errors.
LOG (gmm-acc-stats-ali[5.5.52-6d919]:main():gmm-acc-stats-ali.cc:112) Done 11681 files, 0 with errors.
LOG (gmm-acc-stats-ali[5.5.52-6d919]:main():gmm-acc-stats-ali.cc:115) Overall avg like per frame (Gaussian only) = -48.4465 over 7531430 frames.
LOG (gmm-acc-stats-ali[5.5.52-6d919]:main():gmm-acc-stats-ali.cc:123) Written accs.
# Accounting: time=19 threads=1
# Ended (code 0) at Tue May  7 16:09:11 KST 2019, elapsed time 19 seconds
