# gmm-acc-stats-ali exp/tri3b/26.mdl "ark,s,cs:apply-cmvn  --utt2spk=ark:data/train/split8/3/utt2spk scp:data/train/split8/3/cmvn.scp scp:data/train/split8/3/feats.scp ark:- | splice-feats  ark:- ark:- | transform-feats exp/tri2b_ali/final.mat ark:- ark:- | transform-feats --utt2spk=ark:data/train/split8/3/utt2spk ark:exp/tri3b/trans.3 ark:- ark:- |" "ark,s,cs:gunzip -c exp/tri3b/ali.3.gz|" exp/tri3b/26.3.acc 
# Started at Tue May  7 16:21:05 KST 2019
#
gmm-acc-stats-ali exp/tri3b/26.mdl 'ark,s,cs:apply-cmvn  --utt2spk=ark:data/train/split8/3/utt2spk scp:data/train/split8/3/cmvn.scp scp:data/train/split8/3/feats.scp ark:- | splice-feats  ark:- ark:- | transform-feats exp/tri2b_ali/final.mat ark:- ark:- | transform-feats --utt2spk=ark:data/train/split8/3/utt2spk ark:exp/tri3b/trans.3 ark:- ark:- |' 'ark,s,cs:gunzip -c exp/tri3b/ali.3.gz|' exp/tri3b/26.3.acc 
transform-feats --utt2spk=ark:data/train/split8/3/utt2spk ark:exp/tri3b/trans.3 ark:- ark:- 
apply-cmvn --utt2spk=ark:data/train/split8/3/utt2spk scp:data/train/split8/3/cmvn.scp scp:data/train/split8/3/feats.scp ark:- 
splice-feats ark:- ark:- 
transform-feats exp/tri2b_ali/final.mat ark:- ark:- 
LOG (gmm-acc-stats-ali[5.5.52-6d919]:main():gmm-acc-stats-ali.cc:105) Processed 50 utterances; for utterance s01f2ksigj01-20150804-Korean-cps01052 avg. like is -47.0243 over 225 frames.
LOG (gmm-acc-stats-ali[5.5.52-6d919]:main():gmm-acc-stats-ali.cc:105) Processed 100 utterances; for utterance s01f2ksigj01-20150804-Korean-cps01102 avg. like is -59.0062 over 168 frames.
LOG (gmm-acc-stats-ali[5.5.52-6d919]:main():gmm-acc-stats-ali.cc:105) Processed 150 utterances; for utterance s01f2ksigj01-20150804-Korean-cps01152 avg. like is -44.5297 over 163 frames.
LOG (gmm-acc-stats-ali[5.5.52-6d919]:main():gmm-acc-stats-ali.cc:105) Processed 200 utterances; for utterance s01f2ksigj01-20150804-Korean-cps01202 avg. like is -44.7033 over 166 frames.
LOG (gmm-acc-stats-ali[5.5.52-6d919]:main():gmm-acc-stats-ali.cc:105) Processed 250 utterances; for utterance s01f2ksigj01-20150804-Korean-cps01253 avg. like is -43.1251 over 203 frames.
LOG (gmm-acc-stats-ali[5.5.52-6d919]:main():gmm-acc-stats-ali.cc:105) Processed 300 utterances; for utterance s01f2ksigj01-20150804-Korean-cps01303 avg. like is -40.0103 over 201 frames.
LOG (gmm-acc-stats-ali[5.5.52-6d919]:main():gmm-acc-stats-ali.cc:105) Processed 350 utterances; for utterance s01f2ksigj01-20150804-Korean-cps01355 avg. like is -38.7395 over 171 frames.
LOG (gmm-acc-stats-ali[5.5.52-6d919]:main():gmm-acc-stats-ali.cc:105) Processed 400 utterances; for utterance s01f2ksigj01-20150804-Korean-cps01405 avg. like is -50.7759 over 126 frames.
LOG (gmm-acc-stats-ali[5.5.52-6d919]:main():gmm-acc-stats-ali.cc:105) Processed 450 utterances; for utterance s01f2ksigj01-20150804-Koreanleopard2SNR10-cps01040 avg. like is -43.5272 over 165 frames.
LOG (gmm-acc-stats-ali[5.5.52-6d919]:main():gmm-acc-stats-ali.cc:105) Processed 500 utterances; for utterance s01f2ksigj01-20150804-Koreanleopard2SNR10-cps01090 avg. like is -42.1078 over 168 frames.
LOG (gmm-acc-stats-ali[5.5.52-6d919]:main():gmm-acc-stats-ali.cc:105) Processed 550 utterances; for utterance s01f2ksigj01-20150804-Koreanleopard2SNR10-cps01140 avg. like is -41.8382 over 163 frames.
LOG (gmm-acc-stats-ali[5.5.52-6d919]:main():gmm-acc-stats-ali.cc:105) Processed 600 utterances; for utterance s01f2ksigj01-20150804-Koreanleopard2SNR10-cps01190 avg. like is -40.756 over 178 frames.
LOG (gmm-acc-stats-ali[5.5.52-6d919]:main():gmm-acc-stats-ali.cc:105) Processed 650 utterances; for utterance s01f2ksigj01-20150804-Koreanleopard2SNR10-cps01241 avg. like is -40.7983 over 181 frames.
LOG (gmm-acc-stats-ali[5.5.52-6d919]:main():gmm-acc-stats-ali.cc:105) Processed 700 utterances; for utterance s01f2ksigj01-20150804-Koreanleopard2SNR10-cps01291 avg. like is -44.6165 over 178 frames.
LOG (gmm-acc-stats-ali[5.5.52-6d919]:main():gmm-acc-stats-ali.cc:105) Processed 750 utterances; for utterance s01f2ksigj01-20150804-Koreanleopard2SNR10-cps01343 avg. like is -41.3806 over 191 frames.
LOG (gmm-acc-stats-ali[5.5.52-6d919]:main():gmm-acc-stats-ali.cc:105) Processed 800 utterances; for utterance s01f2ksigj01-20150804-Koreanleopard2SNR10-cps01393 avg. like is -37.5229 over 173 frames.
LOG (gmm-acc-stats-ali[5.5.52-6d919]:main():gmm-acc-stats-ali.cc:105) Processed 850 utterances; for utterance s01f2kwgum02-20150804-Korean-cps01027 avg. like is -43.4848 over 143 frames.
LOG (gmm-acc-stats-ali[5.5.52-6d919]:main():gmm-acc-stats-ali.cc:105) Processed 900 utterances; for utterance s01f2kwgum02-20150804-Korean-cps01078 avg. like is -50.1606 over 160 frames.
LOG (gmm-acc-stats-ali[5.5.52-6d919]:main():gmm-acc-stats-ali.cc:105) Processed 950 utterances; for utterance s01f2kwgum02-20150804-Korean-cps01128 avg. like is -44.2941 over 140 frames.
LOG (gmm-acc-stats-ali[5.5.52-6d919]:main():gmm-acc-stats-ali.cc:105) Processed 1000 utterances; for utterance s01f2kwgum02-20150804-Korean-cps01178 avg. like is -47.2821 over 146 frames.
LOG (gmm-acc-stats-ali[5.5.52-6d919]:main():gmm-acc-stats-ali.cc:105) Processed 1050 utterances; for utterance s01f2kwgum02-20150804-Korean-cps01229 avg. like is -46.5625 over 138 frames.
LOG (gmm-acc-stats-ali[5.5.52-6d919]:main():gmm-acc-stats-ali.cc:105) Processed 1100 utterances; for utterance s01f2kwgum02-20150804-Korean-cps01279 avg. like is -54.3315 over 141 frames.
LOG (gmm-acc-stats-ali[5.5.52-6d919]:main():gmm-acc-stats-ali.cc:105) Processed 1150 utterances; for utterance s01f2kwgum02-20150804-Korean-cps01329 avg. like is -51.7441 over 132 frames.
LOG (gmm-acc-stats-ali[5.5.52-6d919]:main():gmm-acc-stats-ali.cc:105) Processed 1200 utterances; for utterance s01f2kwgum02-20150804-Korean-cps01380 avg. like is -47.6682 over 136 frames.
LOG (gmm-acc-stats-ali[5.5.52-6d919]:main():gmm-acc-stats-ali.cc:105) Processed 1250 utterances; for utterance s01f2kwgum02-20150804-KoreanwhiteSNR10-cps01014 avg. like is -36.5662 over 116 frames.
LOG (gmm-acc-stats-ali[5.5.52-6d919]:main():gmm-acc-stats-ali.cc:105) Processed 1300 utterances; for utterance s01f2kwgum02-20150804-KoreanwhiteSNR10-cps01065 avg. like is -36.7384 over 141 frames.
LOG (gmm-acc-stats-ali[5.5.52-6d919]:main():gmm-acc-stats-ali.cc:105) Processed 1350 utterances; for utterance s01f2kwgum02-20150804-KoreanwhiteSNR10-cps01116 avg. like is -37.196 over 132 frames.
LOG (gmm-acc-stats-ali[5.5.52-6d919]:main():gmm-acc-stats-ali.cc:105) Processed 1400 utterances; for utterance s01f2kwgum02-20150804-KoreanwhiteSNR10-cps01166 avg. like is -36.5879 over 162 frames.
LOG (gmm-acc-stats-ali[5.5.52-6d919]:main():gmm-acc-stats-ali.cc:105) Processed 1450 utterances; for utterance s01f2kwgum02-20150804-KoreanwhiteSNR10-cps01217 avg. like is -37.4434 over 150 frames.
LOG (gmm-acc-stats-ali[5.5.52-6d919]:main():gmm-acc-stats-ali.cc:105) Processed 1500 utterances; for utterance s01f2kwgum02-20150804-KoreanwhiteSNR10-cps01267 avg. like is -37.9027 over 124 frames.
LOG (gmm-acc-stats-ali[5.5.52-6d919]:main():gmm-acc-stats-ali.cc:105) Processed 1550 utterances; for utterance s01f2kwgum02-20150804-KoreanwhiteSNR10-cps01317 avg. like is -38.0413 over 147 frames.
LOG (gmm-acc-stats-ali[5.5.52-6d919]:main():gmm-acc-stats-ali.cc:105) Processed 1600 utterances; for utterance s01f2kwgum02-20150804-KoreanwhiteSNR10-cps01368 avg. like is -38.6462 over 122 frames.
LOG (gmm-acc-stats-ali[5.5.52-6d919]:main():gmm-acc-stats-ali.cc:105) Processed 1650 utterances; for utterance s01f2sshjs02-20150804-Korean-cps01002 avg. like is -42.7071 over 203 frames.
LOG (gmm-acc-stats-ali[5.5.52-6d919]:main():gmm-acc-stats-ali.cc:105) Processed 1700 utterances; for utterance s01f2sshjs02-20150804-Korean-cps01053 avg. like is -46.2785 over 162 frames.
LOG (gmm-acc-stats-ali[5.5.52-6d919]:main():gmm-acc-stats-ali.cc:105) Processed 1750 utterances; for utterance s01f2sshjs02-20150804-Korean-cps01104 avg. like is -41.4668 over 162 frames.
LOG (gmm-acc-stats-ali[5.5.52-6d919]:main():gmm-acc-stats-ali.cc:105) Processed 1800 utterances; for utterance s01f2sshjs02-20150804-Korean-cps01155 avg. like is -42.4267 over 134 frames.
LOG (gmm-acc-stats-ali[5.5.52-6d919]:main():gmm-acc-stats-ali.cc:105) Processed 1850 utterances; for utterance s01f2sshjs02-20150804-Korean-cps01205 avg. like is -43.4586 over 178 frames.
LOG (gmm-acc-stats-ali[5.5.52-6d919]:main():gmm-acc-stats-ali.cc:105) Processed 1900 utterances; for utterance s01f2sshjs02-20150804-Korean-cps01255 avg. like is -45.2289 over 161 frames.
LOG (gmm-acc-stats-ali[5.5.52-6d919]:main():gmm-acc-stats-ali.cc:105) Processed 1950 utterances; for utterance s01f2sshjs02-20150804-Korean-cps01308 avg. like is -46.0175 over 135 frames.
LOG (gmm-acc-stats-ali[5.5.52-6d919]:main():gmm-acc-stats-ali.cc:105) Processed 2000 utterances; for utterance s01f2sshjs02-20150804-Korean-cps01359 avg. like is -42.7871 over 138 frames.
LOG (gmm-acc-stats-ali[5.5.52-6d919]:main():gmm-acc-stats-ali.cc:105) Processed 2050 utterances; for utterance s01f2sshjs02-20150804-Korean-cps01410 avg. like is -52.4179 over 130 frames.
LOG (gmm-acc-stats-ali[5.5.52-6d919]:main():gmm-acc-stats-ali.cc:105) Processed 2100 utterances; for utterance s01f2sshjs02-20150804-Koreancar1SNR10-cps01044 avg. like is -40.1543 over 115 frames.
LOG (gmm-acc-stats-ali[5.5.52-6d919]:main():gmm-acc-stats-ali.cc:105) Processed 2150 utterances; for utterance s01f2sshjs02-20150804-Koreancar1SNR10-cps01095 avg. like is -40.6686 over 146 frames.
LOG (gmm-acc-stats-ali[5.5.52-6d919]:main():gmm-acc-stats-ali.cc:105) Processed 2200 utterances; for utterance s01f2sshjs02-20150804-Koreancar1SNR10-cps01146 avg. like is -43.549 over 169 frames.
LOG (gmm-acc-stats-ali[5.5.52-6d919]:main():gmm-acc-stats-ali.cc:105) Processed 2250 utterances; for utterance s01f2sshjs02-20150804-Koreancar1SNR10-cps01196 avg. like is -42.4905 over 148 frames.
LOG (gmm-acc-stats-ali[5.5.52-6d919]:main():gmm-acc-stats-ali.cc:105) Processed 2300 utterances; for utterance s01f2sshjs02-20150804-Koreancar1SNR10-cps01246 avg. like is -43.8955 over 139 frames.
LOG (gmm-acc-stats-ali[5.5.52-6d919]:main():gmm-acc-stats-ali.cc:105) Processed 2350 utterances; for utterance s01f2sshjs02-20150804-Koreancar1SNR10-cps01298 avg. like is -38.1807 over 154 frames.
LOG (gmm-acc-stats-ali[5.5.52-6d919]:main():gmm-acc-stats-ali.cc:105) Processed 2400 utterances; for utterance s01f2sshjs02-20150804-Koreancar1SNR10-cps01350 avg. like is -42.2386 over 128 frames.
LOG (gmm-acc-stats-ali[5.5.52-6d919]:main():gmm-acc-stats-ali.cc:105) Processed 2450 utterances; for utterance s01f2sshjs02-20150804-Koreancar1SNR10-cps01401 avg. like is -46.3892 over 111 frames.
LOG (gmm-acc-stats-ali[5.5.52-6d919]:main():gmm-acc-stats-ali.cc:105) Processed 2500 utterances; for utterance s01f2sssys01-20150804-Korean-cps01034 avg. like is -43.9944 over 160 frames.
LOG (gmm-acc-stats-ali[5.5.52-6d919]:main():gmm-acc-stats-ali.cc:105) Processed 2550 utterances; for utterance s01f2sssys01-20150804-Korean-cps01084 avg. like is -43.2028 over 124 frames.
LOG (gmm-acc-stats-ali[5.5.52-6d919]:main():gmm-acc-stats-ali.cc:105) Processed 2600 utterances; for utterance s01f2sssys01-20150804-Korean-cps01135 avg. like is -40.6297 over 133 frames.
LOG (gmm-acc-stats-ali[5.5.52-6d919]:main():gmm-acc-stats-ali.cc:105) Processed 2650 utterances; for utterance s01f2sssys01-20150804-Korean-cps01186 avg. like is -40.0217 over 135 frames.
LOG (gmm-acc-stats-ali[5.5.52-6d919]:main():gmm-acc-stats-ali.cc:105) Processed 2700 utterances; for utterance s01f2sssys01-20150804-Korean-cps01236 avg. like is -48.2954 over 141 frames.
LOG (gmm-acc-stats-ali[5.5.52-6d919]:main():gmm-acc-stats-ali.cc:105) Processed 2750 utterances; for utterance s01f2sssys01-20150804-Korean-cps01286 avg. like is -49.4472 over 158 frames.
LOG (gmm-acc-stats-ali[5.5.52-6d919]:main():gmm-acc-stats-ali.cc:105) Processed 2800 utterances; for utterance s01f2sssys01-20150804-Korean-cps01336 avg. like is -44.0304 over 175 frames.
LOG (gmm-acc-stats-ali[5.5.52-6d919]:main():gmm-acc-stats-ali.cc:105) Processed 2850 utterances; for utterance s01f2sssys01-20150804-Korean-cps01387 avg. like is -43.1875 over 146 frames.
LOG (gmm-acc-stats-ali[5.5.52-6d919]:main():gmm-acc-stats-ali.cc:105) Processed 2900 utterances; for utterance s01f2sssys01-20150804-Koreancar1SNR10-cps01020 avg. like is -37.3735 over 121 frames.
LOG (gmm-acc-stats-ali[5.5.52-6d919]:main():gmm-acc-stats-ali.cc:105) Processed 2950 utterances; for utterance s01f2sssys01-20150804-Koreancar1SNR10-cps01070 avg. like is -37.4104 over 125 frames.
LOG (gmm-acc-stats-ali[5.5.52-6d919]:main():gmm-acc-stats-ali.cc:105) Processed 3000 utterances; for utterance s01f2sssys01-20150804-Koreancar1SNR10-cps01121 avg. like is -40.5313 over 129 frames.
LOG (gmm-acc-stats-ali[5.5.52-6d919]:main():gmm-acc-stats-ali.cc:105) Processed 3050 utterances; for utterance s01f2sssys01-20150804-Koreancar1SNR10-cps01171 avg. like is -42.1799 over 172 frames.
LOG (gmm-acc-stats-ali[5.5.52-6d919]:main():gmm-acc-stats-ali.cc:105) Processed 3100 utterances; for utterance s01f2sssys01-20150804-Koreancar1SNR10-cps01222 avg. like is -43.2444 over 173 frames.
LOG (gmm-acc-stats-ali[5.5.52-6d919]:main():gmm-acc-stats-ali.cc:105) Processed 3150 utterances; for utterance s01f2sssys01-20150804-Koreancar1SNR10-cps01272 avg. like is -39.3158 over 123 frames.
LOG (gmm-acc-stats-ali[5.5.52-6d919]:main():gmm-acc-stats-ali.cc:105) Processed 3200 utterances; for utterance s01f2sssys01-20150804-Koreancar1SNR10-cps01322 avg. like is -43.4646 over 216 frames.
LOG (gmm-acc-stats-ali[5.5.52-6d919]:main():gmm-acc-stats-ali.cc:105) Processed 3250 utterances; for utterance s01f2sssys01-20150804-Koreancar1SNR10-cps01373 avg. like is -39.1921 over 144 frames.
LOG (gmm-acc-stats-ali[5.5.52-6d919]:main():gmm-acc-stats-ali.cc:105) Processed 3300 utterances; for utterance s01f3ccbse01-20150804-Korean-cps01006 avg. like is -46.2404 over 187 frames.
LOG (gmm-acc-stats-ali[5.5.52-6d919]:main():gmm-acc-stats-ali.cc:105) Processed 3350 utterances; for utterance s01f3ccbse01-20150804-Korean-cps01056 avg. like is -41.5914 over 146 frames.
LOG (gmm-acc-stats-ali[5.5.52-6d919]:main():gmm-acc-stats-ali.cc:105) Processed 3400 utterances; for utterance s01f3ccbse01-20150804-Korean-cps01106 avg. like is -48.7832 over 185 frames.
LOG (gmm-acc-stats-ali[5.5.52-6d919]:main():gmm-acc-stats-ali.cc:105) Processed 3450 utterances; for utterance s01f3ccbse01-20150804-Korean-cps01157 avg. like is -45.1731 over 131 frames.
LOG (gmm-acc-stats-ali[5.5.52-6d919]:main():gmm-acc-stats-ali.cc:105) Processed 3500 utterances; for utterance s01f3ccbse01-20150804-Korean-cps01209 avg. like is -43.354 over 173 frames.
LOG (gmm-acc-stats-ali[5.5.52-6d919]:main():gmm-acc-stats-ali.cc:105) Processed 3550 utterances; for utterance s01f3ccbse01-20150804-Korean-cps01259 avg. like is -44.8175 over 169 frames.
LOG (gmm-acc-stats-ali[5.5.52-6d919]:main():gmm-acc-stats-ali.cc:105) Processed 3600 utterances; for utterance s01f3ccbse01-20150804-Korean-cps01309 avg. like is -44.1895 over 183 frames.
LOG (gmm-acc-stats-ali[5.5.52-6d919]:main():gmm-acc-stats-ali.cc:105) Processed 3650 utterances; for utterance s01f3ccbse01-20150804-Korean-cps01359 avg. like is -41.7072 over 154 frames.
LOG (gmm-acc-stats-ali[5.5.52-6d919]:main():gmm-acc-stats-ali.cc:105) Processed 3700 utterances; for utterance s01f3ccbse01-20150804-Korean-cps01409 avg. like is -48.7606 over 130 frames.
LOG (gmm-acc-stats-ali[5.5.52-6d919]:main():gmm-acc-stats-ali.cc:105) Processed 3750 utterances; for utterance s01f3ccbse01-20150804-Koreanbabble1SNR10-cps01042 avg. like is -45.7587 over 169 frames.
LOG (gmm-acc-stats-ali[5.5.52-6d919]:main():gmm-acc-stats-ali.cc:105) Processed 3800 utterances; for utterance s01f3ccbse01-20150804-Koreanbabble1SNR10-cps01092 avg. like is -53.7885 over 200 frames.
LOG (gmm-acc-stats-ali[5.5.52-6d919]:main():gmm-acc-stats-ali.cc:105) Processed 3850 utterances; for utterance s01f3ccbse01-20150804-Koreanbabble1SNR10-cps01143 avg. like is -49.1772 over 151 frames.
LOG (gmm-acc-stats-ali[5.5.52-6d919]:main():gmm-acc-stats-ali.cc:105) Processed 3900 utterances; for utterance s01f3ccbse01-20150804-Koreanbabble1SNR10-cps01195 avg. like is -46.8109 over 178 frames.
LOG (gmm-acc-stats-ali[5.5.52-6d919]:main():gmm-acc-stats-ali.cc:105) Processed 3950 utterances; for utterance s01f3ccbse01-20150804-Koreanbabble1SNR10-cps01245 avg. like is -46.0403 over 142 frames.
LOG (gmm-acc-stats-ali[5.5.52-6d919]:main():gmm-acc-stats-ali.cc:105) Processed 4000 utterances; for utterance s01f3ccbse01-20150804-Koreanbabble1SNR10-cps01295 avg. like is -46.0773 over 147 frames.
LOG (gmm-acc-stats-ali[5.5.52-6d919]:main():gmm-acc-stats-ali.cc:105) Processed 4050 utterances; for utterance s01f3ccbse01-20150804-Koreanbabble1SNR10-cps01345 avg. like is -46.6685 over 143 frames.
LOG (gmm-acc-stats-ali[5.5.52-6d919]:main():gmm-acc-stats-ali.cc:105) Processed 4100 utterances; for utterance s01f3ccbse01-20150804-Koreanbabble1SNR10-cps01395 avg. like is -44.8553 over 177 frames.
LOG (gmm-acc-stats-ali[5.5.52-6d919]:main():gmm-acc-stats-ali.cc:105) Processed 4150 utterances; for utterance s01f3jrjjr01-20150804-Korean-cps01028 avg. like is -44.9029 over 154 frames.
LOG (gmm-acc-stats-ali[5.5.52-6d919]:main():gmm-acc-stats-ali.cc:105) Processed 4200 utterances; for utterance s01f3jrjjr01-20150804-Korean-cps01078 avg. like is -47.8307 over 180 frames.
LOG (gmm-acc-stats-ali[5.5.52-6d919]:main():gmm-acc-stats-ali.cc:105) Processed 4250 utterances; for utterance s01f3jrjjr01-20150804-Korean-cps01130 avg. like is -47.5624 over 206 frames.
LOG (gmm-acc-stats-ali[5.5.52-6d919]:main():gmm-acc-stats-ali.cc:105) Processed 4300 utterances; for utterance s01f3jrjjr01-20150804-Korean-cps01183 avg. like is -44.4079 over 153 frames.
LOG (gmm-acc-stats-ali[5.5.52-6d919]:main():gmm-acc-stats-ali.cc:105) Processed 4350 utterances; for utterance s01f3jrjjr01-20150804-Korean-cps01234 avg. like is -49.4902 over 191 frames.
LOG (gmm-acc-stats-ali[5.5.52-6d919]:main():gmm-acc-stats-ali.cc:105) Processed 4400 utterances; for utterance s01f3jrjjr01-20150804-Korean-cps01285 avg. like is -48.79 over 141 frames.
LOG (gmm-acc-stats-ali[5.5.52-6d919]:main():gmm-acc-stats-ali.cc:105) Processed 4450 utterances; for utterance s01f3jrjjr01-20150804-Korean-cps01336 avg. like is -43.7318 over 171 frames.
LOG (gmm-acc-stats-ali[5.5.52-6d919]:main():gmm-acc-stats-ali.cc:105) Processed 4500 utterances; for utterance s01f3jrjjr01-20150804-Korean-cps01388 avg. like is -48.3492 over 158 frames.
LOG (gmm-acc-stats-ali[5.5.52-6d919]:main():gmm-acc-stats-ali.cc:105) Processed 4550 utterances; for utterance s01f3jrjjr01-20150804-KoreanbabbleSNR10-cps01021 avg. like is -46.3813 over 194 frames.
LOG (gmm-acc-stats-ali[5.5.52-6d919]:main():gmm-acc-stats-ali.cc:105) Processed 4600 utterances; for utterance s01f3jrjjr01-20150804-KoreanbabbleSNR10-cps01071 avg. like is -46.0403 over 180 frames.
LOG (gmm-acc-stats-ali[5.5.52-6d919]:main():gmm-acc-stats-ali.cc:105) Processed 4650 utterances; for utterance s01f3jrjjr01-20150804-KoreanbabbleSNR10-cps01122 avg. like is -46.0774 over 148 frames.
LOG (gmm-acc-stats-ali[5.5.52-6d919]:main():gmm-acc-stats-ali.cc:105) Processed 4700 utterances; for utterance s01f3jrjjr01-20150804-KoreanbabbleSNR10-cps01175 avg. like is -45.1666 over 151 frames.
LOG (gmm-acc-stats-ali[5.5.52-6d919]:main():gmm-acc-stats-ali.cc:105) Processed 4750 utterances; for utterance s01f3jrjjr01-20150804-KoreanbabbleSNR10-cps01227 avg. like is -48.0107 over 162 frames.
LOG (gmm-acc-stats-ali[5.5.52-6d919]:main():gmm-acc-stats-ali.cc:105) Processed 4800 utterances; for utterance s01f3jrjjr01-20150804-KoreanbabbleSNR10-cps01278 avg. like is -46.0541 over 132 frames.
LOG (gmm-acc-stats-ali[5.5.52-6d919]:main():gmm-acc-stats-ali.cc:105) Processed 4850 utterances; for utterance s01f3jrjjr01-20150804-KoreanbabbleSNR10-cps01328 avg. like is -45.5437 over 118 frames.
LOG (gmm-acc-stats-ali[5.5.52-6d919]:main():gmm-acc-stats-ali.cc:105) Processed 4900 utterances; for utterance s01f3jrjjr01-20150804-KoreanbabbleSNR10-cps01380 avg. like is -45.2381 over 151 frames.
LOG (gmm-acc-stats-ali[5.5.52-6d919]:main():gmm-acc-stats-ali.cc:105) Processed 4950 utterances; for utterance s01f3ksish01-20150804-Korean-cps01014 avg. like is -45.8736 over 123 frames.
LOG (gmm-acc-stats-ali[5.5.52-6d919]:main():gmm-acc-stats-ali.cc:105) Processed 5000 utterances; for utterance s01f3ksish01-20150804-Korean-cps01065 avg. like is -42.9614 over 146 frames.
LOG (gmm-acc-stats-ali[5.5.52-6d919]:main():gmm-acc-stats-ali.cc:105) Processed 5050 utterances; for utterance s01f3ksish01-20150804-Korean-cps01115 avg. like is -45.7399 over 158 frames.
LOG (gmm-acc-stats-ali[5.5.52-6d919]:main():gmm-acc-stats-ali.cc:105) Processed 5100 utterances; for utterance s01f3ksish01-20150804-Korean-cps01165 avg. like is -40.6407 over 147 frames.
LOG (gmm-acc-stats-ali[5.5.52-6d919]:main():gmm-acc-stats-ali.cc:105) Processed 5150 utterances; for utterance s01f3ksish01-20150804-Korean-cps01216 avg. like is -43.1074 over 165 frames.
LOG (gmm-acc-stats-ali[5.5.52-6d919]:main():gmm-acc-stats-ali.cc:105) Processed 5200 utterances; for utterance s01f3ksish01-20150804-Korean-cps01266 avg. like is -46.2561 over 160 frames.
LOG (gmm-acc-stats-ali[5.5.52-6d919]:main():gmm-acc-stats-ali.cc:105) Processed 5250 utterances; for utterance s01f3ksish01-20150804-Korean-cps01316 avg. like is -39.4777 over 160 frames.
LOG (gmm-acc-stats-ali[5.5.52-6d919]:main():gmm-acc-stats-ali.cc:105) Processed 5300 utterances; for utterance s01f3ksish01-20150804-Korean-cps01367 avg. like is -41.2473 over 165 frames.
LOG (gmm-acc-stats-ali[5.5.52-6d919]:main():gmm-acc-stats-ali.cc:105) Processed 5350 utterances; for utterance s01f3ksish01-20150804-Korean-cps01417 avg. like is -50.2225 over 145 frames.
LOG (gmm-acc-stats-ali[5.5.52-6d919]:main():gmm-acc-stats-ali.cc:105) Processed 5400 utterances; for utterance s01f3ksish01-20150804-Koreanleopard2SNR10-cps01050 avg. like is -38.7644 over 136 frames.
LOG (gmm-acc-stats-ali[5.5.52-6d919]:main():gmm-acc-stats-ali.cc:105) Processed 5450 utterances; for utterance s01f3ksish01-20150804-Koreanleopard2SNR10-cps01101 avg. like is -39.6054 over 157 frames.
LOG (gmm-acc-stats-ali[5.5.52-6d919]:main():gmm-acc-stats-ali.cc:105) Processed 5500 utterances; for utterance s01f3ksish01-20150804-Koreanleopard2SNR10-cps01151 avg. like is -39.8856 over 187 frames.
LOG (gmm-acc-stats-ali[5.5.52-6d919]:main():gmm-acc-stats-ali.cc:105) Processed 5550 utterances; for utterance s01f3ksish01-20150804-Koreanleopard2SNR10-cps01202 avg. like is -44.2661 over 150 frames.
LOG (gmm-acc-stats-ali[5.5.52-6d919]:main():gmm-acc-stats-ali.cc:105) Processed 5600 utterances; for utterance s01f3ksish01-20150804-Koreanleopard2SNR10-cps01252 avg. like is -45.5471 over 160 frames.
LOG (gmm-acc-stats-ali[5.5.52-6d919]:main():gmm-acc-stats-ali.cc:105) Processed 5650 utterances; for utterance s01f3ksish01-20150804-Koreanleopard2SNR10-cps01302 avg. like is -42.2674 over 152 frames.
LOG (gmm-acc-stats-ali[5.5.52-6d919]:main():gmm-acc-stats-ali.cc:105) Processed 5700 utterances; for utterance s01f3ksish01-20150804-Koreanleopard2SNR10-cps01352 avg. like is -41.56 over 150 frames.
LOG (gmm-acc-stats-ali[5.5.52-6d919]:main():gmm-acc-stats-ali.cc:105) Processed 5750 utterances; for utterance s01f3ksish01-20150804-Koreanleopard2SNR10-cps01403 avg. like is -43.6622 over 147 frames.
LOG (gmm-acc-stats-ali[5.5.52-6d919]:main():gmm-acc-stats-ali.cc:105) Processed 5800 utterances; for utterance s01f3ksjej01-20150804-Korean-cps01036 avg. like is -50.467 over 197 frames.
LOG (gmm-acc-stats-ali[5.5.52-6d919]:main():gmm-acc-stats-ali.cc:105) Processed 5850 utterances; for utterance s01f3ksjej01-20150804-Korean-cps01086 avg. like is -45.5012 over 204 frames.
LOG (gmm-acc-stats-ali[5.5.52-6d919]:main():gmm-acc-stats-ali.cc:105) Processed 5900 utterances; for utterance s01f3ksjej01-20150804-Korean-cps01136 avg. like is -44.8676 over 242 frames.
LOG (gmm-acc-stats-ali[5.5.52-6d919]:main():gmm-acc-stats-ali.cc:105) Processed 5950 utterances; for utterance s01f3ksjej01-20150804-Korean-cps01186 avg. like is -43.2135 over 186 frames.
LOG (gmm-acc-stats-ali[5.5.52-6d919]:main():gmm-acc-stats-ali.cc:105) Processed 6000 utterances; for utterance s01f3ksjej01-20150804-Korean-cps01236 avg. like is -44.0665 over 192 frames.
LOG (gmm-acc-stats-ali[5.5.52-6d919]:main():gmm-acc-stats-ali.cc:105) Processed 6050 utterances; for utterance s01f3ksjej01-20150804-Korean-cps01286 avg. like is -43.6348 over 230 frames.
LOG (gmm-acc-stats-ali[5.5.52-6d919]:main():gmm-acc-stats-ali.cc:105) Processed 6100 utterances; for utterance s01f3ksjej01-20150804-Korean-cps01336 avg. like is -44.408 over 219 frames.
LOG (gmm-acc-stats-ali[5.5.52-6d919]:main():gmm-acc-stats-ali.cc:105) Processed 6150 utterances; for utterance s01f3ksjej01-20150804-Korean-cps01386 avg. like is -45.988 over 219 frames.
LOG (gmm-acc-stats-ali[5.5.52-6d919]:main():gmm-acc-stats-ali.cc:105) Processed 6200 utterances; for utterance s01f3ksjej01-20150804-KoreanpinkSNR10-cps01019 avg. like is -38.5606 over 182 frames.
LOG (gmm-acc-stats-ali[5.5.52-6d919]:main():gmm-acc-stats-ali.cc:105) Processed 6250 utterances; for utterance s01f3ksjej01-20150804-KoreanpinkSNR10-cps01069 avg. like is -37.5354 over 208 frames.
LOG (gmm-acc-stats-ali[5.5.52-6d919]:main():gmm-acc-stats-ali.cc:105) Processed 6300 utterances; for utterance s01f3ksjej01-20150804-KoreanpinkSNR10-cps01119 avg. like is -37.8187 over 219 frames.
LOG (gmm-acc-stats-ali[5.5.52-6d919]:main():gmm-acc-stats-ali.cc:105) Processed 6350 utterances; for utterance s01f3ksjej01-20150804-KoreanpinkSNR10-cps01169 avg. like is -36.7534 over 193 frames.
LOG (gmm-acc-stats-ali[5.5.52-6d919]:main():gmm-acc-stats-ali.cc:105) Processed 6400 utterances; for utterance s01f3ksjej01-20150804-KoreanpinkSNR10-cps01219 avg. like is -36.757 over 181 frames.
LOG (gmm-acc-stats-ali[5.5.52-6d919]:main():gmm-acc-stats-ali.cc:105) Processed 6450 utterances; for utterance s01f3ksjej01-20150804-KoreanpinkSNR10-cps01269 avg. like is -36.2191 over 173 frames.
LOG (gmm-acc-stats-ali[5.5.52-6d919]:main():gmm-acc-stats-ali.cc:105) Processed 6500 utterances; for utterance s01f3ksjej01-20150804-KoreanpinkSNR10-cps01319 avg. like is -39.1406 over 181 frames.
LOG (gmm-acc-stats-ali[5.5.52-6d919]:main():gmm-acc-stats-ali.cc:105) Processed 6550 utterances; for utterance s01f3ksjej01-20150804-KoreanpinkSNR10-cps01369 avg. like is -35.6524 over 181 frames.
LOG (gmm-acc-stats-ali[5.5.52-6d919]:main():gmm-acc-stats-ali.cc:105) Processed 6600 utterances; for utterance s01f3ssgym01-20150804-Korean-cps01002 avg. like is -47.761 over 183 frames.
LOG (gmm-acc-stats-ali[5.5.52-6d919]:main():gmm-acc-stats-ali.cc:105) Processed 6650 utterances; for utterance s01f3ssgym01-20150804-Korean-cps01055 avg. like is -49.967 over 154 frames.
LOG (gmm-acc-stats-ali[5.5.52-6d919]:main():gmm-acc-stats-ali.cc:105) Processed 6700 utterances; for utterance s01f3ssgym01-20150804-Korean-cps01106 avg. like is -55.1105 over 152 frames.
LOG (gmm-acc-stats-ali[5.5.52-6d919]:main():gmm-acc-stats-ali.cc:105) Processed 6750 utterances; for utterance s01f3ssgym01-20150804-Korean-cps01156 avg. like is -55.4387 over 164 frames.
LOG (gmm-acc-stats-ali[5.5.52-6d919]:main():gmm-acc-stats-ali.cc:105) Processed 6800 utterances; for utterance s01f3ssgym01-20150804-Korean-cps01207 avg. like is -41.7153 over 164 frames.
LOG (gmm-acc-stats-ali[5.5.52-6d919]:main():gmm-acc-stats-ali.cc:105) Processed 6850 utterances; for utterance s01f3ssgym01-20150804-Korean-cps01259 avg. like is -49.1041 over 165 frames.
LOG (gmm-acc-stats-ali[5.5.52-6d919]:main():gmm-acc-stats-ali.cc:105) Processed 6900 utterances; for utterance s01f3ssgym01-20150804-Korean-cps01309 avg. like is -50.1968 over 171 frames.
LOG (gmm-acc-stats-ali[5.5.52-6d919]:main():gmm-acc-stats-ali.cc:105) Processed 6950 utterances; for utterance s01f3ssgym01-20150804-Korean-cps01360 avg. like is -50.202 over 155 frames.
LOG (gmm-acc-stats-ali[5.5.52-6d919]:main():gmm-acc-stats-ali.cc:105) Processed 7000 utterances; for utterance s01f3ssgym01-20150804-Korean-cps01410 avg. like is -46.5999 over 163 frames.
LOG (gmm-acc-stats-ali[5.5.52-6d919]:main():gmm-acc-stats-ali.cc:105) Processed 7050 utterances; for utterance s01f3ssgym01-20150804-KoreanhfchannelSNR10-cps01045 avg. like is -40.5352 over 160 frames.
LOG (gmm-acc-stats-ali[5.5.52-6d919]:main():gmm-acc-stats-ali.cc:105) Processed 7100 utterances; for utterance s01f3ssgym01-20150804-KoreanhfchannelSNR10-cps01097 avg. like is -36.9179 over 168 frames.
LOG (gmm-acc-stats-ali[5.5.52-6d919]:main():gmm-acc-stats-ali.cc:105) Processed 7150 utterances; for utterance s01f3ssgym01-20150804-KoreanhfchannelSNR10-cps01147 avg. like is -37.4898 over 131 frames.
LOG (gmm-acc-stats-ali[5.5.52-6d919]:main():gmm-acc-stats-ali.cc:105) Processed 7200 utterances; for utterance s01f3ssgym01-20150804-KoreanhfchannelSNR10-cps01198 avg. like is -35.7671 over 118 frames.
LOG (gmm-acc-stats-ali[5.5.52-6d919]:main():gmm-acc-stats-ali.cc:105) Processed 7250 utterances; for utterance s01f3ssgym01-20150804-KoreanhfchannelSNR10-cps01250 avg. like is -38.2071 over 138 frames.
LOG (gmm-acc-stats-ali[5.5.52-6d919]:main():gmm-acc-stats-ali.cc:105) Processed 7300 utterances; for utterance s01f3ssgym01-20150804-KoreanhfchannelSNR10-cps01300 avg. like is -37.671 over 137 frames.
LOG (gmm-acc-stats-ali[5.5.52-6d919]:main():gmm-acc-stats-ali.cc:105) Processed 7350 utterances; for utterance s01f3ssgym01-20150804-KoreanhfchannelSNR10-cps01351 avg. like is -41.7459 over 160 frames.
LOG (gmm-acc-stats-ali[5.5.52-6d919]:main():gmm-acc-stats-ali.cc:105) Processed 7400 utterances; for utterance s01f3ssgym01-20150804-KoreanhfchannelSNR10-cps01401 avg. like is -36.3166 over 153 frames.
LOG (gmm-acc-stats-ali[5.5.52-6d919]:main():gmm-acc-stats-ali.cc:105) Processed 7450 utterances; for utterance s01f4ccnhy01-20150804-Korean-cps01034 avg. like is -47.0664 over 183 frames.
LOG (gmm-acc-stats-ali[5.5.52-6d919]:main():gmm-acc-stats-ali.cc:105) Processed 7500 utterances; for utterance s01f4ccnhy01-20150804-Korean-cps01084 avg. like is -47.8008 over 132 frames.
LOG (gmm-acc-stats-ali[5.5.52-6d919]:main():gmm-acc-stats-ali.cc:105) Processed 7550 utterances; for utterance s01f4ccnhy01-20150804-Korean-cps01134 avg. like is -44.1405 over 160 frames.
LOG (gmm-acc-stats-ali[5.5.52-6d919]:main():gmm-acc-stats-ali.cc:105) Processed 7600 utterances; for utterance s01f4ccnhy01-20150804-Korean-cps01186 avg. like is -44.2448 over 156 frames.
LOG (gmm-acc-stats-ali[5.5.52-6d919]:main():gmm-acc-stats-ali.cc:105) Processed 7650 utterances; for utterance s01f4ccnhy01-20150804-Korean-cps01236 avg. like is -43.8557 over 168 frames.
LOG (gmm-acc-stats-ali[5.5.52-6d919]:main():gmm-acc-stats-ali.cc:105) Processed 7700 utterances; for utterance s01f4ccnhy01-20150804-Korean-cps01286 avg. like is -43.7729 over 191 frames.
LOG (gmm-acc-stats-ali[5.5.52-6d919]:main():gmm-acc-stats-ali.cc:105) Processed 7750 utterances; for utterance s01f4ccnhy01-20150804-Korean-cps01336 avg. like is -43.9501 over 180 frames.
LOG (gmm-acc-stats-ali[5.5.52-6d919]:main():gmm-acc-stats-ali.cc:105) Processed 7800 utterances; for utterance s01f4ccnhy01-20150804-Korean-cps01386 avg. like is -46.4738 over 153 frames.
LOG (gmm-acc-stats-ali[5.5.52-6d919]:main():gmm-acc-stats-ali.cc:105) Processed 7850 utterances; for utterance s01f4ccnhy01-20150804-KoreancarSNR10-cps01019 avg. like is -38.9135 over 138 frames.
LOG (gmm-acc-stats-ali[5.5.52-6d919]:main():gmm-acc-stats-ali.cc:105) Processed 7900 utterances; for utterance s01f4ccnhy01-20150804-KoreancarSNR10-cps01069 avg. like is -40.8307 over 168 frames.
LOG (gmm-acc-stats-ali[5.5.52-6d919]:main():gmm-acc-stats-ali.cc:105) Processed 7950 utterances; for utterance s01f4ccnhy01-20150804-KoreancarSNR10-cps01119 avg. like is -42.7821 over 205 frames.
LOG (gmm-acc-stats-ali[5.5.52-6d919]:main():gmm-acc-stats-ali.cc:105) Processed 8000 utterances; for utterance s01f4ccnhy01-20150804-KoreancarSNR10-cps01170 avg. like is -40.1857 over 159 frames.
LOG (gmm-acc-stats-ali[5.5.52-6d919]:main():gmm-acc-stats-ali.cc:105) Processed 8050 utterances; for utterance s01f4ccnhy01-20150804-KoreancarSNR10-cps01221 avg. like is -38.4797 over 162 frames.
LOG (gmm-acc-stats-ali[5.5.52-6d919]:main():gmm-acc-stats-ali.cc:105) Processed 8100 utterances; for utterance s01f4ccnhy01-20150804-KoreancarSNR10-cps01271 avg. like is -37.8249 over 141 frames.
LOG (gmm-acc-stats-ali[5.5.52-6d919]:main():gmm-acc-stats-ali.cc:105) Processed 8150 utterances; for utterance s01f4ccnhy01-20150804-KoreancarSNR10-cps01321 avg. like is -43.3208 over 212 frames.
LOG (gmm-acc-stats-ali[5.5.52-6d919]:main():gmm-acc-stats-ali.cc:105) Processed 8200 utterances; for utterance s01f4ccnhy01-20150804-KoreancarSNR10-cps01371 avg. like is -41.8195 over 155 frames.
LOG (gmm-acc-stats-ali[5.5.52-6d919]:main():gmm-acc-stats-ali.cc:105) Processed 8250 utterances; for utterance s01fg2ksh00-20150803-Korean-s01a004 avg. like is -49.3275 over 204 frames.
LOG (gmm-acc-stats-ali[5.5.52-6d919]:main():gmm-acc-stats-ali.cc:105) Processed 8300 utterances; for utterance s01fg2ksh00-20150803-Korean-s01a056 avg. like is -49.9701 over 288 frames.
LOG (gmm-acc-stats-ali[5.5.52-6d919]:main():gmm-acc-stats-ali.cc:105) Processed 8350 utterances; for utterance s01fg2ksh00-20150803-Korean-s01a106 avg. like is -47.4802 over 168 frames.
LOG (gmm-acc-stats-ali[5.5.52-6d919]:main():gmm-acc-stats-ali.cc:105) Processed 8400 utterances; for utterance s01fg2ksh00-20150803-Koreanleopard2SNR10-s01a016 avg. like is -44.0616 over 255 frames.
LOG (gmm-acc-stats-ali[5.5.52-6d919]:main():gmm-acc-stats-ali.cc:105) Processed 8450 utterances; for utterance s01fg2ksh00-20150803-Koreanleopard2SNR10-s01a067 avg. like is -37.7071 over 204 frames.
LOG (gmm-acc-stats-ali[5.5.52-6d919]:main():gmm-acc-stats-ali.cc:105) Processed 8500 utterances; for utterance s01fg2ksh00-20150803-Koreanleopard2SNR10-s01a117 avg. like is -40.9923 over 209 frames.
LOG (gmm-acc-stats-ali[5.5.52-6d919]:main():gmm-acc-stats-ali.cc:105) Processed 8550 utterances; for utterance s01fg4hsd00-20150803-Korean-s01a026 avg. like is -50.679 over 248 frames.
LOG (gmm-acc-stats-ali[5.5.52-6d919]:main():gmm-acc-stats-ali.cc:105) Processed 8600 utterances; for utterance s01fg4hsd00-20150803-Korean-s01a076 avg. like is -53.2977 over 258 frames.
LOG (gmm-acc-stats-ali[5.5.52-6d919]:main():gmm-acc-stats-ali.cc:105) Processed 8650 utterances; for utterance s01fg4hsd00-20150803-Korean-s01a129 avg. like is -52.984 over 262 frames.
LOG (gmm-acc-stats-ali[5.5.52-6d919]:main():gmm-acc-stats-ali.cc:105) Processed 8700 utterances; for utterance s01fg4hsd00-20150803-KoreanleopardSNR10-s01a038 avg. like is -46.4007 over 329 frames.
LOG (gmm-acc-stats-ali[5.5.52-6d919]:main():gmm-acc-stats-ali.cc:105) Processed 8750 utterances; for utterance s01fg4hsd00-20150803-KoreanleopardSNR10-s01a088 avg. like is -46.4832 over 278 frames.
LOG (gmm-acc-stats-ali[5.5.52-6d919]:main():gmm-acc-stats-ali.cc:105) Processed 8800 utterances; for utterance s01fg4hsd00-20150803-KoreanleopardSNR10-s01a141 avg. like is -46.8214 over 289 frames.
LOG (gmm-acc-stats-ali[5.5.52-6d919]:main():gmm-acc-stats-ali.cc:105) Processed 8850 utterances; for utterance s01fj3cjh02-20150803-Korean-s01a050 avg. like is -50.3119 over 289 frames.
LOG (gmm-acc-stats-ali[5.5.52-6d919]:main():gmm-acc-stats-ali.cc:105) Processed 8900 utterances; for utterance s01fj3cjh02-20150803-Korean-s01a101 avg. like is -52.7656 over 247 frames.
LOG (gmm-acc-stats-ali[5.5.52-6d919]:main():gmm-acc-stats-ali.cc:105) Processed 8950 utterances; for utterance s01fj3cjh02-20150803-KoreanpinkSNR10-s01a011 avg. like is -37.5188 over 216 frames.
LOG (gmm-acc-stats-ali[5.5.52-6d919]:main():gmm-acc-stats-ali.cc:105) Processed 9000 utterances; for utterance s01fj3cjh02-20150803-KoreanpinkSNR10-s01a061 avg. like is -37.6276 over 197 frames.
LOG (gmm-acc-stats-ali[5.5.52-6d919]:main():gmm-acc-stats-ali.cc:105) Processed 9050 utterances; for utterance s01fj3cjh02-20150803-KoreanpinkSNR10-s01a113 avg. like is -38.5548 over 208 frames.
LOG (gmm-acc-stats-ali[5.5.52-6d919]:main():gmm-acc-stats-ali.cc:105) Processed 9100 utterances; for utterance s01fj4lhs02-20150803-Korean-s01a022 avg. like is -49.8196 over 280 frames.
LOG (gmm-acc-stats-ali[5.5.52-6d919]:main():gmm-acc-stats-ali.cc:105) Processed 9150 utterances; for utterance s01fj4lhs02-20150803-Korean-s01a072 avg. like is -50.5074 over 346 frames.
LOG (gmm-acc-stats-ali[5.5.52-6d919]:main():gmm-acc-stats-ali.cc:105) Processed 9200 utterances; for utterance s01fj4lhs02-20150803-Korean-s01a122 avg. like is -51.6887 over 264 frames.
LOG (gmm-acc-stats-ali[5.5.52-6d919]:main():gmm-acc-stats-ali.cc:105) Processed 9250 utterances; for utterance s01fj4lhs02-20150803-Koreanfactory1SNR10-s01a031 avg. like is -40.6216 over 287 frames.
LOG (gmm-acc-stats-ali[5.5.52-6d919]:main():gmm-acc-stats-ali.cc:105) Processed 9300 utterances; for utterance s01fj4lhs02-20150803-Koreanfactory1SNR10-s01a081 avg. like is -39.8203 over 298 frames.
LOG (gmm-acc-stats-ali[5.5.52-6d919]:main():gmm-acc-stats-ali.cc:105) Processed 9350 utterances; for utterance s01fj4lhs02-20150803-Koreanfactory1SNR10-s01a131 avg. like is -40.5227 over 261 frames.
LOG (gmm-acc-stats-ali[5.5.52-6d919]:main():gmm-acc-stats-ali.cc:105) Processed 9400 utterances; for utterance s01fs2pmk00-20150803-Korean-s01a041 avg. like is -49.6306 over 345 frames.
LOG (gmm-acc-stats-ali[5.5.52-6d919]:main():gmm-acc-stats-ali.cc:105) Processed 9450 utterances; for utterance s01fs2pmk00-20150803-Korean-s01a091 avg. like is -47.3092 over 283 frames.
LOG (gmm-acc-stats-ali[5.5.52-6d919]:main():gmm-acc-stats-ali.cc:105) Processed 9500 utterances; for utterance s01fs2pmk00-20150803-Korean-s01a141 avg. like is -48.1147 over 350 frames.
LOG (gmm-acc-stats-ali[5.5.52-6d919]:main():gmm-acc-stats-ali.cc:105) Processed 9550 utterances; for utterance s01fs2pmk00-20150803-KoreanbabbleSNR10-s01a051 avg. like is -47.7643 over 372 frames.
LOG (gmm-acc-stats-ali[5.5.52-6d919]:main():gmm-acc-stats-ali.cc:105) Processed 9600 utterances; for utterance s01fs2pmk00-20150803-KoreanbabbleSNR10-s01a101 avg. like is -46.8539 over 282 frames.
LOG (gmm-acc-stats-ali[5.5.52-6d919]:main():gmm-acc-stats-ali.cc:105) Processed 9650 utterances; for utterance s01fs3lyj00-20150803-Korean-s01a010 avg. like is -47.7348 over 328 frames.
LOG (gmm-acc-stats-ali[5.5.52-6d919]:main():gmm-acc-stats-ali.cc:105) Processed 9700 utterances; for utterance s01fs3lyj00-20150803-Korean-s01a060 avg. like is -53.1965 over 256 frames.
LOG (gmm-acc-stats-ali[5.5.52-6d919]:main():gmm-acc-stats-ali.cc:105) Processed 9750 utterances; for utterance s01fs3lyj00-20150803-Korean-s01a110 avg. like is -46.1389 over 204 frames.
LOG (gmm-acc-stats-ali[5.5.52-6d919]:main():gmm-acc-stats-ali.cc:105) Processed 9800 utterances; for utterance s01fs3lyj00-20150803-Koreanleopard1SNR10-s01a019 avg. like is -44.2379 over 255 frames.
LOG (gmm-acc-stats-ali[5.5.52-6d919]:main():gmm-acc-stats-ali.cc:105) Processed 9850 utterances; for utterance s01fs3lyj00-20150803-Koreanleopard1SNR10-s01a069 avg. like is -46.0554 over 283 frames.
LOG (gmm-acc-stats-ali[5.5.52-6d919]:main():gmm-acc-stats-ali.cc:105) Processed 9900 utterances; for utterance s01fs3lyj00-20150803-Koreanleopard1SNR10-s01a119 avg. like is -44.3479 over 224 frames.
LOG (gmm-acc-stats-ali[5.5.52-6d919]:main():gmm-acc-stats-ali.cc:105) Processed 9950 utterances; for utterance s01fs4lks00-20150803-Korean-s01a028 avg. like is -50.2564 over 269 frames.
LOG (gmm-acc-stats-ali[5.5.52-6d919]:main():gmm-acc-stats-ali.cc:105) Processed 10000 utterances; for utterance s01fs4lks00-20150803-Korean-s01a078 avg. like is -49.4009 over 275 frames.
LOG (gmm-acc-stats-ali[5.5.52-6d919]:main():gmm-acc-stats-ali.cc:105) Processed 10050 utterances; for utterance s01fs4lks00-20150803-Korean-s01a128 avg. like is -49.5758 over 305 frames.
LOG (gmm-acc-stats-ali[5.5.52-6d919]:main():gmm-acc-stats-ali.cc:105) Processed 10100 utterances; for utterance s01fs4lks00-20150803-KoreanbabbleSNR10-s01a037 avg. like is -44.2424 over 206 frames.
LOG (gmm-acc-stats-ali[5.5.52-6d919]:main():gmm-acc-stats-ali.cc:105) Processed 10150 utterances; for utterance s01fs4lks00-20150803-KoreanbabbleSNR10-s01a087 avg. like is -46.9855 over 309 frames.
LOG (gmm-acc-stats-ali[5.5.52-6d919]:main():gmm-acc-stats-ali.cc:105) Processed 10200 utterances; for utterance s01fs4lks00-20150803-KoreanbabbleSNR10-s01a137 avg. like is -44.2753 over 299 frames.
LOG (gmm-acc-stats-ali[5.5.52-6d919]:main():gmm-acc-stats-ali.cc:105) Processed 10250 utterances; for utterance s01fs4ski00-20150803-Korean-s01a047 avg. like is -49.3134 over 237 frames.
LOG (gmm-acc-stats-ali[5.5.52-6d919]:main():gmm-acc-stats-ali.cc:105) Processed 10300 utterances; for utterance s01fs4ski00-20150803-Korean-s01a097 avg. like is -51.8173 over 215 frames.
LOG (gmm-acc-stats-ali[5.5.52-6d919]:main():gmm-acc-stats-ali.cc:105) Processed 10350 utterances; for utterance s01fs4ski00-20150803-Koreanfactory2SNR10-s01a006 avg. like is -40.6466 over 217 frames.
LOG (gmm-acc-stats-ali[5.5.52-6d919]:main():gmm-acc-stats-ali.cc:105) Processed 10400 utterances; for utterance s01fs4ski00-20150803-Koreanfactory2SNR10-s01a057 avg. like is -42.6061 over 305 frames.
LOG (gmm-acc-stats-ali[5.5.52-6d919]:main():gmm-acc-stats-ali.cc:105) Processed 10450 utterances; for utterance s01fs4ski00-20150803-Koreanfactory2SNR10-s01a107 avg. like is -43.2241 over 318 frames.
LOG (gmm-acc-stats-ali[5.5.52-6d919]:main():gmm-acc-stats-ali.cc:105) Processed 10500 utterances; for utterance s01m1ccgbg01-20150804-Korean-cps01016 avg. like is -58.4652 over 135 frames.
LOG (gmm-acc-stats-ali[5.5.52-6d919]:main():gmm-acc-stats-ali.cc:105) Processed 10550 utterances; for utterance s01m1ccgbg01-20150804-Korean-cps01067 avg. like is -43.9089 over 153 frames.
LOG (gmm-acc-stats-ali[5.5.52-6d919]:main():gmm-acc-stats-ali.cc:105) Processed 10600 utterances; for utterance s01m1ccgbg01-20150804-Korean-cps01117 avg. like is -57.1513 over 166 frames.
LOG (gmm-acc-stats-ali[5.5.52-6d919]:main():gmm-acc-stats-ali.cc:105) Processed 10650 utterances; for utterance s01m1ccgbg01-20150804-Korean-cps01168 avg. like is -51.7258 over 142 frames.
LOG (gmm-acc-stats-ali[5.5.52-6d919]:main():gmm-acc-stats-ali.cc:105) Processed 10700 utterances; for utterance s01m1ccgbg01-20150804-Korean-cps01219 avg. like is -55.2179 over 135 frames.
LOG (gmm-acc-stats-ali[5.5.52-6d919]:main():gmm-acc-stats-ali.cc:105) Processed 10750 utterances; for utterance s01m1ccgbg01-20150804-Korean-cps01270 avg. like is -50.1371 over 154 frames.
LOG (gmm-acc-stats-ali[5.5.52-6d919]:main():gmm-acc-stats-ali.cc:105) Processed 10800 utterances; for utterance s01m1ccgbg01-20150804-Korean-cps01320 avg. like is -49.8542 over 154 frames.
LOG (gmm-acc-stats-ali[5.5.52-6d919]:main():gmm-acc-stats-ali.cc:105) Processed 10850 utterances; for utterance s01m1ccgbg01-20150804-Korean-cps01371 avg. like is -49.4041 over 174 frames.
LOG (gmm-acc-stats-ali[5.5.52-6d919]:main():gmm-acc-stats-ali.cc:105) Processed 10900 utterances; for utterance s01m1ccgbg01-20150804-Koreanfactory1SNR10-cps01005 avg. like is -44.9016 over 153 frames.
LOG (gmm-acc-stats-ali[5.5.52-6d919]:main():gmm-acc-stats-ali.cc:105) Processed 10950 utterances; for utterance s01m1ccgbg01-20150804-Koreanfactory1SNR10-cps01056 avg. like is -41.0149 over 138 frames.
LOG (gmm-acc-stats-ali[5.5.52-6d919]:main():gmm-acc-stats-ali.cc:105) Processed 11000 utterances; for utterance s01m1ccgbg01-20150804-Koreanfactory1SNR10-cps01106 avg. like is -43.524 over 167 frames.
LOG (gmm-acc-stats-ali[5.5.52-6d919]:main():gmm-acc-stats-ali.cc:105) Processed 11050 utterances; for utterance s01m1ccgbg01-20150804-Koreanfactory1SNR10-cps01157 avg. like is -40.0284 over 144 frames.
LOG (gmm-acc-stats-ali[5.5.52-6d919]:main():gmm-acc-stats-ali.cc:105) Processed 11100 utterances; for utterance s01m1ccgbg01-20150804-Koreanfactory1SNR10-cps01208 avg. like is -42.4677 over 166 frames.
LOG (gmm-acc-stats-ali[5.5.52-6d919]:main():gmm-acc-stats-ali.cc:105) Processed 11150 utterances; for utterance s01m1ccgbg01-20150804-Koreanfactory1SNR10-cps01258 avg. like is -41.9037 over 161 frames.
LOG (gmm-acc-stats-ali[5.5.52-6d919]:main():gmm-acc-stats-ali.cc:105) Processed 11200 utterances; for utterance s01m1ccgbg01-20150804-Koreanfactory1SNR10-cps01309 avg. like is -42.7179 over 180 frames.
LOG (gmm-acc-stats-ali[5.5.52-6d919]:main():gmm-acc-stats-ali.cc:105) Processed 11250 utterances; for utterance s01m1ccgbg01-20150804-Koreanfactory1SNR10-cps01360 avg. like is -44.8175 over 156 frames.
LOG (gmm-acc-stats-ali[5.5.52-6d919]:main():gmm-acc-stats-ali.cc:105) Processed 11300 utterances; for utterance s01m1ccgbg01-20150804-Koreanfactory1SNR10-cps01411 avg. like is -45.0359 over 158 frames.
LOG (gmm-acc-stats-ali[5.5.52-6d919]:main():gmm-acc-stats-ali.cc:105) Processed 11350 utterances; for utterance s01m1jrgju03-20150804-Korean-cps01044 avg. like is -44.8173 over 114 frames.
LOG (gmm-acc-stats-ali[5.5.52-6d919]:main():gmm-acc-stats-ali.cc:105) Processed 11400 utterances; for utterance s01m1jrgju03-20150804-Korean-cps01094 avg. like is -41.1004 over 126 frames.
LOG (gmm-acc-stats-ali[5.5.52-6d919]:main():gmm-acc-stats-ali.cc:105) Processed 11450 utterances; for utterance s01m1jrgju03-20150804-Korean-cps01144 avg. like is -41.4642 over 153 frames.
LOG (gmm-acc-stats-ali[5.5.52-6d919]:main():gmm-acc-stats-ali.cc:105) Processed 11500 utterances; for utterance s01m1jrgju03-20150804-Korean-cps01195 avg. like is -47.1352 over 190 frames.
LOG (gmm-acc-stats-ali[5.5.52-6d919]:main():gmm-acc-stats-ali.cc:105) Processed 11550 utterances; for utterance s01m1jrgju03-20150804-Korean-cps01246 avg. like is -42.7409 over 177 frames.
LOG (gmm-acc-stats-ali[5.5.52-6d919]:main():gmm-acc-stats-ali.cc:105) Processed 11600 utterances; for utterance s01m1jrgju03-20150804-Korean-cps01296 avg. like is -44.3961 over 181 frames.
LOG (gmm-acc-stats-ali[5.5.52-6d919]:main():gmm-acc-stats-ali.cc:105) Processed 11650 utterances; for utterance s01m1jrgju03-20150804-Korean-cps01346 avg. like is -46.4415 over 174 frames.
LOG (gmm-acc-stats-ali[5.5.52-6d919]:main():gmm-acc-stats-ali.cc:105) Processed 11700 utterances; for utterance s01m1jrgju03-20150804-Korean-cps01396 avg. like is -45.1871 over 177 frames.
LOG (gmm-acc-stats-ali[5.5.52-6d919]:main():gmm-acc-stats-ali.cc:105) Processed 11750 utterances; for utterance s01m1jrgju03-20150804-Koreanleopard2SNR10-cps01029 avg. like is -44.2254 over 126 frames.
LOG (gmm-acc-stats-ali[5.5.52-6d919]:main():gmm-acc-stats-ali.cc:105) Processed 11800 utterances; for utterance s01m1jrgju03-20150804-Koreanleopard2SNR10-cps01079 avg. like is -43.4191 over 202 frames.
LOG (gmm-acc-stats-ali[5.5.52-6d919]:main():gmm-acc-stats-ali.cc:105) Processed 11850 utterances; for utterance s01m1jrgju03-20150804-Koreanleopard2SNR10-cps01129 avg. like is -46.1143 over 158 frames.
LOG (gmm-acc-stats-ali[5.5.52-6d919]:main():gmm-acc-stats-ali.cc:105) Processed 11900 utterances; for utterance s01m1jrgju03-20150804-Koreanleopard2SNR10-cps01179 avg. like is -46.8868 over 184 frames.
LOG (gmm-acc-stats-ali[5.5.52-6d919]:main():gmm-acc-stats-ali.cc:105) Processed 11950 utterances; for utterance s01m1jrgju03-20150804-Koreanleopard2SNR10-cps01231 avg. like is -42.1916 over 184 frames.
LOG (gmm-acc-stats-ali[5.5.52-6d919]:main():gmm-acc-stats-ali.cc:105) Processed 12000 utterances; for utterance s01m1jrgju03-20150804-Koreanleopard2SNR10-cps01281 avg. like is -43.3653 over 200 frames.
LOG (gmm-acc-stats-ali[5.5.52-6d919]:main():gmm-acc-stats-ali.cc:105) Processed 12050 utterances; for utterance s01m1jrgju03-20150804-Koreanleopard2SNR10-cps01331 avg. like is -44.2999 over 181 frames.
LOG (gmm-acc-stats-ali[5.5.52-6d919]:main():gmm-acc-stats-ali.cc:105) Processed 12100 utterances; for utterance s01m1jrgju03-20150804-Koreanleopard2SNR10-cps01381 avg. like is -43.1217 over 181 frames.
LOG (apply-cmvn[5.5.52-6d919]:main():apply-cmvn.cc:162) Applied cepstral mean normalization to 12136 utterances, errors on 0
LOG (transform-feats[5.5.52-6d919]:main():transform-feats.cc:158) Overall average [pseudo-]logdet is -92.5347 over 2.18351e+06 frames.
LOG (transform-feats[5.5.52-6d919]:main():transform-feats.cc:161) Applied transform to 12136 utterances; 0 had errors.
LOG (transform-feats[5.5.52-6d919]:main():transform-feats.cc:158) Overall average logdet is 1.16011 over 2.18351e+06 frames.
LOG (transform-feats[5.5.52-6d919]:main():transform-feats.cc:161) Applied transform to 12136 utterances; 0 had errors.
LOG (gmm-acc-stats-ali[5.5.52-6d919]:main():gmm-acc-stats-ali.cc:112) Done 12136 files, 0 with errors.
LOG (gmm-acc-stats-ali[5.5.52-6d919]:main():gmm-acc-stats-ali.cc:115) Overall avg like per frame (Gaussian only) = -44.446 over 2183510 frames.
LOG (gmm-acc-stats-ali[5.5.52-6d919]:main():gmm-acc-stats-ali.cc:123) Written accs.
# Accounting: time=13 threads=1
# Ended (code 0) at Tue May  7 16:21:18 KST 2019, elapsed time 13 seconds
