# gmm-acc-stats-ali exp/tri3b/1.mdl "ark,s,cs:apply-cmvn  --utt2spk=ark:data/train/split8/7/utt2spk scp:data/train/split8/7/cmvn.scp scp:data/train/split8/7/feats.scp ark:- | splice-feats  ark:- ark:- | transform-feats exp/tri2b_ali/final.mat ark:- ark:- | transform-feats --utt2spk=ark:data/train/split8/7/utt2spk ark,s,cs:exp/tri3b/trans.7 ark:- ark:- |" "ark,s,cs:gunzip -c exp/tri3b/ali.7.gz|" exp/tri3b/1.7.acc 
# Started at Tue May  7 15:59:24 KST 2019
#
gmm-acc-stats-ali exp/tri3b/1.mdl 'ark,s,cs:apply-cmvn  --utt2spk=ark:data/train/split8/7/utt2spk scp:data/train/split8/7/cmvn.scp scp:data/train/split8/7/feats.scp ark:- | splice-feats  ark:- ark:- | transform-feats exp/tri2b_ali/final.mat ark:- ark:- | transform-feats --utt2spk=ark:data/train/split8/7/utt2spk ark,s,cs:exp/tri3b/trans.7 ark:- ark:- |' 'ark,s,cs:gunzip -c exp/tri3b/ali.7.gz|' exp/tri3b/1.7.acc 
transform-feats --utt2spk=ark:data/train/split8/7/utt2spk ark,s,cs:exp/tri3b/trans.7 ark:- ark:- 
splice-feats ark:- ark:- 
apply-cmvn --utt2spk=ark:data/train/split8/7/utt2spk scp:data/train/split8/7/cmvn.scp scp:data/train/split8/7/feats.scp ark:- 
transform-feats exp/tri2b_ali/final.mat ark:- ark:- 
LOG (gmm-acc-stats-ali[5.5.52-6d919]:main():gmm-acc-stats-ali.cc:105) Processed 50 utterances; for utterance s03f3ssjjh01-20150804-Korean-cps03051 avg. like is -56.2526 over 164 frames.
LOG (gmm-acc-stats-ali[5.5.52-6d919]:main():gmm-acc-stats-ali.cc:105) Processed 100 utterances; for utterance s03f3ssjjh01-20150804-Korean-cps03101 avg. like is -62.5525 over 187 frames.
LOG (gmm-acc-stats-ali[5.5.52-6d919]:main():gmm-acc-stats-ali.cc:105) Processed 150 utterances; for utterance s03f3ssjjh01-20150804-Korean-cps03151 avg. like is -54.9756 over 147 frames.
LOG (gmm-acc-stats-ali[5.5.52-6d919]:main():gmm-acc-stats-ali.cc:105) Processed 200 utterances; for utterance s03f3ssjjh01-20150804-Korean-cps03202 avg. like is -54.5812 over 144 frames.
LOG (gmm-acc-stats-ali[5.5.52-6d919]:main():gmm-acc-stats-ali.cc:105) Processed 250 utterances; for utterance s03f3ssjjh01-20150804-Korean-cps03252 avg. like is -58.8433 over 144 frames.
LOG (gmm-acc-stats-ali[5.5.52-6d919]:main():gmm-acc-stats-ali.cc:105) Processed 300 utterances; for utterance s03f3ssjjh01-20150804-Korean-cps03303 avg. like is -55.7356 over 169 frames.
LOG (gmm-acc-stats-ali[5.5.52-6d919]:main():gmm-acc-stats-ali.cc:105) Processed 350 utterances; for utterance s03f3ssjjh01-20150804-Korean-cps03353 avg. like is -53.1997 over 135 frames.
LOG (gmm-acc-stats-ali[5.5.52-6d919]:main():gmm-acc-stats-ali.cc:105) Processed 400 utterances; for utterance s03f3ssjjh01-20150804-Korean-cps03404 avg. like is -55.1056 over 166 frames.
LOG (gmm-acc-stats-ali[5.5.52-6d919]:main():gmm-acc-stats-ali.cc:105) Processed 450 utterances; for utterance s03f3ssjjh01-20150804-KoreanhfchannelSNR10-cps03037 avg. like is -40.5426 over 160 frames.
LOG (gmm-acc-stats-ali[5.5.52-6d919]:main():gmm-acc-stats-ali.cc:105) Processed 500 utterances; for utterance s03f3ssjjh01-20150804-KoreanhfchannelSNR10-cps03087 avg. like is -47.345 over 152 frames.
LOG (gmm-acc-stats-ali[5.5.52-6d919]:main():gmm-acc-stats-ali.cc:105) Processed 550 utterances; for utterance s03f3ssjjh01-20150804-KoreanhfchannelSNR10-cps03137 avg. like is -47.6518 over 163 frames.
LOG (gmm-acc-stats-ali[5.5.52-6d919]:main():gmm-acc-stats-ali.cc:105) Processed 600 utterances; for utterance s03f3ssjjh01-20150804-KoreanhfchannelSNR10-cps03187 avg. like is -43.0464 over 147 frames.
LOG (gmm-acc-stats-ali[5.5.52-6d919]:main():gmm-acc-stats-ali.cc:105) Processed 650 utterances; for utterance s03f3ssjjh01-20150804-KoreanhfchannelSNR10-cps03238 avg. like is -44.1712 over 128 frames.
LOG (gmm-acc-stats-ali[5.5.52-6d919]:main():gmm-acc-stats-ali.cc:105) Processed 700 utterances; for utterance s03f3ssjjh01-20150804-KoreanhfchannelSNR10-cps03288 avg. like is -44.8903 over 128 frames.
LOG (gmm-acc-stats-ali[5.5.52-6d919]:main():gmm-acc-stats-ali.cc:105) Processed 750 utterances; for utterance s03f3ssjjh01-20150804-KoreanhfchannelSNR10-cps03339 avg. like is -43.1595 over 129 frames.
LOG (gmm-acc-stats-ali[5.5.52-6d919]:main():gmm-acc-stats-ali.cc:105) Processed 800 utterances; for utterance s03f3ssjjh01-20150804-KoreanhfchannelSNR10-cps03389 avg. like is -44.2391 over 94 frames.
LOG (gmm-acc-stats-ali[5.5.52-6d919]:main():gmm-acc-stats-ali.cc:105) Processed 850 utterances; for utterance s03f3ssrhg01-20150804-Korean-cps03022 avg. like is -49.6323 over 229 frames.
LOG (gmm-acc-stats-ali[5.5.52-6d919]:main():gmm-acc-stats-ali.cc:105) Processed 900 utterances; for utterance s03f3ssrhg01-20150804-Korean-cps03072 avg. like is -51.1738 over 216 frames.
LOG (gmm-acc-stats-ali[5.5.52-6d919]:main():gmm-acc-stats-ali.cc:105) Processed 950 utterances; for utterance s03f3ssrhg01-20150804-Korean-cps03122 avg. like is -52.9484 over 183 frames.
LOG (gmm-acc-stats-ali[5.5.52-6d919]:main():gmm-acc-stats-ali.cc:105) Processed 1000 utterances; for utterance s03f3ssrhg01-20150804-Korean-cps03173 avg. like is -55.0206 over 185 frames.
LOG (gmm-acc-stats-ali[5.5.52-6d919]:main():gmm-acc-stats-ali.cc:105) Processed 1050 utterances; for utterance s03f3ssrhg01-20150804-Korean-cps03223 avg. like is -51.1908 over 200 frames.
LOG (gmm-acc-stats-ali[5.5.52-6d919]:main():gmm-acc-stats-ali.cc:105) Processed 1100 utterances; for utterance s03f3ssrhg01-20150804-Korean-cps03273 avg. like is -46.3607 over 214 frames.
LOG (gmm-acc-stats-ali[5.5.52-6d919]:main():gmm-acc-stats-ali.cc:105) Processed 1150 utterances; for utterance s03f3ssrhg01-20150804-Korean-cps03323 avg. like is -47.9795 over 225 frames.
LOG (gmm-acc-stats-ali[5.5.52-6d919]:main():gmm-acc-stats-ali.cc:105) Processed 1200 utterances; for utterance s03f3ssrhg01-20150804-Korean-cps03373 avg. like is -53.3127 over 249 frames.
LOG (gmm-acc-stats-ali[5.5.52-6d919]:main():gmm-acc-stats-ali.cc:105) Processed 1250 utterances; for utterance s03f3ssrhg01-20150804-Koreanbabble2SNR10-cps03007 avg. like is -45.5389 over 189 frames.
LOG (gmm-acc-stats-ali[5.5.52-6d919]:main():gmm-acc-stats-ali.cc:105) Processed 1300 utterances; for utterance s03f3ssrhg01-20150804-Koreanbabble2SNR10-cps03057 avg. like is -42.9661 over 154 frames.
LOG (gmm-acc-stats-ali[5.5.52-6d919]:main():gmm-acc-stats-ali.cc:105) Processed 1350 utterances; for utterance s03f3ssrhg01-20150804-Koreanbabble2SNR10-cps03107 avg. like is -46.5386 over 200 frames.
LOG (gmm-acc-stats-ali[5.5.52-6d919]:main():gmm-acc-stats-ali.cc:105) Processed 1400 utterances; for utterance s03f3ssrhg01-20150804-Koreanbabble2SNR10-cps03158 avg. like is -48.9413 over 205 frames.
LOG (gmm-acc-stats-ali[5.5.52-6d919]:main():gmm-acc-stats-ali.cc:105) Processed 1450 utterances; for utterance s03f3ssrhg01-20150804-Koreanbabble2SNR10-cps03208 avg. like is -48.7733 over 227 frames.
LOG (gmm-acc-stats-ali[5.5.52-6d919]:main():gmm-acc-stats-ali.cc:105) Processed 1500 utterances; for utterance s03f3ssrhg01-20150804-Koreanbabble2SNR10-cps03258 avg. like is -50.5006 over 212 frames.
LOG (gmm-acc-stats-ali[5.5.52-6d919]:main():gmm-acc-stats-ali.cc:105) Processed 1550 utterances; for utterance s03f3ssrhg01-20150804-Koreanbabble2SNR10-cps03308 avg. like is -45.8374 over 183 frames.
LOG (gmm-acc-stats-ali[5.5.52-6d919]:main():gmm-acc-stats-ali.cc:105) Processed 1600 utterances; for utterance s03f3ssrhg01-20150804-Koreanbabble2SNR10-cps03358 avg. like is -48.1197 over 183 frames.
LOG (gmm-acc-stats-ali[5.5.52-6d919]:main():gmm-acc-stats-ali.cc:105) Processed 1650 utterances; for utterance s03f3ssrhg01-20150804-Koreanbabble2SNR10-cps03410 avg. like is -47.3316 over 194 frames.
LOG (gmm-acc-stats-ali[5.5.52-6d919]:main():gmm-acc-stats-ali.cc:105) Processed 1700 utterances; for utterance s03f4ssggc01-20150804-Korean-cps03044 avg. like is -59.7026 over 153 frames.
LOG (gmm-acc-stats-ali[5.5.52-6d919]:main():gmm-acc-stats-ali.cc:105) Processed 1750 utterances; for utterance s03f4ssggc01-20150804-Korean-cps03094 avg. like is -55.8085 over 152 frames.
LOG (gmm-acc-stats-ali[5.5.52-6d919]:main():gmm-acc-stats-ali.cc:105) Processed 1800 utterances; for utterance s03f4ssggc01-20150804-Korean-cps03144 avg. like is -50.0384 over 163 frames.
LOG (gmm-acc-stats-ali[5.5.52-6d919]:main():gmm-acc-stats-ali.cc:105) Processed 1850 utterances; for utterance s03f4ssggc01-20150804-Korean-cps03194 avg. like is -55.5242 over 112 frames.
LOG (gmm-acc-stats-ali[5.5.52-6d919]:main():gmm-acc-stats-ali.cc:105) Processed 1900 utterances; for utterance s03f4ssggc01-20150804-Korean-cps03244 avg. like is -57.0268 over 147 frames.
LOG (gmm-acc-stats-ali[5.5.52-6d919]:main():gmm-acc-stats-ali.cc:105) Processed 1950 utterances; for utterance s03f4ssggc01-20150804-Korean-cps03296 avg. like is -53.6084 over 138 frames.
LOG (gmm-acc-stats-ali[5.5.52-6d919]:main():gmm-acc-stats-ali.cc:105) Processed 2000 utterances; for utterance s03f4ssggc01-20150804-Korean-cps03347 avg. like is -54.5826 over 156 frames.
LOG (gmm-acc-stats-ali[5.5.52-6d919]:main():gmm-acc-stats-ali.cc:105) Processed 2050 utterances; for utterance s03f4ssggc01-20150804-Korean-cps03397 avg. like is -57.6063 over 155 frames.
LOG (gmm-acc-stats-ali[5.5.52-6d919]:main():gmm-acc-stats-ali.cc:105) Processed 2100 utterances; for utterance s03f4ssggc01-20150804-Koreanfactory1SNR10-cps03032 avg. like is -43.2308 over 178 frames.
LOG (gmm-acc-stats-ali[5.5.52-6d919]:main():gmm-acc-stats-ali.cc:105) Processed 2150 utterances; for utterance s03f4ssggc01-20150804-Koreanfactory1SNR10-cps03082 avg. like is -38.688 over 155 frames.
LOG (gmm-acc-stats-ali[5.5.52-6d919]:main():gmm-acc-stats-ali.cc:105) Processed 2200 utterances; for utterance s03f4ssggc01-20150804-Koreanfactory1SNR10-cps03132 avg. like is -38.8739 over 171 frames.
LOG (gmm-acc-stats-ali[5.5.52-6d919]:main():gmm-acc-stats-ali.cc:105) Processed 2250 utterances; for utterance s03f4ssggc01-20150804-Koreanfactory1SNR10-cps03182 avg. like is -43.4734 over 165 frames.
LOG (gmm-acc-stats-ali[5.5.52-6d919]:main():gmm-acc-stats-ali.cc:105) Processed 2300 utterances; for utterance s03f4ssggc01-20150804-Koreanfactory1SNR10-cps03232 avg. like is -38.938 over 134 frames.
LOG (gmm-acc-stats-ali[5.5.52-6d919]:main():gmm-acc-stats-ali.cc:105) Processed 2350 utterances; for utterance s03f4ssggc01-20150804-Koreanfactory1SNR10-cps03283 avg. like is -41.8562 over 127 frames.
LOG (gmm-acc-stats-ali[5.5.52-6d919]:main():gmm-acc-stats-ali.cc:105) Processed 2400 utterances; for utterance s03f4ssggc01-20150804-Koreanfactory1SNR10-cps03335 avg. like is -44.4978 over 155 frames.
LOG (gmm-acc-stats-ali[5.5.52-6d919]:main():gmm-acc-stats-ali.cc:105) Processed 2450 utterances; for utterance s03f4ssggc01-20150804-Koreanfactory1SNR10-cps03385 avg. like is -39.7588 over 131 frames.
LOG (gmm-acc-stats-ali[5.5.52-6d919]:main():gmm-acc-stats-ali.cc:105) Processed 2500 utterances; for utterance s03fc3cys01-20150803-Korean-s03a018 avg. like is -59.2173 over 307 frames.
LOG (gmm-acc-stats-ali[5.5.52-6d919]:main():gmm-acc-stats-ali.cc:105) Processed 2550 utterances; for utterance s03fc3cys01-20150803-Korean-s03a068 avg. like is -56.7733 over 245 frames.
LOG (gmm-acc-stats-ali[5.5.52-6d919]:main():gmm-acc-stats-ali.cc:105) Processed 2600 utterances; for utterance s03fc3cys01-20150803-Korean-s03a120 avg. like is -54.9403 over 255 frames.
LOG (gmm-acc-stats-ali[5.5.52-6d919]:main():gmm-acc-stats-ali.cc:105) Processed 2650 utterances; for utterance s03fc3cys01-20150803-Koreanfactory1SNR10-s03a029 avg. like is -47.3137 over 351 frames.
LOG (gmm-acc-stats-ali[5.5.52-6d919]:main():gmm-acc-stats-ali.cc:105) Processed 2700 utterances; for utterance s03fc3cys01-20150803-Koreanfactory1SNR10-s03a079 avg. like is -41.8867 over 233 frames.
LOG (gmm-acc-stats-ali[5.5.52-6d919]:main():gmm-acc-stats-ali.cc:105) Processed 2750 utterances; for utterance s03fc3cys01-20150803-Koreanfactory1SNR10-s03a131 avg. like is -46.3679 over 281 frames.
LOG (gmm-acc-stats-ali[5.5.52-6d919]:main():gmm-acc-stats-ali.cc:105) Processed 2800 utterances; for utterance s03fg2cjk00-20150803-Korean-s03a040 avg. like is -55.3197 over 228 frames.
LOG (gmm-acc-stats-ali[5.5.52-6d919]:main():gmm-acc-stats-ali.cc:105) Processed 2850 utterances; for utterance s03fg2cjk00-20150803-Korean-s03a090 avg. like is -61.1307 over 341 frames.
LOG (gmm-acc-stats-ali[5.5.52-6d919]:main():gmm-acc-stats-ali.cc:105) Processed 2900 utterances; for utterance s03fg2cjk00-20150803-Korean-s03a140 avg. like is -62.5301 over 224 frames.
LOG (gmm-acc-stats-ali[5.5.52-6d919]:main():gmm-acc-stats-ali.cc:105) Processed 2950 utterances; for utterance s03fg2cjk00-20150803-KoreanhfchannelSNR10-s03a049 avg. like is -46.1899 over 256 frames.
LOG (gmm-acc-stats-ali[5.5.52-6d919]:main():gmm-acc-stats-ali.cc:105) Processed 3000 utterances; for utterance s03fg2cjk00-20150803-KoreanhfchannelSNR10-s03a099 avg. like is -45.5796 over 281 frames.
LOG (gmm-acc-stats-ali[5.5.52-6d919]:main():gmm-acc-stats-ali.cc:105) Processed 3050 utterances; for utterance s03fg4jun00-20150803-Korean-s03a008 avg. like is -50.2267 over 202 frames.
LOG (gmm-acc-stats-ali[5.5.52-6d919]:main():gmm-acc-stats-ali.cc:105) Processed 3100 utterances; for utterance s03fg4jun00-20150803-Korean-s03a058 avg. like is -56.3878 over 239 frames.
LOG (gmm-acc-stats-ali[5.5.52-6d919]:main():gmm-acc-stats-ali.cc:105) Processed 3150 utterances; for utterance s03fg4jun00-20150803-Korean-s03a110 avg. like is -58.1749 over 261 frames.
LOG (gmm-acc-stats-ali[5.5.52-6d919]:main():gmm-acc-stats-ali.cc:105) Processed 3200 utterances; for utterance s03fg4jun00-20150803-KoreanhfchannelSNR10-s03a019 avg. like is -43.2263 over 212 frames.
LOG (gmm-acc-stats-ali[5.5.52-6d919]:main():gmm-acc-stats-ali.cc:105) Processed 3250 utterances; for utterance s03fg4jun00-20150803-KoreanhfchannelSNR10-s03a069 avg. like is -45.8357 over 249 frames.
LOG (gmm-acc-stats-ali[5.5.52-6d919]:main():gmm-acc-stats-ali.cc:105) Processed 3300 utterances; for utterance s03fg4jun00-20150803-KoreanhfchannelSNR10-s03a121 avg. like is -44.3735 over 197 frames.
LOG (gmm-acc-stats-ali[5.5.52-6d919]:main():gmm-acc-stats-ali.cc:105) Processed 3350 utterances; for utterance s03fj4hej00-20150803-Korean-s03a030 avg. like is -57.9312 over 300 frames.
LOG (gmm-acc-stats-ali[5.5.52-6d919]:main():gmm-acc-stats-ali.cc:105) Processed 3400 utterances; for utterance s03fj4hej00-20150803-Korean-s03a080 avg. like is -56.1759 over 233 frames.
LOG (gmm-acc-stats-ali[5.5.52-6d919]:main():gmm-acc-stats-ali.cc:105) Processed 3450 utterances; for utterance s03fj4hej00-20150803-Korean-s03a130 avg. like is -64.4199 over 351 frames.
LOG (gmm-acc-stats-ali[5.5.52-6d919]:main():gmm-acc-stats-ali.cc:105) Processed 3500 utterances; for utterance s03fj4hej00-20150803-KoreanwhiteSNR10-s03a039 avg. like is -42.8227 over 204 frames.
LOG (gmm-acc-stats-ali[5.5.52-6d919]:main():gmm-acc-stats-ali.cc:105) Processed 3550 utterances; for utterance s03fj4hej00-20150803-KoreanwhiteSNR10-s03a089 avg. like is -44.9407 over 242 frames.
LOG (gmm-acc-stats-ali[5.5.52-6d919]:main():gmm-acc-stats-ali.cc:105) Processed 3600 utterances; for utterance s03fj4hej00-20150803-KoreanwhiteSNR10-s03a139 avg. like is -42.9435 over 168 frames.
LOG (gmm-acc-stats-ali[5.5.52-6d919]:main():gmm-acc-stats-ali.cc:105) Processed 3650 utterances; for utterance s03fs2oeh00-20150803-Korean-s03a048 avg. like is -56.6495 over 206 frames.
LOG (gmm-acc-stats-ali[5.5.52-6d919]:main():gmm-acc-stats-ali.cc:105) Processed 3700 utterances; for utterance s03fs2oeh00-20150803-Korean-s03a098 avg. like is -58.5926 over 249 frames.
LOG (gmm-acc-stats-ali[5.5.52-6d919]:main():gmm-acc-stats-ali.cc:105) Processed 3750 utterances; for utterance s03fs2oeh00-20150803-KoreanwhiteSNR10-s03a008 avg. like is -41.1796 over 194 frames.
LOG (gmm-acc-stats-ali[5.5.52-6d919]:main():gmm-acc-stats-ali.cc:105) Processed 3800 utterances; for utterance s03fs2oeh00-20150803-KoreanwhiteSNR10-s03a058 avg. like is -43.3386 over 248 frames.
LOG (gmm-acc-stats-ali[5.5.52-6d919]:main():gmm-acc-stats-ali.cc:105) Processed 3850 utterances; for utterance s03fs2oeh00-20150803-KoreanwhiteSNR10-s03a108 avg. like is -44.2966 over 322 frames.
LOG (gmm-acc-stats-ali[5.5.52-6d919]:main():gmm-acc-stats-ali.cc:105) Processed 3900 utterances; for utterance s03fs3ljh01-20150803-Korean-s03a018 avg. like is -58.2826 over 317 frames.
LOG (gmm-acc-stats-ali[5.5.52-6d919]:main():gmm-acc-stats-ali.cc:105) Processed 3950 utterances; for utterance s03fs3ljh01-20150803-Korean-s03a068 avg. like is -54.9132 over 240 frames.
LOG (gmm-acc-stats-ali[5.5.52-6d919]:main():gmm-acc-stats-ali.cc:105) Processed 4000 utterances; for utterance s03fs3ljh01-20150803-Korean-s03a119 avg. like is -57.3779 over 242 frames.
LOG (gmm-acc-stats-ali[5.5.52-6d919]:main():gmm-acc-stats-ali.cc:105) Processed 4050 utterances; for utterance s03fs3ljh01-20150803-KoreandestroyeropsSNR10-s03a028 avg. like is -46.3299 over 293 frames.
LOG (gmm-acc-stats-ali[5.5.52-6d919]:main():gmm-acc-stats-ali.cc:105) Processed 4100 utterances; for utterance s03fs3ljh01-20150803-KoreandestroyeropsSNR10-s03a079 avg. like is -44.4496 over 213 frames.
LOG (gmm-acc-stats-ali[5.5.52-6d919]:main():gmm-acc-stats-ali.cc:105) Processed 4150 utterances; for utterance s03fs3ljh01-20150803-KoreandestroyeropsSNR10-s03a129 avg. like is -46.5999 over 233 frames.
LOG (gmm-acc-stats-ali[5.5.52-6d919]:main():gmm-acc-stats-ali.cc:105) Processed 4200 utterances; for utterance s03fs4shs01-20150803-Korean-s03a038 avg. like is -57.8727 over 193 frames.
LOG (gmm-acc-stats-ali[5.5.52-6d919]:main():gmm-acc-stats-ali.cc:105) Processed 4250 utterances; for utterance s03fs4shs01-20150803-Korean-s03a088 avg. like is -55.9089 over 250 frames.
LOG (gmm-acc-stats-ali[5.5.52-6d919]:main():gmm-acc-stats-ali.cc:105) Processed 4300 utterances; for utterance s03fs4shs01-20150803-Korean-s03a139 avg. like is -51.1929 over 151 frames.
LOG (gmm-acc-stats-ali[5.5.52-6d919]:main():gmm-acc-stats-ali.cc:105) Processed 4350 utterances; for utterance s03fs4shs01-20150803-KoreanpinkSNR10-s03a048 avg. like is -41.4907 over 198 frames.
LOG (gmm-acc-stats-ali[5.5.52-6d919]:main():gmm-acc-stats-ali.cc:105) Processed 4400 utterances; for utterance s03fs4shs01-20150803-KoreanpinkSNR10-s03a099 avg. like is -46.2825 over 316 frames.
LOG (gmm-acc-stats-ali[5.5.52-6d919]:main():gmm-acc-stats-ali.cc:105) Processed 4450 utterances; for utterance s03m1ccscm01-20150804-Korean-cps03008 avg. like is -48.3695 over 142 frames.
LOG (gmm-acc-stats-ali[5.5.52-6d919]:main():gmm-acc-stats-ali.cc:105) Processed 4500 utterances; for utterance s03m1ccscm01-20150804-Korean-cps03058 avg. like is -45.5603 over 187 frames.
LOG (gmm-acc-stats-ali[5.5.52-6d919]:main():gmm-acc-stats-ali.cc:105) Processed 4550 utterances; for utterance s03m1ccscm01-20150804-Korean-cps03108 avg. like is -44.9556 over 133 frames.
LOG (gmm-acc-stats-ali[5.5.52-6d919]:main():gmm-acc-stats-ali.cc:105) Processed 4600 utterances; for utterance s03m1ccscm01-20150804-Korean-cps03158 avg. like is -50.5544 over 151 frames.
LOG (gmm-acc-stats-ali[5.5.52-6d919]:main():gmm-acc-stats-ali.cc:105) Processed 4650 utterances; for utterance s03m1ccscm01-20150804-Korean-cps03208 avg. like is -50.5259 over 194 frames.
LOG (gmm-acc-stats-ali[5.5.52-6d919]:main():gmm-acc-stats-ali.cc:105) Processed 4700 utterances; for utterance s03m1ccscm01-20150804-Korean-cps03258 avg. like is -50.1887 over 206 frames.
LOG (gmm-acc-stats-ali[5.5.52-6d919]:main():gmm-acc-stats-ali.cc:105) Processed 4750 utterances; for utterance s03m1ccscm01-20150804-Korean-cps03308 avg. like is -46.4564 over 145 frames.
LOG (gmm-acc-stats-ali[5.5.52-6d919]:main():gmm-acc-stats-ali.cc:105) Processed 4800 utterances; for utterance s03m1ccscm01-20150804-Korean-cps03358 avg. like is -46.5824 over 152 frames.
LOG (gmm-acc-stats-ali[5.5.52-6d919]:main():gmm-acc-stats-ali.cc:105) Processed 4850 utterances; for utterance s03m1ccscm01-20150804-Korean-cps03408 avg. like is -46.1451 over 171 frames.
LOG (gmm-acc-stats-ali[5.5.52-6d919]:main():gmm-acc-stats-ali.cc:105) Processed 4900 utterances; for utterance s03m1ccscm01-20150804-KoreanleopardSNR10-cps03040 avg. like is -46.7353 over 201 frames.
LOG (gmm-acc-stats-ali[5.5.52-6d919]:main():gmm-acc-stats-ali.cc:105) Processed 4950 utterances; for utterance s03m1ccscm01-20150804-KoreanleopardSNR10-cps03090 avg. like is -45.1904 over 159 frames.
LOG (gmm-acc-stats-ali[5.5.52-6d919]:main():gmm-acc-stats-ali.cc:105) Processed 5000 utterances; for utterance s03m1ccscm01-20150804-KoreanleopardSNR10-cps03140 avg. like is -42.7582 over 193 frames.
LOG (gmm-acc-stats-ali[5.5.52-6d919]:main():gmm-acc-stats-ali.cc:105) Processed 5050 utterances; for utterance s03m1ccscm01-20150804-KoreanleopardSNR10-cps03190 avg. like is -46.7286 over 173 frames.
LOG (gmm-acc-stats-ali[5.5.52-6d919]:main():gmm-acc-stats-ali.cc:105) Processed 5100 utterances; for utterance s03m1ccscm01-20150804-KoreanleopardSNR10-cps03240 avg. like is -45.0213 over 165 frames.
LOG (gmm-acc-stats-ali[5.5.52-6d919]:main():gmm-acc-stats-ali.cc:105) Processed 5150 utterances; for utterance s03m1ccscm01-20150804-KoreanleopardSNR10-cps03290 avg. like is -47.7139 over 171 frames.
LOG (gmm-acc-stats-ali[5.5.52-6d919]:main():gmm-acc-stats-ali.cc:105) Processed 5200 utterances; for utterance s03m1ccscm01-20150804-KoreanleopardSNR10-cps03340 avg. like is -40.4519 over 142 frames.
LOG (gmm-acc-stats-ali[5.5.52-6d919]:main():gmm-acc-stats-ali.cc:105) Processed 5250 utterances; for utterance s03m1ccscm01-20150804-KoreanleopardSNR10-cps03390 avg. like is -45.7019 over 141 frames.
LOG (gmm-acc-stats-ali[5.5.52-6d919]:main():gmm-acc-stats-ali.cc:105) Processed 5300 utterances; for utterance s03m1jrssj01-20150804-Korean-cps03022 avg. like is -48.7468 over 163 frames.
LOG (gmm-acc-stats-ali[5.5.52-6d919]:main():gmm-acc-stats-ali.cc:105) Processed 5350 utterances; for utterance s03m1jrssj01-20150804-Korean-cps03072 avg. like is -48.3303 over 157 frames.
LOG (gmm-acc-stats-ali[5.5.52-6d919]:main():gmm-acc-stats-ali.cc:105) Processed 5400 utterances; for utterance s03m1jrssj01-20150804-Korean-cps03122 avg. like is -43.1486 over 169 frames.
LOG (gmm-acc-stats-ali[5.5.52-6d919]:main():gmm-acc-stats-ali.cc:105) Processed 5450 utterances; for utterance s03m1jrssj01-20150804-Korean-cps03172 avg. like is -50.3808 over 170 frames.
LOG (gmm-acc-stats-ali[5.5.52-6d919]:main():gmm-acc-stats-ali.cc:105) Processed 5500 utterances; for utterance s03m1jrssj01-20150804-Korean-cps03223 avg. like is -49.2778 over 167 frames.
LOG (gmm-acc-stats-ali[5.5.52-6d919]:main():gmm-acc-stats-ali.cc:105) Processed 5550 utterances; for utterance s03m1jrssj01-20150804-Korean-cps03274 avg. like is -49.6976 over 172 frames.
LOG (gmm-acc-stats-ali[5.5.52-6d919]:main():gmm-acc-stats-ali.cc:105) Processed 5600 utterances; for utterance s03m1jrssj01-20150804-Korean-cps03326 avg. like is -42.2661 over 152 frames.
LOG (gmm-acc-stats-ali[5.5.52-6d919]:main():gmm-acc-stats-ali.cc:105) Processed 5650 utterances; for utterance s03m1jrssj01-20150804-Korean-cps03376 avg. like is -44.5607 over 153 frames.
LOG (gmm-acc-stats-ali[5.5.52-6d919]:main():gmm-acc-stats-ali.cc:105) Processed 5700 utterances; for utterance s03m1jrssj01-20150804-Koreanfactory1SNR10-cps03009 avg. like is -44.5803 over 157 frames.
LOG (gmm-acc-stats-ali[5.5.52-6d919]:main():gmm-acc-stats-ali.cc:105) Processed 5750 utterances; for utterance s03m1jrssj01-20150804-Koreanfactory1SNR10-cps03059 avg. like is -43.4502 over 178 frames.
LOG (gmm-acc-stats-ali[5.5.52-6d919]:main():gmm-acc-stats-ali.cc:105) Processed 5800 utterances; for utterance s03m1jrssj01-20150804-Koreanfactory1SNR10-cps03109 avg. like is -44.9175 over 182 frames.
LOG (gmm-acc-stats-ali[5.5.52-6d919]:main():gmm-acc-stats-ali.cc:105) Processed 5850 utterances; for utterance s03m1jrssj01-20150804-Koreanfactory1SNR10-cps03159 avg. like is -43.1633 over 168 frames.
LOG (gmm-acc-stats-ali[5.5.52-6d919]:main():gmm-acc-stats-ali.cc:105) Processed 5900 utterances; for utterance s03m1jrssj01-20150804-Koreanfactory1SNR10-cps03209 avg. like is -42.1464 over 156 frames.
LOG (gmm-acc-stats-ali[5.5.52-6d919]:main():gmm-acc-stats-ali.cc:105) Processed 5950 utterances; for utterance s03m1jrssj01-20150804-Koreanfactory1SNR10-cps03261 avg. like is -43.6363 over 180 frames.
LOG (gmm-acc-stats-ali[5.5.52-6d919]:main():gmm-acc-stats-ali.cc:105) Processed 6000 utterances; for utterance s03m1jrssj01-20150804-Koreanfactory1SNR10-cps03313 avg. like is -42.5253 over 154 frames.
LOG (gmm-acc-stats-ali[5.5.52-6d919]:main():gmm-acc-stats-ali.cc:105) Processed 6050 utterances; for utterance s03m1jrssj01-20150804-Koreanfactory1SNR10-cps03363 avg. like is -42.6266 over 148 frames.
LOG (gmm-acc-stats-ali[5.5.52-6d919]:main():gmm-acc-stats-ali.cc:105) Processed 6100 utterances; for utterance s03m1jrssj01-20150804-Koreanfactory1SNR10-cps03414 avg. like is -45.526 over 170 frames.
LOG (gmm-acc-stats-ali[5.5.52-6d919]:main():gmm-acc-stats-ali.cc:105) Processed 6150 utterances; for utterance s03m1ksihg01-20150804-Korean-cps03046 avg. like is -43.2886 over 123 frames.
LOG (gmm-acc-stats-ali[5.5.52-6d919]:main():gmm-acc-stats-ali.cc:105) Processed 6200 utterances; for utterance s03m1ksihg01-20150804-Korean-cps03096 avg. like is -46.9154 over 172 frames.
LOG (gmm-acc-stats-ali[5.5.52-6d919]:main():gmm-acc-stats-ali.cc:105) Processed 6250 utterances; for utterance s03m1ksihg01-20150804-Korean-cps03146 avg. like is -50.6038 over 133 frames.
LOG (gmm-acc-stats-ali[5.5.52-6d919]:main():gmm-acc-stats-ali.cc:105) Processed 6300 utterances; for utterance s03m1ksihg01-20150804-Korean-cps03196 avg. like is -43.1498 over 145 frames.
LOG (gmm-acc-stats-ali[5.5.52-6d919]:main():gmm-acc-stats-ali.cc:105) Processed 6350 utterances; for utterance s03m1ksihg01-20150804-Korean-cps03246 avg. like is -46.9488 over 154 frames.
LOG (gmm-acc-stats-ali[5.5.52-6d919]:main():gmm-acc-stats-ali.cc:105) Processed 6400 utterances; for utterance s03m1ksihg01-20150804-Korean-cps03297 avg. like is -49.0518 over 170 frames.
LOG (gmm-acc-stats-ali[5.5.52-6d919]:main():gmm-acc-stats-ali.cc:105) Processed 6450 utterances; for utterance s03m1ksihg01-20150804-Korean-cps03347 avg. like is -44.4138 over 169 frames.
LOG (gmm-acc-stats-ali[5.5.52-6d919]:main():gmm-acc-stats-ali.cc:105) Processed 6500 utterances; for utterance s03m1ksihg01-20150804-Korean-cps03397 avg. like is -54.2199 over 171 frames.
LOG (gmm-acc-stats-ali[5.5.52-6d919]:main():gmm-acc-stats-ali.cc:105) Processed 6550 utterances; for utterance s03m1ksihg01-20150804-Koreancar1SNR10-cps03030 avg. like is -47.0128 over 181 frames.
LOG (gmm-acc-stats-ali[5.5.52-6d919]:main():gmm-acc-stats-ali.cc:105) Processed 6600 utterances; for utterance s03m1ksihg01-20150804-Koreancar1SNR10-cps03080 avg. like is -43.9058 over 156 frames.
LOG (gmm-acc-stats-ali[5.5.52-6d919]:main():gmm-acc-stats-ali.cc:105) Processed 6650 utterances; for utterance s03m1ksihg01-20150804-Koreancar1SNR10-cps03130 avg. like is -41.3842 over 125 frames.
LOG (gmm-acc-stats-ali[5.5.52-6d919]:main():gmm-acc-stats-ali.cc:105) Processed 6700 utterances; for utterance s03m1ksihg01-20150804-Koreancar1SNR10-cps03180 avg. like is -43.8673 over 166 frames.
LOG (gmm-acc-stats-ali[5.5.52-6d919]:main():gmm-acc-stats-ali.cc:105) Processed 6750 utterances; for utterance s03m1ksihg01-20150804-Koreancar1SNR10-cps03230 avg. like is -44.6431 over 148 frames.
LOG (gmm-acc-stats-ali[5.5.52-6d919]:main():gmm-acc-stats-ali.cc:105) Processed 6800 utterances; for utterance s03m1ksihg01-20150804-Koreancar1SNR10-cps03281 avg. like is -44.0471 over 165 frames.
LOG (gmm-acc-stats-ali[5.5.52-6d919]:main():gmm-acc-stats-ali.cc:105) Processed 6850 utterances; for utterance s03m1ksihg01-20150804-Koreancar1SNR10-cps03331 avg. like is -44.4775 over 161 frames.
LOG (gmm-acc-stats-ali[5.5.52-6d919]:main():gmm-acc-stats-ali.cc:105) Processed 6900 utterances; for utterance s03m1ksihg01-20150804-Koreancar1SNR10-cps03381 avg. like is -46.5832 over 161 frames.
LOG (gmm-acc-stats-ali[5.5.52-6d919]:main():gmm-acc-stats-ali.cc:105) Processed 6950 utterances; for utterance s03m1ssggz02-20150804-Korean-cps03014 avg. like is -52.2881 over 146 frames.
LOG (gmm-acc-stats-ali[5.5.52-6d919]:main():gmm-acc-stats-ali.cc:105) Processed 7000 utterances; for utterance s03m1ssggz02-20150804-Korean-cps03064 avg. like is -45.5966 over 179 frames.
LOG (gmm-acc-stats-ali[5.5.52-6d919]:main():gmm-acc-stats-ali.cc:105) Processed 7050 utterances; for utterance s03m1ssggz02-20150804-Korean-cps03114 avg. like is -58.305 over 163 frames.
LOG (gmm-acc-stats-ali[5.5.52-6d919]:main():gmm-acc-stats-ali.cc:105) Processed 7100 utterances; for utterance s03m1ssggz02-20150804-Korean-cps03164 avg. like is -42.6496 over 171 frames.
LOG (gmm-acc-stats-ali[5.5.52-6d919]:main():gmm-acc-stats-ali.cc:105) Processed 7150 utterances; for utterance s03m1ssggz02-20150804-Korean-cps03214 avg. like is -53.0368 over 150 frames.
LOG (gmm-acc-stats-ali[5.5.52-6d919]:main():gmm-acc-stats-ali.cc:105) Processed 7200 utterances; for utterance s03m1ssggz02-20150804-Korean-cps03264 avg. like is -44.7791 over 177 frames.
LOG (gmm-acc-stats-ali[5.5.52-6d919]:main():gmm-acc-stats-ali.cc:105) Processed 7250 utterances; for utterance s03m1ssggz02-20150804-Korean-cps03315 avg. like is -53.4785 over 161 frames.
LOG (gmm-acc-stats-ali[5.5.52-6d919]:main():gmm-acc-stats-ali.cc:105) Processed 7300 utterances; for utterance s03m1ssggz02-20150804-Korean-cps03365 avg. like is -50.5016 over 161 frames.
LOG (gmm-acc-stats-ali[5.5.52-6d919]:main():gmm-acc-stats-ali.cc:105) Processed 7350 utterances; for utterance s03m1ssggz02-20150804-Korean-cps03415 avg. like is -55.1813 over 207 frames.
LOG (gmm-acc-stats-ali[5.5.52-6d919]:main():gmm-acc-stats-ali.cc:105) Processed 7400 utterances; for utterance s03m1ssggz02-20150804-KoreanbabbleSNR10-cps03047 avg. like is -48.2508 over 159 frames.
LOG (gmm-acc-stats-ali[5.5.52-6d919]:main():gmm-acc-stats-ali.cc:105) Processed 7450 utterances; for utterance s03m1ssggz02-20150804-KoreanbabbleSNR10-cps03097 avg. like is -48.6933 over 161 frames.
LOG (gmm-acc-stats-ali[5.5.52-6d919]:main():gmm-acc-stats-ali.cc:105) Processed 7500 utterances; for utterance s03m1ssggz02-20150804-KoreanbabbleSNR10-cps03147 avg. like is -49.3236 over 165 frames.
LOG (gmm-acc-stats-ali[5.5.52-6d919]:main():gmm-acc-stats-ali.cc:105) Processed 7550 utterances; for utterance s03m1ssggz02-20150804-KoreanbabbleSNR10-cps03197 avg. like is -48.8218 over 194 frames.
LOG (gmm-acc-stats-ali[5.5.52-6d919]:main():gmm-acc-stats-ali.cc:105) Processed 7600 utterances; for utterance s03m1ssggz02-20150804-KoreanbabbleSNR10-cps03247 avg. like is -47.8324 over 144 frames.
LOG (gmm-acc-stats-ali[5.5.52-6d919]:main():gmm-acc-stats-ali.cc:105) Processed 7650 utterances; for utterance s03m1ssggz02-20150804-KoreanbabbleSNR10-cps03297 avg. like is -48.1862 over 156 frames.
LOG (gmm-acc-stats-ali[5.5.52-6d919]:main():gmm-acc-stats-ali.cc:105) Processed 7700 utterances; for utterance s03m1ssggz02-20150804-KoreanbabbleSNR10-cps03348 avg. like is -50.1736 over 156 frames.
LOG (gmm-acc-stats-ali[5.5.52-6d919]:main():gmm-acc-stats-ali.cc:105) Processed 7750 utterances; for utterance s03m1ssggz02-20150804-KoreanbabbleSNR10-cps03398 avg. like is -47.9838 over 177 frames.
LOG (gmm-acc-stats-ali[5.5.52-6d919]:main():gmm-acc-stats-ali.cc:105) Processed 7800 utterances; for utterance s03m1ssgmg02-20150804-Korean-cps03030 avg. like is -56.1212 over 157 frames.
LOG (gmm-acc-stats-ali[5.5.52-6d919]:main():gmm-acc-stats-ali.cc:105) Processed 7850 utterances; for utterance s03m1ssgmg02-20150804-Korean-cps03080 avg. like is -52.8126 over 147 frames.
LOG (gmm-acc-stats-ali[5.5.52-6d919]:main():gmm-acc-stats-ali.cc:105) Processed 7900 utterances; for utterance s03m1ssgmg02-20150804-Korean-cps03132 avg. like is -54.8291 over 152 frames.
LOG (gmm-acc-stats-ali[5.5.52-6d919]:main():gmm-acc-stats-ali.cc:105) Processed 7950 utterances; for utterance s03m1ssgmg02-20150804-Korean-cps03183 avg. like is -56.9435 over 160 frames.
LOG (gmm-acc-stats-ali[5.5.52-6d919]:main():gmm-acc-stats-ali.cc:105) Processed 8000 utterances; for utterance s03m1ssgmg02-20150804-Korean-cps03235 avg. like is -54.9163 over 158 frames.
LOG (gmm-acc-stats-ali[5.5.52-6d919]:main():gmm-acc-stats-ali.cc:105) Processed 8050 utterances; for utterance s03m1ssgmg02-20150804-Korean-cps03285 avg. like is -51.8649 over 173 frames.
LOG (gmm-acc-stats-ali[5.5.52-6d919]:main():gmm-acc-stats-ali.cc:105) Processed 8100 utterances; for utterance s03m1ssgmg02-20150804-Korean-cps03335 avg. like is -55.065 over 147 frames.
LOG (gmm-acc-stats-ali[5.5.52-6d919]:main():gmm-acc-stats-ali.cc:105) Processed 8150 utterances; for utterance s03m1ssgmg02-20150804-Korean-cps03385 avg. like is -49.2032 over 143 frames.
LOG (gmm-acc-stats-ali[5.5.52-6d919]:main():gmm-acc-stats-ali.cc:105) Processed 8200 utterances; for utterance s03m1ssgmg02-20150804-KoreanhfchannelSNR10-cps03018 avg. like is -43.5637 over 140 frames.
LOG (gmm-acc-stats-ali[5.5.52-6d919]:main():gmm-acc-stats-ali.cc:105) Processed 8250 utterances; for utterance s03m1ssgmg02-20150804-KoreanhfchannelSNR10-cps03068 avg. like is -44.7301 over 139 frames.
LOG (gmm-acc-stats-ali[5.5.52-6d919]:main():gmm-acc-stats-ali.cc:105) Processed 8300 utterances; for utterance s03m1ssgmg02-20150804-KoreanhfchannelSNR10-cps03119 avg. like is -44.563 over 125 frames.
LOG (gmm-acc-stats-ali[5.5.52-6d919]:main():gmm-acc-stats-ali.cc:105) Processed 8350 utterances; for utterance s03m1ssgmg02-20150804-KoreanhfchannelSNR10-cps03171 avg. like is -42.9287 over 187 frames.
LOG (gmm-acc-stats-ali[5.5.52-6d919]:main():gmm-acc-stats-ali.cc:105) Processed 8400 utterances; for utterance s03m1ssgmg02-20150804-KoreanhfchannelSNR10-cps03223 avg. like is -46.0236 over 147 frames.
LOG (gmm-acc-stats-ali[5.5.52-6d919]:main():gmm-acc-stats-ali.cc:105) Processed 8450 utterances; for utterance s03m1ssgmg02-20150804-KoreanhfchannelSNR10-cps03273 avg. like is -40.6645 over 155 frames.
LOG (gmm-acc-stats-ali[5.5.52-6d919]:main():gmm-acc-stats-ali.cc:105) Processed 8500 utterances; for utterance s03m1ssgmg02-20150804-KoreanhfchannelSNR10-cps03323 avg. like is -44.9615 over 163 frames.
LOG (gmm-acc-stats-ali[5.5.52-6d919]:main():gmm-acc-stats-ali.cc:105) Processed 8550 utterances; for utterance s03m1ssgmg02-20150804-KoreanhfchannelSNR10-cps03373 avg. like is -44.9587 over 187 frames.
LOG (gmm-acc-stats-ali[5.5.52-6d919]:main():gmm-acc-stats-ali.cc:105) Processed 8600 utterances; for utterance s03m1ssgpy01-20150804-Korean-cps03006 avg. like is -58.5322 over 152 frames.
LOG (gmm-acc-stats-ali[5.5.52-6d919]:main():gmm-acc-stats-ali.cc:105) Processed 8650 utterances; for utterance s03m1ssgpy01-20150804-Korean-cps03056 avg. like is -49.7715 over 162 frames.
LOG (gmm-acc-stats-ali[5.5.52-6d919]:main():gmm-acc-stats-ali.cc:105) Processed 8700 utterances; for utterance s03m1ssgpy01-20150804-Korean-cps03106 avg. like is -49.2887 over 133 frames.
LOG (gmm-acc-stats-ali[5.5.52-6d919]:main():gmm-acc-stats-ali.cc:105) Processed 8750 utterances; for utterance s03m1ssgpy01-20150804-Korean-cps03156 avg. like is -55.6289 over 156 frames.
LOG (gmm-acc-stats-ali[5.5.52-6d919]:main():gmm-acc-stats-ali.cc:105) Processed 8800 utterances; for utterance s03m1ssgpy01-20150804-Korean-cps03206 avg. like is -51.5063 over 175 frames.
LOG (gmm-acc-stats-ali[5.5.52-6d919]:main():gmm-acc-stats-ali.cc:105) Processed 8850 utterances; for utterance s03m1ssgpy01-20150804-Korean-cps03256 avg. like is -54.0697 over 162 frames.
LOG (gmm-acc-stats-ali[5.5.52-6d919]:main():gmm-acc-stats-ali.cc:105) Processed 8900 utterances; for utterance s03m1ssgpy01-20150804-Korean-cps03308 avg. like is -46.9706 over 150 frames.
LOG (gmm-acc-stats-ali[5.5.52-6d919]:main():gmm-acc-stats-ali.cc:105) Processed 8950 utterances; for utterance s03m1ssgpy01-20150804-Korean-cps03358 avg. like is -49.3592 over 149 frames.
LOG (gmm-acc-stats-ali[5.5.52-6d919]:main():gmm-acc-stats-ali.cc:105) Processed 9000 utterances; for utterance s03m1ssgpy01-20150804-Korean-cps03409 avg. like is -48.933 over 174 frames.
LOG (gmm-acc-stats-ali[5.5.52-6d919]:main():gmm-acc-stats-ali.cc:105) Processed 9050 utterances; for utterance s03m1ssgpy01-20150804-KoreanpinkSNR10-cps03041 avg. like is -43.4196 over 163 frames.
LOG (gmm-acc-stats-ali[5.5.52-6d919]:main():gmm-acc-stats-ali.cc:105) Processed 9100 utterances; for utterance s03m1ssgpy01-20150804-KoreanpinkSNR10-cps03091 avg. like is -43.2892 over 155 frames.
LOG (gmm-acc-stats-ali[5.5.52-6d919]:main():gmm-acc-stats-ali.cc:105) Processed 9150 utterances; for utterance s03m1ssgpy01-20150804-KoreanpinkSNR10-cps03141 avg. like is -43.0057 over 136 frames.
LOG (gmm-acc-stats-ali[5.5.52-6d919]:main():gmm-acc-stats-ali.cc:105) Processed 9200 utterances; for utterance s03m1ssgpy01-20150804-KoreanpinkSNR10-cps03191 avg. like is -43.1148 over 163 frames.
LOG (gmm-acc-stats-ali[5.5.52-6d919]:main():gmm-acc-stats-ali.cc:105) Processed 9250 utterances; for utterance s03m1ssgpy01-20150804-KoreanpinkSNR10-cps03241 avg. like is -41.9432 over 137 frames.
LOG (gmm-acc-stats-ali[5.5.52-6d919]:main():gmm-acc-stats-ali.cc:105) Processed 9300 utterances; for utterance s03m1ssgpy01-20150804-KoreanpinkSNR10-cps03293 avg. like is -42.0545 over 167 frames.
LOG (gmm-acc-stats-ali[5.5.52-6d919]:main():gmm-acc-stats-ali.cc:105) Processed 9350 utterances; for utterance s03m1ssgpy01-20150804-KoreanpinkSNR10-cps03343 avg. like is -44.0679 over 147 frames.
LOG (gmm-acc-stats-ali[5.5.52-6d919]:main():gmm-acc-stats-ali.cc:105) Processed 9400 utterances; for utterance s03m1ssgpy01-20150804-KoreanpinkSNR10-cps03393 avg. like is -40.8002 over 155 frames.
LOG (gmm-acc-stats-ali[5.5.52-6d919]:main():gmm-acc-stats-ali.cc:105) Processed 9450 utterances; for utterance s03m1ssgyc01-20150804-Korean-cps03026 avg. like is -59.2745 over 144 frames.
LOG (gmm-acc-stats-ali[5.5.52-6d919]:main():gmm-acc-stats-ali.cc:105) Processed 9500 utterances; for utterance s03m1ssgyc01-20150804-Korean-cps03076 avg. like is -56.2684 over 213 frames.
LOG (gmm-acc-stats-ali[5.5.52-6d919]:main():gmm-acc-stats-ali.cc:105) Processed 9550 utterances; for utterance s03m1ssgyc01-20150804-Korean-cps03127 avg. like is -56.3995 over 180 frames.
LOG (gmm-acc-stats-ali[5.5.52-6d919]:main():gmm-acc-stats-ali.cc:105) Processed 9600 utterances; for utterance s03m1ssgyc01-20150804-Korean-cps03178 avg. like is -49.2046 over 171 frames.
LOG (gmm-acc-stats-ali[5.5.52-6d919]:main():gmm-acc-stats-ali.cc:105) Processed 9650 utterances; for utterance s03m1ssgyc01-20150804-Korean-cps03228 avg. like is -54.3471 over 186 frames.
LOG (gmm-acc-stats-ali[5.5.52-6d919]:main():gmm-acc-stats-ali.cc:105) Processed 9700 utterances; for utterance s03m1ssgyc01-20150804-Korean-cps03279 avg. like is -56.6244 over 183 frames.
LOG (gmm-acc-stats-ali[5.5.52-6d919]:main():gmm-acc-stats-ali.cc:105) Processed 9750 utterances; for utterance s03m1ssgyc01-20150804-Korean-cps03329 avg. like is -58.6928 over 191 frames.
LOG (gmm-acc-stats-ali[5.5.52-6d919]:main():gmm-acc-stats-ali.cc:105) Processed 9800 utterances; for utterance s03m1ssgyc01-20150804-Korean-cps03379 avg. like is -47.6317 over 199 frames.
LOG (gmm-acc-stats-ali[5.5.52-6d919]:main():gmm-acc-stats-ali.cc:105) Processed 9850 utterances; for utterance s03m1ssgyc01-20150804-KoreanpinkSNR10-cps03012 avg. like is -43.2861 over 172 frames.
LOG (gmm-acc-stats-ali[5.5.52-6d919]:main():gmm-acc-stats-ali.cc:105) Processed 9900 utterances; for utterance s03m1ssgyc01-20150804-KoreanpinkSNR10-cps03062 avg. like is -40.0691 over 207 frames.
LOG (gmm-acc-stats-ali[5.5.52-6d919]:main():gmm-acc-stats-ali.cc:105) Processed 9950 utterances; for utterance s03m1ssgyc01-20150804-KoreanpinkSNR10-cps03112 avg. like is -39.3574 over 196 frames.
LOG (gmm-acc-stats-ali[5.5.52-6d919]:main():gmm-acc-stats-ali.cc:105) Processed 10000 utterances; for utterance s03m1ssgyc01-20150804-KoreanpinkSNR10-cps03163 avg. like is -38.6249 over 120 frames.
LOG (gmm-acc-stats-ali[5.5.52-6d919]:main():gmm-acc-stats-ali.cc:105) Processed 10050 utterances; for utterance s03m1ssgyc01-20150804-KoreanpinkSNR10-cps03214 avg. like is -40.0972 over 186 frames.
LOG (gmm-acc-stats-ali[5.5.52-6d919]:main():gmm-acc-stats-ali.cc:105) Processed 10100 utterances; for utterance s03m1ssgyc01-20150804-KoreanpinkSNR10-cps03264 avg. like is -39.5909 over 192 frames.
LOG (gmm-acc-stats-ali[5.5.52-6d919]:main():gmm-acc-stats-ali.cc:105) Processed 10150 utterances; for utterance s03m1ssgyc01-20150804-KoreanpinkSNR10-cps03315 avg. like is -42.4424 over 167 frames.
LOG (gmm-acc-stats-ali[5.5.52-6d919]:main():gmm-acc-stats-ali.cc:105) Processed 10200 utterances; for utterance s03m1ssgyc01-20150804-KoreanpinkSNR10-cps03365 avg. like is -42.3148 over 158 frames.
LOG (gmm-acc-stats-ali[5.5.52-6d919]:main():gmm-acc-stats-ali.cc:105) Processed 10250 utterances; for utterance s03m1ssgyc01-20150804-KoreanpinkSNR10-cps03416 avg. like is -41.6732 over 185 frames.
LOG (gmm-acc-stats-ali[5.5.52-6d919]:main():gmm-acc-stats-ali.cc:105) Processed 10300 utterances; for utterance s03m2ccjjp01-20150804-Korean-cps03049 avg. like is -57.2883 over 123 frames.
LOG (gmm-acc-stats-ali[5.5.52-6d919]:main():gmm-acc-stats-ali.cc:105) Processed 10350 utterances; for utterance s03m2ccjjp01-20150804-Korean-cps03099 avg. like is -51.0773 over 162 frames.
LOG (gmm-acc-stats-ali[5.5.52-6d919]:main():gmm-acc-stats-ali.cc:105) Processed 10400 utterances; for utterance s03m2ccjjp01-20150804-Korean-cps03149 avg. like is -53.8162 over 126 frames.
LOG (gmm-acc-stats-ali[5.5.52-6d919]:main():gmm-acc-stats-ali.cc:105) Processed 10450 utterances; for utterance s03m2ccjjp01-20150804-Korean-cps03199 avg. like is -55.9553 over 145 frames.
LOG (gmm-acc-stats-ali[5.5.52-6d919]:main():gmm-acc-stats-ali.cc:105) Processed 10500 utterances; for utterance s03m2ccjjp01-20150804-Korean-cps03249 avg. like is -48.9995 over 131 frames.
LOG (gmm-acc-stats-ali[5.5.52-6d919]:main():gmm-acc-stats-ali.cc:105) Processed 10550 utterances; for utterance s03m2ccjjp01-20150804-Korean-cps03300 avg. like is -55.1348 over 140 frames.
LOG (gmm-acc-stats-ali[5.5.52-6d919]:main():gmm-acc-stats-ali.cc:105) Processed 10600 utterances; for utterance s03m2ccjjp01-20150804-Korean-cps03350 avg. like is -48.1157 over 139 frames.
LOG (gmm-acc-stats-ali[5.5.52-6d919]:main():gmm-acc-stats-ali.cc:105) Processed 10650 utterances; for utterance s03m2ccjjp01-20150804-Korean-cps03400 avg. like is -50.3093 over 120 frames.
LOG (gmm-acc-stats-ali[5.5.52-6d919]:main():gmm-acc-stats-ali.cc:105) Processed 10700 utterances; for utterance s03m2ccjjp01-20150804-KoreandestroyeropsSNR10-cps03033 avg. like is -47.8639 over 129 frames.
LOG (gmm-acc-stats-ali[5.5.52-6d919]:main():gmm-acc-stats-ali.cc:105) Processed 10750 utterances; for utterance s03m2ccjjp01-20150804-KoreandestroyeropsSNR10-cps03083 avg. like is -45.8771 over 137 frames.
LOG (gmm-acc-stats-ali[5.5.52-6d919]:main():gmm-acc-stats-ali.cc:105) Processed 10800 utterances; for utterance s03m2ccjjp01-20150804-KoreandestroyeropsSNR10-cps03133 avg. like is -43.1412 over 113 frames.
LOG (gmm-acc-stats-ali[5.5.52-6d919]:main():gmm-acc-stats-ali.cc:105) Processed 10850 utterances; for utterance s03m2ccjjp01-20150804-KoreandestroyeropsSNR10-cps03183 avg. like is -46.2896 over 142 frames.
LOG (gmm-acc-stats-ali[5.5.52-6d919]:main():gmm-acc-stats-ali.cc:105) Processed 10900 utterances; for utterance s03m2ccjjp01-20150804-KoreandestroyeropsSNR10-cps03233 avg. like is -47.4938 over 142 frames.
LOG (gmm-acc-stats-ali[5.5.52-6d919]:main():gmm-acc-stats-ali.cc:105) Processed 10950 utterances; for utterance s03m2ccjjp01-20150804-KoreandestroyeropsSNR10-cps03284 avg. like is -44.5291 over 120 frames.
LOG (gmm-acc-stats-ali[5.5.52-6d919]:main():gmm-acc-stats-ali.cc:105) Processed 11000 utterances; for utterance s03m2ccjjp01-20150804-KoreandestroyeropsSNR10-cps03334 avg. like is -48.3098 over 140 frames.
LOG (gmm-acc-stats-ali[5.5.52-6d919]:main():gmm-acc-stats-ali.cc:105) Processed 11050 utterances; for utterance s03m2ccjjp01-20150804-KoreandestroyeropsSNR10-cps03384 avg. like is -44.6387 over 202 frames.
LOG (gmm-acc-stats-ali[5.5.52-6d919]:main():gmm-acc-stats-ali.cc:105) Processed 11100 utterances; for utterance s03m2ksbsu02-20150804-Korean-cps03016 avg. like is -52.5148 over 149 frames.
LOG (gmm-acc-stats-ali[5.5.52-6d919]:main():gmm-acc-stats-ali.cc:105) Processed 11150 utterances; for utterance s03m2ksbsu02-20150804-Korean-cps03066 avg. like is -48.5603 over 154 frames.
LOG (gmm-acc-stats-ali[5.5.52-6d919]:main():gmm-acc-stats-ali.cc:105) Processed 11200 utterances; for utterance s03m2ksbsu02-20150804-Korean-cps03116 avg. like is -43.8964 over 127 frames.
LOG (gmm-acc-stats-ali[5.5.52-6d919]:main():gmm-acc-stats-ali.cc:105) Processed 11250 utterances; for utterance s03m2ksbsu02-20150804-Korean-cps03166 avg. like is -50.5646 over 165 frames.
LOG (gmm-acc-stats-ali[5.5.52-6d919]:main():gmm-acc-stats-ali.cc:105) Processed 11300 utterances; for utterance s03m2ksbsu02-20150804-Korean-cps03217 avg. like is -47.6189 over 200 frames.
LOG (gmm-acc-stats-ali[5.5.52-6d919]:main():gmm-acc-stats-ali.cc:105) Processed 11350 utterances; for utterance s03m2ksbsu02-20150804-Korean-cps03267 avg. like is -48.6627 over 157 frames.
LOG (gmm-acc-stats-ali[5.5.52-6d919]:main():gmm-acc-stats-ali.cc:105) Processed 11400 utterances; for utterance s03m2ksbsu02-20150804-Korean-cps03317 avg. like is -48.1773 over 163 frames.
LOG (gmm-acc-stats-ali[5.5.52-6d919]:main():gmm-acc-stats-ali.cc:105) Processed 11450 utterances; for utterance s03m2ksbsu02-20150804-Korean-cps03368 avg. like is -44.4709 over 146 frames.
LOG (gmm-acc-stats-ali[5.5.52-6d919]:main():gmm-acc-stats-ali.cc:105) Processed 11500 utterances; for utterance s03m2ksbsu02-20150804-Koreanleopard2SNR10-cps03002 avg. like is -47.6401 over 142 frames.
LOG (gmm-acc-stats-ali[5.5.52-6d919]:main():gmm-acc-stats-ali.cc:105) Processed 11550 utterances; for utterance s03m2ksbsu02-20150804-Koreanleopard2SNR10-cps03052 avg. like is -46.5606 over 148 frames.
LOG (gmm-acc-stats-ali[5.5.52-6d919]:main():gmm-acc-stats-ali.cc:105) Processed 11600 utterances; for utterance s03m2ksbsu02-20150804-Koreanleopard2SNR10-cps03102 avg. like is -48.2266 over 141 frames.
LOG (gmm-acc-stats-ali[5.5.52-6d919]:main():gmm-acc-stats-ali.cc:105) Processed 11650 utterances; for utterance s03m2ksbsu02-20150804-Koreanleopard2SNR10-cps03152 avg. like is -47.7624 over 171 frames.
LOG (gmm-acc-stats-ali[5.5.52-6d919]:main():gmm-acc-stats-ali.cc:105) Processed 11700 utterances; for utterance s03m2ksbsu02-20150804-Koreanleopard2SNR10-cps03203 avg. like is -44.6156 over 127 frames.
LOG (gmm-acc-stats-ali[5.5.52-6d919]:main():gmm-acc-stats-ali.cc:105) Processed 11750 utterances; for utterance s03m2ksbsu02-20150804-Koreanleopard2SNR10-cps03253 avg. like is -47.6582 over 136 frames.
LOG (gmm-acc-stats-ali[5.5.52-6d919]:main():gmm-acc-stats-ali.cc:105) Processed 11800 utterances; for utterance s03m2ksbsu02-20150804-Koreanleopard2SNR10-cps03303 avg. like is -49.8475 over 167 frames.
LOG (gmm-acc-stats-ali[5.5.52-6d919]:main():gmm-acc-stats-ali.cc:105) Processed 11850 utterances; for utterance s03m2ksbsu02-20150804-Koreanleopard2SNR10-cps03354 avg. like is -47.9002 over 127 frames.
LOG (gmm-acc-stats-ali[5.5.52-6d919]:main():gmm-acc-stats-ali.cc:105) Processed 11900 utterances; for utterance s03m2ksbsu02-20150804-Koreanleopard2SNR10-cps03406 avg. like is -45.9873 over 136 frames.
LOG (gmm-acc-stats-ali[5.5.52-6d919]:main():gmm-acc-stats-ali.cc:105) Processed 11950 utterances; for utterance s03m2ksgjp01-20150804-Korean-cps03039 avg. like is -49.2034 over 158 frames.
LOG (gmm-acc-stats-ali[5.5.52-6d919]:main():gmm-acc-stats-ali.cc:105) Processed 12000 utterances; for utterance s03m2ksgjp01-20150804-Korean-cps03090 avg. like is -53.8615 over 136 frames.
LOG (gmm-acc-stats-ali[5.5.52-6d919]:main():gmm-acc-stats-ali.cc:105) Processed 12050 utterances; for utterance s03m2ksgjp01-20150804-Korean-cps03140 avg. like is -49.8634 over 175 frames.
LOG (gmm-acc-stats-ali[5.5.52-6d919]:main():gmm-acc-stats-ali.cc:105) Processed 12100 utterances; for utterance s03m2ksgjp01-20150804-Korean-cps03190 avg. like is -52.7178 over 151 frames.
LOG (gmm-acc-stats-ali[5.5.52-6d919]:main():gmm-acc-stats-ali.cc:105) Processed 12150 utterances; for utterance s03m2ksgjp01-20150804-Korean-cps03242 avg. like is -49.2522 over 169 frames.
LOG (gmm-acc-stats-ali[5.5.52-6d919]:main():gmm-acc-stats-ali.cc:105) Processed 12200 utterances; for utterance s03m2ksgjp01-20150804-Korean-cps03293 avg. like is -51.2625 over 163 frames.
LOG (gmm-acc-stats-ali[5.5.52-6d919]:main():gmm-acc-stats-ali.cc:105) Processed 12250 utterances; for utterance s03m2ksgjp01-20150804-Korean-cps03343 avg. like is -48.7958 over 187 frames.
LOG (gmm-acc-stats-ali[5.5.52-6d919]:main():gmm-acc-stats-ali.cc:105) Processed 12300 utterances; for utterance s03m2ksgjp01-20150804-Korean-cps03393 avg. like is -47.234 over 198 frames.
LOG (gmm-acc-stats-ali[5.5.52-6d919]:main():gmm-acc-stats-ali.cc:105) Processed 12350 utterances; for utterance s03m2ksgjp01-20150804-KoreanpinkSNR10-cps03027 avg. like is -41.2432 over 194 frames.
LOG (gmm-acc-stats-ali[5.5.52-6d919]:main():gmm-acc-stats-ali.cc:105) Processed 12400 utterances; for utterance s03m2ksgjp01-20150804-KoreanpinkSNR10-cps03077 avg. like is -41.13 over 135 frames.
LOG (gmm-acc-stats-ali[5.5.52-6d919]:main():gmm-acc-stats-ali.cc:105) Processed 12450 utterances; for utterance s03m2ksgjp01-20150804-KoreanpinkSNR10-cps03128 avg. like is -44.1098 over 176 frames.
LOG (gmm-acc-stats-ali[5.5.52-6d919]:main():gmm-acc-stats-ali.cc:105) Processed 12500 utterances; for utterance s03m2ksgjp01-20150804-KoreanpinkSNR10-cps03178 avg. like is -41.7599 over 148 frames.
LOG (gmm-acc-stats-ali[5.5.52-6d919]:main():gmm-acc-stats-ali.cc:105) Processed 12550 utterances; for utterance s03m2ksgjp01-20150804-KoreanpinkSNR10-cps03230 avg. like is -40.8931 over 135 frames.
LOG (gmm-acc-stats-ali[5.5.52-6d919]:main():gmm-acc-stats-ali.cc:105) Processed 12600 utterances; for utterance s03m2ksgjp01-20150804-KoreanpinkSNR10-cps03280 avg. like is -39.5731 over 135 frames.
LOG (gmm-acc-stats-ali[5.5.52-6d919]:main():gmm-acc-stats-ali.cc:105) Processed 12650 utterances; for utterance s03m2ksgjp01-20150804-KoreanpinkSNR10-cps03331 avg. like is -41.6974 over 174 frames.
LOG (gmm-acc-stats-ali[5.5.52-6d919]:main():gmm-acc-stats-ali.cc:105) Processed 12700 utterances; for utterance s03m2ksgjp01-20150804-KoreanpinkSNR10-cps03381 avg. like is -40.4036 over 214 frames.
LOG (gmm-acc-stats-ali[5.5.52-6d919]:main():gmm-acc-stats-ali.cc:105) Processed 12750 utterances; for utterance s03m2ksjms02-20150804-Korean-cps03014 avg. like is -50.5625 over 105 frames.
LOG (gmm-acc-stats-ali[5.5.52-6d919]:main():gmm-acc-stats-ali.cc:105) Processed 12800 utterances; for utterance s03m2ksjms02-20150804-Korean-cps03065 avg. like is -52.9927 over 163 frames.
LOG (gmm-acc-stats-ali[5.5.52-6d919]:main():gmm-acc-stats-ali.cc:105) Processed 12850 utterances; for utterance s03m2ksjms02-20150804-Korean-cps03117 avg. like is -49.4351 over 162 frames.
LOG (gmm-acc-stats-ali[5.5.52-6d919]:main():gmm-acc-stats-ali.cc:105) Processed 12900 utterances; for utterance s03m2ksjms02-20150804-Korean-cps03168 avg. like is -55.7823 over 197 frames.
LOG (gmm-acc-stats-ali[5.5.52-6d919]:main():gmm-acc-stats-ali.cc:105) Processed 12950 utterances; for utterance s03m2ksjms02-20150804-Korean-cps03218 avg. like is -50.9686 over 122 frames.
LOG (gmm-acc-stats-ali[5.5.52-6d919]:main():gmm-acc-stats-ali.cc:105) Processed 13000 utterances; for utterance s03m2ksjms02-20150804-Korean-cps03268 avg. like is -45.9072 over 151 frames.
LOG (gmm-acc-stats-ali[5.5.52-6d919]:main():gmm-acc-stats-ali.cc:105) Processed 13050 utterances; for utterance s03m2ksjms02-20150804-Korean-cps03318 avg. like is -53.1894 over 139 frames.
LOG (gmm-acc-stats-ali[5.5.52-6d919]:main():gmm-acc-stats-ali.cc:105) Processed 13100 utterances; for utterance s03m2ksjms02-20150804-Korean-cps03369 avg. like is -45.6074 over 139 frames.
LOG (gmm-acc-stats-ali[5.5.52-6d919]:main():gmm-acc-stats-ali.cc:105) Processed 13150 utterances; for utterance s03m2ksjms02-20150804-Koreancar1SNR10-cps03003 avg. like is -46.5443 over 128 frames.
LOG (gmm-acc-stats-ali[5.5.52-6d919]:main():gmm-acc-stats-ali.cc:105) Processed 13200 utterances; for utterance s03m2ksjms02-20150804-Koreancar1SNR10-cps03054 avg. like is -43.8854 over 133 frames.
LOG (gmm-acc-stats-ali[5.5.52-6d919]:main():gmm-acc-stats-ali.cc:105) Processed 13250 utterances; for utterance s03m2ksjms02-20150804-Koreancar1SNR10-cps03106 avg. like is -47.704 over 116 frames.
LOG (gmm-acc-stats-ali[5.5.52-6d919]:main():gmm-acc-stats-ali.cc:105) Processed 13300 utterances; for utterance s03m2ksjms02-20150804-Koreancar1SNR10-cps03157 avg. like is -48.1353 over 125 frames.
LOG (gmm-acc-stats-ali[5.5.52-6d919]:main():gmm-acc-stats-ali.cc:105) Processed 13350 utterances; for utterance s03m2ksjms02-20150804-Koreancar1SNR10-cps03207 avg. like is -45.6787 over 174 frames.
LOG (gmm-acc-stats-ali[5.5.52-6d919]:main():gmm-acc-stats-ali.cc:105) Processed 13400 utterances; for utterance s03m2ksjms02-20150804-Koreancar1SNR10-cps03257 avg. like is -44.8962 over 157 frames.
LOG (gmm-acc-stats-ali[5.5.52-6d919]:main():gmm-acc-stats-ali.cc:105) Processed 13450 utterances; for utterance s03m2ksjms02-20150804-Koreancar1SNR10-cps03307 avg. like is -44.9987 over 143 frames.
LOG (gmm-acc-stats-ali[5.5.52-6d919]:main():gmm-acc-stats-ali.cc:105) Processed 13500 utterances; for utterance s03m2ksjms02-20150804-Koreancar1SNR10-cps03358 avg. like is -45.6415 over 162 frames.
LOG (gmm-acc-stats-ali[5.5.52-6d919]:main():gmm-acc-stats-ali.cc:105) Processed 13550 utterances; for utterance s03m2ksjms02-20150804-Koreancar1SNR10-cps03410 avg. like is -43.9477 over 157 frames.
LOG (gmm-acc-stats-ali[5.5.52-6d919]:main():gmm-acc-stats-ali.cc:105) Processed 13600 utterances; for utterance s03m2sshmg01-20150804-Korean-cps03042 avg. like is -51.0999 over 165 frames.
LOG (gmm-acc-stats-ali[5.5.52-6d919]:main():gmm-acc-stats-ali.cc:105) Processed 13650 utterances; for utterance s03m2sshmg01-20150804-Korean-cps03092 avg. like is -51.9372 over 145 frames.
LOG (gmm-acc-stats-ali[5.5.52-6d919]:main():gmm-acc-stats-ali.cc:105) Processed 13700 utterances; for utterance s03m2sshmg01-20150804-Korean-cps03144 avg. like is -51.806 over 159 frames.
LOG (gmm-acc-stats-ali[5.5.52-6d919]:main():gmm-acc-stats-ali.cc:105) Processed 13750 utterances; for utterance s03m2sshmg01-20150804-Korean-cps03195 avg. like is -56.5499 over 153 frames.
LOG (gmm-acc-stats-ali[5.5.52-6d919]:main():gmm-acc-stats-ali.cc:105) Processed 13800 utterances; for utterance s03m2sshmg01-20150804-Korean-cps03245 avg. like is -53.6486 over 154 frames.
LOG (gmm-acc-stats-ali[5.5.52-6d919]:main():gmm-acc-stats-ali.cc:105) Processed 13850 utterances; for utterance s03m2sshmg01-20150804-Korean-cps03297 avg. like is -53.1825 over 138 frames.
LOG (gmm-acc-stats-ali[5.5.52-6d919]:main():gmm-acc-stats-ali.cc:105) Processed 13900 utterances; for utterance s03m2sshmg01-20150804-Korean-cps03347 avg. like is -54.1227 over 140 frames.
LOG (gmm-acc-stats-ali[5.5.52-6d919]:main():gmm-acc-stats-ali.cc:105) Processed 13950 utterances; for utterance s03m2sshmg01-20150804-Korean-cps03397 avg. like is -59.0881 over 161 frames.
LOG (gmm-acc-stats-ali[5.5.52-6d919]:main():gmm-acc-stats-ali.cc:105) Processed 14000 utterances; for utterance s03m2sshmg01-20150804-KoreanpinkSNR10-cps03030 avg. like is -45.3261 over 164 frames.
LOG (gmm-acc-stats-ali[5.5.52-6d919]:main():gmm-acc-stats-ali.cc:105) Processed 14050 utterances; for utterance s03m2sshmg01-20150804-KoreanpinkSNR10-cps03080 avg. like is -42.7128 over 141 frames.
LOG (gmm-acc-stats-ali[5.5.52-6d919]:main():gmm-acc-stats-ali.cc:105) Processed 14100 utterances; for utterance s03m2sshmg01-20150804-KoreanpinkSNR10-cps03131 avg. like is -42.6512 over 159 frames.
LOG (gmm-acc-stats-ali[5.5.52-6d919]:main():gmm-acc-stats-ali.cc:105) Processed 14150 utterances; for utterance s03m2sshmg01-20150804-KoreanpinkSNR10-cps03183 avg. like is -42.8489 over 168 frames.
LOG (gmm-acc-stats-ali[5.5.52-6d919]:main():gmm-acc-stats-ali.cc:105) Processed 14200 utterances; for utterance s03m2sshmg01-20150804-KoreanpinkSNR10-cps03233 avg. like is -43.5463 over 143 frames.
LOG (gmm-acc-stats-ali[5.5.52-6d919]:main():gmm-acc-stats-ali.cc:105) Processed 14250 utterances; for utterance s03m2sshmg01-20150804-KoreanpinkSNR10-cps03283 avg. like is -41.5573 over 116 frames.
LOG (gmm-acc-stats-ali[5.5.52-6d919]:main():gmm-acc-stats-ali.cc:105) Processed 14300 utterances; for utterance s03m2sshmg01-20150804-KoreanpinkSNR10-cps03335 avg. like is -42.9202 over 145 frames.
LOG (gmm-acc-stats-ali[5.5.52-6d919]:main():gmm-acc-stats-ali.cc:105) Processed 14350 utterances; for utterance s03m2sshmg01-20150804-KoreanpinkSNR10-cps03385 avg. like is -38.4354 over 125 frames.
LOG (apply-cmvn[5.5.52-6d919]:main():apply-cmvn.cc:162) Applied cepstral mean normalization to 14382 utterances, errors on 0
LOG (transform-feats[5.5.52-6d919]:main():transform-feats.cc:158) Overall average [pseudo-]logdet is -92.5347 over 2.48506e+06 frames.
LOG (transform-feats[5.5.52-6d919]:main():transform-feats.cc:161) Applied transform to 14382 utterances; 0 had errors.
LOG (transform-feats[5.5.52-6d919]:main():transform-feats.cc:158) Overall average logdet is 2.29647 over 2.48506e+06 frames.
LOG (transform-feats[5.5.52-6d919]:main():transform-feats.cc:161) Applied transform to 14382 utterances; 0 had errors.
LOG (gmm-acc-stats-ali[5.5.52-6d919]:main():gmm-acc-stats-ali.cc:112) Done 14382 files, 0 with errors.
LOG (gmm-acc-stats-ali[5.5.52-6d919]:main():gmm-acc-stats-ali.cc:115) Overall avg like per frame (Gaussian only) = -48.4993 over 2485060 frames.
LOG (gmm-acc-stats-ali[5.5.52-6d919]:main():gmm-acc-stats-ali.cc:123) Written accs.
# Accounting: time=10 threads=1
# Ended (code 0) at Tue May  7 15:59:34 KST 2019, elapsed time 10 seconds
