# gmm-acc-stats-ali exp/tri3b/1.mdl "ark,s,cs:apply-cmvn  --utt2spk=ark:data/train/split8/2/utt2spk scp:data/train/split8/2/cmvn.scp scp:data/train/split8/2/feats.scp ark:- | splice-feats  ark:- ark:- | transform-feats exp/tri2b_ali/final.mat ark:- ark:- | transform-feats --utt2spk=ark:data/train/split8/2/utt2spk ark,s,cs:exp/tri3b/trans.2 ark:- ark:- |" "ark,s,cs:gunzip -c exp/tri3b/ali.2.gz|" exp/tri3b/1.2.acc 
# Started at Tue May  7 15:59:24 KST 2019
#
gmm-acc-stats-ali exp/tri3b/1.mdl 'ark,s,cs:apply-cmvn  --utt2spk=ark:data/train/split8/2/utt2spk scp:data/train/split8/2/cmvn.scp scp:data/train/split8/2/feats.scp ark:- | splice-feats  ark:- ark:- | transform-feats exp/tri2b_ali/final.mat ark:- ark:- | transform-feats --utt2spk=ark:data/train/split8/2/utt2spk ark,s,cs:exp/tri3b/trans.2 ark:- ark:- |' 'ark,s,cs:gunzip -c exp/tri3b/ali.2.gz|' exp/tri3b/1.2.acc 
transform-feats exp/tri2b_ali/final.mat ark:- ark:- 
splice-feats ark:- ark:- 
apply-cmvn --utt2spk=ark:data/train/split8/2/utt2spk scp:data/train/split8/2/cmvn.scp scp:data/train/split8/2/feats.scp ark:- 
transform-feats --utt2spk=ark:data/train/split8/2/utt2spk ark,s,cs:exp/tri3b/trans.2 ark:- ark:- 
LOG (gmm-acc-stats-ali[5.5.52-6d919]:main():gmm-acc-stats-ali.cc:105) Processed 50 utterances; for utterance s016m2ljy00_r-20150804-Korean-set016050 avg. like is -54.8946 over 399 frames.
LOG (gmm-acc-stats-ali[5.5.52-6d919]:main():gmm-acc-stats-ali.cc:105) Processed 100 utterances; for utterance s016m2ljy00_r-20150804-Korean-set016100 avg. like is -53.86 over 372 frames.
LOG (gmm-acc-stats-ali[5.5.52-6d919]:main():gmm-acc-stats-ali.cc:105) Processed 150 utterances; for utterance s016m2ljy00_r-20150804-Koreanfactory1SNR10-set016045 avg. like is -44.5279 over 832 frames.
LOG (gmm-acc-stats-ali[5.5.52-6d919]:main():gmm-acc-stats-ali.cc:105) Processed 200 utterances; for utterance s016m2ljy00_r-20150804-Koreanfactory1SNR10-set016095 avg. like is -46.851 over 810 frames.
LOG (gmm-acc-stats-ali[5.5.52-6d919]:main():gmm-acc-stats-ali.cc:105) Processed 250 utterances; for utterance s016mcc3yhm00-20150804-Korean-set016040 avg. like is -43.4573 over 768 frames.
LOG (gmm-acc-stats-ali[5.5.52-6d919]:main():gmm-acc-stats-ali.cc:105) Processed 300 utterances; for utterance s016mcc3yhm00-20150804-Korean-set016090 avg. like is -47.2864 over 668 frames.
LOG (gmm-acc-stats-ali[5.5.52-6d919]:main():gmm-acc-stats-ali.cc:105) Processed 350 utterances; for utterance s016mcc3yhm00-20150804-Koreanleopard2SNR10-set016035 avg. like is -43.8435 over 978 frames.
LOG (gmm-acc-stats-ali[5.5.52-6d919]:main():gmm-acc-stats-ali.cc:105) Processed 400 utterances; for utterance s016mcc3yhm00-20150804-Koreanleopard2SNR10-set016085 avg. like is -44.8056 over 878 frames.
LOG (gmm-acc-stats-ali[5.5.52-6d919]:main():gmm-acc-stats-ali.cc:105) Processed 450 utterances; for utterance s017fks4kky01-20150804-Korean-set017030 avg. like is -57.6234 over 638 frames.
LOG (gmm-acc-stats-ali[5.5.52-6d919]:main():gmm-acc-stats-ali.cc:105) Processed 500 utterances; for utterance s017fks4kky01-20150804-Korean-set017080 avg. like is -58.3964 over 548 frames.
LOG (gmm-acc-stats-ali[5.5.52-6d919]:main():gmm-acc-stats-ali.cc:105) Processed 550 utterances; for utterance s017fks4kky01-20150804-KoreanwhiteSNR10-set017025 avg. like is -44.9687 over 958 frames.
LOG (gmm-acc-stats-ali[5.5.52-6d919]:main():gmm-acc-stats-ali.cc:105) Processed 600 utterances; for utterance s017fks4kky01-20150804-KoreanwhiteSNR10-set017075 avg. like is -43.3877 over 478 frames.
LOG (gmm-acc-stats-ali[5.5.52-6d919]:main():gmm-acc-stats-ali.cc:105) Processed 650 utterances; for utterance s017m2yds00-20150804-Korean-set017020 avg. like is -54.5281 over 792 frames.
LOG (gmm-acc-stats-ali[5.5.52-6d919]:main():gmm-acc-stats-ali.cc:105) Processed 700 utterances; for utterance s017m2yds00-20150804-Korean-set017070 avg. like is -54.7615 over 396 frames.
LOG (gmm-acc-stats-ali[5.5.52-6d919]:main():gmm-acc-stats-ali.cc:105) Processed 750 utterances; for utterance s017m2yds00-20150804-Koreanbabble2SNR10-set017015 avg. like is -48.8659 over 759 frames.
LOG (gmm-acc-stats-ali[5.5.52-6d919]:main():gmm-acc-stats-ali.cc:105) Processed 800 utterances; for utterance s017m2yds00-20150804-Koreanbabble2SNR10-set017065 avg. like is -48.274 over 287 frames.
LOG (gmm-acc-stats-ali[5.5.52-6d919]:main():gmm-acc-stats-ali.cc:105) Processed 850 utterances; for utterance s017m2yds00_r-20150804-Korean-set017010 avg. like is -60.1421 over 1014 frames.
LOG (gmm-acc-stats-ali[5.5.52-6d919]:main():gmm-acc-stats-ali.cc:105) Processed 900 utterances; for utterance s017m2yds00_r-20150804-Korean-set017060 avg. like is -53.8627 over 417 frames.
LOG (gmm-acc-stats-ali[5.5.52-6d919]:main():gmm-acc-stats-ali.cc:105) Processed 950 utterances; for utterance s017m2yds00_r-20150804-KoreanwhiteSNR10-set017005 avg. like is -45.9328 over 565 frames.
LOG (gmm-acc-stats-ali[5.5.52-6d919]:main():gmm-acc-stats-ali.cc:105) Processed 1000 utterances; for utterance s017m2yds00_r-20150804-KoreanwhiteSNR10-set017055 avg. like is -45.4132 over 249 frames.
LOG (gmm-acc-stats-ali[5.5.52-6d919]:main():gmm-acc-stats-ali.cc:105) Processed 1050 utterances; for utterance s017m2yds00_r-20150804-KoreanwhiteSNR10-set017105 avg. like is -45.6697 over 420 frames.
LOG (gmm-acc-stats-ali[5.5.52-6d919]:main():gmm-acc-stats-ali.cc:105) Processed 1100 utterances; for utterance s017mss2kds00-20150804-Korean-set017050 avg. like is -50.6727 over 968 frames.
LOG (gmm-acc-stats-ali[5.5.52-6d919]:main():gmm-acc-stats-ali.cc:105) Processed 1150 utterances; for utterance s017mss2kds00-20150804-Korean-set017100 avg. like is -48.632 over 598 frames.
LOG (gmm-acc-stats-ali[5.5.52-6d919]:main():gmm-acc-stats-ali.cc:105) Processed 1200 utterances; for utterance s017mss2kds00-20150804-KoreancarSNR10-set017045 avg. like is -42.7888 over 628 frames.
LOG (gmm-acc-stats-ali[5.5.52-6d919]:main():gmm-acc-stats-ali.cc:105) Processed 1250 utterances; for utterance s017mss2kds00-20150804-KoreancarSNR10-set017095 avg. like is -44.7464 over 898 frames.
LOG (gmm-acc-stats-ali[5.5.52-6d919]:main():gmm-acc-stats-ali.cc:105) Processed 1300 utterances; for utterance s018fss1kjj00-20150804-Korean-set018040 avg. like is -52.8539 over 748 frames.
LOG (gmm-acc-stats-ali[5.5.52-6d919]:main():gmm-acc-stats-ali.cc:105) Processed 1350 utterances; for utterance s018fss1kjj00-20150804-Korean-set018090 avg. like is -51.0404 over 758 frames.
LOG (gmm-acc-stats-ali[5.5.52-6d919]:main():gmm-acc-stats-ali.cc:105) Processed 1400 utterances; for utterance s018fss1kjj00-20150804-Koreanfactory1SNR10-set018035 avg. like is -42.3545 over 778 frames.
LOG (gmm-acc-stats-ali[5.5.52-6d919]:main():gmm-acc-stats-ali.cc:105) Processed 1450 utterances; for utterance s018fss1kjj00-20150804-Koreanfactory1SNR10-set018085 avg. like is -43.8789 over 758 frames.
LOG (gmm-acc-stats-ali[5.5.52-6d919]:main():gmm-acc-stats-ali.cc:105) Processed 1500 utterances; for utterance s018m2ksk00-20150804-Korean-set018030 avg. like is -57.0831 over 421 frames.
LOG (gmm-acc-stats-ali[5.5.52-6d919]:main():gmm-acc-stats-ali.cc:105) Processed 1550 utterances; for utterance s018m2ksk00-20150804-Korean-set018080 avg. like is -53.9422 over 495 frames.
LOG (gmm-acc-stats-ali[5.5.52-6d919]:main():gmm-acc-stats-ali.cc:105) Processed 1600 utterances; for utterance s018m2ksk00-20150804-KoreandestroyeropsSNR10-set018025 avg. like is -47.2531 over 324 frames.
LOG (gmm-acc-stats-ali[5.5.52-6d919]:main():gmm-acc-stats-ali.cc:105) Processed 1650 utterances; for utterance s018m2ksk00-20150804-KoreandestroyeropsSNR10-set018075 avg. like is -48.7143 over 376 frames.
LOG (gmm-acc-stats-ali[5.5.52-6d919]:main():gmm-acc-stats-ali.cc:105) Processed 1700 utterances; for utterance s018mss3lch00-20150804-Korean-set018020 avg. like is -54.333 over 778 frames.
LOG (gmm-acc-stats-ali[5.5.52-6d919]:main():gmm-acc-stats-ali.cc:105) Processed 1750 utterances; for utterance s018mss3lch00-20150804-Korean-set018070 avg. like is -50.4026 over 868 frames.
LOG (gmm-acc-stats-ali[5.5.52-6d919]:main():gmm-acc-stats-ali.cc:105) Processed 1800 utterances; for utterance s019fss3ksy03-20150804-Korean-set019015 avg. like is -54.6165 over 418 frames.
LOG (gmm-acc-stats-ali[5.5.52-6d919]:main():gmm-acc-stats-ali.cc:105) Processed 1850 utterances; for utterance s019fss3ksy03-20150804-Korean-set019065 avg. like is -52.6621 over 498 frames.
LOG (gmm-acc-stats-ali[5.5.52-6d919]:main():gmm-acc-stats-ali.cc:105) Processed 1900 utterances; for utterance s019fss3ksy03-20150804-KoreancarSNR10-set019009 avg. like is -47.6955 over 1008 frames.
LOG (gmm-acc-stats-ali[5.5.52-6d919]:main():gmm-acc-stats-ali.cc:105) Processed 1950 utterances; for utterance s019fss3ksy03-20150804-KoreancarSNR10-set019059 avg. like is -42.2159 over 568 frames.
LOG (gmm-acc-stats-ali[5.5.52-6d919]:main():gmm-acc-stats-ali.cc:105) Processed 2000 utterances; for utterance s019m2wdj00-20150804-Korean-set019003 avg. like is -56.9291 over 700 frames.
LOG (gmm-acc-stats-ali[5.5.52-6d919]:main():gmm-acc-stats-ali.cc:105) Processed 2050 utterances; for utterance s019m2wdj00-20150804-Korean-set019053 avg. like is -53.0668 over 400 frames.
LOG (gmm-acc-stats-ali[5.5.52-6d919]:main():gmm-acc-stats-ali.cc:105) Processed 2100 utterances; for utterance s019m2wdj00-20150804-Korean-set019103 avg. like is -55.6108 over 344 frames.
LOG (gmm-acc-stats-ali[5.5.52-6d919]:main():gmm-acc-stats-ali.cc:105) Processed 2150 utterances; for utterance s019m2wdj00-20150804-KoreanpinkSNR10-set019047 avg. like is -44.2401 over 467 frames.
LOG (gmm-acc-stats-ali[5.5.52-6d919]:main():gmm-acc-stats-ali.cc:105) Processed 2200 utterances; for utterance s019m2wdj00-20150804-KoreanpinkSNR10-set019097 avg. like is -45.1282 over 272 frames.
LOG (gmm-acc-stats-ali[5.5.52-6d919]:main():gmm-acc-stats-ali.cc:105) Processed 2250 utterances; for utterance s019m2wdj00_r-20150804-Korean-set019041 avg. like is -55.2073 over 409 frames.
LOG (gmm-acc-stats-ali[5.5.52-6d919]:main():gmm-acc-stats-ali.cc:105) Processed 2300 utterances; for utterance s019m2wdj00_r-20150804-Korean-set019091 avg. like is -52.9455 over 413 frames.
LOG (gmm-acc-stats-ali[5.5.52-6d919]:main():gmm-acc-stats-ali.cc:105) Processed 2350 utterances; for utterance s019m2wdj00_r-20150804-Koreanbabble2SNR10-set019035 avg. like is -49.2078 over 796 frames.
LOG (gmm-acc-stats-ali[5.5.52-6d919]:main():gmm-acc-stats-ali.cc:105) Processed 2400 utterances; for utterance s019m2wdj00_r-20150804-Koreanbabble2SNR10-set019085 avg. like is -49.6277 over 269 frames.
LOG (gmm-acc-stats-ali[5.5.52-6d919]:main():gmm-acc-stats-ali.cc:105) Processed 2450 utterances; for utterance s019mss2lyh00-20150804-Korean-set019029 avg. like is -49.4292 over 398 frames.
LOG (gmm-acc-stats-ali[5.5.52-6d919]:main():gmm-acc-stats-ali.cc:105) Processed 2500 utterances; for utterance s019mss2lyh00-20150804-Korean-set019079 avg. like is -50.2351 over 508 frames.
LOG (gmm-acc-stats-ali[5.5.52-6d919]:main():gmm-acc-stats-ali.cc:105) Processed 2550 utterances; for utterance s019mss2lyh00-20150804-Koreanfactory1SNR10-set019023 avg. like is -44.3414 over 558 frames.
LOG (gmm-acc-stats-ali[5.5.52-6d919]:main():gmm-acc-stats-ali.cc:105) Processed 2600 utterances; for utterance s019mss2lyh00-20150804-Koreanfactory1SNR10-set019073 avg. like is -42.912 over 458 frames.
LOG (gmm-acc-stats-ali[5.5.52-6d919]:main():gmm-acc-stats-ali.cc:105) Processed 2650 utterances; for utterance s01f1cchsi01-20150804-Korean-cps01018 avg. like is -57.0535 over 152 frames.
LOG (gmm-acc-stats-ali[5.5.52-6d919]:main():gmm-acc-stats-ali.cc:105) Processed 2700 utterances; for utterance s01f1cchsi01-20150804-Korean-cps01068 avg. like is -53.1307 over 138 frames.
LOG (gmm-acc-stats-ali[5.5.52-6d919]:main():gmm-acc-stats-ali.cc:105) Processed 2750 utterances; for utterance s01f1cchsi01-20150804-Korean-cps01118 avg. like is -52.7099 over 137 frames.
LOG (gmm-acc-stats-ali[5.5.52-6d919]:main():gmm-acc-stats-ali.cc:105) Processed 2800 utterances; for utterance s01f1cchsi01-20150804-Korean-cps01168 avg. like is -52.9456 over 157 frames.
LOG (gmm-acc-stats-ali[5.5.52-6d919]:main():gmm-acc-stats-ali.cc:105) Processed 2850 utterances; for utterance s01f1cchsi01-20150804-Korean-cps01219 avg. like is -51.2991 over 150 frames.
LOG (gmm-acc-stats-ali[5.5.52-6d919]:main():gmm-acc-stats-ali.cc:105) Processed 2900 utterances; for utterance s01f1cchsi01-20150804-Korean-cps01269 avg. like is -47.7883 over 128 frames.
LOG (gmm-acc-stats-ali[5.5.52-6d919]:main():gmm-acc-stats-ali.cc:105) Processed 2950 utterances; for utterance s01f1cchsi01-20150804-Korean-cps01321 avg. like is -54.6414 over 197 frames.
LOG (gmm-acc-stats-ali[5.5.52-6d919]:main():gmm-acc-stats-ali.cc:105) Processed 3000 utterances; for utterance s01f1cchsi01-20150804-Korean-cps01373 avg. like is -53.8089 over 149 frames.
LOG (gmm-acc-stats-ali[5.5.52-6d919]:main():gmm-acc-stats-ali.cc:105) Processed 3050 utterances; for utterance s01f1cchsi01-20150804-Koreancar1SNR10-cps01008 avg. like is -44.2858 over 142 frames.
LOG (gmm-acc-stats-ali[5.5.52-6d919]:main():gmm-acc-stats-ali.cc:105) Processed 3100 utterances; for utterance s01f1cchsi01-20150804-Koreancar1SNR10-cps01059 avg. like is -47.527 over 150 frames.
LOG (gmm-acc-stats-ali[5.5.52-6d919]:main():gmm-acc-stats-ali.cc:105) Processed 3150 utterances; for utterance s01f1cchsi01-20150804-Koreancar1SNR10-cps01109 avg. like is -44.6795 over 134 frames.
LOG (gmm-acc-stats-ali[5.5.52-6d919]:main():gmm-acc-stats-ali.cc:105) Processed 3200 utterances; for utterance s01f1cchsi01-20150804-Koreancar1SNR10-cps01159 avg. like is -43.8904 over 153 frames.
LOG (gmm-acc-stats-ali[5.5.52-6d919]:main():gmm-acc-stats-ali.cc:105) Processed 3250 utterances; for utterance s01f1cchsi01-20150804-Koreancar1SNR10-cps01210 avg. like is -41.8256 over 163 frames.
LOG (gmm-acc-stats-ali[5.5.52-6d919]:main():gmm-acc-stats-ali.cc:105) Processed 3300 utterances; for utterance s01f1cchsi01-20150804-Koreancar1SNR10-cps01260 avg. like is -45.2085 over 164 frames.
LOG (gmm-acc-stats-ali[5.5.52-6d919]:main():gmm-acc-stats-ali.cc:105) Processed 3350 utterances; for utterance s01f1cchsi01-20150804-Koreancar1SNR10-cps01311 avg. like is -43.6693 over 155 frames.
LOG (gmm-acc-stats-ali[5.5.52-6d919]:main():gmm-acc-stats-ali.cc:105) Processed 3400 utterances; for utterance s01f1cchsi01-20150804-Koreancar1SNR10-cps01364 avg. like is -42.7916 over 151 frames.
LOG (gmm-acc-stats-ali[5.5.52-6d919]:main():gmm-acc-stats-ali.cc:105) Processed 3450 utterances; for utterance s01f1cchsi01-20150804-Koreancar1SNR10-cps01416 avg. like is -43.2372 over 162 frames.
LOG (gmm-acc-stats-ali[5.5.52-6d919]:main():gmm-acc-stats-ali.cc:105) Processed 3500 utterances; for utterance s01f1ksism04-20150804-Korean-cps01054 avg. like is -45.7002 over 163 frames.
LOG (gmm-acc-stats-ali[5.5.52-6d919]:main():gmm-acc-stats-ali.cc:105) Processed 3550 utterances; for utterance s01f1ksism04-20150804-Korean-cps01111 avg. like is -49.5913 over 162 frames.
LOG (gmm-acc-stats-ali[5.5.52-6d919]:main():gmm-acc-stats-ali.cc:105) Processed 3600 utterances; for utterance s01f1ksism04-20150804-Korean-cps01167 avg. like is -49.1092 over 173 frames.
LOG (gmm-acc-stats-ali[5.5.52-6d919]:main():gmm-acc-stats-ali.cc:105) Processed 3650 utterances; for utterance s01f1ksism04-20150804-Korean-cps01221 avg. like is -51.4423 over 189 frames.
LOG (gmm-acc-stats-ali[5.5.52-6d919]:main():gmm-acc-stats-ali.cc:105) Processed 3700 utterances; for utterance s01f1ksism04-20150804-Korean-cps01271 avg. like is -51.6177 over 165 frames.
LOG (gmm-acc-stats-ali[5.5.52-6d919]:main():gmm-acc-stats-ali.cc:105) Processed 3750 utterances; for utterance s01f1ksism04-20150804-Korean-cps01322 avg. like is -57.5646 over 270 frames.
LOG (gmm-acc-stats-ali[5.5.52-6d919]:main():gmm-acc-stats-ali.cc:105) Processed 3800 utterances; for utterance s01f1ksism04-20150804-Korean-cps01373 avg. like is -50.3732 over 167 frames.
LOG (gmm-acc-stats-ali[5.5.52-6d919]:main():gmm-acc-stats-ali.cc:105) Processed 3850 utterances; for utterance s01f1ksism04-20150804-KoreandestroyeropsSNR10-cps01013 avg. like is -46.494 over 164 frames.
LOG (gmm-acc-stats-ali[5.5.52-6d919]:main():gmm-acc-stats-ali.cc:105) Processed 3900 utterances; for utterance s01f1ksism04-20150804-KoreandestroyeropsSNR10-cps01068 avg. like is -46.3692 over 153 frames.
LOG (gmm-acc-stats-ali[5.5.52-6d919]:main():gmm-acc-stats-ali.cc:105) Processed 3950 utterances; for utterance s01f1ksism04-20150804-KoreandestroyeropsSNR10-cps01125 avg. like is -45.1393 over 186 frames.
LOG (gmm-acc-stats-ali[5.5.52-6d919]:main():gmm-acc-stats-ali.cc:105) Processed 4000 utterances; for utterance s01f1ksism04-20150804-KoreandestroyeropsSNR10-cps01180 avg. like is -48.4539 over 159 frames.
LOG (gmm-acc-stats-ali[5.5.52-6d919]:main():gmm-acc-stats-ali.cc:105) Processed 4050 utterances; for utterance s01f1ksism04-20150804-KoreandestroyeropsSNR10-cps01233 avg. like is -46.3136 over 173 frames.
LOG (gmm-acc-stats-ali[5.5.52-6d919]:main():gmm-acc-stats-ali.cc:105) Processed 4100 utterances; for utterance s01f1ksism04-20150804-KoreandestroyeropsSNR10-cps01283 avg. like is -46.0787 over 174 frames.
LOG (gmm-acc-stats-ali[5.5.52-6d919]:main():gmm-acc-stats-ali.cc:105) Processed 4150 utterances; for utterance s01f1ksism04-20150804-KoreandestroyeropsSNR10-cps01334 avg. like is -46.8728 over 155 frames.
LOG (gmm-acc-stats-ali[5.5.52-6d919]:main():gmm-acc-stats-ali.cc:105) Processed 4200 utterances; for utterance s01f1ksism04-20150804-KoreandestroyeropsSNR10-cps01386 avg. like is -45.3866 over 191 frames.
LOG (gmm-acc-stats-ali[5.5.52-6d919]:main():gmm-acc-stats-ali.cc:105) Processed 4250 utterances; for utterance s01f1ssgmr01-20150804-Korean-cps01025 avg. like is -52.6506 over 165 frames.
LOG (gmm-acc-stats-ali[5.5.52-6d919]:main():gmm-acc-stats-ali.cc:105) Processed 4300 utterances; for utterance s01f1ssgmr01-20150804-Korean-cps01078 avg. like is -53.856 over 224 frames.
LOG (gmm-acc-stats-ali[5.5.52-6d919]:main():gmm-acc-stats-ali.cc:105) Processed 4350 utterances; for utterance s01f1ssgmr01-20150804-Korean-cps01129 avg. like is -49.2846 over 196 frames.
LOG (gmm-acc-stats-ali[5.5.52-6d919]:main():gmm-acc-stats-ali.cc:105) Processed 4400 utterances; for utterance s01f1ssgmr01-20150804-Korean-cps01181 avg. like is -55.519 over 128 frames.
LOG (gmm-acc-stats-ali[5.5.52-6d919]:main():gmm-acc-stats-ali.cc:105) Processed 4450 utterances; for utterance s01f1ssgmr01-20150804-Korean-cps01232 avg. like is -53.1932 over 142 frames.
LOG (gmm-acc-stats-ali[5.5.52-6d919]:main():gmm-acc-stats-ali.cc:105) Processed 4500 utterances; for utterance s01f1ssgmr01-20150804-Korean-cps01283 avg. like is -50.3542 over 188 frames.
LOG (gmm-acc-stats-ali[5.5.52-6d919]:main():gmm-acc-stats-ali.cc:105) Processed 4550 utterances; for utterance s01f1ssgmr01-20150804-Korean-cps01333 avg. like is -52.8019 over 178 frames.
LOG (gmm-acc-stats-ali[5.5.52-6d919]:main():gmm-acc-stats-ali.cc:105) Processed 4600 utterances; for utterance s01f1ssgmr01-20150804-Korean-cps01388 avg. like is -53.7851 over 220 frames.
LOG (gmm-acc-stats-ali[5.5.52-6d919]:main():gmm-acc-stats-ali.cc:105) Processed 4650 utterances; for utterance s01f1ssgmr01-20150804-KoreanhfchannelSNR10-cps01027 avg. like is -42.6467 over 201 frames.
LOG (gmm-acc-stats-ali[5.5.52-6d919]:main():gmm-acc-stats-ali.cc:105) Processed 4700 utterances; for utterance s01f1ssgmr01-20150804-KoreanhfchannelSNR10-cps01080 avg. like is -45.0107 over 205 frames.
LOG (gmm-acc-stats-ali[5.5.52-6d919]:main():gmm-acc-stats-ali.cc:105) Processed 4750 utterances; for utterance s01f1ssgmr01-20150804-KoreanhfchannelSNR10-cps01131 avg. like is -42.397 over 193 frames.
LOG (gmm-acc-stats-ali[5.5.52-6d919]:main():gmm-acc-stats-ali.cc:105) Processed 4800 utterances; for utterance s01f1ssgmr01-20150804-KoreanhfchannelSNR10-cps01183 avg. like is -43.9461 over 175 frames.
LOG (gmm-acc-stats-ali[5.5.52-6d919]:main():gmm-acc-stats-ali.cc:105) Processed 4850 utterances; for utterance s01f1ssgmr01-20150804-KoreanhfchannelSNR10-cps01234 avg. like is -43.1698 over 216 frames.
LOG (gmm-acc-stats-ali[5.5.52-6d919]:main():gmm-acc-stats-ali.cc:105) Processed 4900 utterances; for utterance s01f1ssgmr01-20150804-KoreanhfchannelSNR10-cps01285 avg. like is -44.2844 over 179 frames.
LOG (gmm-acc-stats-ali[5.5.52-6d919]:main():gmm-acc-stats-ali.cc:105) Processed 4950 utterances; for utterance s01f1ssgmr01-20150804-KoreanhfchannelSNR10-cps01335 avg. like is -46.4307 over 188 frames.
LOG (gmm-acc-stats-ali[5.5.52-6d919]:main():gmm-acc-stats-ali.cc:105) Processed 5000 utterances; for utterance s01f1ssgmr01-20150804-KoreanhfchannelSNR10-cps01390 avg. like is -45.1751 over 178 frames.
LOG (gmm-acc-stats-ali[5.5.52-6d919]:main():gmm-acc-stats-ali.cc:105) Processed 5050 utterances; for utterance s01f1ssuar01-20150804-Korean-cps01039 avg. like is -50.3225 over 157 frames.
LOG (gmm-acc-stats-ali[5.5.52-6d919]:main():gmm-acc-stats-ali.cc:105) Processed 5100 utterances; for utterance s01f1ssuar01-20150804-Korean-cps01104 avg. like is -50.9154 over 160 frames.
LOG (gmm-acc-stats-ali[5.5.52-6d919]:main():gmm-acc-stats-ali.cc:105) Processed 5150 utterances; for utterance s01f1ssuar01-20150804-Korean-cps01162 avg. like is -51.199 over 154 frames.
LOG (gmm-acc-stats-ali[5.5.52-6d919]:main():gmm-acc-stats-ali.cc:105) Processed 5200 utterances; for utterance s01f1ssuar01-20150804-Korean-cps01220 avg. like is -51.6946 over 167 frames.
LOG (gmm-acc-stats-ali[5.5.52-6d919]:main():gmm-acc-stats-ali.cc:105) Processed 5250 utterances; for utterance s01f1ssuar01-20150804-Korean-cps01272 avg. like is -47.8903 over 142 frames.
LOG (gmm-acc-stats-ali[5.5.52-6d919]:main():gmm-acc-stats-ali.cc:105) Processed 5300 utterances; for utterance s01f1ssuar01-20150804-Korean-cps01324 avg. like is -51.9972 over 152 frames.
LOG (gmm-acc-stats-ali[5.5.52-6d919]:main():gmm-acc-stats-ali.cc:105) Processed 5350 utterances; for utterance s01f1ssuar01-20150804-Korean-cps01374 avg. like is -52.1537 over 157 frames.
LOG (gmm-acc-stats-ali[5.5.52-6d919]:main():gmm-acc-stats-ali.cc:105) Processed 5400 utterances; for utterance s01f1ssuar01-20150804-Koreancar1SNR10-cps01012 avg. like is -50.1165 over 193 frames.
LOG (gmm-acc-stats-ali[5.5.52-6d919]:main():gmm-acc-stats-ali.cc:105) Processed 5450 utterances; for utterance s01f1ssuar01-20150804-Koreancar1SNR10-cps01082 avg. like is -48.3697 over 164 frames.
LOG (gmm-acc-stats-ali[5.5.52-6d919]:main():gmm-acc-stats-ali.cc:105) Processed 5500 utterances; for utterance s01f1ssuar01-20150804-Koreancar1SNR10-cps01142 avg. like is -45.7904 over 175 frames.
LOG (gmm-acc-stats-ali[5.5.52-6d919]:main():gmm-acc-stats-ali.cc:105) Processed 5550 utterances; for utterance s01f1ssuar01-20150804-Koreancar1SNR10-cps01201 avg. like is -48.6698 over 137 frames.
LOG (gmm-acc-stats-ali[5.5.52-6d919]:main():gmm-acc-stats-ali.cc:105) Processed 5600 utterances; for utterance s01f1ssuar01-20150804-Koreancar1SNR10-cps01251 avg. like is -45.0995 over 130 frames.
LOG (gmm-acc-stats-ali[5.5.52-6d919]:main():gmm-acc-stats-ali.cc:105) Processed 5650 utterances; for utterance s01f1ssuar01-20150804-Koreancar1SNR10-cps01304 avg. like is -47.5223 over 174 frames.
LOG (gmm-acc-stats-ali[5.5.52-6d919]:main():gmm-acc-stats-ali.cc:105) Processed 5700 utterances; for utterance s01f1ssuar01-20150804-Koreancar1SNR10-cps01355 avg. like is -41.8025 over 169 frames.
LOG (gmm-acc-stats-ali[5.5.52-6d919]:main():gmm-acc-stats-ali.cc:105) Processed 5750 utterances; for utterance s01f1ssuar01-20150804-Koreancar1SNR10-cps01405 avg. like is -45.9764 over 154 frames.
LOG (gmm-acc-stats-ali[5.5.52-6d919]:main():gmm-acc-stats-ali.cc:105) Processed 5800 utterances; for utterance s01f2ccihm02-20150804-Korean-cps01041 avg. like is -45.8074 over 116 frames.
LOG (gmm-acc-stats-ali[5.5.52-6d919]:main():gmm-acc-stats-ali.cc:105) Processed 5850 utterances; for utterance s01f2ccihm02-20150804-Korean-cps01091 avg. like is -50.642 over 168 frames.
LOG (gmm-acc-stats-ali[5.5.52-6d919]:main():gmm-acc-stats-ali.cc:105) Processed 5900 utterances; for utterance s01f2ccihm02-20150804-Korean-cps01143 avg. like is -53.5223 over 143 frames.
LOG (gmm-acc-stats-ali[5.5.52-6d919]:main():gmm-acc-stats-ali.cc:105) Processed 5950 utterances; for utterance s01f2ccihm02-20150804-Korean-cps01194 avg. like is -51.23 over 158 frames.
LOG (gmm-acc-stats-ali[5.5.52-6d919]:main():gmm-acc-stats-ali.cc:105) Processed 6000 utterances; for utterance s01f2ccihm02-20150804-Korean-cps01246 avg. like is -48.1363 over 147 frames.
LOG (gmm-acc-stats-ali[5.5.52-6d919]:main():gmm-acc-stats-ali.cc:105) Processed 6050 utterances; for utterance s01f2ccihm02-20150804-Korean-cps01300 avg. like is -49.2363 over 128 frames.
LOG (gmm-acc-stats-ali[5.5.52-6d919]:main():gmm-acc-stats-ali.cc:105) Processed 6100 utterances; for utterance s01f2ccihm02-20150804-Korean-cps01350 avg. like is -51.5627 over 123 frames.
LOG (gmm-acc-stats-ali[5.5.52-6d919]:main():gmm-acc-stats-ali.cc:105) Processed 6150 utterances; for utterance s01f2ccihm02-20150804-Korean-cps01401 avg. like is -51.1145 over 141 frames.
LOG (gmm-acc-stats-ali[5.5.52-6d919]:main():gmm-acc-stats-ali.cc:105) Processed 6200 utterances; for utterance s01f2ccihm02-20150804-Koreanbabble2SNR10-cps01036 avg. like is -50.2626 over 162 frames.
LOG (gmm-acc-stats-ali[5.5.52-6d919]:main():gmm-acc-stats-ali.cc:105) Processed 6250 utterances; for utterance s01f2ccihm02-20150804-Koreanbabble2SNR10-cps01086 avg. like is -48.8859 over 170 frames.
LOG (gmm-acc-stats-ali[5.5.52-6d919]:main():gmm-acc-stats-ali.cc:105) Processed 6300 utterances; for utterance s01f2ccihm02-20150804-Koreanbabble2SNR10-cps01138 avg. like is -49.2243 over 131 frames.
LOG (gmm-acc-stats-ali[5.5.52-6d919]:main():gmm-acc-stats-ali.cc:105) Processed 6350 utterances; for utterance s01f2ccihm02-20150804-Koreanbabble2SNR10-cps01189 avg. like is -47.6907 over 132 frames.
LOG (gmm-acc-stats-ali[5.5.52-6d919]:main():gmm-acc-stats-ali.cc:105) Processed 6400 utterances; for utterance s01f2ccihm02-20150804-Koreanbabble2SNR10-cps01241 avg. like is -48.0047 over 160 frames.
LOG (gmm-acc-stats-ali[5.5.52-6d919]:main():gmm-acc-stats-ali.cc:105) Processed 6450 utterances; for utterance s01f2ccihm02-20150804-Koreanbabble2SNR10-cps01295 avg. like is -51.385 over 124 frames.
LOG (gmm-acc-stats-ali[5.5.52-6d919]:main():gmm-acc-stats-ali.cc:105) Processed 6500 utterances; for utterance s01f2ccihm02-20150804-Koreanbabble2SNR10-cps01345 avg. like is -49.523 over 129 frames.
LOG (gmm-acc-stats-ali[5.5.52-6d919]:main():gmm-acc-stats-ali.cc:105) Processed 6550 utterances; for utterance s01f2ccihm02-20150804-Koreanbabble2SNR10-cps01396 avg. like is -50.5324 over 125 frames.
LOG (gmm-acc-stats-ali[5.5.52-6d919]:main():gmm-acc-stats-ali.cc:105) Processed 6600 utterances; for utterance s01f2cciso01-20150804-Korean-cps01030 avg. like is -51.8659 over 162 frames.
LOG (gmm-acc-stats-ali[5.5.52-6d919]:main():gmm-acc-stats-ali.cc:105) Processed 6650 utterances; for utterance s01f2cciso01-20150804-Korean-cps01080 avg. like is -49.6439 over 185 frames.
LOG (gmm-acc-stats-ali[5.5.52-6d919]:main():gmm-acc-stats-ali.cc:105) Processed 6700 utterances; for utterance s01f2cciso01-20150804-Korean-cps01130 avg. like is -53.7756 over 223 frames.
LOG (gmm-acc-stats-ali[5.5.52-6d919]:main():gmm-acc-stats-ali.cc:105) Processed 6750 utterances; for utterance s01f2cciso01-20150804-Korean-cps01180 avg. like is -50.9011 over 142 frames.
LOG (gmm-acc-stats-ali[5.5.52-6d919]:main():gmm-acc-stats-ali.cc:105) Processed 6800 utterances; for utterance s01f2cciso01-20150804-Korean-cps01230 avg. like is -42.9039 over 192 frames.
LOG (gmm-acc-stats-ali[5.5.52-6d919]:main():gmm-acc-stats-ali.cc:105) Processed 6850 utterances; for utterance s01f2cciso01-20150804-Korean-cps01280 avg. like is -54.2871 over 189 frames.
LOG (gmm-acc-stats-ali[5.5.52-6d919]:main():gmm-acc-stats-ali.cc:105) Processed 6900 utterances; for utterance s01f2cciso01-20150804-Korean-cps01330 avg. like is -51.9413 over 171 frames.
LOG (gmm-acc-stats-ali[5.5.52-6d919]:main():gmm-acc-stats-ali.cc:105) Processed 6950 utterances; for utterance s01f2cciso01-20150804-Korean-cps01381 avg. like is -46.0665 over 180 frames.
LOG (gmm-acc-stats-ali[5.5.52-6d919]:main():gmm-acc-stats-ali.cc:105) Processed 7000 utterances; for utterance s01f2cciso01-20150804-Koreanleopard2SNR10-cps01015 avg. like is -50.9197 over 189 frames.
LOG (gmm-acc-stats-ali[5.5.52-6d919]:main():gmm-acc-stats-ali.cc:105) Processed 7050 utterances; for utterance s01f2cciso01-20150804-Koreanleopard2SNR10-cps01065 avg. like is -44.3452 over 173 frames.
LOG (gmm-acc-stats-ali[5.5.52-6d919]:main():gmm-acc-stats-ali.cc:105) Processed 7100 utterances; for utterance s01f2cciso01-20150804-Koreanleopard2SNR10-cps01115 avg. like is -47.1254 over 173 frames.
LOG (gmm-acc-stats-ali[5.5.52-6d919]:main():gmm-acc-stats-ali.cc:105) Processed 7150 utterances; for utterance s01f2cciso01-20150804-Koreanleopard2SNR10-cps01165 avg. like is -44.97 over 162 frames.
LOG (gmm-acc-stats-ali[5.5.52-6d919]:main():gmm-acc-stats-ali.cc:105) Processed 7200 utterances; for utterance s01f2cciso01-20150804-Koreanleopard2SNR10-cps01215 avg. like is -42.2132 over 171 frames.
LOG (gmm-acc-stats-ali[5.5.52-6d919]:main():gmm-acc-stats-ali.cc:105) Processed 7250 utterances; for utterance s01f2cciso01-20150804-Koreanleopard2SNR10-cps01265 avg. like is -43.1295 over 174 frames.
LOG (gmm-acc-stats-ali[5.5.52-6d919]:main():gmm-acc-stats-ali.cc:105) Processed 7300 utterances; for utterance s01f2cciso01-20150804-Koreanleopard2SNR10-cps01315 avg. like is -41.8664 over 173 frames.
LOG (gmm-acc-stats-ali[5.5.52-6d919]:main():gmm-acc-stats-ali.cc:105) Processed 7350 utterances; for utterance s01f2cciso01-20150804-Koreanleopard2SNR10-cps01365 avg. like is -47.5359 over 166 frames.
LOG (gmm-acc-stats-ali[5.5.52-6d919]:main():gmm-acc-stats-ali.cc:105) Processed 7400 utterances; for utterance s01f2cciso01-20150804-Koreanleopard2SNR10-cps01416 avg. like is -43.0461 over 171 frames.
LOG (gmm-acc-stats-ali[5.5.52-6d919]:main():gmm-acc-stats-ali.cc:105) Processed 7450 utterances; for utterance s01f2jriej01-20150804-Korean-cps01050 avg. like is -50.9934 over 150 frames.
LOG (gmm-acc-stats-ali[5.5.52-6d919]:main():gmm-acc-stats-ali.cc:105) Processed 7500 utterances; for utterance s01f2jriej01-20150804-Korean-cps01102 avg. like is -48.4983 over 194 frames.
LOG (gmm-acc-stats-ali[5.5.52-6d919]:main():gmm-acc-stats-ali.cc:105) Processed 7550 utterances; for utterance s01f2jriej01-20150804-Korean-cps01153 avg. like is -50.5456 over 132 frames.
LOG (gmm-acc-stats-ali[5.5.52-6d919]:main():gmm-acc-stats-ali.cc:105) Processed 7600 utterances; for utterance s01f2jriej01-20150804-Korean-cps01203 avg. like is -41.9419 over 237 frames.
LOG (gmm-acc-stats-ali[5.5.52-6d919]:main():gmm-acc-stats-ali.cc:105) Processed 7650 utterances; for utterance s01f2jriej01-20150804-Korean-cps01254 avg. like is -48.5648 over 220 frames.
LOG (gmm-acc-stats-ali[5.5.52-6d919]:main():gmm-acc-stats-ali.cc:105) Processed 7700 utterances; for utterance s01f2jriej01-20150804-Korean-cps01306 avg. like is -45.6392 over 254 frames.
LOG (gmm-acc-stats-ali[5.5.52-6d919]:main():gmm-acc-stats-ali.cc:105) Processed 7750 utterances; for utterance s01f2jriej01-20150804-Korean-cps01358 avg. like is -47.78 over 215 frames.
LOG (gmm-acc-stats-ali[5.5.52-6d919]:main():gmm-acc-stats-ali.cc:105) Processed 7800 utterances; for utterance s01f2jriej01-20150804-Korean-cps01410 avg. like is -50.3149 over 198 frames.
LOG (gmm-acc-stats-ali[5.5.52-6d919]:main():gmm-acc-stats-ali.cc:105) Processed 7850 utterances; for utterance s01f2jriej01-20150804-KoreanvolvoSNR10-cps01043 avg. like is -49.6009 over 153 frames.
LOG (gmm-acc-stats-ali[5.5.52-6d919]:main():gmm-acc-stats-ali.cc:105) Processed 7900 utterances; for utterance s01f2jriej01-20150804-KoreanvolvoSNR10-cps01096 avg. like is -46.9097 over 220 frames.
LOG (gmm-acc-stats-ali[5.5.52-6d919]:main():gmm-acc-stats-ali.cc:105) Processed 7950 utterances; for utterance s01f2jriej01-20150804-KoreanvolvoSNR10-cps01147 avg. like is -49.3306 over 134 frames.
LOG (gmm-acc-stats-ali[5.5.52-6d919]:main():gmm-acc-stats-ali.cc:105) Processed 8000 utterances; for utterance s01f2jriej01-20150804-KoreanvolvoSNR10-cps01197 avg. like is -45.919 over 194 frames.
LOG (gmm-acc-stats-ali[5.5.52-6d919]:main():gmm-acc-stats-ali.cc:105) Processed 8050 utterances; for utterance s01f2jriej01-20150804-KoreanvolvoSNR10-cps01248 avg. like is -47.5844 over 203 frames.
LOG (gmm-acc-stats-ali[5.5.52-6d919]:main():gmm-acc-stats-ali.cc:105) Processed 8100 utterances; for utterance s01f2jriej01-20150804-KoreanvolvoSNR10-cps01300 avg. like is -44.8411 over 220 frames.
LOG (gmm-acc-stats-ali[5.5.52-6d919]:main():gmm-acc-stats-ali.cc:105) Processed 8150 utterances; for utterance s01f2jriej01-20150804-KoreanvolvoSNR10-cps01352 avg. like is -43.2142 over 241 frames.
LOG (gmm-acc-stats-ali[5.5.52-6d919]:main():gmm-acc-stats-ali.cc:105) Processed 8200 utterances; for utterance s01f2jriej01-20150804-KoreanvolvoSNR10-cps01404 avg. like is -45.6778 over 237 frames.
LOG (gmm-acc-stats-ali[5.5.52-6d919]:main():gmm-acc-stats-ali.cc:105) Processed 8250 utterances; for utterance s01f2jrssy01-20150804-Korean-cps01037 avg. like is -54.1982 over 183 frames.
LOG (gmm-acc-stats-ali[5.5.52-6d919]:main():gmm-acc-stats-ali.cc:105) Processed 8300 utterances; for utterance s01f2jrssy01-20150804-Korean-cps01087 avg. like is -51.0735 over 188 frames.
LOG (gmm-acc-stats-ali[5.5.52-6d919]:main():gmm-acc-stats-ali.cc:105) Processed 8350 utterances; for utterance s01f2jrssy01-20150804-Korean-cps01138 avg. like is -47.4871 over 176 frames.
LOG (gmm-acc-stats-ali[5.5.52-6d919]:main():gmm-acc-stats-ali.cc:105) Processed 8400 utterances; for utterance s01f2jrssy01-20150804-Korean-cps01188 avg. like is -54.0464 over 200 frames.
LOG (gmm-acc-stats-ali[5.5.52-6d919]:main():gmm-acc-stats-ali.cc:105) Processed 8450 utterances; for utterance s01f2jrssy01-20150804-Korean-cps01239 avg. like is -51.8997 over 146 frames.
LOG (gmm-acc-stats-ali[5.5.52-6d919]:main():gmm-acc-stats-ali.cc:105) Processed 8500 utterances; for utterance s01f2jrssy01-20150804-Korean-cps01290 avg. like is -52.6153 over 225 frames.
LOG (gmm-acc-stats-ali[5.5.52-6d919]:main():gmm-acc-stats-ali.cc:105) Processed 8550 utterances; for utterance s01f2jrssy01-20150804-Korean-cps01341 avg. like is -52.5376 over 215 frames.
LOG (gmm-acc-stats-ali[5.5.52-6d919]:main():gmm-acc-stats-ali.cc:105) Processed 8600 utterances; for utterance s01f2jrssy01-20150804-Korean-cps01391 avg. like is -56.96 over 198 frames.
LOG (gmm-acc-stats-ali[5.5.52-6d919]:main():gmm-acc-stats-ali.cc:105) Processed 8650 utterances; for utterance s01f2jrssy01-20150804-KoreanleopardSNR10-cps01024 avg. like is -47.0648 over 205 frames.
LOG (gmm-acc-stats-ali[5.5.52-6d919]:main():gmm-acc-stats-ali.cc:105) Processed 8700 utterances; for utterance s01f2jrssy01-20150804-KoreanleopardSNR10-cps01074 avg. like is -44.6632 over 190 frames.
LOG (gmm-acc-stats-ali[5.5.52-6d919]:main():gmm-acc-stats-ali.cc:105) Processed 8750 utterances; for utterance s01f2jrssy01-20150804-KoreanleopardSNR10-cps01125 avg. like is -43.5691 over 200 frames.
LOG (gmm-acc-stats-ali[5.5.52-6d919]:main():gmm-acc-stats-ali.cc:105) Processed 8800 utterances; for utterance s01f2jrssy01-20150804-KoreanleopardSNR10-cps01175 avg. like is -47.0263 over 193 frames.
LOG (gmm-acc-stats-ali[5.5.52-6d919]:main():gmm-acc-stats-ali.cc:105) Processed 8850 utterances; for utterance s01f2jrssy01-20150804-KoreanleopardSNR10-cps01226 avg. like is -45.7088 over 200 frames.
LOG (gmm-acc-stats-ali[5.5.52-6d919]:main():gmm-acc-stats-ali.cc:105) Processed 8900 utterances; for utterance s01f2jrssy01-20150804-KoreanleopardSNR10-cps01277 avg. like is -44.7218 over 200 frames.
LOG (gmm-acc-stats-ali[5.5.52-6d919]:main():gmm-acc-stats-ali.cc:105) Processed 8950 utterances; for utterance s01f2jrssy01-20150804-KoreanleopardSNR10-cps01327 avg. like is -42.7589 over 163 frames.
LOG (gmm-acc-stats-ali[5.5.52-6d919]:main():gmm-acc-stats-ali.cc:105) Processed 9000 utterances; for utterance s01f2jrssy01-20150804-KoreanleopardSNR10-cps01378 avg. like is -47.5875 over 168 frames.
LOG (gmm-acc-stats-ali[5.5.52-6d919]:main():gmm-acc-stats-ali.cc:105) Processed 9050 utterances; for utterance s01f2jruha01-20150804-Korean-cps01011 avg. like is -48.938 over 173 frames.
LOG (gmm-acc-stats-ali[5.5.52-6d919]:main():gmm-acc-stats-ali.cc:105) Processed 9100 utterances; for utterance s01f2jruha01-20150804-Korean-cps01063 avg. like is -52.2941 over 138 frames.
LOG (gmm-acc-stats-ali[5.5.52-6d919]:main():gmm-acc-stats-ali.cc:105) Processed 9150 utterances; for utterance s01f2jruha01-20150804-Korean-cps01113 avg. like is -48.6017 over 147 frames.
LOG (gmm-acc-stats-ali[5.5.52-6d919]:main():gmm-acc-stats-ali.cc:105) Processed 9200 utterances; for utterance s01f2jruha01-20150804-Korean-cps01164 avg. like is -49.7071 over 134 frames.
LOG (gmm-acc-stats-ali[5.5.52-6d919]:main():gmm-acc-stats-ali.cc:105) Processed 9250 utterances; for utterance s01f2jruha01-20150804-Korean-cps01214 avg. like is -51.5598 over 186 frames.
LOG (gmm-acc-stats-ali[5.5.52-6d919]:main():gmm-acc-stats-ali.cc:105) Processed 9300 utterances; for utterance s01f2jruha01-20150804-Korean-cps01264 avg. like is -44.9459 over 134 frames.
LOG (gmm-acc-stats-ali[5.5.52-6d919]:main():gmm-acc-stats-ali.cc:105) Processed 9350 utterances; for utterance s01f2jruha01-20150804-Korean-cps01315 avg. like is -44.7315 over 144 frames.
LOG (gmm-acc-stats-ali[5.5.52-6d919]:main():gmm-acc-stats-ali.cc:105) Processed 9400 utterances; for utterance s01f2jruha01-20150804-Korean-cps01365 avg. like is -48.1842 over 147 frames.
LOG (gmm-acc-stats-ali[5.5.52-6d919]:main():gmm-acc-stats-ali.cc:105) Processed 9450 utterances; for utterance s01f2jruha01-20150804-Korean-cps01415 avg. like is -47.4305 over 144 frames.
LOG (gmm-acc-stats-ali[5.5.52-6d919]:main():gmm-acc-stats-ali.cc:105) Processed 9500 utterances; for utterance s01f2jruha01-20150804-KoreanvolvoSNR10-cps01050 avg. like is -43.8578 over 143 frames.
LOG (gmm-acc-stats-ali[5.5.52-6d919]:main():gmm-acc-stats-ali.cc:105) Processed 9550 utterances; for utterance s01f2jruha01-20150804-KoreanvolvoSNR10-cps01100 avg. like is -50.1813 over 160 frames.
LOG (gmm-acc-stats-ali[5.5.52-6d919]:main():gmm-acc-stats-ali.cc:105) Processed 9600 utterances; for utterance s01f2jruha01-20150804-KoreanvolvoSNR10-cps01151 avg. like is -48.0905 over 190 frames.
LOG (gmm-acc-stats-ali[5.5.52-6d919]:main():gmm-acc-stats-ali.cc:105) Processed 9650 utterances; for utterance s01f2jruha01-20150804-KoreanvolvoSNR10-cps01201 avg. like is -46.1805 over 131 frames.
LOG (gmm-acc-stats-ali[5.5.52-6d919]:main():gmm-acc-stats-ali.cc:105) Processed 9700 utterances; for utterance s01f2jruha01-20150804-KoreanvolvoSNR10-cps01251 avg. like is -48.8756 over 124 frames.
LOG (gmm-acc-stats-ali[5.5.52-6d919]:main():gmm-acc-stats-ali.cc:105) Processed 9750 utterances; for utterance s01f2jruha01-20150804-KoreanvolvoSNR10-cps01301 avg. like is -50.107 over 145 frames.
LOG (gmm-acc-stats-ali[5.5.52-6d919]:main():gmm-acc-stats-ali.cc:105) Processed 9800 utterances; for utterance s01f2jruha01-20150804-KoreanvolvoSNR10-cps01352 avg. like is -47.5581 over 149 frames.
LOG (gmm-acc-stats-ali[5.5.52-6d919]:main():gmm-acc-stats-ali.cc:105) Processed 9850 utterances; for utterance s01f2jruha01-20150804-KoreanvolvoSNR10-cps01402 avg. like is -47.4406 over 126 frames.
LOG (gmm-acc-stats-ali[5.5.52-6d919]:main():gmm-acc-stats-ali.cc:105) Processed 9900 utterances; for utterance s01f2ksehy01-20150804-Korean-cps01035 avg. like is -48.1119 over 203 frames.
LOG (gmm-acc-stats-ali[5.5.52-6d919]:main():gmm-acc-stats-ali.cc:105) Processed 9950 utterances; for utterance s01f2ksehy01-20150804-Korean-cps01087 avg. like is -48.6069 over 238 frames.
LOG (gmm-acc-stats-ali[5.5.52-6d919]:main():gmm-acc-stats-ali.cc:105) Processed 10000 utterances; for utterance s01f2ksehy01-20150804-Korean-cps01139 avg. like is -48.2686 over 180 frames.
LOG (gmm-acc-stats-ali[5.5.52-6d919]:main():gmm-acc-stats-ali.cc:105) Processed 10050 utterances; for utterance s01f2ksehy01-20150804-Korean-cps01191 avg. like is -45.1561 over 194 frames.
LOG (gmm-acc-stats-ali[5.5.52-6d919]:main():gmm-acc-stats-ali.cc:105) Processed 10100 utterances; for utterance s01f2ksehy01-20150804-Korean-cps01243 avg. like is -49.7981 over 226 frames.
LOG (gmm-acc-stats-ali[5.5.52-6d919]:main():gmm-acc-stats-ali.cc:105) Processed 10150 utterances; for utterance s01f2ksehy01-20150804-Korean-cps01295 avg. like is -51.0857 over 218 frames.
LOG (gmm-acc-stats-ali[5.5.52-6d919]:main():gmm-acc-stats-ali.cc:105) Processed 10200 utterances; for utterance s01f2ksehy01-20150804-Korean-cps01345 avg. like is -45.4101 over 222 frames.
LOG (gmm-acc-stats-ali[5.5.52-6d919]:main():gmm-acc-stats-ali.cc:105) Processed 10250 utterances; for utterance s01f2ksehy01-20150804-Korean-cps01400 avg. like is -54.6479 over 163 frames.
LOG (gmm-acc-stats-ali[5.5.52-6d919]:main():gmm-acc-stats-ali.cc:105) Processed 10300 utterances; for utterance s01f2ksehy01-20150804-KoreanvolvoSNR10-cps01033 avg. like is -47.47 over 207 frames.
LOG (gmm-acc-stats-ali[5.5.52-6d919]:main():gmm-acc-stats-ali.cc:105) Processed 10350 utterances; for utterance s01f2ksehy01-20150804-KoreanvolvoSNR10-cps01085 avg. like is -48.9838 over 187 frames.
LOG (gmm-acc-stats-ali[5.5.52-6d919]:main():gmm-acc-stats-ali.cc:105) Processed 10400 utterances; for utterance s01f2ksehy01-20150804-KoreanvolvoSNR10-cps01137 avg. like is -44.5664 over 199 frames.
LOG (gmm-acc-stats-ali[5.5.52-6d919]:main():gmm-acc-stats-ali.cc:105) Processed 10450 utterances; for utterance s01f2ksehy01-20150804-KoreanvolvoSNR10-cps01189 avg. like is -40.7648 over 196 frames.
LOG (gmm-acc-stats-ali[5.5.52-6d919]:main():gmm-acc-stats-ali.cc:105) Processed 10500 utterances; for utterance s01f2ksehy01-20150804-KoreanvolvoSNR10-cps01241 avg. like is -41.9269 over 218 frames.
LOG (gmm-acc-stats-ali[5.5.52-6d919]:main():gmm-acc-stats-ali.cc:105) Processed 10550 utterances; for utterance s01f2ksehy01-20150804-KoreanvolvoSNR10-cps01293 avg. like is -41.4689 over 202 frames.
LOG (gmm-acc-stats-ali[5.5.52-6d919]:main():gmm-acc-stats-ali.cc:105) Processed 10600 utterances; for utterance s01f2ksehy01-20150804-KoreanvolvoSNR10-cps01343 avg. like is -43.5946 over 252 frames.
LOG (gmm-acc-stats-ali[5.5.52-6d919]:main():gmm-acc-stats-ali.cc:105) Processed 10650 utterances; for utterance s01f2ksehy01-20150804-KoreanvolvoSNR10-cps01398 avg. like is -44.9925 over 184 frames.
LOG (gmm-acc-stats-ali[5.5.52-6d919]:main():gmm-acc-stats-ali.cc:105) Processed 10700 utterances; for utterance s01f2ksghy01-20150804-Korean-cps01031 avg. like is -52.4506 over 164 frames.
LOG (gmm-acc-stats-ali[5.5.52-6d919]:main():gmm-acc-stats-ali.cc:105) Processed 10750 utterances; for utterance s01f2ksghy01-20150804-Korean-cps01082 avg. like is -51.296 over 164 frames.
LOG (gmm-acc-stats-ali[5.5.52-6d919]:main():gmm-acc-stats-ali.cc:105) Processed 10800 utterances; for utterance s01f2ksghy01-20150804-Korean-cps01132 avg. like is -47.6884 over 144 frames.
LOG (gmm-acc-stats-ali[5.5.52-6d919]:main():gmm-acc-stats-ali.cc:105) Processed 10850 utterances; for utterance s01f2ksghy01-20150804-Korean-cps01183 avg. like is -51.6799 over 140 frames.
LOG (gmm-acc-stats-ali[5.5.52-6d919]:main():gmm-acc-stats-ali.cc:105) Processed 10900 utterances; for utterance s01f2ksghy01-20150804-Korean-cps01235 avg. like is -55.9107 over 148 frames.
LOG (gmm-acc-stats-ali[5.5.52-6d919]:main():gmm-acc-stats-ali.cc:105) Processed 10950 utterances; for utterance s01f2ksghy01-20150804-Korean-cps01287 avg. like is -57.5178 over 132 frames.
LOG (gmm-acc-stats-ali[5.5.52-6d919]:main():gmm-acc-stats-ali.cc:105) Processed 11000 utterances; for utterance s01f2ksghy01-20150804-Korean-cps01339 avg. like is -52.8057 over 154 frames.
LOG (gmm-acc-stats-ali[5.5.52-6d919]:main():gmm-acc-stats-ali.cc:105) Processed 11050 utterances; for utterance s01f2ksghy01-20150804-Korean-cps01391 avg. like is -51.4309 over 160 frames.
LOG (gmm-acc-stats-ali[5.5.52-6d919]:main():gmm-acc-stats-ali.cc:105) Processed 11100 utterances; for utterance s01f2ksghy01-20150804-Koreanfactory2SNR10-cps01025 avg. like is -45.4691 over 141 frames.
LOG (gmm-acc-stats-ali[5.5.52-6d919]:main():gmm-acc-stats-ali.cc:105) Processed 11150 utterances; for utterance s01f2ksghy01-20150804-Koreanfactory2SNR10-cps01076 avg. like is -47.1728 over 155 frames.
LOG (gmm-acc-stats-ali[5.5.52-6d919]:main():gmm-acc-stats-ali.cc:105) Processed 11200 utterances; for utterance s01f2ksghy01-20150804-Koreanfactory2SNR10-cps01126 avg. like is -40.9673 over 203 frames.
LOG (gmm-acc-stats-ali[5.5.52-6d919]:main():gmm-acc-stats-ali.cc:105) Processed 11250 utterances; for utterance s01f2ksghy01-20150804-Koreanfactory2SNR10-cps01176 avg. like is -45.1441 over 166 frames.
LOG (gmm-acc-stats-ali[5.5.52-6d919]:main():gmm-acc-stats-ali.cc:105) Processed 11300 utterances; for utterance s01f2ksghy01-20150804-Koreanfactory2SNR10-cps01229 avg. like is -43.0026 over 135 frames.
LOG (gmm-acc-stats-ali[5.5.52-6d919]:main():gmm-acc-stats-ali.cc:105) Processed 11350 utterances; for utterance s01f2ksghy01-20150804-Koreanfactory2SNR10-cps01281 avg. like is -46.5629 over 166 frames.
LOG (gmm-acc-stats-ali[5.5.52-6d919]:main():gmm-acc-stats-ali.cc:105) Processed 11400 utterances; for utterance s01f2ksghy01-20150804-Koreanfactory2SNR10-cps01333 avg. like is -46.1823 over 143 frames.
LOG (gmm-acc-stats-ali[5.5.52-6d919]:main():gmm-acc-stats-ali.cc:105) Processed 11450 utterances; for utterance s01f2ksghy01-20150804-Koreanfactory2SNR10-cps01385 avg. like is -45.1037 over 167 frames.
LOG (apply-cmvn[5.5.52-6d919]:main():apply-cmvn.cc:162) Applied cepstral mean normalization to 11481 utterances, errors on 0
LOG (transform-feats[5.5.52-6d919]:main():transform-feats.cc:158) Overall average [pseudo-]logdet is -92.5347 over 3.13471e+06 frames.
LOG (transform-feats[5.5.52-6d919]:main():transform-feats.cc:161) Applied transform to 11481 utterances; 0 had errors.
LOG (transform-feats[5.5.52-6d919]:main():transform-feats.cc:158) Overall average logdet is 2.32394 over 3.13471e+06 frames.
LOG (transform-feats[5.5.52-6d919]:main():transform-feats.cc:161) Applied transform to 11481 utterances; 0 had errors.
LOG (gmm-acc-stats-ali[5.5.52-6d919]:main():gmm-acc-stats-ali.cc:112) Done 11481 files, 0 with errors.
LOG (gmm-acc-stats-ali[5.5.52-6d919]:main():gmm-acc-stats-ali.cc:115) Overall avg like per frame (Gaussian only) = -48.6386 over 3134714 frames.
LOG (gmm-acc-stats-ali[5.5.52-6d919]:main():gmm-acc-stats-ali.cc:123) Written accs.
# Accounting: time=11 threads=1
# Ended (code 0) at Tue May  7 15:59:35 KST 2019, elapsed time 11 seconds
