# gmm-acc-stats-ali exp/tri3b/3.mdl "ark,s,cs:apply-cmvn  --utt2spk=ark:data/train/split8/5/utt2spk scp:data/train/split8/5/cmvn.scp scp:data/train/split8/5/feats.scp ark:- | splice-feats  ark:- ark:- | transform-feats exp/tri2b_ali/final.mat ark:- ark:- | transform-feats --utt2spk=ark:data/train/split8/5/utt2spk ark:exp/tri3b/trans.5 ark:- ark:- |" "ark,s,cs:gunzip -c exp/tri3b/ali.5.gz|" exp/tri3b/3.5.acc 
# Started at Tue May  7 16:02:24 KST 2019
#
gmm-acc-stats-ali exp/tri3b/3.mdl 'ark,s,cs:apply-cmvn  --utt2spk=ark:data/train/split8/5/utt2spk scp:data/train/split8/5/cmvn.scp scp:data/train/split8/5/feats.scp ark:- | splice-feats  ark:- ark:- | transform-feats exp/tri2b_ali/final.mat ark:- ark:- | transform-feats --utt2spk=ark:data/train/split8/5/utt2spk ark:exp/tri3b/trans.5 ark:- ark:- |' 'ark,s,cs:gunzip -c exp/tri3b/ali.5.gz|' exp/tri3b/3.5.acc 
transform-feats exp/tri2b_ali/final.mat ark:- ark:- 
apply-cmvn --utt2spk=ark:data/train/split8/5/utt2spk scp:data/train/split8/5/cmvn.scp scp:data/train/split8/5/feats.scp ark:- 
splice-feats ark:- ark:- 
transform-feats --utt2spk=ark:data/train/split8/5/utt2spk ark:exp/tri3b/trans.5 ark:- ark:- 
LOG (gmm-acc-stats-ali[5.5.52-6d919]:main():gmm-acc-stats-ali.cc:105) Processed 50 utterances; for utterance s01m3ssghz01-20150804-Korean-cps01050 avg. like is -52.5774 over 128 frames.
LOG (gmm-acc-stats-ali[5.5.52-6d919]:main():gmm-acc-stats-ali.cc:105) Processed 100 utterances; for utterance s01m3ssghz01-20150804-Korean-cps01101 avg. like is -50.2044 over 130 frames.
LOG (gmm-acc-stats-ali[5.5.52-6d919]:main():gmm-acc-stats-ali.cc:105) Processed 150 utterances; for utterance s01m3ssghz01-20150804-Korean-cps01151 avg. like is -53.8466 over 164 frames.
LOG (gmm-acc-stats-ali[5.5.52-6d919]:main():gmm-acc-stats-ali.cc:105) Processed 200 utterances; for utterance s01m3ssghz01-20150804-Korean-cps01201 avg. like is -47.9373 over 120 frames.
LOG (gmm-acc-stats-ali[5.5.52-6d919]:main():gmm-acc-stats-ali.cc:105) Processed 250 utterances; for utterance s01m3ssghz01-20150804-Korean-cps01251 avg. like is -55.2042 over 110 frames.
LOG (gmm-acc-stats-ali[5.5.52-6d919]:main():gmm-acc-stats-ali.cc:105) Processed 300 utterances; for utterance s01m3ssghz01-20150804-Korean-cps01301 avg. like is -53.38 over 136 frames.
LOG (gmm-acc-stats-ali[5.5.52-6d919]:main():gmm-acc-stats-ali.cc:105) Processed 350 utterances; for utterance s01m3ssghz01-20150804-Korean-cps01351 avg. like is -54.548 over 129 frames.
LOG (gmm-acc-stats-ali[5.5.52-6d919]:main():gmm-acc-stats-ali.cc:105) Processed 400 utterances; for utterance s01m3ssghz01-20150804-Korean-cps01402 avg. like is -57.5882 over 115 frames.
LOG (gmm-acc-stats-ali[5.5.52-6d919]:main():gmm-acc-stats-ali.cc:105) Processed 450 utterances; for utterance s01m3ssghz01-20150804-Koreanfactory2SNR10-cps01035 avg. like is -47.4025 over 145 frames.
LOG (gmm-acc-stats-ali[5.5.52-6d919]:main():gmm-acc-stats-ali.cc:105) Processed 500 utterances; for utterance s01m3ssghz01-20150804-Koreanfactory2SNR10-cps01086 avg. like is -45.5379 over 132 frames.
LOG (gmm-acc-stats-ali[5.5.52-6d919]:main():gmm-acc-stats-ali.cc:105) Processed 550 utterances; for utterance s01m3ssghz01-20150804-Koreanfactory2SNR10-cps01136 avg. like is -44.4978 over 155 frames.
LOG (gmm-acc-stats-ali[5.5.52-6d919]:main():gmm-acc-stats-ali.cc:105) Processed 600 utterances; for utterance s01m3ssghz01-20150804-Koreanfactory2SNR10-cps01186 avg. like is -42.3598 over 122 frames.
LOG (gmm-acc-stats-ali[5.5.52-6d919]:main():gmm-acc-stats-ali.cc:105) Processed 650 utterances; for utterance s01m3ssghz01-20150804-Koreanfactory2SNR10-cps01236 avg. like is -46.1522 over 132 frames.
LOG (gmm-acc-stats-ali[5.5.52-6d919]:main():gmm-acc-stats-ali.cc:105) Processed 700 utterances; for utterance s01m3ssghz01-20150804-Koreanfactory2SNR10-cps01286 avg. like is -48.4166 over 158 frames.
LOG (gmm-acc-stats-ali[5.5.52-6d919]:main():gmm-acc-stats-ali.cc:105) Processed 750 utterances; for utterance s01m3ssghz01-20150804-Koreanfactory2SNR10-cps01336 avg. like is -47.3619 over 151 frames.
LOG (gmm-acc-stats-ali[5.5.52-6d919]:main():gmm-acc-stats-ali.cc:105) Processed 800 utterances; for utterance s01m3ssghz01-20150804-Koreanfactory2SNR10-cps01387 avg. like is -48.5034 over 128 frames.
LOG (gmm-acc-stats-ali[5.5.52-6d919]:main():gmm-acc-stats-ali.cc:105) Processed 850 utterances; for utterance s01m3ssjsh02-20150804-Korean-cps01023 avg. like is -45.8492 over 178 frames.
LOG (gmm-acc-stats-ali[5.5.52-6d919]:main():gmm-acc-stats-ali.cc:105) Processed 900 utterances; for utterance s01m3ssjsh02-20150804-Korean-cps01081 avg. like is -49.3093 over 161 frames.
LOG (gmm-acc-stats-ali[5.5.52-6d919]:main():gmm-acc-stats-ali.cc:105) Processed 950 utterances; for utterance s01m3ssjsh02-20150804-Korean-cps01142 avg. like is -50.3112 over 176 frames.
LOG (gmm-acc-stats-ali[5.5.52-6d919]:main():gmm-acc-stats-ali.cc:105) Processed 1000 utterances; for utterance s01m3ssjsh02-20150804-Korean-cps01199 avg. like is -48.2173 over 144 frames.
LOG (gmm-acc-stats-ali[5.5.52-6d919]:main():gmm-acc-stats-ali.cc:105) Processed 1050 utterances; for utterance s01m3ssjsh02-20150804-Korean-cps01253 avg. like is -51.1533 over 189 frames.
LOG (gmm-acc-stats-ali[5.5.52-6d919]:main():gmm-acc-stats-ali.cc:105) Processed 1100 utterances; for utterance s01m3ssjsh02-20150804-Korean-cps01303 avg. like is -49.9193 over 172 frames.
LOG (gmm-acc-stats-ali[5.5.52-6d919]:main():gmm-acc-stats-ali.cc:105) Processed 1150 utterances; for utterance s01m3ssjsh02-20150804-Korean-cps01354 avg. like is -51.9942 over 115 frames.
LOG (gmm-acc-stats-ali[5.5.52-6d919]:main():gmm-acc-stats-ali.cc:105) Processed 1200 utterances; for utterance s01m3ssjsh02-20150804-Korean-cps01404 avg. like is -50.6134 over 167 frames.
LOG (gmm-acc-stats-ali[5.5.52-6d919]:main():gmm-acc-stats-ali.cc:105) Processed 1250 utterances; for utterance s01m4sscyj01-20150804-Korean-cps01039 avg. like is -50.4088 over 136 frames.
LOG (gmm-acc-stats-ali[5.5.52-6d919]:main():gmm-acc-stats-ali.cc:105) Processed 1300 utterances; for utterance s01m4sscyj01-20150804-Korean-cps01089 avg. like is -53.5551 over 138 frames.
LOG (gmm-acc-stats-ali[5.5.52-6d919]:main():gmm-acc-stats-ali.cc:105) Processed 1350 utterances; for utterance s01m4sscyj01-20150804-Korean-cps01139 avg. like is -52.0975 over 138 frames.
LOG (gmm-acc-stats-ali[5.5.52-6d919]:main():gmm-acc-stats-ali.cc:105) Processed 1400 utterances; for utterance s01m4sscyj01-20150804-Korean-cps01190 avg. like is -47.8836 over 125 frames.
LOG (gmm-acc-stats-ali[5.5.52-6d919]:main():gmm-acc-stats-ali.cc:105) Processed 1450 utterances; for utterance s01m4sscyj01-20150804-Korean-cps01241 avg. like is -51.5625 over 124 frames.
LOG (gmm-acc-stats-ali[5.5.52-6d919]:main():gmm-acc-stats-ali.cc:105) Processed 1500 utterances; for utterance s01m4sscyj01-20150804-Korean-cps01291 avg. like is -50.1585 over 139 frames.
LOG (gmm-acc-stats-ali[5.5.52-6d919]:main():gmm-acc-stats-ali.cc:105) Processed 1550 utterances; for utterance s01m4sscyj01-20150804-Korean-cps01341 avg. like is -52.3537 over 164 frames.
LOG (gmm-acc-stats-ali[5.5.52-6d919]:main():gmm-acc-stats-ali.cc:105) Processed 1600 utterances; for utterance s01m4sscyj01-20150804-Korean-cps01391 avg. like is -54.2159 over 148 frames.
LOG (gmm-acc-stats-ali[5.5.52-6d919]:main():gmm-acc-stats-ali.cc:105) Processed 1650 utterances; for utterance s01m4sscyj01-20150804-KoreanleopardSNR10-cps01024 avg. like is -47.5862 over 144 frames.
LOG (gmm-acc-stats-ali[5.5.52-6d919]:main():gmm-acc-stats-ali.cc:105) Processed 1700 utterances; for utterance s01m4sscyj01-20150804-KoreanleopardSNR10-cps01074 avg. like is -45.4041 over 123 frames.
LOG (gmm-acc-stats-ali[5.5.52-6d919]:main():gmm-acc-stats-ali.cc:105) Processed 1750 utterances; for utterance s01m4sscyj01-20150804-KoreanleopardSNR10-cps01124 avg. like is -45.8591 over 180 frames.
LOG (gmm-acc-stats-ali[5.5.52-6d919]:main():gmm-acc-stats-ali.cc:105) Processed 1800 utterances; for utterance s01m4sscyj01-20150804-KoreanleopardSNR10-cps01175 avg. like is -46.3165 over 139 frames.
LOG (gmm-acc-stats-ali[5.5.52-6d919]:main():gmm-acc-stats-ali.cc:105) Processed 1850 utterances; for utterance s01m4sscyj01-20150804-KoreanleopardSNR10-cps01226 avg. like is -46.5623 over 140 frames.
LOG (gmm-acc-stats-ali[5.5.52-6d919]:main():gmm-acc-stats-ali.cc:105) Processed 1900 utterances; for utterance s01m4sscyj01-20150804-KoreanleopardSNR10-cps01276 avg. like is -45.8717 over 140 frames.
LOG (gmm-acc-stats-ali[5.5.52-6d919]:main():gmm-acc-stats-ali.cc:105) Processed 1950 utterances; for utterance s01m4sscyj01-20150804-KoreanleopardSNR10-cps01326 avg. like is -45.6776 over 128 frames.
LOG (gmm-acc-stats-ali[5.5.52-6d919]:main():gmm-acc-stats-ali.cc:105) Processed 2000 utterances; for utterance s01m4sscyj01-20150804-KoreanleopardSNR10-cps01376 avg. like is -46.3616 over 148 frames.
LOG (gmm-acc-stats-ali[5.5.52-6d919]:main():gmm-acc-stats-ali.cc:105) Processed 2050 utterances; for utterance s01mc3khm00-20150803-Korean-s01a009 avg. like is -52.05 over 229 frames.
LOG (gmm-acc-stats-ali[5.5.52-6d919]:main():gmm-acc-stats-ali.cc:105) Processed 2100 utterances; for utterance s01mc3khm00-20150803-Korean-s01a059 avg. like is -55.5633 over 244 frames.
LOG (gmm-acc-stats-ali[5.5.52-6d919]:main():gmm-acc-stats-ali.cc:105) Processed 2150 utterances; for utterance s01mc3khm00-20150803-Korean-s01a109 avg. like is -49.8987 over 148 frames.
LOG (gmm-acc-stats-ali[5.5.52-6d919]:main():gmm-acc-stats-ali.cc:105) Processed 2200 utterances; for utterance s01mc3khm00-20150803-KoreandestroyeropsSNR10-s01a018 avg. like is -45.3093 over 209 frames.
LOG (gmm-acc-stats-ali[5.5.52-6d919]:main():gmm-acc-stats-ali.cc:105) Processed 2250 utterances; for utterance s01mc3khm00-20150803-KoreandestroyeropsSNR10-s01a068 avg. like is -47.3008 over 239 frames.
LOG (gmm-acc-stats-ali[5.5.52-6d919]:main():gmm-acc-stats-ali.cc:105) Processed 2300 utterances; for utterance s01mc3khm00-20150803-KoreandestroyeropsSNR10-s01a118 avg. like is -47.8738 over 287 frames.
LOG (gmm-acc-stats-ali[5.5.52-6d919]:main():gmm-acc-stats-ali.cc:105) Processed 2350 utterances; for utterance s01mg2yjk00-20150803-Korean-s01a027 avg. like is -49.12 over 200 frames.
LOG (gmm-acc-stats-ali[5.5.52-6d919]:main():gmm-acc-stats-ali.cc:105) Processed 2400 utterances; for utterance s01mg2yjk00-20150803-Korean-s01a077 avg. like is -54.4558 over 303 frames.
LOG (gmm-acc-stats-ali[5.5.52-6d919]:main():gmm-acc-stats-ali.cc:105) Processed 2450 utterances; for utterance s01mg2yjk00-20150803-Korean-s01a127 avg. like is -55.335 over 328 frames.
LOG (gmm-acc-stats-ali[5.5.52-6d919]:main():gmm-acc-stats-ali.cc:105) Processed 2500 utterances; for utterance s01mg2yjk00-20150803-KoreandestroyeropsSNR10-s01a036 avg. like is -48.7436 over 275 frames.
LOG (gmm-acc-stats-ali[5.5.52-6d919]:main():gmm-acc-stats-ali.cc:105) Processed 2550 utterances; for utterance s01mg2yjk00-20150803-KoreandestroyeropsSNR10-s01a086 avg. like is -47.9262 over 297 frames.
LOG (gmm-acc-stats-ali[5.5.52-6d919]:main():gmm-acc-stats-ali.cc:105) Processed 2600 utterances; for utterance s01mg2yjk00-20150803-KoreandestroyeropsSNR10-s01a136 avg. like is -45.985 over 235 frames.
LOG (gmm-acc-stats-ali[5.5.52-6d919]:main():gmm-acc-stats-ali.cc:105) Processed 2650 utterances; for utterance s01mg3lhs00-20150803-Korean-s01a045 avg. like is -51.9993 over 280 frames.
LOG (gmm-acc-stats-ali[5.5.52-6d919]:main():gmm-acc-stats-ali.cc:105) Processed 2700 utterances; for utterance s01mg3lhs00-20150803-Korean-s01a095 avg. like is -55.7757 over 218 frames.
LOG (gmm-acc-stats-ali[5.5.52-6d919]:main():gmm-acc-stats-ali.cc:105) Processed 2750 utterances; for utterance s01mg3lhs00-20150803-Koreanbabble2SNR10-s01a004 avg. like is -49.1506 over 220 frames.
LOG (gmm-acc-stats-ali[5.5.52-6d919]:main():gmm-acc-stats-ali.cc:105) Processed 2800 utterances; for utterance s01mg3lhs00-20150803-Koreanbabble2SNR10-s01a054 avg. like is -49.9706 over 191 frames.
LOG (gmm-acc-stats-ali[5.5.52-6d919]:main():gmm-acc-stats-ali.cc:105) Processed 2850 utterances; for utterance s01mg3lhs00-20150803-Koreanbabble2SNR10-s01a104 avg. like is -50.7054 over 276 frames.
LOG (gmm-acc-stats-ali[5.5.52-6d919]:main():gmm-acc-stats-ali.cc:105) Processed 2900 utterances; for utterance s01mg4wjw00-20150803-Korean-s01a013 avg. like is -52.2008 over 274 frames.
LOG (gmm-acc-stats-ali[5.5.52-6d919]:main():gmm-acc-stats-ali.cc:105) Processed 2950 utterances; for utterance s01mg4wjw00-20150803-Korean-s01a063 avg. like is -49.3472 over 224 frames.
LOG (gmm-acc-stats-ali[5.5.52-6d919]:main():gmm-acc-stats-ali.cc:105) Processed 3000 utterances; for utterance s01mg4wjw00-20150803-Korean-s01a113 avg. like is -49.857 over 204 frames.
LOG (gmm-acc-stats-ali[5.5.52-6d919]:main():gmm-acc-stats-ali.cc:105) Processed 3050 utterances; for utterance s01mg4wjw00-20150803-Koreanleopard2SNR10-s01a022 avg. like is -48.1686 over 271 frames.
LOG (gmm-acc-stats-ali[5.5.52-6d919]:main():gmm-acc-stats-ali.cc:105) Processed 3100 utterances; for utterance s01mg4wjw00-20150803-Koreanleopard2SNR10-s01a072 avg. like is -49.0272 over 373 frames.
LOG (gmm-acc-stats-ali[5.5.52-6d919]:main():gmm-acc-stats-ali.cc:105) Processed 3150 utterances; for utterance s01mg4wjw00-20150803-Koreanleopard2SNR10-s01a122 avg. like is -47.5977 over 264 frames.
LOG (gmm-acc-stats-ali[5.5.52-6d919]:main():gmm-acc-stats-ali.cc:105) Processed 3200 utterances; for utterance s01mj3huy00-20150803-Korean-s01a032 avg. like is -53.4591 over 249 frames.
LOG (gmm-acc-stats-ali[5.5.52-6d919]:main():gmm-acc-stats-ali.cc:105) Processed 3250 utterances; for utterance s01mj3huy00-20150803-Korean-s01a082 avg. like is -55.2169 over 281 frames.
LOG (gmm-acc-stats-ali[5.5.52-6d919]:main():gmm-acc-stats-ali.cc:105) Processed 3300 utterances; for utterance s01mj3huy00-20150803-Korean-s01a132 avg. like is -50.4794 over 198 frames.
LOG (gmm-acc-stats-ali[5.5.52-6d919]:main():gmm-acc-stats-ali.cc:105) Processed 3350 utterances; for utterance s01mj3huy00-20150803-Koreanleopard2SNR10-s01a042 avg. like is -49.2617 over 245 frames.
LOG (gmm-acc-stats-ali[5.5.52-6d919]:main():gmm-acc-stats-ali.cc:105) Processed 3400 utterances; for utterance s01mj3huy00-20150803-Koreanleopard2SNR10-s01a092 avg. like is -47.2776 over 192 frames.
LOG (gmm-acc-stats-ali[5.5.52-6d919]:main():gmm-acc-stats-ali.cc:105) Processed 3450 utterances; for utterance s01mj4kdh00-20150803-Korean-s01a001 avg. like is -52.6862 over 187 frames.
LOG (gmm-acc-stats-ali[5.5.52-6d919]:main():gmm-acc-stats-ali.cc:105) Processed 3500 utterances; for utterance s01mj4kdh00-20150803-Korean-s01a051 avg. like is -59.739 over 374 frames.
LOG (gmm-acc-stats-ali[5.5.52-6d919]:main():gmm-acc-stats-ali.cc:105) Processed 3550 utterances; for utterance s01mj4kdh00-20150803-Korean-s01a101 avg. like is -53.5536 over 256 frames.
LOG (gmm-acc-stats-ali[5.5.52-6d919]:main():gmm-acc-stats-ali.cc:105) Processed 3600 utterances; for utterance s01mj4kdh00-20150803-KoreanwhiteSNR10-s01a010 avg. like is -47.1675 over 304 frames.
LOG (gmm-acc-stats-ali[5.5.52-6d919]:main():gmm-acc-stats-ali.cc:105) Processed 3650 utterances; for utterance s01mj4kdh00-20150803-KoreanwhiteSNR10-s01a060 avg. like is -45.0214 over 268 frames.
LOG (gmm-acc-stats-ali[5.5.52-6d919]:main():gmm-acc-stats-ali.cc:105) Processed 3700 utterances; for utterance s01mj4kdh00-20150803-KoreanwhiteSNR10-s01a110 avg. like is -44.454 over 210 frames.
LOG (gmm-acc-stats-ali[5.5.52-6d919]:main():gmm-acc-stats-ali.cc:105) Processed 3750 utterances; for utterance s01ms2ktk00-20150803-Korean-s01a019 avg. like is -51.4795 over 248 frames.
LOG (gmm-acc-stats-ali[5.5.52-6d919]:main():gmm-acc-stats-ali.cc:105) Processed 3800 utterances; for utterance s01ms2ktk00-20150803-Korean-s01a070 avg. like is -54.8807 over 319 frames.
LOG (gmm-acc-stats-ali[5.5.52-6d919]:main():gmm-acc-stats-ali.cc:105) Processed 3850 utterances; for utterance s01ms2ktk00-20150803-Korean-s01a121 avg. like is -50.5353 over 224 frames.
LOG (gmm-acc-stats-ali[5.5.52-6d919]:main():gmm-acc-stats-ali.cc:105) Processed 3900 utterances; for utterance s01ms2ktk00-20150803-Koreanfactory2SNR10-s01a031 avg. like is -47.9535 over 247 frames.
LOG (gmm-acc-stats-ali[5.5.52-6d919]:main():gmm-acc-stats-ali.cc:105) Processed 3950 utterances; for utterance s01ms2ktk00-20150803-Koreanfactory2SNR10-s01a082 avg. like is -49.3332 over 269 frames.
LOG (gmm-acc-stats-ali[5.5.52-6d919]:main():gmm-acc-stats-ali.cc:105) Processed 4000 utterances; for utterance s01ms2ktk00-20150803-Koreanfactory2SNR10-s01a134 avg. like is -44.8018 over 153 frames.
LOG (gmm-acc-stats-ali[5.5.52-6d919]:main():gmm-acc-stats-ali.cc:105) Processed 4050 utterances; for utterance s01ms3jjh00-20150803-Korean-s01a043 avg. like is -52.5208 over 223 frames.
LOG (gmm-acc-stats-ali[5.5.52-6d919]:main():gmm-acc-stats-ali.cc:105) Processed 4100 utterances; for utterance s01ms3jjh00-20150803-Korean-s01a093 avg. like is -52.998 over 192 frames.
LOG (gmm-acc-stats-ali[5.5.52-6d919]:main():gmm-acc-stats-ali.cc:105) Processed 4150 utterances; for utterance s01ms3jjh00-20150803-Koreanleopard1SNR10-s01a003 avg. like is -49.5074 over 227 frames.
LOG (gmm-acc-stats-ali[5.5.52-6d919]:main():gmm-acc-stats-ali.cc:105) Processed 4200 utterances; for utterance s01ms3jjh00-20150803-Koreanleopard1SNR10-s01a053 avg. like is -47.8008 over 287 frames.
LOG (gmm-acc-stats-ali[5.5.52-6d919]:main():gmm-acc-stats-ali.cc:105) Processed 4250 utterances; for utterance s01ms3jjh00-20150803-Koreanleopard1SNR10-s01a103 avg. like is -48.492 over 288 frames.
LOG (gmm-acc-stats-ali[5.5.52-6d919]:main():gmm-acc-stats-ali.cc:105) Processed 4300 utterances; for utterance s01ms4cby00-20150803-Korean-s01a013 avg. like is -53.827 over 274 frames.
LOG (gmm-acc-stats-ali[5.5.52-6d919]:main():gmm-acc-stats-ali.cc:105) Processed 4350 utterances; for utterance s01ms4cby00-20150803-Korean-s01a063 avg. like is -51.1314 over 242 frames.
LOG (gmm-acc-stats-ali[5.5.52-6d919]:main():gmm-acc-stats-ali.cc:105) Processed 4400 utterances; for utterance s01ms4cby00-20150803-Korean-s01a113 avg. like is -51.035 over 219 frames.
LOG (gmm-acc-stats-ali[5.5.52-6d919]:main():gmm-acc-stats-ali.cc:105) Processed 4450 utterances; for utterance s01ms4cby00-20150803-KoreanhfchannelSNR10-s01a022 avg. like is -45.7387 over 283 frames.
LOG (gmm-acc-stats-ali[5.5.52-6d919]:main():gmm-acc-stats-ali.cc:105) Processed 4500 utterances; for utterance s01ms4cby00-20150803-KoreanhfchannelSNR10-s01a072 avg. like is -45.4836 over 327 frames.
LOG (gmm-acc-stats-ali[5.5.52-6d919]:main():gmm-acc-stats-ali.cc:105) Processed 4550 utterances; for utterance s01ms4cby00-20150803-KoreanhfchannelSNR10-s01a122 avg. like is -44.3219 over 214 frames.
LOG (gmm-acc-stats-ali[5.5.52-6d919]:main():gmm-acc-stats-ali.cc:105) Processed 4600 utterances; for utterance s01ms4skd00-20150803-Korean-s01a031 avg. like is -59.3762 over 252 frames.
LOG (gmm-acc-stats-ali[5.5.52-6d919]:main():gmm-acc-stats-ali.cc:105) Processed 4650 utterances; for utterance s01ms4skd00-20150803-Korean-s01a082 avg. like is -52.4193 over 296 frames.
LOG (gmm-acc-stats-ali[5.5.52-6d919]:main():gmm-acc-stats-ali.cc:105) Processed 4700 utterances; for utterance s01ms4skd00-20150803-Korean-s01a133 avg. like is -46.1529 over 211 frames.
LOG (gmm-acc-stats-ali[5.5.52-6d919]:main():gmm-acc-stats-ali.cc:105) Processed 4750 utterances; for utterance s01ms4skd00-20150803-Koreanfactory2SNR10-s01a042 avg. like is -45.4801 over 242 frames.
LOG (gmm-acc-stats-ali[5.5.52-6d919]:main():gmm-acc-stats-ali.cc:105) Processed 4800 utterances; for utterance s01ms4skd00-20150803-Koreanfactory2SNR10-s01a094 avg. like is -49.3974 over 283 frames.
LOG (gmm-acc-stats-ali[5.5.52-6d919]:main():gmm-acc-stats-ali.cc:105) Processed 4850 utterances; for utterance s030fks3jsh00-20150804-Korean-set030003 avg. like is -51.7126 over 758 frames.
LOG (gmm-acc-stats-ali[5.5.52-6d919]:main():gmm-acc-stats-ali.cc:105) Processed 4900 utterances; for utterance s030fks3jsh00-20150804-Korean-set030053 avg. like is -52.4147 over 1258 frames.
LOG (gmm-acc-stats-ali[5.5.52-6d919]:main():gmm-acc-stats-ali.cc:105) Processed 4950 utterances; for utterance s030fks3jsh00-20150804-Korean-set030103 avg. like is -50.0773 over 1068 frames.
LOG (gmm-acc-stats-ali[5.5.52-6d919]:main():gmm-acc-stats-ali.cc:105) Processed 5000 utterances; for utterance s030fks3jsh00-20150804-Koreanleopard2SNR10-set030047 avg. like is -44.7067 over 868 frames.
LOG (gmm-acc-stats-ali[5.5.52-6d919]:main():gmm-acc-stats-ali.cc:105) Processed 5050 utterances; for utterance s030fks3jsh00-20150804-Koreanleopard2SNR10-set030097 avg. like is -43.2264 over 698 frames.
LOG (gmm-acc-stats-ali[5.5.52-6d919]:main():gmm-acc-stats-ali.cc:105) Processed 5100 utterances; for utterance s030m2jkt00-20150804-Korean-set030041 avg. like is -49.4535 over 939 frames.
LOG (gmm-acc-stats-ali[5.5.52-6d919]:main():gmm-acc-stats-ali.cc:105) Processed 5150 utterances; for utterance s030m2jkt00-20150804-Korean-set030091 avg. like is -50.3704 over 653 frames.
LOG (gmm-acc-stats-ali[5.5.52-6d919]:main():gmm-acc-stats-ali.cc:105) Processed 5200 utterances; for utterance s030m2jkt00-20150804-KoreanvolvoSNR10-set030035 avg. like is -48.0693 over 630 frames.
LOG (gmm-acc-stats-ali[5.5.52-6d919]:main():gmm-acc-stats-ali.cc:105) Processed 5250 utterances; for utterance s030m2jkt00-20150804-KoreanvolvoSNR10-set030085 avg. like is -46.7216 over 769 frames.
LOG (gmm-acc-stats-ali[5.5.52-6d919]:main():gmm-acc-stats-ali.cc:105) Processed 5300 utterances; for utterance s030m2jkt00_r-20150804-Korean-set030029 avg. like is -58.0218 over 548 frames.
LOG (gmm-acc-stats-ali[5.5.52-6d919]:main():gmm-acc-stats-ali.cc:105) Processed 5350 utterances; for utterance s030m2jkt00_r-20150804-Korean-set030079 avg. like is -50.7589 over 493 frames.
LOG (gmm-acc-stats-ali[5.5.52-6d919]:main():gmm-acc-stats-ali.cc:105) Processed 5400 utterances; for utterance s030m2jkt00_r-20150804-Koreancar1SNR10-set030023 avg. like is -51.3981 over 720 frames.
LOG (gmm-acc-stats-ali[5.5.52-6d919]:main():gmm-acc-stats-ali.cc:105) Processed 5450 utterances; for utterance s030m2jkt00_r-20150804-Koreancar1SNR10-set030073 avg. like is -49.5867 over 505 frames.
LOG (gmm-acc-stats-ali[5.5.52-6d919]:main():gmm-acc-stats-ali.cc:105) Processed 5500 utterances; for utterance s030mss3kkj00-20150804-Korean-set030017 avg. like is -55.9186 over 1358 frames.
LOG (gmm-acc-stats-ali[5.5.52-6d919]:main():gmm-acc-stats-ali.cc:105) Processed 5550 utterances; for utterance s030mss3kkj00-20150804-Korean-set030067 avg. like is -50.3352 over 648 frames.
LOG (gmm-acc-stats-ali[5.5.52-6d919]:main():gmm-acc-stats-ali.cc:105) Processed 5600 utterances; for utterance s030mss3kkj00-20150804-Koreanbabble1SNR10-set030011 avg. like is -50.7239 over 1068 frames.
LOG (gmm-acc-stats-ali[5.5.52-6d919]:main():gmm-acc-stats-ali.cc:105) Processed 5650 utterances; for utterance s030mss3kkj00-20150804-Koreanbabble1SNR10-set030061 avg. like is -52.2936 over 758 frames.
LOG (gmm-acc-stats-ali[5.5.52-6d919]:main():gmm-acc-stats-ali.cc:105) Processed 5700 utterances; for utterance s031fss3phj00-20150804-Korean-set031005 avg. like is -55.1581 over 1298 frames.
LOG (gmm-acc-stats-ali[5.5.52-6d919]:main():gmm-acc-stats-ali.cc:105) Processed 5750 utterances; for utterance s031fss3phj00-20150804-Korean-set031055 avg. like is -51.0135 over 708 frames.
LOG (gmm-acc-stats-ali[5.5.52-6d919]:main():gmm-acc-stats-ali.cc:105) Processed 5800 utterances; for utterance s031fss3phj00-20150804-Korean-set031105 avg. like is -54.353 over 668 frames.
LOG (gmm-acc-stats-ali[5.5.52-6d919]:main():gmm-acc-stats-ali.cc:105) Processed 5850 utterances; for utterance s031fss3phj00-20150804-KoreanbabbleSNR10-set031050 avg. like is -49.7624 over 548 frames.
LOG (gmm-acc-stats-ali[5.5.52-6d919]:main():gmm-acc-stats-ali.cc:105) Processed 5900 utterances; for utterance s031fss3phj00-20150804-KoreanbabbleSNR10-set031100 avg. like is -50.2271 over 398 frames.
LOG (gmm-acc-stats-ali[5.5.52-6d919]:main():gmm-acc-stats-ali.cc:105) Processed 5950 utterances; for utterance s031m2sjh00-20150804-Korean-set031045 avg. like is -56.7551 over 385 frames.
LOG (gmm-acc-stats-ali[5.5.52-6d919]:main():gmm-acc-stats-ali.cc:105) Processed 6000 utterances; for utterance s031m2sjh00-20150804-Korean-set031095 avg. like is -57.5144 over 299 frames.
LOG (gmm-acc-stats-ali[5.5.52-6d919]:main():gmm-acc-stats-ali.cc:105) Processed 6050 utterances; for utterance s031m2sjh00-20150804-Koreanfactory2SNR10-set031040 avg. like is -46.5035 over 619 frames.
LOG (gmm-acc-stats-ali[5.5.52-6d919]:main():gmm-acc-stats-ali.cc:105) Processed 6100 utterances; for utterance s031m2sjh00-20150804-Koreanfactory2SNR10-set031090 avg. like is -48.5893 over 338 frames.
LOG (gmm-acc-stats-ali[5.5.52-6d919]:main():gmm-acc-stats-ali.cc:105) Processed 6150 utterances; for utterance s031m2sjh00_r-20150804-Korean-set031035 avg. like is -58.2891 over 584 frames.
LOG (gmm-acc-stats-ali[5.5.52-6d919]:main():gmm-acc-stats-ali.cc:105) Processed 6200 utterances; for utterance s031m2sjh00_r-20150804-Korean-set031085 avg. like is -56.4824 over 331 frames.
LOG (gmm-acc-stats-ali[5.5.52-6d919]:main():gmm-acc-stats-ali.cc:105) Processed 6250 utterances; for utterance s031m2sjh00_r-20150804-KoreanwhiteSNR10-set031030 avg. like is -43.4684 over 392 frames.
LOG (gmm-acc-stats-ali[5.5.52-6d919]:main():gmm-acc-stats-ali.cc:105) Processed 6300 utterances; for utterance s031m2sjh00_r-20150804-KoreanwhiteSNR10-set031080 avg. like is -46.783 over 336 frames.
LOG (gmm-acc-stats-ali[5.5.52-6d919]:main():gmm-acc-stats-ali.cc:105) Processed 6350 utterances; for utterance s031mss2ljk00-20150804-Korean-set031025 avg. like is -50.8365 over 658 frames.
LOG (gmm-acc-stats-ali[5.5.52-6d919]:main():gmm-acc-stats-ali.cc:105) Processed 6400 utterances; for utterance s031mss2ljk00-20150804-Korean-set031075 avg. like is -54.1985 over 948 frames.
LOG (gmm-acc-stats-ali[5.5.52-6d919]:main():gmm-acc-stats-ali.cc:105) Processed 6450 utterances; for utterance s031mss2ljk00-20150804-KoreanwhiteSNR10-set031020 avg. like is -44.1344 over 838 frames.
LOG (gmm-acc-stats-ali[5.5.52-6d919]:main():gmm-acc-stats-ali.cc:105) Processed 6500 utterances; for utterance s031mss2ljk00-20150804-KoreanwhiteSNR10-set031070 avg. like is -43.3594 over 478 frames.
LOG (gmm-acc-stats-ali[5.5.52-6d919]:main():gmm-acc-stats-ali.cc:105) Processed 6550 utterances; for utterance s032fss3yhj00-20150804-Korean-set032015 avg. like is -55.7101 over 848 frames.
LOG (gmm-acc-stats-ali[5.5.52-6d919]:main():gmm-acc-stats-ali.cc:105) Processed 6600 utterances; for utterance s032fss3yhj00-20150804-Korean-set032065 avg. like is -54.0176 over 548 frames.
LOG (gmm-acc-stats-ali[5.5.52-6d919]:main():gmm-acc-stats-ali.cc:105) Processed 6650 utterances; for utterance s032fss3yhj00-20150804-KoreanpinkSNR10-set032010 avg. like is -43.3536 over 958 frames.
LOG (gmm-acc-stats-ali[5.5.52-6d919]:main():gmm-acc-stats-ali.cc:105) Processed 6700 utterances; for utterance s032fss3yhj00-20150804-KoreanpinkSNR10-set032060 avg. like is -43.0517 over 658 frames.
LOG (gmm-acc-stats-ali[5.5.52-6d919]:main():gmm-acc-stats-ali.cc:105) Processed 6750 utterances; for utterance s032m2kyc00-20150804-Korean-set032005 avg. like is -58.748 over 1254 frames.
LOG (gmm-acc-stats-ali[5.5.52-6d919]:main():gmm-acc-stats-ali.cc:105) Processed 6800 utterances; for utterance s032m2kyc00-20150804-Korean-set032055 avg. like is -59.7281 over 1003 frames.
LOG (gmm-acc-stats-ali[5.5.52-6d919]:main():gmm-acc-stats-ali.cc:105) Processed 6850 utterances; for utterance s032m2kyc00-20150804-Korean-set032105 avg. like is -59.3132 over 377 frames.
LOG (gmm-acc-stats-ali[5.5.52-6d919]:main():gmm-acc-stats-ali.cc:105) Processed 6900 utterances; for utterance s032m2kyc00-20150804-KoreanwhiteSNR10-set032050 avg. like is -47.237 over 335 frames.
LOG (gmm-acc-stats-ali[5.5.52-6d919]:main():gmm-acc-stats-ali.cc:105) Processed 6950 utterances; for utterance s032m2kyc00-20150804-KoreanwhiteSNR10-set032100 avg. like is -47.3708 over 253 frames.
LOG (gmm-acc-stats-ali[5.5.52-6d919]:main():gmm-acc-stats-ali.cc:105) Processed 7000 utterances; for utterance s032m2kyc00_r-20150804-Korean-set032045 avg. like is -53.3223 over 725 frames.
LOG (gmm-acc-stats-ali[5.5.52-6d919]:main():gmm-acc-stats-ali.cc:105) Processed 7050 utterances; for utterance s032m2kyc00_r-20150804-Korean-set032095 avg. like is -53.2384 over 323 frames.
LOG (gmm-acc-stats-ali[5.5.52-6d919]:main():gmm-acc-stats-ali.cc:105) Processed 7100 utterances; for utterance s032m2kyc00_r-20150804-Koreanleopard1SNR10-set032040 avg. like is -51.346 over 621 frames.
LOG (gmm-acc-stats-ali[5.5.52-6d919]:main():gmm-acc-stats-ali.cc:105) Processed 7150 utterances; for utterance s032m2kyc00_r-20150804-Koreanleopard1SNR10-set032090 avg. like is -49.7544 over 328 frames.
LOG (gmm-acc-stats-ali[5.5.52-6d919]:main():gmm-acc-stats-ali.cc:105) Processed 7200 utterances; for utterance s032mcc3kss01-20150804-Korean-set032035 avg. like is -48.7479 over 608 frames.
LOG (gmm-acc-stats-ali[5.5.52-6d919]:main():gmm-acc-stats-ali.cc:105) Processed 7250 utterances; for utterance s032mcc3kss01-20150804-Korean-set032085 avg. like is -50.0144 over 618 frames.
LOG (gmm-acc-stats-ali[5.5.52-6d919]:main():gmm-acc-stats-ali.cc:105) Processed 7300 utterances; for utterance s033fjr4sdj01-20150804-Korean-set033030 avg. like is -51.5598 over 538 frames.
LOG (gmm-acc-stats-ali[5.5.52-6d919]:main():gmm-acc-stats-ali.cc:105) Processed 7350 utterances; for utterance s033fjr4sdj01-20150804-Korean-set033080 avg. like is -55.089 over 678 frames.
LOG (gmm-acc-stats-ali[5.5.52-6d919]:main():gmm-acc-stats-ali.cc:105) Processed 7400 utterances; for utterance s033fjr4sdj01-20150804-Koreanfactory2SNR10-set033025 avg. like is -43.71 over 568 frames.
LOG (gmm-acc-stats-ali[5.5.52-6d919]:main():gmm-acc-stats-ali.cc:105) Processed 7450 utterances; for utterance s033fjr4sdj01-20150804-Koreanfactory2SNR10-set033075 avg. like is -42.1015 over 488 frames.
LOG (gmm-acc-stats-ali[5.5.52-6d919]:main():gmm-acc-stats-ali.cc:105) Processed 7500 utterances; for utterance s033m2kdh00-20150804-Korean-set033020 avg. like is -53.144 over 420 frames.
LOG (gmm-acc-stats-ali[5.5.52-6d919]:main():gmm-acc-stats-ali.cc:105) Processed 7550 utterances; for utterance s033m2kdh00-20150804-Korean-set033070 avg. like is -55.8686 over 348 frames.
LOG (gmm-acc-stats-ali[5.5.52-6d919]:main():gmm-acc-stats-ali.cc:105) Processed 7600 utterances; for utterance s033m2kdh00-20150804-KoreancarSNR10-set033015 avg. like is -47.7405 over 413 frames.
LOG (gmm-acc-stats-ali[5.5.52-6d919]:main():gmm-acc-stats-ali.cc:105) Processed 7650 utterances; for utterance s033m2kdh00-20150804-KoreancarSNR10-set033065 avg. like is -46.0621 over 327 frames.
LOG (gmm-acc-stats-ali[5.5.52-6d919]:main():gmm-acc-stats-ali.cc:105) Processed 7700 utterances; for utterance s033m2kdh00_r-20150804-Korean-set033010 avg. like is -54.6435 over 710 frames.
LOG (gmm-acc-stats-ali[5.5.52-6d919]:main():gmm-acc-stats-ali.cc:105) Processed 7750 utterances; for utterance s033m2kdh00_r-20150804-Korean-set033060 avg. like is -53.4582 over 319 frames.
LOG (gmm-acc-stats-ali[5.5.52-6d919]:main():gmm-acc-stats-ali.cc:105) Processed 7800 utterances; for utterance s033m2kdh00_r-20150804-KoreancarSNR10-set033005 avg. like is -51.8495 over 1167 frames.
LOG (gmm-acc-stats-ali[5.5.52-6d919]:main():gmm-acc-stats-ali.cc:105) Processed 7850 utterances; for utterance s033m2kdh00_r-20150804-KoreancarSNR10-set033055 avg. like is -49.7881 over 377 frames.
LOG (gmm-acc-stats-ali[5.5.52-6d919]:main():gmm-acc-stats-ali.cc:105) Processed 7900 utterances; for utterance s033m2kdh00_r-20150804-KoreancarSNR10-set033105 avg. like is -51.1943 over 504 frames.
LOG (gmm-acc-stats-ali[5.5.52-6d919]:main():gmm-acc-stats-ali.cc:105) Processed 7950 utterances; for utterance s033mss2kks00-20150804-Korean-set033050 avg. like is -52.1006 over 608 frames.
LOG (gmm-acc-stats-ali[5.5.52-6d919]:main():gmm-acc-stats-ali.cc:105) Processed 8000 utterances; for utterance s033mss2kks00-20150804-Korean-set033100 avg. like is -52.7236 over 838 frames.
LOG (gmm-acc-stats-ali[5.5.52-6d919]:main():gmm-acc-stats-ali.cc:105) Processed 8050 utterances; for utterance s033mss2kks00-20150804-KoreanwhiteSNR10-set033045 avg. like is -43.4171 over 538 frames.
LOG (gmm-acc-stats-ali[5.5.52-6d919]:main():gmm-acc-stats-ali.cc:105) Processed 8100 utterances; for utterance s033mss2kks00-20150804-KoreanwhiteSNR10-set033095 avg. like is -43.5013 over 678 frames.
LOG (gmm-acc-stats-ali[5.5.52-6d919]:main():gmm-acc-stats-ali.cc:105) Processed 8150 utterances; for utterance s034fjr2ksy04-20150804-Korean-set034040 avg. like is -48.9898 over 638 frames.
LOG (gmm-acc-stats-ali[5.5.52-6d919]:main():gmm-acc-stats-ali.cc:105) Processed 8200 utterances; for utterance s034fjr2ksy04-20150804-Korean-set034090 avg. like is -50.1413 over 768 frames.
LOG (gmm-acc-stats-ali[5.5.52-6d919]:main():gmm-acc-stats-ali.cc:105) Processed 8250 utterances; for utterance s034fjr2ksy04-20150804-KoreanleopardSNR10-set034035 avg. like is -49.1086 over 558 frames.
LOG (gmm-acc-stats-ali[5.5.52-6d919]:main():gmm-acc-stats-ali.cc:105) Processed 8300 utterances; for utterance s034fjr2ksy04-20150804-KoreanleopardSNR10-set034085 avg. like is -44.5028 over 458 frames.
LOG (gmm-acc-stats-ali[5.5.52-6d919]:main():gmm-acc-stats-ali.cc:105) Processed 8350 utterances; for utterance s034m2kmj00-20150804-Korean-set034030 avg. like is -51.7278 over 390 frames.
LOG (gmm-acc-stats-ali[5.5.52-6d919]:main():gmm-acc-stats-ali.cc:105) Processed 8400 utterances; for utterance s034m2kmj00-20150804-Korean-set034080 avg. like is -60.5992 over 715 frames.
LOG (gmm-acc-stats-ali[5.5.52-6d919]:main():gmm-acc-stats-ali.cc:105) Processed 8450 utterances; for utterance s034m2kmj00-20150804-KoreandestroyeropsSNR10-set034024 avg. like is -47.8469 over 481 frames.
LOG (gmm-acc-stats-ali[5.5.52-6d919]:main():gmm-acc-stats-ali.cc:105) Processed 8500 utterances; for utterance s034m2kmj00-20150804-KoreandestroyeropsSNR10-set034074 avg. like is -47.8192 over 427 frames.
LOG (gmm-acc-stats-ali[5.5.52-6d919]:main():gmm-acc-stats-ali.cc:105) Processed 8550 utterances; for utterance s034m2kmj00_r-20150804-Korean-set034018 avg. like is -58.0204 over 373 frames.
LOG (gmm-acc-stats-ali[5.5.52-6d919]:main():gmm-acc-stats-ali.cc:105) Processed 8600 utterances; for utterance s034m2kmj00_r-20150804-Korean-set034068 avg. like is -55.1845 over 598 frames.
LOG (gmm-acc-stats-ali[5.5.52-6d919]:main():gmm-acc-stats-ali.cc:105) Processed 8650 utterances; for utterance s034m2kmj00_r-20150804-Koreanfactory2SNR10-set034012 avg. like is -48.4297 over 891 frames.
LOG (gmm-acc-stats-ali[5.5.52-6d919]:main():gmm-acc-stats-ali.cc:105) Processed 8700 utterances; for utterance s034m2kmj00_r-20150804-Koreanfactory2SNR10-set034062 avg. like is -47.4748 over 634 frames.
LOG (gmm-acc-stats-ali[5.5.52-6d919]:main():gmm-acc-stats-ali.cc:105) Processed 8750 utterances; for utterance s034mcc3ksy00-20150804-Korean-set034006 avg. like is -52.5017 over 958 frames.
LOG (gmm-acc-stats-ali[5.5.52-6d919]:main():gmm-acc-stats-ali.cc:105) Processed 8800 utterances; for utterance s034mcc3ksy00-20150804-Korean-set034056 avg. like is -49.9982 over 498 frames.
LOG (gmm-acc-stats-ali[5.5.52-6d919]:main():gmm-acc-stats-ali.cc:105) Processed 8850 utterances; for utterance s034mcc3ksy00-20150804-Koreanleopard2SNR10-set034001 avg. like is -50.2092 over 768 frames.
LOG (gmm-acc-stats-ali[5.5.52-6d919]:main():gmm-acc-stats-ali.cc:105) Processed 8900 utterances; for utterance s034mcc3ksy00-20150804-Koreanleopard2SNR10-set034051 avg. like is -44.0153 over 448 frames.
LOG (gmm-acc-stats-ali[5.5.52-6d919]:main():gmm-acc-stats-ali.cc:105) Processed 8950 utterances; for utterance s034mcc3ksy00-20150804-Koreanleopard2SNR10-set034101 avg. like is -45.5079 over 538 frames.
LOG (gmm-acc-stats-ali[5.5.52-6d919]:main():gmm-acc-stats-ali.cc:105) Processed 9000 utterances; for utterance s035fss2cmh01-20150804-Korean-set035046 avg. like is -50.1952 over 498 frames.
LOG (gmm-acc-stats-ali[5.5.52-6d919]:main():gmm-acc-stats-ali.cc:105) Processed 9050 utterances; for utterance s035fss2cmh01-20150804-Korean-set035096 avg. like is -48.4963 over 538 frames.
LOG (gmm-acc-stats-ali[5.5.52-6d919]:main():gmm-acc-stats-ali.cc:105) Processed 9100 utterances; for utterance s035fss2cmh01-20150804-Koreanleopard2SNR10-set035041 avg. like is -45.7302 over 848 frames.
LOG (gmm-acc-stats-ali[5.5.52-6d919]:main():gmm-acc-stats-ali.cc:105) Processed 9150 utterances; for utterance s035fss2cmh01-20150804-Koreanleopard2SNR10-set035091 avg. like is -46.9104 over 878 frames.
LOG (gmm-acc-stats-ali[5.5.52-6d919]:main():gmm-acc-stats-ali.cc:105) Processed 9200 utterances; for utterance s035m2psh00-20150804-Korean-set035036 avg. like is -57.7482 over 379 frames.
LOG (gmm-acc-stats-ali[5.5.52-6d919]:main():gmm-acc-stats-ali.cc:105) Processed 9250 utterances; for utterance s035m2psh00-20150804-Korean-set035086 avg. like is -54.7454 over 367 frames.
LOG (gmm-acc-stats-ali[5.5.52-6d919]:main():gmm-acc-stats-ali.cc:105) Processed 9300 utterances; for utterance s035m2psh00-20150804-KoreanbabbleSNR10-set035030 avg. like is -50.5341 over 523 frames.
LOG (gmm-acc-stats-ali[5.5.52-6d919]:main():gmm-acc-stats-ali.cc:105) Processed 9350 utterances; for utterance s035m2psh00-20150804-KoreanbabbleSNR10-set035080 avg. like is -49.32 over 781 frames.
LOG (gmm-acc-stats-ali[5.5.52-6d919]:main():gmm-acc-stats-ali.cc:105) Processed 9400 utterances; for utterance s035m2psh00_r-20150804-Korean-set035024 avg. like is -56.5935 over 365 frames.
LOG (gmm-acc-stats-ali[5.5.52-6d919]:main():gmm-acc-stats-ali.cc:105) Processed 9450 utterances; for utterance s035m2psh00_r-20150804-Korean-set035074 avg. like is -52.9398 over 300 frames.
LOG (gmm-acc-stats-ali[5.5.52-6d919]:main():gmm-acc-stats-ali.cc:105) Processed 9500 utterances; for utterance s035m2psh00_r-20150804-KoreanwhiteSNR10-set035018 avg. like is -45.671 over 283 frames.
LOG (gmm-acc-stats-ali[5.5.52-6d919]:main():gmm-acc-stats-ali.cc:105) Processed 9550 utterances; for utterance s035m2psh00_r-20150804-KoreanwhiteSNR10-set035068 avg. like is -46.3909 over 479 frames.
LOG (gmm-acc-stats-ali[5.5.52-6d919]:main():gmm-acc-stats-ali.cc:105) Processed 9600 utterances; for utterance s035mss5pks00-20150804-Korean-set035012 avg. like is -54.543 over 1118 frames.
LOG (gmm-acc-stats-ali[5.5.52-6d919]:main():gmm-acc-stats-ali.cc:105) Processed 9650 utterances; for utterance s035mss5pks00-20150804-Korean-set035062 avg. like is -49.95 over 518 frames.
LOG (gmm-acc-stats-ali[5.5.52-6d919]:main():gmm-acc-stats-ali.cc:105) Processed 9700 utterances; for utterance s035mss5pks00-20150804-Koreanleopard2SNR10-set035007 avg. like is -47.6139 over 1208 frames.
LOG (gmm-acc-stats-ali[5.5.52-6d919]:main():gmm-acc-stats-ali.cc:105) Processed 9750 utterances; for utterance s035mss5pks00-20150804-Koreanleopard2SNR10-set035057 avg. like is -43.7677 over 1028 frames.
LOG (gmm-acc-stats-ali[5.5.52-6d919]:main():gmm-acc-stats-ali.cc:105) Processed 9800 utterances; for utterance s036fcc3kyj00-20150804-Korean-set036002 avg. like is -50.6551 over 758 frames.
LOG (gmm-acc-stats-ali[5.5.52-6d919]:main():gmm-acc-stats-ali.cc:105) Processed 9850 utterances; for utterance s036fcc3kyj00-20150804-Korean-set036052 avg. like is -46.6794 over 688 frames.
LOG (gmm-acc-stats-ali[5.5.52-6d919]:main():gmm-acc-stats-ali.cc:105) Processed 9900 utterances; for utterance s036fcc3kyj00-20150804-Korean-set036102 avg. like is -49.9881 over 1088 frames.
LOG (gmm-acc-stats-ali[5.5.52-6d919]:main():gmm-acc-stats-ali.cc:105) Processed 9950 utterances; for utterance s036fcc3kyj00-20150804-KoreanvolvoSNR10-set036047 avg. like is -46.6756 over 958 frames.
LOG (gmm-acc-stats-ali[5.5.52-6d919]:main():gmm-acc-stats-ali.cc:105) Processed 10000 utterances; for utterance s036fcc3kyj00-20150804-KoreanvolvoSNR10-set036097 avg. like is -45.4059 over 748 frames.
LOG (gmm-acc-stats-ali[5.5.52-6d919]:main():gmm-acc-stats-ali.cc:105) Processed 10050 utterances; for utterance s036m2lkw00-20150804-Korean-set036042 avg. like is -54.6332 over 288 frames.
LOG (gmm-acc-stats-ali[5.5.52-6d919]:main():gmm-acc-stats-ali.cc:105) Processed 10100 utterances; for utterance s036m2lkw00-20150804-Korean-set036092 avg. like is -55.7789 over 381 frames.
LOG (gmm-acc-stats-ali[5.5.52-6d919]:main():gmm-acc-stats-ali.cc:105) Processed 10150 utterances; for utterance s036m2lkw00-20150804-KoreanpinkSNR10-set036037 avg. like is -44.6428 over 521 frames.
LOG (gmm-acc-stats-ali[5.5.52-6d919]:main():gmm-acc-stats-ali.cc:105) Processed 10200 utterances; for utterance s036m2lkw00-20150804-KoreanpinkSNR10-set036087 avg. like is -43.8272 over 363 frames.
LOG (gmm-acc-stats-ali[5.5.52-6d919]:main():gmm-acc-stats-ali.cc:105) Processed 10250 utterances; for utterance s036m2lkw00_r-20150804-Korean-set036032 avg. like is -51.7199 over 334 frames.
LOG (gmm-acc-stats-ali[5.5.52-6d919]:main():gmm-acc-stats-ali.cc:105) Processed 10300 utterances; for utterance s036m2lkw00_r-20150804-Korean-set036082 avg. like is -53.5894 over 504 frames.
LOG (gmm-acc-stats-ali[5.5.52-6d919]:main():gmm-acc-stats-ali.cc:105) Processed 10350 utterances; for utterance s036m2lkw00_r-20150804-Koreancar1SNR10-set036027 avg. like is -46.8256 over 379 frames.
LOG (gmm-acc-stats-ali[5.5.52-6d919]:main():gmm-acc-stats-ali.cc:105) Processed 10400 utterances; for utterance s036m2lkw00_r-20150804-Koreancar1SNR10-set036077 avg. like is -47.501 over 424 frames.
LOG (gmm-acc-stats-ali[5.5.52-6d919]:main():gmm-acc-stats-ali.cc:105) Processed 10450 utterances; for utterance s036mcc2mhg00-20150804-Korean-set036022 avg. like is -50.3015 over 608 frames.
LOG (gmm-acc-stats-ali[5.5.52-6d919]:main():gmm-acc-stats-ali.cc:105) Processed 10500 utterances; for utterance s036mcc2mhg00-20150804-Korean-set036072 avg. like is -51.239 over 778 frames.
LOG (gmm-acc-stats-ali[5.5.52-6d919]:main():gmm-acc-stats-ali.cc:105) Processed 10550 utterances; for utterance s036mcc2mhg00-20150804-KoreanwhiteSNR10-set036017 avg. like is -44.2729 over 678 frames.
LOG (gmm-acc-stats-ali[5.5.52-6d919]:main():gmm-acc-stats-ali.cc:105) Processed 10600 utterances; for utterance s036mcc2mhg00-20150804-KoreanwhiteSNR10-set036067 avg. like is -44.2541 over 878 frames.
LOG (gmm-acc-stats-ali[5.5.52-6d919]:main():gmm-acc-stats-ali.cc:105) Processed 10650 utterances; for utterance s037fjr2ybl00-20150804-Korean-set037012 avg. like is -50.4226 over 798 frames.
LOG (gmm-acc-stats-ali[5.5.52-6d919]:main():gmm-acc-stats-ali.cc:105) Processed 10700 utterances; for utterance s037fjr2ybl00-20150804-Korean-set037062 avg. like is -52.6257 over 778 frames.
LOG (gmm-acc-stats-ali[5.5.52-6d919]:main():gmm-acc-stats-ali.cc:105) Processed 10750 utterances; for utterance s037fjr2ybl00-20150804-KoreanvolvoSNR10-set037007 avg. like is -46.5371 over 778 frames.
LOG (gmm-acc-stats-ali[5.5.52-6d919]:main():gmm-acc-stats-ali.cc:105) Processed 10800 utterances; for utterance s037fjr2ybl00-20150804-KoreanvolvoSNR10-set037057 avg. like is -43.7603 over 588 frames.
LOG (gmm-acc-stats-ali[5.5.52-6d919]:main():gmm-acc-stats-ali.cc:105) Processed 10850 utterances; for utterance s037m2nhc00_r-20150804-Korean-set037002 avg. like is -54.3255 over 513 frames.
LOG (gmm-acc-stats-ali[5.5.52-6d919]:main():gmm-acc-stats-ali.cc:105) Processed 10900 utterances; for utterance s037m2nhc00_r-20150804-Korean-set037052 avg. like is -53.562 over 317 frames.
LOG (gmm-acc-stats-ali[5.5.52-6d919]:main():gmm-acc-stats-ali.cc:105) Processed 10950 utterances; for utterance s037m2nhc00_r-20150804-Korean-set037102 avg. like is -54.3133 over 324 frames.
LOG (gmm-acc-stats-ali[5.5.52-6d919]:main():gmm-acc-stats-ali.cc:105) Processed 11000 utterances; for utterance s037m2nhc00_r-20150804-KoreancarSNR10-set037047 avg. like is -50.4668 over 255 frames.
LOG (gmm-acc-stats-ali[5.5.52-6d919]:main():gmm-acc-stats-ali.cc:105) Processed 11050 utterances; for utterance s037m2nhc00_r-20150804-KoreancarSNR10-set037097 avg. like is -50.1678 over 270 frames.
LOG (gmm-acc-stats-ali[5.5.52-6d919]:main():gmm-acc-stats-ali.cc:105) Processed 11100 utterances; for utterance s037mss5kjw00-20150804-Korean-set037042 avg. like is -51.4958 over 828 frames.
LOG (gmm-acc-stats-ali[5.5.52-6d919]:main():gmm-acc-stats-ali.cc:105) Processed 11150 utterances; for utterance s037mss5kjw00-20150804-Korean-set037092 avg. like is -42.8958 over 588 frames.
LOG (gmm-acc-stats-ali[5.5.52-6d919]:main():gmm-acc-stats-ali.cc:105) Processed 11200 utterances; for utterance s037mss5kjw00-20150804-KoreanleopardSNR10-set037037 avg. like is -42.1639 over 498 frames.
LOG (gmm-acc-stats-ali[5.5.52-6d919]:main():gmm-acc-stats-ali.cc:105) Processed 11250 utterances; for utterance s037mss5kjw00-20150804-KoreanleopardSNR10-set037087 avg. like is -42.517 over 688 frames.
LOG (gmm-acc-stats-ali[5.5.52-6d919]:main():gmm-acc-stats-ali.cc:105) Processed 11300 utterances; for utterance s038fss3rhk00-20150804-Korean-set038032 avg. like is -47.1119 over 588 frames.
LOG (gmm-acc-stats-ali[5.5.52-6d919]:main():gmm-acc-stats-ali.cc:105) Processed 11350 utterances; for utterance s038fss3rhk00-20150804-Korean-set038082 avg. like is -43.8546 over 488 frames.
LOG (gmm-acc-stats-ali[5.5.52-6d919]:main():gmm-acc-stats-ali.cc:105) Processed 11400 utterances; for utterance s038m2kts00_r-20150804-Korean-set038027 avg. like is -55.0479 over 335 frames.
LOG (gmm-acc-stats-ali[5.5.52-6d919]:main():gmm-acc-stats-ali.cc:105) Processed 11450 utterances; for utterance s038m2kts00_r-20150804-Korean-set038077 avg. like is -58.0843 over 523 frames.
LOG (gmm-acc-stats-ali[5.5.52-6d919]:main():gmm-acc-stats-ali.cc:105) Processed 11500 utterances; for utterance s038m2kts00_r-20150804-KoreanpinkSNR10-set038022 avg. like is -46.5275 over 641 frames.
LOG (gmm-acc-stats-ali[5.5.52-6d919]:main():gmm-acc-stats-ali.cc:105) Processed 11550 utterances; for utterance s038m2kts00_r-20150804-KoreanpinkSNR10-set038072 avg. like is -46.1017 over 294 frames.
LOG (gmm-acc-stats-ali[5.5.52-6d919]:main():gmm-acc-stats-ali.cc:105) Processed 11600 utterances; for utterance s038mjr5ccs00-20150804-Korean-set038017 avg. like is -46.759 over 798 frames.
LOG (gmm-acc-stats-ali[5.5.52-6d919]:main():gmm-acc-stats-ali.cc:105) Processed 11650 utterances; for utterance s038mjr5ccs00-20150804-Korean-set038067 avg. like is -46.2969 over 778 frames.
LOG (gmm-acc-stats-ali[5.5.52-6d919]:main():gmm-acc-stats-ali.cc:105) Processed 11700 utterances; for utterance s038mjr5ccs00-20150804-KoreanvolvoSNR10-set038012 avg. like is -48.1865 over 1188 frames.
LOG (gmm-acc-stats-ali[5.5.52-6d919]:main():gmm-acc-stats-ali.cc:105) Processed 11750 utterances; for utterance s038mjr5ccs00-20150804-KoreanvolvoSNR10-set038062 avg. like is -44.2797 over 698 frames.
LOG (gmm-acc-stats-ali[5.5.52-6d919]:main():gmm-acc-stats-ali.cc:105) Processed 11800 utterances; for utterance s039fjr3kjh03-20150804-Korean-set039007 avg. like is -58.6737 over 938 frames.
LOG (gmm-acc-stats-ali[5.5.52-6d919]:main():gmm-acc-stats-ali.cc:105) Processed 11850 utterances; for utterance s039fjr3kjh03-20150804-Korean-set039057 avg. like is -53.2855 over 758 frames.
LOG (gmm-acc-stats-ali[5.5.52-6d919]:main():gmm-acc-stats-ali.cc:105) Processed 11900 utterances; for utterance s039fjr3kjh03-20150804-KoreandestroyeropsSNR10-set039002 avg. like is -49.1752 over 898 frames.
LOG (gmm-acc-stats-ali[5.5.52-6d919]:main():gmm-acc-stats-ali.cc:105) Processed 11950 utterances; for utterance s039fjr3kjh03-20150804-KoreandestroyeropsSNR10-set039052 avg. like is -48.2869 over 1558 frames.
LOG (gmm-acc-stats-ali[5.5.52-6d919]:main():gmm-acc-stats-ali.cc:105) Processed 12000 utterances; for utterance s039fjr3kjh03-20150804-KoreandestroyeropsSNR10-set039102 avg. like is -47.1675 over 558 frames.
LOG (gmm-acc-stats-ali[5.5.52-6d919]:main():gmm-acc-stats-ali.cc:105) Processed 12050 utterances; for utterance s039m2kyk00-20150804-Korean-set039047 avg. like is -57.4745 over 411 frames.
LOG (gmm-acc-stats-ali[5.5.52-6d919]:main():gmm-acc-stats-ali.cc:105) Processed 12100 utterances; for utterance s039m2kyk00-20150804-Korean-set039097 avg. like is -57.2972 over 331 frames.
LOG (gmm-acc-stats-ali[5.5.52-6d919]:main():gmm-acc-stats-ali.cc:105) Processed 12150 utterances; for utterance s039m2kyk00-20150804-Koreanbabble2SNR10-set039041 avg. like is -49.2494 over 299 frames.
LOG (gmm-acc-stats-ali[5.5.52-6d919]:main():gmm-acc-stats-ali.cc:105) Processed 12200 utterances; for utterance s039m2kyk00-20150804-Koreanbabble2SNR10-set039091 avg. like is -48.5957 over 595 frames.
LOG (gmm-acc-stats-ali[5.5.52-6d919]:main():gmm-acc-stats-ali.cc:105) Processed 12250 utterances; for utterance s039m2kyk00_r-20150804-Korean-set039035 avg. like is -53.6772 over 515 frames.
LOG (gmm-acc-stats-ali[5.5.52-6d919]:main():gmm-acc-stats-ali.cc:105) Processed 12300 utterances; for utterance s039m2kyk00_r-20150804-Korean-set039085 avg. like is -54.2919 over 329 frames.
LOG (gmm-acc-stats-ali[5.5.52-6d919]:main():gmm-acc-stats-ali.cc:105) Processed 12350 utterances; for utterance s039m2kyk00_r-20150804-KoreanbabbleSNR10-set039029 avg. like is -50.4995 over 345 frames.
LOG (gmm-acc-stats-ali[5.5.52-6d919]:main():gmm-acc-stats-ali.cc:105) Processed 12400 utterances; for utterance s039m2kyk00_r-20150804-KoreanbabbleSNR10-set039079 avg. like is -49.4465 over 286 frames.
LOG (gmm-acc-stats-ali[5.5.52-6d919]:main():gmm-acc-stats-ali.cc:105) Processed 12450 utterances; for utterance s039mss2lsh00-20150804-Korean-set039023 avg. like is -47.0999 over 618 frames.
LOG (gmm-acc-stats-ali[5.5.52-6d919]:main():gmm-acc-stats-ali.cc:105) Processed 12500 utterances; for utterance s039mss2lsh00-20150804-Korean-set039073 avg. like is -46.9837 over 658 frames.
LOG (gmm-acc-stats-ali[5.5.52-6d919]:main():gmm-acc-stats-ali.cc:105) Processed 12550 utterances; for utterance s039mss2lsh00-20150804-Koreanleopard1SNR10-set039018 avg. like is -46.7634 over 638 frames.
LOG (gmm-acc-stats-ali[5.5.52-6d919]:main():gmm-acc-stats-ali.cc:105) Processed 12600 utterances; for utterance s039mss2lsh00-20150804-Koreanleopard1SNR10-set039068 avg. like is -46.2878 over 958 frames.
LOG (gmm-acc-stats-ali[5.5.52-6d919]:main():gmm-acc-stats-ali.cc:105) Processed 12650 utterances; for utterance s03f1jrbeg01-20150804-Korean-cps03013 avg. like is -50.3162 over 148 frames.
LOG (gmm-acc-stats-ali[5.5.52-6d919]:main():gmm-acc-stats-ali.cc:105) Processed 12700 utterances; for utterance s03f1jrbeg01-20150804-Korean-cps03063 avg. like is -53.821 over 144 frames.
LOG (gmm-acc-stats-ali[5.5.52-6d919]:main():gmm-acc-stats-ali.cc:105) Processed 12750 utterances; for utterance s03f1jrbeg01-20150804-Korean-cps03113 avg. like is -48.8923 over 140 frames.
LOG (gmm-acc-stats-ali[5.5.52-6d919]:main():gmm-acc-stats-ali.cc:105) Processed 12800 utterances; for utterance s03f1jrbeg01-20150804-Korean-cps03163 avg. like is -45.4739 over 101 frames.
LOG (gmm-acc-stats-ali[5.5.52-6d919]:main():gmm-acc-stats-ali.cc:105) Processed 12850 utterances; for utterance s03f1jrbeg01-20150804-Korean-cps03213 avg. like is -48.5361 over 174 frames.
LOG (gmm-acc-stats-ali[5.5.52-6d919]:main():gmm-acc-stats-ali.cc:105) Processed 12900 utterances; for utterance s03f1jrbeg01-20150804-Korean-cps03264 avg. like is -46.9901 over 165 frames.
LOG (gmm-acc-stats-ali[5.5.52-6d919]:main():gmm-acc-stats-ali.cc:105) Processed 12950 utterances; for utterance s03f1jrbeg01-20150804-Korean-cps03314 avg. like is -45.9605 over 165 frames.
LOG (gmm-acc-stats-ali[5.5.52-6d919]:main():gmm-acc-stats-ali.cc:105) Processed 13000 utterances; for utterance s03f1jrbeg01-20150804-Korean-cps03364 avg. like is -54.32 over 157 frames.
LOG (apply-cmvn[5.5.52-6d919]:main():apply-cmvn.cc:162) Applied cepstral mean normalization to 13054 utterances, errors on 0
LOG (gmm-acc-stats-ali[5.5.52-6d919]:main():gmm-acc-stats-ali.cc:105) Processed 13050 utterances; for utterance s03f1jrbeg01-20150804-Korean-cps03414 avg. like is -48.8002 over 177 frames.
LOG (transform-feats[5.5.52-6d919]:main():transform-feats.cc:158) Overall average [pseudo-]logdet is -92.5347 over 5.98862e+06 frames.
LOG (transform-feats[5.5.52-6d919]:main():transform-feats.cc:161) Applied transform to 13054 utterances; 0 had errors.
LOG (transform-feats[5.5.52-6d919]:main():transform-feats.cc:158) Overall average logdet is 2.7803 over 5.98862e+06 frames.
LOG (transform-feats[5.5.52-6d919]:main():transform-feats.cc:161) Applied transform to 13054 utterances; 0 had errors.
LOG (gmm-acc-stats-ali[5.5.52-6d919]:main():gmm-acc-stats-ali.cc:112) Done 13054 files, 0 with errors.
LOG (gmm-acc-stats-ali[5.5.52-6d919]:main():gmm-acc-stats-ali.cc:115) Overall avg like per frame (Gaussian only) = -49.9155 over 5988624 frames.
LOG (gmm-acc-stats-ali[5.5.52-6d919]:main():gmm-acc-stats-ali.cc:123) Written accs.
# Accounting: time=16 threads=1
# Ended (code 0) at Tue May  7 16:02:40 KST 2019, elapsed time 16 seconds
