# ali-to-post "ark:gunzip -c exp/tri3b/ali.8.gz|" ark:- | weight-silence-post 0.0 1:2:3:4:5 exp/tri3b/12.mdl ark:- ark:- | gmm-est-fmllr --fmllr-update-type=full --spk2utt=ark:data/train/split8/8/spk2utt exp/tri3b/12.mdl "ark,s,cs:apply-cmvn  --utt2spk=ark:data/train/split8/8/utt2spk scp:data/train/split8/8/cmvn.scp scp:data/train/split8/8/feats.scp ark:- | splice-feats  ark:- ark:- | transform-feats exp/tri2b_ali/final.mat ark:- ark:- | transform-feats --utt2spk=ark:data/train/split8/8/utt2spk ark:exp/tri3b/trans.8 ark:- ark:- |" ark:- ark:exp/tri3b/tmp_trans.8 
# Started at Tue May  7 16:11:38 KST 2019
#
ali-to-post 'ark:gunzip -c exp/tri3b/ali.8.gz|' ark:- 
gmm-est-fmllr --fmllr-update-type=full --spk2utt=ark:data/train/split8/8/spk2utt exp/tri3b/12.mdl 'ark,s,cs:apply-cmvn  --utt2spk=ark:data/train/split8/8/utt2spk scp:data/train/split8/8/cmvn.scp scp:data/train/split8/8/feats.scp ark:- | splice-feats  ark:- ark:- | transform-feats exp/tri2b_ali/final.mat ark:- ark:- | transform-feats --utt2spk=ark:data/train/split8/8/utt2spk ark:exp/tri3b/trans.8 ark:- ark:- |' ark:- ark:exp/tri3b/tmp_trans.8 
weight-silence-post 0.0 1:2:3:4:5 exp/tri3b/12.mdl ark:- ark:- 
transform-feats exp/tri2b_ali/final.mat ark:- ark:- 
splice-feats ark:- ark:- 
apply-cmvn --utt2spk=ark:data/train/split8/8/utt2spk scp:data/train/split8/8/cmvn.scp scp:data/train/split8/8/feats.scp ark:- 
transform-feats --utt2spk=ark:data/train/split8/8/utt2spk ark:exp/tri3b/trans.8 ark:- ark:- 
LOG (gmm-est-fmllr[5.5.52-6d919]:ComputeFmllrMatrixDiagGmmFull():fmllr-diag-gmm.cc:262) fMLLR objf improvement is 0.0714537 per frame over 61825 frames.
LOG (gmm-est-fmllr[5.5.52-6d919]:main():gmm-est-fmllr.cc:143) For speaker s03m2ssjes02, auxf-impr from fMLLR is 0.0714537, over 61825 frames.
LOG (gmm-est-fmllr[5.5.52-6d919]:ComputeFmllrMatrixDiagGmmFull():fmllr-diag-gmm.cc:262) fMLLR objf improvement is 0.0652074 per frame over 56390 frames.
LOG (gmm-est-fmllr[5.5.52-6d919]:main():gmm-est-fmllr.cc:143) For speaker s03m2ssjhs02, auxf-impr from fMLLR is 0.0652074, over 56390 frames.
LOG (gmm-est-fmllr[5.5.52-6d919]:ComputeFmllrMatrixDiagGmmFull():fmllr-diag-gmm.cc:262) fMLLR objf improvement is 0.0726289 per frame over 54620 frames.
LOG (gmm-est-fmllr[5.5.52-6d919]:main():gmm-est-fmllr.cc:143) For speaker s03m2sssth01, auxf-impr from fMLLR is 0.0726289, over 54620 frames.
LOG (gmm-est-fmllr[5.5.52-6d919]:ComputeFmllrMatrixDiagGmmFull():fmllr-diag-gmm.cc:262) fMLLR objf improvement is 0.066212 per frame over 63512 frames.
LOG (gmm-est-fmllr[5.5.52-6d919]:main():gmm-est-fmllr.cc:143) For speaker s03m2sstsg01, auxf-impr from fMLLR is 0.066212, over 63512 frames.
LOG (gmm-est-fmllr[5.5.52-6d919]:ComputeFmllrMatrixDiagGmmFull():fmllr-diag-gmm.cc:262) fMLLR objf improvement is 0.0687201 per frame over 59497 frames.
LOG (gmm-est-fmllr[5.5.52-6d919]:main():gmm-est-fmllr.cc:143) For speaker s03m3ccgwb01, auxf-impr from fMLLR is 0.0687201, over 59497 frames.
LOG (gmm-est-fmllr[5.5.52-6d919]:ComputeFmllrMatrixDiagGmmFull():fmllr-diag-gmm.cc:262) fMLLR objf improvement is 0.100189 per frame over 61113 frames.
LOG (gmm-est-fmllr[5.5.52-6d919]:main():gmm-est-fmllr.cc:143) For speaker s03m3jrhsj02, auxf-impr from fMLLR is 0.100189, over 61113 frames.
LOG (gmm-est-fmllr[5.5.52-6d919]:ComputeFmllrMatrixDiagGmmFull():fmllr-diag-gmm.cc:262) fMLLR objf improvement is 0.0730548 per frame over 59857 frames.
LOG (gmm-est-fmllr[5.5.52-6d919]:main():gmm-est-fmllr.cc:143) For speaker s03m3jrsbc01, auxf-impr from fMLLR is 0.0730548, over 59857 frames.
LOG (gmm-est-fmllr[5.5.52-6d919]:ComputeFmllrMatrixDiagGmmFull():fmllr-diag-gmm.cc:262) fMLLR objf improvement is 0.0681527 per frame over 68383 frames.
LOG (gmm-est-fmllr[5.5.52-6d919]:main():gmm-est-fmllr.cc:143) For speaker s03m3ksgbc01, auxf-impr from fMLLR is 0.0681527, over 68383 frames.
LOG (gmm-est-fmllr[5.5.52-6d919]:ComputeFmllrMatrixDiagGmmFull():fmllr-diag-gmm.cc:262) fMLLR objf improvement is 0.0635733 per frame over 64929 frames.
LOG (gmm-est-fmllr[5.5.52-6d919]:main():gmm-est-fmllr.cc:143) For speaker s03m3ksiwd01, auxf-impr from fMLLR is 0.0635733, over 64929 frames.
LOG (gmm-est-fmllr[5.5.52-6d919]:ComputeFmllrMatrixDiagGmmFull():fmllr-diag-gmm.cc:262) fMLLR objf improvement is 0.0791977 per frame over 62152 frames.
LOG (gmm-est-fmllr[5.5.52-6d919]:main():gmm-est-fmllr.cc:143) For speaker s03m3ksjmh02, auxf-impr from fMLLR is 0.0791977, over 62152 frames.
LOG (gmm-est-fmllr[5.5.52-6d919]:ComputeFmllrMatrixDiagGmmFull():fmllr-diag-gmm.cc:262) fMLLR objf improvement is 0.0594768 per frame over 58919 frames.
LOG (gmm-est-fmllr[5.5.52-6d919]:main():gmm-est-fmllr.cc:143) For speaker s03m3ssbcu02, auxf-impr from fMLLR is 0.0594768, over 58919 frames.
LOG (gmm-est-fmllr[5.5.52-6d919]:ComputeFmllrMatrixDiagGmmFull():fmllr-diag-gmm.cc:262) fMLLR objf improvement is 0.148446 per frame over 33415 frames.
LOG (gmm-est-fmllr[5.5.52-6d919]:main():gmm-est-fmllr.cc:143) For speaker s03m3ssgsz01, auxf-impr from fMLLR is 0.148446, over 33415 frames.
LOG (gmm-est-fmllr[5.5.52-6d919]:ComputeFmllrMatrixDiagGmmFull():fmllr-diag-gmm.cc:262) fMLLR objf improvement is 0.0640108 per frame over 61299 frames.
LOG (gmm-est-fmllr[5.5.52-6d919]:main():gmm-est-fmllr.cc:143) For speaker s03m3ssngw01, auxf-impr from fMLLR is 0.0640108, over 61299 frames.
LOG (gmm-est-fmllr[5.5.52-6d919]:ComputeFmllrMatrixDiagGmmFull():fmllr-diag-gmm.cc:262) fMLLR objf improvement is 0.0780455 per frame over 76985 frames.
LOG (gmm-est-fmllr[5.5.52-6d919]:main():gmm-est-fmllr.cc:143) For speaker s03m4ksoyj01, auxf-impr from fMLLR is 0.0780455, over 76985 frames.
LOG (gmm-est-fmllr[5.5.52-6d919]:ComputeFmllrMatrixDiagGmmFull():fmllr-diag-gmm.cc:262) fMLLR objf improvement is 0.0979003 per frame over 58108 frames.
LOG (gmm-est-fmllr[5.5.52-6d919]:main():gmm-est-fmllr.cc:143) For speaker s03m4ssmsj01, auxf-impr from fMLLR is 0.0979003, over 58108 frames.
LOG (gmm-est-fmllr[5.5.52-6d919]:ComputeFmllrMatrixDiagGmmFull():fmllr-diag-gmm.cc:262) fMLLR objf improvement is 0.102827 per frame over 50810 frames.
LOG (gmm-est-fmllr[5.5.52-6d919]:main():gmm-est-fmllr.cc:143) For speaker s03mg3ybh00, auxf-impr from fMLLR is 0.102827, over 50810 frames.
LOG (gmm-est-fmllr[5.5.52-6d919]:ComputeFmllrMatrixDiagGmmFull():fmllr-diag-gmm.cc:262) fMLLR objf improvement is 0.0866184 per frame over 48560 frames.
LOG (gmm-est-fmllr[5.5.52-6d919]:main():gmm-est-fmllr.cc:143) For speaker s03mj3hsh00, auxf-impr from fMLLR is 0.0866184, over 48560 frames.
LOG (gmm-est-fmllr[5.5.52-6d919]:ComputeFmllrMatrixDiagGmmFull():fmllr-diag-gmm.cc:262) fMLLR objf improvement is 0.13661 per frame over 49470 frames.
LOG (gmm-est-fmllr[5.5.52-6d919]:main():gmm-est-fmllr.cc:143) For speaker s03mj4kyc01, auxf-impr from fMLLR is 0.13661, over 49470 frames.
LOG (gmm-est-fmllr[5.5.52-6d919]:ComputeFmllrMatrixDiagGmmFull():fmllr-diag-gmm.cc:262) fMLLR objf improvement is 0.145536 per frame over 42648 frames.
LOG (gmm-est-fmllr[5.5.52-6d919]:main():gmm-est-fmllr.cc:143) For speaker s03ms2mkk00, auxf-impr from fMLLR is 0.145536, over 42648 frames.
LOG (gmm-est-fmllr[5.5.52-6d919]:ComputeFmllrMatrixDiagGmmFull():fmllr-diag-gmm.cc:262) fMLLR objf improvement is 0.0843242 per frame over 42246 frames.
LOG (gmm-est-fmllr[5.5.52-6d919]:main():gmm-est-fmllr.cc:143) For speaker s03ms3psm00, auxf-impr from fMLLR is 0.0843242, over 42246 frames.
LOG (gmm-est-fmllr[5.5.52-6d919]:ComputeFmllrMatrixDiagGmmFull():fmllr-diag-gmm.cc:262) fMLLR objf improvement is 0.0701391 per frame over 44250 frames.
LOG (gmm-est-fmllr[5.5.52-6d919]:main():gmm-est-fmllr.cc:143) For speaker s03ms4ksj01, auxf-impr from fMLLR is 0.0701391, over 44250 frames.
LOG (gmm-est-fmllr[5.5.52-6d919]:ComputeFmllrMatrixDiagGmmFull():fmllr-diag-gmm.cc:262) fMLLR objf improvement is 0.076583 per frame over 47077 frames.
LOG (gmm-est-fmllr[5.5.52-6d919]:main():gmm-est-fmllr.cc:143) For speaker s03ms4yso00, auxf-impr from fMLLR is 0.076583, over 47077 frames.
LOG (ali-to-post[5.5.52-6d919]:main():ali-to-post.cc:73) Converted 13993 alignments.
LOG (weight-silence-post[5.5.52-6d919]:main():weight-silence-post.cc:95) Done 13993 posteriors.
LOG (apply-cmvn[5.5.52-6d919]:main():apply-cmvn.cc:162) Applied cepstral mean normalization to 13993 utterances, errors on 0
LOG (transform-feats[5.5.52-6d919]:main():transform-feats.cc:158) Overall average [pseudo-]logdet is -92.5347 over 2.42851e+06 frames.
LOG (transform-feats[5.5.52-6d919]:main():transform-feats.cc:161) Applied transform to 13993 utterances; 0 had errors.
LOG (transform-feats[5.5.52-6d919]:main():transform-feats.cc:158) Overall average logdet is 3.21261 over 2.42851e+06 frames.
LOG (transform-feats[5.5.52-6d919]:main():transform-feats.cc:161) Applied transform to 13993 utterances; 0 had errors.
LOG (gmm-est-fmllr[5.5.52-6d919]:ComputeFmllrMatrixDiagGmmFull():fmllr-diag-gmm.cc:262) fMLLR objf improvement is 0.0792477 per frame over 83461 frames.
LOG (gmm-est-fmllr[5.5.52-6d919]:main():gmm-est-fmllr.cc:143) For speaker s200mjr3smh00, auxf-impr from fMLLR is 0.0792477, over 83461 frames.
LOG (gmm-est-fmllr[5.5.52-6d919]:main():gmm-est-fmllr.cc:188) Done 13993 files, 0 with no posts, 0 with other errors.
LOG (gmm-est-fmllr[5.5.52-6d919]:main():gmm-est-fmllr.cc:190) Overall fMLLR auxf impr per frame is 0.082418 over 1.30953e+06 frames.
# Accounting: time=53 threads=1
# Ended (code 0) at Tue May  7 16:12:31 KST 2019, elapsed time 53 seconds
