# gmm-est --power=0.2 --write-occs=exp/tri3b/31.occs --mix-up=11000 exp/tri3b/30.mdl "gmm-sum-accs - exp/tri3b/30.*.acc |" exp/tri3b/31.mdl 
# Started at Tue May  7 16:25:08 KST 2019
#
gmm-est --power=0.2 --write-occs=exp/tri3b/31.occs --mix-up=11000 exp/tri3b/30.mdl 'gmm-sum-accs - exp/tri3b/30.*.acc |' exp/tri3b/31.mdl 
gmm-sum-accs - exp/tri3b/30.1.acc exp/tri3b/30.2.acc exp/tri3b/30.3.acc exp/tri3b/30.4.acc exp/tri3b/30.5.acc exp/tri3b/30.6.acc exp/tri3b/30.7.acc exp/tri3b/30.8.acc 
LOG (gmm-sum-accs[5.5.52-6d919]:main():gmm-sum-accs.cc:63) Summed 8 stats, total count 2.79378e+07, avg like/frame -45.327
LOG (gmm-sum-accs[5.5.52-6d919]:main():gmm-sum-accs.cc:66) Total count of stats is 2.79378e+07
LOG (gmm-sum-accs[5.5.52-6d919]:main():gmm-sum-accs.cc:67) Written stats to -
LOG (gmm-est[5.5.52-6d919]:MleUpdate():transition-model.cc:517) TransitionModel::Update, objf change is 9.46752e-05 per frame over 2.79377e+07 frames. 
LOG (gmm-est[5.5.52-6d919]:MleUpdate():transition-model.cc:520) 109 probabilities floored, 3149 out of 5945 transition-states skipped due to insuffient data (it is normal to have some skipped.)
LOG (gmm-est[5.5.52-6d919]:main():gmm-est.cc:102) Transition model update: Overall 9.46752e-05 log-like improvement per frame over 2.79377e+07 frames.
WARNING (gmm-est[5.5.52-6d919]:MleDiagGmmUpdate():mle-diag-gmm.cc:359) Too little data - removing Gaussian (weight 0.000895, occupation count 1.320732, vector size 40)
LOG (gmm-est[5.5.52-6d919]:MleAmDiagGmmUpdate():mle-am-diag-gmm.cc:225) 0 variance elements floored in 0 Gaussians, out of 10999
LOG (gmm-est[5.5.52-6d919]:MleAmDiagGmmUpdate():mle-am-diag-gmm.cc:229) Removed 1 Gaussians due to counts < --min-gaussian-occupancy=10 and --remove-low-count-gaussians=true
LOG (gmm-est[5.5.52-6d919]:main():gmm-est.cc:113) GMM update: Overall 0.03412 objective function improvement per frame over 2.79378e+07 frames
LOG (gmm-est[5.5.52-6d919]:main():gmm-est.cc:116) GMM update: Overall avg like per frame = -45.327 over 2.79378e+07 frames.
LOG (gmm-est[5.5.52-6d919]:SplitByCount():am-diag-gmm.cc:116) Split 1552 states with target = 11000, power = 0.2, perturb_factor = 0.01 and min_count = 20, split #Gauss from 10999 to 11019
LOG (gmm-est[5.5.52-6d919]:main():gmm-est.cc:146) Written model to exp/tri3b/31.mdl
# Accounting: time=0 threads=1
# Ended (code 0) at Tue May  7 16:25:08 KST 2019, elapsed time 0 seconds
