# gunzip -c exp/tri3b/decode.si/lat.8.gz | lattice-to-post --acoustic-scale=0.083333 ark:- ark:- | weight-silence-post 0.01 1:2:3:4:5 exp/tri3b/final.alimdl ark:- ark:- | gmm-post-to-gpost exp/tri3b/final.alimdl "ark,s,cs:apply-cmvn  --utt2spk=ark:data/test/split8/8/utt2spk scp:data/test/split8/8/cmvn.scp scp:data/test/split8/8/feats.scp ark:- | splice-feats  ark:- ark:- | transform-feats exp/tri3b/final.mat ark:- ark:- |" ark:- ark:- | gmm-est-fmllr-gpost --fmllr-update-type=full --spk2utt=ark:data/test/split8/8/spk2utt exp/tri3b/final.mdl "ark,s,cs:apply-cmvn  --utt2spk=ark:data/test/split8/8/utt2spk scp:data/test/split8/8/cmvn.scp scp:data/test/split8/8/feats.scp ark:- | splice-feats  ark:- ark:- | transform-feats exp/tri3b/final.mat ark:- ark:- |" ark,s,cs:- ark:exp/tri3b/decode/pre_trans.8 
# Started at Tue May  7 16:32:58 KST 2019
#
lattice-to-post --acoustic-scale=0.083333 ark:- ark:- 
weight-silence-post 0.01 1:2:3:4:5 exp/tri3b/final.alimdl ark:- ark:- 
gmm-est-fmllr-gpost --fmllr-update-type=full --spk2utt=ark:data/test/split8/8/spk2utt exp/tri3b/final.mdl 'ark,s,cs:apply-cmvn  --utt2spk=ark:data/test/split8/8/utt2spk scp:data/test/split8/8/cmvn.scp scp:data/test/split8/8/feats.scp ark:- | splice-feats  ark:- ark:- | transform-feats exp/tri3b/final.mat ark:- ark:- |' ark,s,cs:- ark:exp/tri3b/decode/pre_trans.8 
gmm-post-to-gpost exp/tri3b/final.alimdl 'ark,s,cs:apply-cmvn  --utt2spk=ark:data/test/split8/8/utt2spk scp:data/test/split8/8/cmvn.scp scp:data/test/split8/8/feats.scp ark:- | splice-feats  ark:- ark:- | transform-feats exp/tri3b/final.mat ark:- ark:- |' ark:- ark:- 
transform-feats exp/tri3b/final.mat ark:- ark:- 
apply-cmvn --utt2spk=ark:data/test/split8/8/utt2spk scp:data/test/split8/8/cmvn.scp scp:data/test/split8/8/feats.scp ark:- 
splice-feats ark:- ark:- 
apply-cmvn --utt2spk=ark:data/test/split8/8/utt2spk scp:data/test/split8/8/cmvn.scp scp:data/test/split8/8/feats.scp ark:- 
transform-feats exp/tri3b/final.mat ark:- ark:- 
splice-feats ark:- ark:- 
LOG (gmm-est-fmllr-gpost[5.5.52-6d919]:ComputeFmllrMatrixDiagGmmFull():fmllr-diag-gmm.cc:262) fMLLR objf improvement is 5.63959 per frame over 55614.7 frames.
LOG (gmm-est-fmllr-gpost[5.5.52-6d919]:main():gmm-est-fmllr-gpost.cc:141) For speaker s03m3ssbsh02, auxf-impr from fMLLR is 5.63959, over 55614.7 frames.
LOG (gmm-est-fmllr-gpost[5.5.52-6d919]:ComputeFmllrMatrixDiagGmmFull():fmllr-diag-gmm.cc:262) fMLLR objf improvement is 5.14668 per frame over 41277.9 frames.
LOG (gmm-est-fmllr-gpost[5.5.52-6d919]:main():gmm-est-fmllr-gpost.cc:141) For speaker s03mc3lsh00, auxf-impr from fMLLR is 5.14668, over 41277.9 frames.
LOG (gmm-est-fmllr-gpost[5.5.52-6d919]:ComputeFmllrMatrixDiagGmmFull():fmllr-diag-gmm.cc:262) fMLLR objf improvement is 6.63927 per frame over 48593.5 frames.
LOG (gmm-est-fmllr-gpost[5.5.52-6d919]:main():gmm-est-fmllr-gpost.cc:141) For speaker s03mg2skm00, auxf-impr from fMLLR is 6.63927, over 48593.5 frames.
LOG (lattice-to-post[5.5.52-6d919]:main():lattice-to-post.cc:106) Overall average log-like/frame is -3.95774 over 306754 frames.  Average acoustic like/frame is -3.83456
LOG (lattice-to-post[5.5.52-6d919]:main():lattice-to-post.cc:110) Done 1624 lattices.
LOG (weight-silence-post[5.5.52-6d919]:main():weight-silence-post.cc:95) Done 1624 posteriors.
LOG (apply-cmvn[5.5.52-6d919]:main():apply-cmvn.cc:162) Applied cepstral mean normalization to 1624 utterances, errors on 0
LOG (apply-cmvn[5.5.52-6d919]:main():apply-cmvn.cc:162) Applied cepstral mean normalization to 1624 utterances, errors on 0
LOG (transform-feats[5.5.52-6d919]:main():transform-feats.cc:158) Overall average [pseudo-]logdet is -92.5347 over 306754 frames.
LOG (transform-feats[5.5.52-6d919]:main():transform-feats.cc:161) Applied transform to 1624 utterances; 0 had errors.
LOG (gmm-post-to-gpost[5.5.52-6d919]:main():gmm-post-to-gpost.cc:124) Done 1624 files, 0 with no posteriors, 0 with other errors.
LOG (gmm-post-to-gpost[5.5.52-6d919]:main():gmm-post-to-gpost.cc:128) Overall avg like per frame (Gaussian only) = -50.2253 over 195441 frames.
LOG (gmm-post-to-gpost[5.5.52-6d919]:main():gmm-post-to-gpost.cc:131) Done converting post to gpost
LOG (transform-feats[5.5.52-6d919]:main():transform-feats.cc:158) Overall average [pseudo-]logdet is -92.5347 over 306754 frames.
LOG (transform-feats[5.5.52-6d919]:main():transform-feats.cc:161) Applied transform to 1624 utterances; 0 had errors.
LOG (gmm-est-fmllr-gpost[5.5.52-6d919]:ComputeFmllrMatrixDiagGmmFull():fmllr-diag-gmm.cc:262) fMLLR objf improvement is 5.52272 per frame over 49954.8 frames.
LOG (gmm-est-fmllr-gpost[5.5.52-6d919]:main():gmm-est-fmllr-gpost.cc:141) For speaker s03mg4chr00, auxf-impr from fMLLR is 5.52272, over 49954.8 frames.
LOG (gmm-est-fmllr-gpost[5.5.52-6d919]:main():gmm-est-fmllr-gpost.cc:186) Done 1624 files, 0 with no gposts, 0 with other errors.
LOG (gmm-est-fmllr-gpost[5.5.52-6d919]:main():gmm-est-fmllr-gpost.cc:188) Overall fMLLR auxf impr per frame is 5.75417 over 195441 frames.
# Accounting: time=14 threads=1
# Ended (code 0) at Tue May  7 16:33:12 KST 2019, elapsed time 14 seconds
