# lattice-determinize-pruned --acoustic-scale=0.083333 --beam=4.0 "ark:gunzip -c exp/tri3b/decode/lat.tmp.7.gz|" ark:- | lattice-to-post --acoustic-scale=0.083333 ark:- ark:- | weight-silence-post 0.01 1:2:3:4:5 exp/tri3b/final.mdl ark:- ark:- | gmm-est-fmllr --fmllr-update-type=full --spk2utt=ark:data/test/split8/7/spk2utt exp/tri3b/final.mdl "ark,s,cs:apply-cmvn  --utt2spk=ark:data/test/split8/7/utt2spk scp:data/test/split8/7/cmvn.scp scp:data/test/split8/7/feats.scp ark:- | splice-feats  ark:- ark:- | transform-feats exp/tri3b/final.mat ark:- ark:- | transform-feats --utt2spk=ark:data/test/split8/7/utt2spk ark:exp/tri3b/decode/pre_trans.7 ark:- ark:- |" ark,s,cs:- ark:exp/tri3b/decode/trans_tmp.7 && compose-transforms --b-is-affine=true ark:exp/tri3b/decode/trans_tmp.7 ark:exp/tri3b/decode/pre_trans.7 ark:exp/tri3b/decode/trans.7 
# Started at Tue May  7 16:40:59 KST 2019
#
lattice-to-post --acoustic-scale=0.083333 ark:- ark:- 
weight-silence-post 0.01 1:2:3:4:5 exp/tri3b/final.mdl ark:- ark:- 
gmm-est-fmllr --fmllr-update-type=full --spk2utt=ark:data/test/split8/7/spk2utt exp/tri3b/final.mdl 'ark,s,cs:apply-cmvn  --utt2spk=ark:data/test/split8/7/utt2spk scp:data/test/split8/7/cmvn.scp scp:data/test/split8/7/feats.scp ark:- | splice-feats  ark:- ark:- | transform-feats exp/tri3b/final.mat ark:- ark:- | transform-feats --utt2spk=ark:data/test/split8/7/utt2spk ark:exp/tri3b/decode/pre_trans.7 ark:- ark:- |' ark,s,cs:- ark:exp/tri3b/decode/trans_tmp.7 
lattice-determinize-pruned --acoustic-scale=0.083333 --beam=4.0 'ark:gunzip -c exp/tri3b/decode/lat.tmp.7.gz|' ark:- 
splice-feats ark:- ark:- 
apply-cmvn --utt2spk=ark:data/test/split8/7/utt2spk scp:data/test/split8/7/cmvn.scp scp:data/test/split8/7/feats.scp ark:- 
transform-feats exp/tri3b/final.mat ark:- ark:- 
transform-feats --utt2spk=ark:data/test/split8/7/utt2spk ark:exp/tri3b/decode/pre_trans.7 ark:- ark:- 
LOG (gmm-est-fmllr[5.5.52-6d919]:ComputeFmllrMatrixDiagGmmFull():fmllr-diag-gmm.cc:262) fMLLR objf improvement is 0.0502083 per frame over 69740.7 frames.
LOG (gmm-est-fmllr[5.5.52-6d919]:main():gmm-est-fmllr.cc:143) For speaker s03f2jrbjs02, auxf-impr from fMLLR is 0.0502083, over 69740.7 frames.
LOG (gmm-est-fmllr[5.5.52-6d919]:ComputeFmllrMatrixDiagGmmFull():fmllr-diag-gmm.cc:262) fMLLR objf improvement is 0.0625283 per frame over 52187.3 frames.
LOG (gmm-est-fmllr[5.5.52-6d919]:main():gmm-est-fmllr.cc:143) For speaker s03fg3lmr00, auxf-impr from fMLLR is 0.0625283, over 52187.3 frames.
LOG (gmm-est-fmllr[5.5.52-6d919]:ComputeFmllrMatrixDiagGmmFull():fmllr-diag-gmm.cc:262) fMLLR objf improvement is 0.167292 per frame over 54675.6 frames.
LOG (gmm-est-fmllr[5.5.52-6d919]:main():gmm-est-fmllr.cc:143) For speaker s03fj3jos00, auxf-impr from fMLLR is 0.167292, over 54675.6 frames.
LOG (lattice-determinize-pruned[5.5.52-6d919]:main():lattice-determinize-pruned.cc:159) Average input-lattice depth (measured at at state level) is 6.86667, output depth is 1.15839, over 355136 frames  (average num-frames = 212.148).
LOG (lattice-determinize-pruned[5.5.52-6d919]:main():lattice-determinize-pruned.cc:164) Done 1674 lattices, determinization finished earlier than specified by the beam (or output was empty) on 0 of these.
LOG (lattice-to-post[5.5.52-6d919]:main():lattice-to-post.cc:106) Overall average log-like/frame is -3.93069 over 355136 frames.  Average acoustic like/frame is -3.81715
LOG (lattice-to-post[5.5.52-6d919]:main():lattice-to-post.cc:110) Done 1674 lattices.
LOG (weight-silence-post[5.5.52-6d919]:main():weight-silence-post.cc:95) Done 1674 posteriors.
LOG (apply-cmvn[5.5.52-6d919]:main():apply-cmvn.cc:162) Applied cepstral mean normalization to 1674 utterances, errors on 0
LOG (transform-feats[5.5.52-6d919]:main():transform-feats.cc:158) Overall average [pseudo-]logdet is -92.5347 over 355136 frames.
LOG (transform-feats[5.5.52-6d919]:main():transform-feats.cc:161) Applied transform to 1674 utterances; 0 had errors.
LOG (transform-feats[5.5.52-6d919]:main():transform-feats.cc:158) Overall average logdet is 0.483741 over 355136 frames.
LOG (transform-feats[5.5.52-6d919]:main():transform-feats.cc:161) Applied transform to 1674 utterances; 0 had errors.
LOG (gmm-est-fmllr[5.5.52-6d919]:ComputeFmllrMatrixDiagGmmFull():fmllr-diag-gmm.cc:262) fMLLR objf improvement is 0.0828747 per frame over 48240.4 frames.
LOG (gmm-est-fmllr[5.5.52-6d919]:main():gmm-est-fmllr.cc:143) For speaker s03fs4jyk00, auxf-impr from fMLLR is 0.0828747, over 48240.4 frames.
LOG (gmm-est-fmllr[5.5.52-6d919]:main():gmm-est-fmllr.cc:188) Done 1674 files, 0 with no posts, 0 with other errors.
LOG (gmm-est-fmllr[5.5.52-6d919]:main():gmm-est-fmllr.cc:190) Overall fMLLR auxf impr per frame is 0.0885479 over 224844 frames.
compose-transforms --b-is-affine=true ark:exp/tri3b/decode/trans_tmp.7 ark:exp/tri3b/decode/pre_trans.7 ark:exp/tri3b/decode/trans.7 
# Accounting: time=17 threads=1
# Ended (code 0) at Tue May  7 16:41:16 KST 2019, elapsed time 17 seconds
