# gmm-rescore-lattice exp/tri3b_mmi/1.mdl "ark:gunzip -c exp/tri3b_denlats/lat.1.gz|" "ark,s,cs:apply-cmvn  --utt2spk=ark:data/train/split8/1/utt2spk scp:data/train/split8/1/cmvn.scp scp:data/train/split8/1/feats.scp ark:- | splice-feats  ark:- ark:- | transform-feats exp/tri3b_ali/final.mat ark:- ark:- | transform-feats --utt2spk=ark:data/train/split8/1/utt2spk ark,s,cs:exp/tri3b_ali/trans.1 ark:- ark:- |" ark:- | lattice-to-post --acoustic-scale=0.1 ark:- ark:- | sum-post --drop-frames=false --merge=true --scale1=-1 ark:- "ark,s,cs:gunzip -c exp/tri3b_ali/ali.1.gz | ali-to-post ark:- ark:- |" ark:- | gmm-acc-stats2 exp/tri3b_mmi/1.mdl "ark,s,cs:apply-cmvn  --utt2spk=ark:data/train/split8/1/utt2spk scp:data/train/split8/1/cmvn.scp scp:data/train/split8/1/feats.scp ark:- | splice-feats  ark:- ark:- | transform-feats exp/tri3b_ali/final.mat ark:- ark:- | transform-feats --utt2spk=ark:data/train/split8/1/utt2spk ark,s,cs:exp/tri3b_ali/trans.1 ark:- ark:- |" ark,s,cs:- exp/tri3b_mmi/num_acc.1.1.acc exp/tri3b_mmi/den_acc.1.1.acc 
# Started at Tue May  7 17:52:40 KST 2019
#
sum-post --drop-frames=false --merge=true --scale1=-1 ark:- 'ark,s,cs:gunzip -c exp/tri3b_ali/ali.1.gz | ali-to-post ark:- ark:- |' ark:- 
gmm-rescore-lattice exp/tri3b_mmi/1.mdl 'ark:gunzip -c exp/tri3b_denlats/lat.1.gz|' 'ark,s,cs:apply-cmvn  --utt2spk=ark:data/train/split8/1/utt2spk scp:data/train/split8/1/cmvn.scp scp:data/train/split8/1/feats.scp ark:- | splice-feats  ark:- ark:- | transform-feats exp/tri3b_ali/final.mat ark:- ark:- | transform-feats --utt2spk=ark:data/train/split8/1/utt2spk ark,s,cs:exp/tri3b_ali/trans.1 ark:- ark:- |' ark:- 
lattice-to-post --acoustic-scale=0.1 ark:- ark:- 
gmm-acc-stats2 exp/tri3b_mmi/1.mdl 'ark,s,cs:apply-cmvn  --utt2spk=ark:data/train/split8/1/utt2spk scp:data/train/split8/1/cmvn.scp scp:data/train/split8/1/feats.scp ark:- | splice-feats  ark:- ark:- | transform-feats exp/tri3b_ali/final.mat ark:- ark:- | transform-feats --utt2spk=ark:data/train/split8/1/utt2spk ark,s,cs:exp/tri3b_ali/trans.1 ark:- ark:- |' ark,s,cs:- exp/tri3b_mmi/num_acc.1.1.acc exp/tri3b_mmi/den_acc.1.1.acc 
splice-feats ark:- ark:- 
transform-feats --utt2spk=ark:data/train/split8/1/utt2spk ark,s,cs:exp/tri3b_ali/trans.1 ark:- ark:- 
transform-feats exp/tri3b_ali/final.mat ark:- ark:- 
apply-cmvn --utt2spk=ark:data/train/split8/1/utt2spk scp:data/train/split8/1/cmvn.scp scp:data/train/split8/1/feats.scp ark:- 
apply-cmvn --utt2spk=ark:data/train/split8/1/utt2spk scp:data/train/split8/1/cmvn.scp scp:data/train/split8/1/feats.scp ark:- 
splice-feats ark:- ark:- 
transform-feats --utt2spk=ark:data/train/split8/1/utt2spk ark,s,cs:exp/tri3b_ali/trans.1 ark:- ark:- 
transform-feats exp/tri3b_ali/final.mat ark:- ark:- 
ali-to-post ark:- ark:- 
WARNING (sum-post[5.5.52-6d919]:main():sum-post.cc:75) Second set of posteriors has nothing for key s013m2ljh00-20150804-Korean-set013077, producing no output.
WARNING (sum-post[5.5.52-6d919]:main():sum-post.cc:75) Second set of posteriors has nothing for key s013m2ljh00_r-20150804-Korean-set013077, producing no output.
LOG (apply-cmvn[5.5.52-6d919]:main():apply-cmvn.cc:162) Applied cepstral mean normalization to 11681 utterances, errors on 0
LOG (ali-to-post[5.5.52-6d919]:main():ali-to-post.cc:73) Converted 11679 alignments.
LOG (transform-feats[5.5.52-6d919]:main():transform-feats.cc:158) Overall average [pseudo-]logdet is -92.5347 over 7.53143e+06 frames.
LOG (transform-feats[5.5.52-6d919]:main():transform-feats.cc:161) Applied transform to 11681 utterances; 0 had errors.
LOG (transform-feats[5.5.52-6d919]:main():transform-feats.cc:158) Overall average logdet is 3.08107 over 7.53143e+06 frames.
LOG (transform-feats[5.5.52-6d919]:main():transform-feats.cc:161) Applied transform to 11681 utterances; 0 had errors.
LOG (apply-cmvn[5.5.52-6d919]:main():apply-cmvn.cc:162) Applied cepstral mean normalization to 11681 utterances, errors on 0
LOG (gmm-rescore-lattice[5.5.52-6d919]:main():gmm-rescore-lattice.cc:103) Done 11681 lattices with errors on 0, #frames is 7531430
LOG (transform-feats[5.5.52-6d919]:main():transform-feats.cc:158) Overall average [pseudo-]logdet is -92.5347 over 7.53143e+06 frames.
LOG (transform-feats[5.5.52-6d919]:main():transform-feats.cc:161) Applied transform to 11681 utterances; 0 had errors.
LOG (lattice-to-post[5.5.52-6d919]:main():lattice-to-post.cc:106) Overall average log-like/frame is -4.71907 over 7.53143e+06 frames.  Average acoustic like/frame is -4.52769
LOG (transform-feats[5.5.52-6d919]:main():transform-feats.cc:158) Overall average logdet is 3.08107 over 7.53143e+06 frames.
LOG (lattice-to-post[5.5.52-6d919]:main():lattice-to-post.cc:110) Done 11681 lattices.
LOG (transform-feats[5.5.52-6d919]:main():transform-feats.cc:161) Applied transform to 11681 utterances; 0 had errors.
LOG (sum-post[5.5.52-6d919]:main():sum-post.cc:97) Processed 7530980 frames; for 178467 frames there was no overlap, i.e. 2.36977% (e.g. numerator path not in denominator lattice)
LOG (sum-post[5.5.52-6d919]:main():sum-post.cc:101) Done adding 11679 posteriors;  2 with errors.
LOG (gmm-acc-stats2[5.5.52-6d919]:main():gmm-acc-stats2.cc:130) Done 11679 files, 2 had errors.
LOG (gmm-acc-stats2[5.5.52-6d919]:main():gmm-acc-stats2.cc:133) Overall weighted acoustic likelihood per frame was -0.0118833 over 7530980 frames; average weight per frame was 9.87715e-10
LOG (gmm-acc-stats2[5.5.52-6d919]:main():gmm-acc-stats2.cc:147) Written accs.
# Accounting: time=52 threads=1
# Ended (code 0) at Tue May  7 17:53:32 KST 2019, elapsed time 52 seconds
